[2024-07-18T00:41:31.509+0000] {local_task_job_runner.py:120} INFO - ::group::Pre task execution logs
[2024-07-18T00:41:31.532+0000] {taskinstance.py:2076} INFO - Dependencies all met for dep_context=non-requeueable deps ti=<TaskInstance: fire_data_dag.geojsonl_task_fire manual__2024-07-18T00:41:01.914732+00:00 [queued]>
[2024-07-18T00:41:31.544+0000] {taskinstance.py:2076} INFO - Dependencies all met for dep_context=requeueable deps ti=<TaskInstance: fire_data_dag.geojsonl_task_fire manual__2024-07-18T00:41:01.914732+00:00 [queued]>
[2024-07-18T00:41:31.545+0000] {taskinstance.py:2306} INFO - Starting attempt 1 of 2
[2024-07-18T00:41:31.563+0000] {taskinstance.py:2330} INFO - Executing <Task(BashOperator): geojsonl_task_fire> on 2024-07-18 00:41:01.914732+00:00
[2024-07-18T00:41:31.576+0000] {standard_task_runner.py:63} INFO - Started process 111 to run task
[2024-07-18T00:41:31.589+0000] {standard_task_runner.py:90} INFO - Running: ['***', 'tasks', 'run', 'fire_data_dag', 'geojsonl_task_fire', 'manual__2024-07-18T00:41:01.914732+00:00', '--job-id', '705', '--raw', '--subdir', 'DAGS_FOLDER/fire_data_dag.py', '--cfg-path', '/tmp/tmp3nf_7_a8']
[2024-07-18T00:41:31.592+0000] {standard_task_runner.py:91} INFO - Job 705: Subtask geojsonl_task_fire
[2024-07-18T00:41:31.688+0000] {task_command.py:426} INFO - Running <TaskInstance: fire_data_dag.geojsonl_task_fire manual__2024-07-18T00:41:01.914732+00:00 [running]> on host c2207fd054a1
[2024-07-18T00:41:31.849+0000] {taskinstance.py:2648} INFO - Exporting env vars: AIRFLOW_CTX_DAG_OWNER='***' AIRFLOW_CTX_DAG_ID='fire_data_dag' AIRFLOW_CTX_TASK_ID='geojsonl_task_fire' AIRFLOW_CTX_EXECUTION_DATE='2024-07-18T00:41:01.914732+00:00' AIRFLOW_CTX_TRY_NUMBER='1' AIRFLOW_CTX_DAG_RUN_ID='manual__2024-07-18T00:41:01.914732+00:00'
[2024-07-18T00:41:31.852+0000] {taskinstance.py:430} INFO - ::endgroup::
[2024-07-18T00:41:31.853+0000] {subprocess.py:63} INFO - Tmp dir root location: /tmp
[2024-07-18T00:41:31.859+0000] {subprocess.py:75} INFO - Running command: ['/usr/bin/bash', '-c', 'geojson2ndjson /opt/***/tmp/wildfire_polygons.geojson > /opt/***/tmp/wildfire_polygons_nl.geojsonl']
[2024-07-18T00:41:31.890+0000] {subprocess.py:86} INFO - Output:
[2024-07-18T00:41:33.056+0000] {subprocess.py:97} INFO - Command exited with return code 0
[2024-07-18T00:41:33.057+0000] {taskinstance.py:441} INFO - ::group::Post task execution logs
[2024-07-18T00:41:33.110+0000] {taskinstance.py:1206} INFO - Marking task as SUCCESS. dag_id=fire_data_dag, task_id=geojsonl_task_fire, run_id=manual__2024-07-18T00:41:01.914732+00:00, execution_date=20240718T004101, start_date=20240718T004131, end_date=20240718T004133
[2024-07-18T00:41:33.186+0000] {local_task_job_runner.py:240} INFO - Task exited with return code 0
[2024-07-18T00:41:33.228+0000] {taskinstance.py:3503} INFO - 1 downstream tasks scheduled from follow-on schedule check
[2024-07-18T00:41:33.231+0000] {local_task_job_runner.py:222} INFO - ::endgroup::
