[2024-07-18T20:58:30.581+0000] {local_task_job_runner.py:120} INFO - ::group::Pre task execution logs
[2024-07-18T20:58:30.627+0000] {taskinstance.py:2076} INFO - Dependencies all met for dep_context=non-requeueable deps ti=<TaskInstance: rec_data_dag.convert_to_geojson_task_rec manual__2024-07-18T20:58:16.095345+00:00 [queued]>
[2024-07-18T20:58:30.643+0000] {taskinstance.py:2076} INFO - Dependencies all met for dep_context=requeueable deps ti=<TaskInstance: rec_data_dag.convert_to_geojson_task_rec manual__2024-07-18T20:58:16.095345+00:00 [queued]>
[2024-07-18T20:58:30.643+0000] {taskinstance.py:2306} INFO - Starting attempt 1 of 2
[2024-07-18T20:58:30.667+0000] {taskinstance.py:2330} INFO - Executing <Task(PythonOperator): convert_to_geojson_task_rec> on 2024-07-18 20:58:16.095345+00:00
[2024-07-18T20:58:30.678+0000] {standard_task_runner.py:63} INFO - Started process 98 to run task
[2024-07-18T20:58:30.684+0000] {standard_task_runner.py:90} INFO - Running: ['***', 'tasks', 'run', 'rec_data_dag', 'convert_to_geojson_task_rec', 'manual__2024-07-18T20:58:16.095345+00:00', '--job-id', '737', '--raw', '--subdir', 'DAGS_FOLDER/rec_data_dag.py', '--cfg-path', '/tmp/tmpwdsibr4j']
[2024-07-18T20:58:30.686+0000] {standard_task_runner.py:91} INFO - Job 737: Subtask convert_to_geojson_task_rec
[2024-07-18T20:58:30.779+0000] {task_command.py:426} INFO - Running <TaskInstance: rec_data_dag.convert_to_geojson_task_rec manual__2024-07-18T20:58:16.095345+00:00 [running]> on host 6d25081d7c02
[2024-07-18T20:58:30.937+0000] {taskinstance.py:2648} INFO - Exporting env vars: AIRFLOW_CTX_DAG_OWNER='***' AIRFLOW_CTX_DAG_ID='rec_data_dag' AIRFLOW_CTX_TASK_ID='convert_to_geojson_task_rec' AIRFLOW_CTX_EXECUTION_DATE='2024-07-18T20:58:16.095345+00:00' AIRFLOW_CTX_TRY_NUMBER='1' AIRFLOW_CTX_DAG_RUN_ID='manual__2024-07-18T20:58:16.095345+00:00'
[2024-07-18T20:58:30.940+0000] {taskinstance.py:430} INFO - ::endgroup::
[2024-07-18T20:58:31.700+0000] {taskinstance.py:441} INFO - ::group::Post task execution logs
[2024-07-18T20:58:31.700+0000] {taskinstance.py:2905} ERROR - Task failed with exception
Traceback (most recent call last):
  File "/home/airflow/.local/lib/python3.11/site-packages/airflow/models/taskinstance.py", line 465, in _execute_task
    result = _execute_callable(context=context, **execute_callable_kwargs)
             ^^^^^^^^^^^^^^^^^^^^^^^^^^^^^^^^^^^^^^^^^^^^^^^^^^^^^^^^^^^^^
  File "/home/airflow/.local/lib/python3.11/site-packages/airflow/models/taskinstance.py", line 432, in _execute_callable
    return execute_callable(context=context, **execute_callable_kwargs)
           ^^^^^^^^^^^^^^^^^^^^^^^^^^^^^^^^^^^^^^^^^^^^^^^^^^^^^^^^^^^^
  File "/home/airflow/.local/lib/python3.11/site-packages/airflow/models/baseoperator.py", line 401, in wrapper
    return func(self, *args, **kwargs)
           ^^^^^^^^^^^^^^^^^^^^^^^^^^^
  File "/home/airflow/.local/lib/python3.11/site-packages/airflow/operators/python.py", line 235, in execute
    return_value = self.execute_callable()
                   ^^^^^^^^^^^^^^^^^^^^^^^
  File "/home/airflow/.local/lib/python3.11/site-packages/airflow/operators/python.py", line 252, in execute_callable
    return self.python_callable(*self.op_args, **self.op_kwargs)
           ^^^^^^^^^^^^^^^^^^^^^^^^^^^^^^^^^^^^^^^^^^^^^^^^^^^^^
  File "/opt/airflow/dags/rec_data_dag.py", line 72, in convert_to_geojson
    shapefile_path = os.path.join(extracted_folder,shapefile)
                                                   ^^^^^^^^^
UnboundLocalError: cannot access local variable 'shapefile' where it is not associated with a value
[2024-07-18T20:58:31.719+0000] {taskinstance.py:1206} INFO - Marking task as UP_FOR_RETRY. dag_id=rec_data_dag, task_id=convert_to_geojson_task_rec, run_id=manual__2024-07-18T20:58:16.095345+00:00, execution_date=20240718T205816, start_date=20240718T205830, end_date=20240718T205831
[2024-07-18T20:58:31.746+0000] {standard_task_runner.py:110} ERROR - Failed to execute job 737 for task convert_to_geojson_task_rec (cannot access local variable 'shapefile' where it is not associated with a value; 98)
[2024-07-18T20:58:31.786+0000] {local_task_job_runner.py:240} INFO - Task exited with return code 1
[2024-07-18T20:58:31.839+0000] {taskinstance.py:3503} INFO - 0 downstream tasks scheduled from follow-on schedule check
[2024-07-18T20:58:31.841+0000] {local_task_job_runner.py:222} INFO - ::endgroup::
