[2024-07-18T20:40:23.312+0000] {local_task_job_runner.py:120} INFO - ::group::Pre task execution logs
[2024-07-18T20:40:23.344+0000] {taskinstance.py:2076} INFO - Dependencies all met for dep_context=non-requeueable deps ti=<TaskInstance: fire_data_dag.load_fire_bq_task manual__2024-07-18T20:39:51.170039+00:00 [queued]>
[2024-07-18T20:40:23.355+0000] {taskinstance.py:2076} INFO - Dependencies all met for dep_context=requeueable deps ti=<TaskInstance: fire_data_dag.load_fire_bq_task manual__2024-07-18T20:39:51.170039+00:00 [queued]>
[2024-07-18T20:40:23.355+0000] {taskinstance.py:2306} INFO - Starting attempt 1 of 2
[2024-07-18T20:40:23.374+0000] {taskinstance.py:2330} INFO - Executing <Task(BashOperator): load_fire_bq_task> on 2024-07-18 20:39:51.170039+00:00
[2024-07-18T20:40:23.383+0000] {standard_task_runner.py:63} INFO - Started process 116 to run task
[2024-07-18T20:40:23.388+0000] {standard_task_runner.py:90} INFO - Running: ['***', 'tasks', 'run', 'fire_data_dag', 'load_fire_bq_task', 'manual__2024-07-18T20:39:51.170039+00:00', '--job-id', '717', '--raw', '--subdir', 'DAGS_FOLDER/fire_data_dag.py', '--cfg-path', '/tmp/tmp0tfgkxv_']
[2024-07-18T20:40:23.390+0000] {standard_task_runner.py:91} INFO - Job 717: Subtask load_fire_bq_task
[2024-07-18T20:40:23.465+0000] {task_command.py:426} INFO - Running <TaskInstance: fire_data_dag.load_fire_bq_task manual__2024-07-18T20:39:51.170039+00:00 [running]> on host e1216aff0b18
[2024-07-18T20:40:23.608+0000] {taskinstance.py:2648} INFO - Exporting env vars: AIRFLOW_CTX_DAG_OWNER='***' AIRFLOW_CTX_DAG_ID='fire_data_dag' AIRFLOW_CTX_TASK_ID='load_fire_bq_task' AIRFLOW_CTX_EXECUTION_DATE='2024-07-18T20:39:51.170039+00:00' AIRFLOW_CTX_TRY_NUMBER='1' AIRFLOW_CTX_DAG_RUN_ID='manual__2024-07-18T20:39:51.170039+00:00'
[2024-07-18T20:40:23.610+0000] {taskinstance.py:430} INFO - ::endgroup::
[2024-07-18T20:40:23.612+0000] {subprocess.py:63} INFO - Tmp dir root location: /tmp
[2024-07-18T20:40:23.613+0000] {subprocess.py:75} INFO - Running command: ['/usr/bin/bash', '-c', 'bq load  --source_format=NEWLINE_DELIMITED_JSON --json_extension=GEOJSON --autodetect de_zoomcamp_cchow_dataset.wildfire_polygons_raw gs://de-zoomcamp-cchow-bucket/wildfire_polygons_nl.geojsonl']
[2024-07-18T20:40:23.632+0000] {subprocess.py:86} INFO - Output:
[2024-07-18T20:40:30.899+0000] {subprocess.py:93} INFO - Waiting on bqjob_r672f3e9182c205b0_00000190c79321f9_1 ... (0s) Current status: RUNNING                                                                                      Waiting on bqjob_r672f3e9182c205b0_00000190c79321f9_1 ... (1s) Current status: RUNNING                                                                                      Waiting on bqjob_r672f3e9182c205b0_00000190c79321f9_1 ... (2s) Current status: RUNNING                                                                                      Waiting on bqjob_r672f3e9182c205b0_00000190c79321f9_1 ... (2s) Current status: DONE
[2024-07-18T20:40:31.133+0000] {subprocess.py:97} INFO - Command exited with return code 0
[2024-07-18T20:40:31.134+0000] {taskinstance.py:441} INFO - ::group::Post task execution logs
[2024-07-18T20:40:31.168+0000] {taskinstance.py:1206} INFO - Marking task as SUCCESS. dag_id=fire_data_dag, task_id=load_fire_bq_task, run_id=manual__2024-07-18T20:39:51.170039+00:00, execution_date=20240718T203951, start_date=20240718T204023, end_date=20240718T204031
[2024-07-18T20:40:31.236+0000] {local_task_job_runner.py:240} INFO - Task exited with return code 0
[2024-07-18T20:40:31.271+0000] {taskinstance.py:3503} INFO - 1 downstream tasks scheduled from follow-on schedule check
[2024-07-18T20:40:31.273+0000] {local_task_job_runner.py:222} INFO - ::endgroup::
