[2024-07-22T22:38:05.043+0000] {processor.py:161} INFO - Started process (PID=10763) to work on /home/airflow/.local/lib/python3.11/site-packages/airflow/example_dags/plugins/workday.py
[2024-07-22T22:38:05.045+0000] {processor.py:830} INFO - Processing file /home/airflow/.local/lib/python3.11/site-packages/airflow/example_dags/plugins/workday.py for tasks to queue
[2024-07-22T22:38:05.049+0000] {logging_mixin.py:188} INFO - [2024-07-22T22:38:05.048+0000] {dagbag.py:545} INFO - Filling up the DagBag from /home/airflow/.local/lib/python3.11/site-packages/airflow/example_dags/plugins/workday.py
[2024-07-22T22:38:05.730+0000] {processor.py:842} WARNING - No viable dags retrieved from /home/airflow/.local/lib/python3.11/site-packages/airflow/example_dags/plugins/workday.py
[2024-07-22T22:38:05.748+0000] {processor.py:183} INFO - Processing /home/airflow/.local/lib/python3.11/site-packages/airflow/example_dags/plugins/workday.py took 0.718 seconds
[2024-07-22T22:38:36.352+0000] {processor.py:161} INFO - Started process (PID=10827) to work on /home/airflow/.local/lib/python3.11/site-packages/airflow/example_dags/plugins/workday.py
[2024-07-22T22:38:36.354+0000] {processor.py:830} INFO - Processing file /home/airflow/.local/lib/python3.11/site-packages/airflow/example_dags/plugins/workday.py for tasks to queue
[2024-07-22T22:38:36.357+0000] {logging_mixin.py:188} INFO - [2024-07-22T22:38:36.356+0000] {dagbag.py:545} INFO - Filling up the DagBag from /home/airflow/.local/lib/python3.11/site-packages/airflow/example_dags/plugins/workday.py
[2024-07-22T22:38:37.035+0000] {processor.py:842} WARNING - No viable dags retrieved from /home/airflow/.local/lib/python3.11/site-packages/airflow/example_dags/plugins/workday.py
[2024-07-22T22:38:37.051+0000] {processor.py:183} INFO - Processing /home/airflow/.local/lib/python3.11/site-packages/airflow/example_dags/plugins/workday.py took 0.710 seconds
[2024-07-22T22:39:07.151+0000] {processor.py:161} INFO - Started process (PID=10892) to work on /home/airflow/.local/lib/python3.11/site-packages/airflow/example_dags/plugins/workday.py
[2024-07-22T22:39:07.153+0000] {processor.py:830} INFO - Processing file /home/airflow/.local/lib/python3.11/site-packages/airflow/example_dags/plugins/workday.py for tasks to queue
[2024-07-22T22:39:07.156+0000] {logging_mixin.py:188} INFO - [2024-07-22T22:39:07.155+0000] {dagbag.py:545} INFO - Filling up the DagBag from /home/airflow/.local/lib/python3.11/site-packages/airflow/example_dags/plugins/workday.py
[2024-07-22T22:39:07.822+0000] {processor.py:842} WARNING - No viable dags retrieved from /home/airflow/.local/lib/python3.11/site-packages/airflow/example_dags/plugins/workday.py
[2024-07-22T22:39:07.838+0000] {processor.py:183} INFO - Processing /home/airflow/.local/lib/python3.11/site-packages/airflow/example_dags/plugins/workday.py took 0.697 seconds
[2024-07-22T22:39:38.700+0000] {processor.py:161} INFO - Started process (PID=10961) to work on /home/airflow/.local/lib/python3.11/site-packages/airflow/example_dags/plugins/workday.py
[2024-07-22T22:39:38.703+0000] {processor.py:830} INFO - Processing file /home/airflow/.local/lib/python3.11/site-packages/airflow/example_dags/plugins/workday.py for tasks to queue
[2024-07-22T22:39:38.706+0000] {logging_mixin.py:188} INFO - [2024-07-22T22:39:38.705+0000] {dagbag.py:545} INFO - Filling up the DagBag from /home/airflow/.local/lib/python3.11/site-packages/airflow/example_dags/plugins/workday.py
[2024-07-22T22:39:39.426+0000] {processor.py:842} WARNING - No viable dags retrieved from /home/airflow/.local/lib/python3.11/site-packages/airflow/example_dags/plugins/workday.py
[2024-07-22T22:39:39.446+0000] {processor.py:183} INFO - Processing /home/airflow/.local/lib/python3.11/site-packages/airflow/example_dags/plugins/workday.py took 0.756 seconds
[2024-07-22T22:40:10.334+0000] {processor.py:161} INFO - Started process (PID=11027) to work on /home/airflow/.local/lib/python3.11/site-packages/airflow/example_dags/plugins/workday.py
[2024-07-22T22:40:10.336+0000] {processor.py:830} INFO - Processing file /home/airflow/.local/lib/python3.11/site-packages/airflow/example_dags/plugins/workday.py for tasks to queue
[2024-07-22T22:40:10.339+0000] {logging_mixin.py:188} INFO - [2024-07-22T22:40:10.338+0000] {dagbag.py:545} INFO - Filling up the DagBag from /home/airflow/.local/lib/python3.11/site-packages/airflow/example_dags/plugins/workday.py
[2024-07-22T22:40:10.987+0000] {processor.py:842} WARNING - No viable dags retrieved from /home/airflow/.local/lib/python3.11/site-packages/airflow/example_dags/plugins/workday.py
[2024-07-22T22:40:11.003+0000] {processor.py:183} INFO - Processing /home/airflow/.local/lib/python3.11/site-packages/airflow/example_dags/plugins/workday.py took 0.680 seconds
[2024-07-22T22:40:41.556+0000] {processor.py:161} INFO - Started process (PID=11090) to work on /home/airflow/.local/lib/python3.11/site-packages/airflow/example_dags/plugins/workday.py
[2024-07-22T22:40:41.559+0000] {processor.py:830} INFO - Processing file /home/airflow/.local/lib/python3.11/site-packages/airflow/example_dags/plugins/workday.py for tasks to queue
[2024-07-22T22:40:41.561+0000] {logging_mixin.py:188} INFO - [2024-07-22T22:40:41.561+0000] {dagbag.py:545} INFO - Filling up the DagBag from /home/airflow/.local/lib/python3.11/site-packages/airflow/example_dags/plugins/workday.py
[2024-07-22T22:40:42.241+0000] {processor.py:842} WARNING - No viable dags retrieved from /home/airflow/.local/lib/python3.11/site-packages/airflow/example_dags/plugins/workday.py
[2024-07-22T22:40:42.256+0000] {processor.py:183} INFO - Processing /home/airflow/.local/lib/python3.11/site-packages/airflow/example_dags/plugins/workday.py took 0.710 seconds
[2024-07-22T22:41:12.987+0000] {processor.py:161} INFO - Started process (PID=11155) to work on /home/airflow/.local/lib/python3.11/site-packages/airflow/example_dags/plugins/workday.py
[2024-07-22T22:41:12.989+0000] {processor.py:830} INFO - Processing file /home/airflow/.local/lib/python3.11/site-packages/airflow/example_dags/plugins/workday.py for tasks to queue
[2024-07-22T22:41:12.993+0000] {logging_mixin.py:188} INFO - [2024-07-22T22:41:12.992+0000] {dagbag.py:545} INFO - Filling up the DagBag from /home/airflow/.local/lib/python3.11/site-packages/airflow/example_dags/plugins/workday.py
[2024-07-22T22:41:13.670+0000] {processor.py:842} WARNING - No viable dags retrieved from /home/airflow/.local/lib/python3.11/site-packages/airflow/example_dags/plugins/workday.py
[2024-07-22T22:41:13.687+0000] {processor.py:183} INFO - Processing /home/airflow/.local/lib/python3.11/site-packages/airflow/example_dags/plugins/workday.py took 0.710 seconds
[2024-07-22T22:41:44.415+0000] {processor.py:161} INFO - Started process (PID=11219) to work on /home/airflow/.local/lib/python3.11/site-packages/airflow/example_dags/plugins/workday.py
[2024-07-22T22:41:44.418+0000] {processor.py:830} INFO - Processing file /home/airflow/.local/lib/python3.11/site-packages/airflow/example_dags/plugins/workday.py for tasks to queue
[2024-07-22T22:41:44.420+0000] {logging_mixin.py:188} INFO - [2024-07-22T22:41:44.420+0000] {dagbag.py:545} INFO - Filling up the DagBag from /home/airflow/.local/lib/python3.11/site-packages/airflow/example_dags/plugins/workday.py
[2024-07-22T22:41:45.090+0000] {processor.py:842} WARNING - No viable dags retrieved from /home/airflow/.local/lib/python3.11/site-packages/airflow/example_dags/plugins/workday.py
[2024-07-22T22:41:45.108+0000] {processor.py:183} INFO - Processing /home/airflow/.local/lib/python3.11/site-packages/airflow/example_dags/plugins/workday.py took 0.704 seconds
[2024-07-22T22:42:15.170+0000] {processor.py:161} INFO - Started process (PID=11283) to work on /home/airflow/.local/lib/python3.11/site-packages/airflow/example_dags/plugins/workday.py
[2024-07-22T22:42:15.172+0000] {processor.py:830} INFO - Processing file /home/airflow/.local/lib/python3.11/site-packages/airflow/example_dags/plugins/workday.py for tasks to queue
[2024-07-22T22:42:15.174+0000] {logging_mixin.py:188} INFO - [2024-07-22T22:42:15.174+0000] {dagbag.py:545} INFO - Filling up the DagBag from /home/airflow/.local/lib/python3.11/site-packages/airflow/example_dags/plugins/workday.py
[2024-07-22T22:42:15.834+0000] {processor.py:842} WARNING - No viable dags retrieved from /home/airflow/.local/lib/python3.11/site-packages/airflow/example_dags/plugins/workday.py
[2024-07-22T22:42:15.850+0000] {processor.py:183} INFO - Processing /home/airflow/.local/lib/python3.11/site-packages/airflow/example_dags/plugins/workday.py took 0.690 seconds
[2024-07-22T22:42:45.990+0000] {processor.py:161} INFO - Started process (PID=11343) to work on /home/airflow/.local/lib/python3.11/site-packages/airflow/example_dags/plugins/workday.py
[2024-07-22T22:42:45.992+0000] {processor.py:830} INFO - Processing file /home/airflow/.local/lib/python3.11/site-packages/airflow/example_dags/plugins/workday.py for tasks to queue
[2024-07-22T22:42:45.993+0000] {logging_mixin.py:188} INFO - [2024-07-22T22:42:45.993+0000] {dagbag.py:545} INFO - Filling up the DagBag from /home/airflow/.local/lib/python3.11/site-packages/airflow/example_dags/plugins/workday.py
[2024-07-22T22:42:46.646+0000] {processor.py:842} WARNING - No viable dags retrieved from /home/airflow/.local/lib/python3.11/site-packages/airflow/example_dags/plugins/workday.py
[2024-07-22T22:42:46.661+0000] {processor.py:183} INFO - Processing /home/airflow/.local/lib/python3.11/site-packages/airflow/example_dags/plugins/workday.py took 0.682 seconds
[2024-07-22T22:43:16.879+0000] {processor.py:161} INFO - Started process (PID=11400) to work on /home/airflow/.local/lib/python3.11/site-packages/airflow/example_dags/plugins/workday.py
[2024-07-22T22:43:16.881+0000] {processor.py:830} INFO - Processing file /home/airflow/.local/lib/python3.11/site-packages/airflow/example_dags/plugins/workday.py for tasks to queue
[2024-07-22T22:43:16.882+0000] {logging_mixin.py:188} INFO - [2024-07-22T22:43:16.882+0000] {dagbag.py:545} INFO - Filling up the DagBag from /home/airflow/.local/lib/python3.11/site-packages/airflow/example_dags/plugins/workday.py
[2024-07-22T22:43:17.554+0000] {processor.py:842} WARNING - No viable dags retrieved from /home/airflow/.local/lib/python3.11/site-packages/airflow/example_dags/plugins/workday.py
[2024-07-22T22:43:17.570+0000] {processor.py:183} INFO - Processing /home/airflow/.local/lib/python3.11/site-packages/airflow/example_dags/plugins/workday.py took 0.702 seconds
[2024-07-22T22:43:47.741+0000] {processor.py:161} INFO - Started process (PID=11457) to work on /home/airflow/.local/lib/python3.11/site-packages/airflow/example_dags/plugins/workday.py
[2024-07-22T22:43:47.743+0000] {processor.py:830} INFO - Processing file /home/airflow/.local/lib/python3.11/site-packages/airflow/example_dags/plugins/workday.py for tasks to queue
[2024-07-22T22:43:47.744+0000] {logging_mixin.py:188} INFO - [2024-07-22T22:43:47.744+0000] {dagbag.py:545} INFO - Filling up the DagBag from /home/airflow/.local/lib/python3.11/site-packages/airflow/example_dags/plugins/workday.py
[2024-07-22T22:43:48.516+0000] {processor.py:842} WARNING - No viable dags retrieved from /home/airflow/.local/lib/python3.11/site-packages/airflow/example_dags/plugins/workday.py
[2024-07-22T22:43:48.531+0000] {processor.py:183} INFO - Processing /home/airflow/.local/lib/python3.11/site-packages/airflow/example_dags/plugins/workday.py took 0.804 seconds
