[2024-07-22T22:37:47.676+0000] {processor.py:161} INFO - Started process (PID=10725) to work on /home/airflow/.local/lib/python3.11/site-packages/airflow/example_dags/subdags/subdag.py
[2024-07-22T22:37:47.678+0000] {processor.py:830} INFO - Processing file /home/airflow/.local/lib/python3.11/site-packages/airflow/example_dags/subdags/subdag.py for tasks to queue
[2024-07-22T22:37:47.682+0000] {logging_mixin.py:188} INFO - [2024-07-22T22:37:47.681+0000] {dagbag.py:545} INFO - Filling up the DagBag from /home/airflow/.local/lib/python3.11/site-packages/airflow/example_dags/subdags/subdag.py
[2024-07-22T22:37:47.686+0000] {processor.py:842} WARNING - No viable dags retrieved from /home/airflow/.local/lib/python3.11/site-packages/airflow/example_dags/subdags/subdag.py
[2024-07-22T22:37:47.709+0000] {processor.py:183} INFO - Processing /home/airflow/.local/lib/python3.11/site-packages/airflow/example_dags/subdags/subdag.py took 0.044 seconds
[2024-07-22T22:38:17.866+0000] {processor.py:161} INFO - Started process (PID=10787) to work on /home/airflow/.local/lib/python3.11/site-packages/airflow/example_dags/subdags/subdag.py
[2024-07-22T22:38:17.868+0000] {processor.py:830} INFO - Processing file /home/airflow/.local/lib/python3.11/site-packages/airflow/example_dags/subdags/subdag.py for tasks to queue
[2024-07-22T22:38:17.871+0000] {logging_mixin.py:188} INFO - [2024-07-22T22:38:17.871+0000] {dagbag.py:545} INFO - Filling up the DagBag from /home/airflow/.local/lib/python3.11/site-packages/airflow/example_dags/subdags/subdag.py
[2024-07-22T22:38:17.875+0000] {processor.py:842} WARNING - No viable dags retrieved from /home/airflow/.local/lib/python3.11/site-packages/airflow/example_dags/subdags/subdag.py
[2024-07-22T22:38:17.897+0000] {processor.py:183} INFO - Processing /home/airflow/.local/lib/python3.11/site-packages/airflow/example_dags/subdags/subdag.py took 0.044 seconds
[2024-07-22T22:38:48.108+0000] {processor.py:161} INFO - Started process (PID=10851) to work on /home/airflow/.local/lib/python3.11/site-packages/airflow/example_dags/subdags/subdag.py
[2024-07-22T22:38:48.111+0000] {processor.py:830} INFO - Processing file /home/airflow/.local/lib/python3.11/site-packages/airflow/example_dags/subdags/subdag.py for tasks to queue
[2024-07-22T22:38:48.114+0000] {logging_mixin.py:188} INFO - [2024-07-22T22:38:48.114+0000] {dagbag.py:545} INFO - Filling up the DagBag from /home/airflow/.local/lib/python3.11/site-packages/airflow/example_dags/subdags/subdag.py
[2024-07-22T22:38:48.117+0000] {processor.py:842} WARNING - No viable dags retrieved from /home/airflow/.local/lib/python3.11/site-packages/airflow/example_dags/subdags/subdag.py
[2024-07-22T22:38:48.137+0000] {processor.py:183} INFO - Processing /home/airflow/.local/lib/python3.11/site-packages/airflow/example_dags/subdags/subdag.py took 0.042 seconds
[2024-07-22T22:39:19.027+0000] {processor.py:161} INFO - Started process (PID=10913) to work on /home/airflow/.local/lib/python3.11/site-packages/airflow/example_dags/subdags/subdag.py
[2024-07-22T22:39:19.028+0000] {processor.py:830} INFO - Processing file /home/airflow/.local/lib/python3.11/site-packages/airflow/example_dags/subdags/subdag.py for tasks to queue
[2024-07-22T22:39:19.031+0000] {logging_mixin.py:188} INFO - [2024-07-22T22:39:19.031+0000] {dagbag.py:545} INFO - Filling up the DagBag from /home/airflow/.local/lib/python3.11/site-packages/airflow/example_dags/subdags/subdag.py
[2024-07-22T22:39:19.035+0000] {processor.py:842} WARNING - No viable dags retrieved from /home/airflow/.local/lib/python3.11/site-packages/airflow/example_dags/subdags/subdag.py
[2024-07-22T22:39:19.056+0000] {processor.py:183} INFO - Processing /home/airflow/.local/lib/python3.11/site-packages/airflow/example_dags/subdags/subdag.py took 0.042 seconds
[2024-07-22T22:39:49.216+0000] {processor.py:161} INFO - Started process (PID=10975) to work on /home/airflow/.local/lib/python3.11/site-packages/airflow/example_dags/subdags/subdag.py
[2024-07-22T22:39:49.218+0000] {processor.py:830} INFO - Processing file /home/airflow/.local/lib/python3.11/site-packages/airflow/example_dags/subdags/subdag.py for tasks to queue
[2024-07-22T22:39:49.222+0000] {logging_mixin.py:188} INFO - [2024-07-22T22:39:49.221+0000] {dagbag.py:545} INFO - Filling up the DagBag from /home/airflow/.local/lib/python3.11/site-packages/airflow/example_dags/subdags/subdag.py
[2024-07-22T22:39:49.226+0000] {processor.py:842} WARNING - No viable dags retrieved from /home/airflow/.local/lib/python3.11/site-packages/airflow/example_dags/subdags/subdag.py
[2024-07-22T22:39:49.252+0000] {processor.py:183} INFO - Processing /home/airflow/.local/lib/python3.11/site-packages/airflow/example_dags/subdags/subdag.py took 0.050 seconds
[2024-07-22T22:40:19.761+0000] {processor.py:161} INFO - Started process (PID=11039) to work on /home/airflow/.local/lib/python3.11/site-packages/airflow/example_dags/subdags/subdag.py
[2024-07-22T22:40:19.764+0000] {processor.py:830} INFO - Processing file /home/airflow/.local/lib/python3.11/site-packages/airflow/example_dags/subdags/subdag.py for tasks to queue
[2024-07-22T22:40:19.767+0000] {logging_mixin.py:188} INFO - [2024-07-22T22:40:19.767+0000] {dagbag.py:545} INFO - Filling up the DagBag from /home/airflow/.local/lib/python3.11/site-packages/airflow/example_dags/subdags/subdag.py
[2024-07-22T22:40:19.771+0000] {processor.py:842} WARNING - No viable dags retrieved from /home/airflow/.local/lib/python3.11/site-packages/airflow/example_dags/subdags/subdag.py
[2024-07-22T22:40:19.794+0000] {processor.py:183} INFO - Processing /home/airflow/.local/lib/python3.11/site-packages/airflow/example_dags/subdags/subdag.py took 0.046 seconds
[2024-07-22T22:40:49.941+0000] {processor.py:161} INFO - Started process (PID=11101) to work on /home/airflow/.local/lib/python3.11/site-packages/airflow/example_dags/subdags/subdag.py
[2024-07-22T22:40:49.942+0000] {processor.py:830} INFO - Processing file /home/airflow/.local/lib/python3.11/site-packages/airflow/example_dags/subdags/subdag.py for tasks to queue
[2024-07-22T22:40:49.945+0000] {logging_mixin.py:188} INFO - [2024-07-22T22:40:49.944+0000] {dagbag.py:545} INFO - Filling up the DagBag from /home/airflow/.local/lib/python3.11/site-packages/airflow/example_dags/subdags/subdag.py
[2024-07-22T22:40:49.948+0000] {processor.py:842} WARNING - No viable dags retrieved from /home/airflow/.local/lib/python3.11/site-packages/airflow/example_dags/subdags/subdag.py
[2024-07-22T22:40:49.972+0000] {processor.py:183} INFO - Processing /home/airflow/.local/lib/python3.11/site-packages/airflow/example_dags/subdags/subdag.py took 0.043 seconds
[2024-07-22T22:41:20.676+0000] {processor.py:161} INFO - Started process (PID=11166) to work on /home/airflow/.local/lib/python3.11/site-packages/airflow/example_dags/subdags/subdag.py
[2024-07-22T22:41:20.678+0000] {processor.py:830} INFO - Processing file /home/airflow/.local/lib/python3.11/site-packages/airflow/example_dags/subdags/subdag.py for tasks to queue
[2024-07-22T22:41:20.681+0000] {logging_mixin.py:188} INFO - [2024-07-22T22:41:20.680+0000] {dagbag.py:545} INFO - Filling up the DagBag from /home/airflow/.local/lib/python3.11/site-packages/airflow/example_dags/subdags/subdag.py
[2024-07-22T22:41:20.684+0000] {processor.py:842} WARNING - No viable dags retrieved from /home/airflow/.local/lib/python3.11/site-packages/airflow/example_dags/subdags/subdag.py
[2024-07-22T22:41:20.710+0000] {processor.py:183} INFO - Processing /home/airflow/.local/lib/python3.11/site-packages/airflow/example_dags/subdags/subdag.py took 0.046 seconds
[2024-07-22T22:41:51.131+0000] {processor.py:161} INFO - Started process (PID=11229) to work on /home/airflow/.local/lib/python3.11/site-packages/airflow/example_dags/subdags/subdag.py
[2024-07-22T22:41:51.132+0000] {processor.py:830} INFO - Processing file /home/airflow/.local/lib/python3.11/site-packages/airflow/example_dags/subdags/subdag.py for tasks to queue
[2024-07-22T22:41:51.135+0000] {logging_mixin.py:188} INFO - [2024-07-22T22:41:51.135+0000] {dagbag.py:545} INFO - Filling up the DagBag from /home/airflow/.local/lib/python3.11/site-packages/airflow/example_dags/subdags/subdag.py
[2024-07-22T22:41:51.138+0000] {processor.py:842} WARNING - No viable dags retrieved from /home/airflow/.local/lib/python3.11/site-packages/airflow/example_dags/subdags/subdag.py
[2024-07-22T22:41:51.162+0000] {processor.py:183} INFO - Processing /home/airflow/.local/lib/python3.11/site-packages/airflow/example_dags/subdags/subdag.py took 0.041 seconds
[2024-07-22T22:42:21.410+0000] {processor.py:161} INFO - Started process (PID=11292) to work on /home/airflow/.local/lib/python3.11/site-packages/airflow/example_dags/subdags/subdag.py
[2024-07-22T22:42:21.412+0000] {processor.py:830} INFO - Processing file /home/airflow/.local/lib/python3.11/site-packages/airflow/example_dags/subdags/subdag.py for tasks to queue
[2024-07-22T22:42:21.416+0000] {logging_mixin.py:188} INFO - [2024-07-22T22:42:21.415+0000] {dagbag.py:545} INFO - Filling up the DagBag from /home/airflow/.local/lib/python3.11/site-packages/airflow/example_dags/subdags/subdag.py
[2024-07-22T22:42:21.420+0000] {processor.py:842} WARNING - No viable dags retrieved from /home/airflow/.local/lib/python3.11/site-packages/airflow/example_dags/subdags/subdag.py
[2024-07-22T22:42:21.444+0000] {processor.py:183} INFO - Processing /home/airflow/.local/lib/python3.11/site-packages/airflow/example_dags/subdags/subdag.py took 0.047 seconds
[2024-07-22T22:42:52.225+0000] {processor.py:161} INFO - Started process (PID=11352) to work on /home/airflow/.local/lib/python3.11/site-packages/airflow/example_dags/subdags/subdag.py
[2024-07-22T22:42:52.228+0000] {processor.py:830} INFO - Processing file /home/airflow/.local/lib/python3.11/site-packages/airflow/example_dags/subdags/subdag.py for tasks to queue
[2024-07-22T22:42:52.229+0000] {logging_mixin.py:188} INFO - [2024-07-22T22:42:52.228+0000] {dagbag.py:545} INFO - Filling up the DagBag from /home/airflow/.local/lib/python3.11/site-packages/airflow/example_dags/subdags/subdag.py
[2024-07-22T22:42:52.233+0000] {processor.py:842} WARNING - No viable dags retrieved from /home/airflow/.local/lib/python3.11/site-packages/airflow/example_dags/subdags/subdag.py
[2024-07-22T22:42:52.259+0000] {processor.py:183} INFO - Processing /home/airflow/.local/lib/python3.11/site-packages/airflow/example_dags/subdags/subdag.py took 0.046 seconds
[2024-07-22T22:43:23.157+0000] {processor.py:161} INFO - Started process (PID=11409) to work on /home/airflow/.local/lib/python3.11/site-packages/airflow/example_dags/subdags/subdag.py
[2024-07-22T22:43:23.159+0000] {processor.py:830} INFO - Processing file /home/airflow/.local/lib/python3.11/site-packages/airflow/example_dags/subdags/subdag.py for tasks to queue
[2024-07-22T22:43:23.160+0000] {logging_mixin.py:188} INFO - [2024-07-22T22:43:23.160+0000] {dagbag.py:545} INFO - Filling up the DagBag from /home/airflow/.local/lib/python3.11/site-packages/airflow/example_dags/subdags/subdag.py
[2024-07-22T22:43:23.164+0000] {processor.py:842} WARNING - No viable dags retrieved from /home/airflow/.local/lib/python3.11/site-packages/airflow/example_dags/subdags/subdag.py
[2024-07-22T22:43:23.187+0000] {processor.py:183} INFO - Processing /home/airflow/.local/lib/python3.11/site-packages/airflow/example_dags/subdags/subdag.py took 0.043 seconds
[2024-07-22T22:43:54.406+0000] {processor.py:161} INFO - Started process (PID=11467) to work on /home/airflow/.local/lib/python3.11/site-packages/airflow/example_dags/subdags/subdag.py
[2024-07-22T22:43:54.408+0000] {processor.py:830} INFO - Processing file /home/airflow/.local/lib/python3.11/site-packages/airflow/example_dags/subdags/subdag.py for tasks to queue
[2024-07-22T22:43:54.409+0000] {logging_mixin.py:188} INFO - [2024-07-22T22:43:54.409+0000] {dagbag.py:545} INFO - Filling up the DagBag from /home/airflow/.local/lib/python3.11/site-packages/airflow/example_dags/subdags/subdag.py
[2024-07-22T22:43:54.412+0000] {processor.py:842} WARNING - No viable dags retrieved from /home/airflow/.local/lib/python3.11/site-packages/airflow/example_dags/subdags/subdag.py
[2024-07-22T22:43:54.436+0000] {processor.py:183} INFO - Processing /home/airflow/.local/lib/python3.11/site-packages/airflow/example_dags/subdags/subdag.py took 0.042 seconds
