[2024-07-22T22:37:55.829+0000] {processor.py:161} INFO - Started process (PID=10741) to work on /home/airflow/.local/lib/python3.11/site-packages/airflow/example_dags/example_branch_labels.py
[2024-07-22T22:37:55.830+0000] {processor.py:830} INFO - Processing file /home/airflow/.local/lib/python3.11/site-packages/airflow/example_dags/example_branch_labels.py for tasks to queue
[2024-07-22T22:37:55.833+0000] {logging_mixin.py:188} INFO - [2024-07-22T22:37:55.832+0000] {dagbag.py:545} INFO - Filling up the DagBag from /home/airflow/.local/lib/python3.11/site-packages/airflow/example_dags/example_branch_labels.py
[2024-07-22T22:37:55.845+0000] {processor.py:840} INFO - DAG(s) 'example_branch_labels' retrieved from /home/airflow/.local/lib/python3.11/site-packages/airflow/example_dags/example_branch_labels.py
[2024-07-22T22:37:55.879+0000] {logging_mixin.py:188} INFO - [2024-07-22T22:37:55.879+0000] {dag.py:3096} INFO - Sync 1 DAGs
[2024-07-22T22:37:55.912+0000] {logging_mixin.py:188} INFO - [2024-07-22T22:37:55.912+0000] {dag.py:3954} INFO - Setting next_dagrun for example_branch_labels to 2024-07-21 00:00:00+00:00, run_after=2024-07-22 00:00:00+00:00
[2024-07-22T22:37:55.944+0000] {processor.py:183} INFO - Processing /home/airflow/.local/lib/python3.11/site-packages/airflow/example_dags/example_branch_labels.py took 0.129 seconds
[2024-07-22T22:38:26.064+0000] {processor.py:161} INFO - Started process (PID=10804) to work on /home/airflow/.local/lib/python3.11/site-packages/airflow/example_dags/example_branch_labels.py
[2024-07-22T22:38:26.066+0000] {processor.py:830} INFO - Processing file /home/airflow/.local/lib/python3.11/site-packages/airflow/example_dags/example_branch_labels.py for tasks to queue
[2024-07-22T22:38:26.070+0000] {logging_mixin.py:188} INFO - [2024-07-22T22:38:26.069+0000] {dagbag.py:545} INFO - Filling up the DagBag from /home/airflow/.local/lib/python3.11/site-packages/airflow/example_dags/example_branch_labels.py
[2024-07-22T22:38:26.087+0000] {processor.py:840} INFO - DAG(s) 'example_branch_labels' retrieved from /home/airflow/.local/lib/python3.11/site-packages/airflow/example_dags/example_branch_labels.py
[2024-07-22T22:38:26.136+0000] {logging_mixin.py:188} INFO - [2024-07-22T22:38:26.136+0000] {dag.py:3096} INFO - Sync 1 DAGs
[2024-07-22T22:38:26.179+0000] {logging_mixin.py:188} INFO - [2024-07-22T22:38:26.179+0000] {dag.py:3954} INFO - Setting next_dagrun for example_branch_labels to 2024-07-21 00:00:00+00:00, run_after=2024-07-22 00:00:00+00:00
[2024-07-22T22:38:26.208+0000] {processor.py:183} INFO - Processing /home/airflow/.local/lib/python3.11/site-packages/airflow/example_dags/example_branch_labels.py took 0.155 seconds
[2024-07-22T22:38:56.407+0000] {processor.py:161} INFO - Started process (PID=10868) to work on /home/airflow/.local/lib/python3.11/site-packages/airflow/example_dags/example_branch_labels.py
[2024-07-22T22:38:56.409+0000] {processor.py:830} INFO - Processing file /home/airflow/.local/lib/python3.11/site-packages/airflow/example_dags/example_branch_labels.py for tasks to queue
[2024-07-22T22:38:56.412+0000] {logging_mixin.py:188} INFO - [2024-07-22T22:38:56.411+0000] {dagbag.py:545} INFO - Filling up the DagBag from /home/airflow/.local/lib/python3.11/site-packages/airflow/example_dags/example_branch_labels.py
[2024-07-22T22:38:56.424+0000] {processor.py:840} INFO - DAG(s) 'example_branch_labels' retrieved from /home/airflow/.local/lib/python3.11/site-packages/airflow/example_dags/example_branch_labels.py
[2024-07-22T22:38:56.458+0000] {logging_mixin.py:188} INFO - [2024-07-22T22:38:56.458+0000] {dag.py:3096} INFO - Sync 1 DAGs
[2024-07-22T22:38:56.491+0000] {logging_mixin.py:188} INFO - [2024-07-22T22:38:56.491+0000] {dag.py:3954} INFO - Setting next_dagrun for example_branch_labels to 2024-07-21 00:00:00+00:00, run_after=2024-07-22 00:00:00+00:00
[2024-07-22T22:38:56.516+0000] {processor.py:183} INFO - Processing /home/airflow/.local/lib/python3.11/site-packages/airflow/example_dags/example_branch_labels.py took 0.120 seconds
[2024-07-22T22:39:27.062+0000] {processor.py:161} INFO - Started process (PID=10931) to work on /home/airflow/.local/lib/python3.11/site-packages/airflow/example_dags/example_branch_labels.py
[2024-07-22T22:39:27.063+0000] {processor.py:830} INFO - Processing file /home/airflow/.local/lib/python3.11/site-packages/airflow/example_dags/example_branch_labels.py for tasks to queue
[2024-07-22T22:39:27.067+0000] {logging_mixin.py:188} INFO - [2024-07-22T22:39:27.067+0000] {dagbag.py:545} INFO - Filling up the DagBag from /home/airflow/.local/lib/python3.11/site-packages/airflow/example_dags/example_branch_labels.py
[2024-07-22T22:39:27.080+0000] {processor.py:840} INFO - DAG(s) 'example_branch_labels' retrieved from /home/airflow/.local/lib/python3.11/site-packages/airflow/example_dags/example_branch_labels.py
[2024-07-22T22:39:27.114+0000] {logging_mixin.py:188} INFO - [2024-07-22T22:39:27.113+0000] {dag.py:3096} INFO - Sync 1 DAGs
[2024-07-22T22:39:27.145+0000] {logging_mixin.py:188} INFO - [2024-07-22T22:39:27.145+0000] {dag.py:3954} INFO - Setting next_dagrun for example_branch_labels to 2024-07-21 00:00:00+00:00, run_after=2024-07-22 00:00:00+00:00
[2024-07-22T22:39:27.170+0000] {processor.py:183} INFO - Processing /home/airflow/.local/lib/python3.11/site-packages/airflow/example_dags/example_branch_labels.py took 0.119 seconds
[2024-07-22T22:39:57.454+0000] {processor.py:161} INFO - Started process (PID=10994) to work on /home/airflow/.local/lib/python3.11/site-packages/airflow/example_dags/example_branch_labels.py
[2024-07-22T22:39:57.457+0000] {processor.py:830} INFO - Processing file /home/airflow/.local/lib/python3.11/site-packages/airflow/example_dags/example_branch_labels.py for tasks to queue
[2024-07-22T22:39:57.460+0000] {logging_mixin.py:188} INFO - [2024-07-22T22:39:57.459+0000] {dagbag.py:545} INFO - Filling up the DagBag from /home/airflow/.local/lib/python3.11/site-packages/airflow/example_dags/example_branch_labels.py
[2024-07-22T22:39:57.473+0000] {processor.py:840} INFO - DAG(s) 'example_branch_labels' retrieved from /home/airflow/.local/lib/python3.11/site-packages/airflow/example_dags/example_branch_labels.py
[2024-07-22T22:39:57.510+0000] {logging_mixin.py:188} INFO - [2024-07-22T22:39:57.510+0000] {dag.py:3096} INFO - Sync 1 DAGs
[2024-07-22T22:39:57.545+0000] {logging_mixin.py:188} INFO - [2024-07-22T22:39:57.545+0000] {dag.py:3954} INFO - Setting next_dagrun for example_branch_labels to 2024-07-21 00:00:00+00:00, run_after=2024-07-22 00:00:00+00:00
[2024-07-22T22:39:57.571+0000] {processor.py:183} INFO - Processing /home/airflow/.local/lib/python3.11/site-packages/airflow/example_dags/example_branch_labels.py took 0.129 seconds
[2024-07-22T22:40:27.999+0000] {processor.py:161} INFO - Started process (PID=11057) to work on /home/airflow/.local/lib/python3.11/site-packages/airflow/example_dags/example_branch_labels.py
[2024-07-22T22:40:28.001+0000] {processor.py:830} INFO - Processing file /home/airflow/.local/lib/python3.11/site-packages/airflow/example_dags/example_branch_labels.py for tasks to queue
[2024-07-22T22:40:28.004+0000] {logging_mixin.py:188} INFO - [2024-07-22T22:40:28.004+0000] {dagbag.py:545} INFO - Filling up the DagBag from /home/airflow/.local/lib/python3.11/site-packages/airflow/example_dags/example_branch_labels.py
[2024-07-22T22:40:28.017+0000] {processor.py:840} INFO - DAG(s) 'example_branch_labels' retrieved from /home/airflow/.local/lib/python3.11/site-packages/airflow/example_dags/example_branch_labels.py
[2024-07-22T22:40:28.058+0000] {logging_mixin.py:188} INFO - [2024-07-22T22:40:28.057+0000] {dag.py:3096} INFO - Sync 1 DAGs
[2024-07-22T22:40:28.100+0000] {logging_mixin.py:188} INFO - [2024-07-22T22:40:28.099+0000] {dag.py:3954} INFO - Setting next_dagrun for example_branch_labels to 2024-07-21 00:00:00+00:00, run_after=2024-07-22 00:00:00+00:00
[2024-07-22T22:40:28.128+0000] {processor.py:183} INFO - Processing /home/airflow/.local/lib/python3.11/site-packages/airflow/example_dags/example_branch_labels.py took 0.140 seconds
[2024-07-22T22:40:58.361+0000] {processor.py:161} INFO - Started process (PID=11120) to work on /home/airflow/.local/lib/python3.11/site-packages/airflow/example_dags/example_branch_labels.py
[2024-07-22T22:40:58.367+0000] {processor.py:830} INFO - Processing file /home/airflow/.local/lib/python3.11/site-packages/airflow/example_dags/example_branch_labels.py for tasks to queue
[2024-07-22T22:40:58.371+0000] {logging_mixin.py:188} INFO - [2024-07-22T22:40:58.370+0000] {dagbag.py:545} INFO - Filling up the DagBag from /home/airflow/.local/lib/python3.11/site-packages/airflow/example_dags/example_branch_labels.py
[2024-07-22T22:40:58.391+0000] {processor.py:840} INFO - DAG(s) 'example_branch_labels' retrieved from /home/airflow/.local/lib/python3.11/site-packages/airflow/example_dags/example_branch_labels.py
[2024-07-22T22:40:58.437+0000] {logging_mixin.py:188} INFO - [2024-07-22T22:40:58.437+0000] {dag.py:3096} INFO - Sync 1 DAGs
[2024-07-22T22:40:58.483+0000] {logging_mixin.py:188} INFO - [2024-07-22T22:40:58.482+0000] {dag.py:3954} INFO - Setting next_dagrun for example_branch_labels to 2024-07-21 00:00:00+00:00, run_after=2024-07-22 00:00:00+00:00
[2024-07-22T22:40:58.512+0000] {processor.py:183} INFO - Processing /home/airflow/.local/lib/python3.11/site-packages/airflow/example_dags/example_branch_labels.py took 0.167 seconds
[2024-07-22T22:41:29.274+0000] {processor.py:161} INFO - Started process (PID=11184) to work on /home/airflow/.local/lib/python3.11/site-packages/airflow/example_dags/example_branch_labels.py
[2024-07-22T22:41:29.277+0000] {processor.py:830} INFO - Processing file /home/airflow/.local/lib/python3.11/site-packages/airflow/example_dags/example_branch_labels.py for tasks to queue
[2024-07-22T22:41:29.280+0000] {logging_mixin.py:188} INFO - [2024-07-22T22:41:29.279+0000] {dagbag.py:545} INFO - Filling up the DagBag from /home/airflow/.local/lib/python3.11/site-packages/airflow/example_dags/example_branch_labels.py
[2024-07-22T22:41:29.292+0000] {processor.py:840} INFO - DAG(s) 'example_branch_labels' retrieved from /home/airflow/.local/lib/python3.11/site-packages/airflow/example_dags/example_branch_labels.py
[2024-07-22T22:41:29.326+0000] {logging_mixin.py:188} INFO - [2024-07-22T22:41:29.326+0000] {dag.py:3096} INFO - Sync 1 DAGs
[2024-07-22T22:41:29.359+0000] {logging_mixin.py:188} INFO - [2024-07-22T22:41:29.359+0000] {dag.py:3954} INFO - Setting next_dagrun for example_branch_labels to 2024-07-21 00:00:00+00:00, run_after=2024-07-22 00:00:00+00:00
[2024-07-22T22:41:29.384+0000] {processor.py:183} INFO - Processing /home/airflow/.local/lib/python3.11/site-packages/airflow/example_dags/example_branch_labels.py took 0.121 seconds
[2024-07-22T22:41:59.989+0000] {processor.py:161} INFO - Started process (PID=11247) to work on /home/airflow/.local/lib/python3.11/site-packages/airflow/example_dags/example_branch_labels.py
[2024-07-22T22:41:59.991+0000] {processor.py:830} INFO - Processing file /home/airflow/.local/lib/python3.11/site-packages/airflow/example_dags/example_branch_labels.py for tasks to queue
[2024-07-22T22:41:59.994+0000] {logging_mixin.py:188} INFO - [2024-07-22T22:41:59.994+0000] {dagbag.py:545} INFO - Filling up the DagBag from /home/airflow/.local/lib/python3.11/site-packages/airflow/example_dags/example_branch_labels.py
[2024-07-22T22:42:00.008+0000] {processor.py:840} INFO - DAG(s) 'example_branch_labels' retrieved from /home/airflow/.local/lib/python3.11/site-packages/airflow/example_dags/example_branch_labels.py
[2024-07-22T22:42:00.043+0000] {logging_mixin.py:188} INFO - [2024-07-22T22:42:00.043+0000] {dag.py:3096} INFO - Sync 1 DAGs
[2024-07-22T22:42:00.077+0000] {logging_mixin.py:188} INFO - [2024-07-22T22:42:00.076+0000] {dag.py:3954} INFO - Setting next_dagrun for example_branch_labels to 2024-07-21 00:00:00+00:00, run_after=2024-07-22 00:00:00+00:00
[2024-07-22T22:42:00.325+0000] {processor.py:183} INFO - Processing /home/airflow/.local/lib/python3.11/site-packages/airflow/example_dags/example_branch_labels.py took 0.347 seconds
[2024-07-22T22:42:30.447+0000] {processor.py:161} INFO - Started process (PID=11310) to work on /home/airflow/.local/lib/python3.11/site-packages/airflow/example_dags/example_branch_labels.py
[2024-07-22T22:42:30.449+0000] {processor.py:830} INFO - Processing file /home/airflow/.local/lib/python3.11/site-packages/airflow/example_dags/example_branch_labels.py for tasks to queue
[2024-07-22T22:42:30.453+0000] {logging_mixin.py:188} INFO - [2024-07-22T22:42:30.452+0000] {dagbag.py:545} INFO - Filling up the DagBag from /home/airflow/.local/lib/python3.11/site-packages/airflow/example_dags/example_branch_labels.py
[2024-07-22T22:42:30.465+0000] {processor.py:840} INFO - DAG(s) 'example_branch_labels' retrieved from /home/airflow/.local/lib/python3.11/site-packages/airflow/example_dags/example_branch_labels.py
[2024-07-22T22:42:30.503+0000] {logging_mixin.py:188} INFO - [2024-07-22T22:42:30.502+0000] {dag.py:3096} INFO - Sync 1 DAGs
[2024-07-22T22:42:30.539+0000] {logging_mixin.py:188} INFO - [2024-07-22T22:42:30.539+0000] {dag.py:3954} INFO - Setting next_dagrun for example_branch_labels to 2024-07-21 00:00:00+00:00, run_after=2024-07-22 00:00:00+00:00
[2024-07-22T22:42:30.567+0000] {processor.py:183} INFO - Processing /home/airflow/.local/lib/python3.11/site-packages/airflow/example_dags/example_branch_labels.py took 0.131 seconds
[2024-07-22T22:43:01.258+0000] {processor.py:161} INFO - Started process (PID=11367) to work on /home/airflow/.local/lib/python3.11/site-packages/airflow/example_dags/example_branch_labels.py
[2024-07-22T22:43:01.260+0000] {processor.py:830} INFO - Processing file /home/airflow/.local/lib/python3.11/site-packages/airflow/example_dags/example_branch_labels.py for tasks to queue
[2024-07-22T22:43:01.262+0000] {logging_mixin.py:188} INFO - [2024-07-22T22:43:01.261+0000] {dagbag.py:545} INFO - Filling up the DagBag from /home/airflow/.local/lib/python3.11/site-packages/airflow/example_dags/example_branch_labels.py
[2024-07-22T22:43:01.277+0000] {processor.py:840} INFO - DAG(s) 'example_branch_labels' retrieved from /home/airflow/.local/lib/python3.11/site-packages/airflow/example_dags/example_branch_labels.py
[2024-07-22T22:43:01.316+0000] {logging_mixin.py:188} INFO - [2024-07-22T22:43:01.316+0000] {dag.py:3096} INFO - Sync 1 DAGs
[2024-07-22T22:43:01.351+0000] {logging_mixin.py:188} INFO - [2024-07-22T22:43:01.351+0000] {dag.py:3954} INFO - Setting next_dagrun for example_branch_labels to 2024-07-21 00:00:00+00:00, run_after=2024-07-22 00:00:00+00:00
[2024-07-22T22:43:01.377+0000] {processor.py:183} INFO - Processing /home/airflow/.local/lib/python3.11/site-packages/airflow/example_dags/example_branch_labels.py took 0.131 seconds
[2024-07-22T22:43:31.590+0000] {processor.py:161} INFO - Started process (PID=11424) to work on /home/airflow/.local/lib/python3.11/site-packages/airflow/example_dags/example_branch_labels.py
[2024-07-22T22:43:31.591+0000] {processor.py:830} INFO - Processing file /home/airflow/.local/lib/python3.11/site-packages/airflow/example_dags/example_branch_labels.py for tasks to queue
[2024-07-22T22:43:31.592+0000] {logging_mixin.py:188} INFO - [2024-07-22T22:43:31.591+0000] {dagbag.py:545} INFO - Filling up the DagBag from /home/airflow/.local/lib/python3.11/site-packages/airflow/example_dags/example_branch_labels.py
[2024-07-22T22:43:31.608+0000] {processor.py:840} INFO - DAG(s) 'example_branch_labels' retrieved from /home/airflow/.local/lib/python3.11/site-packages/airflow/example_dags/example_branch_labels.py
[2024-07-22T22:43:31.650+0000] {logging_mixin.py:188} INFO - [2024-07-22T22:43:31.650+0000] {dag.py:3096} INFO - Sync 1 DAGs
[2024-07-22T22:43:31.690+0000] {logging_mixin.py:188} INFO - [2024-07-22T22:43:31.690+0000] {dag.py:3954} INFO - Setting next_dagrun for example_branch_labels to 2024-07-21 00:00:00+00:00, run_after=2024-07-22 00:00:00+00:00
[2024-07-22T22:43:31.717+0000] {processor.py:183} INFO - Processing /home/airflow/.local/lib/python3.11/site-packages/airflow/example_dags/example_branch_labels.py took 0.139 seconds
[2024-07-22T22:44:02.980+0000] {processor.py:161} INFO - Started process (PID=11482) to work on /home/airflow/.local/lib/python3.11/site-packages/airflow/example_dags/example_branch_labels.py
[2024-07-22T22:44:02.982+0000] {processor.py:830} INFO - Processing file /home/airflow/.local/lib/python3.11/site-packages/airflow/example_dags/example_branch_labels.py for tasks to queue
[2024-07-22T22:44:02.984+0000] {logging_mixin.py:188} INFO - [2024-07-22T22:44:02.983+0000] {dagbag.py:545} INFO - Filling up the DagBag from /home/airflow/.local/lib/python3.11/site-packages/airflow/example_dags/example_branch_labels.py
[2024-07-22T22:44:02.996+0000] {processor.py:840} INFO - DAG(s) 'example_branch_labels' retrieved from /home/airflow/.local/lib/python3.11/site-packages/airflow/example_dags/example_branch_labels.py
[2024-07-22T22:44:03.033+0000] {logging_mixin.py:188} INFO - [2024-07-22T22:44:03.033+0000] {dag.py:3096} INFO - Sync 1 DAGs
[2024-07-22T22:44:03.295+0000] {logging_mixin.py:188} INFO - [2024-07-22T22:44:03.295+0000] {dag.py:3954} INFO - Setting next_dagrun for example_branch_labels to 2024-07-21 00:00:00+00:00, run_after=2024-07-22 00:00:00+00:00
[2024-07-22T22:44:03.318+0000] {processor.py:183} INFO - Processing /home/airflow/.local/lib/python3.11/site-packages/airflow/example_dags/example_branch_labels.py took 0.349 seconds
