[2024-07-22T22:48:43.646+0000] {processor.py:161} INFO - Started process (PID=12053) to work on /home/airflow/.local/lib/python3.11/site-packages/airflow/example_dags/example_bash_operator.py
[2024-07-22T22:48:43.647+0000] {processor.py:830} INFO - Processing file /home/airflow/.local/lib/python3.11/site-packages/airflow/example_dags/example_bash_operator.py for tasks to queue
[2024-07-22T22:48:43.648+0000] {logging_mixin.py:188} INFO - [2024-07-22T22:48:43.648+0000] {dagbag.py:545} INFO - Filling up the DagBag from /home/airflow/.local/lib/python3.11/site-packages/airflow/example_dags/example_bash_operator.py
[2024-07-22T22:48:43.668+0000] {processor.py:840} INFO - DAG(s) 'example_bash_operator' retrieved from /home/airflow/.local/lib/python3.11/site-packages/airflow/example_dags/example_bash_operator.py
[2024-07-22T22:48:43.718+0000] {logging_mixin.py:188} INFO - [2024-07-22T22:48:43.718+0000] {dag.py:3096} INFO - Sync 1 DAGs
[2024-07-22T22:48:43.751+0000] {logging_mixin.py:188} INFO - [2024-07-22T22:48:43.750+0000] {dag.py:3954} INFO - Setting next_dagrun for example_bash_operator to 2024-07-21 00:00:00+00:00, run_after=2024-07-22 00:00:00+00:00
[2024-07-22T22:48:43.778+0000] {processor.py:183} INFO - Processing /home/airflow/.local/lib/python3.11/site-packages/airflow/example_dags/example_bash_operator.py took 0.142 seconds
[2024-07-22T22:49:13.927+0000] {processor.py:161} INFO - Started process (PID=12116) to work on /home/airflow/.local/lib/python3.11/site-packages/airflow/example_dags/example_bash_operator.py
[2024-07-22T22:49:13.928+0000] {processor.py:830} INFO - Processing file /home/airflow/.local/lib/python3.11/site-packages/airflow/example_dags/example_bash_operator.py for tasks to queue
[2024-07-22T22:49:13.929+0000] {logging_mixin.py:188} INFO - [2024-07-22T22:49:13.929+0000] {dagbag.py:545} INFO - Filling up the DagBag from /home/airflow/.local/lib/python3.11/site-packages/airflow/example_dags/example_bash_operator.py
[2024-07-22T22:49:13.948+0000] {processor.py:840} INFO - DAG(s) 'example_bash_operator' retrieved from /home/airflow/.local/lib/python3.11/site-packages/airflow/example_dags/example_bash_operator.py
[2024-07-22T22:49:13.993+0000] {logging_mixin.py:188} INFO - [2024-07-22T22:49:13.993+0000] {dag.py:3096} INFO - Sync 1 DAGs
[2024-07-22T22:49:14.026+0000] {logging_mixin.py:188} INFO - [2024-07-22T22:49:14.026+0000] {dag.py:3954} INFO - Setting next_dagrun for example_bash_operator to 2024-07-21 00:00:00+00:00, run_after=2024-07-22 00:00:00+00:00
[2024-07-22T22:49:14.052+0000] {processor.py:183} INFO - Processing /home/airflow/.local/lib/python3.11/site-packages/airflow/example_dags/example_bash_operator.py took 0.136 seconds
[2024-07-22T22:49:45.619+0000] {processor.py:161} INFO - Started process (PID=12180) to work on /home/airflow/.local/lib/python3.11/site-packages/airflow/example_dags/example_bash_operator.py
[2024-07-22T22:49:45.621+0000] {processor.py:830} INFO - Processing file /home/airflow/.local/lib/python3.11/site-packages/airflow/example_dags/example_bash_operator.py for tasks to queue
[2024-07-22T22:49:45.623+0000] {logging_mixin.py:188} INFO - [2024-07-22T22:49:45.622+0000] {dagbag.py:545} INFO - Filling up the DagBag from /home/airflow/.local/lib/python3.11/site-packages/airflow/example_dags/example_bash_operator.py
[2024-07-22T22:49:45.648+0000] {processor.py:840} INFO - DAG(s) 'example_bash_operator' retrieved from /home/airflow/.local/lib/python3.11/site-packages/airflow/example_dags/example_bash_operator.py
[2024-07-22T22:49:45.699+0000] {logging_mixin.py:188} INFO - [2024-07-22T22:49:45.699+0000] {dag.py:3096} INFO - Sync 1 DAGs
[2024-07-22T22:49:45.732+0000] {logging_mixin.py:188} INFO - [2024-07-22T22:49:45.732+0000] {dag.py:3954} INFO - Setting next_dagrun for example_bash_operator to 2024-07-21 00:00:00+00:00, run_after=2024-07-22 00:00:00+00:00
[2024-07-22T22:49:45.757+0000] {processor.py:183} INFO - Processing /home/airflow/.local/lib/python3.11/site-packages/airflow/example_dags/example_bash_operator.py took 0.151 seconds
[2024-07-22T22:50:17.150+0000] {processor.py:161} INFO - Started process (PID=12243) to work on /home/airflow/.local/lib/python3.11/site-packages/airflow/example_dags/example_bash_operator.py
[2024-07-22T22:50:17.152+0000] {processor.py:830} INFO - Processing file /home/airflow/.local/lib/python3.11/site-packages/airflow/example_dags/example_bash_operator.py for tasks to queue
[2024-07-22T22:50:17.153+0000] {logging_mixin.py:188} INFO - [2024-07-22T22:50:17.153+0000] {dagbag.py:545} INFO - Filling up the DagBag from /home/airflow/.local/lib/python3.11/site-packages/airflow/example_dags/example_bash_operator.py
[2024-07-22T22:50:17.177+0000] {processor.py:840} INFO - DAG(s) 'example_bash_operator' retrieved from /home/airflow/.local/lib/python3.11/site-packages/airflow/example_dags/example_bash_operator.py
[2024-07-22T22:50:17.225+0000] {logging_mixin.py:188} INFO - [2024-07-22T22:50:17.225+0000] {dag.py:3096} INFO - Sync 1 DAGs
[2024-07-22T22:50:17.263+0000] {logging_mixin.py:188} INFO - [2024-07-22T22:50:17.263+0000] {dag.py:3954} INFO - Setting next_dagrun for example_bash_operator to 2024-07-21 00:00:00+00:00, run_after=2024-07-22 00:00:00+00:00
[2024-07-22T22:50:17.290+0000] {processor.py:183} INFO - Processing /home/airflow/.local/lib/python3.11/site-packages/airflow/example_dags/example_bash_operator.py took 0.151 seconds
