[2024-07-22T22:48:40.912+0000] {processor.py:161} INFO - Started process (PID=12034) to work on /home/airflow/.local/lib/python3.11/site-packages/airflow/example_dags/example_subdag_operator.py
[2024-07-22T22:48:40.913+0000] {processor.py:830} INFO - Processing file /home/airflow/.local/lib/python3.11/site-packages/airflow/example_dags/example_subdag_operator.py for tasks to queue
[2024-07-22T22:48:40.914+0000] {logging_mixin.py:188} INFO - [2024-07-22T22:48:40.914+0000] {dagbag.py:545} INFO - Filling up the DagBag from /home/airflow/.local/lib/python3.11/site-packages/airflow/example_dags/example_subdag_operator.py
[2024-07-22T22:48:40.958+0000] {processor.py:840} INFO - DAG(s) 'example_subdag_operator.section-1', 'example_subdag_operator.section-2', 'example_subdag_operator' retrieved from /home/airflow/.local/lib/python3.11/site-packages/airflow/example_dags/example_subdag_operator.py
[2024-07-22T22:48:40.991+0000] {logging_mixin.py:188} INFO - [2024-07-22T22:48:40.991+0000] {dag.py:3096} INFO - Sync 3 DAGs
[2024-07-22T22:48:41.032+0000] {logging_mixin.py:188} INFO - [2024-07-22T22:48:41.032+0000] {dag.py:3954} INFO - Setting next_dagrun for example_subdag_operator to 2022-01-01 00:00:00+00:00, run_after=2022-01-01 00:00:00+00:00
[2024-07-22T22:48:41.039+0000] {logging_mixin.py:188} INFO - [2024-07-22T22:48:41.039+0000] {dag.py:3954} INFO - Setting next_dagrun for example_subdag_operator.section-1 to None, run_after=None
[2024-07-22T22:48:41.041+0000] {logging_mixin.py:188} INFO - [2024-07-22T22:48:41.041+0000] {dag.py:3954} INFO - Setting next_dagrun for example_subdag_operator.section-2 to None, run_after=None
[2024-07-22T22:48:41.053+0000] {logging_mixin.py:188} INFO - [2024-07-22T22:48:41.053+0000] {dag.py:3096} INFO - Sync 2 DAGs
[2024-07-22T22:48:41.064+0000] {logging_mixin.py:188} INFO - [2024-07-22T22:48:41.063+0000] {dag.py:3954} INFO - Setting next_dagrun for example_subdag_operator.section-1 to None, run_after=None
[2024-07-22T22:48:41.065+0000] {logging_mixin.py:188} INFO - [2024-07-22T22:48:41.064+0000] {dag.py:3954} INFO - Setting next_dagrun for example_subdag_operator.section-2 to None, run_after=None
[2024-07-22T22:48:41.084+0000] {processor.py:183} INFO - Processing /home/airflow/.local/lib/python3.11/site-packages/airflow/example_dags/example_subdag_operator.py took 0.182 seconds
[2024-07-22T22:49:12.231+0000] {processor.py:161} INFO - Started process (PID=12097) to work on /home/airflow/.local/lib/python3.11/site-packages/airflow/example_dags/example_subdag_operator.py
[2024-07-22T22:49:12.232+0000] {processor.py:830} INFO - Processing file /home/airflow/.local/lib/python3.11/site-packages/airflow/example_dags/example_subdag_operator.py for tasks to queue
[2024-07-22T22:49:12.233+0000] {logging_mixin.py:188} INFO - [2024-07-22T22:49:12.233+0000] {dagbag.py:545} INFO - Filling up the DagBag from /home/airflow/.local/lib/python3.11/site-packages/airflow/example_dags/example_subdag_operator.py
[2024-07-22T22:49:12.275+0000] {processor.py:840} INFO - DAG(s) 'example_subdag_operator.section-1', 'example_subdag_operator.section-2', 'example_subdag_operator' retrieved from /home/airflow/.local/lib/python3.11/site-packages/airflow/example_dags/example_subdag_operator.py
[2024-07-22T22:49:12.302+0000] {logging_mixin.py:188} INFO - [2024-07-22T22:49:12.301+0000] {dag.py:3096} INFO - Sync 3 DAGs
[2024-07-22T22:49:12.333+0000] {logging_mixin.py:188} INFO - [2024-07-22T22:49:12.333+0000] {dag.py:3954} INFO - Setting next_dagrun for example_subdag_operator to 2022-01-01 00:00:00+00:00, run_after=2022-01-01 00:00:00+00:00
[2024-07-22T22:49:12.339+0000] {logging_mixin.py:188} INFO - [2024-07-22T22:49:12.339+0000] {dag.py:3954} INFO - Setting next_dagrun for example_subdag_operator.section-1 to None, run_after=None
[2024-07-22T22:49:12.341+0000] {logging_mixin.py:188} INFO - [2024-07-22T22:49:12.340+0000] {dag.py:3954} INFO - Setting next_dagrun for example_subdag_operator.section-2 to None, run_after=None
[2024-07-22T22:49:12.351+0000] {logging_mixin.py:188} INFO - [2024-07-22T22:49:12.350+0000] {dag.py:3096} INFO - Sync 2 DAGs
[2024-07-22T22:49:12.361+0000] {logging_mixin.py:188} INFO - [2024-07-22T22:49:12.360+0000] {dag.py:3954} INFO - Setting next_dagrun for example_subdag_operator.section-1 to None, run_after=None
[2024-07-22T22:49:12.362+0000] {logging_mixin.py:188} INFO - [2024-07-22T22:49:12.361+0000] {dag.py:3954} INFO - Setting next_dagrun for example_subdag_operator.section-2 to None, run_after=None
[2024-07-22T22:49:12.378+0000] {processor.py:183} INFO - Processing /home/airflow/.local/lib/python3.11/site-packages/airflow/example_dags/example_subdag_operator.py took 0.159 seconds
[2024-07-22T22:49:43.843+0000] {processor.py:161} INFO - Started process (PID=12160) to work on /home/airflow/.local/lib/python3.11/site-packages/airflow/example_dags/example_subdag_operator.py
[2024-07-22T22:49:43.845+0000] {processor.py:830} INFO - Processing file /home/airflow/.local/lib/python3.11/site-packages/airflow/example_dags/example_subdag_operator.py for tasks to queue
[2024-07-22T22:49:43.846+0000] {logging_mixin.py:188} INFO - [2024-07-22T22:49:43.846+0000] {dagbag.py:545} INFO - Filling up the DagBag from /home/airflow/.local/lib/python3.11/site-packages/airflow/example_dags/example_subdag_operator.py
[2024-07-22T22:49:43.886+0000] {processor.py:840} INFO - DAG(s) 'example_subdag_operator.section-1', 'example_subdag_operator.section-2', 'example_subdag_operator' retrieved from /home/airflow/.local/lib/python3.11/site-packages/airflow/example_dags/example_subdag_operator.py
[2024-07-22T22:49:43.914+0000] {logging_mixin.py:188} INFO - [2024-07-22T22:49:43.913+0000] {dag.py:3096} INFO - Sync 3 DAGs
[2024-07-22T22:49:43.947+0000] {logging_mixin.py:188} INFO - [2024-07-22T22:49:43.947+0000] {dag.py:3954} INFO - Setting next_dagrun for example_subdag_operator to 2022-01-01 00:00:00+00:00, run_after=2022-01-01 00:00:00+00:00
[2024-07-22T22:49:43.952+0000] {logging_mixin.py:188} INFO - [2024-07-22T22:49:43.952+0000] {dag.py:3954} INFO - Setting next_dagrun for example_subdag_operator.section-1 to None, run_after=None
[2024-07-22T22:49:43.954+0000] {logging_mixin.py:188} INFO - [2024-07-22T22:49:43.954+0000] {dag.py:3954} INFO - Setting next_dagrun for example_subdag_operator.section-2 to None, run_after=None
[2024-07-22T22:49:43.964+0000] {logging_mixin.py:188} INFO - [2024-07-22T22:49:43.963+0000] {dag.py:3096} INFO - Sync 2 DAGs
[2024-07-22T22:49:43.972+0000] {logging_mixin.py:188} INFO - [2024-07-22T22:49:43.971+0000] {dag.py:3954} INFO - Setting next_dagrun for example_subdag_operator.section-1 to None, run_after=None
[2024-07-22T22:49:43.972+0000] {logging_mixin.py:188} INFO - [2024-07-22T22:49:43.972+0000] {dag.py:3954} INFO - Setting next_dagrun for example_subdag_operator.section-2 to None, run_after=None
[2024-07-22T22:49:43.990+0000] {processor.py:183} INFO - Processing /home/airflow/.local/lib/python3.11/site-packages/airflow/example_dags/example_subdag_operator.py took 0.157 seconds
[2024-07-22T22:50:15.529+0000] {processor.py:161} INFO - Started process (PID=12223) to work on /home/airflow/.local/lib/python3.11/site-packages/airflow/example_dags/example_subdag_operator.py
[2024-07-22T22:50:15.531+0000] {processor.py:830} INFO - Processing file /home/airflow/.local/lib/python3.11/site-packages/airflow/example_dags/example_subdag_operator.py for tasks to queue
[2024-07-22T22:50:15.532+0000] {logging_mixin.py:188} INFO - [2024-07-22T22:50:15.531+0000] {dagbag.py:545} INFO - Filling up the DagBag from /home/airflow/.local/lib/python3.11/site-packages/airflow/example_dags/example_subdag_operator.py
[2024-07-22T22:50:15.571+0000] {processor.py:840} INFO - DAG(s) 'example_subdag_operator.section-1', 'example_subdag_operator.section-2', 'example_subdag_operator' retrieved from /home/airflow/.local/lib/python3.11/site-packages/airflow/example_dags/example_subdag_operator.py
[2024-07-22T22:50:15.600+0000] {logging_mixin.py:188} INFO - [2024-07-22T22:50:15.599+0000] {dag.py:3096} INFO - Sync 3 DAGs
[2024-07-22T22:50:15.633+0000] {logging_mixin.py:188} INFO - [2024-07-22T22:50:15.633+0000] {dag.py:3954} INFO - Setting next_dagrun for example_subdag_operator to 2022-01-01 00:00:00+00:00, run_after=2022-01-01 00:00:00+00:00
[2024-07-22T22:50:15.638+0000] {logging_mixin.py:188} INFO - [2024-07-22T22:50:15.638+0000] {dag.py:3954} INFO - Setting next_dagrun for example_subdag_operator.section-1 to None, run_after=None
[2024-07-22T22:50:15.640+0000] {logging_mixin.py:188} INFO - [2024-07-22T22:50:15.640+0000] {dag.py:3954} INFO - Setting next_dagrun for example_subdag_operator.section-2 to None, run_after=None
[2024-07-22T22:50:15.649+0000] {logging_mixin.py:188} INFO - [2024-07-22T22:50:15.649+0000] {dag.py:3096} INFO - Sync 2 DAGs
[2024-07-22T22:50:15.657+0000] {logging_mixin.py:188} INFO - [2024-07-22T22:50:15.657+0000] {dag.py:3954} INFO - Setting next_dagrun for example_subdag_operator.section-1 to None, run_after=None
[2024-07-22T22:50:15.658+0000] {logging_mixin.py:188} INFO - [2024-07-22T22:50:15.658+0000] {dag.py:3954} INFO - Setting next_dagrun for example_subdag_operator.section-2 to None, run_after=None
[2024-07-22T22:50:15.674+0000] {processor.py:183} INFO - Processing /home/airflow/.local/lib/python3.11/site-packages/airflow/example_dags/example_subdag_operator.py took 0.156 seconds
