[2024-07-22T22:48:49.174+0000] {processor.py:161} INFO - Started process (PID=12060) to work on /home/airflow/.local/lib/python3.11/site-packages/airflow/example_dags/example_display_name.py
[2024-07-22T22:48:49.175+0000] {processor.py:830} INFO - Processing file /home/airflow/.local/lib/python3.11/site-packages/airflow/example_dags/example_display_name.py for tasks to queue
[2024-07-22T22:48:49.176+0000] {logging_mixin.py:188} INFO - [2024-07-22T22:48:49.176+0000] {dagbag.py:545} INFO - Filling up the DagBag from /home/airflow/.local/lib/python3.11/site-packages/airflow/example_dags/example_display_name.py
[2024-07-22T22:48:49.185+0000] {processor.py:840} INFO - DAG(s) 'example_display_name' retrieved from /home/airflow/.local/lib/python3.11/site-packages/airflow/example_dags/example_display_name.py
[2024-07-22T22:48:49.218+0000] {logging_mixin.py:188} INFO - [2024-07-22T22:48:49.218+0000] {dag.py:3096} INFO - Sync 1 DAGs
[2024-07-22T22:48:49.238+0000] {logging_mixin.py:188} INFO - [2024-07-22T22:48:49.238+0000] {dag.py:3954} INFO - Setting next_dagrun for example_display_name to None, run_after=None
[2024-07-22T22:48:49.265+0000] {processor.py:183} INFO - Processing /home/airflow/.local/lib/python3.11/site-packages/airflow/example_dags/example_display_name.py took 0.101 seconds
[2024-07-22T22:49:19.455+0000] {processor.py:161} INFO - Started process (PID=12123) to work on /home/airflow/.local/lib/python3.11/site-packages/airflow/example_dags/example_display_name.py
[2024-07-22T22:49:19.456+0000] {processor.py:830} INFO - Processing file /home/airflow/.local/lib/python3.11/site-packages/airflow/example_dags/example_display_name.py for tasks to queue
[2024-07-22T22:49:19.458+0000] {logging_mixin.py:188} INFO - [2024-07-22T22:49:19.457+0000] {dagbag.py:545} INFO - Filling up the DagBag from /home/airflow/.local/lib/python3.11/site-packages/airflow/example_dags/example_display_name.py
[2024-07-22T22:49:19.467+0000] {processor.py:840} INFO - DAG(s) 'example_display_name' retrieved from /home/airflow/.local/lib/python3.11/site-packages/airflow/example_dags/example_display_name.py
[2024-07-22T22:49:19.501+0000] {logging_mixin.py:188} INFO - [2024-07-22T22:49:19.500+0000] {dag.py:3096} INFO - Sync 1 DAGs
[2024-07-22T22:49:19.519+0000] {logging_mixin.py:188} INFO - [2024-07-22T22:49:19.519+0000] {dag.py:3954} INFO - Setting next_dagrun for example_display_name to None, run_after=None
[2024-07-22T22:49:19.544+0000] {processor.py:183} INFO - Processing /home/airflow/.local/lib/python3.11/site-packages/airflow/example_dags/example_display_name.py took 0.100 seconds
[2024-07-22T22:49:50.046+0000] {processor.py:161} INFO - Started process (PID=12186) to work on /home/airflow/.local/lib/python3.11/site-packages/airflow/example_dags/example_display_name.py
[2024-07-22T22:49:50.048+0000] {processor.py:830} INFO - Processing file /home/airflow/.local/lib/python3.11/site-packages/airflow/example_dags/example_display_name.py for tasks to queue
[2024-07-22T22:49:50.049+0000] {logging_mixin.py:188} INFO - [2024-07-22T22:49:50.048+0000] {dagbag.py:545} INFO - Filling up the DagBag from /home/airflow/.local/lib/python3.11/site-packages/airflow/example_dags/example_display_name.py
[2024-07-22T22:49:50.060+0000] {processor.py:840} INFO - DAG(s) 'example_display_name' retrieved from /home/airflow/.local/lib/python3.11/site-packages/airflow/example_dags/example_display_name.py
[2024-07-22T22:49:50.095+0000] {logging_mixin.py:188} INFO - [2024-07-22T22:49:50.094+0000] {dag.py:3096} INFO - Sync 1 DAGs
[2024-07-22T22:49:50.113+0000] {logging_mixin.py:188} INFO - [2024-07-22T22:49:50.113+0000] {dag.py:3954} INFO - Setting next_dagrun for example_display_name to None, run_after=None
[2024-07-22T22:49:50.138+0000] {processor.py:183} INFO - Processing /home/airflow/.local/lib/python3.11/site-packages/airflow/example_dags/example_display_name.py took 0.103 seconds
[2024-07-22T22:50:20.695+0000] {processor.py:161} INFO - Started process (PID=12249) to work on /home/airflow/.local/lib/python3.11/site-packages/airflow/example_dags/example_display_name.py
[2024-07-22T22:50:20.696+0000] {processor.py:830} INFO - Processing file /home/airflow/.local/lib/python3.11/site-packages/airflow/example_dags/example_display_name.py for tasks to queue
[2024-07-22T22:50:20.697+0000] {logging_mixin.py:188} INFO - [2024-07-22T22:50:20.697+0000] {dagbag.py:545} INFO - Filling up the DagBag from /home/airflow/.local/lib/python3.11/site-packages/airflow/example_dags/example_display_name.py
[2024-07-22T22:50:20.707+0000] {processor.py:840} INFO - DAG(s) 'example_display_name' retrieved from /home/airflow/.local/lib/python3.11/site-packages/airflow/example_dags/example_display_name.py
[2024-07-22T22:50:20.739+0000] {logging_mixin.py:188} INFO - [2024-07-22T22:50:20.739+0000] {dag.py:3096} INFO - Sync 1 DAGs
[2024-07-22T22:50:20.758+0000] {logging_mixin.py:188} INFO - [2024-07-22T22:50:20.757+0000] {dag.py:3954} INFO - Setting next_dagrun for example_display_name to None, run_after=None
[2024-07-22T22:50:20.784+0000] {processor.py:183} INFO - Processing /home/airflow/.local/lib/python3.11/site-packages/airflow/example_dags/example_display_name.py took 0.101 seconds
