[2024-07-22T22:37:46.371+0000] {processor.py:161} INFO - Started process (PID=10721) to work on /home/airflow/.local/lib/python3.11/site-packages/airflow/example_dags/example_xcomargs.py
[2024-07-22T22:37:46.373+0000] {processor.py:830} INFO - Processing file /home/airflow/.local/lib/python3.11/site-packages/airflow/example_dags/example_xcomargs.py for tasks to queue
[2024-07-22T22:37:46.375+0000] {logging_mixin.py:188} INFO - [2024-07-22T22:37:46.375+0000] {dagbag.py:545} INFO - Filling up the DagBag from /home/airflow/.local/lib/python3.11/site-packages/airflow/example_dags/example_xcomargs.py
[2024-07-22T22:37:46.390+0000] {processor.py:840} INFO - DAG(s) 'example_xcom_args', 'example_xcom_args_with_operators' retrieved from /home/airflow/.local/lib/python3.11/site-packages/airflow/example_dags/example_xcomargs.py
[2024-07-22T22:37:46.427+0000] {logging_mixin.py:188} INFO - [2024-07-22T22:37:46.427+0000] {dag.py:3096} INFO - Sync 2 DAGs
[2024-07-22T22:37:46.446+0000] {logging_mixin.py:188} INFO - [2024-07-22T22:37:46.446+0000] {dag.py:3954} INFO - Setting next_dagrun for example_xcom_args to None, run_after=None
[2024-07-22T22:37:46.451+0000] {logging_mixin.py:188} INFO - [2024-07-22T22:37:46.451+0000] {dag.py:3954} INFO - Setting next_dagrun for example_xcom_args_with_operators to None, run_after=None
[2024-07-22T22:37:46.476+0000] {processor.py:183} INFO - Processing /home/airflow/.local/lib/python3.11/site-packages/airflow/example_dags/example_xcomargs.py took 0.117 seconds
[2024-07-22T22:38:16.605+0000] {processor.py:161} INFO - Started process (PID=10784) to work on /home/airflow/.local/lib/python3.11/site-packages/airflow/example_dags/example_xcomargs.py
[2024-07-22T22:38:16.607+0000] {processor.py:830} INFO - Processing file /home/airflow/.local/lib/python3.11/site-packages/airflow/example_dags/example_xcomargs.py for tasks to queue
[2024-07-22T22:38:16.609+0000] {logging_mixin.py:188} INFO - [2024-07-22T22:38:16.609+0000] {dagbag.py:545} INFO - Filling up the DagBag from /home/airflow/.local/lib/python3.11/site-packages/airflow/example_dags/example_xcomargs.py
[2024-07-22T22:38:16.626+0000] {processor.py:840} INFO - DAG(s) 'example_xcom_args', 'example_xcom_args_with_operators' retrieved from /home/airflow/.local/lib/python3.11/site-packages/airflow/example_dags/example_xcomargs.py
[2024-07-22T22:38:16.664+0000] {logging_mixin.py:188} INFO - [2024-07-22T22:38:16.663+0000] {dag.py:3096} INFO - Sync 2 DAGs
[2024-07-22T22:38:16.685+0000] {logging_mixin.py:188} INFO - [2024-07-22T22:38:16.684+0000] {dag.py:3954} INFO - Setting next_dagrun for example_xcom_args to None, run_after=None
[2024-07-22T22:38:16.691+0000] {logging_mixin.py:188} INFO - [2024-07-22T22:38:16.691+0000] {dag.py:3954} INFO - Setting next_dagrun for example_xcom_args_with_operators to None, run_after=None
[2024-07-22T22:38:16.714+0000] {processor.py:183} INFO - Processing /home/airflow/.local/lib/python3.11/site-packages/airflow/example_dags/example_xcomargs.py took 0.119 seconds
[2024-07-22T22:38:46.825+0000] {processor.py:161} INFO - Started process (PID=10846) to work on /home/airflow/.local/lib/python3.11/site-packages/airflow/example_dags/example_xcomargs.py
[2024-07-22T22:38:46.827+0000] {processor.py:830} INFO - Processing file /home/airflow/.local/lib/python3.11/site-packages/airflow/example_dags/example_xcomargs.py for tasks to queue
[2024-07-22T22:38:46.830+0000] {logging_mixin.py:188} INFO - [2024-07-22T22:38:46.829+0000] {dagbag.py:545} INFO - Filling up the DagBag from /home/airflow/.local/lib/python3.11/site-packages/airflow/example_dags/example_xcomargs.py
[2024-07-22T22:38:46.844+0000] {processor.py:840} INFO - DAG(s) 'example_xcom_args_with_operators', 'example_xcom_args' retrieved from /home/airflow/.local/lib/python3.11/site-packages/airflow/example_dags/example_xcomargs.py
[2024-07-22T22:38:46.884+0000] {logging_mixin.py:188} INFO - [2024-07-22T22:38:46.883+0000] {dag.py:3096} INFO - Sync 2 DAGs
[2024-07-22T22:38:46.905+0000] {logging_mixin.py:188} INFO - [2024-07-22T22:38:46.904+0000] {dag.py:3954} INFO - Setting next_dagrun for example_xcom_args to None, run_after=None
[2024-07-22T22:38:46.911+0000] {logging_mixin.py:188} INFO - [2024-07-22T22:38:46.910+0000] {dag.py:3954} INFO - Setting next_dagrun for example_xcom_args_with_operators to None, run_after=None
[2024-07-22T22:38:46.934+0000] {processor.py:183} INFO - Processing /home/airflow/.local/lib/python3.11/site-packages/airflow/example_dags/example_xcomargs.py took 0.121 seconds
[2024-07-22T22:39:17.696+0000] {processor.py:161} INFO - Started process (PID=10909) to work on /home/airflow/.local/lib/python3.11/site-packages/airflow/example_dags/example_xcomargs.py
[2024-07-22T22:39:17.697+0000] {processor.py:830} INFO - Processing file /home/airflow/.local/lib/python3.11/site-packages/airflow/example_dags/example_xcomargs.py for tasks to queue
[2024-07-22T22:39:17.701+0000] {logging_mixin.py:188} INFO - [2024-07-22T22:39:17.700+0000] {dagbag.py:545} INFO - Filling up the DagBag from /home/airflow/.local/lib/python3.11/site-packages/airflow/example_dags/example_xcomargs.py
[2024-07-22T22:39:17.719+0000] {processor.py:840} INFO - DAG(s) 'example_xcom_args_with_operators', 'example_xcom_args' retrieved from /home/airflow/.local/lib/python3.11/site-packages/airflow/example_dags/example_xcomargs.py
[2024-07-22T22:39:17.766+0000] {logging_mixin.py:188} INFO - [2024-07-22T22:39:17.765+0000] {dag.py:3096} INFO - Sync 2 DAGs
[2024-07-22T22:39:17.794+0000] {logging_mixin.py:188} INFO - [2024-07-22T22:39:17.793+0000] {dag.py:3954} INFO - Setting next_dagrun for example_xcom_args to None, run_after=None
[2024-07-22T22:39:17.802+0000] {logging_mixin.py:188} INFO - [2024-07-22T22:39:17.801+0000] {dag.py:3954} INFO - Setting next_dagrun for example_xcom_args_with_operators to None, run_after=None
[2024-07-22T22:39:17.827+0000] {processor.py:183} INFO - Processing /home/airflow/.local/lib/python3.11/site-packages/airflow/example_dags/example_xcomargs.py took 0.146 seconds
[2024-07-22T22:39:47.911+0000] {processor.py:161} INFO - Started process (PID=10972) to work on /home/airflow/.local/lib/python3.11/site-packages/airflow/example_dags/example_xcomargs.py
[2024-07-22T22:39:47.913+0000] {processor.py:830} INFO - Processing file /home/airflow/.local/lib/python3.11/site-packages/airflow/example_dags/example_xcomargs.py for tasks to queue
[2024-07-22T22:39:47.917+0000] {logging_mixin.py:188} INFO - [2024-07-22T22:39:47.916+0000] {dagbag.py:545} INFO - Filling up the DagBag from /home/airflow/.local/lib/python3.11/site-packages/airflow/example_dags/example_xcomargs.py
[2024-07-22T22:39:47.937+0000] {processor.py:840} INFO - DAG(s) 'example_xcom_args', 'example_xcom_args_with_operators' retrieved from /home/airflow/.local/lib/python3.11/site-packages/airflow/example_dags/example_xcomargs.py
[2024-07-22T22:39:47.976+0000] {logging_mixin.py:188} INFO - [2024-07-22T22:39:47.976+0000] {dag.py:3096} INFO - Sync 2 DAGs
[2024-07-22T22:39:47.997+0000] {logging_mixin.py:188} INFO - [2024-07-22T22:39:47.997+0000] {dag.py:3954} INFO - Setting next_dagrun for example_xcom_args to None, run_after=None
[2024-07-22T22:39:48.002+0000] {logging_mixin.py:188} INFO - [2024-07-22T22:39:48.002+0000] {dag.py:3954} INFO - Setting next_dagrun for example_xcom_args_with_operators to None, run_after=None
[2024-07-22T22:39:48.025+0000] {processor.py:183} INFO - Processing /home/airflow/.local/lib/python3.11/site-packages/airflow/example_dags/example_xcomargs.py took 0.129 seconds
[2024-07-22T22:40:18.435+0000] {processor.py:161} INFO - Started process (PID=11035) to work on /home/airflow/.local/lib/python3.11/site-packages/airflow/example_dags/example_xcomargs.py
[2024-07-22T22:40:18.437+0000] {processor.py:830} INFO - Processing file /home/airflow/.local/lib/python3.11/site-packages/airflow/example_dags/example_xcomargs.py for tasks to queue
[2024-07-22T22:40:18.440+0000] {logging_mixin.py:188} INFO - [2024-07-22T22:40:18.439+0000] {dagbag.py:545} INFO - Filling up the DagBag from /home/airflow/.local/lib/python3.11/site-packages/airflow/example_dags/example_xcomargs.py
[2024-07-22T22:40:18.453+0000] {processor.py:840} INFO - DAG(s) 'example_xcom_args', 'example_xcom_args_with_operators' retrieved from /home/airflow/.local/lib/python3.11/site-packages/airflow/example_dags/example_xcomargs.py
[2024-07-22T22:40:18.492+0000] {logging_mixin.py:188} INFO - [2024-07-22T22:40:18.491+0000] {dag.py:3096} INFO - Sync 2 DAGs
[2024-07-22T22:40:18.513+0000] {logging_mixin.py:188} INFO - [2024-07-22T22:40:18.513+0000] {dag.py:3954} INFO - Setting next_dagrun for example_xcom_args to None, run_after=None
[2024-07-22T22:40:18.520+0000] {logging_mixin.py:188} INFO - [2024-07-22T22:40:18.519+0000] {dag.py:3954} INFO - Setting next_dagrun for example_xcom_args_with_operators to None, run_after=None
[2024-07-22T22:40:18.548+0000] {processor.py:183} INFO - Processing /home/airflow/.local/lib/python3.11/site-packages/airflow/example_dags/example_xcomargs.py took 0.128 seconds
[2024-07-22T22:40:48.655+0000] {processor.py:161} INFO - Started process (PID=11098) to work on /home/airflow/.local/lib/python3.11/site-packages/airflow/example_dags/example_xcomargs.py
[2024-07-22T22:40:48.656+0000] {processor.py:830} INFO - Processing file /home/airflow/.local/lib/python3.11/site-packages/airflow/example_dags/example_xcomargs.py for tasks to queue
[2024-07-22T22:40:48.659+0000] {logging_mixin.py:188} INFO - [2024-07-22T22:40:48.659+0000] {dagbag.py:545} INFO - Filling up the DagBag from /home/airflow/.local/lib/python3.11/site-packages/airflow/example_dags/example_xcomargs.py
[2024-07-22T22:40:48.675+0000] {processor.py:840} INFO - DAG(s) 'example_xcom_args_with_operators', 'example_xcom_args' retrieved from /home/airflow/.local/lib/python3.11/site-packages/airflow/example_dags/example_xcomargs.py
[2024-07-22T22:40:48.717+0000] {logging_mixin.py:188} INFO - [2024-07-22T22:40:48.716+0000] {dag.py:3096} INFO - Sync 2 DAGs
[2024-07-22T22:40:48.743+0000] {logging_mixin.py:188} INFO - [2024-07-22T22:40:48.742+0000] {dag.py:3954} INFO - Setting next_dagrun for example_xcom_args to None, run_after=None
[2024-07-22T22:40:48.748+0000] {logging_mixin.py:188} INFO - [2024-07-22T22:40:48.748+0000] {dag.py:3954} INFO - Setting next_dagrun for example_xcom_args_with_operators to None, run_after=None
[2024-07-22T22:40:48.772+0000] {processor.py:183} INFO - Processing /home/airflow/.local/lib/python3.11/site-packages/airflow/example_dags/example_xcomargs.py took 0.132 seconds
[2024-07-22T22:41:19.373+0000] {processor.py:161} INFO - Started process (PID=11162) to work on /home/airflow/.local/lib/python3.11/site-packages/airflow/example_dags/example_xcomargs.py
[2024-07-22T22:41:19.375+0000] {processor.py:830} INFO - Processing file /home/airflow/.local/lib/python3.11/site-packages/airflow/example_dags/example_xcomargs.py for tasks to queue
[2024-07-22T22:41:19.377+0000] {logging_mixin.py:188} INFO - [2024-07-22T22:41:19.377+0000] {dagbag.py:545} INFO - Filling up the DagBag from /home/airflow/.local/lib/python3.11/site-packages/airflow/example_dags/example_xcomargs.py
[2024-07-22T22:41:19.392+0000] {processor.py:840} INFO - DAG(s) 'example_xcom_args_with_operators', 'example_xcom_args' retrieved from /home/airflow/.local/lib/python3.11/site-packages/airflow/example_dags/example_xcomargs.py
[2024-07-22T22:41:19.430+0000] {logging_mixin.py:188} INFO - [2024-07-22T22:41:19.429+0000] {dag.py:3096} INFO - Sync 2 DAGs
[2024-07-22T22:41:19.450+0000] {logging_mixin.py:188} INFO - [2024-07-22T22:41:19.449+0000] {dag.py:3954} INFO - Setting next_dagrun for example_xcom_args to None, run_after=None
[2024-07-22T22:41:19.455+0000] {logging_mixin.py:188} INFO - [2024-07-22T22:41:19.455+0000] {dag.py:3954} INFO - Setting next_dagrun for example_xcom_args_with_operators to None, run_after=None
[2024-07-22T22:41:19.480+0000] {processor.py:183} INFO - Processing /home/airflow/.local/lib/python3.11/site-packages/airflow/example_dags/example_xcomargs.py took 0.121 seconds
[2024-07-22T22:41:49.821+0000] {processor.py:161} INFO - Started process (PID=11225) to work on /home/airflow/.local/lib/python3.11/site-packages/airflow/example_dags/example_xcomargs.py
[2024-07-22T22:41:49.822+0000] {processor.py:830} INFO - Processing file /home/airflow/.local/lib/python3.11/site-packages/airflow/example_dags/example_xcomargs.py for tasks to queue
[2024-07-22T22:41:49.825+0000] {logging_mixin.py:188} INFO - [2024-07-22T22:41:49.825+0000] {dagbag.py:545} INFO - Filling up the DagBag from /home/airflow/.local/lib/python3.11/site-packages/airflow/example_dags/example_xcomargs.py
[2024-07-22T22:41:49.841+0000] {processor.py:840} INFO - DAG(s) 'example_xcom_args_with_operators', 'example_xcom_args' retrieved from /home/airflow/.local/lib/python3.11/site-packages/airflow/example_dags/example_xcomargs.py
[2024-07-22T22:41:49.882+0000] {logging_mixin.py:188} INFO - [2024-07-22T22:41:49.881+0000] {dag.py:3096} INFO - Sync 2 DAGs
[2024-07-22T22:41:49.906+0000] {logging_mixin.py:188} INFO - [2024-07-22T22:41:49.905+0000] {dag.py:3954} INFO - Setting next_dagrun for example_xcom_args to None, run_after=None
[2024-07-22T22:41:49.912+0000] {logging_mixin.py:188} INFO - [2024-07-22T22:41:49.911+0000] {dag.py:3954} INFO - Setting next_dagrun for example_xcom_args_with_operators to None, run_after=None
[2024-07-22T22:41:49.939+0000] {processor.py:183} INFO - Processing /home/airflow/.local/lib/python3.11/site-packages/airflow/example_dags/example_xcomargs.py took 0.133 seconds
[2024-07-22T22:42:20.095+0000] {processor.py:161} INFO - Started process (PID=11288) to work on /home/airflow/.local/lib/python3.11/site-packages/airflow/example_dags/example_xcomargs.py
[2024-07-22T22:42:20.096+0000] {processor.py:830} INFO - Processing file /home/airflow/.local/lib/python3.11/site-packages/airflow/example_dags/example_xcomargs.py for tasks to queue
[2024-07-22T22:42:20.099+0000] {logging_mixin.py:188} INFO - [2024-07-22T22:42:20.099+0000] {dagbag.py:545} INFO - Filling up the DagBag from /home/airflow/.local/lib/python3.11/site-packages/airflow/example_dags/example_xcomargs.py
[2024-07-22T22:42:20.114+0000] {processor.py:840} INFO - DAG(s) 'example_xcom_args_with_operators', 'example_xcom_args' retrieved from /home/airflow/.local/lib/python3.11/site-packages/airflow/example_dags/example_xcomargs.py
[2024-07-22T22:42:20.159+0000] {logging_mixin.py:188} INFO - [2024-07-22T22:42:20.158+0000] {dag.py:3096} INFO - Sync 2 DAGs
[2024-07-22T22:42:20.183+0000] {logging_mixin.py:188} INFO - [2024-07-22T22:42:20.183+0000] {dag.py:3954} INFO - Setting next_dagrun for example_xcom_args to None, run_after=None
[2024-07-22T22:42:20.190+0000] {logging_mixin.py:188} INFO - [2024-07-22T22:42:20.189+0000] {dag.py:3954} INFO - Setting next_dagrun for example_xcom_args_with_operators to None, run_after=None
[2024-07-22T22:42:20.216+0000] {processor.py:183} INFO - Processing /home/airflow/.local/lib/python3.11/site-packages/airflow/example_dags/example_xcomargs.py took 0.135 seconds
[2024-07-22T22:42:50.910+0000] {processor.py:161} INFO - Started process (PID=11348) to work on /home/airflow/.local/lib/python3.11/site-packages/airflow/example_dags/example_xcomargs.py
[2024-07-22T22:42:50.912+0000] {processor.py:830} INFO - Processing file /home/airflow/.local/lib/python3.11/site-packages/airflow/example_dags/example_xcomargs.py for tasks to queue
[2024-07-22T22:42:50.914+0000] {logging_mixin.py:188} INFO - [2024-07-22T22:42:50.913+0000] {dagbag.py:545} INFO - Filling up the DagBag from /home/airflow/.local/lib/python3.11/site-packages/airflow/example_dags/example_xcomargs.py
[2024-07-22T22:42:50.928+0000] {processor.py:840} INFO - DAG(s) 'example_xcom_args_with_operators', 'example_xcom_args' retrieved from /home/airflow/.local/lib/python3.11/site-packages/airflow/example_dags/example_xcomargs.py
[2024-07-22T22:42:50.974+0000] {logging_mixin.py:188} INFO - [2024-07-22T22:42:50.973+0000] {dag.py:3096} INFO - Sync 2 DAGs
[2024-07-22T22:42:50.998+0000] {logging_mixin.py:188} INFO - [2024-07-22T22:42:50.998+0000] {dag.py:3954} INFO - Setting next_dagrun for example_xcom_args to None, run_after=None
[2024-07-22T22:42:51.005+0000] {logging_mixin.py:188} INFO - [2024-07-22T22:42:51.004+0000] {dag.py:3954} INFO - Setting next_dagrun for example_xcom_args_with_operators to None, run_after=None
[2024-07-22T22:42:51.030+0000] {processor.py:183} INFO - Processing /home/airflow/.local/lib/python3.11/site-packages/airflow/example_dags/example_xcomargs.py took 0.133 seconds
[2024-07-22T22:43:21.402+0000] {processor.py:161} INFO - Started process (PID=11405) to work on /home/airflow/.local/lib/python3.11/site-packages/airflow/example_dags/example_xcomargs.py
[2024-07-22T22:43:21.403+0000] {processor.py:830} INFO - Processing file /home/airflow/.local/lib/python3.11/site-packages/airflow/example_dags/example_xcomargs.py for tasks to queue
[2024-07-22T22:43:21.404+0000] {logging_mixin.py:188} INFO - [2024-07-22T22:43:21.404+0000] {dagbag.py:545} INFO - Filling up the DagBag from /home/airflow/.local/lib/python3.11/site-packages/airflow/example_dags/example_xcomargs.py
[2024-07-22T22:43:21.419+0000] {processor.py:840} INFO - DAG(s) 'example_xcom_args_with_operators', 'example_xcom_args' retrieved from /home/airflow/.local/lib/python3.11/site-packages/airflow/example_dags/example_xcomargs.py
[2024-07-22T22:43:21.459+0000] {logging_mixin.py:188} INFO - [2024-07-22T22:43:21.459+0000] {dag.py:3096} INFO - Sync 2 DAGs
[2024-07-22T22:43:21.703+0000] {logging_mixin.py:188} INFO - [2024-07-22T22:43:21.703+0000] {dag.py:3954} INFO - Setting next_dagrun for example_xcom_args to None, run_after=None
[2024-07-22T22:43:21.709+0000] {logging_mixin.py:188} INFO - [2024-07-22T22:43:21.708+0000] {dag.py:3954} INFO - Setting next_dagrun for example_xcom_args_with_operators to None, run_after=None
[2024-07-22T22:43:21.730+0000] {processor.py:183} INFO - Processing /home/airflow/.local/lib/python3.11/site-packages/airflow/example_dags/example_xcomargs.py took 0.339 seconds
[2024-07-22T22:43:52.046+0000] {processor.py:161} INFO - Started process (PID=11463) to work on /home/airflow/.local/lib/python3.11/site-packages/airflow/example_dags/example_xcomargs.py
[2024-07-22T22:43:52.049+0000] {processor.py:830} INFO - Processing file /home/airflow/.local/lib/python3.11/site-packages/airflow/example_dags/example_xcomargs.py for tasks to queue
[2024-07-22T22:43:52.051+0000] {logging_mixin.py:188} INFO - [2024-07-22T22:43:52.050+0000] {dagbag.py:545} INFO - Filling up the DagBag from /home/airflow/.local/lib/python3.11/site-packages/airflow/example_dags/example_xcomargs.py
[2024-07-22T22:43:52.073+0000] {processor.py:840} INFO - DAG(s) 'example_xcom_args_with_operators', 'example_xcom_args' retrieved from /home/airflow/.local/lib/python3.11/site-packages/airflow/example_dags/example_xcomargs.py
[2024-07-22T22:43:52.123+0000] {logging_mixin.py:188} INFO - [2024-07-22T22:43:52.122+0000] {dag.py:3096} INFO - Sync 2 DAGs
[2024-07-22T22:43:52.149+0000] {logging_mixin.py:188} INFO - [2024-07-22T22:43:52.149+0000] {dag.py:3954} INFO - Setting next_dagrun for example_xcom_args to None, run_after=None
[2024-07-22T22:43:52.156+0000] {logging_mixin.py:188} INFO - [2024-07-22T22:43:52.155+0000] {dag.py:3954} INFO - Setting next_dagrun for example_xcom_args_with_operators to None, run_after=None
[2024-07-22T22:43:52.461+0000] {processor.py:183} INFO - Processing /home/airflow/.local/lib/python3.11/site-packages/airflow/example_dags/example_xcomargs.py took 0.431 seconds
