[2024-07-22T22:48:41.982+0000] {processor.py:161} INFO - Started process (PID=12045) to work on /home/airflow/.local/lib/python3.11/site-packages/airflow/example_dags/example_python_operator.py
[2024-07-22T22:48:41.984+0000] {processor.py:830} INFO - Processing file /home/airflow/.local/lib/python3.11/site-packages/airflow/example_dags/example_python_operator.py for tasks to queue
[2024-07-22T22:48:41.985+0000] {logging_mixin.py:188} INFO - [2024-07-22T22:48:41.984+0000] {dagbag.py:545} INFO - Filling up the DagBag from /home/airflow/.local/lib/python3.11/site-packages/airflow/example_dags/example_python_operator.py
[2024-07-22T22:48:42.002+0000] {processor.py:840} INFO - DAG(s) 'example_python_operator' retrieved from /home/airflow/.local/lib/python3.11/site-packages/airflow/example_dags/example_python_operator.py
[2024-07-22T22:48:42.047+0000] {logging_mixin.py:188} INFO - [2024-07-22T22:48:42.047+0000] {dag.py:3096} INFO - Sync 1 DAGs
[2024-07-22T22:48:42.072+0000] {logging_mixin.py:188} INFO - [2024-07-22T22:48:42.072+0000] {dag.py:3954} INFO - Setting next_dagrun for example_python_operator to None, run_after=None
[2024-07-22T22:48:42.106+0000] {processor.py:183} INFO - Processing /home/airflow/.local/lib/python3.11/site-packages/airflow/example_dags/example_python_operator.py took 0.134 seconds
[2024-07-22T22:49:13.021+0000] {processor.py:161} INFO - Started process (PID=12106) to work on /home/airflow/.local/lib/python3.11/site-packages/airflow/example_dags/example_python_operator.py
[2024-07-22T22:49:13.022+0000] {processor.py:830} INFO - Processing file /home/airflow/.local/lib/python3.11/site-packages/airflow/example_dags/example_python_operator.py for tasks to queue
[2024-07-22T22:49:13.023+0000] {logging_mixin.py:188} INFO - [2024-07-22T22:49:13.023+0000] {dagbag.py:545} INFO - Filling up the DagBag from /home/airflow/.local/lib/python3.11/site-packages/airflow/example_dags/example_python_operator.py
[2024-07-22T22:49:13.040+0000] {processor.py:840} INFO - DAG(s) 'example_python_operator' retrieved from /home/airflow/.local/lib/python3.11/site-packages/airflow/example_dags/example_python_operator.py
[2024-07-22T22:49:13.080+0000] {logging_mixin.py:188} INFO - [2024-07-22T22:49:13.080+0000] {dag.py:3096} INFO - Sync 1 DAGs
[2024-07-22T22:49:13.100+0000] {logging_mixin.py:188} INFO - [2024-07-22T22:49:13.099+0000] {dag.py:3954} INFO - Setting next_dagrun for example_python_operator to None, run_after=None
[2024-07-22T22:49:13.131+0000] {processor.py:183} INFO - Processing /home/airflow/.local/lib/python3.11/site-packages/airflow/example_dags/example_python_operator.py took 0.120 seconds
[2024-07-22T22:49:44.699+0000] {processor.py:161} INFO - Started process (PID=12169) to work on /home/airflow/.local/lib/python3.11/site-packages/airflow/example_dags/example_python_operator.py
[2024-07-22T22:49:44.701+0000] {processor.py:830} INFO - Processing file /home/airflow/.local/lib/python3.11/site-packages/airflow/example_dags/example_python_operator.py for tasks to queue
[2024-07-22T22:49:44.703+0000] {logging_mixin.py:188} INFO - [2024-07-22T22:49:44.702+0000] {dagbag.py:545} INFO - Filling up the DagBag from /home/airflow/.local/lib/python3.11/site-packages/airflow/example_dags/example_python_operator.py
[2024-07-22T22:49:44.720+0000] {processor.py:840} INFO - DAG(s) 'example_python_operator' retrieved from /home/airflow/.local/lib/python3.11/site-packages/airflow/example_dags/example_python_operator.py
[2024-07-22T22:49:44.763+0000] {logging_mixin.py:188} INFO - [2024-07-22T22:49:44.763+0000] {dag.py:3096} INFO - Sync 1 DAGs
[2024-07-22T22:49:44.782+0000] {logging_mixin.py:188} INFO - [2024-07-22T22:49:44.782+0000] {dag.py:3954} INFO - Setting next_dagrun for example_python_operator to None, run_after=None
[2024-07-22T22:49:44.811+0000] {processor.py:183} INFO - Processing /home/airflow/.local/lib/python3.11/site-packages/airflow/example_dags/example_python_operator.py took 0.124 seconds
[2024-07-22T22:50:16.265+0000] {processor.py:161} INFO - Started process (PID=12232) to work on /home/airflow/.local/lib/python3.11/site-packages/airflow/example_dags/example_python_operator.py
[2024-07-22T22:50:16.267+0000] {processor.py:830} INFO - Processing file /home/airflow/.local/lib/python3.11/site-packages/airflow/example_dags/example_python_operator.py for tasks to queue
[2024-07-22T22:50:16.269+0000] {logging_mixin.py:188} INFO - [2024-07-22T22:50:16.268+0000] {dagbag.py:545} INFO - Filling up the DagBag from /home/airflow/.local/lib/python3.11/site-packages/airflow/example_dags/example_python_operator.py
[2024-07-22T22:50:16.288+0000] {processor.py:840} INFO - DAG(s) 'example_python_operator' retrieved from /home/airflow/.local/lib/python3.11/site-packages/airflow/example_dags/example_python_operator.py
[2024-07-22T22:50:16.330+0000] {logging_mixin.py:188} INFO - [2024-07-22T22:50:16.330+0000] {dag.py:3096} INFO - Sync 1 DAGs
[2024-07-22T22:50:16.356+0000] {logging_mixin.py:188} INFO - [2024-07-22T22:50:16.356+0000] {dag.py:3954} INFO - Setting next_dagrun for example_python_operator to None, run_after=None
[2024-07-22T22:50:16.384+0000] {processor.py:183} INFO - Processing /home/airflow/.local/lib/python3.11/site-packages/airflow/example_dags/example_python_operator.py took 0.130 seconds
