[2024-07-22T22:38:00.570+0000] {processor.py:161} INFO - Started process (PID=10756) to work on /home/airflow/.local/lib/python3.11/site-packages/airflow/example_dags/example_trigger_target_dag.py
[2024-07-22T22:38:00.572+0000] {processor.py:830} INFO - Processing file /home/airflow/.local/lib/python3.11/site-packages/airflow/example_dags/example_trigger_target_dag.py for tasks to queue
[2024-07-22T22:38:00.574+0000] {logging_mixin.py:188} INFO - [2024-07-22T22:38:00.574+0000] {dagbag.py:545} INFO - Filling up the DagBag from /home/airflow/.local/lib/python3.11/site-packages/airflow/example_dags/example_trigger_target_dag.py
[2024-07-22T22:38:00.584+0000] {processor.py:840} INFO - DAG(s) 'example_trigger_target_dag' retrieved from /home/airflow/.local/lib/python3.11/site-packages/airflow/example_dags/example_trigger_target_dag.py
[2024-07-22T22:38:00.621+0000] {logging_mixin.py:188} INFO - [2024-07-22T22:38:00.621+0000] {dag.py:3096} INFO - Sync 1 DAGs
[2024-07-22T22:38:00.642+0000] {logging_mixin.py:188} INFO - [2024-07-22T22:38:00.642+0000] {dag.py:3954} INFO - Setting next_dagrun for example_trigger_target_dag to None, run_after=None
[2024-07-22T22:38:00.666+0000] {processor.py:183} INFO - Processing /home/airflow/.local/lib/python3.11/site-packages/airflow/example_dags/example_trigger_target_dag.py took 0.108 seconds
[2024-07-22T22:38:30.832+0000] {processor.py:161} INFO - Started process (PID=10819) to work on /home/airflow/.local/lib/python3.11/site-packages/airflow/example_dags/example_trigger_target_dag.py
[2024-07-22T22:38:30.833+0000] {processor.py:830} INFO - Processing file /home/airflow/.local/lib/python3.11/site-packages/airflow/example_dags/example_trigger_target_dag.py for tasks to queue
[2024-07-22T22:38:30.836+0000] {logging_mixin.py:188} INFO - [2024-07-22T22:38:30.836+0000] {dagbag.py:545} INFO - Filling up the DagBag from /home/airflow/.local/lib/python3.11/site-packages/airflow/example_dags/example_trigger_target_dag.py
[2024-07-22T22:38:30.846+0000] {processor.py:840} INFO - DAG(s) 'example_trigger_target_dag' retrieved from /home/airflow/.local/lib/python3.11/site-packages/airflow/example_dags/example_trigger_target_dag.py
[2024-07-22T22:38:30.875+0000] {logging_mixin.py:188} INFO - [2024-07-22T22:38:30.874+0000] {dag.py:3096} INFO - Sync 1 DAGs
[2024-07-22T22:38:30.895+0000] {logging_mixin.py:188} INFO - [2024-07-22T22:38:30.895+0000] {dag.py:3954} INFO - Setting next_dagrun for example_trigger_target_dag to None, run_after=None
[2024-07-22T22:38:30.919+0000] {processor.py:183} INFO - Processing /home/airflow/.local/lib/python3.11/site-packages/airflow/example_dags/example_trigger_target_dag.py took 0.100 seconds
[2024-07-22T22:39:01.449+0000] {processor.py:161} INFO - Started process (PID=10883) to work on /home/airflow/.local/lib/python3.11/site-packages/airflow/example_dags/example_trigger_target_dag.py
[2024-07-22T22:39:01.451+0000] {processor.py:830} INFO - Processing file /home/airflow/.local/lib/python3.11/site-packages/airflow/example_dags/example_trigger_target_dag.py for tasks to queue
[2024-07-22T22:39:01.454+0000] {logging_mixin.py:188} INFO - [2024-07-22T22:39:01.454+0000] {dagbag.py:545} INFO - Filling up the DagBag from /home/airflow/.local/lib/python3.11/site-packages/airflow/example_dags/example_trigger_target_dag.py
[2024-07-22T22:39:01.466+0000] {processor.py:840} INFO - DAG(s) 'example_trigger_target_dag' retrieved from /home/airflow/.local/lib/python3.11/site-packages/airflow/example_dags/example_trigger_target_dag.py
[2024-07-22T22:39:01.497+0000] {logging_mixin.py:188} INFO - [2024-07-22T22:39:01.497+0000] {dag.py:3096} INFO - Sync 1 DAGs
[2024-07-22T22:39:01.516+0000] {logging_mixin.py:188} INFO - [2024-07-22T22:39:01.515+0000] {dag.py:3954} INFO - Setting next_dagrun for example_trigger_target_dag to None, run_after=None
[2024-07-22T22:39:01.543+0000] {processor.py:183} INFO - Processing /home/airflow/.local/lib/python3.11/site-packages/airflow/example_dags/example_trigger_target_dag.py took 0.105 seconds
[2024-07-22T22:39:32.523+0000] {processor.py:161} INFO - Started process (PID=10945) to work on /home/airflow/.local/lib/python3.11/site-packages/airflow/example_dags/example_trigger_target_dag.py
[2024-07-22T22:39:32.524+0000] {processor.py:830} INFO - Processing file /home/airflow/.local/lib/python3.11/site-packages/airflow/example_dags/example_trigger_target_dag.py for tasks to queue
[2024-07-22T22:39:32.527+0000] {logging_mixin.py:188} INFO - [2024-07-22T22:39:32.526+0000] {dagbag.py:545} INFO - Filling up the DagBag from /home/airflow/.local/lib/python3.11/site-packages/airflow/example_dags/example_trigger_target_dag.py
[2024-07-22T22:39:32.537+0000] {processor.py:840} INFO - DAG(s) 'example_trigger_target_dag' retrieved from /home/airflow/.local/lib/python3.11/site-packages/airflow/example_dags/example_trigger_target_dag.py
[2024-07-22T22:39:32.569+0000] {logging_mixin.py:188} INFO - [2024-07-22T22:39:32.569+0000] {dag.py:3096} INFO - Sync 1 DAGs
[2024-07-22T22:39:32.588+0000] {logging_mixin.py:188} INFO - [2024-07-22T22:39:32.588+0000] {dag.py:3954} INFO - Setting next_dagrun for example_trigger_target_dag to None, run_after=None
[2024-07-22T22:39:32.614+0000] {processor.py:183} INFO - Processing /home/airflow/.local/lib/python3.11/site-packages/airflow/example_dags/example_trigger_target_dag.py took 0.102 seconds
[2024-07-22T22:40:03.568+0000] {processor.py:161} INFO - Started process (PID=11007) to work on /home/airflow/.local/lib/python3.11/site-packages/airflow/example_dags/example_trigger_target_dag.py
[2024-07-22T22:40:03.571+0000] {processor.py:830} INFO - Processing file /home/airflow/.local/lib/python3.11/site-packages/airflow/example_dags/example_trigger_target_dag.py for tasks to queue
[2024-07-22T22:40:03.575+0000] {logging_mixin.py:188} INFO - [2024-07-22T22:40:03.574+0000] {dagbag.py:545} INFO - Filling up the DagBag from /home/airflow/.local/lib/python3.11/site-packages/airflow/example_dags/example_trigger_target_dag.py
[2024-07-22T22:40:03.590+0000] {processor.py:840} INFO - DAG(s) 'example_trigger_target_dag' retrieved from /home/airflow/.local/lib/python3.11/site-packages/airflow/example_dags/example_trigger_target_dag.py
[2024-07-22T22:40:03.630+0000] {logging_mixin.py:188} INFO - [2024-07-22T22:40:03.630+0000] {dag.py:3096} INFO - Sync 1 DAGs
[2024-07-22T22:40:03.654+0000] {logging_mixin.py:188} INFO - [2024-07-22T22:40:03.653+0000] {dag.py:3954} INFO - Setting next_dagrun for example_trigger_target_dag to None, run_after=None
[2024-07-22T22:40:03.681+0000] {processor.py:183} INFO - Processing /home/airflow/.local/lib/python3.11/site-packages/airflow/example_dags/example_trigger_target_dag.py took 0.129 seconds
[2024-07-22T22:40:33.903+0000] {processor.py:161} INFO - Started process (PID=11069) to work on /home/airflow/.local/lib/python3.11/site-packages/airflow/example_dags/example_trigger_target_dag.py
[2024-07-22T22:40:33.906+0000] {processor.py:830} INFO - Processing file /home/airflow/.local/lib/python3.11/site-packages/airflow/example_dags/example_trigger_target_dag.py for tasks to queue
[2024-07-22T22:40:33.909+0000] {logging_mixin.py:188} INFO - [2024-07-22T22:40:33.908+0000] {dagbag.py:545} INFO - Filling up the DagBag from /home/airflow/.local/lib/python3.11/site-packages/airflow/example_dags/example_trigger_target_dag.py
[2024-07-22T22:40:33.920+0000] {processor.py:840} INFO - DAG(s) 'example_trigger_target_dag' retrieved from /home/airflow/.local/lib/python3.11/site-packages/airflow/example_dags/example_trigger_target_dag.py
[2024-07-22T22:40:33.954+0000] {logging_mixin.py:188} INFO - [2024-07-22T22:40:33.953+0000] {dag.py:3096} INFO - Sync 1 DAGs
[2024-07-22T22:40:33.974+0000] {logging_mixin.py:188} INFO - [2024-07-22T22:40:33.973+0000] {dag.py:3954} INFO - Setting next_dagrun for example_trigger_target_dag to None, run_after=None
[2024-07-22T22:40:34.007+0000] {processor.py:183} INFO - Processing /home/airflow/.local/lib/python3.11/site-packages/airflow/example_dags/example_trigger_target_dag.py took 0.115 seconds
[2024-07-22T22:41:04.521+0000] {processor.py:161} INFO - Started process (PID=11132) to work on /home/airflow/.local/lib/python3.11/site-packages/airflow/example_dags/example_trigger_target_dag.py
[2024-07-22T22:41:04.522+0000] {processor.py:830} INFO - Processing file /home/airflow/.local/lib/python3.11/site-packages/airflow/example_dags/example_trigger_target_dag.py for tasks to queue
[2024-07-22T22:41:04.525+0000] {logging_mixin.py:188} INFO - [2024-07-22T22:41:04.524+0000] {dagbag.py:545} INFO - Filling up the DagBag from /home/airflow/.local/lib/python3.11/site-packages/airflow/example_dags/example_trigger_target_dag.py
[2024-07-22T22:41:04.536+0000] {processor.py:840} INFO - DAG(s) 'example_trigger_target_dag' retrieved from /home/airflow/.local/lib/python3.11/site-packages/airflow/example_dags/example_trigger_target_dag.py
[2024-07-22T22:41:04.566+0000] {logging_mixin.py:188} INFO - [2024-07-22T22:41:04.566+0000] {dag.py:3096} INFO - Sync 1 DAGs
[2024-07-22T22:41:04.584+0000] {logging_mixin.py:188} INFO - [2024-07-22T22:41:04.584+0000] {dag.py:3954} INFO - Setting next_dagrun for example_trigger_target_dag to None, run_after=None
[2024-07-22T22:41:04.609+0000] {processor.py:183} INFO - Processing /home/airflow/.local/lib/python3.11/site-packages/airflow/example_dags/example_trigger_target_dag.py took 0.100 seconds
[2024-07-22T22:41:35.299+0000] {processor.py:161} INFO - Started process (PID=11196) to work on /home/airflow/.local/lib/python3.11/site-packages/airflow/example_dags/example_trigger_target_dag.py
[2024-07-22T22:41:35.306+0000] {processor.py:830} INFO - Processing file /home/airflow/.local/lib/python3.11/site-packages/airflow/example_dags/example_trigger_target_dag.py for tasks to queue
[2024-07-22T22:41:35.309+0000] {logging_mixin.py:188} INFO - [2024-07-22T22:41:35.308+0000] {dagbag.py:545} INFO - Filling up the DagBag from /home/airflow/.local/lib/python3.11/site-packages/airflow/example_dags/example_trigger_target_dag.py
[2024-07-22T22:41:35.324+0000] {processor.py:840} INFO - DAG(s) 'example_trigger_target_dag' retrieved from /home/airflow/.local/lib/python3.11/site-packages/airflow/example_dags/example_trigger_target_dag.py
[2024-07-22T22:41:35.362+0000] {logging_mixin.py:188} INFO - [2024-07-22T22:41:35.362+0000] {dag.py:3096} INFO - Sync 1 DAGs
[2024-07-22T22:41:35.386+0000] {logging_mixin.py:188} INFO - [2024-07-22T22:41:35.386+0000] {dag.py:3954} INFO - Setting next_dagrun for example_trigger_target_dag to None, run_after=None
[2024-07-22T22:41:35.416+0000] {processor.py:183} INFO - Processing /home/airflow/.local/lib/python3.11/site-packages/airflow/example_dags/example_trigger_target_dag.py took 0.132 seconds
[2024-07-22T22:42:05.523+0000] {processor.py:161} INFO - Started process (PID=11259) to work on /home/airflow/.local/lib/python3.11/site-packages/airflow/example_dags/example_trigger_target_dag.py
[2024-07-22T22:42:05.524+0000] {processor.py:830} INFO - Processing file /home/airflow/.local/lib/python3.11/site-packages/airflow/example_dags/example_trigger_target_dag.py for tasks to queue
[2024-07-22T22:42:05.527+0000] {logging_mixin.py:188} INFO - [2024-07-22T22:42:05.526+0000] {dagbag.py:545} INFO - Filling up the DagBag from /home/airflow/.local/lib/python3.11/site-packages/airflow/example_dags/example_trigger_target_dag.py
[2024-07-22T22:42:05.537+0000] {processor.py:840} INFO - DAG(s) 'example_trigger_target_dag' retrieved from /home/airflow/.local/lib/python3.11/site-packages/airflow/example_dags/example_trigger_target_dag.py
[2024-07-22T22:42:05.575+0000] {logging_mixin.py:188} INFO - [2024-07-22T22:42:05.575+0000] {dag.py:3096} INFO - Sync 1 DAGs
[2024-07-22T22:42:05.601+0000] {logging_mixin.py:188} INFO - [2024-07-22T22:42:05.601+0000] {dag.py:3954} INFO - Setting next_dagrun for example_trigger_target_dag to None, run_after=None
[2024-07-22T22:42:05.635+0000] {processor.py:183} INFO - Processing /home/airflow/.local/lib/python3.11/site-packages/airflow/example_dags/example_trigger_target_dag.py took 0.128 seconds
[2024-07-22T22:42:35.722+0000] {processor.py:161} INFO - Started process (PID=11322) to work on /home/airflow/.local/lib/python3.11/site-packages/airflow/example_dags/example_trigger_target_dag.py
[2024-07-22T22:42:35.730+0000] {processor.py:830} INFO - Processing file /home/airflow/.local/lib/python3.11/site-packages/airflow/example_dags/example_trigger_target_dag.py for tasks to queue
[2024-07-22T22:42:35.731+0000] {logging_mixin.py:188} INFO - [2024-07-22T22:42:35.730+0000] {dagbag.py:545} INFO - Filling up the DagBag from /home/airflow/.local/lib/python3.11/site-packages/airflow/example_dags/example_trigger_target_dag.py
[2024-07-22T22:42:35.747+0000] {processor.py:840} INFO - DAG(s) 'example_trigger_target_dag' retrieved from /home/airflow/.local/lib/python3.11/site-packages/airflow/example_dags/example_trigger_target_dag.py
[2024-07-22T22:42:35.797+0000] {logging_mixin.py:188} INFO - [2024-07-22T22:42:35.796+0000] {dag.py:3096} INFO - Sync 1 DAGs
[2024-07-22T22:42:35.822+0000] {logging_mixin.py:188} INFO - [2024-07-22T22:42:35.822+0000] {dag.py:3954} INFO - Setting next_dagrun for example_trigger_target_dag to None, run_after=None
[2024-07-22T22:42:35.901+0000] {processor.py:183} INFO - Processing /home/airflow/.local/lib/python3.11/site-packages/airflow/example_dags/example_trigger_target_dag.py took 0.194 seconds
[2024-07-22T22:43:06.582+0000] {processor.py:161} INFO - Started process (PID=11379) to work on /home/airflow/.local/lib/python3.11/site-packages/airflow/example_dags/example_trigger_target_dag.py
[2024-07-22T22:43:06.584+0000] {processor.py:830} INFO - Processing file /home/airflow/.local/lib/python3.11/site-packages/airflow/example_dags/example_trigger_target_dag.py for tasks to queue
[2024-07-22T22:43:06.585+0000] {logging_mixin.py:188} INFO - [2024-07-22T22:43:06.584+0000] {dagbag.py:545} INFO - Filling up the DagBag from /home/airflow/.local/lib/python3.11/site-packages/airflow/example_dags/example_trigger_target_dag.py
[2024-07-22T22:43:06.595+0000] {processor.py:840} INFO - DAG(s) 'example_trigger_target_dag' retrieved from /home/airflow/.local/lib/python3.11/site-packages/airflow/example_dags/example_trigger_target_dag.py
[2024-07-22T22:43:06.634+0000] {logging_mixin.py:188} INFO - [2024-07-22T22:43:06.633+0000] {dag.py:3096} INFO - Sync 1 DAGs
[2024-07-22T22:43:06.654+0000] {logging_mixin.py:188} INFO - [2024-07-22T22:43:06.654+0000] {dag.py:3954} INFO - Setting next_dagrun for example_trigger_target_dag to None, run_after=None
[2024-07-22T22:43:06.681+0000] {processor.py:183} INFO - Processing /home/airflow/.local/lib/python3.11/site-packages/airflow/example_dags/example_trigger_target_dag.py took 0.110 seconds
[2024-07-22T22:43:37.071+0000] {processor.py:161} INFO - Started process (PID=11436) to work on /home/airflow/.local/lib/python3.11/site-packages/airflow/example_dags/example_trigger_target_dag.py
[2024-07-22T22:43:37.073+0000] {processor.py:830} INFO - Processing file /home/airflow/.local/lib/python3.11/site-packages/airflow/example_dags/example_trigger_target_dag.py for tasks to queue
[2024-07-22T22:43:37.074+0000] {logging_mixin.py:188} INFO - [2024-07-22T22:43:37.073+0000] {dagbag.py:545} INFO - Filling up the DagBag from /home/airflow/.local/lib/python3.11/site-packages/airflow/example_dags/example_trigger_target_dag.py
[2024-07-22T22:43:37.085+0000] {processor.py:840} INFO - DAG(s) 'example_trigger_target_dag' retrieved from /home/airflow/.local/lib/python3.11/site-packages/airflow/example_dags/example_trigger_target_dag.py
[2024-07-22T22:43:37.118+0000] {logging_mixin.py:188} INFO - [2024-07-22T22:43:37.117+0000] {dag.py:3096} INFO - Sync 1 DAGs
[2024-07-22T22:43:37.136+0000] {logging_mixin.py:188} INFO - [2024-07-22T22:43:37.136+0000] {dag.py:3954} INFO - Setting next_dagrun for example_trigger_target_dag to None, run_after=None
[2024-07-22T22:43:37.161+0000] {processor.py:183} INFO - Processing /home/airflow/.local/lib/python3.11/site-packages/airflow/example_dags/example_trigger_target_dag.py took 0.101 seconds
