[2024-07-22T22:37:51.256+0000] {processor.py:161} INFO - Started process (PID=10734) to work on /home/airflow/.local/lib/python3.11/site-packages/airflow/example_dags/example_branch_operator.py
[2024-07-22T22:37:51.258+0000] {processor.py:830} INFO - Processing file /home/airflow/.local/lib/python3.11/site-packages/airflow/example_dags/example_branch_operator.py for tasks to queue
[2024-07-22T22:37:51.261+0000] {logging_mixin.py:188} INFO - [2024-07-22T22:37:51.260+0000] {dagbag.py:545} INFO - Filling up the DagBag from /home/airflow/.local/lib/python3.11/site-packages/airflow/example_dags/example_branch_operator.py
[2024-07-22T22:37:51.288+0000] {processor.py:840} INFO - DAG(s) 'example_branch_operator' retrieved from /home/airflow/.local/lib/python3.11/site-packages/airflow/example_dags/example_branch_operator.py
[2024-07-22T22:37:51.334+0000] {logging_mixin.py:188} INFO - [2024-07-22T22:37:51.334+0000] {dag.py:3096} INFO - Sync 1 DAGs
[2024-07-22T22:37:51.369+0000] {logging_mixin.py:188} INFO - [2024-07-22T22:37:51.369+0000] {dag.py:3954} INFO - Setting next_dagrun for example_branch_operator to 2024-07-21 00:00:00+00:00, run_after=2024-07-22 00:00:00+00:00
[2024-07-22T22:37:51.397+0000] {processor.py:183} INFO - Processing /home/airflow/.local/lib/python3.11/site-packages/airflow/example_dags/example_branch_operator.py took 0.151 seconds
[2024-07-22T22:38:21.484+0000] {processor.py:161} INFO - Started process (PID=10797) to work on /home/airflow/.local/lib/python3.11/site-packages/airflow/example_dags/example_branch_operator.py
[2024-07-22T22:38:21.486+0000] {processor.py:830} INFO - Processing file /home/airflow/.local/lib/python3.11/site-packages/airflow/example_dags/example_branch_operator.py for tasks to queue
[2024-07-22T22:38:21.489+0000] {logging_mixin.py:188} INFO - [2024-07-22T22:38:21.488+0000] {dagbag.py:545} INFO - Filling up the DagBag from /home/airflow/.local/lib/python3.11/site-packages/airflow/example_dags/example_branch_operator.py
[2024-07-22T22:38:21.516+0000] {processor.py:840} INFO - DAG(s) 'example_branch_operator' retrieved from /home/airflow/.local/lib/python3.11/site-packages/airflow/example_dags/example_branch_operator.py
[2024-07-22T22:38:21.563+0000] {logging_mixin.py:188} INFO - [2024-07-22T22:38:21.562+0000] {dag.py:3096} INFO - Sync 1 DAGs
[2024-07-22T22:38:21.597+0000] {logging_mixin.py:188} INFO - [2024-07-22T22:38:21.596+0000] {dag.py:3954} INFO - Setting next_dagrun for example_branch_operator to 2024-07-21 00:00:00+00:00, run_after=2024-07-22 00:00:00+00:00
[2024-07-22T22:38:21.621+0000] {processor.py:183} INFO - Processing /home/airflow/.local/lib/python3.11/site-packages/airflow/example_dags/example_branch_operator.py took 0.149 seconds
[2024-07-22T22:38:51.684+0000] {processor.py:161} INFO - Started process (PID=10861) to work on /home/airflow/.local/lib/python3.11/site-packages/airflow/example_dags/example_branch_operator.py
[2024-07-22T22:38:51.685+0000] {processor.py:830} INFO - Processing file /home/airflow/.local/lib/python3.11/site-packages/airflow/example_dags/example_branch_operator.py for tasks to queue
[2024-07-22T22:38:51.688+0000] {logging_mixin.py:188} INFO - [2024-07-22T22:38:51.687+0000] {dagbag.py:545} INFO - Filling up the DagBag from /home/airflow/.local/lib/python3.11/site-packages/airflow/example_dags/example_branch_operator.py
[2024-07-22T22:38:51.715+0000] {processor.py:840} INFO - DAG(s) 'example_branch_operator' retrieved from /home/airflow/.local/lib/python3.11/site-packages/airflow/example_dags/example_branch_operator.py
[2024-07-22T22:38:51.757+0000] {logging_mixin.py:188} INFO - [2024-07-22T22:38:51.756+0000] {dag.py:3096} INFO - Sync 1 DAGs
[2024-07-22T22:38:51.788+0000] {logging_mixin.py:188} INFO - [2024-07-22T22:38:51.788+0000] {dag.py:3954} INFO - Setting next_dagrun for example_branch_operator to 2024-07-21 00:00:00+00:00, run_after=2024-07-22 00:00:00+00:00
[2024-07-22T22:38:51.812+0000] {processor.py:183} INFO - Processing /home/airflow/.local/lib/python3.11/site-packages/airflow/example_dags/example_branch_operator.py took 0.140 seconds
[2024-07-22T22:39:22.608+0000] {processor.py:161} INFO - Started process (PID=10924) to work on /home/airflow/.local/lib/python3.11/site-packages/airflow/example_dags/example_branch_operator.py
[2024-07-22T22:39:22.610+0000] {processor.py:830} INFO - Processing file /home/airflow/.local/lib/python3.11/site-packages/airflow/example_dags/example_branch_operator.py for tasks to queue
[2024-07-22T22:39:22.613+0000] {logging_mixin.py:188} INFO - [2024-07-22T22:39:22.613+0000] {dagbag.py:545} INFO - Filling up the DagBag from /home/airflow/.local/lib/python3.11/site-packages/airflow/example_dags/example_branch_operator.py
[2024-07-22T22:39:22.641+0000] {processor.py:840} INFO - DAG(s) 'example_branch_operator' retrieved from /home/airflow/.local/lib/python3.11/site-packages/airflow/example_dags/example_branch_operator.py
[2024-07-22T22:39:22.689+0000] {logging_mixin.py:188} INFO - [2024-07-22T22:39:22.688+0000] {dag.py:3096} INFO - Sync 1 DAGs
[2024-07-22T22:39:22.724+0000] {logging_mixin.py:188} INFO - [2024-07-22T22:39:22.724+0000] {dag.py:3954} INFO - Setting next_dagrun for example_branch_operator to 2024-07-21 00:00:00+00:00, run_after=2024-07-22 00:00:00+00:00
[2024-07-22T22:39:22.753+0000] {processor.py:183} INFO - Processing /home/airflow/.local/lib/python3.11/site-packages/airflow/example_dags/example_branch_operator.py took 0.155 seconds
[2024-07-22T22:39:52.983+0000] {processor.py:161} INFO - Started process (PID=10987) to work on /home/airflow/.local/lib/python3.11/site-packages/airflow/example_dags/example_branch_operator.py
[2024-07-22T22:39:52.985+0000] {processor.py:830} INFO - Processing file /home/airflow/.local/lib/python3.11/site-packages/airflow/example_dags/example_branch_operator.py for tasks to queue
[2024-07-22T22:39:52.989+0000] {logging_mixin.py:188} INFO - [2024-07-22T22:39:52.988+0000] {dagbag.py:545} INFO - Filling up the DagBag from /home/airflow/.local/lib/python3.11/site-packages/airflow/example_dags/example_branch_operator.py
[2024-07-22T22:39:53.028+0000] {processor.py:840} INFO - DAG(s) 'example_branch_operator' retrieved from /home/airflow/.local/lib/python3.11/site-packages/airflow/example_dags/example_branch_operator.py
[2024-07-22T22:39:53.076+0000] {logging_mixin.py:188} INFO - [2024-07-22T22:39:53.075+0000] {dag.py:3096} INFO - Sync 1 DAGs
[2024-07-22T22:39:53.110+0000] {logging_mixin.py:188} INFO - [2024-07-22T22:39:53.109+0000] {dag.py:3954} INFO - Setting next_dagrun for example_branch_operator to 2024-07-21 00:00:00+00:00, run_after=2024-07-22 00:00:00+00:00
[2024-07-22T22:39:53.137+0000] {processor.py:183} INFO - Processing /home/airflow/.local/lib/python3.11/site-packages/airflow/example_dags/example_branch_operator.py took 0.172 seconds
[2024-07-22T22:40:23.383+0000] {processor.py:161} INFO - Started process (PID=11050) to work on /home/airflow/.local/lib/python3.11/site-packages/airflow/example_dags/example_branch_operator.py
[2024-07-22T22:40:23.385+0000] {processor.py:830} INFO - Processing file /home/airflow/.local/lib/python3.11/site-packages/airflow/example_dags/example_branch_operator.py for tasks to queue
[2024-07-22T22:40:23.389+0000] {logging_mixin.py:188} INFO - [2024-07-22T22:40:23.388+0000] {dagbag.py:545} INFO - Filling up the DagBag from /home/airflow/.local/lib/python3.11/site-packages/airflow/example_dags/example_branch_operator.py
[2024-07-22T22:40:23.425+0000] {processor.py:840} INFO - DAG(s) 'example_branch_operator' retrieved from /home/airflow/.local/lib/python3.11/site-packages/airflow/example_dags/example_branch_operator.py
[2024-07-22T22:40:23.487+0000] {logging_mixin.py:188} INFO - [2024-07-22T22:40:23.486+0000] {dag.py:3096} INFO - Sync 1 DAGs
[2024-07-22T22:40:23.533+0000] {logging_mixin.py:188} INFO - [2024-07-22T22:40:23.532+0000] {dag.py:3954} INFO - Setting next_dagrun for example_branch_operator to 2024-07-21 00:00:00+00:00, run_after=2024-07-22 00:00:00+00:00
[2024-07-22T22:40:23.564+0000] {processor.py:183} INFO - Processing /home/airflow/.local/lib/python3.11/site-packages/airflow/example_dags/example_branch_operator.py took 0.194 seconds
[2024-07-22T22:40:53.675+0000] {processor.py:161} INFO - Started process (PID=11112) to work on /home/airflow/.local/lib/python3.11/site-packages/airflow/example_dags/example_branch_operator.py
[2024-07-22T22:40:53.676+0000] {processor.py:830} INFO - Processing file /home/airflow/.local/lib/python3.11/site-packages/airflow/example_dags/example_branch_operator.py for tasks to queue
[2024-07-22T22:40:53.679+0000] {logging_mixin.py:188} INFO - [2024-07-22T22:40:53.678+0000] {dagbag.py:545} INFO - Filling up the DagBag from /home/airflow/.local/lib/python3.11/site-packages/airflow/example_dags/example_branch_operator.py
[2024-07-22T22:40:53.706+0000] {processor.py:840} INFO - DAG(s) 'example_branch_operator' retrieved from /home/airflow/.local/lib/python3.11/site-packages/airflow/example_dags/example_branch_operator.py
[2024-07-22T22:40:53.753+0000] {logging_mixin.py:188} INFO - [2024-07-22T22:40:53.753+0000] {dag.py:3096} INFO - Sync 1 DAGs
[2024-07-22T22:40:53.790+0000] {logging_mixin.py:188} INFO - [2024-07-22T22:40:53.789+0000] {dag.py:3954} INFO - Setting next_dagrun for example_branch_operator to 2024-07-21 00:00:00+00:00, run_after=2024-07-22 00:00:00+00:00
[2024-07-22T22:40:53.821+0000] {processor.py:183} INFO - Processing /home/airflow/.local/lib/python3.11/site-packages/airflow/example_dags/example_branch_operator.py took 0.158 seconds
[2024-07-22T22:41:24.483+0000] {processor.py:161} INFO - Started process (PID=11175) to work on /home/airflow/.local/lib/python3.11/site-packages/airflow/example_dags/example_branch_operator.py
[2024-07-22T22:41:24.485+0000] {processor.py:830} INFO - Processing file /home/airflow/.local/lib/python3.11/site-packages/airflow/example_dags/example_branch_operator.py for tasks to queue
[2024-07-22T22:41:24.488+0000] {logging_mixin.py:188} INFO - [2024-07-22T22:41:24.488+0000] {dagbag.py:545} INFO - Filling up the DagBag from /home/airflow/.local/lib/python3.11/site-packages/airflow/example_dags/example_branch_operator.py
[2024-07-22T22:41:24.515+0000] {processor.py:840} INFO - DAG(s) 'example_branch_operator' retrieved from /home/airflow/.local/lib/python3.11/site-packages/airflow/example_dags/example_branch_operator.py
[2024-07-22T22:41:24.562+0000] {logging_mixin.py:188} INFO - [2024-07-22T22:41:24.562+0000] {dag.py:3096} INFO - Sync 1 DAGs
[2024-07-22T22:41:24.826+0000] {logging_mixin.py:188} INFO - [2024-07-22T22:41:24.825+0000] {dag.py:3954} INFO - Setting next_dagrun for example_branch_operator to 2024-07-21 00:00:00+00:00, run_after=2024-07-22 00:00:00+00:00
[2024-07-22T22:41:24.848+0000] {processor.py:183} INFO - Processing /home/airflow/.local/lib/python3.11/site-packages/airflow/example_dags/example_branch_operator.py took 0.378 seconds
[2024-07-22T22:41:55.726+0000] {processor.py:161} INFO - Started process (PID=11238) to work on /home/airflow/.local/lib/python3.11/site-packages/airflow/example_dags/example_branch_operator.py
[2024-07-22T22:41:55.727+0000] {processor.py:830} INFO - Processing file /home/airflow/.local/lib/python3.11/site-packages/airflow/example_dags/example_branch_operator.py for tasks to queue
[2024-07-22T22:41:55.730+0000] {logging_mixin.py:188} INFO - [2024-07-22T22:41:55.730+0000] {dagbag.py:545} INFO - Filling up the DagBag from /home/airflow/.local/lib/python3.11/site-packages/airflow/example_dags/example_branch_operator.py
[2024-07-22T22:41:55.758+0000] {processor.py:840} INFO - DAG(s) 'example_branch_operator' retrieved from /home/airflow/.local/lib/python3.11/site-packages/airflow/example_dags/example_branch_operator.py
[2024-07-22T22:41:55.802+0000] {logging_mixin.py:188} INFO - [2024-07-22T22:41:55.802+0000] {dag.py:3096} INFO - Sync 1 DAGs
[2024-07-22T22:41:55.836+0000] {logging_mixin.py:188} INFO - [2024-07-22T22:41:55.835+0000] {dag.py:3954} INFO - Setting next_dagrun for example_branch_operator to 2024-07-21 00:00:00+00:00, run_after=2024-07-22 00:00:00+00:00
[2024-07-22T22:41:56.090+0000] {processor.py:183} INFO - Processing /home/airflow/.local/lib/python3.11/site-packages/airflow/example_dags/example_branch_operator.py took 0.375 seconds
[2024-07-22T22:42:27.014+0000] {processor.py:161} INFO - Started process (PID=11301) to work on /home/airflow/.local/lib/python3.11/site-packages/airflow/example_dags/example_branch_operator.py
[2024-07-22T22:42:27.017+0000] {processor.py:830} INFO - Processing file /home/airflow/.local/lib/python3.11/site-packages/airflow/example_dags/example_branch_operator.py for tasks to queue
[2024-07-22T22:42:27.020+0000] {logging_mixin.py:188} INFO - [2024-07-22T22:42:27.019+0000] {dagbag.py:545} INFO - Filling up the DagBag from /home/airflow/.local/lib/python3.11/site-packages/airflow/example_dags/example_branch_operator.py
[2024-07-22T22:42:27.047+0000] {processor.py:840} INFO - DAG(s) 'example_branch_operator' retrieved from /home/airflow/.local/lib/python3.11/site-packages/airflow/example_dags/example_branch_operator.py
[2024-07-22T22:42:27.102+0000] {logging_mixin.py:188} INFO - [2024-07-22T22:42:27.102+0000] {dag.py:3096} INFO - Sync 1 DAGs
[2024-07-22T22:42:27.133+0000] {logging_mixin.py:188} INFO - [2024-07-22T22:42:27.133+0000] {dag.py:3954} INFO - Setting next_dagrun for example_branch_operator to 2024-07-21 00:00:00+00:00, run_after=2024-07-22 00:00:00+00:00
[2024-07-22T22:42:27.162+0000] {processor.py:183} INFO - Processing /home/airflow/.local/lib/python3.11/site-packages/airflow/example_dags/example_branch_operator.py took 0.159 seconds
[2024-07-22T22:42:57.810+0000] {processor.py:161} INFO - Started process (PID=11360) to work on /home/airflow/.local/lib/python3.11/site-packages/airflow/example_dags/example_branch_operator.py
[2024-07-22T22:42:57.812+0000] {processor.py:830} INFO - Processing file /home/airflow/.local/lib/python3.11/site-packages/airflow/example_dags/example_branch_operator.py for tasks to queue
[2024-07-22T22:42:57.813+0000] {logging_mixin.py:188} INFO - [2024-07-22T22:42:57.813+0000] {dagbag.py:545} INFO - Filling up the DagBag from /home/airflow/.local/lib/python3.11/site-packages/airflow/example_dags/example_branch_operator.py
[2024-07-22T22:42:57.840+0000] {processor.py:840} INFO - DAG(s) 'example_branch_operator' retrieved from /home/airflow/.local/lib/python3.11/site-packages/airflow/example_dags/example_branch_operator.py
[2024-07-22T22:42:57.900+0000] {logging_mixin.py:188} INFO - [2024-07-22T22:42:57.900+0000] {dag.py:3096} INFO - Sync 1 DAGs
[2024-07-22T22:42:57.940+0000] {logging_mixin.py:188} INFO - [2024-07-22T22:42:57.940+0000] {dag.py:3954} INFO - Setting next_dagrun for example_branch_operator to 2024-07-21 00:00:00+00:00, run_after=2024-07-22 00:00:00+00:00
[2024-07-22T22:42:57.967+0000] {processor.py:183} INFO - Processing /home/airflow/.local/lib/python3.11/site-packages/airflow/example_dags/example_branch_operator.py took 0.168 seconds
[2024-07-22T22:43:28.153+0000] {processor.py:161} INFO - Started process (PID=11417) to work on /home/airflow/.local/lib/python3.11/site-packages/airflow/example_dags/example_branch_operator.py
[2024-07-22T22:43:28.154+0000] {processor.py:830} INFO - Processing file /home/airflow/.local/lib/python3.11/site-packages/airflow/example_dags/example_branch_operator.py for tasks to queue
[2024-07-22T22:43:28.155+0000] {logging_mixin.py:188} INFO - [2024-07-22T22:43:28.155+0000] {dagbag.py:545} INFO - Filling up the DagBag from /home/airflow/.local/lib/python3.11/site-packages/airflow/example_dags/example_branch_operator.py
[2024-07-22T22:43:28.183+0000] {processor.py:840} INFO - DAG(s) 'example_branch_operator' retrieved from /home/airflow/.local/lib/python3.11/site-packages/airflow/example_dags/example_branch_operator.py
[2024-07-22T22:43:28.230+0000] {logging_mixin.py:188} INFO - [2024-07-22T22:43:28.230+0000] {dag.py:3096} INFO - Sync 1 DAGs
[2024-07-22T22:43:28.262+0000] {logging_mixin.py:188} INFO - [2024-07-22T22:43:28.261+0000] {dag.py:3954} INFO - Setting next_dagrun for example_branch_operator to 2024-07-21 00:00:00+00:00, run_after=2024-07-22 00:00:00+00:00
[2024-07-22T22:43:28.286+0000] {processor.py:183} INFO - Processing /home/airflow/.local/lib/python3.11/site-packages/airflow/example_dags/example_branch_operator.py took 0.144 seconds
[2024-07-22T22:43:58.333+0000] {processor.py:161} INFO - Started process (PID=11475) to work on /home/airflow/.local/lib/python3.11/site-packages/airflow/example_dags/example_branch_operator.py
[2024-07-22T22:43:58.338+0000] {processor.py:830} INFO - Processing file /home/airflow/.local/lib/python3.11/site-packages/airflow/example_dags/example_branch_operator.py for tasks to queue
[2024-07-22T22:43:58.339+0000] {logging_mixin.py:188} INFO - [2024-07-22T22:43:58.339+0000] {dagbag.py:545} INFO - Filling up the DagBag from /home/airflow/.local/lib/python3.11/site-packages/airflow/example_dags/example_branch_operator.py
[2024-07-22T22:43:58.382+0000] {processor.py:840} INFO - DAG(s) 'example_branch_operator' retrieved from /home/airflow/.local/lib/python3.11/site-packages/airflow/example_dags/example_branch_operator.py
[2024-07-22T22:43:58.662+0000] {logging_mixin.py:188} INFO - [2024-07-22T22:43:58.662+0000] {dag.py:3096} INFO - Sync 1 DAGs
[2024-07-22T22:43:58.691+0000] {logging_mixin.py:188} INFO - [2024-07-22T22:43:58.691+0000] {dag.py:3954} INFO - Setting next_dagrun for example_branch_operator to 2024-07-21 00:00:00+00:00, run_after=2024-07-22 00:00:00+00:00
[2024-07-22T22:43:58.713+0000] {processor.py:183} INFO - Processing /home/airflow/.local/lib/python3.11/site-packages/airflow/example_dags/example_branch_operator.py took 0.390 seconds
