[2024-07-22T22:37:58.950+0000] {processor.py:161} INFO - Started process (PID=10750) to work on /home/airflow/.local/lib/python3.11/site-packages/airflow/example_dags/example_bash_decorator.py
[2024-07-22T22:37:58.951+0000] {processor.py:830} INFO - Processing file /home/airflow/.local/lib/python3.11/site-packages/airflow/example_dags/example_bash_decorator.py for tasks to queue
[2024-07-22T22:37:58.954+0000] {logging_mixin.py:188} INFO - [2024-07-22T22:37:58.953+0000] {dagbag.py:545} INFO - Filling up the DagBag from /home/airflow/.local/lib/python3.11/site-packages/airflow/example_dags/example_bash_decorator.py
[2024-07-22T22:37:58.976+0000] {processor.py:840} INFO - DAG(s) 'example_bash_decorator' retrieved from /home/airflow/.local/lib/python3.11/site-packages/airflow/example_dags/example_bash_decorator.py
[2024-07-22T22:37:59.020+0000] {logging_mixin.py:188} INFO - [2024-07-22T22:37:59.020+0000] {dag.py:3096} INFO - Sync 1 DAGs
[2024-07-22T22:37:59.044+0000] {logging_mixin.py:188} INFO - [2024-07-22T22:37:59.043+0000] {dag.py:3954} INFO - Setting next_dagrun for example_bash_decorator to None, run_after=None
[2024-07-22T22:37:59.072+0000] {processor.py:183} INFO - Processing /home/airflow/.local/lib/python3.11/site-packages/airflow/example_dags/example_bash_decorator.py took 0.133 seconds
[2024-07-22T22:38:30.006+0000] {processor.py:161} INFO - Started process (PID=10813) to work on /home/airflow/.local/lib/python3.11/site-packages/airflow/example_dags/example_bash_decorator.py
[2024-07-22T22:38:30.008+0000] {processor.py:830} INFO - Processing file /home/airflow/.local/lib/python3.11/site-packages/airflow/example_dags/example_bash_decorator.py for tasks to queue
[2024-07-22T22:38:30.012+0000] {logging_mixin.py:188} INFO - [2024-07-22T22:38:30.011+0000] {dagbag.py:545} INFO - Filling up the DagBag from /home/airflow/.local/lib/python3.11/site-packages/airflow/example_dags/example_bash_decorator.py
[2024-07-22T22:38:30.035+0000] {processor.py:840} INFO - DAG(s) 'example_bash_decorator' retrieved from /home/airflow/.local/lib/python3.11/site-packages/airflow/example_dags/example_bash_decorator.py
[2024-07-22T22:38:30.078+0000] {logging_mixin.py:188} INFO - [2024-07-22T22:38:30.078+0000] {dag.py:3096} INFO - Sync 1 DAGs
[2024-07-22T22:38:30.101+0000] {logging_mixin.py:188} INFO - [2024-07-22T22:38:30.100+0000] {dag.py:3954} INFO - Setting next_dagrun for example_bash_decorator to None, run_after=None
[2024-07-22T22:38:30.131+0000] {processor.py:183} INFO - Processing /home/airflow/.local/lib/python3.11/site-packages/airflow/example_dags/example_bash_decorator.py took 0.141 seconds
[2024-07-22T22:39:00.350+0000] {processor.py:161} INFO - Started process (PID=10876) to work on /home/airflow/.local/lib/python3.11/site-packages/airflow/example_dags/example_bash_decorator.py
[2024-07-22T22:39:00.352+0000] {processor.py:830} INFO - Processing file /home/airflow/.local/lib/python3.11/site-packages/airflow/example_dags/example_bash_decorator.py for tasks to queue
[2024-07-22T22:39:00.355+0000] {logging_mixin.py:188} INFO - [2024-07-22T22:39:00.355+0000] {dagbag.py:545} INFO - Filling up the DagBag from /home/airflow/.local/lib/python3.11/site-packages/airflow/example_dags/example_bash_decorator.py
[2024-07-22T22:39:00.376+0000] {processor.py:840} INFO - DAG(s) 'example_bash_decorator' retrieved from /home/airflow/.local/lib/python3.11/site-packages/airflow/example_dags/example_bash_decorator.py
[2024-07-22T22:39:00.415+0000] {logging_mixin.py:188} INFO - [2024-07-22T22:39:00.415+0000] {dag.py:3096} INFO - Sync 1 DAGs
[2024-07-22T22:39:00.434+0000] {logging_mixin.py:188} INFO - [2024-07-22T22:39:00.434+0000] {dag.py:3954} INFO - Setting next_dagrun for example_bash_decorator to None, run_after=None
[2024-07-22T22:39:00.459+0000] {processor.py:183} INFO - Processing /home/airflow/.local/lib/python3.11/site-packages/airflow/example_dags/example_bash_decorator.py took 0.119 seconds
[2024-07-22T22:39:30.586+0000] {processor.py:161} INFO - Started process (PID=10937) to work on /home/airflow/.local/lib/python3.11/site-packages/airflow/example_dags/example_bash_decorator.py
[2024-07-22T22:39:30.587+0000] {processor.py:830} INFO - Processing file /home/airflow/.local/lib/python3.11/site-packages/airflow/example_dags/example_bash_decorator.py for tasks to queue
[2024-07-22T22:39:30.591+0000] {logging_mixin.py:188} INFO - [2024-07-22T22:39:30.590+0000] {dagbag.py:545} INFO - Filling up the DagBag from /home/airflow/.local/lib/python3.11/site-packages/airflow/example_dags/example_bash_decorator.py
[2024-07-22T22:39:30.617+0000] {processor.py:840} INFO - DAG(s) 'example_bash_decorator' retrieved from /home/airflow/.local/lib/python3.11/site-packages/airflow/example_dags/example_bash_decorator.py
[2024-07-22T22:39:30.661+0000] {logging_mixin.py:188} INFO - [2024-07-22T22:39:30.660+0000] {dag.py:3096} INFO - Sync 1 DAGs
[2024-07-22T22:39:30.683+0000] {logging_mixin.py:188} INFO - [2024-07-22T22:39:30.683+0000] {dag.py:3954} INFO - Setting next_dagrun for example_bash_decorator to None, run_after=None
[2024-07-22T22:39:30.708+0000] {processor.py:183} INFO - Processing /home/airflow/.local/lib/python3.11/site-packages/airflow/example_dags/example_bash_decorator.py took 0.136 seconds
[2024-07-22T22:40:00.829+0000] {processor.py:161} INFO - Started process (PID=11000) to work on /home/airflow/.local/lib/python3.11/site-packages/airflow/example_dags/example_bash_decorator.py
[2024-07-22T22:40:00.832+0000] {processor.py:830} INFO - Processing file /home/airflow/.local/lib/python3.11/site-packages/airflow/example_dags/example_bash_decorator.py for tasks to queue
[2024-07-22T22:40:00.835+0000] {logging_mixin.py:188} INFO - [2024-07-22T22:40:00.834+0000] {dagbag.py:545} INFO - Filling up the DagBag from /home/airflow/.local/lib/python3.11/site-packages/airflow/example_dags/example_bash_decorator.py
[2024-07-22T22:40:00.857+0000] {processor.py:840} INFO - DAG(s) 'example_bash_decorator' retrieved from /home/airflow/.local/lib/python3.11/site-packages/airflow/example_dags/example_bash_decorator.py
[2024-07-22T22:40:00.897+0000] {logging_mixin.py:188} INFO - [2024-07-22T22:40:00.897+0000] {dag.py:3096} INFO - Sync 1 DAGs
[2024-07-22T22:40:00.917+0000] {logging_mixin.py:188} INFO - [2024-07-22T22:40:00.917+0000] {dag.py:3954} INFO - Setting next_dagrun for example_bash_decorator to None, run_after=None
[2024-07-22T22:40:00.944+0000] {processor.py:183} INFO - Processing /home/airflow/.local/lib/python3.11/site-packages/airflow/example_dags/example_bash_decorator.py took 0.126 seconds
[2024-07-22T22:40:31.393+0000] {processor.py:161} INFO - Started process (PID=11063) to work on /home/airflow/.local/lib/python3.11/site-packages/airflow/example_dags/example_bash_decorator.py
[2024-07-22T22:40:31.395+0000] {processor.py:830} INFO - Processing file /home/airflow/.local/lib/python3.11/site-packages/airflow/example_dags/example_bash_decorator.py for tasks to queue
[2024-07-22T22:40:31.398+0000] {logging_mixin.py:188} INFO - [2024-07-22T22:40:31.398+0000] {dagbag.py:545} INFO - Filling up the DagBag from /home/airflow/.local/lib/python3.11/site-packages/airflow/example_dags/example_bash_decorator.py
[2024-07-22T22:40:31.424+0000] {processor.py:840} INFO - DAG(s) 'example_bash_decorator' retrieved from /home/airflow/.local/lib/python3.11/site-packages/airflow/example_dags/example_bash_decorator.py
[2024-07-22T22:40:31.463+0000] {logging_mixin.py:188} INFO - [2024-07-22T22:40:31.463+0000] {dag.py:3096} INFO - Sync 1 DAGs
[2024-07-22T22:40:31.482+0000] {logging_mixin.py:188} INFO - [2024-07-22T22:40:31.482+0000] {dag.py:3954} INFO - Setting next_dagrun for example_bash_decorator to None, run_after=None
[2024-07-22T22:40:31.510+0000] {processor.py:183} INFO - Processing /home/airflow/.local/lib/python3.11/site-packages/airflow/example_dags/example_bash_decorator.py took 0.128 seconds
[2024-07-22T22:41:02.019+0000] {processor.py:161} INFO - Started process (PID=11126) to work on /home/airflow/.local/lib/python3.11/site-packages/airflow/example_dags/example_bash_decorator.py
[2024-07-22T22:41:02.020+0000] {processor.py:830} INFO - Processing file /home/airflow/.local/lib/python3.11/site-packages/airflow/example_dags/example_bash_decorator.py for tasks to queue
[2024-07-22T22:41:02.023+0000] {logging_mixin.py:188} INFO - [2024-07-22T22:41:02.022+0000] {dagbag.py:545} INFO - Filling up the DagBag from /home/airflow/.local/lib/python3.11/site-packages/airflow/example_dags/example_bash_decorator.py
[2024-07-22T22:41:02.047+0000] {processor.py:840} INFO - DAG(s) 'example_bash_decorator' retrieved from /home/airflow/.local/lib/python3.11/site-packages/airflow/example_dags/example_bash_decorator.py
[2024-07-22T22:41:02.084+0000] {logging_mixin.py:188} INFO - [2024-07-22T22:41:02.084+0000] {dag.py:3096} INFO - Sync 1 DAGs
[2024-07-22T22:41:02.103+0000] {logging_mixin.py:188} INFO - [2024-07-22T22:41:02.103+0000] {dag.py:3954} INFO - Setting next_dagrun for example_bash_decorator to None, run_after=None
[2024-07-22T22:41:02.129+0000] {processor.py:183} INFO - Processing /home/airflow/.local/lib/python3.11/site-packages/airflow/example_dags/example_bash_decorator.py took 0.122 seconds
[2024-07-22T22:41:32.603+0000] {processor.py:161} INFO - Started process (PID=11190) to work on /home/airflow/.local/lib/python3.11/site-packages/airflow/example_dags/example_bash_decorator.py
[2024-07-22T22:41:32.606+0000] {processor.py:830} INFO - Processing file /home/airflow/.local/lib/python3.11/site-packages/airflow/example_dags/example_bash_decorator.py for tasks to queue
[2024-07-22T22:41:32.609+0000] {logging_mixin.py:188} INFO - [2024-07-22T22:41:32.609+0000] {dagbag.py:545} INFO - Filling up the DagBag from /home/airflow/.local/lib/python3.11/site-packages/airflow/example_dags/example_bash_decorator.py
[2024-07-22T22:41:32.647+0000] {processor.py:840} INFO - DAG(s) 'example_bash_decorator' retrieved from /home/airflow/.local/lib/python3.11/site-packages/airflow/example_dags/example_bash_decorator.py
[2024-07-22T22:41:32.698+0000] {logging_mixin.py:188} INFO - [2024-07-22T22:41:32.697+0000] {dag.py:3096} INFO - Sync 1 DAGs
[2024-07-22T22:41:32.721+0000] {logging_mixin.py:188} INFO - [2024-07-22T22:41:32.721+0000] {dag.py:3954} INFO - Setting next_dagrun for example_bash_decorator to None, run_after=None
[2024-07-22T22:41:32.751+0000] {processor.py:183} INFO - Processing /home/airflow/.local/lib/python3.11/site-packages/airflow/example_dags/example_bash_decorator.py took 0.162 seconds
[2024-07-22T22:42:02.814+0000] {processor.py:161} INFO - Started process (PID=11252) to work on /home/airflow/.local/lib/python3.11/site-packages/airflow/example_dags/example_bash_decorator.py
[2024-07-22T22:42:02.815+0000] {processor.py:830} INFO - Processing file /home/airflow/.local/lib/python3.11/site-packages/airflow/example_dags/example_bash_decorator.py for tasks to queue
[2024-07-22T22:42:02.818+0000] {logging_mixin.py:188} INFO - [2024-07-22T22:42:02.818+0000] {dagbag.py:545} INFO - Filling up the DagBag from /home/airflow/.local/lib/python3.11/site-packages/airflow/example_dags/example_bash_decorator.py
[2024-07-22T22:42:02.840+0000] {processor.py:840} INFO - DAG(s) 'example_bash_decorator' retrieved from /home/airflow/.local/lib/python3.11/site-packages/airflow/example_dags/example_bash_decorator.py
[2024-07-22T22:42:02.876+0000] {logging_mixin.py:188} INFO - [2024-07-22T22:42:02.876+0000] {dag.py:3096} INFO - Sync 1 DAGs
[2024-07-22T22:42:03.124+0000] {logging_mixin.py:188} INFO - [2024-07-22T22:42:03.123+0000] {dag.py:3954} INFO - Setting next_dagrun for example_bash_decorator to None, run_after=None
[2024-07-22T22:42:03.145+0000] {processor.py:183} INFO - Processing /home/airflow/.local/lib/python3.11/site-packages/airflow/example_dags/example_bash_decorator.py took 0.342 seconds
[2024-07-22T22:42:33.214+0000] {processor.py:161} INFO - Started process (PID=11315) to work on /home/airflow/.local/lib/python3.11/site-packages/airflow/example_dags/example_bash_decorator.py
[2024-07-22T22:42:33.216+0000] {processor.py:830} INFO - Processing file /home/airflow/.local/lib/python3.11/site-packages/airflow/example_dags/example_bash_decorator.py for tasks to queue
[2024-07-22T22:42:33.220+0000] {logging_mixin.py:188} INFO - [2024-07-22T22:42:33.219+0000] {dagbag.py:545} INFO - Filling up the DagBag from /home/airflow/.local/lib/python3.11/site-packages/airflow/example_dags/example_bash_decorator.py
[2024-07-22T22:42:33.242+0000] {processor.py:840} INFO - DAG(s) 'example_bash_decorator' retrieved from /home/airflow/.local/lib/python3.11/site-packages/airflow/example_dags/example_bash_decorator.py
[2024-07-22T22:42:33.279+0000] {logging_mixin.py:188} INFO - [2024-07-22T22:42:33.279+0000] {dag.py:3096} INFO - Sync 1 DAGs
[2024-07-22T22:42:33.298+0000] {logging_mixin.py:188} INFO - [2024-07-22T22:42:33.297+0000] {dag.py:3954} INFO - Setting next_dagrun for example_bash_decorator to None, run_after=None
[2024-07-22T22:42:33.326+0000] {processor.py:183} INFO - Processing /home/airflow/.local/lib/python3.11/site-packages/airflow/example_dags/example_bash_decorator.py took 0.124 seconds
[2024-07-22T22:43:03.747+0000] {processor.py:161} INFO - Started process (PID=11372) to work on /home/airflow/.local/lib/python3.11/site-packages/airflow/example_dags/example_bash_decorator.py
[2024-07-22T22:43:03.749+0000] {processor.py:830} INFO - Processing file /home/airflow/.local/lib/python3.11/site-packages/airflow/example_dags/example_bash_decorator.py for tasks to queue
[2024-07-22T22:43:03.751+0000] {logging_mixin.py:188} INFO - [2024-07-22T22:43:03.750+0000] {dagbag.py:545} INFO - Filling up the DagBag from /home/airflow/.local/lib/python3.11/site-packages/airflow/example_dags/example_bash_decorator.py
[2024-07-22T22:43:03.772+0000] {processor.py:840} INFO - DAG(s) 'example_bash_decorator' retrieved from /home/airflow/.local/lib/python3.11/site-packages/airflow/example_dags/example_bash_decorator.py
[2024-07-22T22:43:03.810+0000] {logging_mixin.py:188} INFO - [2024-07-22T22:43:03.810+0000] {dag.py:3096} INFO - Sync 1 DAGs
[2024-07-22T22:43:03.828+0000] {logging_mixin.py:188} INFO - [2024-07-22T22:43:03.828+0000] {dag.py:3954} INFO - Setting next_dagrun for example_bash_decorator to None, run_after=None
[2024-07-22T22:43:03.852+0000] {processor.py:183} INFO - Processing /home/airflow/.local/lib/python3.11/site-packages/airflow/example_dags/example_bash_decorator.py took 0.115 seconds
[2024-07-22T22:43:34.062+0000] {processor.py:161} INFO - Started process (PID=11429) to work on /home/airflow/.local/lib/python3.11/site-packages/airflow/example_dags/example_bash_decorator.py
[2024-07-22T22:43:34.064+0000] {processor.py:830} INFO - Processing file /home/airflow/.local/lib/python3.11/site-packages/airflow/example_dags/example_bash_decorator.py for tasks to queue
[2024-07-22T22:43:34.065+0000] {logging_mixin.py:188} INFO - [2024-07-22T22:43:34.064+0000] {dagbag.py:545} INFO - Filling up the DagBag from /home/airflow/.local/lib/python3.11/site-packages/airflow/example_dags/example_bash_decorator.py
[2024-07-22T22:43:34.088+0000] {processor.py:840} INFO - DAG(s) 'example_bash_decorator' retrieved from /home/airflow/.local/lib/python3.11/site-packages/airflow/example_dags/example_bash_decorator.py
[2024-07-22T22:43:34.126+0000] {logging_mixin.py:188} INFO - [2024-07-22T22:43:34.126+0000] {dag.py:3096} INFO - Sync 1 DAGs
[2024-07-22T22:43:34.144+0000] {logging_mixin.py:188} INFO - [2024-07-22T22:43:34.144+0000] {dag.py:3954} INFO - Setting next_dagrun for example_bash_decorator to None, run_after=None
[2024-07-22T22:43:34.168+0000] {processor.py:183} INFO - Processing /home/airflow/.local/lib/python3.11/site-packages/airflow/example_dags/example_bash_decorator.py took 0.118 seconds
[2024-07-22T22:44:04.777+0000] {processor.py:161} INFO - Started process (PID=11487) to work on /home/airflow/.local/lib/python3.11/site-packages/airflow/example_dags/example_bash_decorator.py
[2024-07-22T22:44:04.779+0000] {processor.py:830} INFO - Processing file /home/airflow/.local/lib/python3.11/site-packages/airflow/example_dags/example_bash_decorator.py for tasks to queue
[2024-07-22T22:44:04.780+0000] {logging_mixin.py:188} INFO - [2024-07-22T22:44:04.780+0000] {dagbag.py:545} INFO - Filling up the DagBag from /home/airflow/.local/lib/python3.11/site-packages/airflow/example_dags/example_bash_decorator.py
[2024-07-22T22:44:04.804+0000] {processor.py:840} INFO - DAG(s) 'example_bash_decorator' retrieved from /home/airflow/.local/lib/python3.11/site-packages/airflow/example_dags/example_bash_decorator.py
[2024-07-22T22:44:05.068+0000] {logging_mixin.py:188} INFO - [2024-07-22T22:44:05.068+0000] {dag.py:3096} INFO - Sync 1 DAGs
[2024-07-22T22:44:05.083+0000] {logging_mixin.py:188} INFO - [2024-07-22T22:44:05.083+0000] {dag.py:3954} INFO - Setting next_dagrun for example_bash_decorator to None, run_after=None
[2024-07-22T22:44:05.107+0000] {processor.py:183} INFO - Processing /home/airflow/.local/lib/python3.11/site-packages/airflow/example_dags/example_bash_decorator.py took 0.341 seconds
