[2024-07-22T22:37:51.107+0000] {processor.py:161} INFO - Started process (PID=10733) to work on /home/airflow/.local/lib/python3.11/site-packages/airflow/example_dags/example_sensors.py
[2024-07-22T22:37:51.109+0000] {processor.py:830} INFO - Processing file /home/airflow/.local/lib/python3.11/site-packages/airflow/example_dags/example_sensors.py for tasks to queue
[2024-07-22T22:37:51.112+0000] {logging_mixin.py:188} INFO - [2024-07-22T22:37:51.111+0000] {dagbag.py:545} INFO - Filling up the DagBag from /home/airflow/.local/lib/python3.11/site-packages/airflow/example_dags/example_sensors.py
[2024-07-22T22:37:51.129+0000] {processor.py:840} INFO - DAG(s) 'example_sensors' retrieved from /home/airflow/.local/lib/python3.11/site-packages/airflow/example_dags/example_sensors.py
[2024-07-22T22:37:51.172+0000] {logging_mixin.py:188} INFO - [2024-07-22T22:37:51.171+0000] {dag.py:3096} INFO - Sync 1 DAGs
[2024-07-22T22:37:51.192+0000] {logging_mixin.py:188} INFO - [2024-07-22T22:37:51.192+0000] {dag.py:3954} INFO - Setting next_dagrun for example_sensors to None, run_after=None
[2024-07-22T22:37:51.227+0000] {processor.py:183} INFO - Processing /home/airflow/.local/lib/python3.11/site-packages/airflow/example_dags/example_sensors.py took 0.133 seconds
[2024-07-22T22:38:21.321+0000] {processor.py:161} INFO - Started process (PID=10796) to work on /home/airflow/.local/lib/python3.11/site-packages/airflow/example_dags/example_sensors.py
[2024-07-22T22:38:21.322+0000] {processor.py:830} INFO - Processing file /home/airflow/.local/lib/python3.11/site-packages/airflow/example_dags/example_sensors.py for tasks to queue
[2024-07-22T22:38:21.325+0000] {logging_mixin.py:188} INFO - [2024-07-22T22:38:21.324+0000] {dagbag.py:545} INFO - Filling up the DagBag from /home/airflow/.local/lib/python3.11/site-packages/airflow/example_dags/example_sensors.py
[2024-07-22T22:38:21.344+0000] {processor.py:840} INFO - DAG(s) 'example_sensors' retrieved from /home/airflow/.local/lib/python3.11/site-packages/airflow/example_dags/example_sensors.py
[2024-07-22T22:38:21.394+0000] {logging_mixin.py:188} INFO - [2024-07-22T22:38:21.393+0000] {dag.py:3096} INFO - Sync 1 DAGs
[2024-07-22T22:38:21.419+0000] {logging_mixin.py:188} INFO - [2024-07-22T22:38:21.418+0000] {dag.py:3954} INFO - Setting next_dagrun for example_sensors to None, run_after=None
[2024-07-22T22:38:21.453+0000] {processor.py:183} INFO - Processing /home/airflow/.local/lib/python3.11/site-packages/airflow/example_dags/example_sensors.py took 0.144 seconds
[2024-07-22T22:38:51.544+0000] {processor.py:161} INFO - Started process (PID=10860) to work on /home/airflow/.local/lib/python3.11/site-packages/airflow/example_dags/example_sensors.py
[2024-07-22T22:38:51.546+0000] {processor.py:830} INFO - Processing file /home/airflow/.local/lib/python3.11/site-packages/airflow/example_dags/example_sensors.py for tasks to queue
[2024-07-22T22:38:51.549+0000] {logging_mixin.py:188} INFO - [2024-07-22T22:38:51.548+0000] {dagbag.py:545} INFO - Filling up the DagBag from /home/airflow/.local/lib/python3.11/site-packages/airflow/example_dags/example_sensors.py
[2024-07-22T22:38:51.566+0000] {processor.py:840} INFO - DAG(s) 'example_sensors' retrieved from /home/airflow/.local/lib/python3.11/site-packages/airflow/example_dags/example_sensors.py
[2024-07-22T22:38:51.608+0000] {logging_mixin.py:188} INFO - [2024-07-22T22:38:51.607+0000] {dag.py:3096} INFO - Sync 1 DAGs
[2024-07-22T22:38:51.627+0000] {logging_mixin.py:188} INFO - [2024-07-22T22:38:51.627+0000] {dag.py:3954} INFO - Setting next_dagrun for example_sensors to None, run_after=None
[2024-07-22T22:38:51.656+0000] {processor.py:183} INFO - Processing /home/airflow/.local/lib/python3.11/site-packages/airflow/example_dags/example_sensors.py took 0.123 seconds
[2024-07-22T22:39:22.463+0000] {processor.py:161} INFO - Started process (PID=10923) to work on /home/airflow/.local/lib/python3.11/site-packages/airflow/example_dags/example_sensors.py
[2024-07-22T22:39:22.464+0000] {processor.py:830} INFO - Processing file /home/airflow/.local/lib/python3.11/site-packages/airflow/example_dags/example_sensors.py for tasks to queue
[2024-07-22T22:39:22.468+0000] {logging_mixin.py:188} INFO - [2024-07-22T22:39:22.467+0000] {dagbag.py:545} INFO - Filling up the DagBag from /home/airflow/.local/lib/python3.11/site-packages/airflow/example_dags/example_sensors.py
[2024-07-22T22:39:22.487+0000] {processor.py:840} INFO - DAG(s) 'example_sensors' retrieved from /home/airflow/.local/lib/python3.11/site-packages/airflow/example_dags/example_sensors.py
[2024-07-22T22:39:22.533+0000] {logging_mixin.py:188} INFO - [2024-07-22T22:39:22.532+0000] {dag.py:3096} INFO - Sync 1 DAGs
[2024-07-22T22:39:22.555+0000] {logging_mixin.py:188} INFO - [2024-07-22T22:39:22.555+0000] {dag.py:3954} INFO - Setting next_dagrun for example_sensors to None, run_after=None
[2024-07-22T22:39:22.584+0000] {processor.py:183} INFO - Processing /home/airflow/.local/lib/python3.11/site-packages/airflow/example_dags/example_sensors.py took 0.132 seconds
[2024-07-22T22:39:52.836+0000] {processor.py:161} INFO - Started process (PID=10986) to work on /home/airflow/.local/lib/python3.11/site-packages/airflow/example_dags/example_sensors.py
[2024-07-22T22:39:52.839+0000] {processor.py:830} INFO - Processing file /home/airflow/.local/lib/python3.11/site-packages/airflow/example_dags/example_sensors.py for tasks to queue
[2024-07-22T22:39:52.842+0000] {logging_mixin.py:188} INFO - [2024-07-22T22:39:52.842+0000] {dagbag.py:545} INFO - Filling up the DagBag from /home/airflow/.local/lib/python3.11/site-packages/airflow/example_dags/example_sensors.py
[2024-07-22T22:39:52.863+0000] {processor.py:840} INFO - DAG(s) 'example_sensors' retrieved from /home/airflow/.local/lib/python3.11/site-packages/airflow/example_dags/example_sensors.py
[2024-07-22T22:39:52.918+0000] {logging_mixin.py:188} INFO - [2024-07-22T22:39:52.917+0000] {dag.py:3096} INFO - Sync 1 DAGs
[2024-07-22T22:39:52.942+0000] {logging_mixin.py:188} INFO - [2024-07-22T22:39:52.942+0000] {dag.py:3954} INFO - Setting next_dagrun for example_sensors to None, run_after=None
[2024-07-22T22:39:52.971+0000] {processor.py:183} INFO - Processing /home/airflow/.local/lib/python3.11/site-packages/airflow/example_dags/example_sensors.py took 0.150 seconds
[2024-07-22T22:40:23.226+0000] {processor.py:161} INFO - Started process (PID=11049) to work on /home/airflow/.local/lib/python3.11/site-packages/airflow/example_dags/example_sensors.py
[2024-07-22T22:40:23.229+0000] {processor.py:830} INFO - Processing file /home/airflow/.local/lib/python3.11/site-packages/airflow/example_dags/example_sensors.py for tasks to queue
[2024-07-22T22:40:23.232+0000] {logging_mixin.py:188} INFO - [2024-07-22T22:40:23.231+0000] {dagbag.py:545} INFO - Filling up the DagBag from /home/airflow/.local/lib/python3.11/site-packages/airflow/example_dags/example_sensors.py
[2024-07-22T22:40:23.248+0000] {processor.py:840} INFO - DAG(s) 'example_sensors' retrieved from /home/airflow/.local/lib/python3.11/site-packages/airflow/example_dags/example_sensors.py
[2024-07-22T22:40:23.293+0000] {logging_mixin.py:188} INFO - [2024-07-22T22:40:23.292+0000] {dag.py:3096} INFO - Sync 1 DAGs
[2024-07-22T22:40:23.317+0000] {logging_mixin.py:188} INFO - [2024-07-22T22:40:23.317+0000] {dag.py:3954} INFO - Setting next_dagrun for example_sensors to None, run_after=None
[2024-07-22T22:40:23.352+0000] {processor.py:183} INFO - Processing /home/airflow/.local/lib/python3.11/site-packages/airflow/example_dags/example_sensors.py took 0.139 seconds
[2024-07-22T22:40:53.517+0000] {processor.py:161} INFO - Started process (PID=11110) to work on /home/airflow/.local/lib/python3.11/site-packages/airflow/example_dags/example_sensors.py
[2024-07-22T22:40:53.518+0000] {processor.py:830} INFO - Processing file /home/airflow/.local/lib/python3.11/site-packages/airflow/example_dags/example_sensors.py for tasks to queue
[2024-07-22T22:40:53.521+0000] {logging_mixin.py:188} INFO - [2024-07-22T22:40:53.520+0000] {dagbag.py:545} INFO - Filling up the DagBag from /home/airflow/.local/lib/python3.11/site-packages/airflow/example_dags/example_sensors.py
[2024-07-22T22:40:53.539+0000] {processor.py:840} INFO - DAG(s) 'example_sensors' retrieved from /home/airflow/.local/lib/python3.11/site-packages/airflow/example_dags/example_sensors.py
[2024-07-22T22:40:53.580+0000] {logging_mixin.py:188} INFO - [2024-07-22T22:40:53.579+0000] {dag.py:3096} INFO - Sync 1 DAGs
[2024-07-22T22:40:53.599+0000] {logging_mixin.py:188} INFO - [2024-07-22T22:40:53.599+0000] {dag.py:3954} INFO - Setting next_dagrun for example_sensors to None, run_after=None
[2024-07-22T22:40:53.626+0000] {processor.py:183} INFO - Processing /home/airflow/.local/lib/python3.11/site-packages/airflow/example_dags/example_sensors.py took 0.121 seconds
[2024-07-22T22:41:24.103+0000] {processor.py:161} INFO - Started process (PID=11174) to work on /home/airflow/.local/lib/python3.11/site-packages/airflow/example_dags/example_sensors.py
[2024-07-22T22:41:24.105+0000] {processor.py:830} INFO - Processing file /home/airflow/.local/lib/python3.11/site-packages/airflow/example_dags/example_sensors.py for tasks to queue
[2024-07-22T22:41:24.108+0000] {logging_mixin.py:188} INFO - [2024-07-22T22:41:24.107+0000] {dagbag.py:545} INFO - Filling up the DagBag from /home/airflow/.local/lib/python3.11/site-packages/airflow/example_dags/example_sensors.py
[2024-07-22T22:41:24.127+0000] {processor.py:840} INFO - DAG(s) 'example_sensors' retrieved from /home/airflow/.local/lib/python3.11/site-packages/airflow/example_dags/example_sensors.py
[2024-07-22T22:41:24.173+0000] {logging_mixin.py:188} INFO - [2024-07-22T22:41:24.173+0000] {dag.py:3096} INFO - Sync 1 DAGs
[2024-07-22T22:41:24.193+0000] {logging_mixin.py:188} INFO - [2024-07-22T22:41:24.193+0000] {dag.py:3954} INFO - Setting next_dagrun for example_sensors to None, run_after=None
[2024-07-22T22:41:24.450+0000] {processor.py:183} INFO - Processing /home/airflow/.local/lib/python3.11/site-packages/airflow/example_dags/example_sensors.py took 0.359 seconds
[2024-07-22T22:41:54.576+0000] {processor.py:161} INFO - Started process (PID=11237) to work on /home/airflow/.local/lib/python3.11/site-packages/airflow/example_dags/example_sensors.py
[2024-07-22T22:41:54.577+0000] {processor.py:830} INFO - Processing file /home/airflow/.local/lib/python3.11/site-packages/airflow/example_dags/example_sensors.py for tasks to queue
[2024-07-22T22:41:54.581+0000] {logging_mixin.py:188} INFO - [2024-07-22T22:41:54.580+0000] {dagbag.py:545} INFO - Filling up the DagBag from /home/airflow/.local/lib/python3.11/site-packages/airflow/example_dags/example_sensors.py
[2024-07-22T22:41:54.596+0000] {processor.py:840} INFO - DAG(s) 'example_sensors' retrieved from /home/airflow/.local/lib/python3.11/site-packages/airflow/example_dags/example_sensors.py
[2024-07-22T22:41:54.645+0000] {logging_mixin.py:188} INFO - [2024-07-22T22:41:54.644+0000] {dag.py:3096} INFO - Sync 1 DAGs
[2024-07-22T22:41:54.668+0000] {logging_mixin.py:188} INFO - [2024-07-22T22:41:54.667+0000] {dag.py:3954} INFO - Setting next_dagrun for example_sensors to None, run_after=None
[2024-07-22T22:41:54.697+0000] {processor.py:183} INFO - Processing /home/airflow/.local/lib/python3.11/site-packages/airflow/example_dags/example_sensors.py took 0.133 seconds
[2024-07-22T22:42:24.852+0000] {processor.py:161} INFO - Started process (PID=11300) to work on /home/airflow/.local/lib/python3.11/site-packages/airflow/example_dags/example_sensors.py
[2024-07-22T22:42:24.855+0000] {processor.py:830} INFO - Processing file /home/airflow/.local/lib/python3.11/site-packages/airflow/example_dags/example_sensors.py for tasks to queue
[2024-07-22T22:42:24.858+0000] {logging_mixin.py:188} INFO - [2024-07-22T22:42:24.858+0000] {dagbag.py:545} INFO - Filling up the DagBag from /home/airflow/.local/lib/python3.11/site-packages/airflow/example_dags/example_sensors.py
[2024-07-22T22:42:24.878+0000] {processor.py:840} INFO - DAG(s) 'example_sensors' retrieved from /home/airflow/.local/lib/python3.11/site-packages/airflow/example_dags/example_sensors.py
[2024-07-22T22:42:24.925+0000] {logging_mixin.py:188} INFO - [2024-07-22T22:42:24.925+0000] {dag.py:3096} INFO - Sync 1 DAGs
[2024-07-22T22:42:24.945+0000] {logging_mixin.py:188} INFO - [2024-07-22T22:42:24.945+0000] {dag.py:3954} INFO - Setting next_dagrun for example_sensors to None, run_after=None
[2024-07-22T22:42:24.975+0000] {processor.py:183} INFO - Processing /home/airflow/.local/lib/python3.11/site-packages/airflow/example_dags/example_sensors.py took 0.136 seconds
[2024-07-22T22:42:55.659+0000] {processor.py:161} INFO - Started process (PID=11359) to work on /home/airflow/.local/lib/python3.11/site-packages/airflow/example_dags/example_sensors.py
[2024-07-22T22:42:55.661+0000] {processor.py:830} INFO - Processing file /home/airflow/.local/lib/python3.11/site-packages/airflow/example_dags/example_sensors.py for tasks to queue
[2024-07-22T22:42:55.662+0000] {logging_mixin.py:188} INFO - [2024-07-22T22:42:55.662+0000] {dagbag.py:545} INFO - Filling up the DagBag from /home/airflow/.local/lib/python3.11/site-packages/airflow/example_dags/example_sensors.py
[2024-07-22T22:42:55.682+0000] {processor.py:840} INFO - DAG(s) 'example_sensors' retrieved from /home/airflow/.local/lib/python3.11/site-packages/airflow/example_dags/example_sensors.py
[2024-07-22T22:42:55.724+0000] {logging_mixin.py:188} INFO - [2024-07-22T22:42:55.724+0000] {dag.py:3096} INFO - Sync 1 DAGs
[2024-07-22T22:42:55.742+0000] {logging_mixin.py:188} INFO - [2024-07-22T22:42:55.742+0000] {dag.py:3954} INFO - Setting next_dagrun for example_sensors to None, run_after=None
[2024-07-22T22:42:55.767+0000] {processor.py:183} INFO - Processing /home/airflow/.local/lib/python3.11/site-packages/airflow/example_dags/example_sensors.py took 0.119 seconds
[2024-07-22T22:43:26.775+0000] {processor.py:161} INFO - Started process (PID=11416) to work on /home/airflow/.local/lib/python3.11/site-packages/airflow/example_dags/example_sensors.py
[2024-07-22T22:43:26.777+0000] {processor.py:830} INFO - Processing file /home/airflow/.local/lib/python3.11/site-packages/airflow/example_dags/example_sensors.py for tasks to queue
[2024-07-22T22:43:26.778+0000] {logging_mixin.py:188} INFO - [2024-07-22T22:43:26.777+0000] {dagbag.py:545} INFO - Filling up the DagBag from /home/airflow/.local/lib/python3.11/site-packages/airflow/example_dags/example_sensors.py
[2024-07-22T22:43:26.798+0000] {processor.py:840} INFO - DAG(s) 'example_sensors' retrieved from /home/airflow/.local/lib/python3.11/site-packages/airflow/example_dags/example_sensors.py
[2024-07-22T22:43:26.854+0000] {logging_mixin.py:188} INFO - [2024-07-22T22:43:26.854+0000] {dag.py:3096} INFO - Sync 1 DAGs
[2024-07-22T22:43:26.881+0000] {logging_mixin.py:188} INFO - [2024-07-22T22:43:26.880+0000] {dag.py:3954} INFO - Setting next_dagrun for example_sensors to None, run_after=None
[2024-07-22T22:43:26.908+0000] {processor.py:183} INFO - Processing /home/airflow/.local/lib/python3.11/site-packages/airflow/example_dags/example_sensors.py took 0.145 seconds
[2024-07-22T22:43:56.944+0000] {processor.py:161} INFO - Started process (PID=11473) to work on /home/airflow/.local/lib/python3.11/site-packages/airflow/example_dags/example_sensors.py
[2024-07-22T22:43:56.946+0000] {processor.py:830} INFO - Processing file /home/airflow/.local/lib/python3.11/site-packages/airflow/example_dags/example_sensors.py for tasks to queue
[2024-07-22T22:43:56.947+0000] {logging_mixin.py:188} INFO - [2024-07-22T22:43:56.946+0000] {dagbag.py:545} INFO - Filling up the DagBag from /home/airflow/.local/lib/python3.11/site-packages/airflow/example_dags/example_sensors.py
[2024-07-22T22:43:56.963+0000] {processor.py:840} INFO - DAG(s) 'example_sensors' retrieved from /home/airflow/.local/lib/python3.11/site-packages/airflow/example_dags/example_sensors.py
[2024-07-22T22:43:57.002+0000] {logging_mixin.py:188} INFO - [2024-07-22T22:43:57.002+0000] {dag.py:3096} INFO - Sync 1 DAGs
[2024-07-22T22:43:57.252+0000] {logging_mixin.py:188} INFO - [2024-07-22T22:43:57.252+0000] {dag.py:3954} INFO - Setting next_dagrun for example_sensors to None, run_after=None
[2024-07-22T22:43:57.276+0000] {processor.py:183} INFO - Processing /home/airflow/.local/lib/python3.11/site-packages/airflow/example_dags/example_sensors.py took 0.342 seconds
