[2024-07-22T22:37:39.934+0000] {processor.py:161} INFO - Started process (PID=10714) to work on /home/airflow/.local/lib/python3.11/site-packages/airflow/example_dags/example_branch_operator_decorator.py
[2024-07-22T22:37:39.936+0000] {processor.py:830} INFO - Processing file /home/airflow/.local/lib/python3.11/site-packages/airflow/example_dags/example_branch_operator_decorator.py for tasks to queue
[2024-07-22T22:37:39.938+0000] {logging_mixin.py:188} INFO - [2024-07-22T22:37:39.938+0000] {dagbag.py:545} INFO - Filling up the DagBag from /home/airflow/.local/lib/python3.11/site-packages/airflow/example_dags/example_branch_operator_decorator.py
[2024-07-22T22:37:39.973+0000] {processor.py:840} INFO - DAG(s) 'example_branch_python_operator_decorator' retrieved from /home/airflow/.local/lib/python3.11/site-packages/airflow/example_dags/example_branch_operator_decorator.py
[2024-07-22T22:37:40.022+0000] {logging_mixin.py:188} INFO - [2024-07-22T22:37:40.021+0000] {dag.py:3096} INFO - Sync 1 DAGs
[2024-07-22T22:37:40.058+0000] {logging_mixin.py:188} INFO - [2024-07-22T22:37:40.058+0000] {dag.py:3954} INFO - Setting next_dagrun for example_branch_python_operator_decorator to 2024-07-21 00:00:00+00:00, run_after=2024-07-22 00:00:00+00:00
[2024-07-22T22:37:40.083+0000] {processor.py:183} INFO - Processing /home/airflow/.local/lib/python3.11/site-packages/airflow/example_dags/example_branch_operator_decorator.py took 0.159 seconds
[2024-07-22T22:38:10.152+0000] {processor.py:161} INFO - Started process (PID=10777) to work on /home/airflow/.local/lib/python3.11/site-packages/airflow/example_dags/example_branch_operator_decorator.py
[2024-07-22T22:38:10.154+0000] {processor.py:830} INFO - Processing file /home/airflow/.local/lib/python3.11/site-packages/airflow/example_dags/example_branch_operator_decorator.py for tasks to queue
[2024-07-22T22:38:10.158+0000] {logging_mixin.py:188} INFO - [2024-07-22T22:38:10.157+0000] {dagbag.py:545} INFO - Filling up the DagBag from /home/airflow/.local/lib/python3.11/site-packages/airflow/example_dags/example_branch_operator_decorator.py
[2024-07-22T22:38:10.205+0000] {processor.py:840} INFO - DAG(s) 'example_branch_python_operator_decorator' retrieved from /home/airflow/.local/lib/python3.11/site-packages/airflow/example_dags/example_branch_operator_decorator.py
[2024-07-22T22:38:10.266+0000] {logging_mixin.py:188} INFO - [2024-07-22T22:38:10.266+0000] {dag.py:3096} INFO - Sync 1 DAGs
[2024-07-22T22:38:10.308+0000] {logging_mixin.py:188} INFO - [2024-07-22T22:38:10.308+0000] {dag.py:3954} INFO - Setting next_dagrun for example_branch_python_operator_decorator to 2024-07-21 00:00:00+00:00, run_after=2024-07-22 00:00:00+00:00
[2024-07-22T22:38:10.335+0000] {processor.py:183} INFO - Processing /home/airflow/.local/lib/python3.11/site-packages/airflow/example_dags/example_branch_operator_decorator.py took 0.198 seconds
[2024-07-22T22:38:40.419+0000] {processor.py:161} INFO - Started process (PID=10841) to work on /home/airflow/.local/lib/python3.11/site-packages/airflow/example_dags/example_branch_operator_decorator.py
[2024-07-22T22:38:40.420+0000] {processor.py:830} INFO - Processing file /home/airflow/.local/lib/python3.11/site-packages/airflow/example_dags/example_branch_operator_decorator.py for tasks to queue
[2024-07-22T22:38:40.424+0000] {logging_mixin.py:188} INFO - [2024-07-22T22:38:40.423+0000] {dagbag.py:545} INFO - Filling up the DagBag from /home/airflow/.local/lib/python3.11/site-packages/airflow/example_dags/example_branch_operator_decorator.py
[2024-07-22T22:38:40.465+0000] {processor.py:840} INFO - DAG(s) 'example_branch_python_operator_decorator' retrieved from /home/airflow/.local/lib/python3.11/site-packages/airflow/example_dags/example_branch_operator_decorator.py
[2024-07-22T22:38:40.512+0000] {logging_mixin.py:188} INFO - [2024-07-22T22:38:40.512+0000] {dag.py:3096} INFO - Sync 1 DAGs
[2024-07-22T22:38:40.546+0000] {logging_mixin.py:188} INFO - [2024-07-22T22:38:40.545+0000] {dag.py:3954} INFO - Setting next_dagrun for example_branch_python_operator_decorator to 2024-07-21 00:00:00+00:00, run_after=2024-07-22 00:00:00+00:00
[2024-07-22T22:38:40.573+0000] {processor.py:183} INFO - Processing /home/airflow/.local/lib/python3.11/site-packages/airflow/example_dags/example_branch_operator_decorator.py took 0.169 seconds
[2024-07-22T22:39:11.249+0000] {processor.py:161} INFO - Started process (PID=10904) to work on /home/airflow/.local/lib/python3.11/site-packages/airflow/example_dags/example_branch_operator_decorator.py
[2024-07-22T22:39:11.254+0000] {processor.py:830} INFO - Processing file /home/airflow/.local/lib/python3.11/site-packages/airflow/example_dags/example_branch_operator_decorator.py for tasks to queue
[2024-07-22T22:39:11.258+0000] {logging_mixin.py:188} INFO - [2024-07-22T22:39:11.257+0000] {dagbag.py:545} INFO - Filling up the DagBag from /home/airflow/.local/lib/python3.11/site-packages/airflow/example_dags/example_branch_operator_decorator.py
[2024-07-22T22:39:11.307+0000] {processor.py:840} INFO - DAG(s) 'example_branch_python_operator_decorator' retrieved from /home/airflow/.local/lib/python3.11/site-packages/airflow/example_dags/example_branch_operator_decorator.py
[2024-07-22T22:39:11.360+0000] {logging_mixin.py:188} INFO - [2024-07-22T22:39:11.360+0000] {dag.py:3096} INFO - Sync 1 DAGs
[2024-07-22T22:39:11.404+0000] {logging_mixin.py:188} INFO - [2024-07-22T22:39:11.403+0000] {dag.py:3954} INFO - Setting next_dagrun for example_branch_python_operator_decorator to 2024-07-21 00:00:00+00:00, run_after=2024-07-22 00:00:00+00:00
[2024-07-22T22:39:11.432+0000] {processor.py:183} INFO - Processing /home/airflow/.local/lib/python3.11/site-packages/airflow/example_dags/example_branch_operator_decorator.py took 0.206 seconds
[2024-07-22T22:39:41.519+0000] {processor.py:161} INFO - Started process (PID=10967) to work on /home/airflow/.local/lib/python3.11/site-packages/airflow/example_dags/example_branch_operator_decorator.py
[2024-07-22T22:39:41.520+0000] {processor.py:830} INFO - Processing file /home/airflow/.local/lib/python3.11/site-packages/airflow/example_dags/example_branch_operator_decorator.py for tasks to queue
[2024-07-22T22:39:41.523+0000] {logging_mixin.py:188} INFO - [2024-07-22T22:39:41.523+0000] {dagbag.py:545} INFO - Filling up the DagBag from /home/airflow/.local/lib/python3.11/site-packages/airflow/example_dags/example_branch_operator_decorator.py
[2024-07-22T22:39:41.557+0000] {processor.py:840} INFO - DAG(s) 'example_branch_python_operator_decorator' retrieved from /home/airflow/.local/lib/python3.11/site-packages/airflow/example_dags/example_branch_operator_decorator.py
[2024-07-22T22:39:41.603+0000] {logging_mixin.py:188} INFO - [2024-07-22T22:39:41.602+0000] {dag.py:3096} INFO - Sync 1 DAGs
[2024-07-22T22:39:41.643+0000] {logging_mixin.py:188} INFO - [2024-07-22T22:39:41.643+0000] {dag.py:3954} INFO - Setting next_dagrun for example_branch_python_operator_decorator to 2024-07-21 00:00:00+00:00, run_after=2024-07-22 00:00:00+00:00
[2024-07-22T22:39:41.669+0000] {processor.py:183} INFO - Processing /home/airflow/.local/lib/python3.11/site-packages/airflow/example_dags/example_branch_operator_decorator.py took 0.160 seconds
[2024-07-22T22:40:12.065+0000] {processor.py:161} INFO - Started process (PID=11030) to work on /home/airflow/.local/lib/python3.11/site-packages/airflow/example_dags/example_branch_operator_decorator.py
[2024-07-22T22:40:12.067+0000] {processor.py:830} INFO - Processing file /home/airflow/.local/lib/python3.11/site-packages/airflow/example_dags/example_branch_operator_decorator.py for tasks to queue
[2024-07-22T22:40:12.070+0000] {logging_mixin.py:188} INFO - [2024-07-22T22:40:12.069+0000] {dagbag.py:545} INFO - Filling up the DagBag from /home/airflow/.local/lib/python3.11/site-packages/airflow/example_dags/example_branch_operator_decorator.py
[2024-07-22T22:40:12.103+0000] {processor.py:840} INFO - DAG(s) 'example_branch_python_operator_decorator' retrieved from /home/airflow/.local/lib/python3.11/site-packages/airflow/example_dags/example_branch_operator_decorator.py
[2024-07-22T22:40:12.149+0000] {logging_mixin.py:188} INFO - [2024-07-22T22:40:12.149+0000] {dag.py:3096} INFO - Sync 1 DAGs
[2024-07-22T22:40:12.184+0000] {logging_mixin.py:188} INFO - [2024-07-22T22:40:12.184+0000] {dag.py:3954} INFO - Setting next_dagrun for example_branch_python_operator_decorator to 2024-07-21 00:00:00+00:00, run_after=2024-07-22 00:00:00+00:00
[2024-07-22T22:40:12.442+0000] {processor.py:183} INFO - Processing /home/airflow/.local/lib/python3.11/site-packages/airflow/example_dags/example_branch_operator_decorator.py took 0.388 seconds
[2024-07-22T22:40:43.338+0000] {processor.py:161} INFO - Started process (PID=11094) to work on /home/airflow/.local/lib/python3.11/site-packages/airflow/example_dags/example_branch_operator_decorator.py
[2024-07-22T22:40:43.340+0000] {processor.py:830} INFO - Processing file /home/airflow/.local/lib/python3.11/site-packages/airflow/example_dags/example_branch_operator_decorator.py for tasks to queue
[2024-07-22T22:40:43.343+0000] {logging_mixin.py:188} INFO - [2024-07-22T22:40:43.343+0000] {dagbag.py:545} INFO - Filling up the DagBag from /home/airflow/.local/lib/python3.11/site-packages/airflow/example_dags/example_branch_operator_decorator.py
[2024-07-22T22:40:43.375+0000] {processor.py:840} INFO - DAG(s) 'example_branch_python_operator_decorator' retrieved from /home/airflow/.local/lib/python3.11/site-packages/airflow/example_dags/example_branch_operator_decorator.py
[2024-07-22T22:40:43.421+0000] {logging_mixin.py:188} INFO - [2024-07-22T22:40:43.421+0000] {dag.py:3096} INFO - Sync 1 DAGs
[2024-07-22T22:40:43.456+0000] {logging_mixin.py:188} INFO - [2024-07-22T22:40:43.456+0000] {dag.py:3954} INFO - Setting next_dagrun for example_branch_python_operator_decorator to 2024-07-21 00:00:00+00:00, run_after=2024-07-22 00:00:00+00:00
[2024-07-22T22:40:43.711+0000] {processor.py:183} INFO - Processing /home/airflow/.local/lib/python3.11/site-packages/airflow/example_dags/example_branch_operator_decorator.py took 0.384 seconds
[2024-07-22T22:41:14.155+0000] {processor.py:161} INFO - Started process (PID=11158) to work on /home/airflow/.local/lib/python3.11/site-packages/airflow/example_dags/example_branch_operator_decorator.py
[2024-07-22T22:41:14.156+0000] {processor.py:830} INFO - Processing file /home/airflow/.local/lib/python3.11/site-packages/airflow/example_dags/example_branch_operator_decorator.py for tasks to queue
[2024-07-22T22:41:14.159+0000] {logging_mixin.py:188} INFO - [2024-07-22T22:41:14.159+0000] {dagbag.py:545} INFO - Filling up the DagBag from /home/airflow/.local/lib/python3.11/site-packages/airflow/example_dags/example_branch_operator_decorator.py
[2024-07-22T22:41:14.191+0000] {processor.py:840} INFO - DAG(s) 'example_branch_python_operator_decorator' retrieved from /home/airflow/.local/lib/python3.11/site-packages/airflow/example_dags/example_branch_operator_decorator.py
[2024-07-22T22:41:14.235+0000] {logging_mixin.py:188} INFO - [2024-07-22T22:41:14.235+0000] {dag.py:3096} INFO - Sync 1 DAGs
[2024-07-22T22:41:14.267+0000] {logging_mixin.py:188} INFO - [2024-07-22T22:41:14.267+0000] {dag.py:3954} INFO - Setting next_dagrun for example_branch_python_operator_decorator to 2024-07-21 00:00:00+00:00, run_after=2024-07-22 00:00:00+00:00
[2024-07-22T22:41:14.297+0000] {processor.py:183} INFO - Processing /home/airflow/.local/lib/python3.11/site-packages/airflow/example_dags/example_branch_operator_decorator.py took 0.153 seconds
[2024-07-22T22:41:44.429+0000] {processor.py:161} INFO - Started process (PID=11220) to work on /home/airflow/.local/lib/python3.11/site-packages/airflow/example_dags/example_branch_operator_decorator.py
[2024-07-22T22:41:44.431+0000] {processor.py:830} INFO - Processing file /home/airflow/.local/lib/python3.11/site-packages/airflow/example_dags/example_branch_operator_decorator.py for tasks to queue
[2024-07-22T22:41:44.434+0000] {logging_mixin.py:188} INFO - [2024-07-22T22:41:44.433+0000] {dagbag.py:545} INFO - Filling up the DagBag from /home/airflow/.local/lib/python3.11/site-packages/airflow/example_dags/example_branch_operator_decorator.py
[2024-07-22T22:41:44.467+0000] {processor.py:840} INFO - DAG(s) 'example_branch_python_operator_decorator' retrieved from /home/airflow/.local/lib/python3.11/site-packages/airflow/example_dags/example_branch_operator_decorator.py
[2024-07-22T22:41:44.513+0000] {logging_mixin.py:188} INFO - [2024-07-22T22:41:44.512+0000] {dag.py:3096} INFO - Sync 1 DAGs
[2024-07-22T22:41:44.546+0000] {logging_mixin.py:188} INFO - [2024-07-22T22:41:44.545+0000] {dag.py:3954} INFO - Setting next_dagrun for example_branch_python_operator_decorator to 2024-07-21 00:00:00+00:00, run_after=2024-07-22 00:00:00+00:00
[2024-07-22T22:41:44.572+0000] {processor.py:183} INFO - Processing /home/airflow/.local/lib/python3.11/site-packages/airflow/example_dags/example_branch_operator_decorator.py took 0.154 seconds
[2024-07-22T22:42:14.995+0000] {processor.py:161} INFO - Started process (PID=11282) to work on /home/airflow/.local/lib/python3.11/site-packages/airflow/example_dags/example_branch_operator_decorator.py
[2024-07-22T22:42:14.996+0000] {processor.py:830} INFO - Processing file /home/airflow/.local/lib/python3.11/site-packages/airflow/example_dags/example_branch_operator_decorator.py for tasks to queue
[2024-07-22T22:42:14.999+0000] {logging_mixin.py:188} INFO - [2024-07-22T22:42:14.999+0000] {dagbag.py:545} INFO - Filling up the DagBag from /home/airflow/.local/lib/python3.11/site-packages/airflow/example_dags/example_branch_operator_decorator.py
[2024-07-22T22:42:15.031+0000] {processor.py:840} INFO - DAG(s) 'example_branch_python_operator_decorator' retrieved from /home/airflow/.local/lib/python3.11/site-packages/airflow/example_dags/example_branch_operator_decorator.py
[2024-07-22T22:42:15.075+0000] {logging_mixin.py:188} INFO - [2024-07-22T22:42:15.075+0000] {dag.py:3096} INFO - Sync 1 DAGs
[2024-07-22T22:42:15.107+0000] {logging_mixin.py:188} INFO - [2024-07-22T22:42:15.107+0000] {dag.py:3954} INFO - Setting next_dagrun for example_branch_python_operator_decorator to 2024-07-21 00:00:00+00:00, run_after=2024-07-22 00:00:00+00:00
[2024-07-22T22:42:15.133+0000] {processor.py:183} INFO - Processing /home/airflow/.local/lib/python3.11/site-packages/airflow/example_dags/example_branch_operator_decorator.py took 0.149 seconds
[2024-07-22T22:42:45.586+0000] {processor.py:161} INFO - Started process (PID=11342) to work on /home/airflow/.local/lib/python3.11/site-packages/airflow/example_dags/example_branch_operator_decorator.py
[2024-07-22T22:42:45.588+0000] {processor.py:830} INFO - Processing file /home/airflow/.local/lib/python3.11/site-packages/airflow/example_dags/example_branch_operator_decorator.py for tasks to queue
[2024-07-22T22:42:45.590+0000] {logging_mixin.py:188} INFO - [2024-07-22T22:42:45.589+0000] {dagbag.py:545} INFO - Filling up the DagBag from /home/airflow/.local/lib/python3.11/site-packages/airflow/example_dags/example_branch_operator_decorator.py
[2024-07-22T22:42:45.623+0000] {processor.py:840} INFO - DAG(s) 'example_branch_python_operator_decorator' retrieved from /home/airflow/.local/lib/python3.11/site-packages/airflow/example_dags/example_branch_operator_decorator.py
[2024-07-22T22:42:45.895+0000] {logging_mixin.py:188} INFO - [2024-07-22T22:42:45.895+0000] {dag.py:3096} INFO - Sync 1 DAGs
[2024-07-22T22:42:45.922+0000] {logging_mixin.py:188} INFO - [2024-07-22T22:42:45.922+0000] {dag.py:3954} INFO - Setting next_dagrun for example_branch_python_operator_decorator to 2024-07-21 00:00:00+00:00, run_after=2024-07-22 00:00:00+00:00
[2024-07-22T22:42:45.944+0000] {processor.py:183} INFO - Processing /home/airflow/.local/lib/python3.11/site-packages/airflow/example_dags/example_branch_operator_decorator.py took 0.369 seconds
[2024-07-22T22:43:16.470+0000] {processor.py:161} INFO - Started process (PID=11399) to work on /home/airflow/.local/lib/python3.11/site-packages/airflow/example_dags/example_branch_operator_decorator.py
[2024-07-22T22:43:16.472+0000] {processor.py:830} INFO - Processing file /home/airflow/.local/lib/python3.11/site-packages/airflow/example_dags/example_branch_operator_decorator.py for tasks to queue
[2024-07-22T22:43:16.473+0000] {logging_mixin.py:188} INFO - [2024-07-22T22:43:16.473+0000] {dagbag.py:545} INFO - Filling up the DagBag from /home/airflow/.local/lib/python3.11/site-packages/airflow/example_dags/example_branch_operator_decorator.py
[2024-07-22T22:43:16.519+0000] {processor.py:840} INFO - DAG(s) 'example_branch_python_operator_decorator' retrieved from /home/airflow/.local/lib/python3.11/site-packages/airflow/example_dags/example_branch_operator_decorator.py
[2024-07-22T22:43:16.566+0000] {logging_mixin.py:188} INFO - [2024-07-22T22:43:16.565+0000] {dag.py:3096} INFO - Sync 1 DAGs
[2024-07-22T22:43:16.815+0000] {logging_mixin.py:188} INFO - [2024-07-22T22:43:16.814+0000] {dag.py:3954} INFO - Setting next_dagrun for example_branch_python_operator_decorator to 2024-07-21 00:00:00+00:00, run_after=2024-07-22 00:00:00+00:00
[2024-07-22T22:43:16.836+0000] {processor.py:183} INFO - Processing /home/airflow/.local/lib/python3.11/site-packages/airflow/example_dags/example_branch_operator_decorator.py took 0.380 seconds
[2024-07-22T22:43:47.757+0000] {processor.py:161} INFO - Started process (PID=11458) to work on /home/airflow/.local/lib/python3.11/site-packages/airflow/example_dags/example_branch_operator_decorator.py
[2024-07-22T22:43:47.759+0000] {processor.py:830} INFO - Processing file /home/airflow/.local/lib/python3.11/site-packages/airflow/example_dags/example_branch_operator_decorator.py for tasks to queue
[2024-07-22T22:43:47.760+0000] {logging_mixin.py:188} INFO - [2024-07-22T22:43:47.759+0000] {dagbag.py:545} INFO - Filling up the DagBag from /home/airflow/.local/lib/python3.11/site-packages/airflow/example_dags/example_branch_operator_decorator.py
[2024-07-22T22:43:47.807+0000] {processor.py:840} INFO - DAG(s) 'example_branch_python_operator_decorator' retrieved from /home/airflow/.local/lib/python3.11/site-packages/airflow/example_dags/example_branch_operator_decorator.py
[2024-07-22T22:43:47.875+0000] {logging_mixin.py:188} INFO - [2024-07-22T22:43:47.874+0000] {dag.py:3096} INFO - Sync 1 DAGs
[2024-07-22T22:43:48.170+0000] {logging_mixin.py:188} INFO - [2024-07-22T22:43:48.170+0000] {dag.py:3954} INFO - Setting next_dagrun for example_branch_python_operator_decorator to 2024-07-21 00:00:00+00:00, run_after=2024-07-22 00:00:00+00:00
[2024-07-22T22:43:48.194+0000] {processor.py:183} INFO - Processing /home/airflow/.local/lib/python3.11/site-packages/airflow/example_dags/example_branch_operator_decorator.py took 0.451 seconds
