[2024-07-22T22:37:38.797+0000] {processor.py:161} INFO - Started process (PID=10713) to work on /home/airflow/.local/lib/python3.11/site-packages/airflow/example_dags/example_branch_datetime_operator.py
[2024-07-22T22:37:38.799+0000] {processor.py:830} INFO - Processing file /home/airflow/.local/lib/python3.11/site-packages/airflow/example_dags/example_branch_datetime_operator.py for tasks to queue
[2024-07-22T22:37:38.802+0000] {logging_mixin.py:188} INFO - [2024-07-22T22:37:38.802+0000] {dagbag.py:545} INFO - Filling up the DagBag from /home/airflow/.local/lib/python3.11/site-packages/airflow/example_dags/example_branch_datetime_operator.py
[2024-07-22T22:37:38.828+0000] {processor.py:840} INFO - DAG(s) 'example_branch_datetime_operator_2', 'example_branch_datetime_operator_3', 'example_branch_datetime_operator' retrieved from /home/airflow/.local/lib/python3.11/site-packages/airflow/example_dags/example_branch_datetime_operator.py
[2024-07-22T22:37:38.887+0000] {logging_mixin.py:188} INFO - [2024-07-22T22:37:38.887+0000] {dag.py:3096} INFO - Sync 3 DAGs
[2024-07-22T22:37:38.935+0000] {logging_mixin.py:188} INFO - [2024-07-22T22:37:38.934+0000] {dag.py:3954} INFO - Setting next_dagrun for example_branch_datetime_operator to 2024-07-21 00:00:00+00:00, run_after=2024-07-22 00:00:00+00:00
[2024-07-22T22:37:38.945+0000] {logging_mixin.py:188} INFO - [2024-07-22T22:37:38.945+0000] {dag.py:3954} INFO - Setting next_dagrun for example_branch_datetime_operator_2 to 2024-07-21 00:00:00+00:00, run_after=2024-07-22 00:00:00+00:00
[2024-07-22T22:37:38.951+0000] {logging_mixin.py:188} INFO - [2024-07-22T22:37:38.950+0000] {dag.py:3954} INFO - Setting next_dagrun for example_branch_datetime_operator_3 to 2024-07-21 00:00:00+00:00, run_after=2024-07-22 00:00:00+00:00
[2024-07-22T22:37:38.979+0000] {processor.py:183} INFO - Processing /home/airflow/.local/lib/python3.11/site-packages/airflow/example_dags/example_branch_datetime_operator.py took 0.196 seconds
[2024-07-22T22:38:09.132+0000] {processor.py:161} INFO - Started process (PID=10776) to work on /home/airflow/.local/lib/python3.11/site-packages/airflow/example_dags/example_branch_datetime_operator.py
[2024-07-22T22:38:09.134+0000] {processor.py:830} INFO - Processing file /home/airflow/.local/lib/python3.11/site-packages/airflow/example_dags/example_branch_datetime_operator.py for tasks to queue
[2024-07-22T22:38:09.137+0000] {logging_mixin.py:188} INFO - [2024-07-22T22:38:09.137+0000] {dagbag.py:545} INFO - Filling up the DagBag from /home/airflow/.local/lib/python3.11/site-packages/airflow/example_dags/example_branch_datetime_operator.py
[2024-07-22T22:38:09.172+0000] {processor.py:840} INFO - DAG(s) 'example_branch_datetime_operator_2', 'example_branch_datetime_operator_3', 'example_branch_datetime_operator' retrieved from /home/airflow/.local/lib/python3.11/site-packages/airflow/example_dags/example_branch_datetime_operator.py
[2024-07-22T22:38:09.226+0000] {logging_mixin.py:188} INFO - [2024-07-22T22:38:09.225+0000] {dag.py:3096} INFO - Sync 3 DAGs
[2024-07-22T22:38:09.269+0000] {logging_mixin.py:188} INFO - [2024-07-22T22:38:09.268+0000] {dag.py:3954} INFO - Setting next_dagrun for example_branch_datetime_operator to 2024-07-21 00:00:00+00:00, run_after=2024-07-22 00:00:00+00:00
[2024-07-22T22:38:09.278+0000] {logging_mixin.py:188} INFO - [2024-07-22T22:38:09.278+0000] {dag.py:3954} INFO - Setting next_dagrun for example_branch_datetime_operator_2 to 2024-07-21 00:00:00+00:00, run_after=2024-07-22 00:00:00+00:00
[2024-07-22T22:38:09.283+0000] {logging_mixin.py:188} INFO - [2024-07-22T22:38:09.283+0000] {dag.py:3954} INFO - Setting next_dagrun for example_branch_datetime_operator_3 to 2024-07-21 00:00:00+00:00, run_after=2024-07-22 00:00:00+00:00
[2024-07-22T22:38:09.311+0000] {processor.py:183} INFO - Processing /home/airflow/.local/lib/python3.11/site-packages/airflow/example_dags/example_branch_datetime_operator.py took 0.190 seconds
[2024-07-22T22:38:39.400+0000] {processor.py:161} INFO - Started process (PID=10840) to work on /home/airflow/.local/lib/python3.11/site-packages/airflow/example_dags/example_branch_datetime_operator.py
[2024-07-22T22:38:39.401+0000] {processor.py:830} INFO - Processing file /home/airflow/.local/lib/python3.11/site-packages/airflow/example_dags/example_branch_datetime_operator.py for tasks to queue
[2024-07-22T22:38:39.404+0000] {logging_mixin.py:188} INFO - [2024-07-22T22:38:39.404+0000] {dagbag.py:545} INFO - Filling up the DagBag from /home/airflow/.local/lib/python3.11/site-packages/airflow/example_dags/example_branch_datetime_operator.py
[2024-07-22T22:38:39.421+0000] {processor.py:840} INFO - DAG(s) 'example_branch_datetime_operator_2', 'example_branch_datetime_operator_3', 'example_branch_datetime_operator' retrieved from /home/airflow/.local/lib/python3.11/site-packages/airflow/example_dags/example_branch_datetime_operator.py
[2024-07-22T22:38:39.467+0000] {logging_mixin.py:188} INFO - [2024-07-22T22:38:39.467+0000] {dag.py:3096} INFO - Sync 3 DAGs
[2024-07-22T22:38:39.503+0000] {logging_mixin.py:188} INFO - [2024-07-22T22:38:39.503+0000] {dag.py:3954} INFO - Setting next_dagrun for example_branch_datetime_operator to 2024-07-21 00:00:00+00:00, run_after=2024-07-22 00:00:00+00:00
[2024-07-22T22:38:39.511+0000] {logging_mixin.py:188} INFO - [2024-07-22T22:38:39.510+0000] {dag.py:3954} INFO - Setting next_dagrun for example_branch_datetime_operator_2 to 2024-07-21 00:00:00+00:00, run_after=2024-07-22 00:00:00+00:00
[2024-07-22T22:38:39.514+0000] {logging_mixin.py:188} INFO - [2024-07-22T22:38:39.514+0000] {dag.py:3954} INFO - Setting next_dagrun for example_branch_datetime_operator_3 to 2024-07-21 00:00:00+00:00, run_after=2024-07-22 00:00:00+00:00
[2024-07-22T22:38:39.537+0000] {processor.py:183} INFO - Processing /home/airflow/.local/lib/python3.11/site-packages/airflow/example_dags/example_branch_datetime_operator.py took 0.148 seconds
[2024-07-22T22:39:10.098+0000] {processor.py:161} INFO - Started process (PID=10903) to work on /home/airflow/.local/lib/python3.11/site-packages/airflow/example_dags/example_branch_datetime_operator.py
[2024-07-22T22:39:10.101+0000] {processor.py:830} INFO - Processing file /home/airflow/.local/lib/python3.11/site-packages/airflow/example_dags/example_branch_datetime_operator.py for tasks to queue
[2024-07-22T22:39:10.104+0000] {logging_mixin.py:188} INFO - [2024-07-22T22:39:10.103+0000] {dagbag.py:545} INFO - Filling up the DagBag from /home/airflow/.local/lib/python3.11/site-packages/airflow/example_dags/example_branch_datetime_operator.py
[2024-07-22T22:39:10.122+0000] {processor.py:840} INFO - DAG(s) 'example_branch_datetime_operator_3', 'example_branch_datetime_operator_2', 'example_branch_datetime_operator' retrieved from /home/airflow/.local/lib/python3.11/site-packages/airflow/example_dags/example_branch_datetime_operator.py
[2024-07-22T22:39:10.167+0000] {logging_mixin.py:188} INFO - [2024-07-22T22:39:10.167+0000] {dag.py:3096} INFO - Sync 3 DAGs
[2024-07-22T22:39:10.203+0000] {logging_mixin.py:188} INFO - [2024-07-22T22:39:10.202+0000] {dag.py:3954} INFO - Setting next_dagrun for example_branch_datetime_operator to 2024-07-21 00:00:00+00:00, run_after=2024-07-22 00:00:00+00:00
[2024-07-22T22:39:10.212+0000] {logging_mixin.py:188} INFO - [2024-07-22T22:39:10.212+0000] {dag.py:3954} INFO - Setting next_dagrun for example_branch_datetime_operator_2 to 2024-07-21 00:00:00+00:00, run_after=2024-07-22 00:00:00+00:00
[2024-07-22T22:39:10.216+0000] {logging_mixin.py:188} INFO - [2024-07-22T22:39:10.215+0000] {dag.py:3954} INFO - Setting next_dagrun for example_branch_datetime_operator_3 to 2024-07-21 00:00:00+00:00, run_after=2024-07-22 00:00:00+00:00
[2024-07-22T22:39:10.239+0000] {processor.py:183} INFO - Processing /home/airflow/.local/lib/python3.11/site-packages/airflow/example_dags/example_branch_datetime_operator.py took 0.152 seconds
[2024-07-22T22:39:40.505+0000] {processor.py:161} INFO - Started process (PID=10966) to work on /home/airflow/.local/lib/python3.11/site-packages/airflow/example_dags/example_branch_datetime_operator.py
[2024-07-22T22:39:40.507+0000] {processor.py:830} INFO - Processing file /home/airflow/.local/lib/python3.11/site-packages/airflow/example_dags/example_branch_datetime_operator.py for tasks to queue
[2024-07-22T22:39:40.509+0000] {logging_mixin.py:188} INFO - [2024-07-22T22:39:40.509+0000] {dagbag.py:545} INFO - Filling up the DagBag from /home/airflow/.local/lib/python3.11/site-packages/airflow/example_dags/example_branch_datetime_operator.py
[2024-07-22T22:39:40.525+0000] {processor.py:840} INFO - DAG(s) 'example_branch_datetime_operator_2', 'example_branch_datetime_operator', 'example_branch_datetime_operator_3' retrieved from /home/airflow/.local/lib/python3.11/site-packages/airflow/example_dags/example_branch_datetime_operator.py
[2024-07-22T22:39:40.568+0000] {logging_mixin.py:188} INFO - [2024-07-22T22:39:40.568+0000] {dag.py:3096} INFO - Sync 3 DAGs
[2024-07-22T22:39:40.602+0000] {logging_mixin.py:188} INFO - [2024-07-22T22:39:40.601+0000] {dag.py:3954} INFO - Setting next_dagrun for example_branch_datetime_operator to 2024-07-21 00:00:00+00:00, run_after=2024-07-22 00:00:00+00:00
[2024-07-22T22:39:40.608+0000] {logging_mixin.py:188} INFO - [2024-07-22T22:39:40.607+0000] {dag.py:3954} INFO - Setting next_dagrun for example_branch_datetime_operator_2 to 2024-07-21 00:00:00+00:00, run_after=2024-07-22 00:00:00+00:00
[2024-07-22T22:39:40.611+0000] {logging_mixin.py:188} INFO - [2024-07-22T22:39:40.611+0000] {dag.py:3954} INFO - Setting next_dagrun for example_branch_datetime_operator_3 to 2024-07-21 00:00:00+00:00, run_after=2024-07-22 00:00:00+00:00
[2024-07-22T22:39:40.634+0000] {processor.py:183} INFO - Processing /home/airflow/.local/lib/python3.11/site-packages/airflow/example_dags/example_branch_datetime_operator.py took 0.140 seconds
[2024-07-22T22:40:11.052+0000] {processor.py:161} INFO - Started process (PID=11029) to work on /home/airflow/.local/lib/python3.11/site-packages/airflow/example_dags/example_branch_datetime_operator.py
[2024-07-22T22:40:11.055+0000] {processor.py:830} INFO - Processing file /home/airflow/.local/lib/python3.11/site-packages/airflow/example_dags/example_branch_datetime_operator.py for tasks to queue
[2024-07-22T22:40:11.057+0000] {logging_mixin.py:188} INFO - [2024-07-22T22:40:11.057+0000] {dagbag.py:545} INFO - Filling up the DagBag from /home/airflow/.local/lib/python3.11/site-packages/airflow/example_dags/example_branch_datetime_operator.py
[2024-07-22T22:40:11.074+0000] {processor.py:840} INFO - DAG(s) 'example_branch_datetime_operator_3', 'example_branch_datetime_operator_2', 'example_branch_datetime_operator' retrieved from /home/airflow/.local/lib/python3.11/site-packages/airflow/example_dags/example_branch_datetime_operator.py
[2024-07-22T22:40:11.116+0000] {logging_mixin.py:188} INFO - [2024-07-22T22:40:11.116+0000] {dag.py:3096} INFO - Sync 3 DAGs
[2024-07-22T22:40:11.149+0000] {logging_mixin.py:188} INFO - [2024-07-22T22:40:11.149+0000] {dag.py:3954} INFO - Setting next_dagrun for example_branch_datetime_operator to 2024-07-21 00:00:00+00:00, run_after=2024-07-22 00:00:00+00:00
[2024-07-22T22:40:11.156+0000] {logging_mixin.py:188} INFO - [2024-07-22T22:40:11.156+0000] {dag.py:3954} INFO - Setting next_dagrun for example_branch_datetime_operator_2 to 2024-07-21 00:00:00+00:00, run_after=2024-07-22 00:00:00+00:00
[2024-07-22T22:40:11.160+0000] {logging_mixin.py:188} INFO - [2024-07-22T22:40:11.160+0000] {dag.py:3954} INFO - Setting next_dagrun for example_branch_datetime_operator_3 to 2024-07-21 00:00:00+00:00, run_after=2024-07-22 00:00:00+00:00
[2024-07-22T22:40:11.185+0000] {processor.py:183} INFO - Processing /home/airflow/.local/lib/python3.11/site-packages/airflow/example_dags/example_branch_datetime_operator.py took 0.145 seconds
[2024-07-22T22:40:41.570+0000] {processor.py:161} INFO - Started process (PID=11091) to work on /home/airflow/.local/lib/python3.11/site-packages/airflow/example_dags/example_branch_datetime_operator.py
[2024-07-22T22:40:41.572+0000] {processor.py:830} INFO - Processing file /home/airflow/.local/lib/python3.11/site-packages/airflow/example_dags/example_branch_datetime_operator.py for tasks to queue
[2024-07-22T22:40:41.575+0000] {logging_mixin.py:188} INFO - [2024-07-22T22:40:41.574+0000] {dagbag.py:545} INFO - Filling up the DagBag from /home/airflow/.local/lib/python3.11/site-packages/airflow/example_dags/example_branch_datetime_operator.py
[2024-07-22T22:40:41.590+0000] {processor.py:840} INFO - DAG(s) 'example_branch_datetime_operator', 'example_branch_datetime_operator_2', 'example_branch_datetime_operator_3' retrieved from /home/airflow/.local/lib/python3.11/site-packages/airflow/example_dags/example_branch_datetime_operator.py
[2024-07-22T22:40:41.639+0000] {logging_mixin.py:188} INFO - [2024-07-22T22:40:41.638+0000] {dag.py:3096} INFO - Sync 3 DAGs
[2024-07-22T22:40:41.676+0000] {logging_mixin.py:188} INFO - [2024-07-22T22:40:41.675+0000] {dag.py:3954} INFO - Setting next_dagrun for example_branch_datetime_operator to 2024-07-21 00:00:00+00:00, run_after=2024-07-22 00:00:00+00:00
[2024-07-22T22:40:41.682+0000] {logging_mixin.py:188} INFO - [2024-07-22T22:40:41.682+0000] {dag.py:3954} INFO - Setting next_dagrun for example_branch_datetime_operator_2 to 2024-07-21 00:00:00+00:00, run_after=2024-07-22 00:00:00+00:00
[2024-07-22T22:40:41.686+0000] {logging_mixin.py:188} INFO - [2024-07-22T22:40:41.686+0000] {dag.py:3954} INFO - Setting next_dagrun for example_branch_datetime_operator_3 to 2024-07-21 00:00:00+00:00, run_after=2024-07-22 00:00:00+00:00
[2024-07-22T22:40:41.710+0000] {processor.py:183} INFO - Processing /home/airflow/.local/lib/python3.11/site-packages/airflow/example_dags/example_branch_datetime_operator.py took 0.152 seconds
[2024-07-22T22:41:11.860+0000] {processor.py:161} INFO - Started process (PID=11154) to work on /home/airflow/.local/lib/python3.11/site-packages/airflow/example_dags/example_branch_datetime_operator.py
[2024-07-22T22:41:11.862+0000] {processor.py:830} INFO - Processing file /home/airflow/.local/lib/python3.11/site-packages/airflow/example_dags/example_branch_datetime_operator.py for tasks to queue
[2024-07-22T22:41:11.864+0000] {logging_mixin.py:188} INFO - [2024-07-22T22:41:11.864+0000] {dagbag.py:545} INFO - Filling up the DagBag from /home/airflow/.local/lib/python3.11/site-packages/airflow/example_dags/example_branch_datetime_operator.py
[2024-07-22T22:41:11.880+0000] {processor.py:840} INFO - DAG(s) 'example_branch_datetime_operator_3', 'example_branch_datetime_operator_2', 'example_branch_datetime_operator' retrieved from /home/airflow/.local/lib/python3.11/site-packages/airflow/example_dags/example_branch_datetime_operator.py
[2024-07-22T22:41:11.924+0000] {logging_mixin.py:188} INFO - [2024-07-22T22:41:11.924+0000] {dag.py:3096} INFO - Sync 3 DAGs
[2024-07-22T22:41:11.960+0000] {logging_mixin.py:188} INFO - [2024-07-22T22:41:11.959+0000] {dag.py:3954} INFO - Setting next_dagrun for example_branch_datetime_operator to 2024-07-21 00:00:00+00:00, run_after=2024-07-22 00:00:00+00:00
[2024-07-22T22:41:11.967+0000] {logging_mixin.py:188} INFO - [2024-07-22T22:41:11.966+0000] {dag.py:3954} INFO - Setting next_dagrun for example_branch_datetime_operator_2 to 2024-07-21 00:00:00+00:00, run_after=2024-07-22 00:00:00+00:00
[2024-07-22T22:41:11.970+0000] {logging_mixin.py:188} INFO - [2024-07-22T22:41:11.970+0000] {dag.py:3954} INFO - Setting next_dagrun for example_branch_datetime_operator_3 to 2024-07-21 00:00:00+00:00, run_after=2024-07-22 00:00:00+00:00
[2024-07-22T22:41:11.993+0000] {processor.py:183} INFO - Processing /home/airflow/.local/lib/python3.11/site-packages/airflow/example_dags/example_branch_datetime_operator.py took 0.143 seconds
[2024-07-22T22:41:42.230+0000] {processor.py:161} INFO - Started process (PID=11217) to work on /home/airflow/.local/lib/python3.11/site-packages/airflow/example_dags/example_branch_datetime_operator.py
[2024-07-22T22:41:42.232+0000] {processor.py:830} INFO - Processing file /home/airflow/.local/lib/python3.11/site-packages/airflow/example_dags/example_branch_datetime_operator.py for tasks to queue
[2024-07-22T22:41:42.235+0000] {logging_mixin.py:188} INFO - [2024-07-22T22:41:42.235+0000] {dagbag.py:545} INFO - Filling up the DagBag from /home/airflow/.local/lib/python3.11/site-packages/airflow/example_dags/example_branch_datetime_operator.py
[2024-07-22T22:41:42.252+0000] {processor.py:840} INFO - DAG(s) 'example_branch_datetime_operator_2', 'example_branch_datetime_operator', 'example_branch_datetime_operator_3' retrieved from /home/airflow/.local/lib/python3.11/site-packages/airflow/example_dags/example_branch_datetime_operator.py
[2024-07-22T22:41:42.296+0000] {logging_mixin.py:188} INFO - [2024-07-22T22:41:42.296+0000] {dag.py:3096} INFO - Sync 3 DAGs
[2024-07-22T22:41:42.331+0000] {logging_mixin.py:188} INFO - [2024-07-22T22:41:42.331+0000] {dag.py:3954} INFO - Setting next_dagrun for example_branch_datetime_operator to 2024-07-21 00:00:00+00:00, run_after=2024-07-22 00:00:00+00:00
[2024-07-22T22:41:42.338+0000] {logging_mixin.py:188} INFO - [2024-07-22T22:41:42.338+0000] {dag.py:3954} INFO - Setting next_dagrun for example_branch_datetime_operator_2 to 2024-07-21 00:00:00+00:00, run_after=2024-07-22 00:00:00+00:00
[2024-07-22T22:41:42.342+0000] {logging_mixin.py:188} INFO - [2024-07-22T22:41:42.342+0000] {dag.py:3954} INFO - Setting next_dagrun for example_branch_datetime_operator_3 to 2024-07-21 00:00:00+00:00, run_after=2024-07-22 00:00:00+00:00
[2024-07-22T22:41:42.365+0000] {processor.py:183} INFO - Processing /home/airflow/.local/lib/python3.11/site-packages/airflow/example_dags/example_branch_datetime_operator.py took 0.145 seconds
[2024-07-22T22:42:12.816+0000] {processor.py:161} INFO - Started process (PID=11280) to work on /home/airflow/.local/lib/python3.11/site-packages/airflow/example_dags/example_branch_datetime_operator.py
[2024-07-22T22:42:12.818+0000] {processor.py:830} INFO - Processing file /home/airflow/.local/lib/python3.11/site-packages/airflow/example_dags/example_branch_datetime_operator.py for tasks to queue
[2024-07-22T22:42:12.820+0000] {logging_mixin.py:188} INFO - [2024-07-22T22:42:12.820+0000] {dagbag.py:545} INFO - Filling up the DagBag from /home/airflow/.local/lib/python3.11/site-packages/airflow/example_dags/example_branch_datetime_operator.py
[2024-07-22T22:42:12.837+0000] {processor.py:840} INFO - DAG(s) 'example_branch_datetime_operator_2', 'example_branch_datetime_operator', 'example_branch_datetime_operator_3' retrieved from /home/airflow/.local/lib/python3.11/site-packages/airflow/example_dags/example_branch_datetime_operator.py
[2024-07-22T22:42:12.879+0000] {logging_mixin.py:188} INFO - [2024-07-22T22:42:12.878+0000] {dag.py:3096} INFO - Sync 3 DAGs
[2024-07-22T22:42:12.913+0000] {logging_mixin.py:188} INFO - [2024-07-22T22:42:12.912+0000] {dag.py:3954} INFO - Setting next_dagrun for example_branch_datetime_operator to 2024-07-21 00:00:00+00:00, run_after=2024-07-22 00:00:00+00:00
[2024-07-22T22:42:12.919+0000] {logging_mixin.py:188} INFO - [2024-07-22T22:42:12.919+0000] {dag.py:3954} INFO - Setting next_dagrun for example_branch_datetime_operator_2 to 2024-07-21 00:00:00+00:00, run_after=2024-07-22 00:00:00+00:00
[2024-07-22T22:42:12.923+0000] {logging_mixin.py:188} INFO - [2024-07-22T22:42:12.922+0000] {dag.py:3954} INFO - Setting next_dagrun for example_branch_datetime_operator_3 to 2024-07-21 00:00:00+00:00, run_after=2024-07-22 00:00:00+00:00
[2024-07-22T22:42:12.944+0000] {processor.py:183} INFO - Processing /home/airflow/.local/lib/python3.11/site-packages/airflow/example_dags/example_branch_datetime_operator.py took 0.138 seconds
[2024-07-22T22:42:43.080+0000] {processor.py:161} INFO - Started process (PID=11340) to work on /home/airflow/.local/lib/python3.11/site-packages/airflow/example_dags/example_branch_datetime_operator.py
[2024-07-22T22:42:43.082+0000] {processor.py:830} INFO - Processing file /home/airflow/.local/lib/python3.11/site-packages/airflow/example_dags/example_branch_datetime_operator.py for tasks to queue
[2024-07-22T22:42:43.084+0000] {logging_mixin.py:188} INFO - [2024-07-22T22:42:43.083+0000] {dagbag.py:545} INFO - Filling up the DagBag from /home/airflow/.local/lib/python3.11/site-packages/airflow/example_dags/example_branch_datetime_operator.py
[2024-07-22T22:42:43.106+0000] {processor.py:840} INFO - DAG(s) 'example_branch_datetime_operator_3', 'example_branch_datetime_operator_2', 'example_branch_datetime_operator' retrieved from /home/airflow/.local/lib/python3.11/site-packages/airflow/example_dags/example_branch_datetime_operator.py
[2024-07-22T22:42:43.165+0000] {logging_mixin.py:188} INFO - [2024-07-22T22:42:43.164+0000] {dag.py:3096} INFO - Sync 3 DAGs
[2024-07-22T22:42:43.487+0000] {logging_mixin.py:188} INFO - [2024-07-22T22:42:43.486+0000] {dag.py:3954} INFO - Setting next_dagrun for example_branch_datetime_operator to 2024-07-21 00:00:00+00:00, run_after=2024-07-22 00:00:00+00:00
[2024-07-22T22:42:43.495+0000] {logging_mixin.py:188} INFO - [2024-07-22T22:42:43.495+0000] {dag.py:3954} INFO - Setting next_dagrun for example_branch_datetime_operator_2 to 2024-07-21 00:00:00+00:00, run_after=2024-07-22 00:00:00+00:00
[2024-07-22T22:42:43.500+0000] {logging_mixin.py:188} INFO - [2024-07-22T22:42:43.500+0000] {dag.py:3954} INFO - Setting next_dagrun for example_branch_datetime_operator_3 to 2024-07-21 00:00:00+00:00, run_after=2024-07-22 00:00:00+00:00
[2024-07-22T22:42:43.526+0000] {processor.py:183} INFO - Processing /home/airflow/.local/lib/python3.11/site-packages/airflow/example_dags/example_branch_datetime_operator.py took 0.460 seconds
[2024-07-22T22:43:14.036+0000] {processor.py:161} INFO - Started process (PID=11397) to work on /home/airflow/.local/lib/python3.11/site-packages/airflow/example_dags/example_branch_datetime_operator.py
[2024-07-22T22:43:14.039+0000] {processor.py:830} INFO - Processing file /home/airflow/.local/lib/python3.11/site-packages/airflow/example_dags/example_branch_datetime_operator.py for tasks to queue
[2024-07-22T22:43:14.040+0000] {logging_mixin.py:188} INFO - [2024-07-22T22:43:14.039+0000] {dagbag.py:545} INFO - Filling up the DagBag from /home/airflow/.local/lib/python3.11/site-packages/airflow/example_dags/example_branch_datetime_operator.py
[2024-07-22T22:43:14.055+0000] {processor.py:840} INFO - DAG(s) 'example_branch_datetime_operator_3', 'example_branch_datetime_operator_2', 'example_branch_datetime_operator' retrieved from /home/airflow/.local/lib/python3.11/site-packages/airflow/example_dags/example_branch_datetime_operator.py
[2024-07-22T22:43:14.099+0000] {logging_mixin.py:188} INFO - [2024-07-22T22:43:14.099+0000] {dag.py:3096} INFO - Sync 3 DAGs
[2024-07-22T22:43:14.359+0000] {logging_mixin.py:188} INFO - [2024-07-22T22:43:14.358+0000] {dag.py:3954} INFO - Setting next_dagrun for example_branch_datetime_operator to 2024-07-21 00:00:00+00:00, run_after=2024-07-22 00:00:00+00:00
[2024-07-22T22:43:14.366+0000] {logging_mixin.py:188} INFO - [2024-07-22T22:43:14.366+0000] {dag.py:3954} INFO - Setting next_dagrun for example_branch_datetime_operator_2 to 2024-07-21 00:00:00+00:00, run_after=2024-07-22 00:00:00+00:00
[2024-07-22T22:43:14.370+0000] {logging_mixin.py:188} INFO - [2024-07-22T22:43:14.370+0000] {dag.py:3954} INFO - Setting next_dagrun for example_branch_datetime_operator_3 to 2024-07-21 00:00:00+00:00, run_after=2024-07-22 00:00:00+00:00
[2024-07-22T22:43:14.392+0000] {processor.py:183} INFO - Processing /home/airflow/.local/lib/python3.11/site-packages/airflow/example_dags/example_branch_datetime_operator.py took 0.366 seconds
[2024-07-22T22:43:44.535+0000] {processor.py:161} INFO - Started process (PID=11455) to work on /home/airflow/.local/lib/python3.11/site-packages/airflow/example_dags/example_branch_datetime_operator.py
[2024-07-22T22:43:44.537+0000] {processor.py:830} INFO - Processing file /home/airflow/.local/lib/python3.11/site-packages/airflow/example_dags/example_branch_datetime_operator.py for tasks to queue
[2024-07-22T22:43:44.538+0000] {logging_mixin.py:188} INFO - [2024-07-22T22:43:44.537+0000] {dagbag.py:545} INFO - Filling up the DagBag from /home/airflow/.local/lib/python3.11/site-packages/airflow/example_dags/example_branch_datetime_operator.py
[2024-07-22T22:43:44.554+0000] {processor.py:840} INFO - DAG(s) 'example_branch_datetime_operator_3', 'example_branch_datetime_operator', 'example_branch_datetime_operator_2' retrieved from /home/airflow/.local/lib/python3.11/site-packages/airflow/example_dags/example_branch_datetime_operator.py
[2024-07-22T22:43:44.605+0000] {logging_mixin.py:188} INFO - [2024-07-22T22:43:44.605+0000] {dag.py:3096} INFO - Sync 3 DAGs
[2024-07-22T22:43:44.642+0000] {logging_mixin.py:188} INFO - [2024-07-22T22:43:44.641+0000] {dag.py:3954} INFO - Setting next_dagrun for example_branch_datetime_operator to 2024-07-21 00:00:00+00:00, run_after=2024-07-22 00:00:00+00:00
[2024-07-22T22:43:44.648+0000] {logging_mixin.py:188} INFO - [2024-07-22T22:43:44.648+0000] {dag.py:3954} INFO - Setting next_dagrun for example_branch_datetime_operator_2 to 2024-07-21 00:00:00+00:00, run_after=2024-07-22 00:00:00+00:00
[2024-07-22T22:43:44.652+0000] {logging_mixin.py:188} INFO - [2024-07-22T22:43:44.652+0000] {dag.py:3954} INFO - Setting next_dagrun for example_branch_datetime_operator_3 to 2024-07-21 00:00:00+00:00, run_after=2024-07-22 00:00:00+00:00
[2024-07-22T22:43:44.676+0000] {processor.py:183} INFO - Processing /home/airflow/.local/lib/python3.11/site-packages/airflow/example_dags/example_branch_datetime_operator.py took 0.151 seconds
