[2024-07-22T22:37:39.948+0000] {processor.py:161} INFO - Started process (PID=10715) to work on /home/airflow/.local/lib/python3.11/site-packages/airflow/example_dags/example_latest_only.py
[2024-07-22T22:37:39.950+0000] {processor.py:830} INFO - Processing file /home/airflow/.local/lib/python3.11/site-packages/airflow/example_dags/example_latest_only.py for tasks to queue
[2024-07-22T22:37:39.953+0000] {logging_mixin.py:188} INFO - [2024-07-22T22:37:39.953+0000] {dagbag.py:545} INFO - Filling up the DagBag from /home/airflow/.local/lib/python3.11/site-packages/airflow/example_dags/example_latest_only.py
[2024-07-22T22:37:39.962+0000] {processor.py:840} INFO - DAG(s) 'latest_only' retrieved from /home/airflow/.local/lib/python3.11/site-packages/airflow/example_dags/example_latest_only.py
[2024-07-22T22:37:39.996+0000] {logging_mixin.py:188} INFO - [2024-07-22T22:37:39.996+0000] {dag.py:3096} INFO - Sync 1 DAGs
[2024-07-22T22:37:40.028+0000] {logging_mixin.py:188} INFO - [2024-07-22T22:37:40.028+0000] {dag.py:3954} INFO - Setting next_dagrun for latest_only to 2024-07-22 16:00:00+00:00, run_after=2024-07-22 20:00:00+00:00
[2024-07-22T22:37:40.054+0000] {processor.py:183} INFO - Processing /home/airflow/.local/lib/python3.11/site-packages/airflow/example_dags/example_latest_only.py took 0.119 seconds
[2024-07-22T22:38:10.163+0000] {processor.py:161} INFO - Started process (PID=10778) to work on /home/airflow/.local/lib/python3.11/site-packages/airflow/example_dags/example_latest_only.py
[2024-07-22T22:38:10.165+0000] {processor.py:830} INFO - Processing file /home/airflow/.local/lib/python3.11/site-packages/airflow/example_dags/example_latest_only.py for tasks to queue
[2024-07-22T22:38:10.169+0000] {logging_mixin.py:188} INFO - [2024-07-22T22:38:10.168+0000] {dagbag.py:545} INFO - Filling up the DagBag from /home/airflow/.local/lib/python3.11/site-packages/airflow/example_dags/example_latest_only.py
[2024-07-22T22:38:10.179+0000] {processor.py:840} INFO - DAG(s) 'latest_only' retrieved from /home/airflow/.local/lib/python3.11/site-packages/airflow/example_dags/example_latest_only.py
[2024-07-22T22:38:10.220+0000] {logging_mixin.py:188} INFO - [2024-07-22T22:38:10.219+0000] {dag.py:3096} INFO - Sync 1 DAGs
[2024-07-22T22:38:10.258+0000] {logging_mixin.py:188} INFO - [2024-07-22T22:38:10.257+0000] {dag.py:3954} INFO - Setting next_dagrun for latest_only to 2024-07-22 16:00:00+00:00, run_after=2024-07-22 20:00:00+00:00
[2024-07-22T22:38:10.290+0000] {processor.py:183} INFO - Processing /home/airflow/.local/lib/python3.11/site-packages/airflow/example_dags/example_latest_only.py took 0.140 seconds
[2024-07-22T22:38:40.431+0000] {processor.py:161} INFO - Started process (PID=10842) to work on /home/airflow/.local/lib/python3.11/site-packages/airflow/example_dags/example_latest_only.py
[2024-07-22T22:38:40.432+0000] {processor.py:830} INFO - Processing file /home/airflow/.local/lib/python3.11/site-packages/airflow/example_dags/example_latest_only.py for tasks to queue
[2024-07-22T22:38:40.436+0000] {logging_mixin.py:188} INFO - [2024-07-22T22:38:40.435+0000] {dagbag.py:545} INFO - Filling up the DagBag from /home/airflow/.local/lib/python3.11/site-packages/airflow/example_dags/example_latest_only.py
[2024-07-22T22:38:40.446+0000] {processor.py:840} INFO - DAG(s) 'latest_only' retrieved from /home/airflow/.local/lib/python3.11/site-packages/airflow/example_dags/example_latest_only.py
[2024-07-22T22:38:40.488+0000] {logging_mixin.py:188} INFO - [2024-07-22T22:38:40.487+0000] {dag.py:3096} INFO - Sync 1 DAGs
[2024-07-22T22:38:40.532+0000] {logging_mixin.py:188} INFO - [2024-07-22T22:38:40.531+0000] {dag.py:3954} INFO - Setting next_dagrun for latest_only to 2024-07-22 16:00:00+00:00, run_after=2024-07-22 20:00:00+00:00
[2024-07-22T22:38:40.563+0000] {processor.py:183} INFO - Processing /home/airflow/.local/lib/python3.11/site-packages/airflow/example_dags/example_latest_only.py took 0.146 seconds
[2024-07-22T22:39:11.266+0000] {processor.py:161} INFO - Started process (PID=10905) to work on /home/airflow/.local/lib/python3.11/site-packages/airflow/example_dags/example_latest_only.py
[2024-07-22T22:39:11.269+0000] {processor.py:830} INFO - Processing file /home/airflow/.local/lib/python3.11/site-packages/airflow/example_dags/example_latest_only.py for tasks to queue
[2024-07-22T22:39:11.273+0000] {logging_mixin.py:188} INFO - [2024-07-22T22:39:11.272+0000] {dagbag.py:545} INFO - Filling up the DagBag from /home/airflow/.local/lib/python3.11/site-packages/airflow/example_dags/example_latest_only.py
[2024-07-22T22:39:11.300+0000] {processor.py:840} INFO - DAG(s) 'latest_only' retrieved from /home/airflow/.local/lib/python3.11/site-packages/airflow/example_dags/example_latest_only.py
[2024-07-22T22:39:11.338+0000] {logging_mixin.py:188} INFO - [2024-07-22T22:39:11.338+0000] {dag.py:3096} INFO - Sync 1 DAGs
[2024-07-22T22:39:11.383+0000] {logging_mixin.py:188} INFO - [2024-07-22T22:39:11.383+0000] {dag.py:3954} INFO - Setting next_dagrun for latest_only to 2024-07-22 16:00:00+00:00, run_after=2024-07-22 20:00:00+00:00
[2024-07-22T22:39:11.414+0000] {processor.py:183} INFO - Processing /home/airflow/.local/lib/python3.11/site-packages/airflow/example_dags/example_latest_only.py took 0.166 seconds
[2024-07-22T22:39:41.533+0000] {processor.py:161} INFO - Started process (PID=10968) to work on /home/airflow/.local/lib/python3.11/site-packages/airflow/example_dags/example_latest_only.py
[2024-07-22T22:39:41.535+0000] {processor.py:830} INFO - Processing file /home/airflow/.local/lib/python3.11/site-packages/airflow/example_dags/example_latest_only.py for tasks to queue
[2024-07-22T22:39:41.538+0000] {logging_mixin.py:188} INFO - [2024-07-22T22:39:41.538+0000] {dagbag.py:545} INFO - Filling up the DagBag from /home/airflow/.local/lib/python3.11/site-packages/airflow/example_dags/example_latest_only.py
[2024-07-22T22:39:41.547+0000] {processor.py:840} INFO - DAG(s) 'latest_only' retrieved from /home/airflow/.local/lib/python3.11/site-packages/airflow/example_dags/example_latest_only.py
[2024-07-22T22:39:41.580+0000] {logging_mixin.py:188} INFO - [2024-07-22T22:39:41.580+0000] {dag.py:3096} INFO - Sync 1 DAGs
[2024-07-22T22:39:41.614+0000] {logging_mixin.py:188} INFO - [2024-07-22T22:39:41.614+0000] {dag.py:3954} INFO - Setting next_dagrun for latest_only to 2024-07-22 16:00:00+00:00, run_after=2024-07-22 20:00:00+00:00
[2024-07-22T22:39:41.645+0000] {processor.py:183} INFO - Processing /home/airflow/.local/lib/python3.11/site-packages/airflow/example_dags/example_latest_only.py took 0.125 seconds
[2024-07-22T22:40:12.079+0000] {processor.py:161} INFO - Started process (PID=11031) to work on /home/airflow/.local/lib/python3.11/site-packages/airflow/example_dags/example_latest_only.py
[2024-07-22T22:40:12.081+0000] {processor.py:830} INFO - Processing file /home/airflow/.local/lib/python3.11/site-packages/airflow/example_dags/example_latest_only.py for tasks to queue
[2024-07-22T22:40:12.084+0000] {logging_mixin.py:188} INFO - [2024-07-22T22:40:12.084+0000] {dagbag.py:545} INFO - Filling up the DagBag from /home/airflow/.local/lib/python3.11/site-packages/airflow/example_dags/example_latest_only.py
[2024-07-22T22:40:12.094+0000] {processor.py:840} INFO - DAG(s) 'latest_only' retrieved from /home/airflow/.local/lib/python3.11/site-packages/airflow/example_dags/example_latest_only.py
[2024-07-22T22:40:12.128+0000] {logging_mixin.py:188} INFO - [2024-07-22T22:40:12.128+0000] {dag.py:3096} INFO - Sync 1 DAGs
[2024-07-22T22:40:12.161+0000] {logging_mixin.py:188} INFO - [2024-07-22T22:40:12.160+0000] {dag.py:3954} INFO - Setting next_dagrun for latest_only to 2024-07-22 16:00:00+00:00, run_after=2024-07-22 20:00:00+00:00
[2024-07-22T22:40:12.187+0000] {processor.py:183} INFO - Processing /home/airflow/.local/lib/python3.11/site-packages/airflow/example_dags/example_latest_only.py took 0.121 seconds
[2024-07-22T22:40:42.302+0000] {processor.py:161} INFO - Started process (PID=11093) to work on /home/airflow/.local/lib/python3.11/site-packages/airflow/example_dags/example_latest_only.py
[2024-07-22T22:40:42.304+0000] {processor.py:830} INFO - Processing file /home/airflow/.local/lib/python3.11/site-packages/airflow/example_dags/example_latest_only.py for tasks to queue
[2024-07-22T22:40:42.307+0000] {logging_mixin.py:188} INFO - [2024-07-22T22:40:42.307+0000] {dagbag.py:545} INFO - Filling up the DagBag from /home/airflow/.local/lib/python3.11/site-packages/airflow/example_dags/example_latest_only.py
[2024-07-22T22:40:42.315+0000] {processor.py:840} INFO - DAG(s) 'latest_only' retrieved from /home/airflow/.local/lib/python3.11/site-packages/airflow/example_dags/example_latest_only.py
[2024-07-22T22:40:42.346+0000] {logging_mixin.py:188} INFO - [2024-07-22T22:40:42.346+0000] {dag.py:3096} INFO - Sync 1 DAGs
[2024-07-22T22:40:42.377+0000] {logging_mixin.py:188} INFO - [2024-07-22T22:40:42.377+0000] {dag.py:3954} INFO - Setting next_dagrun for latest_only to 2024-07-22 16:00:00+00:00, run_after=2024-07-22 20:00:00+00:00
[2024-07-22T22:40:42.403+0000] {processor.py:183} INFO - Processing /home/airflow/.local/lib/python3.11/site-packages/airflow/example_dags/example_latest_only.py took 0.112 seconds
[2024-07-22T22:41:13.002+0000] {processor.py:161} INFO - Started process (PID=11156) to work on /home/airflow/.local/lib/python3.11/site-packages/airflow/example_dags/example_latest_only.py
[2024-07-22T22:41:13.004+0000] {processor.py:830} INFO - Processing file /home/airflow/.local/lib/python3.11/site-packages/airflow/example_dags/example_latest_only.py for tasks to queue
[2024-07-22T22:41:13.007+0000] {logging_mixin.py:188} INFO - [2024-07-22T22:41:13.007+0000] {dagbag.py:545} INFO - Filling up the DagBag from /home/airflow/.local/lib/python3.11/site-packages/airflow/example_dags/example_latest_only.py
[2024-07-22T22:41:13.018+0000] {processor.py:840} INFO - DAG(s) 'latest_only' retrieved from /home/airflow/.local/lib/python3.11/site-packages/airflow/example_dags/example_latest_only.py
[2024-07-22T22:41:13.054+0000] {logging_mixin.py:188} INFO - [2024-07-22T22:41:13.053+0000] {dag.py:3096} INFO - Sync 1 DAGs
[2024-07-22T22:41:13.085+0000] {logging_mixin.py:188} INFO - [2024-07-22T22:41:13.085+0000] {dag.py:3954} INFO - Setting next_dagrun for latest_only to 2024-07-22 16:00:00+00:00, run_after=2024-07-22 20:00:00+00:00
[2024-07-22T22:41:13.110+0000] {processor.py:183} INFO - Processing /home/airflow/.local/lib/python3.11/site-packages/airflow/example_dags/example_latest_only.py took 0.121 seconds
[2024-07-22T22:41:43.359+0000] {processor.py:161} INFO - Started process (PID=11218) to work on /home/airflow/.local/lib/python3.11/site-packages/airflow/example_dags/example_latest_only.py
[2024-07-22T22:41:43.362+0000] {processor.py:830} INFO - Processing file /home/airflow/.local/lib/python3.11/site-packages/airflow/example_dags/example_latest_only.py for tasks to queue
[2024-07-22T22:41:43.365+0000] {logging_mixin.py:188} INFO - [2024-07-22T22:41:43.364+0000] {dagbag.py:545} INFO - Filling up the DagBag from /home/airflow/.local/lib/python3.11/site-packages/airflow/example_dags/example_latest_only.py
[2024-07-22T22:41:43.375+0000] {processor.py:840} INFO - DAG(s) 'latest_only' retrieved from /home/airflow/.local/lib/python3.11/site-packages/airflow/example_dags/example_latest_only.py
[2024-07-22T22:41:43.406+0000] {logging_mixin.py:188} INFO - [2024-07-22T22:41:43.405+0000] {dag.py:3096} INFO - Sync 1 DAGs
[2024-07-22T22:41:43.436+0000] {logging_mixin.py:188} INFO - [2024-07-22T22:41:43.436+0000] {dag.py:3954} INFO - Setting next_dagrun for latest_only to 2024-07-22 16:00:00+00:00, run_after=2024-07-22 20:00:00+00:00
[2024-07-22T22:41:43.463+0000] {processor.py:183} INFO - Processing /home/airflow/.local/lib/python3.11/site-packages/airflow/example_dags/example_latest_only.py took 0.117 seconds
[2024-07-22T22:42:13.938+0000] {processor.py:161} INFO - Started process (PID=11281) to work on /home/airflow/.local/lib/python3.11/site-packages/airflow/example_dags/example_latest_only.py
[2024-07-22T22:42:13.940+0000] {processor.py:830} INFO - Processing file /home/airflow/.local/lib/python3.11/site-packages/airflow/example_dags/example_latest_only.py for tasks to queue
[2024-07-22T22:42:13.942+0000] {logging_mixin.py:188} INFO - [2024-07-22T22:42:13.942+0000] {dagbag.py:545} INFO - Filling up the DagBag from /home/airflow/.local/lib/python3.11/site-packages/airflow/example_dags/example_latest_only.py
[2024-07-22T22:42:13.951+0000] {processor.py:840} INFO - DAG(s) 'latest_only' retrieved from /home/airflow/.local/lib/python3.11/site-packages/airflow/example_dags/example_latest_only.py
[2024-07-22T22:42:13.983+0000] {logging_mixin.py:188} INFO - [2024-07-22T22:42:13.982+0000] {dag.py:3096} INFO - Sync 1 DAGs
[2024-07-22T22:42:14.015+0000] {logging_mixin.py:188} INFO - [2024-07-22T22:42:14.014+0000] {dag.py:3954} INFO - Setting next_dagrun for latest_only to 2024-07-22 16:00:00+00:00, run_after=2024-07-22 20:00:00+00:00
[2024-07-22T22:42:14.041+0000] {processor.py:183} INFO - Processing /home/airflow/.local/lib/python3.11/site-packages/airflow/example_dags/example_latest_only.py took 0.113 seconds
[2024-07-22T22:42:44.234+0000] {processor.py:161} INFO - Started process (PID=11341) to work on /home/airflow/.local/lib/python3.11/site-packages/airflow/example_dags/example_latest_only.py
[2024-07-22T22:42:44.236+0000] {processor.py:830} INFO - Processing file /home/airflow/.local/lib/python3.11/site-packages/airflow/example_dags/example_latest_only.py for tasks to queue
[2024-07-22T22:42:44.238+0000] {logging_mixin.py:188} INFO - [2024-07-22T22:42:44.237+0000] {dagbag.py:545} INFO - Filling up the DagBag from /home/airflow/.local/lib/python3.11/site-packages/airflow/example_dags/example_latest_only.py
[2024-07-22T22:42:44.250+0000] {processor.py:840} INFO - DAG(s) 'latest_only' retrieved from /home/airflow/.local/lib/python3.11/site-packages/airflow/example_dags/example_latest_only.py
[2024-07-22T22:42:44.289+0000] {logging_mixin.py:188} INFO - [2024-07-22T22:42:44.289+0000] {dag.py:3096} INFO - Sync 1 DAGs
[2024-07-22T22:42:44.617+0000] {logging_mixin.py:188} INFO - [2024-07-22T22:42:44.617+0000] {dag.py:3954} INFO - Setting next_dagrun for latest_only to 2024-07-22 16:00:00+00:00, run_after=2024-07-22 20:00:00+00:00
[2024-07-22T22:42:44.645+0000] {processor.py:183} INFO - Processing /home/airflow/.local/lib/python3.11/site-packages/airflow/example_dags/example_latest_only.py took 0.425 seconds
[2024-07-22T22:43:15.227+0000] {processor.py:161} INFO - Started process (PID=11398) to work on /home/airflow/.local/lib/python3.11/site-packages/airflow/example_dags/example_latest_only.py
[2024-07-22T22:43:15.229+0000] {processor.py:830} INFO - Processing file /home/airflow/.local/lib/python3.11/site-packages/airflow/example_dags/example_latest_only.py for tasks to queue
[2024-07-22T22:43:15.231+0000] {logging_mixin.py:188} INFO - [2024-07-22T22:43:15.230+0000] {dagbag.py:545} INFO - Filling up the DagBag from /home/airflow/.local/lib/python3.11/site-packages/airflow/example_dags/example_latest_only.py
[2024-07-22T22:43:15.241+0000] {processor.py:840} INFO - DAG(s) 'latest_only' retrieved from /home/airflow/.local/lib/python3.11/site-packages/airflow/example_dags/example_latest_only.py
[2024-07-22T22:43:15.286+0000] {logging_mixin.py:188} INFO - [2024-07-22T22:43:15.285+0000] {dag.py:3096} INFO - Sync 1 DAGs
[2024-07-22T22:43:15.614+0000] {logging_mixin.py:188} INFO - [2024-07-22T22:43:15.614+0000] {dag.py:3954} INFO - Setting next_dagrun for latest_only to 2024-07-22 16:00:00+00:00, run_after=2024-07-22 20:00:00+00:00
[2024-07-22T22:43:15.644+0000] {processor.py:183} INFO - Processing /home/airflow/.local/lib/python3.11/site-packages/airflow/example_dags/example_latest_only.py took 0.428 seconds
[2024-07-22T22:43:45.716+0000] {processor.py:161} INFO - Started process (PID=11456) to work on /home/airflow/.local/lib/python3.11/site-packages/airflow/example_dags/example_latest_only.py
[2024-07-22T22:43:45.717+0000] {processor.py:830} INFO - Processing file /home/airflow/.local/lib/python3.11/site-packages/airflow/example_dags/example_latest_only.py for tasks to queue
[2024-07-22T22:43:45.718+0000] {logging_mixin.py:188} INFO - [2024-07-22T22:43:45.718+0000] {dagbag.py:545} INFO - Filling up the DagBag from /home/airflow/.local/lib/python3.11/site-packages/airflow/example_dags/example_latest_only.py
[2024-07-22T22:43:45.728+0000] {processor.py:840} INFO - DAG(s) 'latest_only' retrieved from /home/airflow/.local/lib/python3.11/site-packages/airflow/example_dags/example_latest_only.py
[2024-07-22T22:43:45.759+0000] {logging_mixin.py:188} INFO - [2024-07-22T22:43:45.759+0000] {dag.py:3096} INFO - Sync 1 DAGs
[2024-07-22T22:43:45.790+0000] {logging_mixin.py:188} INFO - [2024-07-22T22:43:45.790+0000] {dag.py:3954} INFO - Setting next_dagrun for latest_only to 2024-07-22 16:00:00+00:00, run_after=2024-07-22 20:00:00+00:00
[2024-07-22T22:43:45.815+0000] {processor.py:183} INFO - Processing /home/airflow/.local/lib/python3.11/site-packages/airflow/example_dags/example_latest_only.py took 0.110 seconds
