[2024-07-22T22:38:03.926+0000] {processor.py:161} INFO - Started process (PID=10762) to work on /home/airflow/.local/lib/python3.11/site-packages/airflow/example_dags/example_external_task_marker_dag.py
[2024-07-22T22:38:03.927+0000] {processor.py:830} INFO - Processing file /home/airflow/.local/lib/python3.11/site-packages/airflow/example_dags/example_external_task_marker_dag.py for tasks to queue
[2024-07-22T22:38:03.930+0000] {logging_mixin.py:188} INFO - [2024-07-22T22:38:03.930+0000] {dagbag.py:545} INFO - Filling up the DagBag from /home/airflow/.local/lib/python3.11/site-packages/airflow/example_dags/example_external_task_marker_dag.py
[2024-07-22T22:38:03.941+0000] {processor.py:840} INFO - DAG(s) 'example_external_task_marker_child', 'example_external_task_marker_parent' retrieved from /home/airflow/.local/lib/python3.11/site-packages/airflow/example_dags/example_external_task_marker_dag.py
[2024-07-22T22:38:03.980+0000] {logging_mixin.py:188} INFO - [2024-07-22T22:38:03.979+0000] {dag.py:3096} INFO - Sync 2 DAGs
[2024-07-22T22:38:04.001+0000] {logging_mixin.py:188} INFO - [2024-07-22T22:38:04.000+0000] {dag.py:3954} INFO - Setting next_dagrun for example_external_task_marker_child to None, run_after=None
[2024-07-22T22:38:04.008+0000] {logging_mixin.py:188} INFO - [2024-07-22T22:38:04.007+0000] {dag.py:3954} INFO - Setting next_dagrun for example_external_task_marker_parent to None, run_after=None
[2024-07-22T22:38:04.031+0000] {processor.py:183} INFO - Processing /home/airflow/.local/lib/python3.11/site-packages/airflow/example_dags/example_external_task_marker_dag.py took 0.116 seconds
[2024-07-22T22:38:34.199+0000] {processor.py:161} INFO - Started process (PID=10825) to work on /home/airflow/.local/lib/python3.11/site-packages/airflow/example_dags/example_external_task_marker_dag.py
[2024-07-22T22:38:34.200+0000] {processor.py:830} INFO - Processing file /home/airflow/.local/lib/python3.11/site-packages/airflow/example_dags/example_external_task_marker_dag.py for tasks to queue
[2024-07-22T22:38:34.203+0000] {logging_mixin.py:188} INFO - [2024-07-22T22:38:34.203+0000] {dagbag.py:545} INFO - Filling up the DagBag from /home/airflow/.local/lib/python3.11/site-packages/airflow/example_dags/example_external_task_marker_dag.py
[2024-07-22T22:38:34.214+0000] {processor.py:840} INFO - DAG(s) 'example_external_task_marker_child', 'example_external_task_marker_parent' retrieved from /home/airflow/.local/lib/python3.11/site-packages/airflow/example_dags/example_external_task_marker_dag.py
[2024-07-22T22:38:34.250+0000] {logging_mixin.py:188} INFO - [2024-07-22T22:38:34.249+0000] {dag.py:3096} INFO - Sync 2 DAGs
[2024-07-22T22:38:34.270+0000] {logging_mixin.py:188} INFO - [2024-07-22T22:38:34.269+0000] {dag.py:3954} INFO - Setting next_dagrun for example_external_task_marker_child to None, run_after=None
[2024-07-22T22:38:34.276+0000] {logging_mixin.py:188} INFO - [2024-07-22T22:38:34.275+0000] {dag.py:3954} INFO - Setting next_dagrun for example_external_task_marker_parent to None, run_after=None
[2024-07-22T22:38:34.301+0000] {processor.py:183} INFO - Processing /home/airflow/.local/lib/python3.11/site-packages/airflow/example_dags/example_external_task_marker_dag.py took 0.113 seconds
[2024-07-22T22:39:04.849+0000] {processor.py:161} INFO - Started process (PID=10889) to work on /home/airflow/.local/lib/python3.11/site-packages/airflow/example_dags/example_external_task_marker_dag.py
[2024-07-22T22:39:04.851+0000] {processor.py:830} INFO - Processing file /home/airflow/.local/lib/python3.11/site-packages/airflow/example_dags/example_external_task_marker_dag.py for tasks to queue
[2024-07-22T22:39:04.854+0000] {logging_mixin.py:188} INFO - [2024-07-22T22:39:04.854+0000] {dagbag.py:545} INFO - Filling up the DagBag from /home/airflow/.local/lib/python3.11/site-packages/airflow/example_dags/example_external_task_marker_dag.py
[2024-07-22T22:39:04.865+0000] {processor.py:840} INFO - DAG(s) 'example_external_task_marker_child', 'example_external_task_marker_parent' retrieved from /home/airflow/.local/lib/python3.11/site-packages/airflow/example_dags/example_external_task_marker_dag.py
[2024-07-22T22:39:04.906+0000] {logging_mixin.py:188} INFO - [2024-07-22T22:39:04.906+0000] {dag.py:3096} INFO - Sync 2 DAGs
[2024-07-22T22:39:04.926+0000] {logging_mixin.py:188} INFO - [2024-07-22T22:39:04.926+0000] {dag.py:3954} INFO - Setting next_dagrun for example_external_task_marker_child to None, run_after=None
[2024-07-22T22:39:04.932+0000] {logging_mixin.py:188} INFO - [2024-07-22T22:39:04.931+0000] {dag.py:3954} INFO - Setting next_dagrun for example_external_task_marker_parent to None, run_after=None
[2024-07-22T22:39:04.955+0000] {processor.py:183} INFO - Processing /home/airflow/.local/lib/python3.11/site-packages/airflow/example_dags/example_external_task_marker_dag.py took 0.117 seconds
[2024-07-22T22:39:35.455+0000] {processor.py:161} INFO - Started process (PID=10952) to work on /home/airflow/.local/lib/python3.11/site-packages/airflow/example_dags/example_external_task_marker_dag.py
[2024-07-22T22:39:35.457+0000] {processor.py:830} INFO - Processing file /home/airflow/.local/lib/python3.11/site-packages/airflow/example_dags/example_external_task_marker_dag.py for tasks to queue
[2024-07-22T22:39:35.459+0000] {logging_mixin.py:188} INFO - [2024-07-22T22:39:35.459+0000] {dagbag.py:545} INFO - Filling up the DagBag from /home/airflow/.local/lib/python3.11/site-packages/airflow/example_dags/example_external_task_marker_dag.py
[2024-07-22T22:39:35.470+0000] {processor.py:840} INFO - DAG(s) 'example_external_task_marker_child', 'example_external_task_marker_parent' retrieved from /home/airflow/.local/lib/python3.11/site-packages/airflow/example_dags/example_external_task_marker_dag.py
[2024-07-22T22:39:35.508+0000] {logging_mixin.py:188} INFO - [2024-07-22T22:39:35.507+0000] {dag.py:3096} INFO - Sync 2 DAGs
[2024-07-22T22:39:35.527+0000] {logging_mixin.py:188} INFO - [2024-07-22T22:39:35.526+0000] {dag.py:3954} INFO - Setting next_dagrun for example_external_task_marker_child to None, run_after=None
[2024-07-22T22:39:35.532+0000] {logging_mixin.py:188} INFO - [2024-07-22T22:39:35.532+0000] {dag.py:3954} INFO - Setting next_dagrun for example_external_task_marker_parent to None, run_after=None
[2024-07-22T22:39:35.554+0000] {processor.py:183} INFO - Processing /home/airflow/.local/lib/python3.11/site-packages/airflow/example_dags/example_external_task_marker_dag.py took 0.110 seconds
[2024-07-22T22:40:05.965+0000] {processor.py:161} INFO - Started process (PID=11015) to work on /home/airflow/.local/lib/python3.11/site-packages/airflow/example_dags/example_external_task_marker_dag.py
[2024-07-22T22:40:05.967+0000] {processor.py:830} INFO - Processing file /home/airflow/.local/lib/python3.11/site-packages/airflow/example_dags/example_external_task_marker_dag.py for tasks to queue
[2024-07-22T22:40:05.970+0000] {logging_mixin.py:188} INFO - [2024-07-22T22:40:05.969+0000] {dagbag.py:545} INFO - Filling up the DagBag from /home/airflow/.local/lib/python3.11/site-packages/airflow/example_dags/example_external_task_marker_dag.py
[2024-07-22T22:40:05.980+0000] {processor.py:840} INFO - DAG(s) 'example_external_task_marker_child', 'example_external_task_marker_parent' retrieved from /home/airflow/.local/lib/python3.11/site-packages/airflow/example_dags/example_external_task_marker_dag.py
[2024-07-22T22:40:06.018+0000] {logging_mixin.py:188} INFO - [2024-07-22T22:40:06.018+0000] {dag.py:3096} INFO - Sync 2 DAGs
[2024-07-22T22:40:06.037+0000] {logging_mixin.py:188} INFO - [2024-07-22T22:40:06.037+0000] {dag.py:3954} INFO - Setting next_dagrun for example_external_task_marker_child to None, run_after=None
[2024-07-22T22:40:06.043+0000] {logging_mixin.py:188} INFO - [2024-07-22T22:40:06.042+0000] {dag.py:3954} INFO - Setting next_dagrun for example_external_task_marker_parent to None, run_after=None
[2024-07-22T22:40:06.065+0000] {processor.py:183} INFO - Processing /home/airflow/.local/lib/python3.11/site-packages/airflow/example_dags/example_external_task_marker_dag.py took 0.110 seconds
[2024-07-22T22:40:36.179+0000] {processor.py:161} INFO - Started process (PID=11078) to work on /home/airflow/.local/lib/python3.11/site-packages/airflow/example_dags/example_external_task_marker_dag.py
[2024-07-22T22:40:36.181+0000] {processor.py:830} INFO - Processing file /home/airflow/.local/lib/python3.11/site-packages/airflow/example_dags/example_external_task_marker_dag.py for tasks to queue
[2024-07-22T22:40:36.184+0000] {logging_mixin.py:188} INFO - [2024-07-22T22:40:36.183+0000] {dagbag.py:545} INFO - Filling up the DagBag from /home/airflow/.local/lib/python3.11/site-packages/airflow/example_dags/example_external_task_marker_dag.py
[2024-07-22T22:40:36.194+0000] {processor.py:840} INFO - DAG(s) 'example_external_task_marker_parent', 'example_external_task_marker_child' retrieved from /home/airflow/.local/lib/python3.11/site-packages/airflow/example_dags/example_external_task_marker_dag.py
[2024-07-22T22:40:36.231+0000] {logging_mixin.py:188} INFO - [2024-07-22T22:40:36.231+0000] {dag.py:3096} INFO - Sync 2 DAGs
[2024-07-22T22:40:36.250+0000] {logging_mixin.py:188} INFO - [2024-07-22T22:40:36.250+0000] {dag.py:3954} INFO - Setting next_dagrun for example_external_task_marker_child to None, run_after=None
[2024-07-22T22:40:36.255+0000] {logging_mixin.py:188} INFO - [2024-07-22T22:40:36.255+0000] {dag.py:3954} INFO - Setting next_dagrun for example_external_task_marker_parent to None, run_after=None
[2024-07-22T22:40:36.281+0000] {processor.py:183} INFO - Processing /home/airflow/.local/lib/python3.11/site-packages/airflow/example_dags/example_external_task_marker_dag.py took 0.113 seconds
[2024-07-22T22:41:07.156+0000] {processor.py:161} INFO - Started process (PID=11141) to work on /home/airflow/.local/lib/python3.11/site-packages/airflow/example_dags/example_external_task_marker_dag.py
[2024-07-22T22:41:07.157+0000] {processor.py:830} INFO - Processing file /home/airflow/.local/lib/python3.11/site-packages/airflow/example_dags/example_external_task_marker_dag.py for tasks to queue
[2024-07-22T22:41:07.160+0000] {logging_mixin.py:188} INFO - [2024-07-22T22:41:07.160+0000] {dagbag.py:545} INFO - Filling up the DagBag from /home/airflow/.local/lib/python3.11/site-packages/airflow/example_dags/example_external_task_marker_dag.py
[2024-07-22T22:41:07.170+0000] {processor.py:840} INFO - DAG(s) 'example_external_task_marker_child', 'example_external_task_marker_parent' retrieved from /home/airflow/.local/lib/python3.11/site-packages/airflow/example_dags/example_external_task_marker_dag.py
[2024-07-22T22:41:07.214+0000] {logging_mixin.py:188} INFO - [2024-07-22T22:41:07.214+0000] {dag.py:3096} INFO - Sync 2 DAGs
[2024-07-22T22:41:07.240+0000] {logging_mixin.py:188} INFO - [2024-07-22T22:41:07.239+0000] {dag.py:3954} INFO - Setting next_dagrun for example_external_task_marker_child to None, run_after=None
[2024-07-22T22:41:07.246+0000] {logging_mixin.py:188} INFO - [2024-07-22T22:41:07.246+0000] {dag.py:3954} INFO - Setting next_dagrun for example_external_task_marker_parent to None, run_after=None
[2024-07-22T22:41:07.274+0000] {processor.py:183} INFO - Processing /home/airflow/.local/lib/python3.11/site-packages/airflow/example_dags/example_external_task_marker_dag.py took 0.129 seconds
[2024-07-22T22:41:38.586+0000] {processor.py:161} INFO - Started process (PID=11211) to work on /home/airflow/.local/lib/python3.11/site-packages/airflow/example_dags/example_external_task_marker_dag.py
[2024-07-22T22:41:38.588+0000] {processor.py:830} INFO - Processing file /home/airflow/.local/lib/python3.11/site-packages/airflow/example_dags/example_external_task_marker_dag.py for tasks to queue
[2024-07-22T22:41:38.591+0000] {logging_mixin.py:188} INFO - [2024-07-22T22:41:38.590+0000] {dagbag.py:545} INFO - Filling up the DagBag from /home/airflow/.local/lib/python3.11/site-packages/airflow/example_dags/example_external_task_marker_dag.py
[2024-07-22T22:41:38.601+0000] {processor.py:840} INFO - DAG(s) 'example_external_task_marker_child', 'example_external_task_marker_parent' retrieved from /home/airflow/.local/lib/python3.11/site-packages/airflow/example_dags/example_external_task_marker_dag.py
[2024-07-22T22:41:38.641+0000] {logging_mixin.py:188} INFO - [2024-07-22T22:41:38.641+0000] {dag.py:3096} INFO - Sync 2 DAGs
[2024-07-22T22:41:38.662+0000] {logging_mixin.py:188} INFO - [2024-07-22T22:41:38.661+0000] {dag.py:3954} INFO - Setting next_dagrun for example_external_task_marker_child to None, run_after=None
[2024-07-22T22:41:38.667+0000] {logging_mixin.py:188} INFO - [2024-07-22T22:41:38.667+0000] {dag.py:3954} INFO - Setting next_dagrun for example_external_task_marker_parent to None, run_after=None
[2024-07-22T22:41:38.690+0000] {processor.py:183} INFO - Processing /home/airflow/.local/lib/python3.11/site-packages/airflow/example_dags/example_external_task_marker_dag.py took 0.115 seconds
[2024-07-22T22:42:10.060+0000] {processor.py:161} INFO - Started process (PID=11274) to work on /home/airflow/.local/lib/python3.11/site-packages/airflow/example_dags/example_external_task_marker_dag.py
[2024-07-22T22:42:10.063+0000] {processor.py:830} INFO - Processing file /home/airflow/.local/lib/python3.11/site-packages/airflow/example_dags/example_external_task_marker_dag.py for tasks to queue
[2024-07-22T22:42:10.066+0000] {logging_mixin.py:188} INFO - [2024-07-22T22:42:10.066+0000] {dagbag.py:545} INFO - Filling up the DagBag from /home/airflow/.local/lib/python3.11/site-packages/airflow/example_dags/example_external_task_marker_dag.py
[2024-07-22T22:42:10.080+0000] {processor.py:840} INFO - DAG(s) 'example_external_task_marker_child', 'example_external_task_marker_parent' retrieved from /home/airflow/.local/lib/python3.11/site-packages/airflow/example_dags/example_external_task_marker_dag.py
[2024-07-22T22:42:10.140+0000] {logging_mixin.py:188} INFO - [2024-07-22T22:42:10.139+0000] {dag.py:3096} INFO - Sync 2 DAGs
[2024-07-22T22:42:10.165+0000] {logging_mixin.py:188} INFO - [2024-07-22T22:42:10.164+0000] {dag.py:3954} INFO - Setting next_dagrun for example_external_task_marker_child to None, run_after=None
[2024-07-22T22:42:10.171+0000] {logging_mixin.py:188} INFO - [2024-07-22T22:42:10.171+0000] {dag.py:3954} INFO - Setting next_dagrun for example_external_task_marker_parent to None, run_after=None
[2024-07-22T22:42:10.198+0000] {processor.py:183} INFO - Processing /home/airflow/.local/lib/python3.11/site-packages/airflow/example_dags/example_external_task_marker_dag.py took 0.161 seconds
[2024-07-22T22:42:40.295+0000] {processor.py:161} INFO - Started process (PID=11334) to work on /home/airflow/.local/lib/python3.11/site-packages/airflow/example_dags/example_external_task_marker_dag.py
[2024-07-22T22:42:40.298+0000] {processor.py:830} INFO - Processing file /home/airflow/.local/lib/python3.11/site-packages/airflow/example_dags/example_external_task_marker_dag.py for tasks to queue
[2024-07-22T22:42:40.299+0000] {logging_mixin.py:188} INFO - [2024-07-22T22:42:40.299+0000] {dagbag.py:545} INFO - Filling up the DagBag from /home/airflow/.local/lib/python3.11/site-packages/airflow/example_dags/example_external_task_marker_dag.py
[2024-07-22T22:42:40.317+0000] {processor.py:840} INFO - DAG(s) 'example_external_task_marker_parent', 'example_external_task_marker_child' retrieved from /home/airflow/.local/lib/python3.11/site-packages/airflow/example_dags/example_external_task_marker_dag.py
[2024-07-22T22:42:40.363+0000] {logging_mixin.py:188} INFO - [2024-07-22T22:42:40.362+0000] {dag.py:3096} INFO - Sync 2 DAGs
[2024-07-22T22:42:40.386+0000] {logging_mixin.py:188} INFO - [2024-07-22T22:42:40.385+0000] {dag.py:3954} INFO - Setting next_dagrun for example_external_task_marker_child to None, run_after=None
[2024-07-22T22:42:40.394+0000] {logging_mixin.py:188} INFO - [2024-07-22T22:42:40.394+0000] {dag.py:3954} INFO - Setting next_dagrun for example_external_task_marker_parent to None, run_after=None
[2024-07-22T22:42:40.702+0000] {processor.py:183} INFO - Processing /home/airflow/.local/lib/python3.11/site-packages/airflow/example_dags/example_external_task_marker_dag.py took 0.419 seconds
[2024-07-22T22:43:10.840+0000] {processor.py:161} INFO - Started process (PID=11390) to work on /home/airflow/.local/lib/python3.11/site-packages/airflow/example_dags/example_external_task_marker_dag.py
[2024-07-22T22:43:10.844+0000] {processor.py:830} INFO - Processing file /home/airflow/.local/lib/python3.11/site-packages/airflow/example_dags/example_external_task_marker_dag.py for tasks to queue
[2024-07-22T22:43:10.845+0000] {logging_mixin.py:188} INFO - [2024-07-22T22:43:10.845+0000] {dagbag.py:545} INFO - Filling up the DagBag from /home/airflow/.local/lib/python3.11/site-packages/airflow/example_dags/example_external_task_marker_dag.py
[2024-07-22T22:43:10.856+0000] {processor.py:840} INFO - DAG(s) 'example_external_task_marker_child', 'example_external_task_marker_parent' retrieved from /home/airflow/.local/lib/python3.11/site-packages/airflow/example_dags/example_external_task_marker_dag.py
[2024-07-22T22:43:10.893+0000] {logging_mixin.py:188} INFO - [2024-07-22T22:43:10.893+0000] {dag.py:3096} INFO - Sync 2 DAGs
[2024-07-22T22:43:10.912+0000] {logging_mixin.py:188} INFO - [2024-07-22T22:43:10.911+0000] {dag.py:3954} INFO - Setting next_dagrun for example_external_task_marker_child to None, run_after=None
[2024-07-22T22:43:10.917+0000] {logging_mixin.py:188} INFO - [2024-07-22T22:43:10.917+0000] {dag.py:3954} INFO - Setting next_dagrun for example_external_task_marker_parent to None, run_after=None
[2024-07-22T22:43:10.940+0000] {processor.py:183} INFO - Processing /home/airflow/.local/lib/python3.11/site-packages/airflow/example_dags/example_external_task_marker_dag.py took 0.110 seconds
[2024-07-22T22:43:41.692+0000] {processor.py:161} INFO - Started process (PID=11448) to work on /home/airflow/.local/lib/python3.11/site-packages/airflow/example_dags/example_external_task_marker_dag.py
[2024-07-22T22:43:41.696+0000] {processor.py:830} INFO - Processing file /home/airflow/.local/lib/python3.11/site-packages/airflow/example_dags/example_external_task_marker_dag.py for tasks to queue
[2024-07-22T22:43:41.697+0000] {logging_mixin.py:188} INFO - [2024-07-22T22:43:41.697+0000] {dagbag.py:545} INFO - Filling up the DagBag from /home/airflow/.local/lib/python3.11/site-packages/airflow/example_dags/example_external_task_marker_dag.py
[2024-07-22T22:43:41.708+0000] {processor.py:840} INFO - DAG(s) 'example_external_task_marker_child', 'example_external_task_marker_parent' retrieved from /home/airflow/.local/lib/python3.11/site-packages/airflow/example_dags/example_external_task_marker_dag.py
[2024-07-22T22:43:41.743+0000] {logging_mixin.py:188} INFO - [2024-07-22T22:43:41.743+0000] {dag.py:3096} INFO - Sync 2 DAGs
[2024-07-22T22:43:41.761+0000] {logging_mixin.py:188} INFO - [2024-07-22T22:43:41.761+0000] {dag.py:3954} INFO - Setting next_dagrun for example_external_task_marker_child to None, run_after=None
[2024-07-22T22:43:41.766+0000] {logging_mixin.py:188} INFO - [2024-07-22T22:43:41.766+0000] {dag.py:3954} INFO - Setting next_dagrun for example_external_task_marker_parent to None, run_after=None
[2024-07-22T22:43:41.788+0000] {processor.py:183} INFO - Processing /home/airflow/.local/lib/python3.11/site-packages/airflow/example_dags/example_external_task_marker_dag.py took 0.106 seconds
