[2024-07-22T22:37:48.770+0000] {processor.py:161} INFO - Started process (PID=10727) to work on /home/airflow/.local/lib/python3.11/site-packages/airflow/example_dags/example_xcom.py
[2024-07-22T22:37:48.771+0000] {processor.py:830} INFO - Processing file /home/airflow/.local/lib/python3.11/site-packages/airflow/example_dags/example_xcom.py for tasks to queue
[2024-07-22T22:37:48.774+0000] {logging_mixin.py:188} INFO - [2024-07-22T22:37:48.773+0000] {dagbag.py:545} INFO - Filling up the DagBag from /home/airflow/.local/lib/python3.11/site-packages/airflow/example_dags/example_xcom.py
[2024-07-22T22:37:48.788+0000] {processor.py:840} INFO - DAG(s) 'example_xcom' retrieved from /home/airflow/.local/lib/python3.11/site-packages/airflow/example_dags/example_xcom.py
[2024-07-22T22:37:48.825+0000] {logging_mixin.py:188} INFO - [2024-07-22T22:37:48.824+0000] {dag.py:3096} INFO - Sync 1 DAGs
[2024-07-22T22:37:48.859+0000] {logging_mixin.py:188} INFO - [2024-07-22T22:37:48.859+0000] {dag.py:3954} INFO - Setting next_dagrun for example_xcom to 2021-01-01 00:00:00+00:00, run_after=2021-01-01 00:00:00+00:00
[2024-07-22T22:37:48.889+0000] {processor.py:183} INFO - Processing /home/airflow/.local/lib/python3.11/site-packages/airflow/example_dags/example_xcom.py took 0.133 seconds
[2024-07-22T22:38:18.961+0000] {processor.py:161} INFO - Started process (PID=10790) to work on /home/airflow/.local/lib/python3.11/site-packages/airflow/example_dags/example_xcom.py
[2024-07-22T22:38:18.963+0000] {processor.py:830} INFO - Processing file /home/airflow/.local/lib/python3.11/site-packages/airflow/example_dags/example_xcom.py for tasks to queue
[2024-07-22T22:38:18.968+0000] {logging_mixin.py:188} INFO - [2024-07-22T22:38:18.967+0000] {dagbag.py:545} INFO - Filling up the DagBag from /home/airflow/.local/lib/python3.11/site-packages/airflow/example_dags/example_xcom.py
[2024-07-22T22:38:18.983+0000] {processor.py:840} INFO - DAG(s) 'example_xcom' retrieved from /home/airflow/.local/lib/python3.11/site-packages/airflow/example_dags/example_xcom.py
[2024-07-22T22:38:19.022+0000] {logging_mixin.py:188} INFO - [2024-07-22T22:38:19.022+0000] {dag.py:3096} INFO - Sync 1 DAGs
[2024-07-22T22:38:19.059+0000] {logging_mixin.py:188} INFO - [2024-07-22T22:38:19.058+0000] {dag.py:3954} INFO - Setting next_dagrun for example_xcom to 2021-01-01 00:00:00+00:00, run_after=2021-01-01 00:00:00+00:00
[2024-07-22T22:38:19.089+0000] {processor.py:183} INFO - Processing /home/airflow/.local/lib/python3.11/site-packages/airflow/example_dags/example_xcom.py took 0.142 seconds
[2024-07-22T22:38:49.197+0000] {processor.py:161} INFO - Started process (PID=10854) to work on /home/airflow/.local/lib/python3.11/site-packages/airflow/example_dags/example_xcom.py
[2024-07-22T22:38:49.199+0000] {processor.py:830} INFO - Processing file /home/airflow/.local/lib/python3.11/site-packages/airflow/example_dags/example_xcom.py for tasks to queue
[2024-07-22T22:38:49.202+0000] {logging_mixin.py:188} INFO - [2024-07-22T22:38:49.202+0000] {dagbag.py:545} INFO - Filling up the DagBag from /home/airflow/.local/lib/python3.11/site-packages/airflow/example_dags/example_xcom.py
[2024-07-22T22:38:49.215+0000] {processor.py:840} INFO - DAG(s) 'example_xcom' retrieved from /home/airflow/.local/lib/python3.11/site-packages/airflow/example_dags/example_xcom.py
[2024-07-22T22:38:49.254+0000] {logging_mixin.py:188} INFO - [2024-07-22T22:38:49.254+0000] {dag.py:3096} INFO - Sync 1 DAGs
[2024-07-22T22:38:49.295+0000] {logging_mixin.py:188} INFO - [2024-07-22T22:38:49.294+0000] {dag.py:3954} INFO - Setting next_dagrun for example_xcom to 2021-01-01 00:00:00+00:00, run_after=2021-01-01 00:00:00+00:00
[2024-07-22T22:38:49.322+0000] {processor.py:183} INFO - Processing /home/airflow/.local/lib/python3.11/site-packages/airflow/example_dags/example_xcom.py took 0.136 seconds
[2024-07-22T22:39:20.127+0000] {processor.py:161} INFO - Started process (PID=10917) to work on /home/airflow/.local/lib/python3.11/site-packages/airflow/example_dags/example_xcom.py
[2024-07-22T22:39:20.129+0000] {processor.py:830} INFO - Processing file /home/airflow/.local/lib/python3.11/site-packages/airflow/example_dags/example_xcom.py for tasks to queue
[2024-07-22T22:39:20.133+0000] {logging_mixin.py:188} INFO - [2024-07-22T22:39:20.132+0000] {dagbag.py:545} INFO - Filling up the DagBag from /home/airflow/.local/lib/python3.11/site-packages/airflow/example_dags/example_xcom.py
[2024-07-22T22:39:20.145+0000] {processor.py:840} INFO - DAG(s) 'example_xcom' retrieved from /home/airflow/.local/lib/python3.11/site-packages/airflow/example_dags/example_xcom.py
[2024-07-22T22:39:20.183+0000] {logging_mixin.py:188} INFO - [2024-07-22T22:39:20.183+0000] {dag.py:3096} INFO - Sync 1 DAGs
[2024-07-22T22:39:20.219+0000] {logging_mixin.py:188} INFO - [2024-07-22T22:39:20.218+0000] {dag.py:3954} INFO - Setting next_dagrun for example_xcom to 2021-01-01 00:00:00+00:00, run_after=2021-01-01 00:00:00+00:00
[2024-07-22T22:39:20.244+0000] {processor.py:183} INFO - Processing /home/airflow/.local/lib/python3.11/site-packages/airflow/example_dags/example_xcom.py took 0.129 seconds
[2024-07-22T22:39:50.322+0000] {processor.py:161} INFO - Started process (PID=10978) to work on /home/airflow/.local/lib/python3.11/site-packages/airflow/example_dags/example_xcom.py
[2024-07-22T22:39:50.324+0000] {processor.py:830} INFO - Processing file /home/airflow/.local/lib/python3.11/site-packages/airflow/example_dags/example_xcom.py for tasks to queue
[2024-07-22T22:39:50.336+0000] {logging_mixin.py:188} INFO - [2024-07-22T22:39:50.336+0000] {dagbag.py:545} INFO - Filling up the DagBag from /home/airflow/.local/lib/python3.11/site-packages/airflow/example_dags/example_xcom.py
[2024-07-22T22:39:50.357+0000] {processor.py:840} INFO - DAG(s) 'example_xcom' retrieved from /home/airflow/.local/lib/python3.11/site-packages/airflow/example_dags/example_xcom.py
[2024-07-22T22:39:50.400+0000] {logging_mixin.py:188} INFO - [2024-07-22T22:39:50.400+0000] {dag.py:3096} INFO - Sync 1 DAGs
[2024-07-22T22:39:50.449+0000] {logging_mixin.py:188} INFO - [2024-07-22T22:39:50.449+0000] {dag.py:3954} INFO - Setting next_dagrun for example_xcom to 2021-01-01 00:00:00+00:00, run_after=2021-01-01 00:00:00+00:00
[2024-07-22T22:39:50.480+0000] {processor.py:183} INFO - Processing /home/airflow/.local/lib/python3.11/site-packages/airflow/example_dags/example_xcom.py took 0.172 seconds
[2024-07-22T22:40:20.856+0000] {processor.py:161} INFO - Started process (PID=11041) to work on /home/airflow/.local/lib/python3.11/site-packages/airflow/example_dags/example_xcom.py
[2024-07-22T22:40:20.858+0000] {processor.py:830} INFO - Processing file /home/airflow/.local/lib/python3.11/site-packages/airflow/example_dags/example_xcom.py for tasks to queue
[2024-07-22T22:40:20.861+0000] {logging_mixin.py:188} INFO - [2024-07-22T22:40:20.861+0000] {dagbag.py:545} INFO - Filling up the DagBag from /home/airflow/.local/lib/python3.11/site-packages/airflow/example_dags/example_xcom.py
[2024-07-22T22:40:20.877+0000] {processor.py:840} INFO - DAG(s) 'example_xcom' retrieved from /home/airflow/.local/lib/python3.11/site-packages/airflow/example_dags/example_xcom.py
[2024-07-22T22:40:20.914+0000] {logging_mixin.py:188} INFO - [2024-07-22T22:40:20.913+0000] {dag.py:3096} INFO - Sync 1 DAGs
[2024-07-22T22:40:20.951+0000] {logging_mixin.py:188} INFO - [2024-07-22T22:40:20.950+0000] {dag.py:3954} INFO - Setting next_dagrun for example_xcom to 2021-01-01 00:00:00+00:00, run_after=2021-01-01 00:00:00+00:00
[2024-07-22T22:40:20.975+0000] {processor.py:183} INFO - Processing /home/airflow/.local/lib/python3.11/site-packages/airflow/example_dags/example_xcom.py took 0.133 seconds
[2024-07-22T22:40:51.172+0000] {processor.py:161} INFO - Started process (PID=11104) to work on /home/airflow/.local/lib/python3.11/site-packages/airflow/example_dags/example_xcom.py
[2024-07-22T22:40:51.174+0000] {processor.py:830} INFO - Processing file /home/airflow/.local/lib/python3.11/site-packages/airflow/example_dags/example_xcom.py for tasks to queue
[2024-07-22T22:40:51.176+0000] {logging_mixin.py:188} INFO - [2024-07-22T22:40:51.176+0000] {dagbag.py:545} INFO - Filling up the DagBag from /home/airflow/.local/lib/python3.11/site-packages/airflow/example_dags/example_xcom.py
[2024-07-22T22:40:51.191+0000] {processor.py:840} INFO - DAG(s) 'example_xcom' retrieved from /home/airflow/.local/lib/python3.11/site-packages/airflow/example_dags/example_xcom.py
[2024-07-22T22:40:51.232+0000] {logging_mixin.py:188} INFO - [2024-07-22T22:40:51.231+0000] {dag.py:3096} INFO - Sync 1 DAGs
[2024-07-22T22:40:51.269+0000] {logging_mixin.py:188} INFO - [2024-07-22T22:40:51.269+0000] {dag.py:3954} INFO - Setting next_dagrun for example_xcom to 2021-01-01 00:00:00+00:00, run_after=2021-01-01 00:00:00+00:00
[2024-07-22T22:40:51.294+0000] {processor.py:183} INFO - Processing /home/airflow/.local/lib/python3.11/site-packages/airflow/example_dags/example_xcom.py took 0.133 seconds
[2024-07-22T22:41:21.768+0000] {processor.py:161} INFO - Started process (PID=11168) to work on /home/airflow/.local/lib/python3.11/site-packages/airflow/example_dags/example_xcom.py
[2024-07-22T22:41:21.770+0000] {processor.py:830} INFO - Processing file /home/airflow/.local/lib/python3.11/site-packages/airflow/example_dags/example_xcom.py for tasks to queue
[2024-07-22T22:41:21.774+0000] {logging_mixin.py:188} INFO - [2024-07-22T22:41:21.773+0000] {dagbag.py:545} INFO - Filling up the DagBag from /home/airflow/.local/lib/python3.11/site-packages/airflow/example_dags/example_xcom.py
[2024-07-22T22:41:21.788+0000] {processor.py:840} INFO - DAG(s) 'example_xcom' retrieved from /home/airflow/.local/lib/python3.11/site-packages/airflow/example_dags/example_xcom.py
[2024-07-22T22:41:21.824+0000] {logging_mixin.py:188} INFO - [2024-07-22T22:41:21.823+0000] {dag.py:3096} INFO - Sync 1 DAGs
[2024-07-22T22:41:21.857+0000] {logging_mixin.py:188} INFO - [2024-07-22T22:41:21.857+0000] {dag.py:3954} INFO - Setting next_dagrun for example_xcom to 2021-01-01 00:00:00+00:00, run_after=2021-01-01 00:00:00+00:00
[2024-07-22T22:41:21.888+0000] {processor.py:183} INFO - Processing /home/airflow/.local/lib/python3.11/site-packages/airflow/example_dags/example_xcom.py took 0.133 seconds
[2024-07-22T22:41:52.222+0000] {processor.py:161} INFO - Started process (PID=11231) to work on /home/airflow/.local/lib/python3.11/site-packages/airflow/example_dags/example_xcom.py
[2024-07-22T22:41:52.223+0000] {processor.py:830} INFO - Processing file /home/airflow/.local/lib/python3.11/site-packages/airflow/example_dags/example_xcom.py for tasks to queue
[2024-07-22T22:41:52.227+0000] {logging_mixin.py:188} INFO - [2024-07-22T22:41:52.226+0000] {dagbag.py:545} INFO - Filling up the DagBag from /home/airflow/.local/lib/python3.11/site-packages/airflow/example_dags/example_xcom.py
[2024-07-22T22:41:52.239+0000] {processor.py:840} INFO - DAG(s) 'example_xcom' retrieved from /home/airflow/.local/lib/python3.11/site-packages/airflow/example_dags/example_xcom.py
[2024-07-22T22:41:52.278+0000] {logging_mixin.py:188} INFO - [2024-07-22T22:41:52.278+0000] {dag.py:3096} INFO - Sync 1 DAGs
[2024-07-22T22:41:52.318+0000] {logging_mixin.py:188} INFO - [2024-07-22T22:41:52.317+0000] {dag.py:3954} INFO - Setting next_dagrun for example_xcom to 2021-01-01 00:00:00+00:00, run_after=2021-01-01 00:00:00+00:00
[2024-07-22T22:41:52.346+0000] {processor.py:183} INFO - Processing /home/airflow/.local/lib/python3.11/site-packages/airflow/example_dags/example_xcom.py took 0.136 seconds
[2024-07-22T22:42:22.501+0000] {processor.py:161} INFO - Started process (PID=11294) to work on /home/airflow/.local/lib/python3.11/site-packages/airflow/example_dags/example_xcom.py
[2024-07-22T22:42:22.504+0000] {processor.py:830} INFO - Processing file /home/airflow/.local/lib/python3.11/site-packages/airflow/example_dags/example_xcom.py for tasks to queue
[2024-07-22T22:42:22.508+0000] {logging_mixin.py:188} INFO - [2024-07-22T22:42:22.507+0000] {dagbag.py:545} INFO - Filling up the DagBag from /home/airflow/.local/lib/python3.11/site-packages/airflow/example_dags/example_xcom.py
[2024-07-22T22:42:22.522+0000] {processor.py:840} INFO - DAG(s) 'example_xcom' retrieved from /home/airflow/.local/lib/python3.11/site-packages/airflow/example_dags/example_xcom.py
[2024-07-22T22:42:22.561+0000] {logging_mixin.py:188} INFO - [2024-07-22T22:42:22.561+0000] {dag.py:3096} INFO - Sync 1 DAGs
[2024-07-22T22:42:22.601+0000] {logging_mixin.py:188} INFO - [2024-07-22T22:42:22.600+0000] {dag.py:3954} INFO - Setting next_dagrun for example_xcom to 2021-01-01 00:00:00+00:00, run_after=2021-01-01 00:00:00+00:00
[2024-07-22T22:42:22.630+0000] {processor.py:183} INFO - Processing /home/airflow/.local/lib/python3.11/site-packages/airflow/example_dags/example_xcom.py took 0.142 seconds
[2024-07-22T22:42:53.308+0000] {processor.py:161} INFO - Started process (PID=11353) to work on /home/airflow/.local/lib/python3.11/site-packages/airflow/example_dags/example_xcom.py
[2024-07-22T22:42:53.311+0000] {processor.py:830} INFO - Processing file /home/airflow/.local/lib/python3.11/site-packages/airflow/example_dags/example_xcom.py for tasks to queue
[2024-07-22T22:42:53.312+0000] {logging_mixin.py:188} INFO - [2024-07-22T22:42:53.312+0000] {dagbag.py:545} INFO - Filling up the DagBag from /home/airflow/.local/lib/python3.11/site-packages/airflow/example_dags/example_xcom.py
[2024-07-22T22:42:53.329+0000] {processor.py:840} INFO - DAG(s) 'example_xcom' retrieved from /home/airflow/.local/lib/python3.11/site-packages/airflow/example_dags/example_xcom.py
[2024-07-22T22:42:53.370+0000] {logging_mixin.py:188} INFO - [2024-07-22T22:42:53.369+0000] {dag.py:3096} INFO - Sync 1 DAGs
[2024-07-22T22:42:53.409+0000] {logging_mixin.py:188} INFO - [2024-07-22T22:42:53.408+0000] {dag.py:3954} INFO - Setting next_dagrun for example_xcom to 2021-01-01 00:00:00+00:00, run_after=2021-01-01 00:00:00+00:00
[2024-07-22T22:42:53.598+0000] {processor.py:183} INFO - Processing /home/airflow/.local/lib/python3.11/site-packages/airflow/example_dags/example_xcom.py took 0.304 seconds
[2024-07-22T22:43:24.231+0000] {processor.py:161} INFO - Started process (PID=11410) to work on /home/airflow/.local/lib/python3.11/site-packages/airflow/example_dags/example_xcom.py
[2024-07-22T22:43:24.232+0000] {processor.py:830} INFO - Processing file /home/airflow/.local/lib/python3.11/site-packages/airflow/example_dags/example_xcom.py for tasks to queue
[2024-07-22T22:43:24.233+0000] {logging_mixin.py:188} INFO - [2024-07-22T22:43:24.233+0000] {dagbag.py:545} INFO - Filling up the DagBag from /home/airflow/.local/lib/python3.11/site-packages/airflow/example_dags/example_xcom.py
[2024-07-22T22:43:24.246+0000] {processor.py:840} INFO - DAG(s) 'example_xcom' retrieved from /home/airflow/.local/lib/python3.11/site-packages/airflow/example_dags/example_xcom.py
[2024-07-22T22:43:24.286+0000] {logging_mixin.py:188} INFO - [2024-07-22T22:43:24.286+0000] {dag.py:3096} INFO - Sync 1 DAGs
[2024-07-22T22:43:24.544+0000] {logging_mixin.py:188} INFO - [2024-07-22T22:43:24.544+0000] {dag.py:3954} INFO - Setting next_dagrun for example_xcom to 2021-01-01 00:00:00+00:00, run_after=2021-01-01 00:00:00+00:00
[2024-07-22T22:43:24.571+0000] {processor.py:183} INFO - Processing /home/airflow/.local/lib/python3.11/site-packages/airflow/example_dags/example_xcom.py took 0.350 seconds
[2024-07-22T22:43:55.419+0000] {processor.py:161} INFO - Started process (PID=11468) to work on /home/airflow/.local/lib/python3.11/site-packages/airflow/example_dags/example_xcom.py
[2024-07-22T22:43:55.421+0000] {processor.py:830} INFO - Processing file /home/airflow/.local/lib/python3.11/site-packages/airflow/example_dags/example_xcom.py for tasks to queue
[2024-07-22T22:43:55.423+0000] {logging_mixin.py:188} INFO - [2024-07-22T22:43:55.422+0000] {dagbag.py:545} INFO - Filling up the DagBag from /home/airflow/.local/lib/python3.11/site-packages/airflow/example_dags/example_xcom.py
[2024-07-22T22:43:55.440+0000] {processor.py:840} INFO - DAG(s) 'example_xcom' retrieved from /home/airflow/.local/lib/python3.11/site-packages/airflow/example_dags/example_xcom.py
[2024-07-22T22:43:55.479+0000] {logging_mixin.py:188} INFO - [2024-07-22T22:43:55.478+0000] {dag.py:3096} INFO - Sync 1 DAGs
[2024-07-22T22:43:55.736+0000] {logging_mixin.py:188} INFO - [2024-07-22T22:43:55.735+0000] {dag.py:3954} INFO - Setting next_dagrun for example_xcom to 2021-01-01 00:00:00+00:00, run_after=2021-01-01 00:00:00+00:00
[2024-07-22T22:43:55.764+0000] {processor.py:183} INFO - Processing /home/airflow/.local/lib/python3.11/site-packages/airflow/example_dags/example_xcom.py took 0.355 seconds
