[2024-07-22T22:37:44.118+0000] {processor.py:161} INFO - Started process (PID=10716) to work on /home/airflow/.local/lib/python3.11/site-packages/airflow/example_dags/example_branch_python_dop_operator_3.py
[2024-07-22T22:37:44.120+0000] {processor.py:830} INFO - Processing file /home/airflow/.local/lib/python3.11/site-packages/airflow/example_dags/example_branch_python_dop_operator_3.py for tasks to queue
[2024-07-22T22:37:44.124+0000] {logging_mixin.py:188} INFO - [2024-07-22T22:37:44.123+0000] {dagbag.py:545} INFO - Filling up the DagBag from /home/airflow/.local/lib/python3.11/site-packages/airflow/example_dags/example_branch_python_dop_operator_3.py
[2024-07-22T22:37:44.145+0000] {processor.py:840} INFO - DAG(s) 'example_branch_dop_operator_v3' retrieved from /home/airflow/.local/lib/python3.11/site-packages/airflow/example_dags/example_branch_python_dop_operator_3.py
[2024-07-22T22:37:44.213+0000] {logging_mixin.py:188} INFO - [2024-07-22T22:37:44.212+0000] {dag.py:3096} INFO - Sync 1 DAGs
[2024-07-22T22:37:44.260+0000] {logging_mixin.py:188} INFO - [2024-07-22T22:37:44.260+0000] {dag.py:3954} INFO - Setting next_dagrun for example_branch_dop_operator_v3 to 2024-07-22 22:36:00+00:00, run_after=2024-07-22 22:37:00+00:00
[2024-07-22T22:37:44.295+0000] {processor.py:183} INFO - Processing /home/airflow/.local/lib/python3.11/site-packages/airflow/example_dags/example_branch_python_dop_operator_3.py took 0.191 seconds
[2024-07-22T22:38:14.356+0000] {processor.py:161} INFO - Started process (PID=10779) to work on /home/airflow/.local/lib/python3.11/site-packages/airflow/example_dags/example_branch_python_dop_operator_3.py
[2024-07-22T22:38:14.358+0000] {processor.py:830} INFO - Processing file /home/airflow/.local/lib/python3.11/site-packages/airflow/example_dags/example_branch_python_dop_operator_3.py for tasks to queue
[2024-07-22T22:38:14.361+0000] {logging_mixin.py:188} INFO - [2024-07-22T22:38:14.360+0000] {dagbag.py:545} INFO - Filling up the DagBag from /home/airflow/.local/lib/python3.11/site-packages/airflow/example_dags/example_branch_python_dop_operator_3.py
[2024-07-22T22:38:14.382+0000] {processor.py:840} INFO - DAG(s) 'example_branch_dop_operator_v3' retrieved from /home/airflow/.local/lib/python3.11/site-packages/airflow/example_dags/example_branch_python_dop_operator_3.py
[2024-07-22T22:38:14.421+0000] {logging_mixin.py:188} INFO - [2024-07-22T22:38:14.420+0000] {dag.py:3096} INFO - Sync 1 DAGs
[2024-07-22T22:38:14.481+0000] {logging_mixin.py:188} INFO - [2024-07-22T22:38:14.481+0000] {dag.py:3954} INFO - Setting next_dagrun for example_branch_dop_operator_v3 to 2024-07-22 22:37:00+00:00, run_after=2024-07-22 22:38:00+00:00
[2024-07-22T22:38:14.515+0000] {processor.py:183} INFO - Processing /home/airflow/.local/lib/python3.11/site-packages/airflow/example_dags/example_branch_python_dop_operator_3.py took 0.170 seconds
[2024-07-22T22:38:44.632+0000] {processor.py:161} INFO - Started process (PID=10843) to work on /home/airflow/.local/lib/python3.11/site-packages/airflow/example_dags/example_branch_python_dop_operator_3.py
[2024-07-22T22:38:44.633+0000] {processor.py:830} INFO - Processing file /home/airflow/.local/lib/python3.11/site-packages/airflow/example_dags/example_branch_python_dop_operator_3.py for tasks to queue
[2024-07-22T22:38:44.638+0000] {logging_mixin.py:188} INFO - [2024-07-22T22:38:44.637+0000] {dagbag.py:545} INFO - Filling up the DagBag from /home/airflow/.local/lib/python3.11/site-packages/airflow/example_dags/example_branch_python_dop_operator_3.py
[2024-07-22T22:38:44.654+0000] {processor.py:840} INFO - DAG(s) 'example_branch_dop_operator_v3' retrieved from /home/airflow/.local/lib/python3.11/site-packages/airflow/example_dags/example_branch_python_dop_operator_3.py
[2024-07-22T22:38:44.685+0000] {logging_mixin.py:188} INFO - [2024-07-22T22:38:44.684+0000] {dag.py:3096} INFO - Sync 1 DAGs
[2024-07-22T22:38:44.734+0000] {logging_mixin.py:188} INFO - [2024-07-22T22:38:44.733+0000] {dag.py:3954} INFO - Setting next_dagrun for example_branch_dop_operator_v3 to 2024-07-22 22:37:00+00:00, run_after=2024-07-22 22:38:00+00:00
[2024-07-22T22:38:44.758+0000] {processor.py:183} INFO - Processing /home/airflow/.local/lib/python3.11/site-packages/airflow/example_dags/example_branch_python_dop_operator_3.py took 0.141 seconds
[2024-07-22T22:39:15.477+0000] {processor.py:161} INFO - Started process (PID=10906) to work on /home/airflow/.local/lib/python3.11/site-packages/airflow/example_dags/example_branch_python_dop_operator_3.py
[2024-07-22T22:39:15.480+0000] {processor.py:830} INFO - Processing file /home/airflow/.local/lib/python3.11/site-packages/airflow/example_dags/example_branch_python_dop_operator_3.py for tasks to queue
[2024-07-22T22:39:15.484+0000] {logging_mixin.py:188} INFO - [2024-07-22T22:39:15.484+0000] {dagbag.py:545} INFO - Filling up the DagBag from /home/airflow/.local/lib/python3.11/site-packages/airflow/example_dags/example_branch_python_dop_operator_3.py
[2024-07-22T22:39:15.501+0000] {processor.py:840} INFO - DAG(s) 'example_branch_dop_operator_v3' retrieved from /home/airflow/.local/lib/python3.11/site-packages/airflow/example_dags/example_branch_python_dop_operator_3.py
[2024-07-22T22:39:15.533+0000] {logging_mixin.py:188} INFO - [2024-07-22T22:39:15.532+0000] {dag.py:3096} INFO - Sync 1 DAGs
[2024-07-22T22:39:15.592+0000] {logging_mixin.py:188} INFO - [2024-07-22T22:39:15.592+0000] {dag.py:3954} INFO - Setting next_dagrun for example_branch_dop_operator_v3 to 2024-07-22 22:38:00+00:00, run_after=2024-07-22 22:39:00+00:00
[2024-07-22T22:39:15.624+0000] {processor.py:183} INFO - Processing /home/airflow/.local/lib/python3.11/site-packages/airflow/example_dags/example_branch_python_dop_operator_3.py took 0.161 seconds
[2024-07-22T22:39:45.706+0000] {processor.py:161} INFO - Started process (PID=10969) to work on /home/airflow/.local/lib/python3.11/site-packages/airflow/example_dags/example_branch_python_dop_operator_3.py
[2024-07-22T22:39:45.708+0000] {processor.py:830} INFO - Processing file /home/airflow/.local/lib/python3.11/site-packages/airflow/example_dags/example_branch_python_dop_operator_3.py for tasks to queue
[2024-07-22T22:39:45.710+0000] {logging_mixin.py:188} INFO - [2024-07-22T22:39:45.710+0000] {dagbag.py:545} INFO - Filling up the DagBag from /home/airflow/.local/lib/python3.11/site-packages/airflow/example_dags/example_branch_python_dop_operator_3.py
[2024-07-22T22:39:45.725+0000] {processor.py:840} INFO - DAG(s) 'example_branch_dop_operator_v3' retrieved from /home/airflow/.local/lib/python3.11/site-packages/airflow/example_dags/example_branch_python_dop_operator_3.py
[2024-07-22T22:39:45.757+0000] {logging_mixin.py:188} INFO - [2024-07-22T22:39:45.757+0000] {dag.py:3096} INFO - Sync 1 DAGs
[2024-07-22T22:39:45.805+0000] {logging_mixin.py:188} INFO - [2024-07-22T22:39:45.805+0000] {dag.py:3954} INFO - Setting next_dagrun for example_branch_dop_operator_v3 to 2024-07-22 22:38:00+00:00, run_after=2024-07-22 22:39:00+00:00
[2024-07-22T22:39:45.837+0000] {processor.py:183} INFO - Processing /home/airflow/.local/lib/python3.11/site-packages/airflow/example_dags/example_branch_python_dop_operator_3.py took 0.142 seconds
[2024-07-22T22:40:16.246+0000] {processor.py:161} INFO - Started process (PID=11032) to work on /home/airflow/.local/lib/python3.11/site-packages/airflow/example_dags/example_branch_python_dop_operator_3.py
[2024-07-22T22:40:16.248+0000] {processor.py:830} INFO - Processing file /home/airflow/.local/lib/python3.11/site-packages/airflow/example_dags/example_branch_python_dop_operator_3.py for tasks to queue
[2024-07-22T22:40:16.251+0000] {logging_mixin.py:188} INFO - [2024-07-22T22:40:16.250+0000] {dagbag.py:545} INFO - Filling up the DagBag from /home/airflow/.local/lib/python3.11/site-packages/airflow/example_dags/example_branch_python_dop_operator_3.py
[2024-07-22T22:40:16.266+0000] {processor.py:840} INFO - DAG(s) 'example_branch_dop_operator_v3' retrieved from /home/airflow/.local/lib/python3.11/site-packages/airflow/example_dags/example_branch_python_dop_operator_3.py
[2024-07-22T22:40:16.300+0000] {logging_mixin.py:188} INFO - [2024-07-22T22:40:16.300+0000] {dag.py:3096} INFO - Sync 1 DAGs
[2024-07-22T22:40:16.342+0000] {logging_mixin.py:188} INFO - [2024-07-22T22:40:16.341+0000] {dag.py:3954} INFO - Setting next_dagrun for example_branch_dop_operator_v3 to 2024-07-22 22:39:00+00:00, run_after=2024-07-22 22:40:00+00:00
[2024-07-22T22:40:16.370+0000] {processor.py:183} INFO - Processing /home/airflow/.local/lib/python3.11/site-packages/airflow/example_dags/example_branch_python_dop_operator_3.py took 0.135 seconds
[2024-07-22T22:40:46.461+0000] {processor.py:161} INFO - Started process (PID=11095) to work on /home/airflow/.local/lib/python3.11/site-packages/airflow/example_dags/example_branch_python_dop_operator_3.py
[2024-07-22T22:40:46.463+0000] {processor.py:830} INFO - Processing file /home/airflow/.local/lib/python3.11/site-packages/airflow/example_dags/example_branch_python_dop_operator_3.py for tasks to queue
[2024-07-22T22:40:46.466+0000] {logging_mixin.py:188} INFO - [2024-07-22T22:40:46.465+0000] {dagbag.py:545} INFO - Filling up the DagBag from /home/airflow/.local/lib/python3.11/site-packages/airflow/example_dags/example_branch_python_dop_operator_3.py
[2024-07-22T22:40:46.481+0000] {processor.py:840} INFO - DAG(s) 'example_branch_dop_operator_v3' retrieved from /home/airflow/.local/lib/python3.11/site-packages/airflow/example_dags/example_branch_python_dop_operator_3.py
[2024-07-22T22:40:46.516+0000] {logging_mixin.py:188} INFO - [2024-07-22T22:40:46.516+0000] {dag.py:3096} INFO - Sync 1 DAGs
[2024-07-22T22:40:46.557+0000] {logging_mixin.py:188} INFO - [2024-07-22T22:40:46.557+0000] {dag.py:3954} INFO - Setting next_dagrun for example_branch_dop_operator_v3 to 2024-07-22 22:39:00+00:00, run_after=2024-07-22 22:40:00+00:00
[2024-07-22T22:40:46.587+0000] {processor.py:183} INFO - Processing /home/airflow/.local/lib/python3.11/site-packages/airflow/example_dags/example_branch_python_dop_operator_3.py took 0.136 seconds
[2024-07-22T22:41:17.184+0000] {processor.py:161} INFO - Started process (PID=11159) to work on /home/airflow/.local/lib/python3.11/site-packages/airflow/example_dags/example_branch_python_dop_operator_3.py
[2024-07-22T22:41:17.186+0000] {processor.py:830} INFO - Processing file /home/airflow/.local/lib/python3.11/site-packages/airflow/example_dags/example_branch_python_dop_operator_3.py for tasks to queue
[2024-07-22T22:41:17.189+0000] {logging_mixin.py:188} INFO - [2024-07-22T22:41:17.188+0000] {dagbag.py:545} INFO - Filling up the DagBag from /home/airflow/.local/lib/python3.11/site-packages/airflow/example_dags/example_branch_python_dop_operator_3.py
[2024-07-22T22:41:17.204+0000] {processor.py:840} INFO - DAG(s) 'example_branch_dop_operator_v3' retrieved from /home/airflow/.local/lib/python3.11/site-packages/airflow/example_dags/example_branch_python_dop_operator_3.py
[2024-07-22T22:41:17.241+0000] {logging_mixin.py:188} INFO - [2024-07-22T22:41:17.241+0000] {dag.py:3096} INFO - Sync 1 DAGs
[2024-07-22T22:41:17.281+0000] {logging_mixin.py:188} INFO - [2024-07-22T22:41:17.281+0000] {dag.py:3954} INFO - Setting next_dagrun for example_branch_dop_operator_v3 to 2024-07-22 22:40:00+00:00, run_after=2024-07-22 22:41:00+00:00
[2024-07-22T22:41:17.308+0000] {processor.py:183} INFO - Processing /home/airflow/.local/lib/python3.11/site-packages/airflow/example_dags/example_branch_python_dop_operator_3.py took 0.138 seconds
[2024-07-22T22:41:47.630+0000] {processor.py:161} INFO - Started process (PID=11222) to work on /home/airflow/.local/lib/python3.11/site-packages/airflow/example_dags/example_branch_python_dop_operator_3.py
[2024-07-22T22:41:47.631+0000] {processor.py:830} INFO - Processing file /home/airflow/.local/lib/python3.11/site-packages/airflow/example_dags/example_branch_python_dop_operator_3.py for tasks to queue
[2024-07-22T22:41:47.634+0000] {logging_mixin.py:188} INFO - [2024-07-22T22:41:47.634+0000] {dagbag.py:545} INFO - Filling up the DagBag from /home/airflow/.local/lib/python3.11/site-packages/airflow/example_dags/example_branch_python_dop_operator_3.py
[2024-07-22T22:41:47.649+0000] {processor.py:840} INFO - DAG(s) 'example_branch_dop_operator_v3' retrieved from /home/airflow/.local/lib/python3.11/site-packages/airflow/example_dags/example_branch_python_dop_operator_3.py
[2024-07-22T22:41:47.684+0000] {logging_mixin.py:188} INFO - [2024-07-22T22:41:47.684+0000] {dag.py:3096} INFO - Sync 1 DAGs
[2024-07-22T22:41:47.723+0000] {logging_mixin.py:188} INFO - [2024-07-22T22:41:47.722+0000] {dag.py:3954} INFO - Setting next_dagrun for example_branch_dop_operator_v3 to 2024-07-22 22:40:00+00:00, run_after=2024-07-22 22:41:00+00:00
[2024-07-22T22:41:47.752+0000] {processor.py:183} INFO - Processing /home/airflow/.local/lib/python3.11/site-packages/airflow/example_dags/example_branch_python_dop_operator_3.py took 0.137 seconds
[2024-07-22T22:42:17.907+0000] {processor.py:161} INFO - Started process (PID=11285) to work on /home/airflow/.local/lib/python3.11/site-packages/airflow/example_dags/example_branch_python_dop_operator_3.py
[2024-07-22T22:42:17.909+0000] {processor.py:830} INFO - Processing file /home/airflow/.local/lib/python3.11/site-packages/airflow/example_dags/example_branch_python_dop_operator_3.py for tasks to queue
[2024-07-22T22:42:17.912+0000] {logging_mixin.py:188} INFO - [2024-07-22T22:42:17.911+0000] {dagbag.py:545} INFO - Filling up the DagBag from /home/airflow/.local/lib/python3.11/site-packages/airflow/example_dags/example_branch_python_dop_operator_3.py
[2024-07-22T22:42:17.927+0000] {processor.py:840} INFO - DAG(s) 'example_branch_dop_operator_v3' retrieved from /home/airflow/.local/lib/python3.11/site-packages/airflow/example_dags/example_branch_python_dop_operator_3.py
[2024-07-22T22:42:17.959+0000] {logging_mixin.py:188} INFO - [2024-07-22T22:42:17.958+0000] {dag.py:3096} INFO - Sync 1 DAGs
[2024-07-22T22:42:17.999+0000] {logging_mixin.py:188} INFO - [2024-07-22T22:42:17.999+0000] {dag.py:3954} INFO - Setting next_dagrun for example_branch_dop_operator_v3 to 2024-07-22 22:41:00+00:00, run_after=2024-07-22 22:42:00+00:00
[2024-07-22T22:42:18.027+0000] {processor.py:183} INFO - Processing /home/airflow/.local/lib/python3.11/site-packages/airflow/example_dags/example_branch_python_dop_operator_3.py took 0.131 seconds
[2024-07-22T22:42:48.720+0000] {processor.py:161} INFO - Started process (PID=11345) to work on /home/airflow/.local/lib/python3.11/site-packages/airflow/example_dags/example_branch_python_dop_operator_3.py
[2024-07-22T22:42:48.723+0000] {processor.py:830} INFO - Processing file /home/airflow/.local/lib/python3.11/site-packages/airflow/example_dags/example_branch_python_dop_operator_3.py for tasks to queue
[2024-07-22T22:42:48.724+0000] {logging_mixin.py:188} INFO - [2024-07-22T22:42:48.724+0000] {dagbag.py:545} INFO - Filling up the DagBag from /home/airflow/.local/lib/python3.11/site-packages/airflow/example_dags/example_branch_python_dop_operator_3.py
[2024-07-22T22:42:48.739+0000] {processor.py:840} INFO - DAG(s) 'example_branch_dop_operator_v3' retrieved from /home/airflow/.local/lib/python3.11/site-packages/airflow/example_dags/example_branch_python_dop_operator_3.py
[2024-07-22T22:42:48.779+0000] {logging_mixin.py:188} INFO - [2024-07-22T22:42:48.779+0000] {dag.py:3096} INFO - Sync 1 DAGs
[2024-07-22T22:42:48.819+0000] {logging_mixin.py:188} INFO - [2024-07-22T22:42:48.819+0000] {dag.py:3954} INFO - Setting next_dagrun for example_branch_dop_operator_v3 to 2024-07-22 22:41:00+00:00, run_after=2024-07-22 22:42:00+00:00
[2024-07-22T22:42:48.845+0000] {processor.py:183} INFO - Processing /home/airflow/.local/lib/python3.11/site-packages/airflow/example_dags/example_branch_python_dop_operator_3.py took 0.138 seconds
[2024-07-22T22:43:18.906+0000] {processor.py:161} INFO - Started process (PID=11402) to work on /home/airflow/.local/lib/python3.11/site-packages/airflow/example_dags/example_branch_python_dop_operator_3.py
[2024-07-22T22:43:18.907+0000] {processor.py:830} INFO - Processing file /home/airflow/.local/lib/python3.11/site-packages/airflow/example_dags/example_branch_python_dop_operator_3.py for tasks to queue
[2024-07-22T22:43:18.909+0000] {logging_mixin.py:188} INFO - [2024-07-22T22:43:18.908+0000] {dagbag.py:545} INFO - Filling up the DagBag from /home/airflow/.local/lib/python3.11/site-packages/airflow/example_dags/example_branch_python_dop_operator_3.py
[2024-07-22T22:43:18.928+0000] {processor.py:840} INFO - DAG(s) 'example_branch_dop_operator_v3' retrieved from /home/airflow/.local/lib/python3.11/site-packages/airflow/example_dags/example_branch_python_dop_operator_3.py
[2024-07-22T22:43:18.970+0000] {logging_mixin.py:188} INFO - [2024-07-22T22:43:18.969+0000] {dag.py:3096} INFO - Sync 1 DAGs
[2024-07-22T22:43:19.291+0000] {logging_mixin.py:188} INFO - [2024-07-22T22:43:19.291+0000] {dag.py:3954} INFO - Setting next_dagrun for example_branch_dop_operator_v3 to 2024-07-22 22:42:00+00:00, run_after=2024-07-22 22:43:00+00:00
[2024-07-22T22:43:19.319+0000] {processor.py:183} INFO - Processing /home/airflow/.local/lib/python3.11/site-packages/airflow/example_dags/example_branch_python_dop_operator_3.py took 0.428 seconds
[2024-07-22T22:43:49.582+0000] {processor.py:161} INFO - Started process (PID=11460) to work on /home/airflow/.local/lib/python3.11/site-packages/airflow/example_dags/example_branch_python_dop_operator_3.py
[2024-07-22T22:43:49.589+0000] {processor.py:830} INFO - Processing file /home/airflow/.local/lib/python3.11/site-packages/airflow/example_dags/example_branch_python_dop_operator_3.py for tasks to queue
[2024-07-22T22:43:49.590+0000] {logging_mixin.py:188} INFO - [2024-07-22T22:43:49.590+0000] {dagbag.py:545} INFO - Filling up the DagBag from /home/airflow/.local/lib/python3.11/site-packages/airflow/example_dags/example_branch_python_dop_operator_3.py
[2024-07-22T22:43:49.604+0000] {processor.py:840} INFO - DAG(s) 'example_branch_dop_operator_v3' retrieved from /home/airflow/.local/lib/python3.11/site-packages/airflow/example_dags/example_branch_python_dop_operator_3.py
[2024-07-22T22:43:49.638+0000] {logging_mixin.py:188} INFO - [2024-07-22T22:43:49.637+0000] {dag.py:3096} INFO - Sync 1 DAGs
[2024-07-22T22:43:49.684+0000] {logging_mixin.py:188} INFO - [2024-07-22T22:43:49.684+0000] {dag.py:3954} INFO - Setting next_dagrun for example_branch_dop_operator_v3 to 2024-07-22 22:42:00+00:00, run_after=2024-07-22 22:43:00+00:00
[2024-07-22T22:43:49.948+0000] {processor.py:183} INFO - Processing /home/airflow/.local/lib/python3.11/site-packages/airflow/example_dags/example_branch_python_dop_operator_3.py took 0.376 seconds
