[2024-07-22T22:37:51.090+0000] {processor.py:161} INFO - Started process (PID=10732) to work on /home/airflow/.local/lib/python3.11/site-packages/airflow/example_dags/example_setup_teardown.py
[2024-07-22T22:37:51.092+0000] {processor.py:830} INFO - Processing file /home/airflow/.local/lib/python3.11/site-packages/airflow/example_dags/example_setup_teardown.py for tasks to queue
[2024-07-22T22:37:51.095+0000] {logging_mixin.py:188} INFO - [2024-07-22T22:37:51.095+0000] {dagbag.py:545} INFO - Filling up the DagBag from /home/airflow/.local/lib/python3.11/site-packages/airflow/example_dags/example_setup_teardown.py
[2024-07-22T22:37:51.109+0000] {processor.py:840} INFO - DAG(s) 'example_setup_teardown' retrieved from /home/airflow/.local/lib/python3.11/site-packages/airflow/example_dags/example_setup_teardown.py
[2024-07-22T22:37:51.148+0000] {logging_mixin.py:188} INFO - [2024-07-22T22:37:51.148+0000] {dag.py:3096} INFO - Sync 1 DAGs
[2024-07-22T22:37:51.181+0000] {logging_mixin.py:188} INFO - [2024-07-22T22:37:51.181+0000] {dag.py:3954} INFO - Setting next_dagrun for example_setup_teardown to 2024-07-21 00:00:00+00:00, run_after=2024-07-22 00:00:00+00:00
[2024-07-22T22:37:51.213+0000] {processor.py:183} INFO - Processing /home/airflow/.local/lib/python3.11/site-packages/airflow/example_dags/example_setup_teardown.py took 0.133 seconds
[2024-07-22T22:38:21.304+0000] {processor.py:161} INFO - Started process (PID=10795) to work on /home/airflow/.local/lib/python3.11/site-packages/airflow/example_dags/example_setup_teardown.py
[2024-07-22T22:38:21.305+0000] {processor.py:830} INFO - Processing file /home/airflow/.local/lib/python3.11/site-packages/airflow/example_dags/example_setup_teardown.py for tasks to queue
[2024-07-22T22:38:21.308+0000] {logging_mixin.py:188} INFO - [2024-07-22T22:38:21.307+0000] {dagbag.py:545} INFO - Filling up the DagBag from /home/airflow/.local/lib/python3.11/site-packages/airflow/example_dags/example_setup_teardown.py
[2024-07-22T22:38:21.319+0000] {processor.py:840} INFO - DAG(s) 'example_setup_teardown' retrieved from /home/airflow/.local/lib/python3.11/site-packages/airflow/example_dags/example_setup_teardown.py
[2024-07-22T22:38:21.358+0000] {logging_mixin.py:188} INFO - [2024-07-22T22:38:21.358+0000] {dag.py:3096} INFO - Sync 1 DAGs
[2024-07-22T22:38:21.400+0000] {logging_mixin.py:188} INFO - [2024-07-22T22:38:21.400+0000] {dag.py:3954} INFO - Setting next_dagrun for example_setup_teardown to 2024-07-21 00:00:00+00:00, run_after=2024-07-22 00:00:00+00:00
[2024-07-22T22:38:21.435+0000] {processor.py:183} INFO - Processing /home/airflow/.local/lib/python3.11/site-packages/airflow/example_dags/example_setup_teardown.py took 0.142 seconds
[2024-07-22T22:38:51.528+0000] {processor.py:161} INFO - Started process (PID=10859) to work on /home/airflow/.local/lib/python3.11/site-packages/airflow/example_dags/example_setup_teardown.py
[2024-07-22T22:38:51.530+0000] {processor.py:830} INFO - Processing file /home/airflow/.local/lib/python3.11/site-packages/airflow/example_dags/example_setup_teardown.py for tasks to queue
[2024-07-22T22:38:51.533+0000] {logging_mixin.py:188} INFO - [2024-07-22T22:38:51.532+0000] {dagbag.py:545} INFO - Filling up the DagBag from /home/airflow/.local/lib/python3.11/site-packages/airflow/example_dags/example_setup_teardown.py
[2024-07-22T22:38:51.544+0000] {processor.py:840} INFO - DAG(s) 'example_setup_teardown' retrieved from /home/airflow/.local/lib/python3.11/site-packages/airflow/example_dags/example_setup_teardown.py
[2024-07-22T22:38:51.579+0000] {logging_mixin.py:188} INFO - [2024-07-22T22:38:51.578+0000] {dag.py:3096} INFO - Sync 1 DAGs
[2024-07-22T22:38:51.612+0000] {logging_mixin.py:188} INFO - [2024-07-22T22:38:51.612+0000] {dag.py:3954} INFO - Setting next_dagrun for example_setup_teardown to 2024-07-21 00:00:00+00:00, run_after=2024-07-22 00:00:00+00:00
[2024-07-22T22:38:51.639+0000] {processor.py:183} INFO - Processing /home/airflow/.local/lib/python3.11/site-packages/airflow/example_dags/example_setup_teardown.py took 0.121 seconds
[2024-07-22T22:39:22.447+0000] {processor.py:161} INFO - Started process (PID=10922) to work on /home/airflow/.local/lib/python3.11/site-packages/airflow/example_dags/example_setup_teardown.py
[2024-07-22T22:39:22.448+0000] {processor.py:830} INFO - Processing file /home/airflow/.local/lib/python3.11/site-packages/airflow/example_dags/example_setup_teardown.py for tasks to queue
[2024-07-22T22:39:22.451+0000] {logging_mixin.py:188} INFO - [2024-07-22T22:39:22.451+0000] {dagbag.py:545} INFO - Filling up the DagBag from /home/airflow/.local/lib/python3.11/site-packages/airflow/example_dags/example_setup_teardown.py
[2024-07-22T22:39:22.462+0000] {processor.py:840} INFO - DAG(s) 'example_setup_teardown' retrieved from /home/airflow/.local/lib/python3.11/site-packages/airflow/example_dags/example_setup_teardown.py
[2024-07-22T22:39:22.500+0000] {logging_mixin.py:188} INFO - [2024-07-22T22:39:22.500+0000] {dag.py:3096} INFO - Sync 1 DAGs
[2024-07-22T22:39:22.538+0000] {logging_mixin.py:188} INFO - [2024-07-22T22:39:22.538+0000] {dag.py:3954} INFO - Setting next_dagrun for example_setup_teardown to 2024-07-21 00:00:00+00:00, run_after=2024-07-22 00:00:00+00:00
[2024-07-22T22:39:22.567+0000] {processor.py:183} INFO - Processing /home/airflow/.local/lib/python3.11/site-packages/airflow/example_dags/example_setup_teardown.py took 0.130 seconds
[2024-07-22T22:39:52.818+0000] {processor.py:161} INFO - Started process (PID=10985) to work on /home/airflow/.local/lib/python3.11/site-packages/airflow/example_dags/example_setup_teardown.py
[2024-07-22T22:39:52.821+0000] {processor.py:830} INFO - Processing file /home/airflow/.local/lib/python3.11/site-packages/airflow/example_dags/example_setup_teardown.py for tasks to queue
[2024-07-22T22:39:52.824+0000] {logging_mixin.py:188} INFO - [2024-07-22T22:39:52.823+0000] {dagbag.py:545} INFO - Filling up the DagBag from /home/airflow/.local/lib/python3.11/site-packages/airflow/example_dags/example_setup_teardown.py
[2024-07-22T22:39:52.835+0000] {processor.py:840} INFO - DAG(s) 'example_setup_teardown' retrieved from /home/airflow/.local/lib/python3.11/site-packages/airflow/example_dags/example_setup_teardown.py
[2024-07-22T22:39:52.867+0000] {logging_mixin.py:188} INFO - [2024-07-22T22:39:52.867+0000] {dag.py:3096} INFO - Sync 1 DAGs
[2024-07-22T22:39:52.902+0000] {logging_mixin.py:188} INFO - [2024-07-22T22:39:52.902+0000] {dag.py:3954} INFO - Setting next_dagrun for example_setup_teardown to 2024-07-21 00:00:00+00:00, run_after=2024-07-22 00:00:00+00:00
[2024-07-22T22:39:52.927+0000] {processor.py:183} INFO - Processing /home/airflow/.local/lib/python3.11/site-packages/airflow/example_dags/example_setup_teardown.py took 0.123 seconds
[2024-07-22T22:40:23.194+0000] {processor.py:161} INFO - Started process (PID=11048) to work on /home/airflow/.local/lib/python3.11/site-packages/airflow/example_dags/example_setup_teardown.py
[2024-07-22T22:40:23.196+0000] {processor.py:830} INFO - Processing file /home/airflow/.local/lib/python3.11/site-packages/airflow/example_dags/example_setup_teardown.py for tasks to queue
[2024-07-22T22:40:23.199+0000] {logging_mixin.py:188} INFO - [2024-07-22T22:40:23.199+0000] {dagbag.py:545} INFO - Filling up the DagBag from /home/airflow/.local/lib/python3.11/site-packages/airflow/example_dags/example_setup_teardown.py
[2024-07-22T22:40:23.213+0000] {processor.py:840} INFO - DAG(s) 'example_setup_teardown' retrieved from /home/airflow/.local/lib/python3.11/site-packages/airflow/example_dags/example_setup_teardown.py
[2024-07-22T22:40:23.255+0000] {logging_mixin.py:188} INFO - [2024-07-22T22:40:23.255+0000] {dag.py:3096} INFO - Sync 1 DAGs
[2024-07-22T22:40:23.304+0000] {logging_mixin.py:188} INFO - [2024-07-22T22:40:23.304+0000] {dag.py:3954} INFO - Setting next_dagrun for example_setup_teardown to 2024-07-21 00:00:00+00:00, run_after=2024-07-22 00:00:00+00:00
[2024-07-22T22:40:23.336+0000] {processor.py:183} INFO - Processing /home/airflow/.local/lib/python3.11/site-packages/airflow/example_dags/example_setup_teardown.py took 0.155 seconds
[2024-07-22T22:40:53.500+0000] {processor.py:161} INFO - Started process (PID=11109) to work on /home/airflow/.local/lib/python3.11/site-packages/airflow/example_dags/example_setup_teardown.py
[2024-07-22T22:40:53.502+0000] {processor.py:830} INFO - Processing file /home/airflow/.local/lib/python3.11/site-packages/airflow/example_dags/example_setup_teardown.py for tasks to queue
[2024-07-22T22:40:53.504+0000] {logging_mixin.py:188} INFO - [2024-07-22T22:40:53.504+0000] {dagbag.py:545} INFO - Filling up the DagBag from /home/airflow/.local/lib/python3.11/site-packages/airflow/example_dags/example_setup_teardown.py
[2024-07-22T22:40:53.515+0000] {processor.py:840} INFO - DAG(s) 'example_setup_teardown' retrieved from /home/airflow/.local/lib/python3.11/site-packages/airflow/example_dags/example_setup_teardown.py
[2024-07-22T22:40:53.552+0000] {logging_mixin.py:188} INFO - [2024-07-22T22:40:53.552+0000] {dag.py:3096} INFO - Sync 1 DAGs
[2024-07-22T22:40:53.585+0000] {logging_mixin.py:188} INFO - [2024-07-22T22:40:53.584+0000] {dag.py:3954} INFO - Setting next_dagrun for example_setup_teardown to 2024-07-21 00:00:00+00:00, run_after=2024-07-22 00:00:00+00:00
[2024-07-22T22:40:53.611+0000] {processor.py:183} INFO - Processing /home/airflow/.local/lib/python3.11/site-packages/airflow/example_dags/example_setup_teardown.py took 0.121 seconds
[2024-07-22T22:41:24.086+0000] {processor.py:161} INFO - Started process (PID=11173) to work on /home/airflow/.local/lib/python3.11/site-packages/airflow/example_dags/example_setup_teardown.py
[2024-07-22T22:41:24.088+0000] {processor.py:830} INFO - Processing file /home/airflow/.local/lib/python3.11/site-packages/airflow/example_dags/example_setup_teardown.py for tasks to queue
[2024-07-22T22:41:24.091+0000] {logging_mixin.py:188} INFO - [2024-07-22T22:41:24.090+0000] {dagbag.py:545} INFO - Filling up the DagBag from /home/airflow/.local/lib/python3.11/site-packages/airflow/example_dags/example_setup_teardown.py
[2024-07-22T22:41:24.102+0000] {processor.py:840} INFO - DAG(s) 'example_setup_teardown' retrieved from /home/airflow/.local/lib/python3.11/site-packages/airflow/example_dags/example_setup_teardown.py
[2024-07-22T22:41:24.141+0000] {logging_mixin.py:188} INFO - [2024-07-22T22:41:24.140+0000] {dag.py:3096} INFO - Sync 1 DAGs
[2024-07-22T22:41:24.176+0000] {logging_mixin.py:188} INFO - [2024-07-22T22:41:24.176+0000] {dag.py:3954} INFO - Setting next_dagrun for example_setup_teardown to 2024-07-21 00:00:00+00:00, run_after=2024-07-22 00:00:00+00:00
[2024-07-22T22:41:24.434+0000] {processor.py:183} INFO - Processing /home/airflow/.local/lib/python3.11/site-packages/airflow/example_dags/example_setup_teardown.py took 0.359 seconds
[2024-07-22T22:41:54.559+0000] {processor.py:161} INFO - Started process (PID=11236) to work on /home/airflow/.local/lib/python3.11/site-packages/airflow/example_dags/example_setup_teardown.py
[2024-07-22T22:41:54.560+0000] {processor.py:830} INFO - Processing file /home/airflow/.local/lib/python3.11/site-packages/airflow/example_dags/example_setup_teardown.py for tasks to queue
[2024-07-22T22:41:54.563+0000] {logging_mixin.py:188} INFO - [2024-07-22T22:41:54.562+0000] {dagbag.py:545} INFO - Filling up the DagBag from /home/airflow/.local/lib/python3.11/site-packages/airflow/example_dags/example_setup_teardown.py
[2024-07-22T22:41:54.574+0000] {processor.py:840} INFO - DAG(s) 'example_setup_teardown' retrieved from /home/airflow/.local/lib/python3.11/site-packages/airflow/example_dags/example_setup_teardown.py
[2024-07-22T22:41:54.609+0000] {logging_mixin.py:188} INFO - [2024-07-22T22:41:54.608+0000] {dag.py:3096} INFO - Sync 1 DAGs
[2024-07-22T22:41:54.650+0000] {logging_mixin.py:188} INFO - [2024-07-22T22:41:54.650+0000] {dag.py:3954} INFO - Setting next_dagrun for example_setup_teardown to 2024-07-21 00:00:00+00:00, run_after=2024-07-22 00:00:00+00:00
[2024-07-22T22:41:54.681+0000] {processor.py:183} INFO - Processing /home/airflow/.local/lib/python3.11/site-packages/airflow/example_dags/example_setup_teardown.py took 0.133 seconds
[2024-07-22T22:42:24.835+0000] {processor.py:161} INFO - Started process (PID=11299) to work on /home/airflow/.local/lib/python3.11/site-packages/airflow/example_dags/example_setup_teardown.py
[2024-07-22T22:42:24.838+0000] {processor.py:830} INFO - Processing file /home/airflow/.local/lib/python3.11/site-packages/airflow/example_dags/example_setup_teardown.py for tasks to queue
[2024-07-22T22:42:24.842+0000] {logging_mixin.py:188} INFO - [2024-07-22T22:42:24.841+0000] {dagbag.py:545} INFO - Filling up the DagBag from /home/airflow/.local/lib/python3.11/site-packages/airflow/example_dags/example_setup_teardown.py
[2024-07-22T22:42:24.857+0000] {processor.py:840} INFO - DAG(s) 'example_setup_teardown' retrieved from /home/airflow/.local/lib/python3.11/site-packages/airflow/example_dags/example_setup_teardown.py
[2024-07-22T22:42:24.897+0000] {logging_mixin.py:188} INFO - [2024-07-22T22:42:24.897+0000] {dag.py:3096} INFO - Sync 1 DAGs
[2024-07-22T22:42:24.934+0000] {logging_mixin.py:188} INFO - [2024-07-22T22:42:24.934+0000] {dag.py:3954} INFO - Setting next_dagrun for example_setup_teardown to 2024-07-21 00:00:00+00:00, run_after=2024-07-22 00:00:00+00:00
[2024-07-22T22:42:24.962+0000] {processor.py:183} INFO - Processing /home/airflow/.local/lib/python3.11/site-packages/airflow/example_dags/example_setup_teardown.py took 0.140 seconds
[2024-07-22T22:42:55.644+0000] {processor.py:161} INFO - Started process (PID=11358) to work on /home/airflow/.local/lib/python3.11/site-packages/airflow/example_dags/example_setup_teardown.py
[2024-07-22T22:42:55.653+0000] {processor.py:830} INFO - Processing file /home/airflow/.local/lib/python3.11/site-packages/airflow/example_dags/example_setup_teardown.py for tasks to queue
[2024-07-22T22:42:55.654+0000] {logging_mixin.py:188} INFO - [2024-07-22T22:42:55.653+0000] {dagbag.py:545} INFO - Filling up the DagBag from /home/airflow/.local/lib/python3.11/site-packages/airflow/example_dags/example_setup_teardown.py
[2024-07-22T22:42:55.667+0000] {processor.py:840} INFO - DAG(s) 'example_setup_teardown' retrieved from /home/airflow/.local/lib/python3.11/site-packages/airflow/example_dags/example_setup_teardown.py
[2024-07-22T22:42:55.702+0000] {logging_mixin.py:188} INFO - [2024-07-22T22:42:55.702+0000] {dag.py:3096} INFO - Sync 1 DAGs
[2024-07-22T22:42:55.735+0000] {logging_mixin.py:188} INFO - [2024-07-22T22:42:55.735+0000] {dag.py:3954} INFO - Setting next_dagrun for example_setup_teardown to 2024-07-21 00:00:00+00:00, run_after=2024-07-22 00:00:00+00:00
[2024-07-22T22:42:55.759+0000] {processor.py:183} INFO - Processing /home/airflow/.local/lib/python3.11/site-packages/airflow/example_dags/example_setup_teardown.py took 0.125 seconds
[2024-07-22T22:43:26.758+0000] {processor.py:161} INFO - Started process (PID=11415) to work on /home/airflow/.local/lib/python3.11/site-packages/airflow/example_dags/example_setup_teardown.py
[2024-07-22T22:43:26.762+0000] {processor.py:830} INFO - Processing file /home/airflow/.local/lib/python3.11/site-packages/airflow/example_dags/example_setup_teardown.py for tasks to queue
[2024-07-22T22:43:26.763+0000] {logging_mixin.py:188} INFO - [2024-07-22T22:43:26.763+0000] {dagbag.py:545} INFO - Filling up the DagBag from /home/airflow/.local/lib/python3.11/site-packages/airflow/example_dags/example_setup_teardown.py
[2024-07-22T22:43:26.776+0000] {processor.py:840} INFO - DAG(s) 'example_setup_teardown' retrieved from /home/airflow/.local/lib/python3.11/site-packages/airflow/example_dags/example_setup_teardown.py
[2024-07-22T22:43:27.060+0000] {logging_mixin.py:188} INFO - [2024-07-22T22:43:27.060+0000] {dag.py:3096} INFO - Sync 1 DAGs
[2024-07-22T22:43:27.086+0000] {logging_mixin.py:188} INFO - [2024-07-22T22:43:27.086+0000] {dag.py:3954} INFO - Setting next_dagrun for example_setup_teardown to 2024-07-21 00:00:00+00:00, run_after=2024-07-22 00:00:00+00:00
[2024-07-22T22:43:27.107+0000] {processor.py:183} INFO - Processing /home/airflow/.local/lib/python3.11/site-packages/airflow/example_dags/example_setup_teardown.py took 0.360 seconds
[2024-07-22T22:43:57.319+0000] {processor.py:161} INFO - Started process (PID=11474) to work on /home/airflow/.local/lib/python3.11/site-packages/airflow/example_dags/example_setup_teardown.py
[2024-07-22T22:43:57.321+0000] {processor.py:830} INFO - Processing file /home/airflow/.local/lib/python3.11/site-packages/airflow/example_dags/example_setup_teardown.py for tasks to queue
[2024-07-22T22:43:57.322+0000] {logging_mixin.py:188} INFO - [2024-07-22T22:43:57.321+0000] {dagbag.py:545} INFO - Filling up the DagBag from /home/airflow/.local/lib/python3.11/site-packages/airflow/example_dags/example_setup_teardown.py
[2024-07-22T22:43:57.334+0000] {processor.py:840} INFO - DAG(s) 'example_setup_teardown' retrieved from /home/airflow/.local/lib/python3.11/site-packages/airflow/example_dags/example_setup_teardown.py
[2024-07-22T22:43:57.368+0000] {logging_mixin.py:188} INFO - [2024-07-22T22:43:57.368+0000] {dag.py:3096} INFO - Sync 1 DAGs
[2024-07-22T22:43:57.624+0000] {logging_mixin.py:188} INFO - [2024-07-22T22:43:57.624+0000] {dag.py:3954} INFO - Setting next_dagrun for example_setup_teardown to 2024-07-21 00:00:00+00:00, run_after=2024-07-22 00:00:00+00:00
[2024-07-22T22:43:57.647+0000] {processor.py:183} INFO - Processing /home/airflow/.local/lib/python3.11/site-packages/airflow/example_dags/example_setup_teardown.py took 0.339 seconds
