[2024-07-22T22:48:41.734+0000] {processor.py:161} INFO - Started process (PID=12042) to work on /home/airflow/.local/lib/python3.11/site-packages/airflow/example_dags/example_nested_branch_dag.py
[2024-07-22T22:48:41.735+0000] {processor.py:830} INFO - Processing file /home/airflow/.local/lib/python3.11/site-packages/airflow/example_dags/example_nested_branch_dag.py for tasks to queue
[2024-07-22T22:48:41.737+0000] {logging_mixin.py:188} INFO - [2024-07-22T22:48:41.736+0000] {dagbag.py:545} INFO - Filling up the DagBag from /home/airflow/.local/lib/python3.11/site-packages/airflow/example_dags/example_nested_branch_dag.py
[2024-07-22T22:48:41.759+0000] {processor.py:840} INFO - DAG(s) 'example_nested_branch_dag' retrieved from /home/airflow/.local/lib/python3.11/site-packages/airflow/example_dags/example_nested_branch_dag.py
[2024-07-22T22:48:41.803+0000] {logging_mixin.py:188} INFO - [2024-07-22T22:48:41.803+0000] {dag.py:3096} INFO - Sync 1 DAGs
[2024-07-22T22:48:41.845+0000] {logging_mixin.py:188} INFO - [2024-07-22T22:48:41.844+0000] {dag.py:3954} INFO - Setting next_dagrun for example_nested_branch_dag to 2024-07-21 00:00:00+00:00, run_after=2024-07-22 00:00:00+00:00
[2024-07-22T22:48:41.868+0000] {processor.py:183} INFO - Processing /home/airflow/.local/lib/python3.11/site-packages/airflow/example_dags/example_nested_branch_dag.py took 0.147 seconds
[2024-07-22T22:49:12.921+0000] {processor.py:161} INFO - Started process (PID=12105) to work on /home/airflow/.local/lib/python3.11/site-packages/airflow/example_dags/example_nested_branch_dag.py
[2024-07-22T22:49:12.922+0000] {processor.py:830} INFO - Processing file /home/airflow/.local/lib/python3.11/site-packages/airflow/example_dags/example_nested_branch_dag.py for tasks to queue
[2024-07-22T22:49:12.923+0000] {logging_mixin.py:188} INFO - [2024-07-22T22:49:12.923+0000] {dagbag.py:545} INFO - Filling up the DagBag from /home/airflow/.local/lib/python3.11/site-packages/airflow/example_dags/example_nested_branch_dag.py
[2024-07-22T22:49:12.941+0000] {processor.py:840} INFO - DAG(s) 'example_nested_branch_dag' retrieved from /home/airflow/.local/lib/python3.11/site-packages/airflow/example_dags/example_nested_branch_dag.py
[2024-07-22T22:49:12.978+0000] {logging_mixin.py:188} INFO - [2024-07-22T22:49:12.978+0000] {dag.py:3096} INFO - Sync 1 DAGs
[2024-07-22T22:49:13.012+0000] {logging_mixin.py:188} INFO - [2024-07-22T22:49:13.011+0000] {dag.py:3954} INFO - Setting next_dagrun for example_nested_branch_dag to 2024-07-21 00:00:00+00:00, run_after=2024-07-22 00:00:00+00:00
[2024-07-22T22:49:13.035+0000] {processor.py:183} INFO - Processing /home/airflow/.local/lib/python3.11/site-packages/airflow/example_dags/example_nested_branch_dag.py took 0.126 seconds
[2024-07-22T22:49:44.559+0000] {processor.py:161} INFO - Started process (PID=12168) to work on /home/airflow/.local/lib/python3.11/site-packages/airflow/example_dags/example_nested_branch_dag.py
[2024-07-22T22:49:44.562+0000] {processor.py:830} INFO - Processing file /home/airflow/.local/lib/python3.11/site-packages/airflow/example_dags/example_nested_branch_dag.py for tasks to queue
[2024-07-22T22:49:44.563+0000] {logging_mixin.py:188} INFO - [2024-07-22T22:49:44.562+0000] {dagbag.py:545} INFO - Filling up the DagBag from /home/airflow/.local/lib/python3.11/site-packages/airflow/example_dags/example_nested_branch_dag.py
[2024-07-22T22:49:44.585+0000] {processor.py:840} INFO - DAG(s) 'example_nested_branch_dag' retrieved from /home/airflow/.local/lib/python3.11/site-packages/airflow/example_dags/example_nested_branch_dag.py
[2024-07-22T22:49:44.625+0000] {logging_mixin.py:188} INFO - [2024-07-22T22:49:44.624+0000] {dag.py:3096} INFO - Sync 1 DAGs
[2024-07-22T22:49:44.658+0000] {logging_mixin.py:188} INFO - [2024-07-22T22:49:44.658+0000] {dag.py:3954} INFO - Setting next_dagrun for example_nested_branch_dag to 2024-07-21 00:00:00+00:00, run_after=2024-07-22 00:00:00+00:00
[2024-07-22T22:49:44.685+0000] {processor.py:183} INFO - Processing /home/airflow/.local/lib/python3.11/site-packages/airflow/example_dags/example_nested_branch_dag.py took 0.137 seconds
[2024-07-22T22:50:16.193+0000] {processor.py:161} INFO - Started process (PID=12231) to work on /home/airflow/.local/lib/python3.11/site-packages/airflow/example_dags/example_nested_branch_dag.py
[2024-07-22T22:50:16.195+0000] {processor.py:830} INFO - Processing file /home/airflow/.local/lib/python3.11/site-packages/airflow/example_dags/example_nested_branch_dag.py for tasks to queue
[2024-07-22T22:50:16.196+0000] {logging_mixin.py:188} INFO - [2024-07-22T22:50:16.196+0000] {dagbag.py:545} INFO - Filling up the DagBag from /home/airflow/.local/lib/python3.11/site-packages/airflow/example_dags/example_nested_branch_dag.py
[2024-07-22T22:50:16.213+0000] {processor.py:840} INFO - DAG(s) 'example_nested_branch_dag' retrieved from /home/airflow/.local/lib/python3.11/site-packages/airflow/example_dags/example_nested_branch_dag.py
[2024-07-22T22:50:16.252+0000] {logging_mixin.py:188} INFO - [2024-07-22T22:50:16.252+0000] {dag.py:3096} INFO - Sync 1 DAGs
[2024-07-22T22:50:16.289+0000] {logging_mixin.py:188} INFO - [2024-07-22T22:50:16.289+0000] {dag.py:3954} INFO - Setting next_dagrun for example_nested_branch_dag to 2024-07-21 00:00:00+00:00, run_after=2024-07-22 00:00:00+00:00
[2024-07-22T22:50:16.316+0000] {processor.py:183} INFO - Processing /home/airflow/.local/lib/python3.11/site-packages/airflow/example_dags/example_nested_branch_dag.py took 0.134 seconds
