[2024-07-22T22:48:49.018+0000] {processor.py:161} INFO - Started process (PID=12058) to work on /home/airflow/.local/lib/python3.11/site-packages/airflow/example_dags/example_local_kubernetes_executor.py
[2024-07-22T22:48:49.020+0000] {processor.py:830} INFO - Processing file /home/airflow/.local/lib/python3.11/site-packages/airflow/example_dags/example_local_kubernetes_executor.py for tasks to queue
[2024-07-22T22:48:49.021+0000] {logging_mixin.py:188} INFO - [2024-07-22T22:48:49.020+0000] {dagbag.py:545} INFO - Filling up the DagBag from /home/airflow/.local/lib/python3.11/site-packages/airflow/example_dags/example_local_kubernetes_executor.py
[2024-07-22T22:48:49.034+0000] {processor.py:840} INFO - DAG(s) 'example_local_kubernetes_executor' retrieved from /home/airflow/.local/lib/python3.11/site-packages/airflow/example_dags/example_local_kubernetes_executor.py
[2024-07-22T22:48:49.093+0000] {logging_mixin.py:188} INFO - [2024-07-22T22:48:49.092+0000] {dag.py:3096} INFO - Sync 1 DAGs
[2024-07-22T22:48:49.112+0000] {logging_mixin.py:188} INFO - [2024-07-22T22:48:49.112+0000] {dag.py:3954} INFO - Setting next_dagrun for example_local_kubernetes_executor to None, run_after=None
[2024-07-22T22:48:49.136+0000] {processor.py:183} INFO - Processing /home/airflow/.local/lib/python3.11/site-packages/airflow/example_dags/example_local_kubernetes_executor.py took 0.129 seconds
[2024-07-22T22:49:19.296+0000] {processor.py:161} INFO - Started process (PID=12121) to work on /home/airflow/.local/lib/python3.11/site-packages/airflow/example_dags/example_local_kubernetes_executor.py
[2024-07-22T22:49:19.298+0000] {processor.py:830} INFO - Processing file /home/airflow/.local/lib/python3.11/site-packages/airflow/example_dags/example_local_kubernetes_executor.py for tasks to queue
[2024-07-22T22:49:19.299+0000] {logging_mixin.py:188} INFO - [2024-07-22T22:49:19.298+0000] {dagbag.py:545} INFO - Filling up the DagBag from /home/airflow/.local/lib/python3.11/site-packages/airflow/example_dags/example_local_kubernetes_executor.py
[2024-07-22T22:49:19.311+0000] {processor.py:840} INFO - DAG(s) 'example_local_kubernetes_executor' retrieved from /home/airflow/.local/lib/python3.11/site-packages/airflow/example_dags/example_local_kubernetes_executor.py
[2024-07-22T22:49:19.371+0000] {logging_mixin.py:188} INFO - [2024-07-22T22:49:19.370+0000] {dag.py:3096} INFO - Sync 1 DAGs
[2024-07-22T22:49:19.389+0000] {logging_mixin.py:188} INFO - [2024-07-22T22:49:19.389+0000] {dag.py:3954} INFO - Setting next_dagrun for example_local_kubernetes_executor to None, run_after=None
[2024-07-22T22:49:19.416+0000] {processor.py:183} INFO - Processing /home/airflow/.local/lib/python3.11/site-packages/airflow/example_dags/example_local_kubernetes_executor.py took 0.131 seconds
[2024-07-22T22:49:49.883+0000] {processor.py:161} INFO - Started process (PID=12184) to work on /home/airflow/.local/lib/python3.11/site-packages/airflow/example_dags/example_local_kubernetes_executor.py
[2024-07-22T22:49:49.886+0000] {processor.py:830} INFO - Processing file /home/airflow/.local/lib/python3.11/site-packages/airflow/example_dags/example_local_kubernetes_executor.py for tasks to queue
[2024-07-22T22:49:49.887+0000] {logging_mixin.py:188} INFO - [2024-07-22T22:49:49.886+0000] {dagbag.py:545} INFO - Filling up the DagBag from /home/airflow/.local/lib/python3.11/site-packages/airflow/example_dags/example_local_kubernetes_executor.py
[2024-07-22T22:49:49.899+0000] {processor.py:840} INFO - DAG(s) 'example_local_kubernetes_executor' retrieved from /home/airflow/.local/lib/python3.11/site-packages/airflow/example_dags/example_local_kubernetes_executor.py
[2024-07-22T22:49:49.957+0000] {logging_mixin.py:188} INFO - [2024-07-22T22:49:49.957+0000] {dag.py:3096} INFO - Sync 1 DAGs
[2024-07-22T22:49:49.977+0000] {logging_mixin.py:188} INFO - [2024-07-22T22:49:49.977+0000] {dag.py:3954} INFO - Setting next_dagrun for example_local_kubernetes_executor to None, run_after=None
[2024-07-22T22:49:50.007+0000] {processor.py:183} INFO - Processing /home/airflow/.local/lib/python3.11/site-packages/airflow/example_dags/example_local_kubernetes_executor.py took 0.135 seconds
[2024-07-22T22:50:20.510+0000] {processor.py:161} INFO - Started process (PID=12247) to work on /home/airflow/.local/lib/python3.11/site-packages/airflow/example_dags/example_local_kubernetes_executor.py
[2024-07-22T22:50:20.511+0000] {processor.py:830} INFO - Processing file /home/airflow/.local/lib/python3.11/site-packages/airflow/example_dags/example_local_kubernetes_executor.py for tasks to queue
[2024-07-22T22:50:20.512+0000] {logging_mixin.py:188} INFO - [2024-07-22T22:50:20.512+0000] {dagbag.py:545} INFO - Filling up the DagBag from /home/airflow/.local/lib/python3.11/site-packages/airflow/example_dags/example_local_kubernetes_executor.py
[2024-07-22T22:50:20.529+0000] {processor.py:840} INFO - DAG(s) 'example_local_kubernetes_executor' retrieved from /home/airflow/.local/lib/python3.11/site-packages/airflow/example_dags/example_local_kubernetes_executor.py
[2024-07-22T22:50:20.601+0000] {logging_mixin.py:188} INFO - [2024-07-22T22:50:20.601+0000] {dag.py:3096} INFO - Sync 1 DAGs
[2024-07-22T22:50:20.622+0000] {logging_mixin.py:188} INFO - [2024-07-22T22:50:20.621+0000] {dag.py:3954} INFO - Setting next_dagrun for example_local_kubernetes_executor to None, run_after=None
[2024-07-22T22:50:20.653+0000] {processor.py:183} INFO - Processing /home/airflow/.local/lib/python3.11/site-packages/airflow/example_dags/example_local_kubernetes_executor.py took 0.157 seconds
