[2024-07-22T22:37:47.514+0000] {processor.py:161} INFO - Started process (PID=10723) to work on /home/airflow/.local/lib/python3.11/site-packages/airflow/example_dags/tutorial.py
[2024-07-22T22:37:47.515+0000] {processor.py:830} INFO - Processing file /home/airflow/.local/lib/python3.11/site-packages/airflow/example_dags/tutorial.py for tasks to queue
[2024-07-22T22:37:47.518+0000] {logging_mixin.py:188} INFO - [2024-07-22T22:37:47.518+0000] {dagbag.py:545} INFO - Filling up the DagBag from /home/airflow/.local/lib/python3.11/site-packages/airflow/example_dags/tutorial.py
[2024-07-22T22:37:47.531+0000] {processor.py:840} INFO - DAG(s) 'tutorial' retrieved from /home/airflow/.local/lib/python3.11/site-packages/airflow/example_dags/tutorial.py
[2024-07-22T22:37:47.568+0000] {logging_mixin.py:188} INFO - [2024-07-22T22:37:47.567+0000] {dag.py:3096} INFO - Sync 1 DAGs
[2024-07-22T22:37:47.602+0000] {logging_mixin.py:188} INFO - [2024-07-22T22:37:47.601+0000] {dag.py:3954} INFO - Setting next_dagrun for tutorial to 2024-07-21 00:00:00+00:00, run_after=2024-07-22 00:00:00+00:00
[2024-07-22T22:37:47.628+0000] {processor.py:183} INFO - Processing /home/airflow/.local/lib/python3.11/site-packages/airflow/example_dags/tutorial.py took 0.125 seconds
[2024-07-22T22:38:17.745+0000] {processor.py:161} INFO - Started process (PID=10786) to work on /home/airflow/.local/lib/python3.11/site-packages/airflow/example_dags/tutorial.py
[2024-07-22T22:38:17.746+0000] {processor.py:830} INFO - Processing file /home/airflow/.local/lib/python3.11/site-packages/airflow/example_dags/tutorial.py for tasks to queue
[2024-07-22T22:38:17.749+0000] {logging_mixin.py:188} INFO - [2024-07-22T22:38:17.749+0000] {dagbag.py:545} INFO - Filling up the DagBag from /home/airflow/.local/lib/python3.11/site-packages/airflow/example_dags/tutorial.py
[2024-07-22T22:38:17.761+0000] {processor.py:840} INFO - DAG(s) 'tutorial' retrieved from /home/airflow/.local/lib/python3.11/site-packages/airflow/example_dags/tutorial.py
[2024-07-22T22:38:17.792+0000] {logging_mixin.py:188} INFO - [2024-07-22T22:38:17.792+0000] {dag.py:3096} INFO - Sync 1 DAGs
[2024-07-22T22:38:17.823+0000] {logging_mixin.py:188} INFO - [2024-07-22T22:38:17.823+0000] {dag.py:3954} INFO - Setting next_dagrun for tutorial to 2024-07-21 00:00:00+00:00, run_after=2024-07-22 00:00:00+00:00
[2024-07-22T22:38:17.848+0000] {processor.py:183} INFO - Processing /home/airflow/.local/lib/python3.11/site-packages/airflow/example_dags/tutorial.py took 0.115 seconds
[2024-07-22T22:38:47.991+0000] {processor.py:161} INFO - Started process (PID=10850) to work on /home/airflow/.local/lib/python3.11/site-packages/airflow/example_dags/tutorial.py
[2024-07-22T22:38:47.994+0000] {processor.py:830} INFO - Processing file /home/airflow/.local/lib/python3.11/site-packages/airflow/example_dags/tutorial.py for tasks to queue
[2024-07-22T22:38:47.997+0000] {logging_mixin.py:188} INFO - [2024-07-22T22:38:47.997+0000] {dagbag.py:545} INFO - Filling up the DagBag from /home/airflow/.local/lib/python3.11/site-packages/airflow/example_dags/tutorial.py
[2024-07-22T22:38:48.011+0000] {processor.py:840} INFO - DAG(s) 'tutorial' retrieved from /home/airflow/.local/lib/python3.11/site-packages/airflow/example_dags/tutorial.py
[2024-07-22T22:38:48.045+0000] {logging_mixin.py:188} INFO - [2024-07-22T22:38:48.045+0000] {dag.py:3096} INFO - Sync 1 DAGs
[2024-07-22T22:38:48.076+0000] {logging_mixin.py:188} INFO - [2024-07-22T22:38:48.076+0000] {dag.py:3954} INFO - Setting next_dagrun for tutorial to 2024-07-21 00:00:00+00:00, run_after=2024-07-22 00:00:00+00:00
[2024-07-22T22:38:48.103+0000] {processor.py:183} INFO - Processing /home/airflow/.local/lib/python3.11/site-packages/airflow/example_dags/tutorial.py took 0.123 seconds
[2024-07-22T22:39:18.855+0000] {processor.py:161} INFO - Started process (PID=10911) to work on /home/airflow/.local/lib/python3.11/site-packages/airflow/example_dags/tutorial.py
[2024-07-22T22:39:18.856+0000] {processor.py:830} INFO - Processing file /home/airflow/.local/lib/python3.11/site-packages/airflow/example_dags/tutorial.py for tasks to queue
[2024-07-22T22:39:18.860+0000] {logging_mixin.py:188} INFO - [2024-07-22T22:39:18.859+0000] {dagbag.py:545} INFO - Filling up the DagBag from /home/airflow/.local/lib/python3.11/site-packages/airflow/example_dags/tutorial.py
[2024-07-22T22:39:18.872+0000] {processor.py:840} INFO - DAG(s) 'tutorial' retrieved from /home/airflow/.local/lib/python3.11/site-packages/airflow/example_dags/tutorial.py
[2024-07-22T22:39:18.910+0000] {logging_mixin.py:188} INFO - [2024-07-22T22:39:18.910+0000] {dag.py:3096} INFO - Sync 1 DAGs
[2024-07-22T22:39:18.949+0000] {logging_mixin.py:188} INFO - [2024-07-22T22:39:18.948+0000] {dag.py:3954} INFO - Setting next_dagrun for tutorial to 2024-07-21 00:00:00+00:00, run_after=2024-07-22 00:00:00+00:00
[2024-07-22T22:39:18.976+0000] {processor.py:183} INFO - Processing /home/airflow/.local/lib/python3.11/site-packages/airflow/example_dags/tutorial.py took 0.133 seconds
[2024-07-22T22:39:49.087+0000] {processor.py:161} INFO - Started process (PID=10974) to work on /home/airflow/.local/lib/python3.11/site-packages/airflow/example_dags/tutorial.py
[2024-07-22T22:39:49.089+0000] {processor.py:830} INFO - Processing file /home/airflow/.local/lib/python3.11/site-packages/airflow/example_dags/tutorial.py for tasks to queue
[2024-07-22T22:39:49.092+0000] {logging_mixin.py:188} INFO - [2024-07-22T22:39:49.092+0000] {dagbag.py:545} INFO - Filling up the DagBag from /home/airflow/.local/lib/python3.11/site-packages/airflow/example_dags/tutorial.py
[2024-07-22T22:39:49.105+0000] {processor.py:840} INFO - DAG(s) 'tutorial' retrieved from /home/airflow/.local/lib/python3.11/site-packages/airflow/example_dags/tutorial.py
[2024-07-22T22:39:49.143+0000] {logging_mixin.py:188} INFO - [2024-07-22T22:39:49.143+0000] {dag.py:3096} INFO - Sync 1 DAGs
[2024-07-22T22:39:49.186+0000] {logging_mixin.py:188} INFO - [2024-07-22T22:39:49.186+0000] {dag.py:3954} INFO - Setting next_dagrun for tutorial to 2024-07-21 00:00:00+00:00, run_after=2024-07-22 00:00:00+00:00
[2024-07-22T22:39:49.214+0000] {processor.py:183} INFO - Processing /home/airflow/.local/lib/python3.11/site-packages/airflow/example_dags/tutorial.py took 0.140 seconds
[2024-07-22T22:40:19.586+0000] {processor.py:161} INFO - Started process (PID=11037) to work on /home/airflow/.local/lib/python3.11/site-packages/airflow/example_dags/tutorial.py
[2024-07-22T22:40:19.589+0000] {processor.py:830} INFO - Processing file /home/airflow/.local/lib/python3.11/site-packages/airflow/example_dags/tutorial.py for tasks to queue
[2024-07-22T22:40:19.591+0000] {logging_mixin.py:188} INFO - [2024-07-22T22:40:19.591+0000] {dagbag.py:545} INFO - Filling up the DagBag from /home/airflow/.local/lib/python3.11/site-packages/airflow/example_dags/tutorial.py
[2024-07-22T22:40:19.602+0000] {processor.py:840} INFO - DAG(s) 'tutorial' retrieved from /home/airflow/.local/lib/python3.11/site-packages/airflow/example_dags/tutorial.py
[2024-07-22T22:40:19.640+0000] {logging_mixin.py:188} INFO - [2024-07-22T22:40:19.639+0000] {dag.py:3096} INFO - Sync 1 DAGs
[2024-07-22T22:40:19.680+0000] {logging_mixin.py:188} INFO - [2024-07-22T22:40:19.679+0000] {dag.py:3954} INFO - Setting next_dagrun for tutorial to 2024-07-21 00:00:00+00:00, run_after=2024-07-22 00:00:00+00:00
[2024-07-22T22:40:19.711+0000] {processor.py:183} INFO - Processing /home/airflow/.local/lib/python3.11/site-packages/airflow/example_dags/tutorial.py took 0.137 seconds
[2024-07-22T22:40:49.813+0000] {processor.py:161} INFO - Started process (PID=11100) to work on /home/airflow/.local/lib/python3.11/site-packages/airflow/example_dags/tutorial.py
[2024-07-22T22:40:49.815+0000] {processor.py:830} INFO - Processing file /home/airflow/.local/lib/python3.11/site-packages/airflow/example_dags/tutorial.py for tasks to queue
[2024-07-22T22:40:49.818+0000] {logging_mixin.py:188} INFO - [2024-07-22T22:40:49.817+0000] {dagbag.py:545} INFO - Filling up the DagBag from /home/airflow/.local/lib/python3.11/site-packages/airflow/example_dags/tutorial.py
[2024-07-22T22:40:49.830+0000] {processor.py:840} INFO - DAG(s) 'tutorial' retrieved from /home/airflow/.local/lib/python3.11/site-packages/airflow/example_dags/tutorial.py
[2024-07-22T22:40:49.866+0000] {logging_mixin.py:188} INFO - [2024-07-22T22:40:49.866+0000] {dag.py:3096} INFO - Sync 1 DAGs
[2024-07-22T22:40:49.901+0000] {logging_mixin.py:188} INFO - [2024-07-22T22:40:49.900+0000] {dag.py:3954} INFO - Setting next_dagrun for tutorial to 2024-07-21 00:00:00+00:00, run_after=2024-07-22 00:00:00+00:00
[2024-07-22T22:40:50.175+0000] {processor.py:183} INFO - Processing /home/airflow/.local/lib/python3.11/site-packages/airflow/example_dags/tutorial.py took 0.375 seconds
[2024-07-22T22:41:20.519+0000] {processor.py:161} INFO - Started process (PID=11164) to work on /home/airflow/.local/lib/python3.11/site-packages/airflow/example_dags/tutorial.py
[2024-07-22T22:41:20.521+0000] {processor.py:830} INFO - Processing file /home/airflow/.local/lib/python3.11/site-packages/airflow/example_dags/tutorial.py for tasks to queue
[2024-07-22T22:41:20.524+0000] {logging_mixin.py:188} INFO - [2024-07-22T22:41:20.523+0000] {dagbag.py:545} INFO - Filling up the DagBag from /home/airflow/.local/lib/python3.11/site-packages/airflow/example_dags/tutorial.py
[2024-07-22T22:41:20.535+0000] {processor.py:840} INFO - DAG(s) 'tutorial' retrieved from /home/airflow/.local/lib/python3.11/site-packages/airflow/example_dags/tutorial.py
[2024-07-22T22:41:20.567+0000] {logging_mixin.py:188} INFO - [2024-07-22T22:41:20.567+0000] {dag.py:3096} INFO - Sync 1 DAGs
[2024-07-22T22:41:20.601+0000] {logging_mixin.py:188} INFO - [2024-07-22T22:41:20.600+0000] {dag.py:3954} INFO - Setting next_dagrun for tutorial to 2024-07-21 00:00:00+00:00, run_after=2024-07-22 00:00:00+00:00
[2024-07-22T22:41:20.628+0000] {processor.py:183} INFO - Processing /home/airflow/.local/lib/python3.11/site-packages/airflow/example_dags/tutorial.py took 0.121 seconds
[2024-07-22T22:41:50.979+0000] {processor.py:161} INFO - Started process (PID=11227) to work on /home/airflow/.local/lib/python3.11/site-packages/airflow/example_dags/tutorial.py
[2024-07-22T22:41:50.980+0000] {processor.py:830} INFO - Processing file /home/airflow/.local/lib/python3.11/site-packages/airflow/example_dags/tutorial.py for tasks to queue
[2024-07-22T22:41:50.983+0000] {logging_mixin.py:188} INFO - [2024-07-22T22:41:50.982+0000] {dagbag.py:545} INFO - Filling up the DagBag from /home/airflow/.local/lib/python3.11/site-packages/airflow/example_dags/tutorial.py
[2024-07-22T22:41:50.994+0000] {processor.py:840} INFO - DAG(s) 'tutorial' retrieved from /home/airflow/.local/lib/python3.11/site-packages/airflow/example_dags/tutorial.py
[2024-07-22T22:41:51.025+0000] {logging_mixin.py:188} INFO - [2024-07-22T22:41:51.025+0000] {dag.py:3096} INFO - Sync 1 DAGs
[2024-07-22T22:41:51.059+0000] {logging_mixin.py:188} INFO - [2024-07-22T22:41:51.059+0000] {dag.py:3954} INFO - Setting next_dagrun for tutorial to 2024-07-21 00:00:00+00:00, run_after=2024-07-22 00:00:00+00:00
[2024-07-22T22:41:51.090+0000] {processor.py:183} INFO - Processing /home/airflow/.local/lib/python3.11/site-packages/airflow/example_dags/tutorial.py took 0.123 seconds
[2024-07-22T22:42:21.254+0000] {processor.py:161} INFO - Started process (PID=11290) to work on /home/airflow/.local/lib/python3.11/site-packages/airflow/example_dags/tutorial.py
[2024-07-22T22:42:21.256+0000] {processor.py:830} INFO - Processing file /home/airflow/.local/lib/python3.11/site-packages/airflow/example_dags/tutorial.py for tasks to queue
[2024-07-22T22:42:21.259+0000] {logging_mixin.py:188} INFO - [2024-07-22T22:42:21.258+0000] {dagbag.py:545} INFO - Filling up the DagBag from /home/airflow/.local/lib/python3.11/site-packages/airflow/example_dags/tutorial.py
[2024-07-22T22:42:21.269+0000] {processor.py:840} INFO - DAG(s) 'tutorial' retrieved from /home/airflow/.local/lib/python3.11/site-packages/airflow/example_dags/tutorial.py
[2024-07-22T22:42:21.302+0000] {logging_mixin.py:188} INFO - [2024-07-22T22:42:21.301+0000] {dag.py:3096} INFO - Sync 1 DAGs
[2024-07-22T22:42:21.336+0000] {logging_mixin.py:188} INFO - [2024-07-22T22:42:21.336+0000] {dag.py:3954} INFO - Setting next_dagrun for tutorial to 2024-07-21 00:00:00+00:00, run_after=2024-07-22 00:00:00+00:00
[2024-07-22T22:42:21.366+0000] {processor.py:183} INFO - Processing /home/airflow/.local/lib/python3.11/site-packages/airflow/example_dags/tutorial.py took 0.124 seconds
[2024-07-22T22:42:52.069+0000] {processor.py:161} INFO - Started process (PID=11350) to work on /home/airflow/.local/lib/python3.11/site-packages/airflow/example_dags/tutorial.py
[2024-07-22T22:42:52.072+0000] {processor.py:830} INFO - Processing file /home/airflow/.local/lib/python3.11/site-packages/airflow/example_dags/tutorial.py for tasks to queue
[2024-07-22T22:42:52.073+0000] {logging_mixin.py:188} INFO - [2024-07-22T22:42:52.073+0000] {dagbag.py:545} INFO - Filling up the DagBag from /home/airflow/.local/lib/python3.11/site-packages/airflow/example_dags/tutorial.py
[2024-07-22T22:42:52.087+0000] {processor.py:840} INFO - DAG(s) 'tutorial' retrieved from /home/airflow/.local/lib/python3.11/site-packages/airflow/example_dags/tutorial.py
[2024-07-22T22:42:52.121+0000] {logging_mixin.py:188} INFO - [2024-07-22T22:42:52.120+0000] {dag.py:3096} INFO - Sync 1 DAGs
[2024-07-22T22:42:52.155+0000] {logging_mixin.py:188} INFO - [2024-07-22T22:42:52.155+0000] {dag.py:3954} INFO - Setting next_dagrun for tutorial to 2024-07-21 00:00:00+00:00, run_after=2024-07-22 00:00:00+00:00
[2024-07-22T22:42:52.179+0000] {processor.py:183} INFO - Processing /home/airflow/.local/lib/python3.11/site-packages/airflow/example_dags/tutorial.py took 0.123 seconds
[2024-07-22T22:43:22.776+0000] {processor.py:161} INFO - Started process (PID=11407) to work on /home/airflow/.local/lib/python3.11/site-packages/airflow/example_dags/tutorial.py
[2024-07-22T22:43:22.778+0000] {processor.py:830} INFO - Processing file /home/airflow/.local/lib/python3.11/site-packages/airflow/example_dags/tutorial.py for tasks to queue
[2024-07-22T22:43:22.779+0000] {logging_mixin.py:188} INFO - [2024-07-22T22:43:22.778+0000] {dagbag.py:545} INFO - Filling up the DagBag from /home/airflow/.local/lib/python3.11/site-packages/airflow/example_dags/tutorial.py
[2024-07-22T22:43:22.792+0000] {processor.py:840} INFO - DAG(s) 'tutorial' retrieved from /home/airflow/.local/lib/python3.11/site-packages/airflow/example_dags/tutorial.py
[2024-07-22T22:43:22.824+0000] {logging_mixin.py:188} INFO - [2024-07-22T22:43:22.823+0000] {dag.py:3096} INFO - Sync 1 DAGs
[2024-07-22T22:43:23.082+0000] {logging_mixin.py:188} INFO - [2024-07-22T22:43:23.082+0000] {dag.py:3954} INFO - Setting next_dagrun for tutorial to 2024-07-21 00:00:00+00:00, run_after=2024-07-22 00:00:00+00:00
[2024-07-22T22:43:23.106+0000] {processor.py:183} INFO - Processing /home/airflow/.local/lib/python3.11/site-packages/airflow/example_dags/tutorial.py took 0.341 seconds
[2024-07-22T22:43:53.538+0000] {processor.py:161} INFO - Started process (PID=11465) to work on /home/airflow/.local/lib/python3.11/site-packages/airflow/example_dags/tutorial.py
[2024-07-22T22:43:53.540+0000] {processor.py:830} INFO - Processing file /home/airflow/.local/lib/python3.11/site-packages/airflow/example_dags/tutorial.py for tasks to queue
[2024-07-22T22:43:53.542+0000] {logging_mixin.py:188} INFO - [2024-07-22T22:43:53.541+0000] {dagbag.py:545} INFO - Filling up the DagBag from /home/airflow/.local/lib/python3.11/site-packages/airflow/example_dags/tutorial.py
[2024-07-22T22:43:53.557+0000] {processor.py:840} INFO - DAG(s) 'tutorial' retrieved from /home/airflow/.local/lib/python3.11/site-packages/airflow/example_dags/tutorial.py
[2024-07-22T22:43:53.601+0000] {logging_mixin.py:188} INFO - [2024-07-22T22:43:53.601+0000] {dag.py:3096} INFO - Sync 1 DAGs
[2024-07-22T22:43:53.942+0000] {logging_mixin.py:188} INFO - [2024-07-22T22:43:53.942+0000] {dag.py:3954} INFO - Setting next_dagrun for tutorial to 2024-07-21 00:00:00+00:00, run_after=2024-07-22 00:00:00+00:00
[2024-07-22T22:43:53.973+0000] {processor.py:183} INFO - Processing /home/airflow/.local/lib/python3.11/site-packages/airflow/example_dags/tutorial.py took 0.450 seconds
