[2024-07-22T22:37:44.344+0000] {processor.py:161} INFO - Started process (PID=10718) to work on /opt/airflow/dags/fire_data_dag.py
[2024-07-22T22:37:44.345+0000] {processor.py:830} INFO - Processing file /opt/airflow/dags/fire_data_dag.py for tasks to queue
[2024-07-22T22:37:44.349+0000] {logging_mixin.py:188} INFO - [2024-07-22T22:37:44.348+0000] {dagbag.py:545} INFO - Filling up the DagBag from /opt/airflow/dags/fire_data_dag.py
[2024-07-22T22:37:45.222+0000] {processor.py:840} INFO - DAG(s) 'fire_data_dag' retrieved from /opt/airflow/dags/fire_data_dag.py
[2024-07-22T22:37:45.259+0000] {logging_mixin.py:188} INFO - [2024-07-22T22:37:45.259+0000] {dag.py:3096} INFO - Sync 1 DAGs
[2024-07-22T22:37:45.289+0000] {logging_mixin.py:188} INFO - [2024-07-22T22:37:45.288+0000] {dag.py:3954} INFO - Setting next_dagrun for fire_data_dag to 2024-07-22 07:00:00+00:00, run_after=2024-07-23 07:00:00+00:00
[2024-07-22T22:37:45.313+0000] {processor.py:183} INFO - Processing /opt/airflow/dags/fire_data_dag.py took 0.983 seconds
[2024-07-22T22:38:15.567+0000] {processor.py:161} INFO - Started process (PID=10781) to work on /opt/airflow/dags/fire_data_dag.py
[2024-07-22T22:38:15.569+0000] {processor.py:830} INFO - Processing file /opt/airflow/dags/fire_data_dag.py for tasks to queue
[2024-07-22T22:38:15.572+0000] {logging_mixin.py:188} INFO - [2024-07-22T22:38:15.571+0000] {dagbag.py:545} INFO - Filling up the DagBag from /opt/airflow/dags/fire_data_dag.py
[2024-07-22T22:38:16.454+0000] {processor.py:840} INFO - DAG(s) 'fire_data_dag' retrieved from /opt/airflow/dags/fire_data_dag.py
[2024-07-22T22:38:16.494+0000] {logging_mixin.py:188} INFO - [2024-07-22T22:38:16.494+0000] {dag.py:3096} INFO - Sync 1 DAGs
[2024-07-22T22:38:16.523+0000] {logging_mixin.py:188} INFO - [2024-07-22T22:38:16.523+0000] {dag.py:3954} INFO - Setting next_dagrun for fire_data_dag to 2024-07-22 07:00:00+00:00, run_after=2024-07-23 07:00:00+00:00
[2024-07-22T22:38:16.546+0000] {processor.py:183} INFO - Processing /opt/airflow/dags/fire_data_dag.py took 0.990 seconds
[2024-07-22T22:38:46.956+0000] {processor.py:161} INFO - Started process (PID=10847) to work on /opt/airflow/dags/fire_data_dag.py
[2024-07-22T22:38:46.957+0000] {processor.py:830} INFO - Processing file /opt/airflow/dags/fire_data_dag.py for tasks to queue
[2024-07-22T22:38:46.960+0000] {logging_mixin.py:188} INFO - [2024-07-22T22:38:46.960+0000] {dagbag.py:545} INFO - Filling up the DagBag from /opt/airflow/dags/fire_data_dag.py
[2024-07-22T22:38:47.832+0000] {processor.py:840} INFO - DAG(s) 'fire_data_dag' retrieved from /opt/airflow/dags/fire_data_dag.py
[2024-07-22T22:38:47.872+0000] {logging_mixin.py:188} INFO - [2024-07-22T22:38:47.872+0000] {dag.py:3096} INFO - Sync 1 DAGs
[2024-07-22T22:38:47.901+0000] {logging_mixin.py:188} INFO - [2024-07-22T22:38:47.901+0000] {dag.py:3954} INFO - Setting next_dagrun for fire_data_dag to 2024-07-22 07:00:00+00:00, run_after=2024-07-23 07:00:00+00:00
[2024-07-22T22:38:47.924+0000] {processor.py:183} INFO - Processing /opt/airflow/dags/fire_data_dag.py took 0.978 seconds
[2024-07-22T22:39:19.100+0000] {processor.py:161} INFO - Started process (PID=10914) to work on /opt/airflow/dags/fire_data_dag.py
[2024-07-22T22:39:19.102+0000] {processor.py:830} INFO - Processing file /opt/airflow/dags/fire_data_dag.py for tasks to queue
[2024-07-22T22:39:19.106+0000] {logging_mixin.py:188} INFO - [2024-07-22T22:39:19.105+0000] {dagbag.py:545} INFO - Filling up the DagBag from /opt/airflow/dags/fire_data_dag.py
[2024-07-22T22:39:19.977+0000] {processor.py:840} INFO - DAG(s) 'fire_data_dag' retrieved from /opt/airflow/dags/fire_data_dag.py
[2024-07-22T22:39:20.013+0000] {logging_mixin.py:188} INFO - [2024-07-22T22:39:20.012+0000] {dag.py:3096} INFO - Sync 1 DAGs
[2024-07-22T22:39:20.043+0000] {logging_mixin.py:188} INFO - [2024-07-22T22:39:20.043+0000] {dag.py:3954} INFO - Setting next_dagrun for fire_data_dag to 2024-07-22 07:00:00+00:00, run_after=2024-07-23 07:00:00+00:00
[2024-07-22T22:39:20.064+0000] {processor.py:183} INFO - Processing /opt/airflow/dags/fire_data_dag.py took 0.975 seconds
[2024-07-22T22:39:50.490+0000] {processor.py:161} INFO - Started process (PID=10979) to work on /opt/airflow/dags/fire_data_dag.py
[2024-07-22T22:39:50.492+0000] {processor.py:830} INFO - Processing file /opt/airflow/dags/fire_data_dag.py for tasks to queue
[2024-07-22T22:39:50.496+0000] {logging_mixin.py:188} INFO - [2024-07-22T22:39:50.495+0000] {dagbag.py:545} INFO - Filling up the DagBag from /opt/airflow/dags/fire_data_dag.py
[2024-07-22T22:39:51.667+0000] {processor.py:840} INFO - DAG(s) 'fire_data_dag' retrieved from /opt/airflow/dags/fire_data_dag.py
[2024-07-22T22:39:51.703+0000] {logging_mixin.py:188} INFO - [2024-07-22T22:39:51.702+0000] {dag.py:3096} INFO - Sync 1 DAGs
[2024-07-22T22:39:51.732+0000] {logging_mixin.py:188} INFO - [2024-07-22T22:39:51.732+0000] {dag.py:3954} INFO - Setting next_dagrun for fire_data_dag to 2024-07-22 07:00:00+00:00, run_after=2024-07-23 07:00:00+00:00
[2024-07-22T22:39:51.753+0000] {processor.py:183} INFO - Processing /opt/airflow/dags/fire_data_dag.py took 1.277 seconds
[2024-07-22T22:40:22.174+0000] {processor.py:161} INFO - Started process (PID=11046) to work on /opt/airflow/dags/fire_data_dag.py
[2024-07-22T22:40:22.176+0000] {processor.py:830} INFO - Processing file /opt/airflow/dags/fire_data_dag.py for tasks to queue
[2024-07-22T22:40:22.179+0000] {logging_mixin.py:188} INFO - [2024-07-22T22:40:22.179+0000] {dagbag.py:545} INFO - Filling up the DagBag from /opt/airflow/dags/fire_data_dag.py
[2024-07-22T22:40:23.078+0000] {processor.py:840} INFO - DAG(s) 'fire_data_dag' retrieved from /opt/airflow/dags/fire_data_dag.py
[2024-07-22T22:40:23.113+0000] {logging_mixin.py:188} INFO - [2024-07-22T22:40:23.113+0000] {dag.py:3096} INFO - Sync 1 DAGs
[2024-07-22T22:40:23.143+0000] {logging_mixin.py:188} INFO - [2024-07-22T22:40:23.143+0000] {dag.py:3954} INFO - Setting next_dagrun for fire_data_dag to 2024-07-22 07:00:00+00:00, run_after=2024-07-23 07:00:00+00:00
[2024-07-22T22:40:23.167+0000] {processor.py:183} INFO - Processing /opt/airflow/dags/fire_data_dag.py took 1.004 seconds
[2024-07-22T22:40:53.651+0000] {processor.py:161} INFO - Started process (PID=11111) to work on /opt/airflow/dags/fire_data_dag.py
[2024-07-22T22:40:53.652+0000] {processor.py:830} INFO - Processing file /opt/airflow/dags/fire_data_dag.py for tasks to queue
[2024-07-22T22:40:53.655+0000] {logging_mixin.py:188} INFO - [2024-07-22T22:40:53.655+0000] {dagbag.py:545} INFO - Filling up the DagBag from /opt/airflow/dags/fire_data_dag.py
[2024-07-22T22:40:54.553+0000] {processor.py:840} INFO - DAG(s) 'fire_data_dag' retrieved from /opt/airflow/dags/fire_data_dag.py
[2024-07-22T22:40:54.588+0000] {logging_mixin.py:188} INFO - [2024-07-22T22:40:54.588+0000] {dag.py:3096} INFO - Sync 1 DAGs
[2024-07-22T22:40:54.619+0000] {logging_mixin.py:188} INFO - [2024-07-22T22:40:54.619+0000] {dag.py:3954} INFO - Setting next_dagrun for fire_data_dag to 2024-07-22 07:00:00+00:00, run_after=2024-07-23 07:00:00+00:00
[2024-07-22T22:40:54.643+0000] {processor.py:183} INFO - Processing /opt/airflow/dags/fire_data_dag.py took 1.002 seconds
[2024-07-22T22:41:24.888+0000] {processor.py:161} INFO - Started process (PID=11177) to work on /opt/airflow/dags/fire_data_dag.py
[2024-07-22T22:41:24.890+0000] {processor.py:830} INFO - Processing file /opt/airflow/dags/fire_data_dag.py for tasks to queue
[2024-07-22T22:41:24.893+0000] {logging_mixin.py:188} INFO - [2024-07-22T22:41:24.892+0000] {dagbag.py:545} INFO - Filling up the DagBag from /opt/airflow/dags/fire_data_dag.py
[2024-07-22T22:41:25.756+0000] {processor.py:840} INFO - DAG(s) 'fire_data_dag' retrieved from /opt/airflow/dags/fire_data_dag.py
[2024-07-22T22:41:25.794+0000] {logging_mixin.py:188} INFO - [2024-07-22T22:41:25.794+0000] {dag.py:3096} INFO - Sync 1 DAGs
[2024-07-22T22:41:25.824+0000] {logging_mixin.py:188} INFO - [2024-07-22T22:41:25.824+0000] {dag.py:3954} INFO - Setting next_dagrun for fire_data_dag to 2024-07-22 07:00:00+00:00, run_after=2024-07-23 07:00:00+00:00
[2024-07-22T22:41:25.848+0000] {processor.py:183} INFO - Processing /opt/airflow/dags/fire_data_dag.py took 0.972 seconds
[2024-07-22T22:41:56.122+0000] {processor.py:161} INFO - Started process (PID=11240) to work on /opt/airflow/dags/fire_data_dag.py
[2024-07-22T22:41:56.124+0000] {processor.py:830} INFO - Processing file /opt/airflow/dags/fire_data_dag.py for tasks to queue
[2024-07-22T22:41:56.126+0000] {logging_mixin.py:188} INFO - [2024-07-22T22:41:56.126+0000] {dagbag.py:545} INFO - Filling up the DagBag from /opt/airflow/dags/fire_data_dag.py
[2024-07-22T22:41:57.009+0000] {processor.py:840} INFO - DAG(s) 'fire_data_dag' retrieved from /opt/airflow/dags/fire_data_dag.py
[2024-07-22T22:41:57.044+0000] {logging_mixin.py:188} INFO - [2024-07-22T22:41:57.043+0000] {dag.py:3096} INFO - Sync 1 DAGs
[2024-07-22T22:41:57.071+0000] {logging_mixin.py:188} INFO - [2024-07-22T22:41:57.071+0000] {dag.py:3954} INFO - Setting next_dagrun for fire_data_dag to 2024-07-22 07:00:00+00:00, run_after=2024-07-23 07:00:00+00:00
[2024-07-22T22:41:57.093+0000] {processor.py:183} INFO - Processing /opt/airflow/dags/fire_data_dag.py took 0.983 seconds
[2024-07-22T22:42:27.182+0000] {processor.py:161} INFO - Started process (PID=11303) to work on /opt/airflow/dags/fire_data_dag.py
[2024-07-22T22:42:27.183+0000] {processor.py:830} INFO - Processing file /opt/airflow/dags/fire_data_dag.py for tasks to queue
[2024-07-22T22:42:27.186+0000] {logging_mixin.py:188} INFO - [2024-07-22T22:42:27.185+0000] {dagbag.py:545} INFO - Filling up the DagBag from /opt/airflow/dags/fire_data_dag.py
[2024-07-22T22:42:28.064+0000] {processor.py:840} INFO - DAG(s) 'fire_data_dag' retrieved from /opt/airflow/dags/fire_data_dag.py
[2024-07-22T22:42:28.098+0000] {logging_mixin.py:188} INFO - [2024-07-22T22:42:28.098+0000] {dag.py:3096} INFO - Sync 1 DAGs
[2024-07-22T22:42:28.125+0000] {logging_mixin.py:188} INFO - [2024-07-22T22:42:28.125+0000] {dag.py:3954} INFO - Setting next_dagrun for fire_data_dag to 2024-07-22 07:00:00+00:00, run_after=2024-07-23 07:00:00+00:00
[2024-07-22T22:42:28.145+0000] {processor.py:183} INFO - Processing /opt/airflow/dags/fire_data_dag.py took 0.974 seconds
