[2024-07-22T22:37:56.960+0000] {processor.py:161} INFO - Started process (PID=10742) to work on /opt/airflow/dags/rec_data_dag.py
[2024-07-22T22:37:56.961+0000] {processor.py:830} INFO - Processing file /opt/airflow/dags/rec_data_dag.py for tasks to queue
[2024-07-22T22:37:56.964+0000] {logging_mixin.py:188} INFO - [2024-07-22T22:37:56.964+0000] {dagbag.py:545} INFO - Filling up the DagBag from /opt/airflow/dags/rec_data_dag.py
[2024-07-22T22:37:57.918+0000] {processor.py:840} INFO - DAG(s) 'rec_data_dag' retrieved from /opt/airflow/dags/rec_data_dag.py
[2024-07-22T22:37:57.951+0000] {logging_mixin.py:188} INFO - [2024-07-22T22:37:57.951+0000] {dag.py:3096} INFO - Sync 1 DAGs
[2024-07-22T22:37:57.975+0000] {logging_mixin.py:188} INFO - [2024-07-22T22:37:57.975+0000] {dag.py:3954} INFO - Setting next_dagrun for rec_data_dag to None, run_after=None
[2024-07-22T22:37:57.998+0000] {processor.py:183} INFO - Processing /opt/airflow/dags/rec_data_dag.py took 1.049 seconds
[2024-07-22T22:38:28.740+0000] {processor.py:161} INFO - Started process (PID=10809) to work on /opt/airflow/dags/rec_data_dag.py
[2024-07-22T22:38:28.741+0000] {processor.py:830} INFO - Processing file /opt/airflow/dags/rec_data_dag.py for tasks to queue
[2024-07-22T22:38:28.744+0000] {logging_mixin.py:188} INFO - [2024-07-22T22:38:28.743+0000] {dagbag.py:545} INFO - Filling up the DagBag from /opt/airflow/dags/rec_data_dag.py
[2024-07-22T22:38:29.597+0000] {processor.py:840} INFO - DAG(s) 'rec_data_dag' retrieved from /opt/airflow/dags/rec_data_dag.py
[2024-07-22T22:38:29.630+0000] {logging_mixin.py:188} INFO - [2024-07-22T22:38:29.630+0000] {dag.py:3096} INFO - Sync 1 DAGs
[2024-07-22T22:38:29.655+0000] {logging_mixin.py:188} INFO - [2024-07-22T22:38:29.655+0000] {dag.py:3954} INFO - Setting next_dagrun for rec_data_dag to None, run_after=None
[2024-07-22T22:38:29.676+0000] {processor.py:183} INFO - Processing /opt/airflow/dags/rec_data_dag.py took 0.946 seconds
[2024-07-22T22:38:59.948+0000] {processor.py:161} INFO - Started process (PID=10873) to work on /opt/airflow/dags/rec_data_dag.py
[2024-07-22T22:38:59.950+0000] {processor.py:830} INFO - Processing file /opt/airflow/dags/rec_data_dag.py for tasks to queue
[2024-07-22T22:38:59.952+0000] {logging_mixin.py:188} INFO - [2024-07-22T22:38:59.952+0000] {dagbag.py:545} INFO - Filling up the DagBag from /opt/airflow/dags/rec_data_dag.py
[2024-07-22T22:39:00.860+0000] {processor.py:840} INFO - DAG(s) 'rec_data_dag' retrieved from /opt/airflow/dags/rec_data_dag.py
[2024-07-22T22:39:00.900+0000] {logging_mixin.py:188} INFO - [2024-07-22T22:39:00.899+0000] {dag.py:3096} INFO - Sync 1 DAGs
[2024-07-22T22:39:00.928+0000] {logging_mixin.py:188} INFO - [2024-07-22T22:39:00.927+0000] {dag.py:3954} INFO - Setting next_dagrun for rec_data_dag to None, run_after=None
[2024-07-22T22:39:00.949+0000] {processor.py:183} INFO - Processing /opt/airflow/dags/rec_data_dag.py took 1.012 seconds
[2024-07-22T22:39:31.719+0000] {processor.py:161} INFO - Started process (PID=10938) to work on /opt/airflow/dags/rec_data_dag.py
[2024-07-22T22:39:31.720+0000] {processor.py:830} INFO - Processing file /opt/airflow/dags/rec_data_dag.py for tasks to queue
[2024-07-22T22:39:31.723+0000] {logging_mixin.py:188} INFO - [2024-07-22T22:39:31.722+0000] {dagbag.py:545} INFO - Filling up the DagBag from /opt/airflow/dags/rec_data_dag.py
[2024-07-22T22:39:32.722+0000] {processor.py:840} INFO - DAG(s) 'rec_data_dag' retrieved from /opt/airflow/dags/rec_data_dag.py
[2024-07-22T22:39:32.766+0000] {logging_mixin.py:188} INFO - [2024-07-22T22:39:32.765+0000] {dag.py:3096} INFO - Sync 1 DAGs
[2024-07-22T22:39:32.797+0000] {logging_mixin.py:188} INFO - [2024-07-22T22:39:32.797+0000] {dag.py:3954} INFO - Setting next_dagrun for rec_data_dag to None, run_after=None
[2024-07-22T22:39:32.819+0000] {processor.py:183} INFO - Processing /opt/airflow/dags/rec_data_dag.py took 1.110 seconds
[2024-07-22T22:40:03.401+0000] {processor.py:161} INFO - Started process (PID=11005) to work on /opt/airflow/dags/rec_data_dag.py
[2024-07-22T22:40:03.404+0000] {processor.py:830} INFO - Processing file /opt/airflow/dags/rec_data_dag.py for tasks to queue
[2024-07-22T22:40:03.407+0000] {logging_mixin.py:188} INFO - [2024-07-22T22:40:03.407+0000] {dagbag.py:545} INFO - Filling up the DagBag from /opt/airflow/dags/rec_data_dag.py
[2024-07-22T22:40:04.335+0000] {processor.py:840} INFO - DAG(s) 'rec_data_dag' retrieved from /opt/airflow/dags/rec_data_dag.py
[2024-07-22T22:40:04.370+0000] {logging_mixin.py:188} INFO - [2024-07-22T22:40:04.370+0000] {dag.py:3096} INFO - Sync 1 DAGs
[2024-07-22T22:40:04.396+0000] {logging_mixin.py:188} INFO - [2024-07-22T22:40:04.395+0000] {dag.py:3954} INFO - Setting next_dagrun for rec_data_dag to None, run_after=None
[2024-07-22T22:40:04.418+0000] {processor.py:183} INFO - Processing /opt/airflow/dags/rec_data_dag.py took 1.030 seconds
[2024-07-22T22:40:34.539+0000] {processor.py:161} INFO - Started process (PID=11074) to work on /opt/airflow/dags/rec_data_dag.py
[2024-07-22T22:40:34.541+0000] {processor.py:830} INFO - Processing file /opt/airflow/dags/rec_data_dag.py for tasks to queue
[2024-07-22T22:40:34.544+0000] {logging_mixin.py:188} INFO - [2024-07-22T22:40:34.544+0000] {dagbag.py:545} INFO - Filling up the DagBag from /opt/airflow/dags/rec_data_dag.py
[2024-07-22T22:40:35.418+0000] {processor.py:840} INFO - DAG(s) 'rec_data_dag' retrieved from /opt/airflow/dags/rec_data_dag.py
[2024-07-22T22:40:35.458+0000] {logging_mixin.py:188} INFO - [2024-07-22T22:40:35.457+0000] {dag.py:3096} INFO - Sync 1 DAGs
[2024-07-22T22:40:35.488+0000] {logging_mixin.py:188} INFO - [2024-07-22T22:40:35.487+0000] {dag.py:3954} INFO - Setting next_dagrun for rec_data_dag to None, run_after=None
[2024-07-22T22:40:35.514+0000] {processor.py:183} INFO - Processing /opt/airflow/dags/rec_data_dag.py took 0.986 seconds
[2024-07-22T22:41:05.980+0000] {processor.py:161} INFO - Started process (PID=11137) to work on /opt/airflow/dags/rec_data_dag.py
[2024-07-22T22:41:05.982+0000] {processor.py:830} INFO - Processing file /opt/airflow/dags/rec_data_dag.py for tasks to queue
[2024-07-22T22:41:05.985+0000] {logging_mixin.py:188} INFO - [2024-07-22T22:41:05.984+0000] {dagbag.py:545} INFO - Filling up the DagBag from /opt/airflow/dags/rec_data_dag.py
[2024-07-22T22:41:06.873+0000] {processor.py:840} INFO - DAG(s) 'rec_data_dag' retrieved from /opt/airflow/dags/rec_data_dag.py
[2024-07-22T22:41:06.908+0000] {logging_mixin.py:188} INFO - [2024-07-22T22:41:06.907+0000] {dag.py:3096} INFO - Sync 1 DAGs
[2024-07-22T22:41:06.934+0000] {logging_mixin.py:188} INFO - [2024-07-22T22:41:06.934+0000] {dag.py:3954} INFO - Setting next_dagrun for rec_data_dag to None, run_after=None
[2024-07-22T22:41:06.969+0000] {processor.py:183} INFO - Processing /opt/airflow/dags/rec_data_dag.py took 0.999 seconds
[2024-07-22T22:41:37.910+0000] {processor.py:161} INFO - Started process (PID=11202) to work on /opt/airflow/dags/rec_data_dag.py
[2024-07-22T22:41:37.912+0000] {processor.py:830} INFO - Processing file /opt/airflow/dags/rec_data_dag.py for tasks to queue
[2024-07-22T22:41:37.915+0000] {logging_mixin.py:188} INFO - [2024-07-22T22:41:37.915+0000] {dagbag.py:545} INFO - Filling up the DagBag from /opt/airflow/dags/rec_data_dag.py
[2024-07-22T22:41:38.896+0000] {processor.py:840} INFO - DAG(s) 'rec_data_dag' retrieved from /opt/airflow/dags/rec_data_dag.py
[2024-07-22T22:41:38.939+0000] {logging_mixin.py:188} INFO - [2024-07-22T22:41:38.938+0000] {dag.py:3096} INFO - Sync 1 DAGs
[2024-07-22T22:41:38.967+0000] {logging_mixin.py:188} INFO - [2024-07-22T22:41:38.967+0000] {dag.py:3954} INFO - Setting next_dagrun for rec_data_dag to None, run_after=None
[2024-07-22T22:41:38.989+0000] {processor.py:183} INFO - Processing /opt/airflow/dags/rec_data_dag.py took 1.090 seconds
[2024-07-22T22:42:09.194+0000] {processor.py:161} INFO - Started process (PID=11271) to work on /opt/airflow/dags/rec_data_dag.py
[2024-07-22T22:42:09.195+0000] {processor.py:830} INFO - Processing file /opt/airflow/dags/rec_data_dag.py for tasks to queue
[2024-07-22T22:42:09.199+0000] {logging_mixin.py:188} INFO - [2024-07-22T22:42:09.198+0000] {dagbag.py:545} INFO - Filling up the DagBag from /opt/airflow/dags/rec_data_dag.py
[2024-07-22T22:42:10.452+0000] {processor.py:840} INFO - DAG(s) 'rec_data_dag' retrieved from /opt/airflow/dags/rec_data_dag.py
[2024-07-22T22:42:10.484+0000] {logging_mixin.py:188} INFO - [2024-07-22T22:42:10.484+0000] {dag.py:3096} INFO - Sync 1 DAGs
[2024-07-22T22:42:10.522+0000] {logging_mixin.py:188} INFO - [2024-07-22T22:42:10.522+0000] {dag.py:3954} INFO - Setting next_dagrun for rec_data_dag to None, run_after=None
[2024-07-22T22:42:10.549+0000] {processor.py:183} INFO - Processing /opt/airflow/dags/rec_data_dag.py took 1.369 seconds
