[2024-07-17T23:45:35.781+0000] {local_task_job_runner.py:120} INFO - ::group::Pre task execution logs
[2024-07-17T23:45:35.805+0000] {taskinstance.py:2076} INFO - Dependencies all met for dep_context=non-requeueable deps ti=<TaskInstance: fire_data_dag.convert_to_geojson_task_fire manual__2024-07-17T23:45:16.683579+00:00 [queued]>
[2024-07-17T23:45:35.821+0000] {taskinstance.py:2076} INFO - Dependencies all met for dep_context=requeueable deps ti=<TaskInstance: fire_data_dag.convert_to_geojson_task_fire manual__2024-07-17T23:45:16.683579+00:00 [queued]>
[2024-07-17T23:45:35.822+0000] {taskinstance.py:2306} INFO - Starting attempt 1 of 2
[2024-07-17T23:45:35.841+0000] {taskinstance.py:2330} INFO - Executing <Task(PythonOperator): convert_to_geojson_task_fire> on 2024-07-17 23:45:16.683579+00:00
[2024-07-17T23:45:35.851+0000] {standard_task_runner.py:63} INFO - Started process 1188 to run task
[2024-07-17T23:45:35.856+0000] {standard_task_runner.py:90} INFO - Running: ['***', 'tasks', 'run', 'fire_data_dag', 'convert_to_geojson_task_fire', 'manual__2024-07-17T23:45:16.683579+00:00', '--job-id', '665', '--raw', '--subdir', 'DAGS_FOLDER/fire_data_dag.py', '--cfg-path', '/tmp/tmppxo92shm']
[2024-07-17T23:45:35.858+0000] {standard_task_runner.py:91} INFO - Job 665: Subtask convert_to_geojson_task_fire
[2024-07-17T23:45:35.929+0000] {task_command.py:426} INFO - Running <TaskInstance: fire_data_dag.convert_to_geojson_task_fire manual__2024-07-17T23:45:16.683579+00:00 [running]> on host b83e2bee00d2
[2024-07-17T23:45:36.060+0000] {taskinstance.py:2648} INFO - Exporting env vars: AIRFLOW_CTX_DAG_OWNER='***' AIRFLOW_CTX_DAG_ID='fire_data_dag' AIRFLOW_CTX_TASK_ID='convert_to_geojson_task_fire' AIRFLOW_CTX_EXECUTION_DATE='2024-07-17T23:45:16.683579+00:00' AIRFLOW_CTX_TRY_NUMBER='1' AIRFLOW_CTX_DAG_RUN_ID='manual__2024-07-17T23:45:16.683579+00:00'
[2024-07-17T23:45:36.062+0000] {taskinstance.py:430} INFO - ::endgroup::
[2024-07-17T23:45:36.275+0000] {logging_mixin.py:188} INFO - Size of dataframe from shapefile is: 2244
[2024-07-17T23:45:37.076+0000] {raw.py:709} INFO - Created 187 records
[2024-07-17T23:45:37.077+0000] {logging_mixin.py:188} INFO - Downloaded wildfire_polygons.geojson to /opt/***/tmp successfully
[2024-07-17T23:45:37.078+0000] {python.py:237} INFO - Done. Returned value was: None
[2024-07-17T23:45:37.078+0000] {taskinstance.py:441} INFO - ::group::Post task execution logs
[2024-07-17T23:45:37.095+0000] {taskinstance.py:1206} INFO - Marking task as SUCCESS. dag_id=fire_data_dag, task_id=convert_to_geojson_task_fire, run_id=manual__2024-07-17T23:45:16.683579+00:00, execution_date=20240717T234516, start_date=20240717T234535, end_date=20240717T234537
[2024-07-17T23:45:37.153+0000] {local_task_job_runner.py:240} INFO - Task exited with return code 0
[2024-07-17T23:45:37.192+0000] {taskinstance.py:3503} INFO - 1 downstream tasks scheduled from follow-on schedule check
[2024-07-17T23:45:37.195+0000] {local_task_job_runner.py:222} INFO - ::endgroup::
