[2024-07-09T23:39:42.573+0000] {processor.py:161} INFO - Started process (PID=19514) to work on /opt/airflow/dags/spark-bigquery-latest_2.12.jar
[2024-07-09T23:39:42.574+0000] {processor.py:830} INFO - Processing file /opt/airflow/dags/spark-bigquery-latest_2.12.jar for tasks to queue
[2024-07-09T23:39:42.576+0000] {logging_mixin.py:188} INFO - [2024-07-09T23:39:42.575+0000] {dagbag.py:545} INFO - Filling up the DagBag from /opt/airflow/dags/spark-bigquery-latest_2.12.jar
[2024-07-09T23:39:43.296+0000] {processor.py:842} WARNING - No viable dags retrieved from /opt/airflow/dags/spark-bigquery-latest_2.12.jar
[2024-07-09T23:39:43.313+0000] {processor.py:183} INFO - Processing /opt/airflow/dags/spark-bigquery-latest_2.12.jar took 0.753 seconds
[2024-07-09T23:40:15.816+0000] {processor.py:161} INFO - Started process (PID=19578) to work on /opt/airflow/dags/spark-bigquery-latest_2.12.jar
[2024-07-09T23:40:15.819+0000] {processor.py:830} INFO - Processing file /opt/airflow/dags/spark-bigquery-latest_2.12.jar for tasks to queue
[2024-07-09T23:40:15.820+0000] {logging_mixin.py:188} INFO - [2024-07-09T23:40:15.820+0000] {dagbag.py:545} INFO - Filling up the DagBag from /opt/airflow/dags/spark-bigquery-latest_2.12.jar
[2024-07-09T23:40:16.152+0000] {processor.py:842} WARNING - No viable dags retrieved from /opt/airflow/dags/spark-bigquery-latest_2.12.jar
[2024-07-09T23:40:16.177+0000] {processor.py:183} INFO - Processing /opt/airflow/dags/spark-bigquery-latest_2.12.jar took 0.377 seconds
[2024-07-09T23:40:49.009+0000] {processor.py:161} INFO - Started process (PID=19640) to work on /opt/airflow/dags/spark-bigquery-latest_2.12.jar
[2024-07-09T23:40:49.011+0000] {processor.py:830} INFO - Processing file /opt/airflow/dags/spark-bigquery-latest_2.12.jar for tasks to queue
[2024-07-09T23:40:49.012+0000] {logging_mixin.py:188} INFO - [2024-07-09T23:40:49.012+0000] {dagbag.py:545} INFO - Filling up the DagBag from /opt/airflow/dags/spark-bigquery-latest_2.12.jar
[2024-07-09T23:40:49.358+0000] {processor.py:842} WARNING - No viable dags retrieved from /opt/airflow/dags/spark-bigquery-latest_2.12.jar
[2024-07-09T23:40:49.381+0000] {processor.py:183} INFO - Processing /opt/airflow/dags/spark-bigquery-latest_2.12.jar took 0.386 seconds
[2024-07-09T23:41:21.767+0000] {processor.py:161} INFO - Started process (PID=19703) to work on /opt/airflow/dags/spark-bigquery-latest_2.12.jar
[2024-07-09T23:41:21.770+0000] {processor.py:830} INFO - Processing file /opt/airflow/dags/spark-bigquery-latest_2.12.jar for tasks to queue
[2024-07-09T23:41:21.771+0000] {logging_mixin.py:188} INFO - [2024-07-09T23:41:21.770+0000] {dagbag.py:545} INFO - Filling up the DagBag from /opt/airflow/dags/spark-bigquery-latest_2.12.jar
[2024-07-09T23:41:22.416+0000] {processor.py:842} WARNING - No viable dags retrieved from /opt/airflow/dags/spark-bigquery-latest_2.12.jar
[2024-07-09T23:41:22.437+0000] {processor.py:183} INFO - Processing /opt/airflow/dags/spark-bigquery-latest_2.12.jar took 0.682 seconds
[2024-07-09T23:41:55.679+0000] {processor.py:161} INFO - Started process (PID=19764) to work on /opt/airflow/dags/spark-bigquery-latest_2.12.jar
[2024-07-09T23:41:55.680+0000] {processor.py:830} INFO - Processing file /opt/airflow/dags/spark-bigquery-latest_2.12.jar for tasks to queue
[2024-07-09T23:41:55.682+0000] {logging_mixin.py:188} INFO - [2024-07-09T23:41:55.681+0000] {dagbag.py:545} INFO - Filling up the DagBag from /opt/airflow/dags/spark-bigquery-latest_2.12.jar
[2024-07-09T23:41:56.002+0000] {processor.py:842} WARNING - No viable dags retrieved from /opt/airflow/dags/spark-bigquery-latest_2.12.jar
[2024-07-09T23:41:56.023+0000] {processor.py:183} INFO - Processing /opt/airflow/dags/spark-bigquery-latest_2.12.jar took 0.357 seconds
[2024-07-09T23:42:28.870+0000] {processor.py:161} INFO - Started process (PID=19826) to work on /opt/airflow/dags/spark-bigquery-latest_2.12.jar
[2024-07-09T23:42:28.873+0000] {processor.py:830} INFO - Processing file /opt/airflow/dags/spark-bigquery-latest_2.12.jar for tasks to queue
[2024-07-09T23:42:28.874+0000] {logging_mixin.py:188} INFO - [2024-07-09T23:42:28.873+0000] {dagbag.py:545} INFO - Filling up the DagBag from /opt/airflow/dags/spark-bigquery-latest_2.12.jar
[2024-07-09T23:42:29.248+0000] {processor.py:842} WARNING - No viable dags retrieved from /opt/airflow/dags/spark-bigquery-latest_2.12.jar
[2024-07-09T23:42:29.273+0000] {processor.py:183} INFO - Processing /opt/airflow/dags/spark-bigquery-latest_2.12.jar took 0.417 seconds
[2024-07-09T23:43:02.219+0000] {processor.py:161} INFO - Started process (PID=19895) to work on /opt/airflow/dags/spark-bigquery-latest_2.12.jar
[2024-07-09T23:43:02.221+0000] {processor.py:830} INFO - Processing file /opt/airflow/dags/spark-bigquery-latest_2.12.jar for tasks to queue
[2024-07-09T23:43:02.223+0000] {logging_mixin.py:188} INFO - [2024-07-09T23:43:02.222+0000] {dagbag.py:545} INFO - Filling up the DagBag from /opt/airflow/dags/spark-bigquery-latest_2.12.jar
[2024-07-09T23:43:02.558+0000] {processor.py:842} WARNING - No viable dags retrieved from /opt/airflow/dags/spark-bigquery-latest_2.12.jar
[2024-07-09T23:43:02.582+0000] {processor.py:183} INFO - Processing /opt/airflow/dags/spark-bigquery-latest_2.12.jar took 0.381 seconds
[2024-07-09T23:43:35.978+0000] {processor.py:161} INFO - Started process (PID=19957) to work on /opt/airflow/dags/spark-bigquery-latest_2.12.jar
[2024-07-09T23:43:35.980+0000] {processor.py:830} INFO - Processing file /opt/airflow/dags/spark-bigquery-latest_2.12.jar for tasks to queue
[2024-07-09T23:43:35.982+0000] {logging_mixin.py:188} INFO - [2024-07-09T23:43:35.981+0000] {dagbag.py:545} INFO - Filling up the DagBag from /opt/airflow/dags/spark-bigquery-latest_2.12.jar
[2024-07-09T23:43:36.349+0000] {processor.py:842} WARNING - No viable dags retrieved from /opt/airflow/dags/spark-bigquery-latest_2.12.jar
[2024-07-09T23:43:36.376+0000] {processor.py:183} INFO - Processing /opt/airflow/dags/spark-bigquery-latest_2.12.jar took 0.410 seconds
[2024-07-09T23:44:08.990+0000] {processor.py:161} INFO - Started process (PID=20019) to work on /opt/airflow/dags/spark-bigquery-latest_2.12.jar
[2024-07-09T23:44:08.992+0000] {processor.py:830} INFO - Processing file /opt/airflow/dags/spark-bigquery-latest_2.12.jar for tasks to queue
[2024-07-09T23:44:08.993+0000] {logging_mixin.py:188} INFO - [2024-07-09T23:44:08.993+0000] {dagbag.py:545} INFO - Filling up the DagBag from /opt/airflow/dags/spark-bigquery-latest_2.12.jar
[2024-07-09T23:44:09.730+0000] {processor.py:842} WARNING - No viable dags retrieved from /opt/airflow/dags/spark-bigquery-latest_2.12.jar
[2024-07-09T23:44:09.748+0000] {processor.py:183} INFO - Processing /opt/airflow/dags/spark-bigquery-latest_2.12.jar took 0.774 seconds
[2024-07-09T23:44:43.181+0000] {processor.py:161} INFO - Started process (PID=20082) to work on /opt/airflow/dags/spark-bigquery-latest_2.12.jar
[2024-07-09T23:44:43.184+0000] {processor.py:830} INFO - Processing file /opt/airflow/dags/spark-bigquery-latest_2.12.jar for tasks to queue
[2024-07-09T23:44:43.187+0000] {logging_mixin.py:188} INFO - [2024-07-09T23:44:43.186+0000] {dagbag.py:545} INFO - Filling up the DagBag from /opt/airflow/dags/spark-bigquery-latest_2.12.jar
[2024-07-09T23:44:43.581+0000] {processor.py:842} WARNING - No viable dags retrieved from /opt/airflow/dags/spark-bigquery-latest_2.12.jar
[2024-07-09T23:44:43.617+0000] {processor.py:183} INFO - Processing /opt/airflow/dags/spark-bigquery-latest_2.12.jar took 0.453 seconds
[2024-07-09T23:45:16.410+0000] {processor.py:161} INFO - Started process (PID=20144) to work on /opt/airflow/dags/spark-bigquery-latest_2.12.jar
[2024-07-09T23:45:16.413+0000] {processor.py:830} INFO - Processing file /opt/airflow/dags/spark-bigquery-latest_2.12.jar for tasks to queue
[2024-07-09T23:45:16.416+0000] {logging_mixin.py:188} INFO - [2024-07-09T23:45:16.415+0000] {dagbag.py:545} INFO - Filling up the DagBag from /opt/airflow/dags/spark-bigquery-latest_2.12.jar
[2024-07-09T23:45:17.126+0000] {processor.py:842} WARNING - No viable dags retrieved from /opt/airflow/dags/spark-bigquery-latest_2.12.jar
[2024-07-09T23:45:17.147+0000] {processor.py:183} INFO - Processing /opt/airflow/dags/spark-bigquery-latest_2.12.jar took 0.756 seconds
[2024-07-09T23:45:49.645+0000] {processor.py:161} INFO - Started process (PID=20206) to work on /opt/airflow/dags/spark-bigquery-latest_2.12.jar
[2024-07-09T23:45:49.648+0000] {processor.py:830} INFO - Processing file /opt/airflow/dags/spark-bigquery-latest_2.12.jar for tasks to queue
[2024-07-09T23:45:49.650+0000] {logging_mixin.py:188} INFO - [2024-07-09T23:45:49.649+0000] {dagbag.py:545} INFO - Filling up the DagBag from /opt/airflow/dags/spark-bigquery-latest_2.12.jar
[2024-07-09T23:45:50.127+0000] {processor.py:842} WARNING - No viable dags retrieved from /opt/airflow/dags/spark-bigquery-latest_2.12.jar
[2024-07-09T23:45:50.155+0000] {processor.py:183} INFO - Processing /opt/airflow/dags/spark-bigquery-latest_2.12.jar took 0.527 seconds
[2024-07-09T23:46:22.774+0000] {processor.py:161} INFO - Started process (PID=20268) to work on /opt/airflow/dags/spark-bigquery-latest_2.12.jar
[2024-07-09T23:46:22.777+0000] {processor.py:830} INFO - Processing file /opt/airflow/dags/spark-bigquery-latest_2.12.jar for tasks to queue
[2024-07-09T23:46:22.779+0000] {logging_mixin.py:188} INFO - [2024-07-09T23:46:22.778+0000] {dagbag.py:545} INFO - Filling up the DagBag from /opt/airflow/dags/spark-bigquery-latest_2.12.jar
[2024-07-09T23:46:23.191+0000] {processor.py:842} WARNING - No viable dags retrieved from /opt/airflow/dags/spark-bigquery-latest_2.12.jar
[2024-07-09T23:46:23.218+0000] {processor.py:183} INFO - Processing /opt/airflow/dags/spark-bigquery-latest_2.12.jar took 0.456 seconds
[2024-07-09T23:46:55.881+0000] {processor.py:161} INFO - Started process (PID=20330) to work on /opt/airflow/dags/spark-bigquery-latest_2.12.jar
[2024-07-09T23:46:55.886+0000] {processor.py:830} INFO - Processing file /opt/airflow/dags/spark-bigquery-latest_2.12.jar for tasks to queue
[2024-07-09T23:46:55.888+0000] {logging_mixin.py:188} INFO - [2024-07-09T23:46:55.887+0000] {dagbag.py:545} INFO - Filling up the DagBag from /opt/airflow/dags/spark-bigquery-latest_2.12.jar
[2024-07-09T23:46:56.228+0000] {processor.py:842} WARNING - No viable dags retrieved from /opt/airflow/dags/spark-bigquery-latest_2.12.jar
[2024-07-09T23:46:56.254+0000] {processor.py:183} INFO - Processing /opt/airflow/dags/spark-bigquery-latest_2.12.jar took 0.385 seconds
[2024-07-09T23:47:28.933+0000] {processor.py:161} INFO - Started process (PID=20392) to work on /opt/airflow/dags/spark-bigquery-latest_2.12.jar
[2024-07-09T23:47:28.936+0000] {processor.py:830} INFO - Processing file /opt/airflow/dags/spark-bigquery-latest_2.12.jar for tasks to queue
[2024-07-09T23:47:28.938+0000] {logging_mixin.py:188} INFO - [2024-07-09T23:47:28.937+0000] {dagbag.py:545} INFO - Filling up the DagBag from /opt/airflow/dags/spark-bigquery-latest_2.12.jar
[2024-07-09T23:47:29.257+0000] {processor.py:842} WARNING - No viable dags retrieved from /opt/airflow/dags/spark-bigquery-latest_2.12.jar
[2024-07-09T23:47:29.282+0000] {processor.py:183} INFO - Processing /opt/airflow/dags/spark-bigquery-latest_2.12.jar took 0.361 seconds
[2024-07-09T23:48:02.124+0000] {processor.py:161} INFO - Started process (PID=20459) to work on /opt/airflow/dags/spark-bigquery-latest_2.12.jar
[2024-07-09T23:48:02.127+0000] {processor.py:830} INFO - Processing file /opt/airflow/dags/spark-bigquery-latest_2.12.jar for tasks to queue
[2024-07-09T23:48:02.128+0000] {logging_mixin.py:188} INFO - [2024-07-09T23:48:02.128+0000] {dagbag.py:545} INFO - Filling up the DagBag from /opt/airflow/dags/spark-bigquery-latest_2.12.jar
[2024-07-09T23:48:02.774+0000] {processor.py:842} WARNING - No viable dags retrieved from /opt/airflow/dags/spark-bigquery-latest_2.12.jar
[2024-07-09T23:48:02.794+0000] {processor.py:183} INFO - Processing /opt/airflow/dags/spark-bigquery-latest_2.12.jar took 0.686 seconds
[2024-07-09T23:48:35.466+0000] {processor.py:161} INFO - Started process (PID=20521) to work on /opt/airflow/dags/spark-bigquery-latest_2.12.jar
[2024-07-09T23:48:35.469+0000] {processor.py:830} INFO - Processing file /opt/airflow/dags/spark-bigquery-latest_2.12.jar for tasks to queue
[2024-07-09T23:48:35.470+0000] {logging_mixin.py:188} INFO - [2024-07-09T23:48:35.470+0000] {dagbag.py:545} INFO - Filling up the DagBag from /opt/airflow/dags/spark-bigquery-latest_2.12.jar
[2024-07-09T23:48:35.792+0000] {processor.py:842} WARNING - No viable dags retrieved from /opt/airflow/dags/spark-bigquery-latest_2.12.jar
[2024-07-09T23:48:35.815+0000] {processor.py:183} INFO - Processing /opt/airflow/dags/spark-bigquery-latest_2.12.jar took 0.363 seconds
[2024-07-09T23:49:09.040+0000] {processor.py:161} INFO - Started process (PID=20584) to work on /opt/airflow/dags/spark-bigquery-latest_2.12.jar
[2024-07-09T23:49:09.042+0000] {processor.py:830} INFO - Processing file /opt/airflow/dags/spark-bigquery-latest_2.12.jar for tasks to queue
[2024-07-09T23:49:09.045+0000] {logging_mixin.py:188} INFO - [2024-07-09T23:49:09.044+0000] {dagbag.py:545} INFO - Filling up the DagBag from /opt/airflow/dags/spark-bigquery-latest_2.12.jar
[2024-07-09T23:49:09.384+0000] {processor.py:842} WARNING - No viable dags retrieved from /opt/airflow/dags/spark-bigquery-latest_2.12.jar
[2024-07-09T23:49:09.406+0000] {processor.py:183} INFO - Processing /opt/airflow/dags/spark-bigquery-latest_2.12.jar took 0.383 seconds
[2024-07-09T23:49:44.048+0000] {processor.py:161} INFO - Started process (PID=20643) to work on /opt/airflow/dags/spark-bigquery-latest_2.12.jar
[2024-07-09T23:49:44.050+0000] {processor.py:830} INFO - Processing file /opt/airflow/dags/spark-bigquery-latest_2.12.jar for tasks to queue
[2024-07-09T23:49:44.052+0000] {logging_mixin.py:188} INFO - [2024-07-09T23:49:44.052+0000] {dagbag.py:545} INFO - Filling up the DagBag from /opt/airflow/dags/spark-bigquery-latest_2.12.jar
[2024-07-09T23:49:44.413+0000] {processor.py:842} WARNING - No viable dags retrieved from /opt/airflow/dags/spark-bigquery-latest_2.12.jar
[2024-07-09T23:49:44.435+0000] {processor.py:183} INFO - Processing /opt/airflow/dags/spark-bigquery-latest_2.12.jar took 0.400 seconds
[2024-07-09T23:50:17.411+0000] {processor.py:161} INFO - Started process (PID=20705) to work on /opt/airflow/dags/spark-bigquery-latest_2.12.jar
[2024-07-09T23:50:17.414+0000] {processor.py:830} INFO - Processing file /opt/airflow/dags/spark-bigquery-latest_2.12.jar for tasks to queue
[2024-07-09T23:50:17.417+0000] {logging_mixin.py:188} INFO - [2024-07-09T23:50:17.416+0000] {dagbag.py:545} INFO - Filling up the DagBag from /opt/airflow/dags/spark-bigquery-latest_2.12.jar
[2024-07-09T23:50:17.795+0000] {processor.py:842} WARNING - No viable dags retrieved from /opt/airflow/dags/spark-bigquery-latest_2.12.jar
[2024-07-09T23:50:17.823+0000] {processor.py:183} INFO - Processing /opt/airflow/dags/spark-bigquery-latest_2.12.jar took 0.430 seconds
[2024-07-09T23:50:50.843+0000] {processor.py:161} INFO - Started process (PID=20767) to work on /opt/airflow/dags/spark-bigquery-latest_2.12.jar
[2024-07-09T23:50:50.846+0000] {processor.py:830} INFO - Processing file /opt/airflow/dags/spark-bigquery-latest_2.12.jar for tasks to queue
[2024-07-09T23:50:50.848+0000] {logging_mixin.py:188} INFO - [2024-07-09T23:50:50.847+0000] {dagbag.py:545} INFO - Filling up the DagBag from /opt/airflow/dags/spark-bigquery-latest_2.12.jar
[2024-07-09T23:50:51.225+0000] {processor.py:842} WARNING - No viable dags retrieved from /opt/airflow/dags/spark-bigquery-latest_2.12.jar
[2024-07-09T23:50:51.249+0000] {processor.py:183} INFO - Processing /opt/airflow/dags/spark-bigquery-latest_2.12.jar took 0.423 seconds
[2024-07-09T23:51:23.684+0000] {processor.py:161} INFO - Started process (PID=20830) to work on /opt/airflow/dags/spark-bigquery-latest_2.12.jar
[2024-07-09T23:51:23.688+0000] {processor.py:830} INFO - Processing file /opt/airflow/dags/spark-bigquery-latest_2.12.jar for tasks to queue
[2024-07-09T23:51:23.690+0000] {logging_mixin.py:188} INFO - [2024-07-09T23:51:23.689+0000] {dagbag.py:545} INFO - Filling up the DagBag from /opt/airflow/dags/spark-bigquery-latest_2.12.jar
[2024-07-09T23:51:24.059+0000] {processor.py:842} WARNING - No viable dags retrieved from /opt/airflow/dags/spark-bigquery-latest_2.12.jar
[2024-07-09T23:51:24.085+0000] {processor.py:183} INFO - Processing /opt/airflow/dags/spark-bigquery-latest_2.12.jar took 0.418 seconds
[2024-07-09T23:51:56.470+0000] {processor.py:161} INFO - Started process (PID=20893) to work on /opt/airflow/dags/spark-bigquery-latest_2.12.jar
[2024-07-09T23:51:56.471+0000] {processor.py:830} INFO - Processing file /opt/airflow/dags/spark-bigquery-latest_2.12.jar for tasks to queue
[2024-07-09T23:51:56.473+0000] {logging_mixin.py:188} INFO - [2024-07-09T23:51:56.472+0000] {dagbag.py:545} INFO - Filling up the DagBag from /opt/airflow/dags/spark-bigquery-latest_2.12.jar
[2024-07-09T23:51:57.149+0000] {processor.py:842} WARNING - No viable dags retrieved from /opt/airflow/dags/spark-bigquery-latest_2.12.jar
[2024-07-09T23:51:57.167+0000] {processor.py:183} INFO - Processing /opt/airflow/dags/spark-bigquery-latest_2.12.jar took 0.709 seconds
[2024-07-09T23:52:29.601+0000] {processor.py:161} INFO - Started process (PID=20954) to work on /opt/airflow/dags/spark-bigquery-latest_2.12.jar
[2024-07-09T23:52:29.603+0000] {processor.py:830} INFO - Processing file /opt/airflow/dags/spark-bigquery-latest_2.12.jar for tasks to queue
[2024-07-09T23:52:29.605+0000] {logging_mixin.py:188} INFO - [2024-07-09T23:52:29.604+0000] {dagbag.py:545} INFO - Filling up the DagBag from /opt/airflow/dags/spark-bigquery-latest_2.12.jar
[2024-07-09T23:52:29.935+0000] {processor.py:842} WARNING - No viable dags retrieved from /opt/airflow/dags/spark-bigquery-latest_2.12.jar
[2024-07-09T23:52:29.959+0000] {processor.py:183} INFO - Processing /opt/airflow/dags/spark-bigquery-latest_2.12.jar took 0.370 seconds
[2024-07-09T23:53:02.457+0000] {processor.py:161} INFO - Started process (PID=21024) to work on /opt/airflow/dags/spark-bigquery-latest_2.12.jar
[2024-07-09T23:53:02.459+0000] {processor.py:830} INFO - Processing file /opt/airflow/dags/spark-bigquery-latest_2.12.jar for tasks to queue
[2024-07-09T23:53:02.461+0000] {logging_mixin.py:188} INFO - [2024-07-09T23:53:02.460+0000] {dagbag.py:545} INFO - Filling up the DagBag from /opt/airflow/dags/spark-bigquery-latest_2.12.jar
[2024-07-09T23:53:02.808+0000] {processor.py:842} WARNING - No viable dags retrieved from /opt/airflow/dags/spark-bigquery-latest_2.12.jar
[2024-07-09T23:53:02.833+0000] {processor.py:183} INFO - Processing /opt/airflow/dags/spark-bigquery-latest_2.12.jar took 0.389 seconds
[2024-07-09T23:53:35.507+0000] {processor.py:161} INFO - Started process (PID=21085) to work on /opt/airflow/dags/spark-bigquery-latest_2.12.jar
[2024-07-09T23:53:35.509+0000] {processor.py:830} INFO - Processing file /opt/airflow/dags/spark-bigquery-latest_2.12.jar for tasks to queue
[2024-07-09T23:53:35.510+0000] {logging_mixin.py:188} INFO - [2024-07-09T23:53:35.510+0000] {dagbag.py:545} INFO - Filling up the DagBag from /opt/airflow/dags/spark-bigquery-latest_2.12.jar
[2024-07-09T23:53:35.863+0000] {processor.py:842} WARNING - No viable dags retrieved from /opt/airflow/dags/spark-bigquery-latest_2.12.jar
[2024-07-09T23:53:35.891+0000] {processor.py:183} INFO - Processing /opt/airflow/dags/spark-bigquery-latest_2.12.jar took 0.396 seconds
[2024-07-09T23:54:08.203+0000] {processor.py:161} INFO - Started process (PID=21147) to work on /opt/airflow/dags/spark-bigquery-latest_2.12.jar
[2024-07-09T23:54:08.205+0000] {processor.py:830} INFO - Processing file /opt/airflow/dags/spark-bigquery-latest_2.12.jar for tasks to queue
[2024-07-09T23:54:08.206+0000] {logging_mixin.py:188} INFO - [2024-07-09T23:54:08.206+0000] {dagbag.py:545} INFO - Filling up the DagBag from /opt/airflow/dags/spark-bigquery-latest_2.12.jar
[2024-07-09T23:54:08.530+0000] {processor.py:842} WARNING - No viable dags retrieved from /opt/airflow/dags/spark-bigquery-latest_2.12.jar
[2024-07-09T23:54:08.553+0000] {processor.py:183} INFO - Processing /opt/airflow/dags/spark-bigquery-latest_2.12.jar took 0.362 seconds
[2024-07-09T23:54:44.714+0000] {processor.py:161} INFO - Started process (PID=21208) to work on /opt/airflow/dags/spark-bigquery-latest_2.12.jar
[2024-07-09T23:54:44.717+0000] {processor.py:830} INFO - Processing file /opt/airflow/dags/spark-bigquery-latest_2.12.jar for tasks to queue
[2024-07-09T23:54:44.718+0000] {logging_mixin.py:188} INFO - [2024-07-09T23:54:44.718+0000] {dagbag.py:545} INFO - Filling up the DagBag from /opt/airflow/dags/spark-bigquery-latest_2.12.jar
[2024-07-09T23:54:45.033+0000] {processor.py:842} WARNING - No viable dags retrieved from /opt/airflow/dags/spark-bigquery-latest_2.12.jar
[2024-07-09T23:54:45.053+0000] {processor.py:183} INFO - Processing /opt/airflow/dags/spark-bigquery-latest_2.12.jar took 0.351 seconds
[2024-07-09T23:55:17.932+0000] {processor.py:161} INFO - Started process (PID=21269) to work on /opt/airflow/dags/spark-bigquery-latest_2.12.jar
[2024-07-09T23:55:17.935+0000] {processor.py:830} INFO - Processing file /opt/airflow/dags/spark-bigquery-latest_2.12.jar for tasks to queue
[2024-07-09T23:55:17.936+0000] {logging_mixin.py:188} INFO - [2024-07-09T23:55:17.936+0000] {dagbag.py:545} INFO - Filling up the DagBag from /opt/airflow/dags/spark-bigquery-latest_2.12.jar
[2024-07-09T23:55:18.279+0000] {processor.py:842} WARNING - No viable dags retrieved from /opt/airflow/dags/spark-bigquery-latest_2.12.jar
[2024-07-09T23:55:18.303+0000] {processor.py:183} INFO - Processing /opt/airflow/dags/spark-bigquery-latest_2.12.jar took 0.382 seconds
[2024-07-09T23:55:51.470+0000] {processor.py:161} INFO - Started process (PID=21330) to work on /opt/airflow/dags/spark-bigquery-latest_2.12.jar
[2024-07-09T23:55:51.472+0000] {processor.py:830} INFO - Processing file /opt/airflow/dags/spark-bigquery-latest_2.12.jar for tasks to queue
[2024-07-09T23:55:51.474+0000] {logging_mixin.py:188} INFO - [2024-07-09T23:55:51.473+0000] {dagbag.py:545} INFO - Filling up the DagBag from /opt/airflow/dags/spark-bigquery-latest_2.12.jar
[2024-07-09T23:55:51.798+0000] {processor.py:842} WARNING - No viable dags retrieved from /opt/airflow/dags/spark-bigquery-latest_2.12.jar
[2024-07-09T23:55:51.823+0000] {processor.py:183} INFO - Processing /opt/airflow/dags/spark-bigquery-latest_2.12.jar took 0.365 seconds
[2024-07-09T23:56:24.530+0000] {processor.py:161} INFO - Started process (PID=21392) to work on /opt/airflow/dags/spark-bigquery-latest_2.12.jar
[2024-07-09T23:56:24.533+0000] {processor.py:830} INFO - Processing file /opt/airflow/dags/spark-bigquery-latest_2.12.jar for tasks to queue
[2024-07-09T23:56:24.534+0000] {logging_mixin.py:188} INFO - [2024-07-09T23:56:24.534+0000] {dagbag.py:545} INFO - Filling up the DagBag from /opt/airflow/dags/spark-bigquery-latest_2.12.jar
[2024-07-09T23:56:24.872+0000] {processor.py:842} WARNING - No viable dags retrieved from /opt/airflow/dags/spark-bigquery-latest_2.12.jar
[2024-07-09T23:56:24.901+0000] {processor.py:183} INFO - Processing /opt/airflow/dags/spark-bigquery-latest_2.12.jar took 0.383 seconds
[2024-07-09T23:56:58.014+0000] {processor.py:161} INFO - Started process (PID=21453) to work on /opt/airflow/dags/spark-bigquery-latest_2.12.jar
[2024-07-09T23:56:58.017+0000] {processor.py:830} INFO - Processing file /opt/airflow/dags/spark-bigquery-latest_2.12.jar for tasks to queue
[2024-07-09T23:56:58.019+0000] {logging_mixin.py:188} INFO - [2024-07-09T23:56:58.018+0000] {dagbag.py:545} INFO - Filling up the DagBag from /opt/airflow/dags/spark-bigquery-latest_2.12.jar
[2024-07-09T23:56:58.824+0000] {processor.py:842} WARNING - No viable dags retrieved from /opt/airflow/dags/spark-bigquery-latest_2.12.jar
[2024-07-09T23:56:58.845+0000] {processor.py:183} INFO - Processing /opt/airflow/dags/spark-bigquery-latest_2.12.jar took 0.848 seconds
[2024-07-09T23:57:31.670+0000] {processor.py:161} INFO - Started process (PID=21515) to work on /opt/airflow/dags/spark-bigquery-latest_2.12.jar
[2024-07-09T23:57:31.673+0000] {processor.py:830} INFO - Processing file /opt/airflow/dags/spark-bigquery-latest_2.12.jar for tasks to queue
[2024-07-09T23:57:31.675+0000] {logging_mixin.py:188} INFO - [2024-07-09T23:57:31.674+0000] {dagbag.py:545} INFO - Filling up the DagBag from /opt/airflow/dags/spark-bigquery-latest_2.12.jar
[2024-07-09T23:57:32.027+0000] {processor.py:842} WARNING - No viable dags retrieved from /opt/airflow/dags/spark-bigquery-latest_2.12.jar
[2024-07-09T23:57:32.049+0000] {processor.py:183} INFO - Processing /opt/airflow/dags/spark-bigquery-latest_2.12.jar took 0.391 seconds
[2024-07-09T23:58:04.428+0000] {processor.py:161} INFO - Started process (PID=21584) to work on /opt/airflow/dags/spark-bigquery-latest_2.12.jar
[2024-07-09T23:58:04.429+0000] {processor.py:830} INFO - Processing file /opt/airflow/dags/spark-bigquery-latest_2.12.jar for tasks to queue
[2024-07-09T23:58:04.431+0000] {logging_mixin.py:188} INFO - [2024-07-09T23:58:04.431+0000] {dagbag.py:545} INFO - Filling up the DagBag from /opt/airflow/dags/spark-bigquery-latest_2.12.jar
[2024-07-09T23:58:04.744+0000] {processor.py:842} WARNING - No viable dags retrieved from /opt/airflow/dags/spark-bigquery-latest_2.12.jar
[2024-07-09T23:58:04.767+0000] {processor.py:183} INFO - Processing /opt/airflow/dags/spark-bigquery-latest_2.12.jar took 0.351 seconds
[2024-07-09T23:58:38.022+0000] {processor.py:161} INFO - Started process (PID=21646) to work on /opt/airflow/dags/spark-bigquery-latest_2.12.jar
[2024-07-09T23:58:38.025+0000] {processor.py:830} INFO - Processing file /opt/airflow/dags/spark-bigquery-latest_2.12.jar for tasks to queue
[2024-07-09T23:58:38.027+0000] {logging_mixin.py:188} INFO - [2024-07-09T23:58:38.026+0000] {dagbag.py:545} INFO - Filling up the DagBag from /opt/airflow/dags/spark-bigquery-latest_2.12.jar
[2024-07-09T23:58:38.415+0000] {processor.py:842} WARNING - No viable dags retrieved from /opt/airflow/dags/spark-bigquery-latest_2.12.jar
[2024-07-09T23:58:38.442+0000] {processor.py:183} INFO - Processing /opt/airflow/dags/spark-bigquery-latest_2.12.jar took 0.439 seconds
[2024-07-09T23:59:11.489+0000] {processor.py:161} INFO - Started process (PID=21709) to work on /opt/airflow/dags/spark-bigquery-latest_2.12.jar
[2024-07-09T23:59:11.492+0000] {processor.py:830} INFO - Processing file /opt/airflow/dags/spark-bigquery-latest_2.12.jar for tasks to queue
[2024-07-09T23:59:11.494+0000] {logging_mixin.py:188} INFO - [2024-07-09T23:59:11.493+0000] {dagbag.py:545} INFO - Filling up the DagBag from /opt/airflow/dags/spark-bigquery-latest_2.12.jar
[2024-07-09T23:59:11.843+0000] {processor.py:842} WARNING - No viable dags retrieved from /opt/airflow/dags/spark-bigquery-latest_2.12.jar
[2024-07-09T23:59:11.867+0000] {processor.py:183} INFO - Processing /opt/airflow/dags/spark-bigquery-latest_2.12.jar took 0.390 seconds
[2024-07-09T23:59:45.154+0000] {processor.py:161} INFO - Started process (PID=21758) to work on /opt/airflow/dags/spark-bigquery-latest_2.12.jar
[2024-07-09T23:59:45.156+0000] {processor.py:830} INFO - Processing file /opt/airflow/dags/spark-bigquery-latest_2.12.jar for tasks to queue
[2024-07-09T23:59:45.158+0000] {logging_mixin.py:188} INFO - [2024-07-09T23:59:45.157+0000] {dagbag.py:545} INFO - Filling up the DagBag from /opt/airflow/dags/spark-bigquery-latest_2.12.jar
[2024-07-09T23:59:45.482+0000] {processor.py:842} WARNING - No viable dags retrieved from /opt/airflow/dags/spark-bigquery-latest_2.12.jar
[2024-07-09T23:59:45.507+0000] {processor.py:183} INFO - Processing /opt/airflow/dags/spark-bigquery-latest_2.12.jar took 0.365 seconds
