[2024-07-18T00:02:23.917+0000] {local_task_job_runner.py:120} INFO - ::group::Pre task execution logs
[2024-07-18T00:02:23.941+0000] {taskinstance.py:2076} INFO - Dependencies all met for dep_context=non-requeueable deps ti=<TaskInstance: fire_data_dag.convert_to_geojson_task_fire manual__2024-07-18T00:02:05.427891+00:00 [queued]>
[2024-07-18T00:02:23.954+0000] {taskinstance.py:2076} INFO - Dependencies all met for dep_context=requeueable deps ti=<TaskInstance: fire_data_dag.convert_to_geojson_task_fire manual__2024-07-18T00:02:05.427891+00:00 [queued]>
[2024-07-18T00:02:23.955+0000] {taskinstance.py:2306} INFO - Starting attempt 1 of 2
[2024-07-18T00:02:23.975+0000] {taskinstance.py:2330} INFO - Executing <Task(PythonOperator): convert_to_geojson_task_fire> on 2024-07-18 00:02:05.427891+00:00
[2024-07-18T00:02:23.986+0000] {standard_task_runner.py:63} INFO - Started process 1481 to run task
[2024-07-18T00:02:23.994+0000] {standard_task_runner.py:90} INFO - Running: ['***', 'tasks', 'run', 'fire_data_dag', 'convert_to_geojson_task_fire', 'manual__2024-07-18T00:02:05.427891+00:00', '--job-id', '683', '--raw', '--subdir', 'DAGS_FOLDER/fire_data_dag.py', '--cfg-path', '/tmp/tmpxwai7frf']
[2024-07-18T00:02:23.996+0000] {standard_task_runner.py:91} INFO - Job 683: Subtask convert_to_geojson_task_fire
[2024-07-18T00:02:24.086+0000] {task_command.py:426} INFO - Running <TaskInstance: fire_data_dag.convert_to_geojson_task_fire manual__2024-07-18T00:02:05.427891+00:00 [running]> on host b83e2bee00d2
[2024-07-18T00:02:24.263+0000] {taskinstance.py:2648} INFO - Exporting env vars: AIRFLOW_CTX_DAG_OWNER='***' AIRFLOW_CTX_DAG_ID='fire_data_dag' AIRFLOW_CTX_TASK_ID='convert_to_geojson_task_fire' AIRFLOW_CTX_EXECUTION_DATE='2024-07-18T00:02:05.427891+00:00' AIRFLOW_CTX_TRY_NUMBER='1' AIRFLOW_CTX_DAG_RUN_ID='manual__2024-07-18T00:02:05.427891+00:00'
[2024-07-18T00:02:24.266+0000] {taskinstance.py:430} INFO - ::endgroup::
[2024-07-18T00:02:24.491+0000] {logging_mixin.py:188} INFO - Size of dataframe from shapefile is: 2244
[2024-07-18T00:02:25.407+0000] {raw.py:709} INFO - Created 187 records
[2024-07-18T00:02:25.407+0000] {logging_mixin.py:188} INFO - Downloaded wildfire_polygons.geojson to /opt/***/tmp successfully
[2024-07-18T00:02:25.408+0000] {python.py:237} INFO - Done. Returned value was: None
[2024-07-18T00:02:25.408+0000] {taskinstance.py:441} INFO - ::group::Post task execution logs
[2024-07-18T00:02:25.425+0000] {taskinstance.py:1206} INFO - Marking task as SUCCESS. dag_id=fire_data_dag, task_id=convert_to_geojson_task_fire, run_id=manual__2024-07-18T00:02:05.427891+00:00, execution_date=20240718T000205, start_date=20240718T000223, end_date=20240718T000225
[2024-07-18T00:02:25.500+0000] {local_task_job_runner.py:240} INFO - Task exited with return code 0
[2024-07-18T00:02:25.549+0000] {taskinstance.py:3503} INFO - 1 downstream tasks scheduled from follow-on schedule check
[2024-07-18T00:02:25.551+0000] {local_task_job_runner.py:222} INFO - ::endgroup::
