[2024-07-13T00:00:15.221+0000] {processor.py:161} INFO - Started process (PID=479) to work on /opt/airflow/dags/spark-bigquery-latest_2.12.jar
[2024-07-13T00:00:15.236+0000] {processor.py:830} INFO - Processing file /opt/airflow/dags/spark-bigquery-latest_2.12.jar for tasks to queue
[2024-07-13T00:00:15.249+0000] {logging_mixin.py:188} INFO - [2024-07-13T00:00:15.248+0000] {dagbag.py:545} INFO - Filling up the DagBag from /opt/airflow/dags/spark-bigquery-latest_2.12.jar
[2024-07-13T00:00:16.899+0000] {processor.py:842} WARNING - No viable dags retrieved from /opt/airflow/dags/spark-bigquery-latest_2.12.jar
[2024-07-13T00:00:16.966+0000] {processor.py:183} INFO - Processing /opt/airflow/dags/spark-bigquery-latest_2.12.jar took 1.792 seconds
[2024-07-13T00:27:57.045+0000] {processor.py:161} INFO - Started process (PID=35) to work on /opt/airflow/dags/spark-bigquery-latest_2.12.jar
[2024-07-13T00:27:57.048+0000] {processor.py:830} INFO - Processing file /opt/airflow/dags/spark-bigquery-latest_2.12.jar for tasks to queue
[2024-07-13T00:27:57.049+0000] {logging_mixin.py:188} INFO - [2024-07-13T00:27:57.049+0000] {dagbag.py:545} INFO - Filling up the DagBag from /opt/airflow/dags/spark-bigquery-latest_2.12.jar
[2024-07-13T00:27:57.435+0000] {processor.py:842} WARNING - No viable dags retrieved from /opt/airflow/dags/spark-bigquery-latest_2.12.jar
[2024-07-13T00:27:57.467+0000] {processor.py:183} INFO - Processing /opt/airflow/dags/spark-bigquery-latest_2.12.jar took 0.433 seconds
[2024-07-13T00:28:30.271+0000] {processor.py:161} INFO - Started process (PID=97) to work on /opt/airflow/dags/spark-bigquery-latest_2.12.jar
[2024-07-13T00:28:30.273+0000] {processor.py:830} INFO - Processing file /opt/airflow/dags/spark-bigquery-latest_2.12.jar for tasks to queue
[2024-07-13T00:28:30.274+0000] {logging_mixin.py:188} INFO - [2024-07-13T00:28:30.274+0000] {dagbag.py:545} INFO - Filling up the DagBag from /opt/airflow/dags/spark-bigquery-latest_2.12.jar
[2024-07-13T00:28:30.904+0000] {processor.py:842} WARNING - No viable dags retrieved from /opt/airflow/dags/spark-bigquery-latest_2.12.jar
[2024-07-13T00:28:30.923+0000] {processor.py:183} INFO - Processing /opt/airflow/dags/spark-bigquery-latest_2.12.jar took 0.663 seconds
[2024-07-13T00:29:03.987+0000] {processor.py:161} INFO - Started process (PID=159) to work on /opt/airflow/dags/spark-bigquery-latest_2.12.jar
[2024-07-13T00:29:03.993+0000] {processor.py:830} INFO - Processing file /opt/airflow/dags/spark-bigquery-latest_2.12.jar for tasks to queue
[2024-07-13T00:29:03.995+0000] {logging_mixin.py:188} INFO - [2024-07-13T00:29:03.994+0000] {dagbag.py:545} INFO - Filling up the DagBag from /opt/airflow/dags/spark-bigquery-latest_2.12.jar
[2024-07-13T00:29:04.333+0000] {processor.py:842} WARNING - No viable dags retrieved from /opt/airflow/dags/spark-bigquery-latest_2.12.jar
[2024-07-13T00:29:04.357+0000] {processor.py:183} INFO - Processing /opt/airflow/dags/spark-bigquery-latest_2.12.jar took 0.381 seconds
[2024-07-13T00:29:37.048+0000] {processor.py:161} INFO - Started process (PID=221) to work on /opt/airflow/dags/spark-bigquery-latest_2.12.jar
[2024-07-13T00:29:37.051+0000] {processor.py:830} INFO - Processing file /opt/airflow/dags/spark-bigquery-latest_2.12.jar for tasks to queue
[2024-07-13T00:29:37.052+0000] {logging_mixin.py:188} INFO - [2024-07-13T00:29:37.051+0000] {dagbag.py:545} INFO - Filling up the DagBag from /opt/airflow/dags/spark-bigquery-latest_2.12.jar
[2024-07-13T00:29:37.384+0000] {processor.py:842} WARNING - No viable dags retrieved from /opt/airflow/dags/spark-bigquery-latest_2.12.jar
[2024-07-13T00:29:37.406+0000] {processor.py:183} INFO - Processing /opt/airflow/dags/spark-bigquery-latest_2.12.jar took 0.369 seconds
[2024-07-13T00:30:09.791+0000] {processor.py:161} INFO - Started process (PID=284) to work on /opt/airflow/dags/spark-bigquery-latest_2.12.jar
[2024-07-13T00:30:09.795+0000] {processor.py:830} INFO - Processing file /opt/airflow/dags/spark-bigquery-latest_2.12.jar for tasks to queue
[2024-07-13T00:30:09.796+0000] {logging_mixin.py:188} INFO - [2024-07-13T00:30:09.796+0000] {dagbag.py:545} INFO - Filling up the DagBag from /opt/airflow/dags/spark-bigquery-latest_2.12.jar
[2024-07-13T00:30:10.136+0000] {processor.py:842} WARNING - No viable dags retrieved from /opt/airflow/dags/spark-bigquery-latest_2.12.jar
[2024-07-13T00:30:10.169+0000] {processor.py:183} INFO - Processing /opt/airflow/dags/spark-bigquery-latest_2.12.jar took 0.391 seconds
[2024-07-13T00:30:43.134+0000] {processor.py:161} INFO - Started process (PID=353) to work on /opt/airflow/dags/spark-bigquery-latest_2.12.jar
[2024-07-13T00:30:43.135+0000] {processor.py:830} INFO - Processing file /opt/airflow/dags/spark-bigquery-latest_2.12.jar for tasks to queue
[2024-07-13T00:30:43.137+0000] {logging_mixin.py:188} INFO - [2024-07-13T00:30:43.136+0000] {dagbag.py:545} INFO - Filling up the DagBag from /opt/airflow/dags/spark-bigquery-latest_2.12.jar
[2024-07-13T00:30:43.505+0000] {processor.py:842} WARNING - No viable dags retrieved from /opt/airflow/dags/spark-bigquery-latest_2.12.jar
[2024-07-13T00:30:43.525+0000] {processor.py:183} INFO - Processing /opt/airflow/dags/spark-bigquery-latest_2.12.jar took 0.403 seconds
[2024-07-13T00:31:16.251+0000] {processor.py:161} INFO - Started process (PID=415) to work on /opt/airflow/dags/spark-bigquery-latest_2.12.jar
[2024-07-13T00:31:16.254+0000] {processor.py:830} INFO - Processing file /opt/airflow/dags/spark-bigquery-latest_2.12.jar for tasks to queue
[2024-07-13T00:31:16.256+0000] {logging_mixin.py:188} INFO - [2024-07-13T00:31:16.255+0000] {dagbag.py:545} INFO - Filling up the DagBag from /opt/airflow/dags/spark-bigquery-latest_2.12.jar
[2024-07-13T00:31:16.612+0000] {processor.py:842} WARNING - No viable dags retrieved from /opt/airflow/dags/spark-bigquery-latest_2.12.jar
[2024-07-13T00:31:16.634+0000] {processor.py:183} INFO - Processing /opt/airflow/dags/spark-bigquery-latest_2.12.jar took 0.399 seconds
[2024-07-13T00:31:49.216+0000] {processor.py:161} INFO - Started process (PID=478) to work on /opt/airflow/dags/spark-bigquery-latest_2.12.jar
[2024-07-13T00:31:49.219+0000] {processor.py:830} INFO - Processing file /opt/airflow/dags/spark-bigquery-latest_2.12.jar for tasks to queue
[2024-07-13T00:31:49.221+0000] {logging_mixin.py:188} INFO - [2024-07-13T00:31:49.220+0000] {dagbag.py:545} INFO - Filling up the DagBag from /opt/airflow/dags/spark-bigquery-latest_2.12.jar
[2024-07-13T00:31:50.701+0000] {processor.py:842} WARNING - No viable dags retrieved from /opt/airflow/dags/spark-bigquery-latest_2.12.jar
[2024-07-13T00:31:50.725+0000] {processor.py:183} INFO - Processing /opt/airflow/dags/spark-bigquery-latest_2.12.jar took 1.553 seconds
[2024-07-13T00:32:24.751+0000] {processor.py:161} INFO - Started process (PID=542) to work on /opt/airflow/dags/spark-bigquery-latest_2.12.jar
[2024-07-13T00:32:24.755+0000] {processor.py:830} INFO - Processing file /opt/airflow/dags/spark-bigquery-latest_2.12.jar for tasks to queue
[2024-07-13T00:32:24.757+0000] {logging_mixin.py:188} INFO - [2024-07-13T00:32:24.756+0000] {dagbag.py:545} INFO - Filling up the DagBag from /opt/airflow/dags/spark-bigquery-latest_2.12.jar
[2024-07-13T00:32:25.265+0000] {processor.py:842} WARNING - No viable dags retrieved from /opt/airflow/dags/spark-bigquery-latest_2.12.jar
[2024-07-13T00:32:25.292+0000] {processor.py:183} INFO - Processing /opt/airflow/dags/spark-bigquery-latest_2.12.jar took 0.568 seconds
[2024-07-13T00:32:58.624+0000] {processor.py:161} INFO - Started process (PID=604) to work on /opt/airflow/dags/spark-bigquery-latest_2.12.jar
[2024-07-13T00:32:58.628+0000] {processor.py:830} INFO - Processing file /opt/airflow/dags/spark-bigquery-latest_2.12.jar for tasks to queue
[2024-07-13T00:32:58.631+0000] {logging_mixin.py:188} INFO - [2024-07-13T00:32:58.630+0000] {dagbag.py:545} INFO - Filling up the DagBag from /opt/airflow/dags/spark-bigquery-latest_2.12.jar
[2024-07-13T00:32:59.087+0000] {processor.py:842} WARNING - No viable dags retrieved from /opt/airflow/dags/spark-bigquery-latest_2.12.jar
[2024-07-13T00:32:59.114+0000] {processor.py:183} INFO - Processing /opt/airflow/dags/spark-bigquery-latest_2.12.jar took 0.507 seconds
[2024-07-13T00:33:31.774+0000] {processor.py:161} INFO - Started process (PID=666) to work on /opt/airflow/dags/spark-bigquery-latest_2.12.jar
[2024-07-13T00:33:31.776+0000] {processor.py:830} INFO - Processing file /opt/airflow/dags/spark-bigquery-latest_2.12.jar for tasks to queue
[2024-07-13T00:33:31.778+0000] {logging_mixin.py:188} INFO - [2024-07-13T00:33:31.777+0000] {dagbag.py:545} INFO - Filling up the DagBag from /opt/airflow/dags/spark-bigquery-latest_2.12.jar
[2024-07-13T00:33:32.116+0000] {processor.py:842} WARNING - No viable dags retrieved from /opt/airflow/dags/spark-bigquery-latest_2.12.jar
[2024-07-13T00:33:32.138+0000] {processor.py:183} INFO - Processing /opt/airflow/dags/spark-bigquery-latest_2.12.jar took 0.383 seconds
[2024-07-13T00:35:44.818+0000] {processor.py:161} INFO - Started process (PID=36) to work on /opt/airflow/dags/spark-bigquery-latest_2.12.jar
[2024-07-13T00:35:44.821+0000] {processor.py:830} INFO - Processing file /opt/airflow/dags/spark-bigquery-latest_2.12.jar for tasks to queue
[2024-07-13T00:35:44.826+0000] {logging_mixin.py:188} INFO - [2024-07-13T00:35:44.825+0000] {dagbag.py:545} INFO - Filling up the DagBag from /opt/airflow/dags/spark-bigquery-latest_2.12.jar
[2024-07-13T00:35:45.225+0000] {processor.py:842} WARNING - No viable dags retrieved from /opt/airflow/dags/spark-bigquery-latest_2.12.jar
[2024-07-13T00:35:45.248+0000] {processor.py:183} INFO - Processing /opt/airflow/dags/spark-bigquery-latest_2.12.jar took 0.445 seconds
[2024-07-13T00:36:17.747+0000] {processor.py:161} INFO - Started process (PID=98) to work on /opt/airflow/dags/spark-bigquery-latest_2.12.jar
[2024-07-13T00:36:17.750+0000] {processor.py:830} INFO - Processing file /opt/airflow/dags/spark-bigquery-latest_2.12.jar for tasks to queue
[2024-07-13T00:36:17.753+0000] {logging_mixin.py:188} INFO - [2024-07-13T00:36:17.753+0000] {dagbag.py:545} INFO - Filling up the DagBag from /opt/airflow/dags/spark-bigquery-latest_2.12.jar
[2024-07-13T00:36:18.435+0000] {processor.py:842} WARNING - No viable dags retrieved from /opt/airflow/dags/spark-bigquery-latest_2.12.jar
[2024-07-13T00:36:18.454+0000] {processor.py:183} INFO - Processing /opt/airflow/dags/spark-bigquery-latest_2.12.jar took 0.719 seconds
[2024-07-13T00:38:15.690+0000] {processor.py:161} INFO - Started process (PID=34) to work on /opt/airflow/dags/spark-bigquery-latest_2.12.jar
[2024-07-13T00:38:15.694+0000] {processor.py:830} INFO - Processing file /opt/airflow/dags/spark-bigquery-latest_2.12.jar for tasks to queue
[2024-07-13T00:38:15.699+0000] {logging_mixin.py:188} INFO - [2024-07-13T00:38:15.698+0000] {dagbag.py:545} INFO - Filling up the DagBag from /opt/airflow/dags/spark-bigquery-latest_2.12.jar
[2024-07-13T00:38:16.052+0000] {processor.py:842} WARNING - No viable dags retrieved from /opt/airflow/dags/spark-bigquery-latest_2.12.jar
[2024-07-13T00:38:16.079+0000] {processor.py:183} INFO - Processing /opt/airflow/dags/spark-bigquery-latest_2.12.jar took 0.405 seconds
[2024-07-13T00:38:48.605+0000] {processor.py:161} INFO - Started process (PID=96) to work on /opt/airflow/dags/spark-bigquery-latest_2.12.jar
[2024-07-13T00:38:48.608+0000] {processor.py:830} INFO - Processing file /opt/airflow/dags/spark-bigquery-latest_2.12.jar for tasks to queue
[2024-07-13T00:38:48.612+0000] {logging_mixin.py:188} INFO - [2024-07-13T00:38:48.612+0000] {dagbag.py:545} INFO - Filling up the DagBag from /opt/airflow/dags/spark-bigquery-latest_2.12.jar
[2024-07-13T00:38:49.400+0000] {processor.py:842} WARNING - No viable dags retrieved from /opt/airflow/dags/spark-bigquery-latest_2.12.jar
[2024-07-13T00:38:49.416+0000] {processor.py:183} INFO - Processing /opt/airflow/dags/spark-bigquery-latest_2.12.jar took 0.824 seconds
[2024-07-13T00:39:22.437+0000] {processor.py:161} INFO - Started process (PID=162) to work on /opt/airflow/dags/spark-bigquery-latest_2.12.jar
[2024-07-13T00:39:22.439+0000] {processor.py:830} INFO - Processing file /opt/airflow/dags/spark-bigquery-latest_2.12.jar for tasks to queue
[2024-07-13T00:39:22.442+0000] {logging_mixin.py:188} INFO - [2024-07-13T00:39:22.441+0000] {dagbag.py:545} INFO - Filling up the DagBag from /opt/airflow/dags/spark-bigquery-latest_2.12.jar
[2024-07-13T00:39:22.761+0000] {processor.py:842} WARNING - No viable dags retrieved from /opt/airflow/dags/spark-bigquery-latest_2.12.jar
[2024-07-13T00:39:22.782+0000] {processor.py:183} INFO - Processing /opt/airflow/dags/spark-bigquery-latest_2.12.jar took 0.357 seconds
[2024-07-13T00:39:55.371+0000] {processor.py:161} INFO - Started process (PID=224) to work on /opt/airflow/dags/spark-bigquery-latest_2.12.jar
[2024-07-13T00:39:55.373+0000] {processor.py:830} INFO - Processing file /opt/airflow/dags/spark-bigquery-latest_2.12.jar for tasks to queue
[2024-07-13T00:39:55.377+0000] {logging_mixin.py:188} INFO - [2024-07-13T00:39:55.376+0000] {dagbag.py:545} INFO - Filling up the DagBag from /opt/airflow/dags/spark-bigquery-latest_2.12.jar
[2024-07-13T00:39:55.694+0000] {processor.py:842} WARNING - No viable dags retrieved from /opt/airflow/dags/spark-bigquery-latest_2.12.jar
[2024-07-13T00:39:55.716+0000] {processor.py:183} INFO - Processing /opt/airflow/dags/spark-bigquery-latest_2.12.jar took 0.357 seconds
[2024-07-13T00:40:28.072+0000] {processor.py:161} INFO - Started process (PID=286) to work on /opt/airflow/dags/spark-bigquery-latest_2.12.jar
[2024-07-13T00:40:28.074+0000] {processor.py:830} INFO - Processing file /opt/airflow/dags/spark-bigquery-latest_2.12.jar for tasks to queue
[2024-07-13T00:40:28.079+0000] {logging_mixin.py:188} INFO - [2024-07-13T00:40:28.078+0000] {dagbag.py:545} INFO - Filling up the DagBag from /opt/airflow/dags/spark-bigquery-latest_2.12.jar
[2024-07-13T00:40:28.435+0000] {processor.py:842} WARNING - No viable dags retrieved from /opt/airflow/dags/spark-bigquery-latest_2.12.jar
[2024-07-13T00:40:28.459+0000] {processor.py:183} INFO - Processing /opt/airflow/dags/spark-bigquery-latest_2.12.jar took 0.403 seconds
[2024-07-13T00:41:05.810+0000] {processor.py:161} INFO - Started process (PID=354) to work on /opt/airflow/dags/spark-bigquery-latest_2.12.jar
[2024-07-13T00:41:05.816+0000] {processor.py:830} INFO - Processing file /opt/airflow/dags/spark-bigquery-latest_2.12.jar for tasks to queue
[2024-07-13T00:41:05.827+0000] {logging_mixin.py:188} INFO - [2024-07-13T00:41:05.825+0000] {dagbag.py:545} INFO - Filling up the DagBag from /opt/airflow/dags/spark-bigquery-latest_2.12.jar
[2024-07-13T00:41:06.852+0000] {processor.py:842} WARNING - No viable dags retrieved from /opt/airflow/dags/spark-bigquery-latest_2.12.jar
[2024-07-13T00:41:06.902+0000] {processor.py:183} INFO - Processing /opt/airflow/dags/spark-bigquery-latest_2.12.jar took 1.149 seconds
[2024-07-13T00:41:40.186+0000] {processor.py:161} INFO - Started process (PID=415) to work on /opt/airflow/dags/spark-bigquery-latest_2.12.jar
[2024-07-13T00:41:40.188+0000] {processor.py:830} INFO - Processing file /opt/airflow/dags/spark-bigquery-latest_2.12.jar for tasks to queue
[2024-07-13T00:41:40.192+0000] {logging_mixin.py:188} INFO - [2024-07-13T00:41:40.191+0000] {dagbag.py:545} INFO - Filling up the DagBag from /opt/airflow/dags/spark-bigquery-latest_2.12.jar
[2024-07-13T00:41:40.515+0000] {processor.py:842} WARNING - No viable dags retrieved from /opt/airflow/dags/spark-bigquery-latest_2.12.jar
[2024-07-13T00:41:40.540+0000] {processor.py:183} INFO - Processing /opt/airflow/dags/spark-bigquery-latest_2.12.jar took 0.370 seconds
[2024-07-13T00:42:13.452+0000] {processor.py:161} INFO - Started process (PID=477) to work on /opt/airflow/dags/spark-bigquery-latest_2.12.jar
[2024-07-13T00:42:13.476+0000] {processor.py:830} INFO - Processing file /opt/airflow/dags/spark-bigquery-latest_2.12.jar for tasks to queue
[2024-07-13T00:42:13.486+0000] {logging_mixin.py:188} INFO - [2024-07-13T00:42:13.484+0000] {dagbag.py:545} INFO - Filling up the DagBag from /opt/airflow/dags/spark-bigquery-latest_2.12.jar
[2024-07-13T00:42:14.429+0000] {processor.py:842} WARNING - No viable dags retrieved from /opt/airflow/dags/spark-bigquery-latest_2.12.jar
[2024-07-13T00:42:14.446+0000] {processor.py:183} INFO - Processing /opt/airflow/dags/spark-bigquery-latest_2.12.jar took 1.026 seconds
[2024-07-13T00:43:58.735+0000] {processor.py:161} INFO - Started process (PID=35) to work on /opt/airflow/dags/spark-bigquery-latest_2.12.jar
[2024-07-13T00:43:58.738+0000] {processor.py:830} INFO - Processing file /opt/airflow/dags/spark-bigquery-latest_2.12.jar for tasks to queue
[2024-07-13T00:43:58.743+0000] {logging_mixin.py:188} INFO - [2024-07-13T00:43:58.742+0000] {dagbag.py:545} INFO - Filling up the DagBag from /opt/airflow/dags/spark-bigquery-latest_2.12.jar
[2024-07-13T00:43:59.155+0000] {processor.py:842} WARNING - No viable dags retrieved from /opt/airflow/dags/spark-bigquery-latest_2.12.jar
[2024-07-13T00:43:59.179+0000] {processor.py:183} INFO - Processing /opt/airflow/dags/spark-bigquery-latest_2.12.jar took 0.460 seconds
[2024-07-13T00:44:31.520+0000] {processor.py:161} INFO - Started process (PID=97) to work on /opt/airflow/dags/spark-bigquery-latest_2.12.jar
[2024-07-13T00:44:31.528+0000] {processor.py:830} INFO - Processing file /opt/airflow/dags/spark-bigquery-latest_2.12.jar for tasks to queue
[2024-07-13T00:44:31.532+0000] {logging_mixin.py:188} INFO - [2024-07-13T00:44:31.532+0000] {dagbag.py:545} INFO - Filling up the DagBag from /opt/airflow/dags/spark-bigquery-latest_2.12.jar
[2024-07-13T00:44:32.198+0000] {processor.py:842} WARNING - No viable dags retrieved from /opt/airflow/dags/spark-bigquery-latest_2.12.jar
[2024-07-13T00:44:32.217+0000] {processor.py:183} INFO - Processing /opt/airflow/dags/spark-bigquery-latest_2.12.jar took 0.710 seconds
[2024-07-13T00:45:04.856+0000] {processor.py:161} INFO - Started process (PID=161) to work on /opt/airflow/dags/spark-bigquery-latest_2.12.jar
[2024-07-13T00:45:04.858+0000] {processor.py:830} INFO - Processing file /opt/airflow/dags/spark-bigquery-latest_2.12.jar for tasks to queue
[2024-07-13T00:45:04.861+0000] {logging_mixin.py:188} INFO - [2024-07-13T00:45:04.861+0000] {dagbag.py:545} INFO - Filling up the DagBag from /opt/airflow/dags/spark-bigquery-latest_2.12.jar
[2024-07-13T00:45:05.199+0000] {processor.py:842} WARNING - No viable dags retrieved from /opt/airflow/dags/spark-bigquery-latest_2.12.jar
[2024-07-13T00:45:05.219+0000] {processor.py:183} INFO - Processing /opt/airflow/dags/spark-bigquery-latest_2.12.jar took 0.375 seconds
[2024-07-13T00:45:37.819+0000] {processor.py:161} INFO - Started process (PID=223) to work on /opt/airflow/dags/spark-bigquery-latest_2.12.jar
[2024-07-13T00:45:37.822+0000] {processor.py:830} INFO - Processing file /opt/airflow/dags/spark-bigquery-latest_2.12.jar for tasks to queue
[2024-07-13T00:45:37.826+0000] {logging_mixin.py:188} INFO - [2024-07-13T00:45:37.825+0000] {dagbag.py:545} INFO - Filling up the DagBag from /opt/airflow/dags/spark-bigquery-latest_2.12.jar
[2024-07-13T00:45:38.142+0000] {processor.py:842} WARNING - No viable dags retrieved from /opt/airflow/dags/spark-bigquery-latest_2.12.jar
[2024-07-13T00:45:38.169+0000] {processor.py:183} INFO - Processing /opt/airflow/dags/spark-bigquery-latest_2.12.jar took 0.363 seconds
[2024-07-13T00:46:10.655+0000] {processor.py:161} INFO - Started process (PID=285) to work on /opt/airflow/dags/spark-bigquery-latest_2.12.jar
[2024-07-13T00:46:10.657+0000] {processor.py:830} INFO - Processing file /opt/airflow/dags/spark-bigquery-latest_2.12.jar for tasks to queue
[2024-07-13T00:46:10.663+0000] {logging_mixin.py:188} INFO - [2024-07-13T00:46:10.662+0000] {dagbag.py:545} INFO - Filling up the DagBag from /opt/airflow/dags/spark-bigquery-latest_2.12.jar
[2024-07-13T00:46:10.976+0000] {processor.py:842} WARNING - No viable dags retrieved from /opt/airflow/dags/spark-bigquery-latest_2.12.jar
[2024-07-13T00:46:10.997+0000] {processor.py:183} INFO - Processing /opt/airflow/dags/spark-bigquery-latest_2.12.jar took 0.355 seconds
[2024-07-13T00:46:44.057+0000] {processor.py:161} INFO - Started process (PID=353) to work on /opt/airflow/dags/spark-bigquery-latest_2.12.jar
[2024-07-13T00:46:44.060+0000] {processor.py:830} INFO - Processing file /opt/airflow/dags/spark-bigquery-latest_2.12.jar for tasks to queue
[2024-07-13T00:46:44.063+0000] {logging_mixin.py:188} INFO - [2024-07-13T00:46:44.063+0000] {dagbag.py:545} INFO - Filling up the DagBag from /opt/airflow/dags/spark-bigquery-latest_2.12.jar
[2024-07-13T00:46:44.412+0000] {processor.py:842} WARNING - No viable dags retrieved from /opt/airflow/dags/spark-bigquery-latest_2.12.jar
[2024-07-13T00:46:44.433+0000] {processor.py:183} INFO - Processing /opt/airflow/dags/spark-bigquery-latest_2.12.jar took 0.388 seconds
[2024-07-13T00:47:17.602+0000] {processor.py:161} INFO - Started process (PID=414) to work on /opt/airflow/dags/spark-bigquery-latest_2.12.jar
[2024-07-13T00:47:17.604+0000] {processor.py:830} INFO - Processing file /opt/airflow/dags/spark-bigquery-latest_2.12.jar for tasks to queue
[2024-07-13T00:47:17.608+0000] {logging_mixin.py:188} INFO - [2024-07-13T00:47:17.607+0000] {dagbag.py:545} INFO - Filling up the DagBag from /opt/airflow/dags/spark-bigquery-latest_2.12.jar
[2024-07-13T00:47:17.959+0000] {processor.py:842} WARNING - No viable dags retrieved from /opt/airflow/dags/spark-bigquery-latest_2.12.jar
[2024-07-13T00:47:17.982+0000] {processor.py:183} INFO - Processing /opt/airflow/dags/spark-bigquery-latest_2.12.jar took 0.393 seconds
[2024-07-13T00:47:53.402+0000] {processor.py:161} INFO - Started process (PID=475) to work on /opt/airflow/dags/spark-bigquery-latest_2.12.jar
[2024-07-13T00:47:53.411+0000] {processor.py:830} INFO - Processing file /opt/airflow/dags/spark-bigquery-latest_2.12.jar for tasks to queue
[2024-07-13T00:47:53.416+0000] {logging_mixin.py:188} INFO - [2024-07-13T00:47:53.415+0000] {dagbag.py:545} INFO - Filling up the DagBag from /opt/airflow/dags/spark-bigquery-latest_2.12.jar
[2024-07-13T00:47:54.480+0000] {processor.py:842} WARNING - No viable dags retrieved from /opt/airflow/dags/spark-bigquery-latest_2.12.jar
[2024-07-13T00:47:54.501+0000] {processor.py:183} INFO - Processing /opt/airflow/dags/spark-bigquery-latest_2.12.jar took 1.129 seconds
[2024-07-13T00:48:29.080+0000] {processor.py:161} INFO - Started process (PID=537) to work on /opt/airflow/dags/spark-bigquery-latest_2.12.jar
[2024-07-13T00:48:29.083+0000] {processor.py:830} INFO - Processing file /opt/airflow/dags/spark-bigquery-latest_2.12.jar for tasks to queue
[2024-07-13T00:48:29.088+0000] {logging_mixin.py:188} INFO - [2024-07-13T00:48:29.087+0000] {dagbag.py:545} INFO - Filling up the DagBag from /opt/airflow/dags/spark-bigquery-latest_2.12.jar
[2024-07-13T00:48:29.502+0000] {processor.py:842} WARNING - No viable dags retrieved from /opt/airflow/dags/spark-bigquery-latest_2.12.jar
[2024-07-13T00:48:29.526+0000] {processor.py:183} INFO - Processing /opt/airflow/dags/spark-bigquery-latest_2.12.jar took 0.462 seconds
[2024-07-13T00:49:03.518+0000] {processor.py:161} INFO - Started process (PID=599) to work on /opt/airflow/dags/spark-bigquery-latest_2.12.jar
[2024-07-13T00:49:03.521+0000] {processor.py:830} INFO - Processing file /opt/airflow/dags/spark-bigquery-latest_2.12.jar for tasks to queue
[2024-07-13T00:49:03.526+0000] {logging_mixin.py:188} INFO - [2024-07-13T00:49:03.525+0000] {dagbag.py:545} INFO - Filling up the DagBag from /opt/airflow/dags/spark-bigquery-latest_2.12.jar
[2024-07-13T00:49:03.857+0000] {processor.py:842} WARNING - No viable dags retrieved from /opt/airflow/dags/spark-bigquery-latest_2.12.jar
[2024-07-13T00:49:03.878+0000] {processor.py:183} INFO - Processing /opt/airflow/dags/spark-bigquery-latest_2.12.jar took 0.377 seconds
[2024-07-13T00:49:37.228+0000] {processor.py:161} INFO - Started process (PID=661) to work on /opt/airflow/dags/spark-bigquery-latest_2.12.jar
[2024-07-13T00:49:37.232+0000] {processor.py:830} INFO - Processing file /opt/airflow/dags/spark-bigquery-latest_2.12.jar for tasks to queue
[2024-07-13T00:49:37.236+0000] {logging_mixin.py:188} INFO - [2024-07-13T00:49:37.236+0000] {dagbag.py:545} INFO - Filling up the DagBag from /opt/airflow/dags/spark-bigquery-latest_2.12.jar
[2024-07-13T00:49:37.636+0000] {processor.py:842} WARNING - No viable dags retrieved from /opt/airflow/dags/spark-bigquery-latest_2.12.jar
[2024-07-13T00:49:37.656+0000] {processor.py:183} INFO - Processing /opt/airflow/dags/spark-bigquery-latest_2.12.jar took 0.444 seconds
[2024-07-13T00:50:10.953+0000] {processor.py:161} INFO - Started process (PID=725) to work on /opt/airflow/dags/spark-bigquery-latest_2.12.jar
[2024-07-13T00:50:10.956+0000] {processor.py:830} INFO - Processing file /opt/airflow/dags/spark-bigquery-latest_2.12.jar for tasks to queue
[2024-07-13T00:50:10.961+0000] {logging_mixin.py:188} INFO - [2024-07-13T00:50:10.960+0000] {dagbag.py:545} INFO - Filling up the DagBag from /opt/airflow/dags/spark-bigquery-latest_2.12.jar
[2024-07-13T00:50:11.838+0000] {processor.py:842} WARNING - No viable dags retrieved from /opt/airflow/dags/spark-bigquery-latest_2.12.jar
[2024-07-13T00:50:11.859+0000] {processor.py:183} INFO - Processing /opt/airflow/dags/spark-bigquery-latest_2.12.jar took 0.926 seconds
[2024-07-13T00:50:44.422+0000] {processor.py:161} INFO - Started process (PID=794) to work on /opt/airflow/dags/spark-bigquery-latest_2.12.jar
[2024-07-13T00:50:44.425+0000] {processor.py:830} INFO - Processing file /opt/airflow/dags/spark-bigquery-latest_2.12.jar for tasks to queue
[2024-07-13T00:50:44.433+0000] {logging_mixin.py:188} INFO - [2024-07-13T00:50:44.432+0000] {dagbag.py:545} INFO - Filling up the DagBag from /opt/airflow/dags/spark-bigquery-latest_2.12.jar
[2024-07-13T00:50:45.264+0000] {processor.py:842} WARNING - No viable dags retrieved from /opt/airflow/dags/spark-bigquery-latest_2.12.jar
[2024-07-13T00:50:45.284+0000] {processor.py:183} INFO - Processing /opt/airflow/dags/spark-bigquery-latest_2.12.jar took 0.895 seconds
[2024-07-13T00:51:18.394+0000] {processor.py:161} INFO - Started process (PID=858) to work on /opt/airflow/dags/spark-bigquery-latest_2.12.jar
[2024-07-13T00:51:18.396+0000] {processor.py:830} INFO - Processing file /opt/airflow/dags/spark-bigquery-latest_2.12.jar for tasks to queue
[2024-07-13T00:51:18.400+0000] {logging_mixin.py:188} INFO - [2024-07-13T00:51:18.400+0000] {dagbag.py:545} INFO - Filling up the DagBag from /opt/airflow/dags/spark-bigquery-latest_2.12.jar
[2024-07-13T00:51:18.785+0000] {processor.py:842} WARNING - No viable dags retrieved from /opt/airflow/dags/spark-bigquery-latest_2.12.jar
[2024-07-13T00:51:18.819+0000] {processor.py:183} INFO - Processing /opt/airflow/dags/spark-bigquery-latest_2.12.jar took 0.440 seconds
[2024-07-13T00:51:51.387+0000] {processor.py:161} INFO - Started process (PID=919) to work on /opt/airflow/dags/spark-bigquery-latest_2.12.jar
[2024-07-13T00:51:51.392+0000] {processor.py:830} INFO - Processing file /opt/airflow/dags/spark-bigquery-latest_2.12.jar for tasks to queue
[2024-07-13T00:51:51.401+0000] {logging_mixin.py:188} INFO - [2024-07-13T00:51:51.399+0000] {dagbag.py:545} INFO - Filling up the DagBag from /opt/airflow/dags/spark-bigquery-latest_2.12.jar
[2024-07-13T00:51:51.899+0000] {processor.py:842} WARNING - No viable dags retrieved from /opt/airflow/dags/spark-bigquery-latest_2.12.jar
[2024-07-13T00:51:51.923+0000] {processor.py:183} INFO - Processing /opt/airflow/dags/spark-bigquery-latest_2.12.jar took 0.562 seconds
[2024-07-13T00:52:24.470+0000] {processor.py:161} INFO - Started process (PID=982) to work on /opt/airflow/dags/spark-bigquery-latest_2.12.jar
[2024-07-13T00:52:24.472+0000] {processor.py:830} INFO - Processing file /opt/airflow/dags/spark-bigquery-latest_2.12.jar for tasks to queue
[2024-07-13T00:52:24.476+0000] {logging_mixin.py:188} INFO - [2024-07-13T00:52:24.476+0000] {dagbag.py:545} INFO - Filling up the DagBag from /opt/airflow/dags/spark-bigquery-latest_2.12.jar
[2024-07-13T00:52:24.838+0000] {processor.py:842} WARNING - No viable dags retrieved from /opt/airflow/dags/spark-bigquery-latest_2.12.jar
[2024-07-13T00:52:24.864+0000] {processor.py:183} INFO - Processing /opt/airflow/dags/spark-bigquery-latest_2.12.jar took 0.407 seconds
[2024-07-13T00:52:57.344+0000] {processor.py:161} INFO - Started process (PID=1045) to work on /opt/airflow/dags/spark-bigquery-latest_2.12.jar
[2024-07-13T00:52:57.346+0000] {processor.py:830} INFO - Processing file /opt/airflow/dags/spark-bigquery-latest_2.12.jar for tasks to queue
[2024-07-13T00:52:57.350+0000] {logging_mixin.py:188} INFO - [2024-07-13T00:52:57.349+0000] {dagbag.py:545} INFO - Filling up the DagBag from /opt/airflow/dags/spark-bigquery-latest_2.12.jar
[2024-07-13T00:52:57.669+0000] {processor.py:842} WARNING - No viable dags retrieved from /opt/airflow/dags/spark-bigquery-latest_2.12.jar
[2024-07-13T00:52:57.694+0000] {processor.py:183} INFO - Processing /opt/airflow/dags/spark-bigquery-latest_2.12.jar took 0.364 seconds
[2024-07-13T00:53:30.158+0000] {processor.py:161} INFO - Started process (PID=1109) to work on /opt/airflow/dags/spark-bigquery-latest_2.12.jar
[2024-07-13T00:53:30.161+0000] {processor.py:830} INFO - Processing file /opt/airflow/dags/spark-bigquery-latest_2.12.jar for tasks to queue
[2024-07-13T00:53:30.164+0000] {logging_mixin.py:188} INFO - [2024-07-13T00:53:30.163+0000] {dagbag.py:545} INFO - Filling up the DagBag from /opt/airflow/dags/spark-bigquery-latest_2.12.jar
[2024-07-13T00:53:30.911+0000] {processor.py:842} WARNING - No viable dags retrieved from /opt/airflow/dags/spark-bigquery-latest_2.12.jar
[2024-07-13T00:53:30.933+0000] {processor.py:183} INFO - Processing /opt/airflow/dags/spark-bigquery-latest_2.12.jar took 0.787 seconds
[2024-07-13T00:54:03.440+0000] {processor.py:161} INFO - Started process (PID=1175) to work on /opt/airflow/dags/spark-bigquery-latest_2.12.jar
[2024-07-13T00:54:03.442+0000] {processor.py:830} INFO - Processing file /opt/airflow/dags/spark-bigquery-latest_2.12.jar for tasks to queue
[2024-07-13T00:54:03.445+0000] {logging_mixin.py:188} INFO - [2024-07-13T00:54:03.445+0000] {dagbag.py:545} INFO - Filling up the DagBag from /opt/airflow/dags/spark-bigquery-latest_2.12.jar
[2024-07-13T00:54:03.792+0000] {processor.py:842} WARNING - No viable dags retrieved from /opt/airflow/dags/spark-bigquery-latest_2.12.jar
[2024-07-13T00:54:03.815+0000] {processor.py:183} INFO - Processing /opt/airflow/dags/spark-bigquery-latest_2.12.jar took 0.387 seconds
[2024-07-13T00:54:36.527+0000] {processor.py:161} INFO - Started process (PID=1237) to work on /opt/airflow/dags/spark-bigquery-latest_2.12.jar
[2024-07-13T00:54:36.529+0000] {processor.py:830} INFO - Processing file /opt/airflow/dags/spark-bigquery-latest_2.12.jar for tasks to queue
[2024-07-13T00:54:36.533+0000] {logging_mixin.py:188} INFO - [2024-07-13T00:54:36.533+0000] {dagbag.py:545} INFO - Filling up the DagBag from /opt/airflow/dags/spark-bigquery-latest_2.12.jar
[2024-07-13T00:54:36.889+0000] {processor.py:842} WARNING - No viable dags retrieved from /opt/airflow/dags/spark-bigquery-latest_2.12.jar
[2024-07-13T00:54:36.914+0000] {processor.py:183} INFO - Processing /opt/airflow/dags/spark-bigquery-latest_2.12.jar took 0.401 seconds
[2024-07-13T00:55:09.423+0000] {processor.py:161} INFO - Started process (PID=1301) to work on /opt/airflow/dags/spark-bigquery-latest_2.12.jar
[2024-07-13T00:55:09.426+0000] {processor.py:830} INFO - Processing file /opt/airflow/dags/spark-bigquery-latest_2.12.jar for tasks to queue
[2024-07-13T00:55:09.430+0000] {logging_mixin.py:188} INFO - [2024-07-13T00:55:09.429+0000] {dagbag.py:545} INFO - Filling up the DagBag from /opt/airflow/dags/spark-bigquery-latest_2.12.jar
[2024-07-13T00:55:09.757+0000] {processor.py:842} WARNING - No viable dags retrieved from /opt/airflow/dags/spark-bigquery-latest_2.12.jar
[2024-07-13T00:55:09.781+0000] {processor.py:183} INFO - Processing /opt/airflow/dags/spark-bigquery-latest_2.12.jar took 0.370 seconds
[2024-07-13T00:58:55.094+0000] {processor.py:161} INFO - Started process (PID=36) to work on /opt/airflow/dags/spark-bigquery-latest_2.12.jar
[2024-07-13T00:58:55.099+0000] {processor.py:830} INFO - Processing file /opt/airflow/dags/spark-bigquery-latest_2.12.jar for tasks to queue
[2024-07-13T00:58:55.104+0000] {logging_mixin.py:188} INFO - [2024-07-13T00:58:55.104+0000] {dagbag.py:545} INFO - Filling up the DagBag from /opt/airflow/dags/spark-bigquery-latest_2.12.jar
[2024-07-13T00:58:55.559+0000] {processor.py:842} WARNING - No viable dags retrieved from /opt/airflow/dags/spark-bigquery-latest_2.12.jar
[2024-07-13T00:58:55.595+0000] {processor.py:183} INFO - Processing /opt/airflow/dags/spark-bigquery-latest_2.12.jar took 0.519 seconds
[2024-07-13T00:59:28.054+0000] {processor.py:161} INFO - Started process (PID=99) to work on /opt/airflow/dags/spark-bigquery-latest_2.12.jar
[2024-07-13T00:59:28.056+0000] {processor.py:830} INFO - Processing file /opt/airflow/dags/spark-bigquery-latest_2.12.jar for tasks to queue
[2024-07-13T00:59:28.060+0000] {logging_mixin.py:188} INFO - [2024-07-13T00:59:28.059+0000] {dagbag.py:545} INFO - Filling up the DagBag from /opt/airflow/dags/spark-bigquery-latest_2.12.jar
[2024-07-13T00:59:28.772+0000] {processor.py:842} WARNING - No viable dags retrieved from /opt/airflow/dags/spark-bigquery-latest_2.12.jar
[2024-07-13T00:59:28.792+0000] {processor.py:183} INFO - Processing /opt/airflow/dags/spark-bigquery-latest_2.12.jar took 0.752 seconds
[2024-07-13T01:00:01.457+0000] {processor.py:161} INFO - Started process (PID=163) to work on /opt/airflow/dags/spark-bigquery-latest_2.12.jar
[2024-07-13T01:00:01.460+0000] {processor.py:830} INFO - Processing file /opt/airflow/dags/spark-bigquery-latest_2.12.jar for tasks to queue
[2024-07-13T01:00:01.464+0000] {logging_mixin.py:188} INFO - [2024-07-13T01:00:01.463+0000] {dagbag.py:545} INFO - Filling up the DagBag from /opt/airflow/dags/spark-bigquery-latest_2.12.jar
[2024-07-13T01:00:01.797+0000] {processor.py:842} WARNING - No viable dags retrieved from /opt/airflow/dags/spark-bigquery-latest_2.12.jar
[2024-07-13T01:00:01.828+0000] {processor.py:183} INFO - Processing /opt/airflow/dags/spark-bigquery-latest_2.12.jar took 0.385 seconds
[2024-07-13T01:00:34.477+0000] {processor.py:161} INFO - Started process (PID=225) to work on /opt/airflow/dags/spark-bigquery-latest_2.12.jar
[2024-07-13T01:00:34.479+0000] {processor.py:830} INFO - Processing file /opt/airflow/dags/spark-bigquery-latest_2.12.jar for tasks to queue
[2024-07-13T01:00:34.485+0000] {logging_mixin.py:188} INFO - [2024-07-13T01:00:34.484+0000] {dagbag.py:545} INFO - Filling up the DagBag from /opt/airflow/dags/spark-bigquery-latest_2.12.jar
[2024-07-13T01:00:34.877+0000] {processor.py:842} WARNING - No viable dags retrieved from /opt/airflow/dags/spark-bigquery-latest_2.12.jar
[2024-07-13T01:00:34.905+0000] {processor.py:183} INFO - Processing /opt/airflow/dags/spark-bigquery-latest_2.12.jar took 0.443 seconds
[2024-07-13T01:01:07.777+0000] {processor.py:161} INFO - Started process (PID=293) to work on /opt/airflow/dags/spark-bigquery-latest_2.12.jar
[2024-07-13T01:01:07.779+0000] {processor.py:830} INFO - Processing file /opt/airflow/dags/spark-bigquery-latest_2.12.jar for tasks to queue
[2024-07-13T01:01:07.783+0000] {logging_mixin.py:188} INFO - [2024-07-13T01:01:07.782+0000] {dagbag.py:545} INFO - Filling up the DagBag from /opt/airflow/dags/spark-bigquery-latest_2.12.jar
[2024-07-13T01:01:08.138+0000] {processor.py:842} WARNING - No viable dags retrieved from /opt/airflow/dags/spark-bigquery-latest_2.12.jar
[2024-07-13T01:01:08.166+0000] {processor.py:183} INFO - Processing /opt/airflow/dags/spark-bigquery-latest_2.12.jar took 0.402 seconds
[2024-07-13T01:01:41.248+0000] {processor.py:161} INFO - Started process (PID=355) to work on /opt/airflow/dags/spark-bigquery-latest_2.12.jar
[2024-07-13T01:01:41.250+0000] {processor.py:830} INFO - Processing file /opt/airflow/dags/spark-bigquery-latest_2.12.jar for tasks to queue
[2024-07-13T01:01:41.255+0000] {logging_mixin.py:188} INFO - [2024-07-13T01:01:41.254+0000] {dagbag.py:545} INFO - Filling up the DagBag from /opt/airflow/dags/spark-bigquery-latest_2.12.jar
[2024-07-13T01:01:41.581+0000] {processor.py:842} WARNING - No viable dags retrieved from /opt/airflow/dags/spark-bigquery-latest_2.12.jar
[2024-07-13T01:01:41.610+0000] {processor.py:183} INFO - Processing /opt/airflow/dags/spark-bigquery-latest_2.12.jar took 0.377 seconds
[2024-07-13T01:02:15.066+0000] {processor.py:161} INFO - Started process (PID=416) to work on /opt/airflow/dags/spark-bigquery-latest_2.12.jar
[2024-07-13T01:02:15.070+0000] {processor.py:830} INFO - Processing file /opt/airflow/dags/spark-bigquery-latest_2.12.jar for tasks to queue
[2024-07-13T01:02:15.075+0000] {logging_mixin.py:188} INFO - [2024-07-13T01:02:15.074+0000] {dagbag.py:545} INFO - Filling up the DagBag from /opt/airflow/dags/spark-bigquery-latest_2.12.jar
[2024-07-13T01:02:15.438+0000] {processor.py:842} WARNING - No viable dags retrieved from /opt/airflow/dags/spark-bigquery-latest_2.12.jar
[2024-07-13T01:02:15.466+0000] {processor.py:183} INFO - Processing /opt/airflow/dags/spark-bigquery-latest_2.12.jar took 0.418 seconds
[2024-07-13T01:02:48.361+0000] {processor.py:161} INFO - Started process (PID=478) to work on /opt/airflow/dags/spark-bigquery-latest_2.12.jar
[2024-07-13T01:02:48.363+0000] {processor.py:830} INFO - Processing file /opt/airflow/dags/spark-bigquery-latest_2.12.jar for tasks to queue
[2024-07-13T01:02:48.367+0000] {logging_mixin.py:188} INFO - [2024-07-13T01:02:48.366+0000] {dagbag.py:545} INFO - Filling up the DagBag from /opt/airflow/dags/spark-bigquery-latest_2.12.jar
[2024-07-13T01:02:49.318+0000] {processor.py:842} WARNING - No viable dags retrieved from /opt/airflow/dags/spark-bigquery-latest_2.12.jar
[2024-07-13T01:02:49.343+0000] {processor.py:183} INFO - Processing /opt/airflow/dags/spark-bigquery-latest_2.12.jar took 0.994 seconds
[2024-07-13T01:03:23.586+0000] {processor.py:161} INFO - Started process (PID=540) to work on /opt/airflow/dags/spark-bigquery-latest_2.12.jar
[2024-07-13T01:03:23.589+0000] {processor.py:830} INFO - Processing file /opt/airflow/dags/spark-bigquery-latest_2.12.jar for tasks to queue
[2024-07-13T01:03:23.595+0000] {logging_mixin.py:188} INFO - [2024-07-13T01:03:23.594+0000] {dagbag.py:545} INFO - Filling up the DagBag from /opt/airflow/dags/spark-bigquery-latest_2.12.jar
[2024-07-13T01:03:24.055+0000] {processor.py:842} WARNING - No viable dags retrieved from /opt/airflow/dags/spark-bigquery-latest_2.12.jar
[2024-07-13T01:03:24.088+0000] {processor.py:183} INFO - Processing /opt/airflow/dags/spark-bigquery-latest_2.12.jar took 0.521 seconds
[2024-07-13T01:03:57.471+0000] {processor.py:161} INFO - Started process (PID=603) to work on /opt/airflow/dags/spark-bigquery-latest_2.12.jar
[2024-07-13T01:03:57.476+0000] {processor.py:830} INFO - Processing file /opt/airflow/dags/spark-bigquery-latest_2.12.jar for tasks to queue
[2024-07-13T01:03:57.481+0000] {logging_mixin.py:188} INFO - [2024-07-13T01:03:57.480+0000] {dagbag.py:545} INFO - Filling up the DagBag from /opt/airflow/dags/spark-bigquery-latest_2.12.jar
[2024-07-13T01:03:57.822+0000] {processor.py:842} WARNING - No viable dags retrieved from /opt/airflow/dags/spark-bigquery-latest_2.12.jar
[2024-07-13T01:03:57.850+0000] {processor.py:183} INFO - Processing /opt/airflow/dags/spark-bigquery-latest_2.12.jar took 0.399 seconds
[2024-07-13T01:04:31.203+0000] {processor.py:161} INFO - Started process (PID=665) to work on /opt/airflow/dags/spark-bigquery-latest_2.12.jar
[2024-07-13T01:04:31.206+0000] {processor.py:830} INFO - Processing file /opt/airflow/dags/spark-bigquery-latest_2.12.jar for tasks to queue
[2024-07-13T01:04:31.210+0000] {logging_mixin.py:188} INFO - [2024-07-13T01:04:31.209+0000] {dagbag.py:545} INFO - Filling up the DagBag from /opt/airflow/dags/spark-bigquery-latest_2.12.jar
[2024-07-13T01:04:31.540+0000] {processor.py:842} WARNING - No viable dags retrieved from /opt/airflow/dags/spark-bigquery-latest_2.12.jar
[2024-07-13T01:04:31.579+0000] {processor.py:183} INFO - Processing /opt/airflow/dags/spark-bigquery-latest_2.12.jar took 0.391 seconds
[2024-07-13T01:05:04.632+0000] {processor.py:161} INFO - Started process (PID=727) to work on /opt/airflow/dags/spark-bigquery-latest_2.12.jar
[2024-07-13T01:05:04.636+0000] {processor.py:830} INFO - Processing file /opt/airflow/dags/spark-bigquery-latest_2.12.jar for tasks to queue
[2024-07-13T01:05:04.642+0000] {logging_mixin.py:188} INFO - [2024-07-13T01:05:04.641+0000] {dagbag.py:545} INFO - Filling up the DagBag from /opt/airflow/dags/spark-bigquery-latest_2.12.jar
[2024-07-13T01:05:05.086+0000] {processor.py:842} WARNING - No viable dags retrieved from /opt/airflow/dags/spark-bigquery-latest_2.12.jar
[2024-07-13T01:05:05.115+0000] {processor.py:183} INFO - Processing /opt/airflow/dags/spark-bigquery-latest_2.12.jar took 0.500 seconds
[2024-07-13T01:05:37.718+0000] {processor.py:161} INFO - Started process (PID=788) to work on /opt/airflow/dags/spark-bigquery-latest_2.12.jar
[2024-07-13T01:05:37.720+0000] {processor.py:830} INFO - Processing file /opt/airflow/dags/spark-bigquery-latest_2.12.jar for tasks to queue
[2024-07-13T01:05:37.725+0000] {logging_mixin.py:188} INFO - [2024-07-13T01:05:37.724+0000] {dagbag.py:545} INFO - Filling up the DagBag from /opt/airflow/dags/spark-bigquery-latest_2.12.jar
[2024-07-13T01:05:38.713+0000] {processor.py:842} WARNING - No viable dags retrieved from /opt/airflow/dags/spark-bigquery-latest_2.12.jar
[2024-07-13T01:05:38.738+0000] {processor.py:183} INFO - Processing /opt/airflow/dags/spark-bigquery-latest_2.12.jar took 1.038 seconds
[2024-07-13T01:06:11.444+0000] {processor.py:161} INFO - Started process (PID=857) to work on /opt/airflow/dags/spark-bigquery-latest_2.12.jar
[2024-07-13T01:06:11.447+0000] {processor.py:830} INFO - Processing file /opt/airflow/dags/spark-bigquery-latest_2.12.jar for tasks to queue
[2024-07-13T01:06:11.451+0000] {logging_mixin.py:188} INFO - [2024-07-13T01:06:11.450+0000] {dagbag.py:545} INFO - Filling up the DagBag from /opt/airflow/dags/spark-bigquery-latest_2.12.jar
[2024-07-13T01:06:11.895+0000] {processor.py:842} WARNING - No viable dags retrieved from /opt/airflow/dags/spark-bigquery-latest_2.12.jar
[2024-07-13T01:06:11.921+0000] {processor.py:183} INFO - Processing /opt/airflow/dags/spark-bigquery-latest_2.12.jar took 0.492 seconds
[2024-07-13T01:06:44.392+0000] {processor.py:161} INFO - Started process (PID=919) to work on /opt/airflow/dags/spark-bigquery-latest_2.12.jar
[2024-07-13T01:06:44.393+0000] {processor.py:830} INFO - Processing file /opt/airflow/dags/spark-bigquery-latest_2.12.jar for tasks to queue
[2024-07-13T01:06:44.397+0000] {logging_mixin.py:188} INFO - [2024-07-13T01:06:44.397+0000] {dagbag.py:545} INFO - Filling up the DagBag from /opt/airflow/dags/spark-bigquery-latest_2.12.jar
[2024-07-13T01:06:44.725+0000] {processor.py:842} WARNING - No viable dags retrieved from /opt/airflow/dags/spark-bigquery-latest_2.12.jar
[2024-07-13T01:06:44.751+0000] {processor.py:183} INFO - Processing /opt/airflow/dags/spark-bigquery-latest_2.12.jar took 0.373 seconds
[2024-07-13T01:07:17.617+0000] {processor.py:161} INFO - Started process (PID=982) to work on /opt/airflow/dags/spark-bigquery-latest_2.12.jar
[2024-07-13T01:07:17.620+0000] {processor.py:830} INFO - Processing file /opt/airflow/dags/spark-bigquery-latest_2.12.jar for tasks to queue
[2024-07-13T01:07:17.624+0000] {logging_mixin.py:188} INFO - [2024-07-13T01:07:17.623+0000] {dagbag.py:545} INFO - Filling up the DagBag from /opt/airflow/dags/spark-bigquery-latest_2.12.jar
[2024-07-13T01:07:18.017+0000] {processor.py:842} WARNING - No viable dags retrieved from /opt/airflow/dags/spark-bigquery-latest_2.12.jar
[2024-07-13T01:07:18.043+0000] {processor.py:183} INFO - Processing /opt/airflow/dags/spark-bigquery-latest_2.12.jar took 0.441 seconds
[2024-07-13T01:07:50.972+0000] {processor.py:161} INFO - Started process (PID=1044) to work on /opt/airflow/dags/spark-bigquery-latest_2.12.jar
[2024-07-13T01:07:50.974+0000] {processor.py:830} INFO - Processing file /opt/airflow/dags/spark-bigquery-latest_2.12.jar for tasks to queue
[2024-07-13T01:07:50.977+0000] {logging_mixin.py:188} INFO - [2024-07-13T01:07:50.977+0000] {dagbag.py:545} INFO - Filling up the DagBag from /opt/airflow/dags/spark-bigquery-latest_2.12.jar
[2024-07-13T01:07:51.277+0000] {processor.py:842} WARNING - No viable dags retrieved from /opt/airflow/dags/spark-bigquery-latest_2.12.jar
[2024-07-13T01:07:51.300+0000] {processor.py:183} INFO - Processing /opt/airflow/dags/spark-bigquery-latest_2.12.jar took 0.339 seconds
[2024-07-13T01:08:24.277+0000] {processor.py:161} INFO - Started process (PID=1106) to work on /opt/airflow/dags/spark-bigquery-latest_2.12.jar
[2024-07-13T01:08:24.279+0000] {processor.py:830} INFO - Processing file /opt/airflow/dags/spark-bigquery-latest_2.12.jar for tasks to queue
[2024-07-13T01:08:24.283+0000] {logging_mixin.py:188} INFO - [2024-07-13T01:08:24.282+0000] {dagbag.py:545} INFO - Filling up the DagBag from /opt/airflow/dags/spark-bigquery-latest_2.12.jar
[2024-07-13T01:08:24.894+0000] {processor.py:842} WARNING - No viable dags retrieved from /opt/airflow/dags/spark-bigquery-latest_2.12.jar
[2024-07-13T01:08:24.911+0000] {processor.py:183} INFO - Processing /opt/airflow/dags/spark-bigquery-latest_2.12.jar took 0.645 seconds
[2024-07-13T01:08:57.256+0000] {processor.py:161} INFO - Started process (PID=1168) to work on /opt/airflow/dags/spark-bigquery-latest_2.12.jar
[2024-07-13T01:08:57.258+0000] {processor.py:830} INFO - Processing file /opt/airflow/dags/spark-bigquery-latest_2.12.jar for tasks to queue
[2024-07-13T01:08:57.263+0000] {logging_mixin.py:188} INFO - [2024-07-13T01:08:57.262+0000] {dagbag.py:545} INFO - Filling up the DagBag from /opt/airflow/dags/spark-bigquery-latest_2.12.jar
[2024-07-13T01:08:57.609+0000] {processor.py:842} WARNING - No viable dags retrieved from /opt/airflow/dags/spark-bigquery-latest_2.12.jar
[2024-07-13T01:08:57.632+0000] {processor.py:183} INFO - Processing /opt/airflow/dags/spark-bigquery-latest_2.12.jar took 0.389 seconds
[2024-07-13T01:09:30.022+0000] {processor.py:161} INFO - Started process (PID=1231) to work on /opt/airflow/dags/spark-bigquery-latest_2.12.jar
[2024-07-13T01:09:30.033+0000] {processor.py:830} INFO - Processing file /opt/airflow/dags/spark-bigquery-latest_2.12.jar for tasks to queue
[2024-07-13T01:09:30.038+0000] {logging_mixin.py:188} INFO - [2024-07-13T01:09:30.037+0000] {dagbag.py:545} INFO - Filling up the DagBag from /opt/airflow/dags/spark-bigquery-latest_2.12.jar
[2024-07-13T01:09:30.598+0000] {processor.py:842} WARNING - No viable dags retrieved from /opt/airflow/dags/spark-bigquery-latest_2.12.jar
[2024-07-13T01:09:30.629+0000] {processor.py:183} INFO - Processing /opt/airflow/dags/spark-bigquery-latest_2.12.jar took 0.634 seconds
[2024-07-13T01:11:13.840+0000] {processor.py:161} INFO - Started process (PID=34) to work on /opt/airflow/dags/spark-bigquery-latest_2.12.jar
[2024-07-13T01:11:13.844+0000] {processor.py:830} INFO - Processing file /opt/airflow/dags/spark-bigquery-latest_2.12.jar for tasks to queue
[2024-07-13T01:11:13.848+0000] {logging_mixin.py:188} INFO - [2024-07-13T01:11:13.848+0000] {dagbag.py:545} INFO - Filling up the DagBag from /opt/airflow/dags/spark-bigquery-latest_2.12.jar
[2024-07-13T01:11:14.304+0000] {processor.py:842} WARNING - No viable dags retrieved from /opt/airflow/dags/spark-bigquery-latest_2.12.jar
[2024-07-13T01:11:14.330+0000] {processor.py:183} INFO - Processing /opt/airflow/dags/spark-bigquery-latest_2.12.jar took 0.504 seconds
[2024-07-13T01:11:47.417+0000] {processor.py:161} INFO - Started process (PID=95) to work on /opt/airflow/dags/spark-bigquery-latest_2.12.jar
[2024-07-13T01:11:47.423+0000] {processor.py:830} INFO - Processing file /opt/airflow/dags/spark-bigquery-latest_2.12.jar for tasks to queue
[2024-07-13T01:11:47.427+0000] {logging_mixin.py:188} INFO - [2024-07-13T01:11:47.426+0000] {dagbag.py:545} INFO - Filling up the DagBag from /opt/airflow/dags/spark-bigquery-latest_2.12.jar
[2024-07-13T01:11:48.111+0000] {processor.py:842} WARNING - No viable dags retrieved from /opt/airflow/dags/spark-bigquery-latest_2.12.jar
[2024-07-13T01:11:48.133+0000] {processor.py:183} INFO - Processing /opt/airflow/dags/spark-bigquery-latest_2.12.jar took 0.731 seconds
[2024-07-13T01:12:21.089+0000] {processor.py:161} INFO - Started process (PID=157) to work on /opt/airflow/dags/spark-bigquery-latest_2.12.jar
[2024-07-13T01:12:21.092+0000] {processor.py:830} INFO - Processing file /opt/airflow/dags/spark-bigquery-latest_2.12.jar for tasks to queue
[2024-07-13T01:12:21.098+0000] {logging_mixin.py:188} INFO - [2024-07-13T01:12:21.097+0000] {dagbag.py:545} INFO - Filling up the DagBag from /opt/airflow/dags/spark-bigquery-latest_2.12.jar
[2024-07-13T01:12:21.473+0000] {processor.py:842} WARNING - No viable dags retrieved from /opt/airflow/dags/spark-bigquery-latest_2.12.jar
[2024-07-13T01:12:21.500+0000] {processor.py:183} INFO - Processing /opt/airflow/dags/spark-bigquery-latest_2.12.jar took 0.429 seconds
[2024-07-13T01:12:54.116+0000] {processor.py:161} INFO - Started process (PID=219) to work on /opt/airflow/dags/spark-bigquery-latest_2.12.jar
[2024-07-13T01:12:54.119+0000] {processor.py:830} INFO - Processing file /opt/airflow/dags/spark-bigquery-latest_2.12.jar for tasks to queue
[2024-07-13T01:12:54.122+0000] {logging_mixin.py:188} INFO - [2024-07-13T01:12:54.122+0000] {dagbag.py:545} INFO - Filling up the DagBag from /opt/airflow/dags/spark-bigquery-latest_2.12.jar
[2024-07-13T01:12:54.449+0000] {processor.py:842} WARNING - No viable dags retrieved from /opt/airflow/dags/spark-bigquery-latest_2.12.jar
[2024-07-13T01:12:54.476+0000] {processor.py:183} INFO - Processing /opt/airflow/dags/spark-bigquery-latest_2.12.jar took 0.372 seconds
[2024-07-13T01:13:28.038+0000] {processor.py:161} INFO - Started process (PID=288) to work on /opt/airflow/dags/spark-bigquery-latest_2.12.jar
[2024-07-13T01:13:28.041+0000] {processor.py:830} INFO - Processing file /opt/airflow/dags/spark-bigquery-latest_2.12.jar for tasks to queue
[2024-07-13T01:13:28.046+0000] {logging_mixin.py:188} INFO - [2024-07-13T01:13:28.045+0000] {dagbag.py:545} INFO - Filling up the DagBag from /opt/airflow/dags/spark-bigquery-latest_2.12.jar
[2024-07-13T01:13:28.557+0000] {processor.py:842} WARNING - No viable dags retrieved from /opt/airflow/dags/spark-bigquery-latest_2.12.jar
[2024-07-13T01:13:28.602+0000] {processor.py:183} INFO - Processing /opt/airflow/dags/spark-bigquery-latest_2.12.jar took 0.580 seconds
[2024-07-13T01:14:01.374+0000] {processor.py:161} INFO - Started process (PID=350) to work on /opt/airflow/dags/spark-bigquery-latest_2.12.jar
[2024-07-13T01:14:01.377+0000] {processor.py:830} INFO - Processing file /opt/airflow/dags/spark-bigquery-latest_2.12.jar for tasks to queue
[2024-07-13T01:14:01.381+0000] {logging_mixin.py:188} INFO - [2024-07-13T01:14:01.380+0000] {dagbag.py:545} INFO - Filling up the DagBag from /opt/airflow/dags/spark-bigquery-latest_2.12.jar
[2024-07-13T01:14:01.747+0000] {processor.py:842} WARNING - No viable dags retrieved from /opt/airflow/dags/spark-bigquery-latest_2.12.jar
[2024-07-13T01:14:01.773+0000] {processor.py:183} INFO - Processing /opt/airflow/dags/spark-bigquery-latest_2.12.jar took 0.413 seconds
[2024-07-13T01:14:35.288+0000] {processor.py:161} INFO - Started process (PID=412) to work on /opt/airflow/dags/spark-bigquery-latest_2.12.jar
[2024-07-13T01:14:35.291+0000] {processor.py:830} INFO - Processing file /opt/airflow/dags/spark-bigquery-latest_2.12.jar for tasks to queue
[2024-07-13T01:14:35.295+0000] {logging_mixin.py:188} INFO - [2024-07-13T01:14:35.294+0000] {dagbag.py:545} INFO - Filling up the DagBag from /opt/airflow/dags/spark-bigquery-latest_2.12.jar
[2024-07-13T01:14:35.680+0000] {processor.py:842} WARNING - No viable dags retrieved from /opt/airflow/dags/spark-bigquery-latest_2.12.jar
[2024-07-13T01:14:35.705+0000] {processor.py:183} INFO - Processing /opt/airflow/dags/spark-bigquery-latest_2.12.jar took 0.433 seconds
[2024-07-13T01:15:09.179+0000] {processor.py:161} INFO - Started process (PID=475) to work on /opt/airflow/dags/spark-bigquery-latest_2.12.jar
[2024-07-13T01:15:09.192+0000] {processor.py:830} INFO - Processing file /opt/airflow/dags/spark-bigquery-latest_2.12.jar for tasks to queue
[2024-07-13T01:15:09.198+0000] {logging_mixin.py:188} INFO - [2024-07-13T01:15:09.197+0000] {dagbag.py:545} INFO - Filling up the DagBag from /opt/airflow/dags/spark-bigquery-latest_2.12.jar
[2024-07-13T01:15:10.155+0000] {processor.py:842} WARNING - No viable dags retrieved from /opt/airflow/dags/spark-bigquery-latest_2.12.jar
[2024-07-13T01:15:10.181+0000] {processor.py:183} INFO - Processing /opt/airflow/dags/spark-bigquery-latest_2.12.jar took 1.041 seconds
[2024-07-13T01:15:43.128+0000] {processor.py:161} INFO - Started process (PID=536) to work on /opt/airflow/dags/spark-bigquery-latest_2.12.jar
[2024-07-13T01:15:43.130+0000] {processor.py:830} INFO - Processing file /opt/airflow/dags/spark-bigquery-latest_2.12.jar for tasks to queue
[2024-07-13T01:15:43.136+0000] {logging_mixin.py:188} INFO - [2024-07-13T01:15:43.135+0000] {dagbag.py:545} INFO - Filling up the DagBag from /opt/airflow/dags/spark-bigquery-latest_2.12.jar
[2024-07-13T01:15:43.637+0000] {processor.py:842} WARNING - No viable dags retrieved from /opt/airflow/dags/spark-bigquery-latest_2.12.jar
[2024-07-13T01:15:43.666+0000] {processor.py:183} INFO - Processing /opt/airflow/dags/spark-bigquery-latest_2.12.jar took 0.556 seconds
[2024-07-13T01:16:16.225+0000] {processor.py:161} INFO - Started process (PID=599) to work on /opt/airflow/dags/spark-bigquery-latest_2.12.jar
[2024-07-13T01:16:16.229+0000] {processor.py:830} INFO - Processing file /opt/airflow/dags/spark-bigquery-latest_2.12.jar for tasks to queue
[2024-07-13T01:16:16.234+0000] {logging_mixin.py:188} INFO - [2024-07-13T01:16:16.233+0000] {dagbag.py:545} INFO - Filling up the DagBag from /opt/airflow/dags/spark-bigquery-latest_2.12.jar
[2024-07-13T01:16:16.626+0000] {processor.py:842} WARNING - No viable dags retrieved from /opt/airflow/dags/spark-bigquery-latest_2.12.jar
[2024-07-13T01:16:16.649+0000] {processor.py:183} INFO - Processing /opt/airflow/dags/spark-bigquery-latest_2.12.jar took 0.440 seconds
