[2024-07-13T00:27:57.119+0000] {processor.py:161} INFO - Started process (PID=36) to work on /opt/airflow/dags/store_raw_data_dag.py
[2024-07-13T00:27:57.121+0000] {processor.py:830} INFO - Processing file /opt/airflow/dags/store_raw_data_dag.py for tasks to queue
[2024-07-13T00:27:57.123+0000] {logging_mixin.py:188} INFO - [2024-07-13T00:27:57.122+0000] {dagbag.py:545} INFO - Filling up the DagBag from /opt/airflow/dags/store_raw_data_dag.py
[2024-07-13T00:27:57.156+0000] {processor.py:840} INFO - DAG(s) 'ingestion_dag' retrieved from /opt/airflow/dags/store_raw_data_dag.py
[2024-07-13T00:27:57.417+0000] {logging_mixin.py:188} INFO - [2024-07-13T00:27:57.417+0000] {dag.py:3096} INFO - Sync 1 DAGs
[2024-07-13T00:27:57.463+0000] {logging_mixin.py:188} INFO - [2024-07-13T00:27:57.462+0000] {dag.py:3954} INFO - Setting next_dagrun for ingestion_dag to 2024-07-12 07:00:00+00:00, run_after=2024-07-13 07:00:00+00:00
[2024-07-13T00:27:57.497+0000] {processor.py:183} INFO - Processing /opt/airflow/dags/store_raw_data_dag.py took 0.389 seconds
[2024-07-13T00:28:30.332+0000] {processor.py:161} INFO - Started process (PID=98) to work on /opt/airflow/dags/store_raw_data_dag.py
[2024-07-13T00:28:30.333+0000] {processor.py:830} INFO - Processing file /opt/airflow/dags/store_raw_data_dag.py for tasks to queue
[2024-07-13T00:28:30.334+0000] {logging_mixin.py:188} INFO - [2024-07-13T00:28:30.334+0000] {dagbag.py:545} INFO - Filling up the DagBag from /opt/airflow/dags/store_raw_data_dag.py
[2024-07-13T00:28:30.352+0000] {processor.py:840} INFO - DAG(s) 'ingestion_dag' retrieved from /opt/airflow/dags/store_raw_data_dag.py
[2024-07-13T00:28:30.387+0000] {logging_mixin.py:188} INFO - [2024-07-13T00:28:30.387+0000] {dag.py:3096} INFO - Sync 1 DAGs
[2024-07-13T00:28:30.429+0000] {logging_mixin.py:188} INFO - [2024-07-13T00:28:30.429+0000] {dag.py:3954} INFO - Setting next_dagrun for ingestion_dag to 2024-07-12 07:00:00+00:00, run_after=2024-07-13 07:00:00+00:00
[2024-07-13T00:28:30.456+0000] {processor.py:183} INFO - Processing /opt/airflow/dags/store_raw_data_dag.py took 0.135 seconds
[2024-07-13T00:29:04.022+0000] {processor.py:161} INFO - Started process (PID=160) to work on /opt/airflow/dags/store_raw_data_dag.py
[2024-07-13T00:29:04.025+0000] {processor.py:830} INFO - Processing file /opt/airflow/dags/store_raw_data_dag.py for tasks to queue
[2024-07-13T00:29:04.026+0000] {logging_mixin.py:188} INFO - [2024-07-13T00:29:04.025+0000] {dagbag.py:545} INFO - Filling up the DagBag from /opt/airflow/dags/store_raw_data_dag.py
[2024-07-13T00:29:04.043+0000] {processor.py:840} INFO - DAG(s) 'ingestion_dag' retrieved from /opt/airflow/dags/store_raw_data_dag.py
[2024-07-13T00:29:04.084+0000] {logging_mixin.py:188} INFO - [2024-07-13T00:29:04.083+0000] {dag.py:3096} INFO - Sync 1 DAGs
[2024-07-13T00:29:04.128+0000] {logging_mixin.py:188} INFO - [2024-07-13T00:29:04.127+0000] {dag.py:3954} INFO - Setting next_dagrun for ingestion_dag to 2024-07-12 07:00:00+00:00, run_after=2024-07-13 07:00:00+00:00
[2024-07-13T00:29:04.156+0000] {processor.py:183} INFO - Processing /opt/airflow/dags/store_raw_data_dag.py took 0.146 seconds
[2024-07-13T00:29:37.083+0000] {processor.py:161} INFO - Started process (PID=222) to work on /opt/airflow/dags/store_raw_data_dag.py
[2024-07-13T00:29:37.085+0000] {processor.py:830} INFO - Processing file /opt/airflow/dags/store_raw_data_dag.py for tasks to queue
[2024-07-13T00:29:37.086+0000] {logging_mixin.py:188} INFO - [2024-07-13T00:29:37.086+0000] {dagbag.py:545} INFO - Filling up the DagBag from /opt/airflow/dags/store_raw_data_dag.py
[2024-07-13T00:29:37.103+0000] {processor.py:840} INFO - DAG(s) 'ingestion_dag' retrieved from /opt/airflow/dags/store_raw_data_dag.py
[2024-07-13T00:29:37.144+0000] {logging_mixin.py:188} INFO - [2024-07-13T00:29:37.143+0000] {dag.py:3096} INFO - Sync 1 DAGs
[2024-07-13T00:29:37.181+0000] {logging_mixin.py:188} INFO - [2024-07-13T00:29:37.181+0000] {dag.py:3954} INFO - Setting next_dagrun for ingestion_dag to 2024-07-12 07:00:00+00:00, run_after=2024-07-13 07:00:00+00:00
[2024-07-13T00:29:37.211+0000] {processor.py:183} INFO - Processing /opt/airflow/dags/store_raw_data_dag.py took 0.139 seconds
[2024-07-13T00:30:07.404+0000] {processor.py:161} INFO - Started process (PID=283) to work on /opt/airflow/dags/store_raw_data_dag.py
[2024-07-13T00:30:07.406+0000] {processor.py:830} INFO - Processing file /opt/airflow/dags/store_raw_data_dag.py for tasks to queue
[2024-07-13T00:30:07.408+0000] {logging_mixin.py:188} INFO - [2024-07-13T00:30:07.407+0000] {dagbag.py:545} INFO - Filling up the DagBag from /opt/airflow/dags/store_raw_data_dag.py
[2024-07-13T00:30:07.426+0000] {processor.py:840} INFO - DAG(s) 'ingestion_dag' retrieved from /opt/airflow/dags/store_raw_data_dag.py
[2024-07-13T00:30:07.460+0000] {logging_mixin.py:188} INFO - [2024-07-13T00:30:07.460+0000] {dag.py:3096} INFO - Sync 1 DAGs
[2024-07-13T00:30:07.505+0000] {logging_mixin.py:188} INFO - [2024-07-13T00:30:07.505+0000] {dag.py:3954} INFO - Setting next_dagrun for ingestion_dag to 2024-07-12 07:00:00+00:00, run_after=2024-07-13 07:00:00+00:00
[2024-07-13T00:30:07.537+0000] {processor.py:183} INFO - Processing /opt/airflow/dags/store_raw_data_dag.py took 0.145 seconds
[2024-07-13T00:30:39.986+0000] {processor.py:161} INFO - Started process (PID=345) to work on /opt/airflow/dags/store_raw_data_dag.py
[2024-07-13T00:30:39.989+0000] {processor.py:830} INFO - Processing file /opt/airflow/dags/store_raw_data_dag.py for tasks to queue
[2024-07-13T00:30:39.992+0000] {logging_mixin.py:188} INFO - [2024-07-13T00:30:39.991+0000] {dagbag.py:545} INFO - Filling up the DagBag from /opt/airflow/dags/store_raw_data_dag.py
[2024-07-13T00:30:40.027+0000] {processor.py:840} INFO - DAG(s) 'ingestion_dag' retrieved from /opt/airflow/dags/store_raw_data_dag.py
[2024-07-13T00:30:40.090+0000] {logging_mixin.py:188} INFO - [2024-07-13T00:30:40.089+0000] {dag.py:3096} INFO - Sync 1 DAGs
[2024-07-13T00:30:40.145+0000] {logging_mixin.py:188} INFO - [2024-07-13T00:30:40.145+0000] {dag.py:3954} INFO - Setting next_dagrun for ingestion_dag to 2024-07-12 07:00:00+00:00, run_after=2024-07-13 07:00:00+00:00
[2024-07-13T00:30:40.184+0000] {processor.py:183} INFO - Processing /opt/airflow/dags/store_raw_data_dag.py took 0.222 seconds
[2024-07-13T00:31:10.492+0000] {processor.py:161} INFO - Started process (PID=407) to work on /opt/airflow/dags/store_raw_data_dag.py
[2024-07-13T00:31:10.493+0000] {processor.py:830} INFO - Processing file /opt/airflow/dags/store_raw_data_dag.py for tasks to queue
[2024-07-13T00:31:10.495+0000] {logging_mixin.py:188} INFO - [2024-07-13T00:31:10.494+0000] {dagbag.py:545} INFO - Filling up the DagBag from /opt/airflow/dags/store_raw_data_dag.py
[2024-07-13T00:31:10.514+0000] {processor.py:840} INFO - DAG(s) 'ingestion_dag' retrieved from /opt/airflow/dags/store_raw_data_dag.py
[2024-07-13T00:31:10.558+0000] {logging_mixin.py:188} INFO - [2024-07-13T00:31:10.557+0000] {dag.py:3096} INFO - Sync 1 DAGs
[2024-07-13T00:31:10.611+0000] {logging_mixin.py:188} INFO - [2024-07-13T00:31:10.610+0000] {dag.py:3954} INFO - Setting next_dagrun for ingestion_dag to 2024-07-12 07:00:00+00:00, run_after=2024-07-13 07:00:00+00:00
[2024-07-13T00:31:10.644+0000] {processor.py:183} INFO - Processing /opt/airflow/dags/store_raw_data_dag.py took 0.164 seconds
[2024-07-13T00:31:41.172+0000] {processor.py:161} INFO - Started process (PID=475) to work on /opt/airflow/dags/store_raw_data_dag.py
[2024-07-13T00:31:41.173+0000] {processor.py:830} INFO - Processing file /opt/airflow/dags/store_raw_data_dag.py for tasks to queue
[2024-07-13T00:31:41.175+0000] {logging_mixin.py:188} INFO - [2024-07-13T00:31:41.174+0000] {dagbag.py:545} INFO - Filling up the DagBag from /opt/airflow/dags/store_raw_data_dag.py
[2024-07-13T00:31:41.198+0000] {processor.py:840} INFO - DAG(s) 'ingestion_dag' retrieved from /opt/airflow/dags/store_raw_data_dag.py
[2024-07-13T00:31:41.241+0000] {logging_mixin.py:188} INFO - [2024-07-13T00:31:41.241+0000] {dag.py:3096} INFO - Sync 1 DAGs
[2024-07-13T00:31:41.288+0000] {logging_mixin.py:188} INFO - [2024-07-13T00:31:41.288+0000] {dag.py:3954} INFO - Setting next_dagrun for ingestion_dag to 2024-07-12 07:00:00+00:00, run_after=2024-07-13 07:00:00+00:00
[2024-07-13T00:31:41.316+0000] {processor.py:183} INFO - Processing /opt/airflow/dags/store_raw_data_dag.py took 0.158 seconds
[2024-07-13T00:32:11.848+0000] {processor.py:161} INFO - Started process (PID=537) to work on /opt/airflow/dags/store_raw_data_dag.py
[2024-07-13T00:32:11.850+0000] {processor.py:830} INFO - Processing file /opt/airflow/dags/store_raw_data_dag.py for tasks to queue
[2024-07-13T00:32:11.851+0000] {logging_mixin.py:188} INFO - [2024-07-13T00:32:11.851+0000] {dagbag.py:545} INFO - Filling up the DagBag from /opt/airflow/dags/store_raw_data_dag.py
[2024-07-13T00:32:11.874+0000] {processor.py:840} INFO - DAG(s) 'ingestion_dag' retrieved from /opt/airflow/dags/store_raw_data_dag.py
[2024-07-13T00:32:11.920+0000] {logging_mixin.py:188} INFO - [2024-07-13T00:32:11.919+0000] {dag.py:3096} INFO - Sync 1 DAGs
[2024-07-13T00:32:11.967+0000] {logging_mixin.py:188} INFO - [2024-07-13T00:32:11.966+0000] {dag.py:3954} INFO - Setting next_dagrun for ingestion_dag to 2024-07-12 07:00:00+00:00, run_after=2024-07-13 07:00:00+00:00
[2024-07-13T00:32:12.002+0000] {processor.py:183} INFO - Processing /opt/airflow/dags/store_raw_data_dag.py took 0.168 seconds
[2024-07-13T00:32:42.239+0000] {processor.py:161} INFO - Started process (PID=599) to work on /opt/airflow/dags/store_raw_data_dag.py
[2024-07-13T00:32:42.241+0000] {processor.py:830} INFO - Processing file /opt/airflow/dags/store_raw_data_dag.py for tasks to queue
[2024-07-13T00:32:42.242+0000] {logging_mixin.py:188} INFO - [2024-07-13T00:32:42.242+0000] {dagbag.py:545} INFO - Filling up the DagBag from /opt/airflow/dags/store_raw_data_dag.py
[2024-07-13T00:32:42.263+0000] {processor.py:840} INFO - DAG(s) 'ingestion_dag' retrieved from /opt/airflow/dags/store_raw_data_dag.py
[2024-07-13T00:32:42.306+0000] {logging_mixin.py:188} INFO - [2024-07-13T00:32:42.305+0000] {dag.py:3096} INFO - Sync 1 DAGs
[2024-07-13T00:32:42.350+0000] {logging_mixin.py:188} INFO - [2024-07-13T00:32:42.349+0000] {dag.py:3954} INFO - Setting next_dagrun for ingestion_dag to 2024-07-12 07:00:00+00:00, run_after=2024-07-13 07:00:00+00:00
[2024-07-13T00:32:42.382+0000] {processor.py:183} INFO - Processing /opt/airflow/dags/store_raw_data_dag.py took 0.158 seconds
[2024-07-13T00:33:12.912+0000] {processor.py:161} INFO - Started process (PID=661) to work on /opt/airflow/dags/store_raw_data_dag.py
[2024-07-13T00:33:12.915+0000] {processor.py:830} INFO - Processing file /opt/airflow/dags/store_raw_data_dag.py for tasks to queue
[2024-07-13T00:33:12.916+0000] {logging_mixin.py:188} INFO - [2024-07-13T00:33:12.916+0000] {dagbag.py:545} INFO - Filling up the DagBag from /opt/airflow/dags/store_raw_data_dag.py
[2024-07-13T00:33:12.935+0000] {processor.py:840} INFO - DAG(s) 'ingestion_dag' retrieved from /opt/airflow/dags/store_raw_data_dag.py
[2024-07-13T00:33:12.970+0000] {logging_mixin.py:188} INFO - [2024-07-13T00:33:12.970+0000] {dag.py:3096} INFO - Sync 1 DAGs
[2024-07-13T00:33:13.007+0000] {logging_mixin.py:188} INFO - [2024-07-13T00:33:13.006+0000] {dag.py:3954} INFO - Setting next_dagrun for ingestion_dag to 2024-07-12 07:00:00+00:00, run_after=2024-07-13 07:00:00+00:00
[2024-07-13T00:33:13.033+0000] {processor.py:183} INFO - Processing /opt/airflow/dags/store_raw_data_dag.py took 0.135 seconds
[2024-07-13T00:33:43.133+0000] {processor.py:161} INFO - Started process (PID=723) to work on /opt/airflow/dags/store_raw_data_dag.py
[2024-07-13T00:33:43.134+0000] {processor.py:830} INFO - Processing file /opt/airflow/dags/store_raw_data_dag.py for tasks to queue
[2024-07-13T00:33:43.136+0000] {logging_mixin.py:188} INFO - [2024-07-13T00:33:43.135+0000] {dagbag.py:545} INFO - Filling up the DagBag from /opt/airflow/dags/store_raw_data_dag.py
[2024-07-13T00:33:43.156+0000] {processor.py:840} INFO - DAG(s) 'ingestion_dag' retrieved from /opt/airflow/dags/store_raw_data_dag.py
[2024-07-13T00:33:43.199+0000] {logging_mixin.py:188} INFO - [2024-07-13T00:33:43.198+0000] {dag.py:3096} INFO - Sync 1 DAGs
[2024-07-13T00:33:43.240+0000] {logging_mixin.py:188} INFO - [2024-07-13T00:33:43.240+0000] {dag.py:3954} INFO - Setting next_dagrun for ingestion_dag to 2024-07-12 07:00:00+00:00, run_after=2024-07-13 07:00:00+00:00
[2024-07-13T00:33:43.270+0000] {processor.py:183} INFO - Processing /opt/airflow/dags/store_raw_data_dag.py took 0.151 seconds
[2024-07-13T00:35:44.897+0000] {processor.py:161} INFO - Started process (PID=37) to work on /opt/airflow/dags/store_raw_data_dag.py
[2024-07-13T00:35:44.900+0000] {processor.py:830} INFO - Processing file /opt/airflow/dags/store_raw_data_dag.py for tasks to queue
[2024-07-13T00:35:44.904+0000] {logging_mixin.py:188} INFO - [2024-07-13T00:35:44.903+0000] {dagbag.py:545} INFO - Filling up the DagBag from /opt/airflow/dags/store_raw_data_dag.py
[2024-07-13T00:35:44.932+0000] {processor.py:840} INFO - DAG(s) 'ingestion_dag' retrieved from /opt/airflow/dags/store_raw_data_dag.py
[2024-07-13T00:35:45.163+0000] {logging_mixin.py:188} INFO - [2024-07-13T00:35:45.162+0000] {dag.py:3096} INFO - Sync 1 DAGs
[2024-07-13T00:35:45.208+0000] {logging_mixin.py:188} INFO - [2024-07-13T00:35:45.208+0000] {dag.py:3954} INFO - Setting next_dagrun for ingestion_dag to 2024-07-12 07:00:00+00:00, run_after=2024-07-13 07:00:00+00:00
[2024-07-13T00:35:45.245+0000] {processor.py:183} INFO - Processing /opt/airflow/dags/store_raw_data_dag.py took 0.363 seconds
[2024-07-13T00:36:17.809+0000] {processor.py:161} INFO - Started process (PID=99) to work on /opt/airflow/dags/store_raw_data_dag.py
[2024-07-13T00:36:17.815+0000] {processor.py:830} INFO - Processing file /opt/airflow/dags/store_raw_data_dag.py for tasks to queue
[2024-07-13T00:36:17.818+0000] {logging_mixin.py:188} INFO - [2024-07-13T00:36:17.817+0000] {dagbag.py:545} INFO - Filling up the DagBag from /opt/airflow/dags/store_raw_data_dag.py
[2024-07-13T00:36:17.836+0000] {processor.py:840} INFO - DAG(s) 'ingestion_dag' retrieved from /opt/airflow/dags/store_raw_data_dag.py
[2024-07-13T00:36:17.870+0000] {logging_mixin.py:188} INFO - [2024-07-13T00:36:17.869+0000] {dag.py:3096} INFO - Sync 1 DAGs
[2024-07-13T00:36:17.904+0000] {logging_mixin.py:188} INFO - [2024-07-13T00:36:17.904+0000] {dag.py:3954} INFO - Setting next_dagrun for ingestion_dag to 2024-07-12 07:00:00+00:00, run_after=2024-07-13 07:00:00+00:00
[2024-07-13T00:36:17.932+0000] {processor.py:183} INFO - Processing /opt/airflow/dags/store_raw_data_dag.py took 0.136 seconds
[2024-07-13T00:38:15.767+0000] {processor.py:161} INFO - Started process (PID=35) to work on /opt/airflow/dags/store_raw_data_dag.py
[2024-07-13T00:38:15.771+0000] {processor.py:830} INFO - Processing file /opt/airflow/dags/store_raw_data_dag.py for tasks to queue
[2024-07-13T00:38:15.775+0000] {logging_mixin.py:188} INFO - [2024-07-13T00:38:15.774+0000] {dagbag.py:545} INFO - Filling up the DagBag from /opt/airflow/dags/store_raw_data_dag.py
[2024-07-13T00:38:15.805+0000] {processor.py:840} INFO - DAG(s) 'ingestion_dag' retrieved from /opt/airflow/dags/store_raw_data_dag.py
[2024-07-13T00:38:16.032+0000] {logging_mixin.py:188} INFO - [2024-07-13T00:38:16.031+0000] {dag.py:3096} INFO - Sync 1 DAGs
[2024-07-13T00:38:16.076+0000] {logging_mixin.py:188} INFO - [2024-07-13T00:38:16.075+0000] {dag.py:3954} INFO - Setting next_dagrun for ingestion_dag to 2024-07-12 07:00:00+00:00, run_after=2024-07-13 07:00:00+00:00
[2024-07-13T00:38:16.111+0000] {processor.py:183} INFO - Processing /opt/airflow/dags/store_raw_data_dag.py took 0.359 seconds
[2024-07-13T00:38:48.651+0000] {processor.py:161} INFO - Started process (PID=97) to work on /opt/airflow/dags/store_raw_data_dag.py
[2024-07-13T00:38:48.653+0000] {processor.py:830} INFO - Processing file /opt/airflow/dags/store_raw_data_dag.py for tasks to queue
[2024-07-13T00:38:48.657+0000] {logging_mixin.py:188} INFO - [2024-07-13T00:38:48.656+0000] {dagbag.py:545} INFO - Filling up the DagBag from /opt/airflow/dags/store_raw_data_dag.py
[2024-07-13T00:38:48.677+0000] {processor.py:840} INFO - DAG(s) 'ingestion_dag' retrieved from /opt/airflow/dags/store_raw_data_dag.py
[2024-07-13T00:38:48.718+0000] {logging_mixin.py:188} INFO - [2024-07-13T00:38:48.717+0000] {dag.py:3096} INFO - Sync 1 DAGs
[2024-07-13T00:38:48.758+0000] {logging_mixin.py:188} INFO - [2024-07-13T00:38:48.757+0000] {dag.py:3954} INFO - Setting next_dagrun for ingestion_dag to 2024-07-12 07:00:00+00:00, run_after=2024-07-13 07:00:00+00:00
[2024-07-13T00:38:48.789+0000] {processor.py:183} INFO - Processing /opt/airflow/dags/store_raw_data_dag.py took 0.153 seconds
[2024-07-13T00:39:19.367+0000] {processor.py:161} INFO - Started process (PID=158) to work on /opt/airflow/dags/store_raw_data_dag.py
[2024-07-13T00:39:19.369+0000] {processor.py:830} INFO - Processing file /opt/airflow/dags/store_raw_data_dag.py for tasks to queue
[2024-07-13T00:39:19.372+0000] {logging_mixin.py:188} INFO - [2024-07-13T00:39:19.371+0000] {dagbag.py:545} INFO - Filling up the DagBag from /opt/airflow/dags/store_raw_data_dag.py
[2024-07-13T00:39:19.389+0000] {processor.py:840} INFO - DAG(s) 'ingestion_dag' retrieved from /opt/airflow/dags/store_raw_data_dag.py
[2024-07-13T00:39:19.429+0000] {logging_mixin.py:188} INFO - [2024-07-13T00:39:19.428+0000] {dag.py:3096} INFO - Sync 1 DAGs
[2024-07-13T00:39:19.474+0000] {logging_mixin.py:188} INFO - [2024-07-13T00:39:19.474+0000] {dag.py:3954} INFO - Setting next_dagrun for ingestion_dag to 2024-07-12 07:00:00+00:00, run_after=2024-07-13 07:00:00+00:00
[2024-07-13T00:39:19.503+0000] {processor.py:183} INFO - Processing /opt/airflow/dags/store_raw_data_dag.py took 0.147 seconds
[2024-07-13T00:39:49.779+0000] {processor.py:161} INFO - Started process (PID=220) to work on /opt/airflow/dags/store_raw_data_dag.py
[2024-07-13T00:39:49.783+0000] {processor.py:830} INFO - Processing file /opt/airflow/dags/store_raw_data_dag.py for tasks to queue
[2024-07-13T00:39:49.787+0000] {logging_mixin.py:188} INFO - [2024-07-13T00:39:49.786+0000] {dagbag.py:545} INFO - Filling up the DagBag from /opt/airflow/dags/store_raw_data_dag.py
[2024-07-13T00:39:49.805+0000] {processor.py:840} INFO - DAG(s) 'ingestion_dag' retrieved from /opt/airflow/dags/store_raw_data_dag.py
[2024-07-13T00:39:49.844+0000] {logging_mixin.py:188} INFO - [2024-07-13T00:39:49.843+0000] {dag.py:3096} INFO - Sync 1 DAGs
[2024-07-13T00:39:49.883+0000] {logging_mixin.py:188} INFO - [2024-07-13T00:39:49.883+0000] {dag.py:3954} INFO - Setting next_dagrun for ingestion_dag to 2024-07-12 07:00:00+00:00, run_after=2024-07-13 07:00:00+00:00
[2024-07-13T00:39:49.919+0000] {processor.py:183} INFO - Processing /opt/airflow/dags/store_raw_data_dag.py took 0.156 seconds
[2024-07-13T00:40:20.407+0000] {processor.py:161} INFO - Started process (PID=282) to work on /opt/airflow/dags/store_raw_data_dag.py
[2024-07-13T00:40:20.409+0000] {processor.py:830} INFO - Processing file /opt/airflow/dags/store_raw_data_dag.py for tasks to queue
[2024-07-13T00:40:20.414+0000] {logging_mixin.py:188} INFO - [2024-07-13T00:40:20.414+0000] {dagbag.py:545} INFO - Filling up the DagBag from /opt/airflow/dags/store_raw_data_dag.py
[2024-07-13T00:40:20.430+0000] {processor.py:840} INFO - DAG(s) 'ingestion_dag' retrieved from /opt/airflow/dags/store_raw_data_dag.py
[2024-07-13T00:40:20.471+0000] {logging_mixin.py:188} INFO - [2024-07-13T00:40:20.470+0000] {dag.py:3096} INFO - Sync 1 DAGs
[2024-07-13T00:40:20.511+0000] {logging_mixin.py:188} INFO - [2024-07-13T00:40:20.511+0000] {dag.py:3954} INFO - Setting next_dagrun for ingestion_dag to 2024-07-12 07:00:00+00:00, run_after=2024-07-13 07:00:00+00:00
[2024-07-13T00:40:20.537+0000] {processor.py:183} INFO - Processing /opt/airflow/dags/store_raw_data_dag.py took 0.147 seconds
[2024-07-13T00:40:50.710+0000] {processor.py:161} INFO - Started process (PID=343) to work on /opt/airflow/dags/store_raw_data_dag.py
[2024-07-13T00:40:50.715+0000] {processor.py:830} INFO - Processing file /opt/airflow/dags/store_raw_data_dag.py for tasks to queue
[2024-07-13T00:40:50.726+0000] {logging_mixin.py:188} INFO - [2024-07-13T00:40:50.724+0000] {dagbag.py:545} INFO - Filling up the DagBag from /opt/airflow/dags/store_raw_data_dag.py
[2024-07-13T00:40:50.787+0000] {processor.py:840} INFO - DAG(s) 'ingestion_dag' retrieved from /opt/airflow/dags/store_raw_data_dag.py
[2024-07-13T00:40:50.886+0000] {logging_mixin.py:188} INFO - [2024-07-13T00:40:50.884+0000] {dag.py:3096} INFO - Sync 1 DAGs
[2024-07-13T00:40:50.983+0000] {logging_mixin.py:188} INFO - [2024-07-13T00:40:50.982+0000] {dag.py:3954} INFO - Setting next_dagrun for ingestion_dag to 2024-07-12 07:00:00+00:00, run_after=2024-07-13 07:00:00+00:00
[2024-07-13T00:40:51.045+0000] {processor.py:183} INFO - Processing /opt/airflow/dags/store_raw_data_dag.py took 0.371 seconds
[2024-07-13T00:41:21.420+0000] {processor.py:161} INFO - Started process (PID=404) to work on /opt/airflow/dags/store_raw_data_dag.py
[2024-07-13T00:41:21.423+0000] {processor.py:830} INFO - Processing file /opt/airflow/dags/store_raw_data_dag.py for tasks to queue
[2024-07-13T00:41:21.428+0000] {logging_mixin.py:188} INFO - [2024-07-13T00:41:21.428+0000] {dagbag.py:545} INFO - Filling up the DagBag from /opt/airflow/dags/store_raw_data_dag.py
[2024-07-13T00:41:21.455+0000] {processor.py:840} INFO - DAG(s) 'ingestion_dag' retrieved from /opt/airflow/dags/store_raw_data_dag.py
[2024-07-13T00:41:21.514+0000] {logging_mixin.py:188} INFO - [2024-07-13T00:41:21.512+0000] {dag.py:3096} INFO - Sync 1 DAGs
[2024-07-13T00:41:21.571+0000] {logging_mixin.py:188} INFO - [2024-07-13T00:41:21.570+0000] {dag.py:3954} INFO - Setting next_dagrun for ingestion_dag to 2024-07-12 07:00:00+00:00, run_after=2024-07-13 07:00:00+00:00
[2024-07-13T00:41:21.602+0000] {processor.py:183} INFO - Processing /opt/airflow/dags/store_raw_data_dag.py took 0.204 seconds
[2024-07-13T00:41:52.235+0000] {processor.py:161} INFO - Started process (PID=465) to work on /opt/airflow/dags/store_raw_data_dag.py
[2024-07-13T00:41:52.238+0000] {processor.py:830} INFO - Processing file /opt/airflow/dags/store_raw_data_dag.py for tasks to queue
[2024-07-13T00:41:52.243+0000] {logging_mixin.py:188} INFO - [2024-07-13T00:41:52.242+0000] {dagbag.py:545} INFO - Filling up the DagBag from /opt/airflow/dags/store_raw_data_dag.py
[2024-07-13T00:41:52.264+0000] {processor.py:840} INFO - DAG(s) 'ingestion_dag' retrieved from /opt/airflow/dags/store_raw_data_dag.py
[2024-07-13T00:41:52.311+0000] {logging_mixin.py:188} INFO - [2024-07-13T00:41:52.310+0000] {dag.py:3096} INFO - Sync 1 DAGs
[2024-07-13T00:41:52.365+0000] {logging_mixin.py:188} INFO - [2024-07-13T00:41:52.364+0000] {dag.py:3954} INFO - Setting next_dagrun for ingestion_dag to 2024-07-12 07:00:00+00:00, run_after=2024-07-13 07:00:00+00:00
[2024-07-13T00:41:52.396+0000] {processor.py:183} INFO - Processing /opt/airflow/dags/store_raw_data_dag.py took 0.179 seconds
[2024-07-13T00:43:58.812+0000] {processor.py:161} INFO - Started process (PID=36) to work on /opt/airflow/dags/store_raw_data_dag.py
[2024-07-13T00:43:58.815+0000] {processor.py:830} INFO - Processing file /opt/airflow/dags/store_raw_data_dag.py for tasks to queue
[2024-07-13T00:43:58.821+0000] {logging_mixin.py:188} INFO - [2024-07-13T00:43:58.820+0000] {dagbag.py:545} INFO - Filling up the DagBag from /opt/airflow/dags/store_raw_data_dag.py
[2024-07-13T00:43:58.865+0000] {processor.py:840} INFO - DAG(s) 'ingestion_dag' retrieved from /opt/airflow/dags/store_raw_data_dag.py
[2024-07-13T00:43:59.098+0000] {logging_mixin.py:188} INFO - [2024-07-13T00:43:59.097+0000] {dag.py:3096} INFO - Sync 1 DAGs
[2024-07-13T00:43:59.141+0000] {logging_mixin.py:188} INFO - [2024-07-13T00:43:59.140+0000] {dag.py:3954} INFO - Setting next_dagrun for ingestion_dag to 2024-07-12 07:00:00+00:00, run_after=2024-07-13 07:00:00+00:00
[2024-07-13T00:43:59.177+0000] {processor.py:183} INFO - Processing /opt/airflow/dags/store_raw_data_dag.py took 0.379 seconds
[2024-07-13T00:44:31.565+0000] {processor.py:161} INFO - Started process (PID=98) to work on /opt/airflow/dags/store_raw_data_dag.py
[2024-07-13T00:44:31.572+0000] {processor.py:830} INFO - Processing file /opt/airflow/dags/store_raw_data_dag.py for tasks to queue
[2024-07-13T00:44:31.576+0000] {logging_mixin.py:188} INFO - [2024-07-13T00:44:31.575+0000] {dagbag.py:545} INFO - Filling up the DagBag from /opt/airflow/dags/store_raw_data_dag.py
[2024-07-13T00:44:31.596+0000] {processor.py:840} INFO - DAG(s) 'ingestion_dag' retrieved from /opt/airflow/dags/store_raw_data_dag.py
[2024-07-13T00:44:31.640+0000] {logging_mixin.py:188} INFO - [2024-07-13T00:44:31.639+0000] {dag.py:3096} INFO - Sync 1 DAGs
[2024-07-13T00:44:31.690+0000] {logging_mixin.py:188} INFO - [2024-07-13T00:44:31.689+0000] {dag.py:3954} INFO - Setting next_dagrun for ingestion_dag to 2024-07-12 07:00:00+00:00, run_after=2024-07-13 07:00:00+00:00
[2024-07-13T00:44:31.720+0000] {processor.py:183} INFO - Processing /opt/airflow/dags/store_raw_data_dag.py took 0.169 seconds
[2024-07-13T00:45:01.799+0000] {processor.py:161} INFO - Started process (PID=158) to work on /opt/airflow/dags/store_raw_data_dag.py
[2024-07-13T00:45:01.801+0000] {processor.py:830} INFO - Processing file /opt/airflow/dags/store_raw_data_dag.py for tasks to queue
[2024-07-13T00:45:01.805+0000] {logging_mixin.py:188} INFO - [2024-07-13T00:45:01.805+0000] {dagbag.py:545} INFO - Filling up the DagBag from /opt/airflow/dags/store_raw_data_dag.py
[2024-07-13T00:45:01.826+0000] {processor.py:840} INFO - DAG(s) 'ingestion_dag' retrieved from /opt/airflow/dags/store_raw_data_dag.py
[2024-07-13T00:45:01.865+0000] {logging_mixin.py:188} INFO - [2024-07-13T00:45:01.864+0000] {dag.py:3096} INFO - Sync 1 DAGs
[2024-07-13T00:45:01.904+0000] {logging_mixin.py:188} INFO - [2024-07-13T00:45:01.904+0000] {dag.py:3954} INFO - Setting next_dagrun for ingestion_dag to 2024-07-12 07:00:00+00:00, run_after=2024-07-13 07:00:00+00:00
[2024-07-13T00:45:01.934+0000] {processor.py:183} INFO - Processing /opt/airflow/dags/store_raw_data_dag.py took 0.149 seconds
[2024-07-13T00:45:32.123+0000] {processor.py:161} INFO - Started process (PID=220) to work on /opt/airflow/dags/store_raw_data_dag.py
[2024-07-13T00:45:32.126+0000] {processor.py:830} INFO - Processing file /opt/airflow/dags/store_raw_data_dag.py for tasks to queue
[2024-07-13T00:45:32.130+0000] {logging_mixin.py:188} INFO - [2024-07-13T00:45:32.130+0000] {dagbag.py:545} INFO - Filling up the DagBag from /opt/airflow/dags/store_raw_data_dag.py
[2024-07-13T00:45:32.155+0000] {processor.py:840} INFO - DAG(s) 'ingestion_dag' retrieved from /opt/airflow/dags/store_raw_data_dag.py
[2024-07-13T00:45:32.211+0000] {logging_mixin.py:188} INFO - [2024-07-13T00:45:32.210+0000] {dag.py:3096} INFO - Sync 1 DAGs
[2024-07-13T00:45:32.260+0000] {logging_mixin.py:188} INFO - [2024-07-13T00:45:32.259+0000] {dag.py:3954} INFO - Setting next_dagrun for ingestion_dag to 2024-07-12 07:00:00+00:00, run_after=2024-07-13 07:00:00+00:00
[2024-07-13T00:45:32.297+0000] {processor.py:183} INFO - Processing /opt/airflow/dags/store_raw_data_dag.py took 0.192 seconds
[2024-07-13T00:46:02.587+0000] {processor.py:161} INFO - Started process (PID=281) to work on /opt/airflow/dags/store_raw_data_dag.py
[2024-07-13T00:46:02.590+0000] {processor.py:830} INFO - Processing file /opt/airflow/dags/store_raw_data_dag.py for tasks to queue
[2024-07-13T00:46:02.595+0000] {logging_mixin.py:188} INFO - [2024-07-13T00:46:02.594+0000] {dagbag.py:545} INFO - Filling up the DagBag from /opt/airflow/dags/store_raw_data_dag.py
[2024-07-13T00:46:02.617+0000] {processor.py:840} INFO - DAG(s) 'ingestion_dag' retrieved from /opt/airflow/dags/store_raw_data_dag.py
[2024-07-13T00:46:02.661+0000] {logging_mixin.py:188} INFO - [2024-07-13T00:46:02.660+0000] {dag.py:3096} INFO - Sync 1 DAGs
[2024-07-13T00:46:02.705+0000] {logging_mixin.py:188} INFO - [2024-07-13T00:46:02.704+0000] {dag.py:3954} INFO - Setting next_dagrun for ingestion_dag to 2024-07-12 07:00:00+00:00, run_after=2024-07-13 07:00:00+00:00
[2024-07-13T00:46:02.736+0000] {processor.py:183} INFO - Processing /opt/airflow/dags/store_raw_data_dag.py took 0.166 seconds
[2024-07-13T00:46:33.006+0000] {processor.py:161} INFO - Started process (PID=343) to work on /opt/airflow/dags/store_raw_data_dag.py
[2024-07-13T00:46:33.008+0000] {processor.py:830} INFO - Processing file /opt/airflow/dags/store_raw_data_dag.py for tasks to queue
[2024-07-13T00:46:33.012+0000] {logging_mixin.py:188} INFO - [2024-07-13T00:46:33.011+0000] {dagbag.py:545} INFO - Filling up the DagBag from /opt/airflow/dags/store_raw_data_dag.py
[2024-07-13T00:46:33.031+0000] {processor.py:840} INFO - DAG(s) 'ingestion_dag' retrieved from /opt/airflow/dags/store_raw_data_dag.py
[2024-07-13T00:46:33.073+0000] {logging_mixin.py:188} INFO - [2024-07-13T00:46:33.071+0000] {dag.py:3096} INFO - Sync 1 DAGs
[2024-07-13T00:46:33.114+0000] {logging_mixin.py:188} INFO - [2024-07-13T00:46:33.114+0000] {dag.py:3954} INFO - Setting next_dagrun for ingestion_dag to 2024-07-12 07:00:00+00:00, run_after=2024-07-13 07:00:00+00:00
[2024-07-13T00:46:33.145+0000] {processor.py:183} INFO - Processing /opt/airflow/dags/store_raw_data_dag.py took 0.151 seconds
[2024-07-13T00:47:03.326+0000] {processor.py:161} INFO - Started process (PID=405) to work on /opt/airflow/dags/store_raw_data_dag.py
[2024-07-13T00:47:03.329+0000] {processor.py:830} INFO - Processing file /opt/airflow/dags/store_raw_data_dag.py for tasks to queue
[2024-07-13T00:47:03.332+0000] {logging_mixin.py:188} INFO - [2024-07-13T00:47:03.332+0000] {dagbag.py:545} INFO - Filling up the DagBag from /opt/airflow/dags/store_raw_data_dag.py
[2024-07-13T00:47:03.355+0000] {processor.py:840} INFO - DAG(s) 'ingestion_dag' retrieved from /opt/airflow/dags/store_raw_data_dag.py
[2024-07-13T00:47:03.398+0000] {logging_mixin.py:188} INFO - [2024-07-13T00:47:03.397+0000] {dag.py:3096} INFO - Sync 1 DAGs
[2024-07-13T00:47:03.440+0000] {logging_mixin.py:188} INFO - [2024-07-13T00:47:03.439+0000] {dag.py:3954} INFO - Setting next_dagrun for ingestion_dag to 2024-07-12 07:00:00+00:00, run_after=2024-07-13 07:00:00+00:00
[2024-07-13T00:47:03.468+0000] {processor.py:183} INFO - Processing /opt/airflow/dags/store_raw_data_dag.py took 0.155 seconds
[2024-07-13T00:47:33.677+0000] {processor.py:161} INFO - Started process (PID=466) to work on /opt/airflow/dags/store_raw_data_dag.py
[2024-07-13T00:47:33.680+0000] {processor.py:830} INFO - Processing file /opt/airflow/dags/store_raw_data_dag.py for tasks to queue
[2024-07-13T00:47:33.684+0000] {logging_mixin.py:188} INFO - [2024-07-13T00:47:33.683+0000] {dagbag.py:545} INFO - Filling up the DagBag from /opt/airflow/dags/store_raw_data_dag.py
[2024-07-13T00:47:33.703+0000] {processor.py:840} INFO - DAG(s) 'ingestion_dag' retrieved from /opt/airflow/dags/store_raw_data_dag.py
[2024-07-13T00:47:33.747+0000] {logging_mixin.py:188} INFO - [2024-07-13T00:47:33.746+0000] {dag.py:3096} INFO - Sync 1 DAGs
[2024-07-13T00:47:33.793+0000] {logging_mixin.py:188} INFO - [2024-07-13T00:47:33.793+0000] {dag.py:3954} INFO - Setting next_dagrun for ingestion_dag to 2024-07-12 07:00:00+00:00, run_after=2024-07-13 07:00:00+00:00
[2024-07-13T00:47:33.823+0000] {processor.py:183} INFO - Processing /opt/airflow/dags/store_raw_data_dag.py took 0.159 seconds
[2024-07-13T00:48:03.912+0000] {processor.py:161} INFO - Started process (PID=527) to work on /opt/airflow/dags/store_raw_data_dag.py
[2024-07-13T00:48:03.913+0000] {processor.py:830} INFO - Processing file /opt/airflow/dags/store_raw_data_dag.py for tasks to queue
[2024-07-13T00:48:03.916+0000] {logging_mixin.py:188} INFO - [2024-07-13T00:48:03.916+0000] {dagbag.py:545} INFO - Filling up the DagBag from /opt/airflow/dags/store_raw_data_dag.py
[2024-07-13T00:48:03.934+0000] {processor.py:840} INFO - DAG(s) 'ingestion_dag' retrieved from /opt/airflow/dags/store_raw_data_dag.py
[2024-07-13T00:48:03.976+0000] {logging_mixin.py:188} INFO - [2024-07-13T00:48:03.975+0000] {dag.py:3096} INFO - Sync 1 DAGs
[2024-07-13T00:48:04.021+0000] {logging_mixin.py:188} INFO - [2024-07-13T00:48:04.021+0000] {dag.py:3954} INFO - Setting next_dagrun for ingestion_dag to 2024-07-12 07:00:00+00:00, run_after=2024-07-13 07:00:00+00:00
[2024-07-13T00:48:04.048+0000] {processor.py:183} INFO - Processing /opt/airflow/dags/store_raw_data_dag.py took 0.148 seconds
[2024-07-13T00:48:34.208+0000] {processor.py:161} INFO - Started process (PID=589) to work on /opt/airflow/dags/store_raw_data_dag.py
[2024-07-13T00:48:34.210+0000] {processor.py:830} INFO - Processing file /opt/airflow/dags/store_raw_data_dag.py for tasks to queue
[2024-07-13T00:48:34.213+0000] {logging_mixin.py:188} INFO - [2024-07-13T00:48:34.213+0000] {dagbag.py:545} INFO - Filling up the DagBag from /opt/airflow/dags/store_raw_data_dag.py
[2024-07-13T00:48:34.230+0000] {processor.py:840} INFO - DAG(s) 'ingestion_dag' retrieved from /opt/airflow/dags/store_raw_data_dag.py
[2024-07-13T00:48:34.270+0000] {logging_mixin.py:188} INFO - [2024-07-13T00:48:34.269+0000] {dag.py:3096} INFO - Sync 1 DAGs
[2024-07-13T00:48:34.313+0000] {logging_mixin.py:188} INFO - [2024-07-13T00:48:34.313+0000] {dag.py:3954} INFO - Setting next_dagrun for ingestion_dag to 2024-07-12 07:00:00+00:00, run_after=2024-07-13 07:00:00+00:00
[2024-07-13T00:48:34.345+0000] {processor.py:183} INFO - Processing /opt/airflow/dags/store_raw_data_dag.py took 0.148 seconds
[2024-07-13T00:49:08.699+0000] {processor.py:161} INFO - Started process (PID=649) to work on /opt/airflow/dags/store_raw_data_dag.py
[2024-07-13T00:49:08.701+0000] {processor.py:830} INFO - Processing file /opt/airflow/dags/store_raw_data_dag.py for tasks to queue
[2024-07-13T00:49:08.704+0000] {logging_mixin.py:188} INFO - [2024-07-13T00:49:08.704+0000] {dagbag.py:545} INFO - Filling up the DagBag from /opt/airflow/dags/store_raw_data_dag.py
[2024-07-13T00:49:08.722+0000] {processor.py:840} INFO - DAG(s) 'ingestion_dag' retrieved from /opt/airflow/dags/store_raw_data_dag.py
[2024-07-13T00:49:08.759+0000] {logging_mixin.py:188} INFO - [2024-07-13T00:49:08.759+0000] {dag.py:3096} INFO - Sync 1 DAGs
[2024-07-13T00:49:08.801+0000] {logging_mixin.py:188} INFO - [2024-07-13T00:49:08.801+0000] {dag.py:3954} INFO - Setting next_dagrun for ingestion_dag to 2024-07-12 07:00:00+00:00, run_after=2024-07-13 07:00:00+00:00
[2024-07-13T00:49:08.830+0000] {processor.py:183} INFO - Processing /opt/airflow/dags/store_raw_data_dag.py took 0.143 seconds
[2024-07-13T00:49:41.569+0000] {processor.py:161} INFO - Started process (PID=700) to work on /opt/airflow/dags/store_raw_data_dag.py
[2024-07-13T00:49:41.571+0000] {processor.py:830} INFO - Processing file /opt/airflow/dags/store_raw_data_dag.py for tasks to queue
[2024-07-13T00:49:41.575+0000] {logging_mixin.py:188} INFO - [2024-07-13T00:49:41.574+0000] {dagbag.py:545} INFO - Filling up the DagBag from /opt/airflow/dags/store_raw_data_dag.py
[2024-07-13T00:49:41.594+0000] {processor.py:840} INFO - DAG(s) 'ingestion_dag' retrieved from /opt/airflow/dags/store_raw_data_dag.py
[2024-07-13T00:49:41.632+0000] {logging_mixin.py:188} INFO - [2024-07-13T00:49:41.631+0000] {dag.py:3096} INFO - Sync 1 DAGs
[2024-07-13T00:49:41.669+0000] {logging_mixin.py:188} INFO - [2024-07-13T00:49:41.669+0000] {dag.py:3954} INFO - Setting next_dagrun for ingestion_dag to 2024-07-12 07:00:00+00:00, run_after=2024-07-13 07:00:00+00:00
[2024-07-13T00:49:41.694+0000] {processor.py:183} INFO - Processing /opt/airflow/dags/store_raw_data_dag.py took 0.140 seconds
[2024-07-13T00:50:12.104+0000] {processor.py:161} INFO - Started process (PID=730) to work on /opt/airflow/dags/store_raw_data_dag.py
[2024-07-13T00:50:12.106+0000] {processor.py:830} INFO - Processing file /opt/airflow/dags/store_raw_data_dag.py for tasks to queue
[2024-07-13T00:50:12.109+0000] {logging_mixin.py:188} INFO - [2024-07-13T00:50:12.109+0000] {dagbag.py:545} INFO - Filling up the DagBag from /opt/airflow/dags/store_raw_data_dag.py
[2024-07-13T00:50:12.128+0000] {processor.py:840} INFO - DAG(s) 'ingestion_dag' retrieved from /opt/airflow/dags/store_raw_data_dag.py
[2024-07-13T00:50:12.174+0000] {logging_mixin.py:188} INFO - [2024-07-13T00:50:12.173+0000] {dag.py:3096} INFO - Sync 1 DAGs
[2024-07-13T00:50:12.225+0000] {logging_mixin.py:188} INFO - [2024-07-13T00:50:12.224+0000] {dag.py:3954} INFO - Setting next_dagrun for ingestion_dag to 2024-07-12 07:00:00+00:00, run_after=2024-07-13 07:00:00+00:00
[2024-07-13T00:50:12.259+0000] {processor.py:183} INFO - Processing /opt/airflow/dags/store_raw_data_dag.py took 0.166 seconds
[2024-07-13T00:50:44.628+0000] {processor.py:161} INFO - Started process (PID=796) to work on /opt/airflow/dags/store_raw_data_dag.py
[2024-07-13T00:50:44.630+0000] {processor.py:830} INFO - Processing file /opt/airflow/dags/store_raw_data_dag.py for tasks to queue
[2024-07-13T00:50:44.633+0000] {logging_mixin.py:188} INFO - [2024-07-13T00:50:44.633+0000] {dagbag.py:545} INFO - Filling up the DagBag from /opt/airflow/dags/store_raw_data_dag.py
[2024-07-13T00:50:44.650+0000] {processor.py:840} INFO - DAG(s) 'ingestion_dag' retrieved from /opt/airflow/dags/store_raw_data_dag.py
[2024-07-13T00:50:44.685+0000] {logging_mixin.py:188} INFO - [2024-07-13T00:50:44.684+0000] {dag.py:3096} INFO - Sync 1 DAGs
[2024-07-13T00:50:44.721+0000] {logging_mixin.py:188} INFO - [2024-07-13T00:50:44.721+0000] {dag.py:3954} INFO - Setting next_dagrun for ingestion_dag to 2024-07-12 07:00:00+00:00, run_after=2024-07-13 07:00:00+00:00
[2024-07-13T00:50:44.747+0000] {processor.py:183} INFO - Processing /opt/airflow/dags/store_raw_data_dag.py took 0.131 seconds
[2024-07-13T00:51:14.902+0000] {processor.py:161} INFO - Started process (PID=855) to work on /opt/airflow/dags/store_raw_data_dag.py
[2024-07-13T00:51:14.904+0000] {processor.py:830} INFO - Processing file /opt/airflow/dags/store_raw_data_dag.py for tasks to queue
[2024-07-13T00:51:14.908+0000] {logging_mixin.py:188} INFO - [2024-07-13T00:51:14.907+0000] {dagbag.py:545} INFO - Filling up the DagBag from /opt/airflow/dags/store_raw_data_dag.py
[2024-07-13T00:51:14.929+0000] {processor.py:840} INFO - DAG(s) 'ingestion_dag' retrieved from /opt/airflow/dags/store_raw_data_dag.py
[2024-07-13T00:51:15.291+0000] {logging_mixin.py:188} INFO - [2024-07-13T00:51:15.291+0000] {dag.py:3096} INFO - Sync 1 DAGs
[2024-07-13T00:51:15.321+0000] {logging_mixin.py:188} INFO - [2024-07-13T00:51:15.321+0000] {dag.py:3954} INFO - Setting next_dagrun for ingestion_dag to 2024-07-12 07:00:00+00:00, run_after=2024-07-13 07:00:00+00:00
[2024-07-13T00:51:15.346+0000] {processor.py:183} INFO - Processing /opt/airflow/dags/store_raw_data_dag.py took 0.457 seconds
[2024-07-13T00:51:45.763+0000] {processor.py:161} INFO - Started process (PID=917) to work on /opt/airflow/dags/store_raw_data_dag.py
[2024-07-13T00:51:45.766+0000] {processor.py:830} INFO - Processing file /opt/airflow/dags/store_raw_data_dag.py for tasks to queue
[2024-07-13T00:51:45.770+0000] {logging_mixin.py:188} INFO - [2024-07-13T00:51:45.769+0000] {dagbag.py:545} INFO - Filling up the DagBag from /opt/airflow/dags/store_raw_data_dag.py
[2024-07-13T00:51:45.802+0000] {processor.py:840} INFO - DAG(s) 'ingestion_dag' retrieved from /opt/airflow/dags/store_raw_data_dag.py
[2024-07-13T00:51:45.852+0000] {logging_mixin.py:188} INFO - [2024-07-13T00:51:45.851+0000] {dag.py:3096} INFO - Sync 1 DAGs
[2024-07-13T00:51:45.901+0000] {logging_mixin.py:188} INFO - [2024-07-13T00:51:45.900+0000] {dag.py:3954} INFO - Setting next_dagrun for ingestion_dag to 2024-07-12 07:00:00+00:00, run_after=2024-07-13 07:00:00+00:00
[2024-07-13T00:51:45.935+0000] {processor.py:183} INFO - Processing /opt/airflow/dags/store_raw_data_dag.py took 0.186 seconds
[2024-07-13T00:52:16.014+0000] {processor.py:161} INFO - Started process (PID=980) to work on /opt/airflow/dags/store_raw_data_dag.py
[2024-07-13T00:52:16.016+0000] {processor.py:830} INFO - Processing file /opt/airflow/dags/store_raw_data_dag.py for tasks to queue
[2024-07-13T00:52:16.020+0000] {logging_mixin.py:188} INFO - [2024-07-13T00:52:16.019+0000] {dagbag.py:545} INFO - Filling up the DagBag from /opt/airflow/dags/store_raw_data_dag.py
[2024-07-13T00:52:16.042+0000] {processor.py:840} INFO - DAG(s) 'ingestion_dag' retrieved from /opt/airflow/dags/store_raw_data_dag.py
[2024-07-13T00:52:16.079+0000] {logging_mixin.py:188} INFO - [2024-07-13T00:52:16.078+0000] {dag.py:3096} INFO - Sync 1 DAGs
[2024-07-13T00:52:16.115+0000] {logging_mixin.py:188} INFO - [2024-07-13T00:52:16.114+0000] {dag.py:3954} INFO - Setting next_dagrun for ingestion_dag to 2024-07-12 07:00:00+00:00, run_after=2024-07-13 07:00:00+00:00
[2024-07-13T00:52:16.143+0000] {processor.py:183} INFO - Processing /opt/airflow/dags/store_raw_data_dag.py took 0.143 seconds
[2024-07-13T00:52:46.419+0000] {processor.py:161} INFO - Started process (PID=1043) to work on /opt/airflow/dags/store_raw_data_dag.py
[2024-07-13T00:52:46.422+0000] {processor.py:830} INFO - Processing file /opt/airflow/dags/store_raw_data_dag.py for tasks to queue
[2024-07-13T00:52:46.425+0000] {logging_mixin.py:188} INFO - [2024-07-13T00:52:46.425+0000] {dagbag.py:545} INFO - Filling up the DagBag from /opt/airflow/dags/store_raw_data_dag.py
[2024-07-13T00:52:46.443+0000] {processor.py:840} INFO - DAG(s) 'ingestion_dag' retrieved from /opt/airflow/dags/store_raw_data_dag.py
[2024-07-13T00:52:46.482+0000] {logging_mixin.py:188} INFO - [2024-07-13T00:52:46.482+0000] {dag.py:3096} INFO - Sync 1 DAGs
[2024-07-13T00:52:46.520+0000] {logging_mixin.py:188} INFO - [2024-07-13T00:52:46.520+0000] {dag.py:3954} INFO - Setting next_dagrun for ingestion_dag to 2024-07-12 07:00:00+00:00, run_after=2024-07-13 07:00:00+00:00
[2024-07-13T00:52:46.548+0000] {processor.py:183} INFO - Processing /opt/airflow/dags/store_raw_data_dag.py took 0.141 seconds
[2024-07-13T00:53:16.870+0000] {processor.py:161} INFO - Started process (PID=1105) to work on /opt/airflow/dags/store_raw_data_dag.py
[2024-07-13T00:53:16.872+0000] {processor.py:830} INFO - Processing file /opt/airflow/dags/store_raw_data_dag.py for tasks to queue
[2024-07-13T00:53:16.876+0000] {logging_mixin.py:188} INFO - [2024-07-13T00:53:16.875+0000] {dagbag.py:545} INFO - Filling up the DagBag from /opt/airflow/dags/store_raw_data_dag.py
[2024-07-13T00:53:16.897+0000] {processor.py:840} INFO - DAG(s) 'ingestion_dag' retrieved from /opt/airflow/dags/store_raw_data_dag.py
[2024-07-13T00:53:16.933+0000] {logging_mixin.py:188} INFO - [2024-07-13T00:53:16.932+0000] {dag.py:3096} INFO - Sync 1 DAGs
[2024-07-13T00:53:16.971+0000] {logging_mixin.py:188} INFO - [2024-07-13T00:53:16.970+0000] {dag.py:3954} INFO - Setting next_dagrun for ingestion_dag to 2024-07-12 07:00:00+00:00, run_after=2024-07-13 07:00:00+00:00
[2024-07-13T00:53:16.997+0000] {processor.py:183} INFO - Processing /opt/airflow/dags/store_raw_data_dag.py took 0.140 seconds
[2024-07-13T00:53:47.582+0000] {processor.py:161} INFO - Started process (PID=1167) to work on /opt/airflow/dags/store_raw_data_dag.py
[2024-07-13T00:53:47.585+0000] {processor.py:830} INFO - Processing file /opt/airflow/dags/store_raw_data_dag.py for tasks to queue
[2024-07-13T00:53:47.588+0000] {logging_mixin.py:188} INFO - [2024-07-13T00:53:47.588+0000] {dagbag.py:545} INFO - Filling up the DagBag from /opt/airflow/dags/store_raw_data_dag.py
[2024-07-13T00:53:47.608+0000] {processor.py:840} INFO - DAG(s) 'ingestion_dag' retrieved from /opt/airflow/dags/store_raw_data_dag.py
[2024-07-13T00:53:47.648+0000] {logging_mixin.py:188} INFO - [2024-07-13T00:53:47.647+0000] {dag.py:3096} INFO - Sync 1 DAGs
[2024-07-13T00:53:47.688+0000] {logging_mixin.py:188} INFO - [2024-07-13T00:53:47.688+0000] {dag.py:3954} INFO - Setting next_dagrun for ingestion_dag to 2024-07-12 07:00:00+00:00, run_after=2024-07-13 07:00:00+00:00
[2024-07-13T00:53:47.719+0000] {processor.py:183} INFO - Processing /opt/airflow/dags/store_raw_data_dag.py took 0.150 seconds
[2024-07-13T00:54:18.154+0000] {processor.py:161} INFO - Started process (PID=1229) to work on /opt/airflow/dags/store_raw_data_dag.py
[2024-07-13T00:54:18.156+0000] {processor.py:830} INFO - Processing file /opt/airflow/dags/store_raw_data_dag.py for tasks to queue
[2024-07-13T00:54:18.159+0000] {logging_mixin.py:188} INFO - [2024-07-13T00:54:18.159+0000] {dagbag.py:545} INFO - Filling up the DagBag from /opt/airflow/dags/store_raw_data_dag.py
[2024-07-13T00:54:18.178+0000] {processor.py:840} INFO - DAG(s) 'ingestion_dag' retrieved from /opt/airflow/dags/store_raw_data_dag.py
[2024-07-13T00:54:18.215+0000] {logging_mixin.py:188} INFO - [2024-07-13T00:54:18.214+0000] {dag.py:3096} INFO - Sync 1 DAGs
[2024-07-13T00:54:18.252+0000] {logging_mixin.py:188} INFO - [2024-07-13T00:54:18.251+0000] {dag.py:3954} INFO - Setting next_dagrun for ingestion_dag to 2024-07-12 07:00:00+00:00, run_after=2024-07-13 07:00:00+00:00
[2024-07-13T00:54:18.277+0000] {processor.py:183} INFO - Processing /opt/airflow/dags/store_raw_data_dag.py took 0.136 seconds
[2024-07-13T00:54:48.805+0000] {processor.py:161} INFO - Started process (PID=1291) to work on /opt/airflow/dags/store_raw_data_dag.py
[2024-07-13T00:54:48.807+0000] {processor.py:830} INFO - Processing file /opt/airflow/dags/store_raw_data_dag.py for tasks to queue
[2024-07-13T00:54:48.811+0000] {logging_mixin.py:188} INFO - [2024-07-13T00:54:48.810+0000] {dagbag.py:545} INFO - Filling up the DagBag from /opt/airflow/dags/store_raw_data_dag.py
[2024-07-13T00:54:48.832+0000] {processor.py:840} INFO - DAG(s) 'ingestion_dag' retrieved from /opt/airflow/dags/store_raw_data_dag.py
[2024-07-13T00:54:48.871+0000] {logging_mixin.py:188} INFO - [2024-07-13T00:54:48.870+0000] {dag.py:3096} INFO - Sync 1 DAGs
[2024-07-13T00:54:48.915+0000] {logging_mixin.py:188} INFO - [2024-07-13T00:54:48.915+0000] {dag.py:3954} INFO - Setting next_dagrun for ingestion_dag to 2024-07-12 07:00:00+00:00, run_after=2024-07-13 07:00:00+00:00
[2024-07-13T00:54:48.944+0000] {processor.py:183} INFO - Processing /opt/airflow/dags/store_raw_data_dag.py took 0.154 seconds
[2024-07-13T00:55:19.021+0000] {processor.py:161} INFO - Started process (PID=1352) to work on /opt/airflow/dags/store_raw_data_dag.py
[2024-07-13T00:55:19.023+0000] {processor.py:830} INFO - Processing file /opt/airflow/dags/store_raw_data_dag.py for tasks to queue
[2024-07-13T00:55:19.027+0000] {logging_mixin.py:188} INFO - [2024-07-13T00:55:19.027+0000] {dagbag.py:545} INFO - Filling up the DagBag from /opt/airflow/dags/store_raw_data_dag.py
[2024-07-13T00:55:19.051+0000] {processor.py:840} INFO - DAG(s) 'ingestion_dag' retrieved from /opt/airflow/dags/store_raw_data_dag.py
[2024-07-13T00:55:19.098+0000] {logging_mixin.py:188} INFO - [2024-07-13T00:55:19.096+0000] {dag.py:3096} INFO - Sync 1 DAGs
[2024-07-13T00:55:19.152+0000] {logging_mixin.py:188} INFO - [2024-07-13T00:55:19.152+0000] {dag.py:3954} INFO - Setting next_dagrun for ingestion_dag to 2024-07-12 07:00:00+00:00, run_after=2024-07-13 07:00:00+00:00
[2024-07-13T00:55:19.191+0000] {processor.py:183} INFO - Processing /opt/airflow/dags/store_raw_data_dag.py took 0.186 seconds
[2024-07-13T00:58:55.176+0000] {processor.py:161} INFO - Started process (PID=37) to work on /opt/airflow/dags/store_raw_data_dag.py
[2024-07-13T00:58:55.179+0000] {processor.py:830} INFO - Processing file /opt/airflow/dags/store_raw_data_dag.py for tasks to queue
[2024-07-13T00:58:55.183+0000] {logging_mixin.py:188} INFO - [2024-07-13T00:58:55.182+0000] {dagbag.py:545} INFO - Filling up the DagBag from /opt/airflow/dags/store_raw_data_dag.py
[2024-07-13T00:58:55.210+0000] {processor.py:840} INFO - DAG(s) 'ingestion_dag' retrieved from /opt/airflow/dags/store_raw_data_dag.py
[2024-07-13T00:58:55.454+0000] {logging_mixin.py:188} INFO - [2024-07-13T00:58:55.453+0000] {dag.py:3096} INFO - Sync 1 DAGs
[2024-07-13T00:58:55.501+0000] {logging_mixin.py:188} INFO - [2024-07-13T00:58:55.501+0000] {dag.py:3954} INFO - Setting next_dagrun for ingestion_dag to 2024-07-12 07:00:00+00:00, run_after=2024-07-13 07:00:00+00:00
[2024-07-13T00:58:55.538+0000] {processor.py:183} INFO - Processing /opt/airflow/dags/store_raw_data_dag.py took 0.376 seconds
[2024-07-13T00:59:25.613+0000] {processor.py:161} INFO - Started process (PID=98) to work on /opt/airflow/dags/store_raw_data_dag.py
[2024-07-13T00:59:25.615+0000] {processor.py:830} INFO - Processing file /opt/airflow/dags/store_raw_data_dag.py for tasks to queue
[2024-07-13T00:59:25.619+0000] {logging_mixin.py:188} INFO - [2024-07-13T00:59:25.618+0000] {dagbag.py:545} INFO - Filling up the DagBag from /opt/airflow/dags/store_raw_data_dag.py
[2024-07-13T00:59:25.637+0000] {processor.py:840} INFO - DAG(s) 'ingestion_dag' retrieved from /opt/airflow/dags/store_raw_data_dag.py
[2024-07-13T00:59:25.673+0000] {logging_mixin.py:188} INFO - [2024-07-13T00:59:25.673+0000] {dag.py:3096} INFO - Sync 1 DAGs
[2024-07-13T00:59:25.719+0000] {logging_mixin.py:188} INFO - [2024-07-13T00:59:25.719+0000] {dag.py:3954} INFO - Setting next_dagrun for ingestion_dag to 2024-07-12 07:00:00+00:00, run_after=2024-07-13 07:00:00+00:00
[2024-07-13T00:59:25.754+0000] {processor.py:183} INFO - Processing /opt/airflow/dags/store_raw_data_dag.py took 0.154 seconds
[2024-07-13T00:59:58.238+0000] {processor.py:161} INFO - Started process (PID=159) to work on /opt/airflow/dags/store_raw_data_dag.py
[2024-07-13T00:59:58.240+0000] {processor.py:830} INFO - Processing file /opt/airflow/dags/store_raw_data_dag.py for tasks to queue
[2024-07-13T00:59:58.243+0000] {logging_mixin.py:188} INFO - [2024-07-13T00:59:58.243+0000] {dagbag.py:545} INFO - Filling up the DagBag from /opt/airflow/dags/store_raw_data_dag.py
[2024-07-13T00:59:58.260+0000] {processor.py:840} INFO - DAG(s) 'ingestion_dag' retrieved from /opt/airflow/dags/store_raw_data_dag.py
[2024-07-13T00:59:58.299+0000] {logging_mixin.py:188} INFO - [2024-07-13T00:59:58.298+0000] {dag.py:3096} INFO - Sync 1 DAGs
[2024-07-13T00:59:58.339+0000] {logging_mixin.py:188} INFO - [2024-07-13T00:59:58.338+0000] {dag.py:3954} INFO - Setting next_dagrun for ingestion_dag to 2024-07-12 07:00:00+00:00, run_after=2024-07-13 07:00:00+00:00
[2024-07-13T00:59:58.369+0000] {processor.py:183} INFO - Processing /opt/airflow/dags/store_raw_data_dag.py took 0.143 seconds
[2024-07-13T01:00:28.736+0000] {processor.py:161} INFO - Started process (PID=221) to work on /opt/airflow/dags/store_raw_data_dag.py
[2024-07-13T01:00:28.738+0000] {processor.py:830} INFO - Processing file /opt/airflow/dags/store_raw_data_dag.py for tasks to queue
[2024-07-13T01:00:28.743+0000] {logging_mixin.py:188} INFO - [2024-07-13T01:00:28.743+0000] {dagbag.py:545} INFO - Filling up the DagBag from /opt/airflow/dags/store_raw_data_dag.py
[2024-07-13T01:00:28.766+0000] {processor.py:840} INFO - DAG(s) 'ingestion_dag' retrieved from /opt/airflow/dags/store_raw_data_dag.py
[2024-07-13T01:00:28.814+0000] {logging_mixin.py:188} INFO - [2024-07-13T01:00:28.813+0000] {dag.py:3096} INFO - Sync 1 DAGs
[2024-07-13T01:00:28.870+0000] {logging_mixin.py:188} INFO - [2024-07-13T01:00:28.870+0000] {dag.py:3954} INFO - Setting next_dagrun for ingestion_dag to 2024-07-12 07:00:00+00:00, run_after=2024-07-13 07:00:00+00:00
[2024-07-13T01:00:28.917+0000] {processor.py:183} INFO - Processing /opt/airflow/dags/store_raw_data_dag.py took 0.196 seconds
[2024-07-13T01:00:58.973+0000] {processor.py:161} INFO - Started process (PID=283) to work on /opt/airflow/dags/store_raw_data_dag.py
[2024-07-13T01:00:58.976+0000] {processor.py:830} INFO - Processing file /opt/airflow/dags/store_raw_data_dag.py for tasks to queue
[2024-07-13T01:00:58.981+0000] {logging_mixin.py:188} INFO - [2024-07-13T01:00:58.980+0000] {dagbag.py:545} INFO - Filling up the DagBag from /opt/airflow/dags/store_raw_data_dag.py
[2024-07-13T01:00:59.001+0000] {processor.py:840} INFO - DAG(s) 'ingestion_dag' retrieved from /opt/airflow/dags/store_raw_data_dag.py
[2024-07-13T01:00:59.046+0000] {logging_mixin.py:188} INFO - [2024-07-13T01:00:59.045+0000] {dag.py:3096} INFO - Sync 1 DAGs
[2024-07-13T01:00:59.097+0000] {logging_mixin.py:188} INFO - [2024-07-13T01:00:59.096+0000] {dag.py:3954} INFO - Setting next_dagrun for ingestion_dag to 2024-07-12 07:00:00+00:00, run_after=2024-07-13 07:00:00+00:00
[2024-07-13T01:00:59.131+0000] {processor.py:183} INFO - Processing /opt/airflow/dags/store_raw_data_dag.py took 0.172 seconds
[2024-07-13T01:01:29.543+0000] {processor.py:161} INFO - Started process (PID=345) to work on /opt/airflow/dags/store_raw_data_dag.py
[2024-07-13T01:01:29.545+0000] {processor.py:830} INFO - Processing file /opt/airflow/dags/store_raw_data_dag.py for tasks to queue
[2024-07-13T01:01:29.549+0000] {logging_mixin.py:188} INFO - [2024-07-13T01:01:29.548+0000] {dagbag.py:545} INFO - Filling up the DagBag from /opt/airflow/dags/store_raw_data_dag.py
[2024-07-13T01:01:29.571+0000] {processor.py:840} INFO - DAG(s) 'ingestion_dag' retrieved from /opt/airflow/dags/store_raw_data_dag.py
[2024-07-13T01:01:29.620+0000] {logging_mixin.py:188} INFO - [2024-07-13T01:01:29.619+0000] {dag.py:3096} INFO - Sync 1 DAGs
[2024-07-13T01:01:29.672+0000] {logging_mixin.py:188} INFO - [2024-07-13T01:01:29.672+0000] {dag.py:3954} INFO - Setting next_dagrun for ingestion_dag to 2024-07-12 07:00:00+00:00, run_after=2024-07-13 07:00:00+00:00
[2024-07-13T01:01:29.709+0000] {processor.py:183} INFO - Processing /opt/airflow/dags/store_raw_data_dag.py took 0.179 seconds
[2024-07-13T01:01:59.892+0000] {processor.py:161} INFO - Started process (PID=407) to work on /opt/airflow/dags/store_raw_data_dag.py
[2024-07-13T01:01:59.894+0000] {processor.py:830} INFO - Processing file /opt/airflow/dags/store_raw_data_dag.py for tasks to queue
[2024-07-13T01:01:59.898+0000] {logging_mixin.py:188} INFO - [2024-07-13T01:01:59.897+0000] {dagbag.py:545} INFO - Filling up the DagBag from /opt/airflow/dags/store_raw_data_dag.py
[2024-07-13T01:01:59.918+0000] {processor.py:840} INFO - DAG(s) 'ingestion_dag' retrieved from /opt/airflow/dags/store_raw_data_dag.py
[2024-07-13T01:01:59.965+0000] {logging_mixin.py:188} INFO - [2024-07-13T01:01:59.964+0000] {dag.py:3096} INFO - Sync 1 DAGs
[2024-07-13T01:02:00.011+0000] {logging_mixin.py:188} INFO - [2024-07-13T01:02:00.010+0000] {dag.py:3954} INFO - Setting next_dagrun for ingestion_dag to 2024-07-12 07:00:00+00:00, run_after=2024-07-13 07:00:00+00:00
[2024-07-13T01:02:00.044+0000] {processor.py:183} INFO - Processing /opt/airflow/dags/store_raw_data_dag.py took 0.165 seconds
[2024-07-13T01:02:30.291+0000] {processor.py:161} INFO - Started process (PID=468) to work on /opt/airflow/dags/store_raw_data_dag.py
[2024-07-13T01:02:30.293+0000] {processor.py:830} INFO - Processing file /opt/airflow/dags/store_raw_data_dag.py for tasks to queue
[2024-07-13T01:02:30.297+0000] {logging_mixin.py:188} INFO - [2024-07-13T01:02:30.296+0000] {dagbag.py:545} INFO - Filling up the DagBag from /opt/airflow/dags/store_raw_data_dag.py
[2024-07-13T01:02:30.317+0000] {processor.py:840} INFO - DAG(s) 'ingestion_dag' retrieved from /opt/airflow/dags/store_raw_data_dag.py
[2024-07-13T01:02:30.368+0000] {logging_mixin.py:188} INFO - [2024-07-13T01:02:30.366+0000] {dag.py:3096} INFO - Sync 1 DAGs
[2024-07-13T01:02:30.423+0000] {logging_mixin.py:188} INFO - [2024-07-13T01:02:30.423+0000] {dag.py:3954} INFO - Setting next_dagrun for ingestion_dag to 2024-07-12 07:00:00+00:00, run_after=2024-07-13 07:00:00+00:00
[2024-07-13T01:02:30.462+0000] {processor.py:183} INFO - Processing /opt/airflow/dags/store_raw_data_dag.py took 0.184 seconds
[2024-07-13T01:03:01.336+0000] {processor.py:161} INFO - Started process (PID=530) to work on /opt/airflow/dags/store_raw_data_dag.py
[2024-07-13T01:03:01.339+0000] {processor.py:830} INFO - Processing file /opt/airflow/dags/store_raw_data_dag.py for tasks to queue
[2024-07-13T01:03:01.345+0000] {logging_mixin.py:188} INFO - [2024-07-13T01:03:01.345+0000] {dagbag.py:545} INFO - Filling up the DagBag from /opt/airflow/dags/store_raw_data_dag.py
[2024-07-13T01:03:01.364+0000] {processor.py:840} INFO - DAG(s) 'ingestion_dag' retrieved from /opt/airflow/dags/store_raw_data_dag.py
[2024-07-13T01:03:01.410+0000] {logging_mixin.py:188} INFO - [2024-07-13T01:03:01.409+0000] {dag.py:3096} INFO - Sync 1 DAGs
[2024-07-13T01:03:01.451+0000] {logging_mixin.py:188} INFO - [2024-07-13T01:03:01.450+0000] {dag.py:3954} INFO - Setting next_dagrun for ingestion_dag to 2024-07-12 07:00:00+00:00, run_after=2024-07-13 07:00:00+00:00
[2024-07-13T01:03:01.479+0000] {processor.py:183} INFO - Processing /opt/airflow/dags/store_raw_data_dag.py took 0.157 seconds
[2024-07-13T01:03:31.932+0000] {processor.py:161} INFO - Started process (PID=592) to work on /opt/airflow/dags/store_raw_data_dag.py
[2024-07-13T01:03:31.934+0000] {processor.py:830} INFO - Processing file /opt/airflow/dags/store_raw_data_dag.py for tasks to queue
[2024-07-13T01:03:31.937+0000] {logging_mixin.py:188} INFO - [2024-07-13T01:03:31.937+0000] {dagbag.py:545} INFO - Filling up the DagBag from /opt/airflow/dags/store_raw_data_dag.py
[2024-07-13T01:03:31.956+0000] {processor.py:840} INFO - DAG(s) 'ingestion_dag' retrieved from /opt/airflow/dags/store_raw_data_dag.py
[2024-07-13T01:03:32.001+0000] {logging_mixin.py:188} INFO - [2024-07-13T01:03:32.000+0000] {dag.py:3096} INFO - Sync 1 DAGs
[2024-07-13T01:03:32.037+0000] {logging_mixin.py:188} INFO - [2024-07-13T01:03:32.037+0000] {dag.py:3954} INFO - Setting next_dagrun for ingestion_dag to 2024-07-12 07:00:00+00:00, run_after=2024-07-13 07:00:00+00:00
[2024-07-13T01:03:32.071+0000] {processor.py:183} INFO - Processing /opt/airflow/dags/store_raw_data_dag.py took 0.152 seconds
[2024-07-13T01:04:02.782+0000] {processor.py:161} INFO - Started process (PID=641) to work on /opt/airflow/dags/store_raw_data_dag.py
[2024-07-13T01:04:02.785+0000] {processor.py:830} INFO - Processing file /opt/airflow/dags/store_raw_data_dag.py for tasks to queue
[2024-07-13T01:04:02.790+0000] {logging_mixin.py:188} INFO - [2024-07-13T01:04:02.789+0000] {dagbag.py:545} INFO - Filling up the DagBag from /opt/airflow/dags/store_raw_data_dag.py
[2024-07-13T01:04:02.814+0000] {processor.py:840} INFO - DAG(s) 'ingestion_dag' retrieved from /opt/airflow/dags/store_raw_data_dag.py
[2024-07-13T01:04:02.856+0000] {logging_mixin.py:188} INFO - [2024-07-13T01:04:02.855+0000] {dag.py:3096} INFO - Sync 1 DAGs
[2024-07-13T01:04:02.891+0000] {logging_mixin.py:188} INFO - [2024-07-13T01:04:02.890+0000] {dag.py:3954} INFO - Setting next_dagrun for ingestion_dag to 2024-07-12 07:00:00+00:00, run_after=2024-07-13 07:00:00+00:00
[2024-07-13T01:04:02.916+0000] {processor.py:183} INFO - Processing /opt/airflow/dags/store_raw_data_dag.py took 0.150 seconds
[2024-07-13T01:04:35.847+0000] {processor.py:161} INFO - Started process (PID=700) to work on /opt/airflow/dags/store_raw_data_dag.py
[2024-07-13T01:04:35.848+0000] {processor.py:830} INFO - Processing file /opt/airflow/dags/store_raw_data_dag.py for tasks to queue
[2024-07-13T01:04:35.851+0000] {logging_mixin.py:188} INFO - [2024-07-13T01:04:35.851+0000] {dagbag.py:545} INFO - Filling up the DagBag from /opt/airflow/dags/store_raw_data_dag.py
[2024-07-13T01:04:35.869+0000] {processor.py:840} INFO - DAG(s) 'ingestion_dag' retrieved from /opt/airflow/dags/store_raw_data_dag.py
[2024-07-13T01:04:35.907+0000] {logging_mixin.py:188} INFO - [2024-07-13T01:04:35.906+0000] {dag.py:3096} INFO - Sync 1 DAGs
[2024-07-13T01:04:35.951+0000] {logging_mixin.py:188} INFO - [2024-07-13T01:04:35.950+0000] {dag.py:3954} INFO - Setting next_dagrun for ingestion_dag to 2024-07-12 07:00:00+00:00, run_after=2024-07-13 07:00:00+00:00
[2024-07-13T01:04:35.986+0000] {processor.py:183} INFO - Processing /opt/airflow/dags/store_raw_data_dag.py took 0.152 seconds
[2024-07-13T01:05:08.842+0000] {processor.py:161} INFO - Started process (PID=766) to work on /opt/airflow/dags/store_raw_data_dag.py
[2024-07-13T01:05:08.845+0000] {processor.py:830} INFO - Processing file /opt/airflow/dags/store_raw_data_dag.py for tasks to queue
[2024-07-13T01:05:08.849+0000] {logging_mixin.py:188} INFO - [2024-07-13T01:05:08.848+0000] {dagbag.py:545} INFO - Filling up the DagBag from /opt/airflow/dags/store_raw_data_dag.py
[2024-07-13T01:05:08.869+0000] {processor.py:840} INFO - DAG(s) 'ingestion_dag' retrieved from /opt/airflow/dags/store_raw_data_dag.py
[2024-07-13T01:05:08.915+0000] {logging_mixin.py:188} INFO - [2024-07-13T01:05:08.914+0000] {dag.py:3096} INFO - Sync 1 DAGs
[2024-07-13T01:05:08.963+0000] {logging_mixin.py:188} INFO - [2024-07-13T01:05:08.963+0000] {dag.py:3954} INFO - Setting next_dagrun for ingestion_dag to 2024-07-12 07:00:00+00:00, run_after=2024-07-13 07:00:00+00:00
[2024-07-13T01:05:08.999+0000] {processor.py:183} INFO - Processing /opt/airflow/dags/store_raw_data_dag.py took 0.174 seconds
[2024-07-13T01:05:46.986+0000] {processor.py:161} INFO - Started process (PID=828) to work on /opt/airflow/dags/store_raw_data_dag.py
[2024-07-13T01:05:46.989+0000] {processor.py:830} INFO - Processing file /opt/airflow/dags/store_raw_data_dag.py for tasks to queue
[2024-07-13T01:05:46.993+0000] {logging_mixin.py:188} INFO - [2024-07-13T01:05:46.992+0000] {dagbag.py:545} INFO - Filling up the DagBag from /opt/airflow/dags/store_raw_data_dag.py
[2024-07-13T01:05:47.015+0000] {processor.py:840} INFO - DAG(s) 'ingestion_dag' retrieved from /opt/airflow/dags/store_raw_data_dag.py
[2024-07-13T01:05:47.063+0000] {logging_mixin.py:188} INFO - [2024-07-13T01:05:47.061+0000] {dag.py:3096} INFO - Sync 1 DAGs
[2024-07-13T01:05:47.112+0000] {logging_mixin.py:188} INFO - [2024-07-13T01:05:47.112+0000] {dag.py:3954} INFO - Setting next_dagrun for ingestion_dag to 2024-07-12 07:00:00+00:00, run_after=2024-07-13 07:00:00+00:00
[2024-07-13T01:05:47.167+0000] {processor.py:183} INFO - Processing /opt/airflow/dags/store_raw_data_dag.py took 0.193 seconds
[2024-07-13T01:06:18.071+0000] {processor.py:161} INFO - Started process (PID=889) to work on /opt/airflow/dags/store_raw_data_dag.py
[2024-07-13T01:06:18.074+0000] {processor.py:830} INFO - Processing file /opt/airflow/dags/store_raw_data_dag.py for tasks to queue
[2024-07-13T01:06:18.078+0000] {logging_mixin.py:188} INFO - [2024-07-13T01:06:18.078+0000] {dagbag.py:545} INFO - Filling up the DagBag from /opt/airflow/dags/store_raw_data_dag.py
[2024-07-13T01:06:18.103+0000] {processor.py:840} INFO - DAG(s) 'ingestion_dag' retrieved from /opt/airflow/dags/store_raw_data_dag.py
[2024-07-13T01:06:18.145+0000] {logging_mixin.py:188} INFO - [2024-07-13T01:06:18.144+0000] {dag.py:3096} INFO - Sync 1 DAGs
[2024-07-13T01:06:18.196+0000] {logging_mixin.py:188} INFO - [2024-07-13T01:06:18.195+0000] {dag.py:3954} INFO - Setting next_dagrun for ingestion_dag to 2024-07-12 07:00:00+00:00, run_after=2024-07-13 07:00:00+00:00
[2024-07-13T01:06:18.229+0000] {processor.py:183} INFO - Processing /opt/airflow/dags/store_raw_data_dag.py took 0.171 seconds
[2024-07-13T01:06:48.325+0000] {processor.py:161} INFO - Started process (PID=951) to work on /opt/airflow/dags/store_raw_data_dag.py
[2024-07-13T01:06:48.327+0000] {processor.py:830} INFO - Processing file /opt/airflow/dags/store_raw_data_dag.py for tasks to queue
[2024-07-13T01:06:48.331+0000] {logging_mixin.py:188} INFO - [2024-07-13T01:06:48.330+0000] {dagbag.py:545} INFO - Filling up the DagBag from /opt/airflow/dags/store_raw_data_dag.py
[2024-07-13T01:06:48.355+0000] {processor.py:840} INFO - DAG(s) 'ingestion_dag' retrieved from /opt/airflow/dags/store_raw_data_dag.py
[2024-07-13T01:06:48.405+0000] {logging_mixin.py:188} INFO - [2024-07-13T01:06:48.404+0000] {dag.py:3096} INFO - Sync 1 DAGs
[2024-07-13T01:06:48.459+0000] {logging_mixin.py:188} INFO - [2024-07-13T01:06:48.458+0000] {dag.py:3954} INFO - Setting next_dagrun for ingestion_dag to 2024-07-12 07:00:00+00:00, run_after=2024-07-13 07:00:00+00:00
[2024-07-13T01:06:48.500+0000] {processor.py:183} INFO - Processing /opt/airflow/dags/store_raw_data_dag.py took 0.192 seconds
[2024-07-13T01:07:21.203+0000] {processor.py:161} INFO - Started process (PID=1013) to work on /opt/airflow/dags/store_raw_data_dag.py
[2024-07-13T01:07:21.206+0000] {processor.py:830} INFO - Processing file /opt/airflow/dags/store_raw_data_dag.py for tasks to queue
[2024-07-13T01:07:21.209+0000] {logging_mixin.py:188} INFO - [2024-07-13T01:07:21.208+0000] {dagbag.py:545} INFO - Filling up the DagBag from /opt/airflow/dags/store_raw_data_dag.py
[2024-07-13T01:07:21.225+0000] {processor.py:840} INFO - DAG(s) 'ingestion_dag' retrieved from /opt/airflow/dags/store_raw_data_dag.py
[2024-07-13T01:07:21.272+0000] {logging_mixin.py:188} INFO - [2024-07-13T01:07:21.271+0000] {dag.py:3096} INFO - Sync 1 DAGs
[2024-07-13T01:07:21.313+0000] {logging_mixin.py:188} INFO - [2024-07-13T01:07:21.313+0000] {dag.py:3954} INFO - Setting next_dagrun for ingestion_dag to 2024-07-12 07:00:00+00:00, run_after=2024-07-13 07:00:00+00:00
[2024-07-13T01:07:21.345+0000] {processor.py:183} INFO - Processing /opt/airflow/dags/store_raw_data_dag.py took 0.153 seconds
[2024-07-13T01:07:51.865+0000] {processor.py:161} INFO - Started process (PID=1051) to work on /opt/airflow/dags/store_raw_data_dag.py
[2024-07-13T01:07:51.867+0000] {processor.py:830} INFO - Processing file /opt/airflow/dags/store_raw_data_dag.py for tasks to queue
[2024-07-13T01:07:51.870+0000] {logging_mixin.py:188} INFO - [2024-07-13T01:07:51.870+0000] {dagbag.py:545} INFO - Filling up the DagBag from /opt/airflow/dags/store_raw_data_dag.py
[2024-07-13T01:07:51.891+0000] {processor.py:840} INFO - DAG(s) 'ingestion_dag' retrieved from /opt/airflow/dags/store_raw_data_dag.py
[2024-07-13T01:07:51.935+0000] {logging_mixin.py:188} INFO - [2024-07-13T01:07:51.934+0000] {dag.py:3096} INFO - Sync 1 DAGs
[2024-07-13T01:07:51.979+0000] {logging_mixin.py:188} INFO - [2024-07-13T01:07:51.978+0000] {dag.py:3954} INFO - Setting next_dagrun for ingestion_dag to 2024-07-12 07:00:00+00:00, run_after=2024-07-13 07:00:00+00:00
[2024-07-13T01:07:52.010+0000] {processor.py:183} INFO - Processing /opt/airflow/dags/store_raw_data_dag.py took 0.158 seconds
[2024-07-13T01:08:25.495+0000] {processor.py:161} INFO - Started process (PID=1113) to work on /opt/airflow/dags/store_raw_data_dag.py
[2024-07-13T01:08:25.498+0000] {processor.py:830} INFO - Processing file /opt/airflow/dags/store_raw_data_dag.py for tasks to queue
[2024-07-13T01:08:25.501+0000] {logging_mixin.py:188} INFO - [2024-07-13T01:08:25.500+0000] {dagbag.py:545} INFO - Filling up the DagBag from /opt/airflow/dags/store_raw_data_dag.py
[2024-07-13T01:08:25.523+0000] {processor.py:840} INFO - DAG(s) 'ingestion_dag' retrieved from /opt/airflow/dags/store_raw_data_dag.py
[2024-07-13T01:08:25.564+0000] {logging_mixin.py:188} INFO - [2024-07-13T01:08:25.563+0000] {dag.py:3096} INFO - Sync 1 DAGs
[2024-07-13T01:08:25.609+0000] {logging_mixin.py:188} INFO - [2024-07-13T01:08:25.609+0000] {dag.py:3954} INFO - Setting next_dagrun for ingestion_dag to 2024-07-12 07:00:00+00:00, run_after=2024-07-13 07:00:00+00:00
[2024-07-13T01:08:25.643+0000] {processor.py:183} INFO - Processing /opt/airflow/dags/store_raw_data_dag.py took 0.159 seconds
[2024-07-13T01:08:57.302+0000] {processor.py:161} INFO - Started process (PID=1169) to work on /opt/airflow/dags/store_raw_data_dag.py
[2024-07-13T01:08:57.303+0000] {processor.py:830} INFO - Processing file /opt/airflow/dags/store_raw_data_dag.py for tasks to queue
[2024-07-13T01:08:57.306+0000] {logging_mixin.py:188} INFO - [2024-07-13T01:08:57.306+0000] {dagbag.py:545} INFO - Filling up the DagBag from /opt/airflow/dags/store_raw_data_dag.py
[2024-07-13T01:08:57.327+0000] {processor.py:840} INFO - DAG(s) 'ingestion_dag' retrieved from /opt/airflow/dags/store_raw_data_dag.py
[2024-07-13T01:08:57.364+0000] {logging_mixin.py:188} INFO - [2024-07-13T01:08:57.363+0000] {dag.py:3096} INFO - Sync 1 DAGs
[2024-07-13T01:08:57.409+0000] {logging_mixin.py:188} INFO - [2024-07-13T01:08:57.408+0000] {dag.py:3954} INFO - Setting next_dagrun for ingestion_dag to 2024-07-12 07:00:00+00:00, run_after=2024-07-13 07:00:00+00:00
[2024-07-13T01:08:57.439+0000] {processor.py:183} INFO - Processing /opt/airflow/dags/store_raw_data_dag.py took 0.149 seconds
[2024-07-13T01:09:27.494+0000] {processor.py:161} INFO - Started process (PID=1230) to work on /opt/airflow/dags/store_raw_data_dag.py
[2024-07-13T01:09:27.497+0000] {processor.py:830} INFO - Processing file /opt/airflow/dags/store_raw_data_dag.py for tasks to queue
[2024-07-13T01:09:27.501+0000] {logging_mixin.py:188} INFO - [2024-07-13T01:09:27.501+0000] {dagbag.py:545} INFO - Filling up the DagBag from /opt/airflow/dags/store_raw_data_dag.py
[2024-07-13T01:09:27.522+0000] {processor.py:840} INFO - DAG(s) 'ingestion_dag' retrieved from /opt/airflow/dags/store_raw_data_dag.py
[2024-07-13T01:09:27.567+0000] {logging_mixin.py:188} INFO - [2024-07-13T01:09:27.566+0000] {dag.py:3096} INFO - Sync 1 DAGs
[2024-07-13T01:09:27.613+0000] {logging_mixin.py:188} INFO - [2024-07-13T01:09:27.613+0000] {dag.py:3954} INFO - Setting next_dagrun for ingestion_dag to 2024-07-12 07:00:00+00:00, run_after=2024-07-13 07:00:00+00:00
[2024-07-13T01:09:27.646+0000] {processor.py:183} INFO - Processing /opt/airflow/dags/store_raw_data_dag.py took 0.166 seconds
[2024-07-13T01:11:13.923+0000] {processor.py:161} INFO - Started process (PID=35) to work on /opt/airflow/dags/store_raw_data_dag.py
[2024-07-13T01:11:13.926+0000] {processor.py:830} INFO - Processing file /opt/airflow/dags/store_raw_data_dag.py for tasks to queue
[2024-07-13T01:11:13.930+0000] {logging_mixin.py:188} INFO - [2024-07-13T01:11:13.930+0000] {dagbag.py:545} INFO - Filling up the DagBag from /opt/airflow/dags/store_raw_data_dag.py
[2024-07-13T01:11:13.964+0000] {processor.py:840} INFO - DAG(s) 'ingestion_dag' retrieved from /opt/airflow/dags/store_raw_data_dag.py
[2024-07-13T01:11:14.200+0000] {logging_mixin.py:188} INFO - [2024-07-13T01:11:14.199+0000] {dag.py:3096} INFO - Sync 1 DAGs
[2024-07-13T01:11:14.246+0000] {logging_mixin.py:188} INFO - [2024-07-13T01:11:14.246+0000] {dag.py:3954} INFO - Setting next_dagrun for ingestion_dag to 2024-07-12 07:00:00+00:00, run_after=2024-07-13 07:00:00+00:00
[2024-07-13T01:11:14.283+0000] {processor.py:183} INFO - Processing /opt/airflow/dags/store_raw_data_dag.py took 0.376 seconds
[2024-07-13T01:11:47.449+0000] {processor.py:161} INFO - Started process (PID=96) to work on /opt/airflow/dags/store_raw_data_dag.py
[2024-07-13T01:11:47.452+0000] {processor.py:830} INFO - Processing file /opt/airflow/dags/store_raw_data_dag.py for tasks to queue
[2024-07-13T01:11:47.456+0000] {logging_mixin.py:188} INFO - [2024-07-13T01:11:47.455+0000] {dagbag.py:545} INFO - Filling up the DagBag from /opt/airflow/dags/store_raw_data_dag.py
[2024-07-13T01:11:47.473+0000] {processor.py:840} INFO - DAG(s) 'ingestion_dag' retrieved from /opt/airflow/dags/store_raw_data_dag.py
[2024-07-13T01:11:47.519+0000] {logging_mixin.py:188} INFO - [2024-07-13T01:11:47.517+0000] {dag.py:3096} INFO - Sync 1 DAGs
[2024-07-13T01:11:47.574+0000] {logging_mixin.py:188} INFO - [2024-07-13T01:11:47.573+0000] {dag.py:3954} INFO - Setting next_dagrun for ingestion_dag to 2024-07-12 07:00:00+00:00, run_after=2024-07-13 07:00:00+00:00
[2024-07-13T01:11:47.620+0000] {processor.py:183} INFO - Processing /opt/airflow/dags/store_raw_data_dag.py took 0.184 seconds
[2024-07-13T01:12:21.135+0000] {processor.py:161} INFO - Started process (PID=158) to work on /opt/airflow/dags/store_raw_data_dag.py
[2024-07-13T01:12:21.138+0000] {processor.py:830} INFO - Processing file /opt/airflow/dags/store_raw_data_dag.py for tasks to queue
[2024-07-13T01:12:21.142+0000] {logging_mixin.py:188} INFO - [2024-07-13T01:12:21.141+0000] {dagbag.py:545} INFO - Filling up the DagBag from /opt/airflow/dags/store_raw_data_dag.py
[2024-07-13T01:12:21.163+0000] {processor.py:840} INFO - DAG(s) 'ingestion_dag' retrieved from /opt/airflow/dags/store_raw_data_dag.py
[2024-07-13T01:12:21.210+0000] {logging_mixin.py:188} INFO - [2024-07-13T01:12:21.209+0000] {dag.py:3096} INFO - Sync 1 DAGs
[2024-07-13T01:12:21.262+0000] {logging_mixin.py:188} INFO - [2024-07-13T01:12:21.261+0000] {dag.py:3954} INFO - Setting next_dagrun for ingestion_dag to 2024-07-12 07:00:00+00:00, run_after=2024-07-13 07:00:00+00:00
[2024-07-13T01:12:21.295+0000] {processor.py:183} INFO - Processing /opt/airflow/dags/store_raw_data_dag.py took 0.174 seconds
[2024-07-13T01:12:54.165+0000] {processor.py:161} INFO - Started process (PID=220) to work on /opt/airflow/dags/store_raw_data_dag.py
[2024-07-13T01:12:54.167+0000] {processor.py:830} INFO - Processing file /opt/airflow/dags/store_raw_data_dag.py for tasks to queue
[2024-07-13T01:12:54.172+0000] {logging_mixin.py:188} INFO - [2024-07-13T01:12:54.171+0000] {dagbag.py:545} INFO - Filling up the DagBag from /opt/airflow/dags/store_raw_data_dag.py
[2024-07-13T01:12:54.191+0000] {processor.py:840} INFO - DAG(s) 'ingestion_dag' retrieved from /opt/airflow/dags/store_raw_data_dag.py
[2024-07-13T01:12:54.236+0000] {logging_mixin.py:188} INFO - [2024-07-13T01:12:54.235+0000] {dag.py:3096} INFO - Sync 1 DAGs
[2024-07-13T01:12:54.281+0000] {logging_mixin.py:188} INFO - [2024-07-13T01:12:54.280+0000] {dag.py:3954} INFO - Setting next_dagrun for ingestion_dag to 2024-07-12 07:00:00+00:00, run_after=2024-07-13 07:00:00+00:00
[2024-07-13T01:12:54.315+0000] {processor.py:183} INFO - Processing /opt/airflow/dags/store_raw_data_dag.py took 0.166 seconds
[2024-07-13T01:13:28.090+0000] {processor.py:161} INFO - Started process (PID=289) to work on /opt/airflow/dags/store_raw_data_dag.py
[2024-07-13T01:13:28.094+0000] {processor.py:830} INFO - Processing file /opt/airflow/dags/store_raw_data_dag.py for tasks to queue
[2024-07-13T01:13:28.098+0000] {logging_mixin.py:188} INFO - [2024-07-13T01:13:28.097+0000] {dagbag.py:545} INFO - Filling up the DagBag from /opt/airflow/dags/store_raw_data_dag.py
[2024-07-13T01:13:28.119+0000] {processor.py:840} INFO - DAG(s) 'ingestion_dag' retrieved from /opt/airflow/dags/store_raw_data_dag.py
[2024-07-13T01:13:28.170+0000] {logging_mixin.py:188} INFO - [2024-07-13T01:13:28.168+0000] {dag.py:3096} INFO - Sync 1 DAGs
[2024-07-13T01:13:28.223+0000] {logging_mixin.py:188} INFO - [2024-07-13T01:13:28.223+0000] {dag.py:3954} INFO - Setting next_dagrun for ingestion_dag to 2024-07-12 07:00:00+00:00, run_after=2024-07-13 07:00:00+00:00
[2024-07-13T01:13:28.263+0000] {processor.py:183} INFO - Processing /opt/airflow/dags/store_raw_data_dag.py took 0.187 seconds
[2024-07-13T01:14:01.408+0000] {processor.py:161} INFO - Started process (PID=351) to work on /opt/airflow/dags/store_raw_data_dag.py
[2024-07-13T01:14:01.410+0000] {processor.py:830} INFO - Processing file /opt/airflow/dags/store_raw_data_dag.py for tasks to queue
[2024-07-13T01:14:01.413+0000] {logging_mixin.py:188} INFO - [2024-07-13T01:14:01.413+0000] {dagbag.py:545} INFO - Filling up the DagBag from /opt/airflow/dags/store_raw_data_dag.py
[2024-07-13T01:14:01.430+0000] {processor.py:840} INFO - DAG(s) 'ingestion_dag' retrieved from /opt/airflow/dags/store_raw_data_dag.py
[2024-07-13T01:14:01.468+0000] {logging_mixin.py:188} INFO - [2024-07-13T01:14:01.467+0000] {dag.py:3096} INFO - Sync 1 DAGs
[2024-07-13T01:14:01.516+0000] {logging_mixin.py:188} INFO - [2024-07-13T01:14:01.516+0000] {dag.py:3954} INFO - Setting next_dagrun for ingestion_dag to 2024-07-12 07:00:00+00:00, run_after=2024-07-13 07:00:00+00:00
[2024-07-13T01:14:01.558+0000] {processor.py:183} INFO - Processing /opt/airflow/dags/store_raw_data_dag.py took 0.163 seconds
[2024-07-13T01:14:35.331+0000] {processor.py:161} INFO - Started process (PID=413) to work on /opt/airflow/dags/store_raw_data_dag.py
[2024-07-13T01:14:35.335+0000] {processor.py:830} INFO - Processing file /opt/airflow/dags/store_raw_data_dag.py for tasks to queue
[2024-07-13T01:14:35.340+0000] {logging_mixin.py:188} INFO - [2024-07-13T01:14:35.339+0000] {dagbag.py:545} INFO - Filling up the DagBag from /opt/airflow/dags/store_raw_data_dag.py
[2024-07-13T01:14:35.364+0000] {processor.py:840} INFO - DAG(s) 'ingestion_dag' retrieved from /opt/airflow/dags/store_raw_data_dag.py
[2024-07-13T01:14:35.410+0000] {logging_mixin.py:188} INFO - [2024-07-13T01:14:35.409+0000] {dag.py:3096} INFO - Sync 1 DAGs
[2024-07-13T01:14:35.461+0000] {logging_mixin.py:188} INFO - [2024-07-13T01:14:35.460+0000] {dag.py:3954} INFO - Setting next_dagrun for ingestion_dag to 2024-07-12 07:00:00+00:00, run_after=2024-07-13 07:00:00+00:00
[2024-07-13T01:14:35.504+0000] {processor.py:183} INFO - Processing /opt/airflow/dags/store_raw_data_dag.py took 0.188 seconds
[2024-07-13T01:15:05.583+0000] {processor.py:161} INFO - Started process (PID=474) to work on /opt/airflow/dags/store_raw_data_dag.py
[2024-07-13T01:15:05.585+0000] {processor.py:830} INFO - Processing file /opt/airflow/dags/store_raw_data_dag.py for tasks to queue
[2024-07-13T01:15:05.589+0000] {logging_mixin.py:188} INFO - [2024-07-13T01:15:05.589+0000] {dagbag.py:545} INFO - Filling up the DagBag from /opt/airflow/dags/store_raw_data_dag.py
[2024-07-13T01:15:05.614+0000] {processor.py:840} INFO - DAG(s) 'ingestion_dag' retrieved from /opt/airflow/dags/store_raw_data_dag.py
[2024-07-13T01:15:05.664+0000] {logging_mixin.py:188} INFO - [2024-07-13T01:15:05.663+0000] {dag.py:3096} INFO - Sync 1 DAGs
[2024-07-13T01:15:05.723+0000] {logging_mixin.py:188} INFO - [2024-07-13T01:15:05.722+0000] {dag.py:3954} INFO - Setting next_dagrun for ingestion_dag to 2024-07-12 07:00:00+00:00, run_after=2024-07-13 07:00:00+00:00
[2024-07-13T01:15:05.762+0000] {processor.py:183} INFO - Processing /opt/airflow/dags/store_raw_data_dag.py took 0.196 seconds
[2024-07-13T01:15:36.229+0000] {processor.py:161} INFO - Started process (PID=535) to work on /opt/airflow/dags/store_raw_data_dag.py
[2024-07-13T01:15:36.232+0000] {processor.py:830} INFO - Processing file /opt/airflow/dags/store_raw_data_dag.py for tasks to queue
[2024-07-13T01:15:36.235+0000] {logging_mixin.py:188} INFO - [2024-07-13T01:15:36.235+0000] {dagbag.py:545} INFO - Filling up the DagBag from /opt/airflow/dags/store_raw_data_dag.py
[2024-07-13T01:15:36.254+0000] {processor.py:840} INFO - DAG(s) 'ingestion_dag' retrieved from /opt/airflow/dags/store_raw_data_dag.py
[2024-07-13T01:15:36.296+0000] {logging_mixin.py:188} INFO - [2024-07-13T01:15:36.295+0000] {dag.py:3096} INFO - Sync 1 DAGs
[2024-07-13T01:15:36.339+0000] {logging_mixin.py:188} INFO - [2024-07-13T01:15:36.338+0000] {dag.py:3954} INFO - Setting next_dagrun for ingestion_dag to 2024-07-12 07:00:00+00:00, run_after=2024-07-13 07:00:00+00:00
[2024-07-13T01:15:36.368+0000] {processor.py:183} INFO - Processing /opt/airflow/dags/store_raw_data_dag.py took 0.153 seconds
[2024-07-13T01:16:06.858+0000] {processor.py:161} INFO - Started process (PID=598) to work on /opt/airflow/dags/store_raw_data_dag.py
[2024-07-13T01:16:06.860+0000] {processor.py:830} INFO - Processing file /opt/airflow/dags/store_raw_data_dag.py for tasks to queue
[2024-07-13T01:16:06.864+0000] {logging_mixin.py:188} INFO - [2024-07-13T01:16:06.863+0000] {dagbag.py:545} INFO - Filling up the DagBag from /opt/airflow/dags/store_raw_data_dag.py
[2024-07-13T01:16:06.884+0000] {processor.py:840} INFO - DAG(s) 'ingestion_dag' retrieved from /opt/airflow/dags/store_raw_data_dag.py
[2024-07-13T01:16:06.921+0000] {logging_mixin.py:188} INFO - [2024-07-13T01:16:06.920+0000] {dag.py:3096} INFO - Sync 1 DAGs
[2024-07-13T01:16:06.962+0000] {logging_mixin.py:188} INFO - [2024-07-13T01:16:06.962+0000] {dag.py:3954} INFO - Setting next_dagrun for ingestion_dag to 2024-07-12 07:00:00+00:00, run_after=2024-07-13 07:00:00+00:00
[2024-07-13T01:16:06.993+0000] {processor.py:183} INFO - Processing /opt/airflow/dags/store_raw_data_dag.py took 0.148 seconds
[2024-07-13T01:16:37.377+0000] {processor.py:161} INFO - Started process (PID=660) to work on /opt/airflow/dags/store_raw_data_dag.py
[2024-07-13T01:16:37.379+0000] {processor.py:830} INFO - Processing file /opt/airflow/dags/store_raw_data_dag.py for tasks to queue
[2024-07-13T01:16:37.382+0000] {logging_mixin.py:188} INFO - [2024-07-13T01:16:37.382+0000] {dagbag.py:545} INFO - Filling up the DagBag from /opt/airflow/dags/store_raw_data_dag.py
[2024-07-13T01:16:37.399+0000] {processor.py:840} INFO - DAG(s) 'ingestion_dag' retrieved from /opt/airflow/dags/store_raw_data_dag.py
[2024-07-13T01:16:37.439+0000] {logging_mixin.py:188} INFO - [2024-07-13T01:16:37.438+0000] {dag.py:3096} INFO - Sync 1 DAGs
[2024-07-13T01:16:37.482+0000] {logging_mixin.py:188} INFO - [2024-07-13T01:16:37.482+0000] {dag.py:3954} INFO - Setting next_dagrun for ingestion_dag to 2024-07-12 07:00:00+00:00, run_after=2024-07-13 07:00:00+00:00
[2024-07-13T01:16:37.515+0000] {processor.py:183} INFO - Processing /opt/airflow/dags/store_raw_data_dag.py took 0.150 seconds
