[2024-07-13T00:27:53.777+0000] {processor.py:161} INFO - Started process (PID=34) to work on /opt/airflow/dags/transformation_dag.py
[2024-07-13T00:27:53.779+0000] {processor.py:830} INFO - Processing file /opt/airflow/dags/transformation_dag.py for tasks to queue
[2024-07-13T00:27:53.784+0000] {logging_mixin.py:188} INFO - [2024-07-13T00:27:53.783+0000] {dagbag.py:545} INFO - Filling up the DagBag from /opt/airflow/dags/transformation_dag.py
[2024-07-13T00:27:53.833+0000] {processor.py:840} INFO - DAG(s) 'test_transformation' retrieved from /opt/airflow/dags/transformation_dag.py
[2024-07-13T00:27:54.302+0000] {logging_mixin.py:188} INFO - [2024-07-13T00:27:54.301+0000] {dag.py:3096} INFO - Sync 1 DAGs
[2024-07-13T00:27:54.344+0000] {logging_mixin.py:188} INFO - [2024-07-13T00:27:54.344+0000] {dag.py:3954} INFO - Setting next_dagrun for test_transformation to 2024-07-12 07:00:00+00:00, run_after=2024-07-13 07:00:00+00:00
[2024-07-13T00:27:54.376+0000] {processor.py:183} INFO - Processing /opt/airflow/dags/transformation_dag.py took 0.613 seconds
[2024-07-13T00:28:27.970+0000] {processor.py:161} INFO - Started process (PID=96) to work on /opt/airflow/dags/transformation_dag.py
[2024-07-13T00:28:27.976+0000] {processor.py:830} INFO - Processing file /opt/airflow/dags/transformation_dag.py for tasks to queue
[2024-07-13T00:28:27.978+0000] {logging_mixin.py:188} INFO - [2024-07-13T00:28:27.978+0000] {dagbag.py:545} INFO - Filling up the DagBag from /opt/airflow/dags/transformation_dag.py
[2024-07-13T00:28:28.001+0000] {processor.py:840} INFO - DAG(s) 'test_transformation' retrieved from /opt/airflow/dags/transformation_dag.py
[2024-07-13T00:28:28.041+0000] {logging_mixin.py:188} INFO - [2024-07-13T00:28:28.041+0000] {dag.py:3096} INFO - Sync 1 DAGs
[2024-07-13T00:28:28.084+0000] {logging_mixin.py:188} INFO - [2024-07-13T00:28:28.083+0000] {dag.py:3954} INFO - Setting next_dagrun for test_transformation to 2024-07-12 07:00:00+00:00, run_after=2024-07-13 07:00:00+00:00
[2024-07-13T00:28:28.117+0000] {processor.py:183} INFO - Processing /opt/airflow/dags/transformation_dag.py took 0.163 seconds
[2024-07-13T00:29:00.309+0000] {processor.py:161} INFO - Started process (PID=158) to work on /opt/airflow/dags/transformation_dag.py
[2024-07-13T00:29:00.311+0000] {processor.py:830} INFO - Processing file /opt/airflow/dags/transformation_dag.py for tasks to queue
[2024-07-13T00:29:00.313+0000] {logging_mixin.py:188} INFO - [2024-07-13T00:29:00.312+0000] {dagbag.py:545} INFO - Filling up the DagBag from /opt/airflow/dags/transformation_dag.py
[2024-07-13T00:29:00.330+0000] {processor.py:840} INFO - DAG(s) 'test_transformation' retrieved from /opt/airflow/dags/transformation_dag.py
[2024-07-13T00:29:00.369+0000] {logging_mixin.py:188} INFO - [2024-07-13T00:29:00.369+0000] {dag.py:3096} INFO - Sync 1 DAGs
[2024-07-13T00:29:00.407+0000] {logging_mixin.py:188} INFO - [2024-07-13T00:29:00.407+0000] {dag.py:3954} INFO - Setting next_dagrun for test_transformation to 2024-07-12 07:00:00+00:00, run_after=2024-07-13 07:00:00+00:00
[2024-07-13T00:29:00.434+0000] {processor.py:183} INFO - Processing /opt/airflow/dags/transformation_dag.py took 0.138 seconds
[2024-07-13T00:29:30.678+0000] {processor.py:161} INFO - Started process (PID=220) to work on /opt/airflow/dags/transformation_dag.py
[2024-07-13T00:29:30.681+0000] {processor.py:830} INFO - Processing file /opt/airflow/dags/transformation_dag.py for tasks to queue
[2024-07-13T00:29:30.683+0000] {logging_mixin.py:188} INFO - [2024-07-13T00:29:30.683+0000] {dagbag.py:545} INFO - Filling up the DagBag from /opt/airflow/dags/transformation_dag.py
[2024-07-13T00:29:30.728+0000] {processor.py:840} INFO - DAG(s) 'test_transformation' retrieved from /opt/airflow/dags/transformation_dag.py
[2024-07-13T00:29:30.798+0000] {logging_mixin.py:188} INFO - [2024-07-13T00:29:30.798+0000] {dag.py:3096} INFO - Sync 1 DAGs
[2024-07-13T00:29:30.838+0000] {logging_mixin.py:188} INFO - [2024-07-13T00:29:30.838+0000] {dag.py:3954} INFO - Setting next_dagrun for test_transformation to 2024-07-12 07:00:00+00:00, run_after=2024-07-13 07:00:00+00:00
[2024-07-13T00:29:30.865+0000] {processor.py:183} INFO - Processing /opt/airflow/dags/transformation_dag.py took 0.200 seconds
[2024-07-13T00:30:01.280+0000] {processor.py:161} INFO - Started process (PID=282) to work on /opt/airflow/dags/transformation_dag.py
[2024-07-13T00:30:01.283+0000] {processor.py:830} INFO - Processing file /opt/airflow/dags/transformation_dag.py for tasks to queue
[2024-07-13T00:30:01.285+0000] {logging_mixin.py:188} INFO - [2024-07-13T00:30:01.284+0000] {dagbag.py:545} INFO - Filling up the DagBag from /opt/airflow/dags/transformation_dag.py
[2024-07-13T00:30:01.307+0000] {processor.py:840} INFO - DAG(s) 'test_transformation' retrieved from /opt/airflow/dags/transformation_dag.py
[2024-07-13T00:30:01.355+0000] {logging_mixin.py:188} INFO - [2024-07-13T00:30:01.355+0000] {dag.py:3096} INFO - Sync 1 DAGs
[2024-07-13T00:30:01.398+0000] {logging_mixin.py:188} INFO - [2024-07-13T00:30:01.398+0000] {dag.py:3954} INFO - Setting next_dagrun for test_transformation to 2024-07-12 07:00:00+00:00, run_after=2024-07-13 07:00:00+00:00
[2024-07-13T00:30:01.428+0000] {processor.py:183} INFO - Processing /opt/airflow/dags/transformation_dag.py took 0.170 seconds
[2024-07-13T00:30:31.898+0000] {processor.py:161} INFO - Started process (PID=344) to work on /opt/airflow/dags/transformation_dag.py
[2024-07-13T00:30:31.900+0000] {processor.py:830} INFO - Processing file /opt/airflow/dags/transformation_dag.py for tasks to queue
[2024-07-13T00:30:31.901+0000] {logging_mixin.py:188} INFO - [2024-07-13T00:30:31.901+0000] {dagbag.py:545} INFO - Filling up the DagBag from /opt/airflow/dags/transformation_dag.py
[2024-07-13T00:30:31.916+0000] {processor.py:840} INFO - DAG(s) 'test_transformation' retrieved from /opt/airflow/dags/transformation_dag.py
[2024-07-13T00:30:31.954+0000] {logging_mixin.py:188} INFO - [2024-07-13T00:30:31.953+0000] {dag.py:3096} INFO - Sync 1 DAGs
[2024-07-13T00:30:31.989+0000] {logging_mixin.py:188} INFO - [2024-07-13T00:30:31.989+0000] {dag.py:3954} INFO - Setting next_dagrun for test_transformation to 2024-07-12 07:00:00+00:00, run_after=2024-07-13 07:00:00+00:00
[2024-07-13T00:30:32.014+0000] {processor.py:183} INFO - Processing /opt/airflow/dags/transformation_dag.py took 0.127 seconds
[2024-07-13T00:31:02.388+0000] {processor.py:161} INFO - Started process (PID=406) to work on /opt/airflow/dags/transformation_dag.py
[2024-07-13T00:31:02.390+0000] {processor.py:830} INFO - Processing file /opt/airflow/dags/transformation_dag.py for tasks to queue
[2024-07-13T00:31:02.392+0000] {logging_mixin.py:188} INFO - [2024-07-13T00:31:02.391+0000] {dagbag.py:545} INFO - Filling up the DagBag from /opt/airflow/dags/transformation_dag.py
[2024-07-13T00:31:02.407+0000] {processor.py:840} INFO - DAG(s) 'test_transformation' retrieved from /opt/airflow/dags/transformation_dag.py
[2024-07-13T00:31:02.441+0000] {logging_mixin.py:188} INFO - [2024-07-13T00:31:02.441+0000] {dag.py:3096} INFO - Sync 1 DAGs
[2024-07-13T00:31:02.479+0000] {logging_mixin.py:188} INFO - [2024-07-13T00:31:02.478+0000] {dag.py:3954} INFO - Setting next_dagrun for test_transformation to 2024-07-12 07:00:00+00:00, run_after=2024-07-13 07:00:00+00:00
[2024-07-13T00:31:02.506+0000] {processor.py:183} INFO - Processing /opt/airflow/dags/transformation_dag.py took 0.130 seconds
[2024-07-13T00:31:33.113+0000] {processor.py:161} INFO - Started process (PID=468) to work on /opt/airflow/dags/transformation_dag.py
[2024-07-13T00:31:33.115+0000] {processor.py:830} INFO - Processing file /opt/airflow/dags/transformation_dag.py for tasks to queue
[2024-07-13T00:31:33.117+0000] {logging_mixin.py:188} INFO - [2024-07-13T00:31:33.116+0000] {dagbag.py:545} INFO - Filling up the DagBag from /opt/airflow/dags/transformation_dag.py
[2024-07-13T00:31:33.140+0000] {processor.py:840} INFO - DAG(s) 'test_transformation' retrieved from /opt/airflow/dags/transformation_dag.py
[2024-07-13T00:31:33.191+0000] {logging_mixin.py:188} INFO - [2024-07-13T00:31:33.191+0000] {dag.py:3096} INFO - Sync 1 DAGs
[2024-07-13T00:31:33.245+0000] {logging_mixin.py:188} INFO - [2024-07-13T00:31:33.244+0000] {dag.py:3954} INFO - Setting next_dagrun for test_transformation to 2024-07-12 07:00:00+00:00, run_after=2024-07-13 07:00:00+00:00
[2024-07-13T00:31:33.284+0000] {processor.py:183} INFO - Processing /opt/airflow/dags/transformation_dag.py took 0.187 seconds
[2024-07-13T00:32:03.786+0000] {processor.py:161} INFO - Started process (PID=530) to work on /opt/airflow/dags/transformation_dag.py
[2024-07-13T00:32:03.789+0000] {processor.py:830} INFO - Processing file /opt/airflow/dags/transformation_dag.py for tasks to queue
[2024-07-13T00:32:03.790+0000] {logging_mixin.py:188} INFO - [2024-07-13T00:32:03.790+0000] {dagbag.py:545} INFO - Filling up the DagBag from /opt/airflow/dags/transformation_dag.py
[2024-07-13T00:32:03.807+0000] {processor.py:840} INFO - DAG(s) 'test_transformation' retrieved from /opt/airflow/dags/transformation_dag.py
[2024-07-13T00:32:03.851+0000] {logging_mixin.py:188} INFO - [2024-07-13T00:32:03.850+0000] {dag.py:3096} INFO - Sync 1 DAGs
[2024-07-13T00:32:03.898+0000] {logging_mixin.py:188} INFO - [2024-07-13T00:32:03.898+0000] {dag.py:3954} INFO - Setting next_dagrun for test_transformation to 2024-07-12 07:00:00+00:00, run_after=2024-07-13 07:00:00+00:00
[2024-07-13T00:32:03.929+0000] {processor.py:183} INFO - Processing /opt/airflow/dags/transformation_dag.py took 0.155 seconds
[2024-07-13T00:32:34.177+0000] {processor.py:161} INFO - Started process (PID=592) to work on /opt/airflow/dags/transformation_dag.py
[2024-07-13T00:32:34.179+0000] {processor.py:830} INFO - Processing file /opt/airflow/dags/transformation_dag.py for tasks to queue
[2024-07-13T00:32:34.180+0000] {logging_mixin.py:188} INFO - [2024-07-13T00:32:34.180+0000] {dagbag.py:545} INFO - Filling up the DagBag from /opt/airflow/dags/transformation_dag.py
[2024-07-13T00:32:34.196+0000] {processor.py:840} INFO - DAG(s) 'test_transformation' retrieved from /opt/airflow/dags/transformation_dag.py
[2024-07-13T00:32:34.239+0000] {logging_mixin.py:188} INFO - [2024-07-13T00:32:34.239+0000] {dag.py:3096} INFO - Sync 1 DAGs
[2024-07-13T00:32:34.283+0000] {logging_mixin.py:188} INFO - [2024-07-13T00:32:34.283+0000] {dag.py:3954} INFO - Setting next_dagrun for test_transformation to 2024-07-12 07:00:00+00:00, run_after=2024-07-13 07:00:00+00:00
[2024-07-13T00:32:34.318+0000] {processor.py:183} INFO - Processing /opt/airflow/dags/transformation_dag.py took 0.153 seconds
[2024-07-13T00:33:04.692+0000] {processor.py:161} INFO - Started process (PID=654) to work on /opt/airflow/dags/transformation_dag.py
[2024-07-13T00:33:04.694+0000] {processor.py:830} INFO - Processing file /opt/airflow/dags/transformation_dag.py for tasks to queue
[2024-07-13T00:33:04.695+0000] {logging_mixin.py:188} INFO - [2024-07-13T00:33:04.695+0000] {dagbag.py:545} INFO - Filling up the DagBag from /opt/airflow/dags/transformation_dag.py
[2024-07-13T00:33:04.711+0000] {processor.py:840} INFO - DAG(s) 'test_transformation' retrieved from /opt/airflow/dags/transformation_dag.py
[2024-07-13T00:33:04.749+0000] {logging_mixin.py:188} INFO - [2024-07-13T00:33:04.749+0000] {dag.py:3096} INFO - Sync 1 DAGs
[2024-07-13T00:33:04.790+0000] {logging_mixin.py:188} INFO - [2024-07-13T00:33:04.789+0000] {dag.py:3954} INFO - Setting next_dagrun for test_transformation to 2024-07-12 07:00:00+00:00, run_after=2024-07-13 07:00:00+00:00
[2024-07-13T00:33:04.819+0000] {processor.py:183} INFO - Processing /opt/airflow/dags/transformation_dag.py took 0.139 seconds
[2024-07-13T00:33:37.325+0000] {processor.py:161} INFO - Started process (PID=712) to work on /opt/airflow/dags/transformation_dag.py
[2024-07-13T00:33:37.327+0000] {processor.py:830} INFO - Processing file /opt/airflow/dags/transformation_dag.py for tasks to queue
[2024-07-13T00:33:37.329+0000] {logging_mixin.py:188} INFO - [2024-07-13T00:33:37.329+0000] {dagbag.py:545} INFO - Filling up the DagBag from /opt/airflow/dags/transformation_dag.py
[2024-07-13T00:33:37.349+0000] {processor.py:840} INFO - DAG(s) 'test_transformation' retrieved from /opt/airflow/dags/transformation_dag.py
[2024-07-13T00:33:37.394+0000] {logging_mixin.py:188} INFO - [2024-07-13T00:33:37.394+0000] {dag.py:3096} INFO - Sync 1 DAGs
[2024-07-13T00:33:37.432+0000] {logging_mixin.py:188} INFO - [2024-07-13T00:33:37.432+0000] {dag.py:3954} INFO - Setting next_dagrun for test_transformation to 2024-07-12 07:00:00+00:00, run_after=2024-07-13 07:00:00+00:00
[2024-07-13T00:33:37.457+0000] {processor.py:183} INFO - Processing /opt/airflow/dags/transformation_dag.py took 0.146 seconds
[2024-07-13T00:35:41.861+0000] {processor.py:161} INFO - Started process (PID=35) to work on /opt/airflow/dags/transformation_dag.py
[2024-07-13T00:35:41.864+0000] {processor.py:830} INFO - Processing file /opt/airflow/dags/transformation_dag.py for tasks to queue
[2024-07-13T00:35:41.869+0000] {logging_mixin.py:188} INFO - [2024-07-13T00:35:41.868+0000] {dagbag.py:545} INFO - Filling up the DagBag from /opt/airflow/dags/transformation_dag.py
[2024-07-13T00:35:41.896+0000] {processor.py:840} INFO - DAG(s) 'test_transformation' retrieved from /opt/airflow/dags/transformation_dag.py
[2024-07-13T00:35:42.234+0000] {logging_mixin.py:188} INFO - [2024-07-13T00:35:42.234+0000] {dag.py:3096} INFO - Sync 1 DAGs
[2024-07-13T00:35:42.305+0000] {logging_mixin.py:188} INFO - [2024-07-13T00:35:42.305+0000] {dag.py:3954} INFO - Setting next_dagrun for test_transformation to 2024-07-12 07:00:00+00:00, run_after=2024-07-13 07:00:00+00:00
[2024-07-13T00:35:42.377+0000] {processor.py:183} INFO - Processing /opt/airflow/dags/transformation_dag.py took 0.530 seconds
[2024-07-13T00:36:15.496+0000] {processor.py:161} INFO - Started process (PID=97) to work on /opt/airflow/dags/transformation_dag.py
[2024-07-13T00:36:15.498+0000] {processor.py:830} INFO - Processing file /opt/airflow/dags/transformation_dag.py for tasks to queue
[2024-07-13T00:36:15.502+0000] {logging_mixin.py:188} INFO - [2024-07-13T00:36:15.501+0000] {dagbag.py:545} INFO - Filling up the DagBag from /opt/airflow/dags/transformation_dag.py
[2024-07-13T00:36:15.521+0000] {processor.py:840} INFO - DAG(s) 'test_transformation' retrieved from /opt/airflow/dags/transformation_dag.py
[2024-07-13T00:36:15.566+0000] {logging_mixin.py:188} INFO - [2024-07-13T00:36:15.564+0000] {dag.py:3096} INFO - Sync 1 DAGs
[2024-07-13T00:36:15.611+0000] {logging_mixin.py:188} INFO - [2024-07-13T00:36:15.611+0000] {dag.py:3954} INFO - Setting next_dagrun for test_transformation to 2024-07-12 07:00:00+00:00, run_after=2024-07-13 07:00:00+00:00
[2024-07-13T00:36:15.647+0000] {processor.py:183} INFO - Processing /opt/airflow/dags/transformation_dag.py took 0.165 seconds
[2024-07-13T00:38:12.943+0000] {processor.py:161} INFO - Started process (PID=33) to work on /opt/airflow/dags/transformation_dag.py
[2024-07-13T00:38:12.948+0000] {processor.py:830} INFO - Processing file /opt/airflow/dags/transformation_dag.py for tasks to queue
[2024-07-13T00:38:12.953+0000] {logging_mixin.py:188} INFO - [2024-07-13T00:38:12.953+0000] {dagbag.py:545} INFO - Filling up the DagBag from /opt/airflow/dags/transformation_dag.py
[2024-07-13T00:38:12.983+0000] {processor.py:840} INFO - DAG(s) 'test_transformation' retrieved from /opt/airflow/dags/transformation_dag.py
[2024-07-13T00:38:13.304+0000] {logging_mixin.py:188} INFO - [2024-07-13T00:38:13.303+0000] {dag.py:3096} INFO - Sync 1 DAGs
[2024-07-13T00:38:13.346+0000] {logging_mixin.py:188} INFO - [2024-07-13T00:38:13.346+0000] {dag.py:3954} INFO - Setting next_dagrun for test_transformation to 2024-07-12 07:00:00+00:00, run_after=2024-07-13 07:00:00+00:00
[2024-07-13T00:38:13.402+0000] {processor.py:183} INFO - Processing /opt/airflow/dags/transformation_dag.py took 0.474 seconds
[2024-07-13T00:38:46.035+0000] {processor.py:161} INFO - Started process (PID=95) to work on /opt/airflow/dags/transformation_dag.py
[2024-07-13T00:38:46.037+0000] {processor.py:830} INFO - Processing file /opt/airflow/dags/transformation_dag.py for tasks to queue
[2024-07-13T00:38:46.040+0000] {logging_mixin.py:188} INFO - [2024-07-13T00:38:46.039+0000] {dagbag.py:545} INFO - Filling up the DagBag from /opt/airflow/dags/transformation_dag.py
[2024-07-13T00:38:46.056+0000] {processor.py:840} INFO - DAG(s) 'test_transformation' retrieved from /opt/airflow/dags/transformation_dag.py
[2024-07-13T00:38:46.089+0000] {logging_mixin.py:188} INFO - [2024-07-13T00:38:46.088+0000] {dag.py:3096} INFO - Sync 1 DAGs
[2024-07-13T00:38:46.127+0000] {logging_mixin.py:188} INFO - [2024-07-13T00:38:46.127+0000] {dag.py:3954} INFO - Setting next_dagrun for test_transformation to 2024-07-12 07:00:00+00:00, run_after=2024-07-13 07:00:00+00:00
[2024-07-13T00:38:46.152+0000] {processor.py:183} INFO - Processing /opt/airflow/dags/transformation_dag.py took 0.130 seconds
[2024-07-13T00:39:16.218+0000] {processor.py:161} INFO - Started process (PID=157) to work on /opt/airflow/dags/transformation_dag.py
[2024-07-13T00:39:16.223+0000] {processor.py:830} INFO - Processing file /opt/airflow/dags/transformation_dag.py for tasks to queue
[2024-07-13T00:39:16.227+0000] {logging_mixin.py:188} INFO - [2024-07-13T00:39:16.226+0000] {dagbag.py:545} INFO - Filling up the DagBag from /opt/airflow/dags/transformation_dag.py
[2024-07-13T00:39:16.243+0000] {processor.py:840} INFO - DAG(s) 'test_transformation' retrieved from /opt/airflow/dags/transformation_dag.py
[2024-07-13T00:39:16.286+0000] {logging_mixin.py:188} INFO - [2024-07-13T00:39:16.285+0000] {dag.py:3096} INFO - Sync 1 DAGs
[2024-07-13T00:39:16.334+0000] {logging_mixin.py:188} INFO - [2024-07-13T00:39:16.334+0000] {dag.py:3954} INFO - Setting next_dagrun for test_transformation to 2024-07-12 07:00:00+00:00, run_after=2024-07-13 07:00:00+00:00
[2024-07-13T00:39:16.367+0000] {processor.py:183} INFO - Processing /opt/airflow/dags/transformation_dag.py took 0.162 seconds
[2024-07-13T00:39:46.596+0000] {processor.py:161} INFO - Started process (PID=219) to work on /opt/airflow/dags/transformation_dag.py
[2024-07-13T00:39:46.598+0000] {processor.py:830} INFO - Processing file /opt/airflow/dags/transformation_dag.py for tasks to queue
[2024-07-13T00:39:46.601+0000] {logging_mixin.py:188} INFO - [2024-07-13T00:39:46.601+0000] {dagbag.py:545} INFO - Filling up the DagBag from /opt/airflow/dags/transformation_dag.py
[2024-07-13T00:39:46.618+0000] {processor.py:840} INFO - DAG(s) 'test_transformation' retrieved from /opt/airflow/dags/transformation_dag.py
[2024-07-13T00:39:46.660+0000] {logging_mixin.py:188} INFO - [2024-07-13T00:39:46.659+0000] {dag.py:3096} INFO - Sync 1 DAGs
[2024-07-13T00:39:46.705+0000] {logging_mixin.py:188} INFO - [2024-07-13T00:39:46.705+0000] {dag.py:3954} INFO - Setting next_dagrun for test_transformation to 2024-07-12 07:00:00+00:00, run_after=2024-07-13 07:00:00+00:00
[2024-07-13T00:39:46.732+0000] {processor.py:183} INFO - Processing /opt/airflow/dags/transformation_dag.py took 0.151 seconds
[2024-07-13T00:40:17.217+0000] {processor.py:161} INFO - Started process (PID=281) to work on /opt/airflow/dags/transformation_dag.py
[2024-07-13T00:40:17.219+0000] {processor.py:830} INFO - Processing file /opt/airflow/dags/transformation_dag.py for tasks to queue
[2024-07-13T00:40:17.223+0000] {logging_mixin.py:188} INFO - [2024-07-13T00:40:17.222+0000] {dagbag.py:545} INFO - Filling up the DagBag from /opt/airflow/dags/transformation_dag.py
[2024-07-13T00:40:17.241+0000] {processor.py:840} INFO - DAG(s) 'test_transformation' retrieved from /opt/airflow/dags/transformation_dag.py
[2024-07-13T00:40:17.284+0000] {logging_mixin.py:188} INFO - [2024-07-13T00:40:17.283+0000] {dag.py:3096} INFO - Sync 1 DAGs
[2024-07-13T00:40:17.323+0000] {logging_mixin.py:188} INFO - [2024-07-13T00:40:17.323+0000] {dag.py:3954} INFO - Setting next_dagrun for test_transformation to 2024-07-12 07:00:00+00:00, run_after=2024-07-13 07:00:00+00:00
[2024-07-13T00:40:17.350+0000] {processor.py:183} INFO - Processing /opt/airflow/dags/transformation_dag.py took 0.147 seconds
[2024-07-13T00:40:47.531+0000] {processor.py:161} INFO - Started process (PID=342) to work on /opt/airflow/dags/transformation_dag.py
[2024-07-13T00:40:47.535+0000] {processor.py:830} INFO - Processing file /opt/airflow/dags/transformation_dag.py for tasks to queue
[2024-07-13T00:40:47.544+0000] {logging_mixin.py:188} INFO - [2024-07-13T00:40:47.542+0000] {dagbag.py:545} INFO - Filling up the DagBag from /opt/airflow/dags/transformation_dag.py
[2024-07-13T00:40:47.590+0000] {processor.py:840} INFO - DAG(s) 'test_transformation' retrieved from /opt/airflow/dags/transformation_dag.py
[2024-07-13T00:40:47.685+0000] {logging_mixin.py:188} INFO - [2024-07-13T00:40:47.682+0000] {dag.py:3096} INFO - Sync 1 DAGs
[2024-07-13T00:40:47.780+0000] {logging_mixin.py:188} INFO - [2024-07-13T00:40:47.780+0000] {dag.py:3954} INFO - Setting next_dagrun for test_transformation to 2024-07-12 07:00:00+00:00, run_after=2024-07-13 07:00:00+00:00
[2024-07-13T00:40:47.852+0000] {processor.py:183} INFO - Processing /opt/airflow/dags/transformation_dag.py took 0.353 seconds
[2024-07-13T00:41:18.052+0000] {processor.py:161} INFO - Started process (PID=403) to work on /opt/airflow/dags/transformation_dag.py
[2024-07-13T00:41:18.056+0000] {processor.py:830} INFO - Processing file /opt/airflow/dags/transformation_dag.py for tasks to queue
[2024-07-13T00:41:18.063+0000] {logging_mixin.py:188} INFO - [2024-07-13T00:41:18.062+0000] {dagbag.py:545} INFO - Filling up the DagBag from /opt/airflow/dags/transformation_dag.py
[2024-07-13T00:41:18.104+0000] {processor.py:840} INFO - DAG(s) 'test_transformation' retrieved from /opt/airflow/dags/transformation_dag.py
[2024-07-13T00:41:18.193+0000] {logging_mixin.py:188} INFO - [2024-07-13T00:41:18.192+0000] {dag.py:3096} INFO - Sync 1 DAGs
[2024-07-13T00:41:18.258+0000] {logging_mixin.py:188} INFO - [2024-07-13T00:41:18.257+0000] {dag.py:3954} INFO - Setting next_dagrun for test_transformation to 2024-07-12 07:00:00+00:00, run_after=2024-07-13 07:00:00+00:00
[2024-07-13T00:41:18.323+0000] {processor.py:183} INFO - Processing /opt/airflow/dags/transformation_dag.py took 0.297 seconds
[2024-07-13T00:41:49.073+0000] {processor.py:161} INFO - Started process (PID=464) to work on /opt/airflow/dags/transformation_dag.py
[2024-07-13T00:41:49.074+0000] {processor.py:830} INFO - Processing file /opt/airflow/dags/transformation_dag.py for tasks to queue
[2024-07-13T00:41:49.077+0000] {logging_mixin.py:188} INFO - [2024-07-13T00:41:49.077+0000] {dagbag.py:545} INFO - Filling up the DagBag from /opt/airflow/dags/transformation_dag.py
[2024-07-13T00:41:49.092+0000] {processor.py:840} INFO - DAG(s) 'test_transformation' retrieved from /opt/airflow/dags/transformation_dag.py
[2024-07-13T00:41:49.127+0000] {logging_mixin.py:188} INFO - [2024-07-13T00:41:49.126+0000] {dag.py:3096} INFO - Sync 1 DAGs
[2024-07-13T00:41:49.164+0000] {logging_mixin.py:188} INFO - [2024-07-13T00:41:49.164+0000] {dag.py:3954} INFO - Setting next_dagrun for test_transformation to 2024-07-12 07:00:00+00:00, run_after=2024-07-13 07:00:00+00:00
[2024-07-13T00:41:49.192+0000] {processor.py:183} INFO - Processing /opt/airflow/dags/transformation_dag.py took 0.131 seconds
[2024-07-13T00:43:55.745+0000] {processor.py:161} INFO - Started process (PID=34) to work on /opt/airflow/dags/transformation_dag.py
[2024-07-13T00:43:55.748+0000] {processor.py:830} INFO - Processing file /opt/airflow/dags/transformation_dag.py for tasks to queue
[2024-07-13T00:43:55.753+0000] {logging_mixin.py:188} INFO - [2024-07-13T00:43:55.752+0000] {dagbag.py:545} INFO - Filling up the DagBag from /opt/airflow/dags/transformation_dag.py
[2024-07-13T00:43:55.782+0000] {processor.py:840} INFO - DAG(s) 'test_transformation' retrieved from /opt/airflow/dags/transformation_dag.py
[2024-07-13T00:43:56.065+0000] {logging_mixin.py:188} INFO - [2024-07-13T00:43:56.064+0000] {dag.py:3096} INFO - Sync 1 DAGs
[2024-07-13T00:43:56.128+0000] {logging_mixin.py:188} INFO - [2024-07-13T00:43:56.128+0000] {dag.py:3954} INFO - Setting next_dagrun for test_transformation to 2024-07-12 07:00:00+00:00, run_after=2024-07-13 07:00:00+00:00
[2024-07-13T00:43:56.165+0000] {processor.py:183} INFO - Processing /opt/airflow/dags/transformation_dag.py took 0.435 seconds
[2024-07-13T00:44:29.134+0000] {processor.py:161} INFO - Started process (PID=96) to work on /opt/airflow/dags/transformation_dag.py
[2024-07-13T00:44:29.135+0000] {processor.py:830} INFO - Processing file /opt/airflow/dags/transformation_dag.py for tasks to queue
[2024-07-13T00:44:29.139+0000] {logging_mixin.py:188} INFO - [2024-07-13T00:44:29.138+0000] {dagbag.py:545} INFO - Filling up the DagBag from /opt/airflow/dags/transformation_dag.py
[2024-07-13T00:44:29.156+0000] {processor.py:840} INFO - DAG(s) 'test_transformation' retrieved from /opt/airflow/dags/transformation_dag.py
[2024-07-13T00:44:29.196+0000] {logging_mixin.py:188} INFO - [2024-07-13T00:44:29.195+0000] {dag.py:3096} INFO - Sync 1 DAGs
[2024-07-13T00:44:29.240+0000] {logging_mixin.py:188} INFO - [2024-07-13T00:44:29.240+0000] {dag.py:3954} INFO - Setting next_dagrun for test_transformation to 2024-07-12 07:00:00+00:00, run_after=2024-07-13 07:00:00+00:00
[2024-07-13T00:44:29.272+0000] {processor.py:183} INFO - Processing /opt/airflow/dags/transformation_dag.py took 0.151 seconds
[2024-07-13T00:45:01.602+0000] {processor.py:161} INFO - Started process (PID=157) to work on /opt/airflow/dags/transformation_dag.py
[2024-07-13T00:45:01.608+0000] {processor.py:830} INFO - Processing file /opt/airflow/dags/transformation_dag.py for tasks to queue
[2024-07-13T00:45:01.612+0000] {logging_mixin.py:188} INFO - [2024-07-13T00:45:01.611+0000] {dagbag.py:545} INFO - Filling up the DagBag from /opt/airflow/dags/transformation_dag.py
[2024-07-13T00:45:01.630+0000] {processor.py:840} INFO - DAG(s) 'test_transformation' retrieved from /opt/airflow/dags/transformation_dag.py
[2024-07-13T00:45:01.673+0000] {logging_mixin.py:188} INFO - [2024-07-13T00:45:01.672+0000] {dag.py:3096} INFO - Sync 1 DAGs
[2024-07-13T00:45:01.715+0000] {logging_mixin.py:188} INFO - [2024-07-13T00:45:01.715+0000] {dag.py:3954} INFO - Setting next_dagrun for test_transformation to 2024-07-12 07:00:00+00:00, run_after=2024-07-13 07:00:00+00:00
[2024-07-13T00:45:01.749+0000] {processor.py:183} INFO - Processing /opt/airflow/dags/transformation_dag.py took 0.161 seconds
[2024-07-13T00:45:32.101+0000] {processor.py:161} INFO - Started process (PID=219) to work on /opt/airflow/dags/transformation_dag.py
[2024-07-13T00:45:32.105+0000] {processor.py:830} INFO - Processing file /opt/airflow/dags/transformation_dag.py for tasks to queue
[2024-07-13T00:45:32.110+0000] {logging_mixin.py:188} INFO - [2024-07-13T00:45:32.109+0000] {dagbag.py:545} INFO - Filling up the DagBag from /opt/airflow/dags/transformation_dag.py
[2024-07-13T00:45:32.136+0000] {processor.py:840} INFO - DAG(s) 'test_transformation' retrieved from /opt/airflow/dags/transformation_dag.py
[2024-07-13T00:45:32.188+0000] {logging_mixin.py:188} INFO - [2024-07-13T00:45:32.187+0000] {dag.py:3096} INFO - Sync 1 DAGs
[2024-07-13T00:45:32.238+0000] {logging_mixin.py:188} INFO - [2024-07-13T00:45:32.237+0000] {dag.py:3954} INFO - Setting next_dagrun for test_transformation to 2024-07-12 07:00:00+00:00, run_after=2024-07-13 07:00:00+00:00
[2024-07-13T00:45:32.271+0000] {processor.py:183} INFO - Processing /opt/airflow/dags/transformation_dag.py took 0.186 seconds
[2024-07-13T00:46:02.565+0000] {processor.py:161} INFO - Started process (PID=280) to work on /opt/airflow/dags/transformation_dag.py
[2024-07-13T00:46:02.568+0000] {processor.py:830} INFO - Processing file /opt/airflow/dags/transformation_dag.py for tasks to queue
[2024-07-13T00:46:02.572+0000] {logging_mixin.py:188} INFO - [2024-07-13T00:46:02.572+0000] {dagbag.py:545} INFO - Filling up the DagBag from /opt/airflow/dags/transformation_dag.py
[2024-07-13T00:46:02.595+0000] {processor.py:840} INFO - DAG(s) 'test_transformation' retrieved from /opt/airflow/dags/transformation_dag.py
[2024-07-13T00:46:02.640+0000] {logging_mixin.py:188} INFO - [2024-07-13T00:46:02.639+0000] {dag.py:3096} INFO - Sync 1 DAGs
[2024-07-13T00:46:02.689+0000] {logging_mixin.py:188} INFO - [2024-07-13T00:46:02.688+0000] {dag.py:3954} INFO - Setting next_dagrun for test_transformation to 2024-07-12 07:00:00+00:00, run_after=2024-07-13 07:00:00+00:00
[2024-07-13T00:46:02.722+0000] {processor.py:183} INFO - Processing /opt/airflow/dags/transformation_dag.py took 0.170 seconds
[2024-07-13T00:46:32.993+0000] {processor.py:161} INFO - Started process (PID=342) to work on /opt/airflow/dags/transformation_dag.py
[2024-07-13T00:46:32.996+0000] {processor.py:830} INFO - Processing file /opt/airflow/dags/transformation_dag.py for tasks to queue
[2024-07-13T00:46:33.000+0000] {logging_mixin.py:188} INFO - [2024-07-13T00:46:32.999+0000] {dagbag.py:545} INFO - Filling up the DagBag from /opt/airflow/dags/transformation_dag.py
[2024-07-13T00:46:33.018+0000] {processor.py:840} INFO - DAG(s) 'test_transformation' retrieved from /opt/airflow/dags/transformation_dag.py
[2024-07-13T00:46:33.064+0000] {logging_mixin.py:188} INFO - [2024-07-13T00:46:33.062+0000] {dag.py:3096} INFO - Sync 1 DAGs
[2024-07-13T00:46:33.110+0000] {logging_mixin.py:188} INFO - [2024-07-13T00:46:33.109+0000] {dag.py:3954} INFO - Setting next_dagrun for test_transformation to 2024-07-12 07:00:00+00:00, run_after=2024-07-13 07:00:00+00:00
[2024-07-13T00:46:33.142+0000] {processor.py:183} INFO - Processing /opt/airflow/dags/transformation_dag.py took 0.163 seconds
[2024-07-13T00:47:03.305+0000] {processor.py:161} INFO - Started process (PID=404) to work on /opt/airflow/dags/transformation_dag.py
[2024-07-13T00:47:03.308+0000] {processor.py:830} INFO - Processing file /opt/airflow/dags/transformation_dag.py for tasks to queue
[2024-07-13T00:47:03.311+0000] {logging_mixin.py:188} INFO - [2024-07-13T00:47:03.310+0000] {dagbag.py:545} INFO - Filling up the DagBag from /opt/airflow/dags/transformation_dag.py
[2024-07-13T00:47:03.328+0000] {processor.py:840} INFO - DAG(s) 'test_transformation' retrieved from /opt/airflow/dags/transformation_dag.py
[2024-07-13T00:47:03.369+0000] {logging_mixin.py:188} INFO - [2024-07-13T00:47:03.368+0000] {dag.py:3096} INFO - Sync 1 DAGs
[2024-07-13T00:47:03.415+0000] {logging_mixin.py:188} INFO - [2024-07-13T00:47:03.415+0000] {dag.py:3954} INFO - Setting next_dagrun for test_transformation to 2024-07-12 07:00:00+00:00, run_after=2024-07-13 07:00:00+00:00
[2024-07-13T00:47:03.445+0000] {processor.py:183} INFO - Processing /opt/airflow/dags/transformation_dag.py took 0.151 seconds
[2024-07-13T00:47:33.500+0000] {processor.py:161} INFO - Started process (PID=465) to work on /opt/airflow/dags/transformation_dag.py
[2024-07-13T00:47:33.502+0000] {processor.py:830} INFO - Processing file /opt/airflow/dags/transformation_dag.py for tasks to queue
[2024-07-13T00:47:33.506+0000] {logging_mixin.py:188} INFO - [2024-07-13T00:47:33.506+0000] {dagbag.py:545} INFO - Filling up the DagBag from /opt/airflow/dags/transformation_dag.py
[2024-07-13T00:47:33.525+0000] {processor.py:840} INFO - DAG(s) 'test_transformation' retrieved from /opt/airflow/dags/transformation_dag.py
[2024-07-13T00:47:33.564+0000] {logging_mixin.py:188} INFO - [2024-07-13T00:47:33.563+0000] {dag.py:3096} INFO - Sync 1 DAGs
[2024-07-13T00:47:33.603+0000] {logging_mixin.py:188} INFO - [2024-07-13T00:47:33.602+0000] {dag.py:3954} INFO - Setting next_dagrun for test_transformation to 2024-07-12 07:00:00+00:00, run_after=2024-07-13 07:00:00+00:00
[2024-07-13T00:47:33.631+0000] {processor.py:183} INFO - Processing /opt/airflow/dags/transformation_dag.py took 0.145 seconds
[2024-07-13T00:48:03.741+0000] {processor.py:161} INFO - Started process (PID=526) to work on /opt/airflow/dags/transformation_dag.py
[2024-07-13T00:48:03.742+0000] {processor.py:830} INFO - Processing file /opt/airflow/dags/transformation_dag.py for tasks to queue
[2024-07-13T00:48:03.746+0000] {logging_mixin.py:188} INFO - [2024-07-13T00:48:03.745+0000] {dagbag.py:545} INFO - Filling up the DagBag from /opt/airflow/dags/transformation_dag.py
[2024-07-13T00:48:03.765+0000] {processor.py:840} INFO - DAG(s) 'test_transformation' retrieved from /opt/airflow/dags/transformation_dag.py
[2024-07-13T00:48:03.805+0000] {logging_mixin.py:188} INFO - [2024-07-13T00:48:03.804+0000] {dag.py:3096} INFO - Sync 1 DAGs
[2024-07-13T00:48:03.842+0000] {logging_mixin.py:188} INFO - [2024-07-13T00:48:03.842+0000] {dag.py:3954} INFO - Setting next_dagrun for test_transformation to 2024-07-12 07:00:00+00:00, run_after=2024-07-13 07:00:00+00:00
[2024-07-13T00:48:03.868+0000] {processor.py:183} INFO - Processing /opt/airflow/dags/transformation_dag.py took 0.141 seconds
[2024-07-13T00:48:34.017+0000] {processor.py:161} INFO - Started process (PID=588) to work on /opt/airflow/dags/transformation_dag.py
[2024-07-13T00:48:34.020+0000] {processor.py:830} INFO - Processing file /opt/airflow/dags/transformation_dag.py for tasks to queue
[2024-07-13T00:48:34.023+0000] {logging_mixin.py:188} INFO - [2024-07-13T00:48:34.022+0000] {dagbag.py:545} INFO - Filling up the DagBag from /opt/airflow/dags/transformation_dag.py
[2024-07-13T00:48:34.039+0000] {processor.py:840} INFO - DAG(s) 'test_transformation' retrieved from /opt/airflow/dags/transformation_dag.py
[2024-07-13T00:48:34.078+0000] {logging_mixin.py:188} INFO - [2024-07-13T00:48:34.077+0000] {dag.py:3096} INFO - Sync 1 DAGs
[2024-07-13T00:48:34.126+0000] {logging_mixin.py:188} INFO - [2024-07-13T00:48:34.126+0000] {dag.py:3954} INFO - Setting next_dagrun for test_transformation to 2024-07-12 07:00:00+00:00, run_after=2024-07-13 07:00:00+00:00
[2024-07-13T00:48:34.159+0000] {processor.py:183} INFO - Processing /opt/airflow/dags/transformation_dag.py took 0.153 seconds
[2024-07-13T00:49:04.480+0000] {processor.py:161} INFO - Started process (PID=606) to work on /opt/airflow/dags/transformation_dag.py
[2024-07-13T00:49:04.481+0000] {processor.py:830} INFO - Processing file /opt/airflow/dags/transformation_dag.py for tasks to queue
[2024-07-13T00:49:04.484+0000] {logging_mixin.py:188} INFO - [2024-07-13T00:49:04.484+0000] {dagbag.py:545} INFO - Filling up the DagBag from /opt/airflow/dags/transformation_dag.py
[2024-07-13T00:49:04.501+0000] {processor.py:840} INFO - DAG(s) 'test_transformation' retrieved from /opt/airflow/dags/transformation_dag.py
[2024-07-13T00:49:04.538+0000] {logging_mixin.py:188} INFO - [2024-07-13T00:49:04.537+0000] {dag.py:3096} INFO - Sync 1 DAGs
[2024-07-13T00:49:04.574+0000] {logging_mixin.py:188} INFO - [2024-07-13T00:49:04.573+0000] {dag.py:3954} INFO - Setting next_dagrun for test_transformation to 2024-07-12 07:00:00+00:00, run_after=2024-07-13 07:00:00+00:00
[2024-07-13T00:49:04.601+0000] {processor.py:183} INFO - Processing /opt/airflow/dags/transformation_dag.py took 0.133 seconds
[2024-07-13T00:49:38.005+0000] {processor.py:161} INFO - Started process (PID=665) to work on /opt/airflow/dags/transformation_dag.py
[2024-07-13T00:49:38.007+0000] {processor.py:830} INFO - Processing file /opt/airflow/dags/transformation_dag.py for tasks to queue
[2024-07-13T00:49:38.011+0000] {logging_mixin.py:188} INFO - [2024-07-13T00:49:38.010+0000] {dagbag.py:545} INFO - Filling up the DagBag from /opt/airflow/dags/transformation_dag.py
[2024-07-13T00:49:38.027+0000] {processor.py:840} INFO - DAG(s) 'test_transformation' retrieved from /opt/airflow/dags/transformation_dag.py
[2024-07-13T00:49:38.061+0000] {logging_mixin.py:188} INFO - [2024-07-13T00:49:38.061+0000] {dag.py:3096} INFO - Sync 1 DAGs
[2024-07-13T00:49:38.101+0000] {logging_mixin.py:188} INFO - [2024-07-13T00:49:38.101+0000] {dag.py:3954} INFO - Setting next_dagrun for test_transformation to 2024-07-12 07:00:00+00:00, run_after=2024-07-13 07:00:00+00:00
[2024-07-13T00:49:38.131+0000] {processor.py:183} INFO - Processing /opt/airflow/dags/transformation_dag.py took 0.140 seconds
[2024-07-13T00:50:08.428+0000] {processor.py:161} INFO - Started process (PID=724) to work on /opt/airflow/dags/transformation_dag.py
[2024-07-13T00:50:08.430+0000] {processor.py:830} INFO - Processing file /opt/airflow/dags/transformation_dag.py for tasks to queue
[2024-07-13T00:50:08.434+0000] {logging_mixin.py:188} INFO - [2024-07-13T00:50:08.434+0000] {dagbag.py:545} INFO - Filling up the DagBag from /opt/airflow/dags/transformation_dag.py
[2024-07-13T00:50:08.456+0000] {processor.py:840} INFO - DAG(s) 'test_transformation' retrieved from /opt/airflow/dags/transformation_dag.py
[2024-07-13T00:50:08.504+0000] {logging_mixin.py:188} INFO - [2024-07-13T00:50:08.503+0000] {dag.py:3096} INFO - Sync 1 DAGs
[2024-07-13T00:50:08.555+0000] {logging_mixin.py:188} INFO - [2024-07-13T00:50:08.554+0000] {dag.py:3954} INFO - Setting next_dagrun for test_transformation to 2024-07-12 07:00:00+00:00, run_after=2024-07-13 07:00:00+00:00
[2024-07-13T00:50:08.596+0000] {processor.py:183} INFO - Processing /opt/airflow/dags/transformation_dag.py took 0.182 seconds
[2024-07-13T00:50:41.823+0000] {processor.py:161} INFO - Started process (PID=786) to work on /opt/airflow/dags/transformation_dag.py
[2024-07-13T00:50:41.826+0000] {processor.py:830} INFO - Processing file /opt/airflow/dags/transformation_dag.py for tasks to queue
[2024-07-13T00:50:41.830+0000] {logging_mixin.py:188} INFO - [2024-07-13T00:50:41.829+0000] {dagbag.py:545} INFO - Filling up the DagBag from /opt/airflow/dags/transformation_dag.py
[2024-07-13T00:50:41.848+0000] {processor.py:840} INFO - DAG(s) 'test_transformation' retrieved from /opt/airflow/dags/transformation_dag.py
[2024-07-13T00:50:41.890+0000] {logging_mixin.py:188} INFO - [2024-07-13T00:50:41.889+0000] {dag.py:3096} INFO - Sync 1 DAGs
[2024-07-13T00:50:41.939+0000] {logging_mixin.py:188} INFO - [2024-07-13T00:50:41.938+0000] {dag.py:3954} INFO - Setting next_dagrun for test_transformation to 2024-07-12 07:00:00+00:00, run_after=2024-07-13 07:00:00+00:00
[2024-07-13T00:50:41.970+0000] {processor.py:183} INFO - Processing /opt/airflow/dags/transformation_dag.py took 0.165 seconds
[2024-07-13T00:51:12.797+0000] {processor.py:161} INFO - Started process (PID=848) to work on /opt/airflow/dags/transformation_dag.py
[2024-07-13T00:51:12.799+0000] {processor.py:830} INFO - Processing file /opt/airflow/dags/transformation_dag.py for tasks to queue
[2024-07-13T00:51:12.802+0000] {logging_mixin.py:188} INFO - [2024-07-13T00:51:12.802+0000] {dagbag.py:545} INFO - Filling up the DagBag from /opt/airflow/dags/transformation_dag.py
[2024-07-13T00:51:12.820+0000] {processor.py:840} INFO - DAG(s) 'test_transformation' retrieved from /opt/airflow/dags/transformation_dag.py
[2024-07-13T00:51:13.141+0000] {logging_mixin.py:188} INFO - [2024-07-13T00:51:13.141+0000] {dag.py:3096} INFO - Sync 1 DAGs
[2024-07-13T00:51:13.173+0000] {logging_mixin.py:188} INFO - [2024-07-13T00:51:13.173+0000] {dag.py:3954} INFO - Setting next_dagrun for test_transformation to 2024-07-12 07:00:00+00:00, run_after=2024-07-13 07:00:00+00:00
[2024-07-13T00:51:13.199+0000] {processor.py:183} INFO - Processing /opt/airflow/dags/transformation_dag.py took 0.416 seconds
[2024-07-13T00:51:43.622+0000] {processor.py:161} INFO - Started process (PID=910) to work on /opt/airflow/dags/transformation_dag.py
[2024-07-13T00:51:43.625+0000] {processor.py:830} INFO - Processing file /opt/airflow/dags/transformation_dag.py for tasks to queue
[2024-07-13T00:51:43.628+0000] {logging_mixin.py:188} INFO - [2024-07-13T00:51:43.628+0000] {dagbag.py:545} INFO - Filling up the DagBag from /opt/airflow/dags/transformation_dag.py
[2024-07-13T00:51:43.644+0000] {processor.py:840} INFO - DAG(s) 'test_transformation' retrieved from /opt/airflow/dags/transformation_dag.py
[2024-07-13T00:51:43.682+0000] {logging_mixin.py:188} INFO - [2024-07-13T00:51:43.681+0000] {dag.py:3096} INFO - Sync 1 DAGs
[2024-07-13T00:51:43.718+0000] {logging_mixin.py:188} INFO - [2024-07-13T00:51:43.718+0000] {dag.py:3954} INFO - Setting next_dagrun for test_transformation to 2024-07-12 07:00:00+00:00, run_after=2024-07-13 07:00:00+00:00
[2024-07-13T00:51:43.744+0000] {processor.py:183} INFO - Processing /opt/airflow/dags/transformation_dag.py took 0.133 seconds
[2024-07-13T00:52:13.873+0000] {processor.py:161} INFO - Started process (PID=972) to work on /opt/airflow/dags/transformation_dag.py
[2024-07-13T00:52:13.874+0000] {processor.py:830} INFO - Processing file /opt/airflow/dags/transformation_dag.py for tasks to queue
[2024-07-13T00:52:13.877+0000] {logging_mixin.py:188} INFO - [2024-07-13T00:52:13.877+0000] {dagbag.py:545} INFO - Filling up the DagBag from /opt/airflow/dags/transformation_dag.py
[2024-07-13T00:52:13.893+0000] {processor.py:840} INFO - DAG(s) 'test_transformation' retrieved from /opt/airflow/dags/transformation_dag.py
[2024-07-13T00:52:13.929+0000] {logging_mixin.py:188} INFO - [2024-07-13T00:52:13.928+0000] {dag.py:3096} INFO - Sync 1 DAGs
[2024-07-13T00:52:13.968+0000] {logging_mixin.py:188} INFO - [2024-07-13T00:52:13.968+0000] {dag.py:3954} INFO - Setting next_dagrun for test_transformation to 2024-07-12 07:00:00+00:00, run_after=2024-07-13 07:00:00+00:00
[2024-07-13T00:52:13.994+0000] {processor.py:183} INFO - Processing /opt/airflow/dags/transformation_dag.py took 0.133 seconds
[2024-07-13T00:52:44.251+0000] {processor.py:161} INFO - Started process (PID=1035) to work on /opt/airflow/dags/transformation_dag.py
[2024-07-13T00:52:44.254+0000] {processor.py:830} INFO - Processing file /opt/airflow/dags/transformation_dag.py for tasks to queue
[2024-07-13T00:52:44.258+0000] {logging_mixin.py:188} INFO - [2024-07-13T00:52:44.257+0000] {dagbag.py:545} INFO - Filling up the DagBag from /opt/airflow/dags/transformation_dag.py
[2024-07-13T00:52:44.277+0000] {processor.py:840} INFO - DAG(s) 'test_transformation' retrieved from /opt/airflow/dags/transformation_dag.py
[2024-07-13T00:52:44.319+0000] {logging_mixin.py:188} INFO - [2024-07-13T00:52:44.318+0000] {dag.py:3096} INFO - Sync 1 DAGs
[2024-07-13T00:52:44.360+0000] {logging_mixin.py:188} INFO - [2024-07-13T00:52:44.360+0000] {dag.py:3954} INFO - Setting next_dagrun for test_transformation to 2024-07-12 07:00:00+00:00, run_after=2024-07-13 07:00:00+00:00
[2024-07-13T00:52:44.391+0000] {processor.py:183} INFO - Processing /opt/airflow/dags/transformation_dag.py took 0.154 seconds
[2024-07-13T00:53:14.719+0000] {processor.py:161} INFO - Started process (PID=1098) to work on /opt/airflow/dags/transformation_dag.py
[2024-07-13T00:53:14.722+0000] {processor.py:830} INFO - Processing file /opt/airflow/dags/transformation_dag.py for tasks to queue
[2024-07-13T00:53:14.726+0000] {logging_mixin.py:188} INFO - [2024-07-13T00:53:14.725+0000] {dagbag.py:545} INFO - Filling up the DagBag from /opt/airflow/dags/transformation_dag.py
[2024-07-13T00:53:14.744+0000] {processor.py:840} INFO - DAG(s) 'test_transformation' retrieved from /opt/airflow/dags/transformation_dag.py
[2024-07-13T00:53:14.794+0000] {logging_mixin.py:188} INFO - [2024-07-13T00:53:14.792+0000] {dag.py:3096} INFO - Sync 1 DAGs
[2024-07-13T00:53:14.844+0000] {logging_mixin.py:188} INFO - [2024-07-13T00:53:14.843+0000] {dag.py:3954} INFO - Setting next_dagrun for test_transformation to 2024-07-12 07:00:00+00:00, run_after=2024-07-13 07:00:00+00:00
[2024-07-13T00:53:14.870+0000] {processor.py:183} INFO - Processing /opt/airflow/dags/transformation_dag.py took 0.164 seconds
[2024-07-13T00:53:45.388+0000] {processor.py:161} INFO - Started process (PID=1166) to work on /opt/airflow/dags/transformation_dag.py
[2024-07-13T00:53:45.390+0000] {processor.py:830} INFO - Processing file /opt/airflow/dags/transformation_dag.py for tasks to queue
[2024-07-13T00:53:45.393+0000] {logging_mixin.py:188} INFO - [2024-07-13T00:53:45.393+0000] {dagbag.py:545} INFO - Filling up the DagBag from /opt/airflow/dags/transformation_dag.py
[2024-07-13T00:53:45.409+0000] {processor.py:840} INFO - DAG(s) 'test_transformation' retrieved from /opt/airflow/dags/transformation_dag.py
[2024-07-13T00:53:45.451+0000] {logging_mixin.py:188} INFO - [2024-07-13T00:53:45.449+0000] {dag.py:3096} INFO - Sync 1 DAGs
[2024-07-13T00:53:45.494+0000] {logging_mixin.py:188} INFO - [2024-07-13T00:53:45.493+0000] {dag.py:3954} INFO - Setting next_dagrun for test_transformation to 2024-07-12 07:00:00+00:00, run_after=2024-07-13 07:00:00+00:00
[2024-07-13T00:53:45.532+0000] {processor.py:183} INFO - Processing /opt/airflow/dags/transformation_dag.py took 0.156 seconds
[2024-07-13T00:54:15.974+0000] {processor.py:161} INFO - Started process (PID=1228) to work on /opt/airflow/dags/transformation_dag.py
[2024-07-13T00:54:15.976+0000] {processor.py:830} INFO - Processing file /opt/airflow/dags/transformation_dag.py for tasks to queue
[2024-07-13T00:54:15.980+0000] {logging_mixin.py:188} INFO - [2024-07-13T00:54:15.980+0000] {dagbag.py:545} INFO - Filling up the DagBag from /opt/airflow/dags/transformation_dag.py
[2024-07-13T00:54:15.999+0000] {processor.py:840} INFO - DAG(s) 'test_transformation' retrieved from /opt/airflow/dags/transformation_dag.py
[2024-07-13T00:54:16.045+0000] {logging_mixin.py:188} INFO - [2024-07-13T00:54:16.044+0000] {dag.py:3096} INFO - Sync 1 DAGs
[2024-07-13T00:54:16.086+0000] {logging_mixin.py:188} INFO - [2024-07-13T00:54:16.086+0000] {dag.py:3954} INFO - Setting next_dagrun for test_transformation to 2024-07-12 07:00:00+00:00, run_after=2024-07-13 07:00:00+00:00
[2024-07-13T00:54:16.120+0000] {processor.py:183} INFO - Processing /opt/airflow/dags/transformation_dag.py took 0.160 seconds
[2024-07-13T00:54:46.661+0000] {processor.py:161} INFO - Started process (PID=1290) to work on /opt/airflow/dags/transformation_dag.py
[2024-07-13T00:54:46.663+0000] {processor.py:830} INFO - Processing file /opt/airflow/dags/transformation_dag.py for tasks to queue
[2024-07-13T00:54:46.667+0000] {logging_mixin.py:188} INFO - [2024-07-13T00:54:46.666+0000] {dagbag.py:545} INFO - Filling up the DagBag from /opt/airflow/dags/transformation_dag.py
[2024-07-13T00:54:46.685+0000] {processor.py:840} INFO - DAG(s) 'test_transformation' retrieved from /opt/airflow/dags/transformation_dag.py
[2024-07-13T00:54:46.727+0000] {logging_mixin.py:188} INFO - [2024-07-13T00:54:46.726+0000] {dag.py:3096} INFO - Sync 1 DAGs
[2024-07-13T00:54:46.772+0000] {logging_mixin.py:188} INFO - [2024-07-13T00:54:46.772+0000] {dag.py:3954} INFO - Setting next_dagrun for test_transformation to 2024-07-12 07:00:00+00:00, run_after=2024-07-13 07:00:00+00:00
[2024-07-13T00:54:46.802+0000] {processor.py:183} INFO - Processing /opt/airflow/dags/transformation_dag.py took 0.155 seconds
[2024-07-13T00:55:16.984+0000] {processor.py:161} INFO - Started process (PID=1351) to work on /opt/airflow/dags/transformation_dag.py
[2024-07-13T00:55:16.987+0000] {processor.py:830} INFO - Processing file /opt/airflow/dags/transformation_dag.py for tasks to queue
[2024-07-13T00:55:16.990+0000] {logging_mixin.py:188} INFO - [2024-07-13T00:55:16.989+0000] {dagbag.py:545} INFO - Filling up the DagBag from /opt/airflow/dags/transformation_dag.py
[2024-07-13T00:55:17.005+0000] {processor.py:840} INFO - DAG(s) 'test_transformation' retrieved from /opt/airflow/dags/transformation_dag.py
[2024-07-13T00:55:17.042+0000] {logging_mixin.py:188} INFO - [2024-07-13T00:55:17.041+0000] {dag.py:3096} INFO - Sync 1 DAGs
[2024-07-13T00:55:17.079+0000] {logging_mixin.py:188} INFO - [2024-07-13T00:55:17.078+0000] {dag.py:3954} INFO - Setting next_dagrun for test_transformation to 2024-07-12 07:00:00+00:00, run_after=2024-07-13 07:00:00+00:00
[2024-07-13T00:55:17.107+0000] {processor.py:183} INFO - Processing /opt/airflow/dags/transformation_dag.py took 0.134 seconds
[2024-07-13T00:58:52.094+0000] {processor.py:161} INFO - Started process (PID=35) to work on /opt/airflow/dags/transformation_dag.py
[2024-07-13T00:58:52.098+0000] {processor.py:830} INFO - Processing file /opt/airflow/dags/transformation_dag.py for tasks to queue
[2024-07-13T00:58:52.103+0000] {logging_mixin.py:188} INFO - [2024-07-13T00:58:52.103+0000] {dagbag.py:545} INFO - Filling up the DagBag from /opt/airflow/dags/transformation_dag.py
[2024-07-13T00:58:52.163+0000] {processor.py:840} INFO - DAG(s) 'test_transformation' retrieved from /opt/airflow/dags/transformation_dag.py
[2024-07-13T00:58:52.483+0000] {logging_mixin.py:188} INFO - [2024-07-13T00:58:52.482+0000] {dag.py:3096} INFO - Sync 1 DAGs
[2024-07-13T00:58:52.530+0000] {logging_mixin.py:188} INFO - [2024-07-13T00:58:52.529+0000] {dag.py:3954} INFO - Setting next_dagrun for test_transformation to 2024-07-12 07:00:00+00:00, run_after=2024-07-13 07:00:00+00:00
[2024-07-13T00:58:52.572+0000] {processor.py:183} INFO - Processing /opt/airflow/dags/transformation_dag.py took 0.495 seconds
[2024-07-13T00:59:25.526+0000] {processor.py:161} INFO - Started process (PID=97) to work on /opt/airflow/dags/transformation_dag.py
[2024-07-13T00:59:25.529+0000] {processor.py:830} INFO - Processing file /opt/airflow/dags/transformation_dag.py for tasks to queue
[2024-07-13T00:59:25.532+0000] {logging_mixin.py:188} INFO - [2024-07-13T00:59:25.532+0000] {dagbag.py:545} INFO - Filling up the DagBag from /opt/airflow/dags/transformation_dag.py
[2024-07-13T00:59:25.550+0000] {processor.py:840} INFO - DAG(s) 'test_transformation' retrieved from /opt/airflow/dags/transformation_dag.py
[2024-07-13T00:59:25.599+0000] {logging_mixin.py:188} INFO - [2024-07-13T00:59:25.598+0000] {dag.py:3096} INFO - Sync 1 DAGs
[2024-07-13T00:59:25.648+0000] {logging_mixin.py:188} INFO - [2024-07-13T00:59:25.648+0000] {dag.py:3954} INFO - Setting next_dagrun for test_transformation to 2024-07-12 07:00:00+00:00, run_after=2024-07-13 07:00:00+00:00
[2024-07-13T00:59:25.682+0000] {processor.py:183} INFO - Processing /opt/airflow/dags/transformation_dag.py took 0.169 seconds
[2024-07-13T00:59:56.191+0000] {processor.py:161} INFO - Started process (PID=158) to work on /opt/airflow/dags/transformation_dag.py
[2024-07-13T00:59:56.193+0000] {processor.py:830} INFO - Processing file /opt/airflow/dags/transformation_dag.py for tasks to queue
[2024-07-13T00:59:56.196+0000] {logging_mixin.py:188} INFO - [2024-07-13T00:59:56.195+0000] {dagbag.py:545} INFO - Filling up the DagBag from /opt/airflow/dags/transformation_dag.py
[2024-07-13T00:59:56.212+0000] {processor.py:840} INFO - DAG(s) 'test_transformation' retrieved from /opt/airflow/dags/transformation_dag.py
[2024-07-13T00:59:56.250+0000] {logging_mixin.py:188} INFO - [2024-07-13T00:59:56.249+0000] {dag.py:3096} INFO - Sync 1 DAGs
[2024-07-13T00:59:56.290+0000] {logging_mixin.py:188} INFO - [2024-07-13T00:59:56.290+0000] {dag.py:3954} INFO - Setting next_dagrun for test_transformation to 2024-07-12 07:00:00+00:00, run_after=2024-07-13 07:00:00+00:00
[2024-07-13T00:59:56.321+0000] {processor.py:183} INFO - Processing /opt/airflow/dags/transformation_dag.py took 0.142 seconds
[2024-07-13T01:00:26.573+0000] {processor.py:161} INFO - Started process (PID=220) to work on /opt/airflow/dags/transformation_dag.py
[2024-07-13T01:00:26.577+0000] {processor.py:830} INFO - Processing file /opt/airflow/dags/transformation_dag.py for tasks to queue
[2024-07-13T01:00:26.583+0000] {logging_mixin.py:188} INFO - [2024-07-13T01:00:26.582+0000] {dagbag.py:545} INFO - Filling up the DagBag from /opt/airflow/dags/transformation_dag.py
[2024-07-13T01:00:26.607+0000] {processor.py:840} INFO - DAG(s) 'test_transformation' retrieved from /opt/airflow/dags/transformation_dag.py
[2024-07-13T01:00:26.656+0000] {logging_mixin.py:188} INFO - [2024-07-13T01:00:26.655+0000] {dag.py:3096} INFO - Sync 1 DAGs
[2024-07-13T01:00:26.708+0000] {logging_mixin.py:188} INFO - [2024-07-13T01:00:26.708+0000] {dag.py:3954} INFO - Setting next_dagrun for test_transformation to 2024-07-12 07:00:00+00:00, run_after=2024-07-13 07:00:00+00:00
[2024-07-13T01:00:26.748+0000] {processor.py:183} INFO - Processing /opt/airflow/dags/transformation_dag.py took 0.192 seconds
[2024-07-13T01:00:56.809+0000] {processor.py:161} INFO - Started process (PID=282) to work on /opt/airflow/dags/transformation_dag.py
[2024-07-13T01:00:56.812+0000] {processor.py:830} INFO - Processing file /opt/airflow/dags/transformation_dag.py for tasks to queue
[2024-07-13T01:00:56.815+0000] {logging_mixin.py:188} INFO - [2024-07-13T01:00:56.815+0000] {dagbag.py:545} INFO - Filling up the DagBag from /opt/airflow/dags/transformation_dag.py
[2024-07-13T01:00:56.831+0000] {processor.py:840} INFO - DAG(s) 'test_transformation' retrieved from /opt/airflow/dags/transformation_dag.py
[2024-07-13T01:00:56.872+0000] {logging_mixin.py:188} INFO - [2024-07-13T01:00:56.871+0000] {dag.py:3096} INFO - Sync 1 DAGs
[2024-07-13T01:00:56.917+0000] {logging_mixin.py:188} INFO - [2024-07-13T01:00:56.917+0000] {dag.py:3954} INFO - Setting next_dagrun for test_transformation to 2024-07-12 07:00:00+00:00, run_after=2024-07-13 07:00:00+00:00
[2024-07-13T01:00:56.953+0000] {processor.py:183} INFO - Processing /opt/airflow/dags/transformation_dag.py took 0.156 seconds
[2024-07-13T01:01:27.381+0000] {processor.py:161} INFO - Started process (PID=344) to work on /opt/airflow/dags/transformation_dag.py
[2024-07-13T01:01:27.382+0000] {processor.py:830} INFO - Processing file /opt/airflow/dags/transformation_dag.py for tasks to queue
[2024-07-13T01:01:27.386+0000] {logging_mixin.py:188} INFO - [2024-07-13T01:01:27.386+0000] {dagbag.py:545} INFO - Filling up the DagBag from /opt/airflow/dags/transformation_dag.py
[2024-07-13T01:01:27.408+0000] {processor.py:840} INFO - DAG(s) 'test_transformation' retrieved from /opt/airflow/dags/transformation_dag.py
[2024-07-13T01:01:27.453+0000] {logging_mixin.py:188} INFO - [2024-07-13T01:01:27.452+0000] {dag.py:3096} INFO - Sync 1 DAGs
[2024-07-13T01:01:27.503+0000] {logging_mixin.py:188} INFO - [2024-07-13T01:01:27.502+0000] {dag.py:3954} INFO - Setting next_dagrun for test_transformation to 2024-07-12 07:00:00+00:00, run_after=2024-07-13 07:00:00+00:00
[2024-07-13T01:01:27.540+0000] {processor.py:183} INFO - Processing /opt/airflow/dags/transformation_dag.py took 0.173 seconds
[2024-07-13T01:01:57.724+0000] {processor.py:161} INFO - Started process (PID=406) to work on /opt/airflow/dags/transformation_dag.py
[2024-07-13T01:01:57.726+0000] {processor.py:830} INFO - Processing file /opt/airflow/dags/transformation_dag.py for tasks to queue
[2024-07-13T01:01:57.731+0000] {logging_mixin.py:188} INFO - [2024-07-13T01:01:57.730+0000] {dagbag.py:545} INFO - Filling up the DagBag from /opt/airflow/dags/transformation_dag.py
[2024-07-13T01:01:57.749+0000] {processor.py:840} INFO - DAG(s) 'test_transformation' retrieved from /opt/airflow/dags/transformation_dag.py
[2024-07-13T01:01:57.788+0000] {logging_mixin.py:188} INFO - [2024-07-13T01:01:57.787+0000] {dag.py:3096} INFO - Sync 1 DAGs
[2024-07-13T01:01:57.825+0000] {logging_mixin.py:188} INFO - [2024-07-13T01:01:57.825+0000] {dag.py:3954} INFO - Setting next_dagrun for test_transformation to 2024-07-12 07:00:00+00:00, run_after=2024-07-13 07:00:00+00:00
[2024-07-13T01:01:57.858+0000] {processor.py:183} INFO - Processing /opt/airflow/dags/transformation_dag.py took 0.148 seconds
[2024-07-13T01:02:28.193+0000] {processor.py:161} INFO - Started process (PID=467) to work on /opt/airflow/dags/transformation_dag.py
[2024-07-13T01:02:28.195+0000] {processor.py:830} INFO - Processing file /opt/airflow/dags/transformation_dag.py for tasks to queue
[2024-07-13T01:02:28.199+0000] {logging_mixin.py:188} INFO - [2024-07-13T01:02:28.198+0000] {dagbag.py:545} INFO - Filling up the DagBag from /opt/airflow/dags/transformation_dag.py
[2024-07-13T01:02:28.215+0000] {processor.py:840} INFO - DAG(s) 'test_transformation' retrieved from /opt/airflow/dags/transformation_dag.py
[2024-07-13T01:02:28.255+0000] {logging_mixin.py:188} INFO - [2024-07-13T01:02:28.254+0000] {dag.py:3096} INFO - Sync 1 DAGs
[2024-07-13T01:02:28.293+0000] {logging_mixin.py:188} INFO - [2024-07-13T01:02:28.292+0000] {dag.py:3954} INFO - Setting next_dagrun for test_transformation to 2024-07-12 07:00:00+00:00, run_after=2024-07-13 07:00:00+00:00
[2024-07-13T01:02:28.320+0000] {processor.py:183} INFO - Processing /opt/airflow/dags/transformation_dag.py took 0.140 seconds
[2024-07-13T01:02:59.211+0000] {processor.py:161} INFO - Started process (PID=529) to work on /opt/airflow/dags/transformation_dag.py
[2024-07-13T01:02:59.213+0000] {processor.py:830} INFO - Processing file /opt/airflow/dags/transformation_dag.py for tasks to queue
[2024-07-13T01:02:59.216+0000] {logging_mixin.py:188} INFO - [2024-07-13T01:02:59.216+0000] {dagbag.py:545} INFO - Filling up the DagBag from /opt/airflow/dags/transformation_dag.py
[2024-07-13T01:02:59.232+0000] {processor.py:840} INFO - DAG(s) 'test_transformation' retrieved from /opt/airflow/dags/transformation_dag.py
[2024-07-13T01:02:59.275+0000] {logging_mixin.py:188} INFO - [2024-07-13T01:02:59.274+0000] {dag.py:3096} INFO - Sync 1 DAGs
[2024-07-13T01:02:59.320+0000] {logging_mixin.py:188} INFO - [2024-07-13T01:02:59.320+0000] {dag.py:3954} INFO - Setting next_dagrun for test_transformation to 2024-07-12 07:00:00+00:00, run_after=2024-07-13 07:00:00+00:00
[2024-07-13T01:02:59.349+0000] {processor.py:183} INFO - Processing /opt/airflow/dags/transformation_dag.py took 0.151 seconds
[2024-07-13T01:03:29.729+0000] {processor.py:161} INFO - Started process (PID=591) to work on /opt/airflow/dags/transformation_dag.py
[2024-07-13T01:03:29.730+0000] {processor.py:830} INFO - Processing file /opt/airflow/dags/transformation_dag.py for tasks to queue
[2024-07-13T01:03:29.734+0000] {logging_mixin.py:188} INFO - [2024-07-13T01:03:29.734+0000] {dagbag.py:545} INFO - Filling up the DagBag from /opt/airflow/dags/transformation_dag.py
[2024-07-13T01:03:29.753+0000] {processor.py:840} INFO - DAG(s) 'test_transformation' retrieved from /opt/airflow/dags/transformation_dag.py
[2024-07-13T01:03:29.798+0000] {logging_mixin.py:188} INFO - [2024-07-13T01:03:29.797+0000] {dag.py:3096} INFO - Sync 1 DAGs
[2024-07-13T01:03:29.840+0000] {logging_mixin.py:188} INFO - [2024-07-13T01:03:29.839+0000] {dag.py:3954} INFO - Setting next_dagrun for test_transformation to 2024-07-12 07:00:00+00:00, run_after=2024-07-13 07:00:00+00:00
[2024-07-13T01:03:29.871+0000] {processor.py:183} INFO - Processing /opt/airflow/dags/transformation_dag.py took 0.157 seconds
[2024-07-13T01:04:02.668+0000] {processor.py:161} INFO - Started process (PID=640) to work on /opt/airflow/dags/transformation_dag.py
[2024-07-13T01:04:02.671+0000] {processor.py:830} INFO - Processing file /opt/airflow/dags/transformation_dag.py for tasks to queue
[2024-07-13T01:04:02.675+0000] {logging_mixin.py:188} INFO - [2024-07-13T01:04:02.674+0000] {dagbag.py:545} INFO - Filling up the DagBag from /opt/airflow/dags/transformation_dag.py
[2024-07-13T01:04:02.691+0000] {processor.py:840} INFO - DAG(s) 'test_transformation' retrieved from /opt/airflow/dags/transformation_dag.py
[2024-07-13T01:04:02.739+0000] {logging_mixin.py:188} INFO - [2024-07-13T01:04:02.738+0000] {dag.py:3096} INFO - Sync 1 DAGs
[2024-07-13T01:04:02.790+0000] {logging_mixin.py:188} INFO - [2024-07-13T01:04:02.789+0000] {dag.py:3954} INFO - Setting next_dagrun for test_transformation to 2024-07-12 07:00:00+00:00, run_after=2024-07-13 07:00:00+00:00
[2024-07-13T01:04:02.830+0000] {processor.py:183} INFO - Processing /opt/airflow/dags/transformation_dag.py took 0.174 seconds
[2024-07-13T01:04:35.717+0000] {processor.py:161} INFO - Started process (PID=699) to work on /opt/airflow/dags/transformation_dag.py
[2024-07-13T01:04:35.719+0000] {processor.py:830} INFO - Processing file /opt/airflow/dags/transformation_dag.py for tasks to queue
[2024-07-13T01:04:35.724+0000] {logging_mixin.py:188} INFO - [2024-07-13T01:04:35.723+0000] {dagbag.py:545} INFO - Filling up the DagBag from /opt/airflow/dags/transformation_dag.py
[2024-07-13T01:04:35.746+0000] {processor.py:840} INFO - DAG(s) 'test_transformation' retrieved from /opt/airflow/dags/transformation_dag.py
[2024-07-13T01:04:35.798+0000] {logging_mixin.py:188} INFO - [2024-07-13T01:04:35.797+0000] {dag.py:3096} INFO - Sync 1 DAGs
[2024-07-13T01:04:35.853+0000] {logging_mixin.py:188} INFO - [2024-07-13T01:04:35.853+0000] {dag.py:3954} INFO - Setting next_dagrun for test_transformation to 2024-07-12 07:00:00+00:00, run_after=2024-07-13 07:00:00+00:00
[2024-07-13T01:04:35.900+0000] {processor.py:183} INFO - Processing /opt/airflow/dags/transformation_dag.py took 0.199 seconds
[2024-07-13T01:05:08.622+0000] {processor.py:161} INFO - Started process (PID=765) to work on /opt/airflow/dags/transformation_dag.py
[2024-07-13T01:05:08.625+0000] {processor.py:830} INFO - Processing file /opt/airflow/dags/transformation_dag.py for tasks to queue
[2024-07-13T01:05:08.628+0000] {logging_mixin.py:188} INFO - [2024-07-13T01:05:08.628+0000] {dagbag.py:545} INFO - Filling up the DagBag from /opt/airflow/dags/transformation_dag.py
[2024-07-13T01:05:08.647+0000] {processor.py:840} INFO - DAG(s) 'test_transformation' retrieved from /opt/airflow/dags/transformation_dag.py
[2024-07-13T01:05:08.692+0000] {logging_mixin.py:188} INFO - [2024-07-13T01:05:08.691+0000] {dag.py:3096} INFO - Sync 1 DAGs
[2024-07-13T01:05:08.746+0000] {logging_mixin.py:188} INFO - [2024-07-13T01:05:08.746+0000] {dag.py:3954} INFO - Setting next_dagrun for test_transformation to 2024-07-12 07:00:00+00:00, run_after=2024-07-13 07:00:00+00:00
[2024-07-13T01:05:08.782+0000] {processor.py:183} INFO - Processing /opt/airflow/dags/transformation_dag.py took 0.174 seconds
[2024-07-13T01:05:39.012+0000] {processor.py:161} INFO - Started process (PID=798) to work on /opt/airflow/dags/transformation_dag.py
[2024-07-13T01:05:39.014+0000] {processor.py:830} INFO - Processing file /opt/airflow/dags/transformation_dag.py for tasks to queue
[2024-07-13T01:05:39.018+0000] {logging_mixin.py:188} INFO - [2024-07-13T01:05:39.017+0000] {dagbag.py:545} INFO - Filling up the DagBag from /opt/airflow/dags/transformation_dag.py
[2024-07-13T01:05:39.037+0000] {processor.py:840} INFO - DAG(s) 'test_transformation' retrieved from /opt/airflow/dags/transformation_dag.py
[2024-07-13T01:05:39.085+0000] {logging_mixin.py:188} INFO - [2024-07-13T01:05:39.084+0000] {dag.py:3096} INFO - Sync 1 DAGs
[2024-07-13T01:05:39.133+0000] {logging_mixin.py:188} INFO - [2024-07-13T01:05:39.132+0000] {dag.py:3954} INFO - Setting next_dagrun for test_transformation to 2024-07-12 07:00:00+00:00, run_after=2024-07-13 07:00:00+00:00
[2024-07-13T01:05:39.171+0000] {processor.py:183} INFO - Processing /opt/airflow/dags/transformation_dag.py took 0.174 seconds
[2024-07-13T01:06:11.986+0000] {processor.py:161} INFO - Started process (PID=859) to work on /opt/airflow/dags/transformation_dag.py
[2024-07-13T01:06:11.990+0000] {processor.py:830} INFO - Processing file /opt/airflow/dags/transformation_dag.py for tasks to queue
[2024-07-13T01:06:11.995+0000] {logging_mixin.py:188} INFO - [2024-07-13T01:06:11.994+0000] {dagbag.py:545} INFO - Filling up the DagBag from /opt/airflow/dags/transformation_dag.py
[2024-07-13T01:06:12.016+0000] {processor.py:840} INFO - DAG(s) 'test_transformation' retrieved from /opt/airflow/dags/transformation_dag.py
[2024-07-13T01:06:12.066+0000] {logging_mixin.py:188} INFO - [2024-07-13T01:06:12.065+0000] {dag.py:3096} INFO - Sync 1 DAGs
[2024-07-13T01:06:12.115+0000] {logging_mixin.py:188} INFO - [2024-07-13T01:06:12.114+0000] {dag.py:3954} INFO - Setting next_dagrun for test_transformation to 2024-07-12 07:00:00+00:00, run_after=2024-07-13 07:00:00+00:00
[2024-07-13T01:06:12.149+0000] {processor.py:183} INFO - Processing /opt/airflow/dags/transformation_dag.py took 0.181 seconds
[2024-07-13T01:06:44.807+0000] {processor.py:161} INFO - Started process (PID=921) to work on /opt/airflow/dags/transformation_dag.py
[2024-07-13T01:06:44.809+0000] {processor.py:830} INFO - Processing file /opt/airflow/dags/transformation_dag.py for tasks to queue
[2024-07-13T01:06:44.813+0000] {logging_mixin.py:188} INFO - [2024-07-13T01:06:44.812+0000] {dagbag.py:545} INFO - Filling up the DagBag from /opt/airflow/dags/transformation_dag.py
[2024-07-13T01:06:44.834+0000] {processor.py:840} INFO - DAG(s) 'test_transformation' retrieved from /opt/airflow/dags/transformation_dag.py
[2024-07-13T01:06:44.874+0000] {logging_mixin.py:188} INFO - [2024-07-13T01:06:44.873+0000] {dag.py:3096} INFO - Sync 1 DAGs
[2024-07-13T01:06:44.914+0000] {logging_mixin.py:188} INFO - [2024-07-13T01:06:44.914+0000] {dag.py:3954} INFO - Setting next_dagrun for test_transformation to 2024-07-12 07:00:00+00:00, run_after=2024-07-13 07:00:00+00:00
[2024-07-13T01:06:44.944+0000] {processor.py:183} INFO - Processing /opt/airflow/dags/transformation_dag.py took 0.150 seconds
[2024-07-13T01:07:15.364+0000] {processor.py:161} INFO - Started process (PID=981) to work on /opt/airflow/dags/transformation_dag.py
[2024-07-13T01:07:15.365+0000] {processor.py:830} INFO - Processing file /opt/airflow/dags/transformation_dag.py for tasks to queue
[2024-07-13T01:07:15.369+0000] {logging_mixin.py:188} INFO - [2024-07-13T01:07:15.368+0000] {dagbag.py:545} INFO - Filling up the DagBag from /opt/airflow/dags/transformation_dag.py
[2024-07-13T01:07:15.387+0000] {processor.py:840} INFO - DAG(s) 'test_transformation' retrieved from /opt/airflow/dags/transformation_dag.py
[2024-07-13T01:07:15.423+0000] {logging_mixin.py:188} INFO - [2024-07-13T01:07:15.422+0000] {dag.py:3096} INFO - Sync 1 DAGs
[2024-07-13T01:07:15.458+0000] {logging_mixin.py:188} INFO - [2024-07-13T01:07:15.457+0000] {dag.py:3954} INFO - Setting next_dagrun for test_transformation to 2024-07-12 07:00:00+00:00, run_after=2024-07-13 07:00:00+00:00
[2024-07-13T01:07:15.483+0000] {processor.py:183} INFO - Processing /opt/airflow/dags/transformation_dag.py took 0.131 seconds
[2024-07-13T01:07:47.673+0000] {processor.py:161} INFO - Started process (PID=1043) to work on /opt/airflow/dags/transformation_dag.py
[2024-07-13T01:07:47.676+0000] {processor.py:830} INFO - Processing file /opt/airflow/dags/transformation_dag.py for tasks to queue
[2024-07-13T01:07:47.679+0000] {logging_mixin.py:188} INFO - [2024-07-13T01:07:47.679+0000] {dagbag.py:545} INFO - Filling up the DagBag from /opt/airflow/dags/transformation_dag.py
[2024-07-13T01:07:47.697+0000] {processor.py:840} INFO - DAG(s) 'test_transformation' retrieved from /opt/airflow/dags/transformation_dag.py
[2024-07-13T01:07:47.736+0000] {logging_mixin.py:188} INFO - [2024-07-13T01:07:47.735+0000] {dag.py:3096} INFO - Sync 1 DAGs
[2024-07-13T01:07:47.772+0000] {logging_mixin.py:188} INFO - [2024-07-13T01:07:47.771+0000] {dag.py:3954} INFO - Setting next_dagrun for test_transformation to 2024-07-12 07:00:00+00:00, run_after=2024-07-13 07:00:00+00:00
[2024-07-13T01:07:47.797+0000] {processor.py:183} INFO - Processing /opt/airflow/dags/transformation_dag.py took 0.137 seconds
[2024-07-13T01:08:17.944+0000] {processor.py:161} INFO - Started process (PID=1105) to work on /opt/airflow/dags/transformation_dag.py
[2024-07-13T01:08:17.946+0000] {processor.py:830} INFO - Processing file /opt/airflow/dags/transformation_dag.py for tasks to queue
[2024-07-13T01:08:17.949+0000] {logging_mixin.py:188} INFO - [2024-07-13T01:08:17.949+0000] {dagbag.py:545} INFO - Filling up the DagBag from /opt/airflow/dags/transformation_dag.py
[2024-07-13T01:08:17.964+0000] {processor.py:840} INFO - DAG(s) 'test_transformation' retrieved from /opt/airflow/dags/transformation_dag.py
[2024-07-13T01:08:18.002+0000] {logging_mixin.py:188} INFO - [2024-07-13T01:08:18.001+0000] {dag.py:3096} INFO - Sync 1 DAGs
[2024-07-13T01:08:18.038+0000] {logging_mixin.py:188} INFO - [2024-07-13T01:08:18.038+0000] {dag.py:3954} INFO - Setting next_dagrun for test_transformation to 2024-07-12 07:00:00+00:00, run_after=2024-07-13 07:00:00+00:00
[2024-07-13T01:08:18.062+0000] {processor.py:183} INFO - Processing /opt/airflow/dags/transformation_dag.py took 0.130 seconds
[2024-07-13T01:08:49.004+0000] {processor.py:161} INFO - Started process (PID=1167) to work on /opt/airflow/dags/transformation_dag.py
[2024-07-13T01:08:49.006+0000] {processor.py:830} INFO - Processing file /opt/airflow/dags/transformation_dag.py for tasks to queue
[2024-07-13T01:08:49.010+0000] {logging_mixin.py:188} INFO - [2024-07-13T01:08:49.010+0000] {dagbag.py:545} INFO - Filling up the DagBag from /opt/airflow/dags/transformation_dag.py
[2024-07-13T01:08:49.027+0000] {processor.py:840} INFO - DAG(s) 'test_transformation' retrieved from /opt/airflow/dags/transformation_dag.py
[2024-07-13T01:08:49.063+0000] {logging_mixin.py:188} INFO - [2024-07-13T01:08:49.062+0000] {dag.py:3096} INFO - Sync 1 DAGs
[2024-07-13T01:08:49.098+0000] {logging_mixin.py:188} INFO - [2024-07-13T01:08:49.098+0000] {dag.py:3954} INFO - Setting next_dagrun for test_transformation to 2024-07-12 07:00:00+00:00, run_after=2024-07-13 07:00:00+00:00
[2024-07-13T01:08:49.124+0000] {processor.py:183} INFO - Processing /opt/airflow/dags/transformation_dag.py took 0.132 seconds
[2024-07-13T01:09:19.270+0000] {processor.py:161} INFO - Started process (PID=1229) to work on /opt/airflow/dags/transformation_dag.py
[2024-07-13T01:09:19.272+0000] {processor.py:830} INFO - Processing file /opt/airflow/dags/transformation_dag.py for tasks to queue
[2024-07-13T01:09:19.276+0000] {logging_mixin.py:188} INFO - [2024-07-13T01:09:19.275+0000] {dagbag.py:545} INFO - Filling up the DagBag from /opt/airflow/dags/transformation_dag.py
[2024-07-13T01:09:19.294+0000] {processor.py:840} INFO - DAG(s) 'test_transformation' retrieved from /opt/airflow/dags/transformation_dag.py
[2024-07-13T01:09:19.335+0000] {logging_mixin.py:188} INFO - [2024-07-13T01:09:19.334+0000] {dag.py:3096} INFO - Sync 1 DAGs
[2024-07-13T01:09:19.372+0000] {logging_mixin.py:188} INFO - [2024-07-13T01:09:19.372+0000] {dag.py:3954} INFO - Setting next_dagrun for test_transformation to 2024-07-12 07:00:00+00:00, run_after=2024-07-13 07:00:00+00:00
[2024-07-13T01:09:19.402+0000] {processor.py:183} INFO - Processing /opt/airflow/dags/transformation_dag.py took 0.149 seconds
[2024-07-13T01:11:10.632+0000] {processor.py:161} INFO - Started process (PID=33) to work on /opt/airflow/dags/transformation_dag.py
[2024-07-13T01:11:10.636+0000] {processor.py:830} INFO - Processing file /opt/airflow/dags/transformation_dag.py for tasks to queue
[2024-07-13T01:11:10.640+0000] {logging_mixin.py:188} INFO - [2024-07-13T01:11:10.639+0000] {dagbag.py:545} INFO - Filling up the DagBag from /opt/airflow/dags/transformation_dag.py
[2024-07-13T01:11:10.668+0000] {processor.py:840} INFO - DAG(s) 'test_transformation' retrieved from /opt/airflow/dags/transformation_dag.py
[2024-07-13T01:11:10.975+0000] {logging_mixin.py:188} INFO - [2024-07-13T01:11:10.974+0000] {dag.py:3096} INFO - Sync 1 DAGs
[2024-07-13T01:11:11.018+0000] {logging_mixin.py:188} INFO - [2024-07-13T01:11:11.018+0000] {dag.py:3954} INFO - Setting next_dagrun for test_transformation to 2024-07-12 07:00:00+00:00, run_after=2024-07-13 07:00:00+00:00
[2024-07-13T01:11:11.053+0000] {processor.py:183} INFO - Processing /opt/airflow/dags/transformation_dag.py took 0.437 seconds
[2024-07-13T01:11:43.971+0000] {processor.py:161} INFO - Started process (PID=94) to work on /opt/airflow/dags/transformation_dag.py
[2024-07-13T01:11:43.973+0000] {processor.py:830} INFO - Processing file /opt/airflow/dags/transformation_dag.py for tasks to queue
[2024-07-13T01:11:43.976+0000] {logging_mixin.py:188} INFO - [2024-07-13T01:11:43.976+0000] {dagbag.py:545} INFO - Filling up the DagBag from /opt/airflow/dags/transformation_dag.py
[2024-07-13T01:11:43.991+0000] {processor.py:840} INFO - DAG(s) 'test_transformation' retrieved from /opt/airflow/dags/transformation_dag.py
[2024-07-13T01:11:44.030+0000] {logging_mixin.py:188} INFO - [2024-07-13T01:11:44.029+0000] {dag.py:3096} INFO - Sync 1 DAGs
[2024-07-13T01:11:44.070+0000] {logging_mixin.py:188} INFO - [2024-07-13T01:11:44.069+0000] {dag.py:3954} INFO - Setting next_dagrun for test_transformation to 2024-07-12 07:00:00+00:00, run_after=2024-07-13 07:00:00+00:00
[2024-07-13T01:11:44.099+0000] {processor.py:183} INFO - Processing /opt/airflow/dags/transformation_dag.py took 0.140 seconds
[2024-07-13T01:12:14.269+0000] {processor.py:161} INFO - Started process (PID=156) to work on /opt/airflow/dags/transformation_dag.py
[2024-07-13T01:12:14.271+0000] {processor.py:830} INFO - Processing file /opt/airflow/dags/transformation_dag.py for tasks to queue
[2024-07-13T01:12:14.276+0000] {logging_mixin.py:188} INFO - [2024-07-13T01:12:14.275+0000] {dagbag.py:545} INFO - Filling up the DagBag from /opt/airflow/dags/transformation_dag.py
[2024-07-13T01:12:14.293+0000] {processor.py:840} INFO - DAG(s) 'test_transformation' retrieved from /opt/airflow/dags/transformation_dag.py
[2024-07-13T01:12:14.329+0000] {logging_mixin.py:188} INFO - [2024-07-13T01:12:14.328+0000] {dag.py:3096} INFO - Sync 1 DAGs
[2024-07-13T01:12:14.365+0000] {logging_mixin.py:188} INFO - [2024-07-13T01:12:14.364+0000] {dag.py:3954} INFO - Setting next_dagrun for test_transformation to 2024-07-12 07:00:00+00:00, run_after=2024-07-13 07:00:00+00:00
[2024-07-13T01:12:14.391+0000] {processor.py:183} INFO - Processing /opt/airflow/dags/transformation_dag.py took 0.134 seconds
[2024-07-13T01:12:44.642+0000] {processor.py:161} INFO - Started process (PID=218) to work on /opt/airflow/dags/transformation_dag.py
[2024-07-13T01:12:44.646+0000] {processor.py:830} INFO - Processing file /opt/airflow/dags/transformation_dag.py for tasks to queue
[2024-07-13T01:12:44.650+0000] {logging_mixin.py:188} INFO - [2024-07-13T01:12:44.650+0000] {dagbag.py:545} INFO - Filling up the DagBag from /opt/airflow/dags/transformation_dag.py
[2024-07-13T01:12:44.672+0000] {processor.py:840} INFO - DAG(s) 'test_transformation' retrieved from /opt/airflow/dags/transformation_dag.py
[2024-07-13T01:12:44.714+0000] {logging_mixin.py:188} INFO - [2024-07-13T01:12:44.713+0000] {dag.py:3096} INFO - Sync 1 DAGs
[2024-07-13T01:12:44.765+0000] {logging_mixin.py:188} INFO - [2024-07-13T01:12:44.765+0000] {dag.py:3954} INFO - Setting next_dagrun for test_transformation to 2024-07-12 07:00:00+00:00, run_after=2024-07-13 07:00:00+00:00
[2024-07-13T01:12:44.794+0000] {processor.py:183} INFO - Processing /opt/airflow/dags/transformation_dag.py took 0.168 seconds
[2024-07-13T01:13:15.319+0000] {processor.py:161} INFO - Started process (PID=281) to work on /opt/airflow/dags/transformation_dag.py
[2024-07-13T01:13:15.321+0000] {processor.py:830} INFO - Processing file /opt/airflow/dags/transformation_dag.py for tasks to queue
[2024-07-13T01:13:15.324+0000] {logging_mixin.py:188} INFO - [2024-07-13T01:13:15.324+0000] {dagbag.py:545} INFO - Filling up the DagBag from /opt/airflow/dags/transformation_dag.py
[2024-07-13T01:13:15.340+0000] {processor.py:840} INFO - DAG(s) 'test_transformation' retrieved from /opt/airflow/dags/transformation_dag.py
[2024-07-13T01:13:15.380+0000] {logging_mixin.py:188} INFO - [2024-07-13T01:13:15.379+0000] {dag.py:3096} INFO - Sync 1 DAGs
[2024-07-13T01:13:15.425+0000] {logging_mixin.py:188} INFO - [2024-07-13T01:13:15.424+0000] {dag.py:3954} INFO - Setting next_dagrun for test_transformation to 2024-07-12 07:00:00+00:00, run_after=2024-07-13 07:00:00+00:00
[2024-07-13T01:13:15.458+0000] {processor.py:183} INFO - Processing /opt/airflow/dags/transformation_dag.py took 0.150 seconds
[2024-07-13T01:13:45.818+0000] {processor.py:161} INFO - Started process (PID=343) to work on /opt/airflow/dags/transformation_dag.py
[2024-07-13T01:13:45.820+0000] {processor.py:830} INFO - Processing file /opt/airflow/dags/transformation_dag.py for tasks to queue
[2024-07-13T01:13:45.824+0000] {logging_mixin.py:188} INFO - [2024-07-13T01:13:45.823+0000] {dagbag.py:545} INFO - Filling up the DagBag from /opt/airflow/dags/transformation_dag.py
[2024-07-13T01:13:45.840+0000] {processor.py:840} INFO - DAG(s) 'test_transformation' retrieved from /opt/airflow/dags/transformation_dag.py
[2024-07-13T01:13:45.878+0000] {logging_mixin.py:188} INFO - [2024-07-13T01:13:45.877+0000] {dag.py:3096} INFO - Sync 1 DAGs
[2024-07-13T01:13:45.916+0000] {logging_mixin.py:188} INFO - [2024-07-13T01:13:45.916+0000] {dag.py:3954} INFO - Setting next_dagrun for test_transformation to 2024-07-12 07:00:00+00:00, run_after=2024-07-13 07:00:00+00:00
[2024-07-13T01:13:45.944+0000] {processor.py:183} INFO - Processing /opt/airflow/dags/transformation_dag.py took 0.139 seconds
[2024-07-13T01:14:16.238+0000] {processor.py:161} INFO - Started process (PID=405) to work on /opt/airflow/dags/transformation_dag.py
[2024-07-13T01:14:16.240+0000] {processor.py:830} INFO - Processing file /opt/airflow/dags/transformation_dag.py for tasks to queue
[2024-07-13T01:14:16.243+0000] {logging_mixin.py:188} INFO - [2024-07-13T01:14:16.242+0000] {dagbag.py:545} INFO - Filling up the DagBag from /opt/airflow/dags/transformation_dag.py
[2024-07-13T01:14:16.259+0000] {processor.py:840} INFO - DAG(s) 'test_transformation' retrieved from /opt/airflow/dags/transformation_dag.py
[2024-07-13T01:14:16.296+0000] {logging_mixin.py:188} INFO - [2024-07-13T01:14:16.295+0000] {dag.py:3096} INFO - Sync 1 DAGs
[2024-07-13T01:14:16.334+0000] {logging_mixin.py:188} INFO - [2024-07-13T01:14:16.334+0000] {dag.py:3954} INFO - Setting next_dagrun for test_transformation to 2024-07-12 07:00:00+00:00, run_after=2024-07-13 07:00:00+00:00
[2024-07-13T01:14:16.363+0000] {processor.py:183} INFO - Processing /opt/airflow/dags/transformation_dag.py took 0.137 seconds
[2024-07-13T01:14:46.451+0000] {processor.py:161} INFO - Started process (PID=467) to work on /opt/airflow/dags/transformation_dag.py
[2024-07-13T01:14:46.453+0000] {processor.py:830} INFO - Processing file /opt/airflow/dags/transformation_dag.py for tasks to queue
[2024-07-13T01:14:46.457+0000] {logging_mixin.py:188} INFO - [2024-07-13T01:14:46.456+0000] {dagbag.py:545} INFO - Filling up the DagBag from /opt/airflow/dags/transformation_dag.py
[2024-07-13T01:14:46.475+0000] {processor.py:840} INFO - DAG(s) 'test_transformation' retrieved from /opt/airflow/dags/transformation_dag.py
[2024-07-13T01:14:46.517+0000] {logging_mixin.py:188} INFO - [2024-07-13T01:14:46.516+0000] {dag.py:3096} INFO - Sync 1 DAGs
[2024-07-13T01:14:46.559+0000] {logging_mixin.py:188} INFO - [2024-07-13T01:14:46.559+0000] {dag.py:3954} INFO - Setting next_dagrun for test_transformation to 2024-07-12 07:00:00+00:00, run_after=2024-07-13 07:00:00+00:00
[2024-07-13T01:14:46.595+0000] {processor.py:183} INFO - Processing /opt/airflow/dags/transformation_dag.py took 0.158 seconds
[2024-07-13T01:15:17.097+0000] {processor.py:161} INFO - Started process (PID=529) to work on /opt/airflow/dags/transformation_dag.py
[2024-07-13T01:15:17.100+0000] {processor.py:830} INFO - Processing file /opt/airflow/dags/transformation_dag.py for tasks to queue
[2024-07-13T01:15:17.103+0000] {logging_mixin.py:188} INFO - [2024-07-13T01:15:17.102+0000] {dagbag.py:545} INFO - Filling up the DagBag from /opt/airflow/dags/transformation_dag.py
[2024-07-13T01:15:17.119+0000] {processor.py:840} INFO - DAG(s) 'test_transformation' retrieved from /opt/airflow/dags/transformation_dag.py
[2024-07-13T01:15:17.160+0000] {logging_mixin.py:188} INFO - [2024-07-13T01:15:17.159+0000] {dag.py:3096} INFO - Sync 1 DAGs
[2024-07-13T01:15:17.203+0000] {logging_mixin.py:188} INFO - [2024-07-13T01:15:17.203+0000] {dag.py:3954} INFO - Setting next_dagrun for test_transformation to 2024-07-12 07:00:00+00:00, run_after=2024-07-13 07:00:00+00:00
[2024-07-13T01:15:17.234+0000] {processor.py:183} INFO - Processing /opt/airflow/dags/transformation_dag.py took 0.148 seconds
[2024-07-13T01:15:48.320+0000] {processor.py:161} INFO - Started process (PID=571) to work on /opt/airflow/dags/transformation_dag.py
[2024-07-13T01:15:48.322+0000] {processor.py:830} INFO - Processing file /opt/airflow/dags/transformation_dag.py for tasks to queue
[2024-07-13T01:15:48.325+0000] {logging_mixin.py:188} INFO - [2024-07-13T01:15:48.325+0000] {dagbag.py:545} INFO - Filling up the DagBag from /opt/airflow/dags/transformation_dag.py
[2024-07-13T01:15:48.343+0000] {processor.py:840} INFO - DAG(s) 'test_transformation' retrieved from /opt/airflow/dags/transformation_dag.py
[2024-07-13T01:15:48.382+0000] {logging_mixin.py:188} INFO - [2024-07-13T01:15:48.381+0000] {dag.py:3096} INFO - Sync 1 DAGs
[2024-07-13T01:15:48.423+0000] {logging_mixin.py:188} INFO - [2024-07-13T01:15:48.423+0000] {dag.py:3954} INFO - Setting next_dagrun for test_transformation to 2024-07-12 07:00:00+00:00, run_after=2024-07-13 07:00:00+00:00
[2024-07-13T01:15:48.453+0000] {processor.py:183} INFO - Processing /opt/airflow/dags/transformation_dag.py took 0.145 seconds
[2024-07-13T01:16:20.402+0000] {processor.py:161} INFO - Started process (PID=622) to work on /opt/airflow/dags/transformation_dag.py
[2024-07-13T01:16:20.405+0000] {processor.py:830} INFO - Processing file /opt/airflow/dags/transformation_dag.py for tasks to queue
[2024-07-13T01:16:20.410+0000] {logging_mixin.py:188} INFO - [2024-07-13T01:16:20.409+0000] {dagbag.py:545} INFO - Filling up the DagBag from /opt/airflow/dags/transformation_dag.py
[2024-07-13T01:16:20.432+0000] {processor.py:840} INFO - DAG(s) 'test_transformation' retrieved from /opt/airflow/dags/transformation_dag.py
[2024-07-13T01:16:20.485+0000] {logging_mixin.py:188} INFO - [2024-07-13T01:16:20.482+0000] {dag.py:3096} INFO - Sync 1 DAGs
[2024-07-13T01:16:20.541+0000] {logging_mixin.py:188} INFO - [2024-07-13T01:16:20.541+0000] {dag.py:3954} INFO - Setting next_dagrun for test_transformation to 2024-07-12 07:00:00+00:00, run_after=2024-07-13 07:00:00+00:00
[2024-07-13T01:16:20.584+0000] {processor.py:183} INFO - Processing /opt/airflow/dags/transformation_dag.py took 0.200 seconds
