[2024-07-03T20:55:08.317+0000] {processor.py:161} INFO - Started process (PID=36) to work on /opt/airflow/dags/sample_dag.py
[2024-07-03T20:55:08.319+0000] {processor.py:830} INFO - Processing file /opt/airflow/dags/sample_dag.py for tasks to queue
[2024-07-03T20:55:08.323+0000] {logging_mixin.py:188} INFO - [2024-07-03T20:55:08.322+0000] {dagbag.py:545} INFO - Filling up the DagBag from /opt/airflow/dags/sample_dag.py
[2024-07-03T20:55:08.344+0000] {processor.py:840} INFO - DAG(s) 'exampleDag' retrieved from /opt/airflow/dags/sample_dag.py
[2024-07-03T20:55:08.400+0000] {logging_mixin.py:188} INFO - [2024-07-03T20:55:08.399+0000] {dag.py:3096} INFO - Sync 1 DAGs
[2024-07-03T20:55:08.490+0000] {logging_mixin.py:188} INFO - [2024-07-03T20:55:08.489+0000] {dag.py:3954} INFO - Setting next_dagrun for exampleDag to 2024-07-02 00:00:00+00:00, run_after=2024-07-03 00:00:00+00:00
[2024-07-03T20:55:08.555+0000] {processor.py:183} INFO - Processing /opt/airflow/dags/sample_dag.py took 0.252 seconds
[2024-07-03T20:55:39.414+0000] {processor.py:161} INFO - Started process (PID=98) to work on /opt/airflow/dags/sample_dag.py
[2024-07-03T20:55:39.419+0000] {processor.py:830} INFO - Processing file /opt/airflow/dags/sample_dag.py for tasks to queue
[2024-07-03T20:55:39.423+0000] {logging_mixin.py:188} INFO - [2024-07-03T20:55:39.423+0000] {dagbag.py:545} INFO - Filling up the DagBag from /opt/airflow/dags/sample_dag.py
[2024-07-03T20:55:39.439+0000] {processor.py:840} INFO - DAG(s) 'exampleDag' retrieved from /opt/airflow/dags/sample_dag.py
[2024-07-03T20:55:39.482+0000] {logging_mixin.py:188} INFO - [2024-07-03T20:55:39.481+0000] {dag.py:3096} INFO - Sync 1 DAGs
[2024-07-03T20:55:39.526+0000] {logging_mixin.py:188} INFO - [2024-07-03T20:55:39.526+0000] {dag.py:3954} INFO - Setting next_dagrun for exampleDag to 2024-07-02 00:00:00+00:00, run_after=2024-07-03 00:00:00+00:00
[2024-07-03T20:55:39.555+0000] {processor.py:183} INFO - Processing /opt/airflow/dags/sample_dag.py took 0.154 seconds
[2024-07-03T20:56:09.745+0000] {processor.py:161} INFO - Started process (PID=161) to work on /opt/airflow/dags/sample_dag.py
[2024-07-03T20:56:09.747+0000] {processor.py:830} INFO - Processing file /opt/airflow/dags/sample_dag.py for tasks to queue
[2024-07-03T20:56:09.751+0000] {logging_mixin.py:188} INFO - [2024-07-03T20:56:09.750+0000] {dagbag.py:545} INFO - Filling up the DagBag from /opt/airflow/dags/sample_dag.py
[2024-07-03T20:56:09.760+0000] {processor.py:840} INFO - DAG(s) 'exampleDag' retrieved from /opt/airflow/dags/sample_dag.py
[2024-07-03T20:56:09.790+0000] {logging_mixin.py:188} INFO - [2024-07-03T20:56:09.789+0000] {dag.py:3096} INFO - Sync 1 DAGs
[2024-07-03T20:56:09.820+0000] {logging_mixin.py:188} INFO - [2024-07-03T20:56:09.819+0000] {dag.py:3954} INFO - Setting next_dagrun for exampleDag to 2024-07-02 00:00:00+00:00, run_after=2024-07-03 00:00:00+00:00
[2024-07-03T20:56:09.843+0000] {processor.py:183} INFO - Processing /opt/airflow/dags/sample_dag.py took 0.108 seconds
[2024-07-03T20:56:40.211+0000] {processor.py:161} INFO - Started process (PID=222) to work on /opt/airflow/dags/sample_dag.py
[2024-07-03T20:56:40.213+0000] {processor.py:830} INFO - Processing file /opt/airflow/dags/sample_dag.py for tasks to queue
[2024-07-03T20:56:40.217+0000] {logging_mixin.py:188} INFO - [2024-07-03T20:56:40.216+0000] {dagbag.py:545} INFO - Filling up the DagBag from /opt/airflow/dags/sample_dag.py
[2024-07-03T20:56:40.229+0000] {processor.py:840} INFO - DAG(s) 'exampleDag' retrieved from /opt/airflow/dags/sample_dag.py
[2024-07-03T20:56:40.260+0000] {logging_mixin.py:188} INFO - [2024-07-03T20:56:40.258+0000] {dag.py:3096} INFO - Sync 1 DAGs
[2024-07-03T20:56:40.290+0000] {logging_mixin.py:188} INFO - [2024-07-03T20:56:40.290+0000] {dag.py:3954} INFO - Setting next_dagrun for exampleDag to 2024-07-02 00:00:00+00:00, run_after=2024-07-03 00:00:00+00:00
[2024-07-03T20:56:40.313+0000] {processor.py:183} INFO - Processing /opt/airflow/dags/sample_dag.py took 0.114 seconds
[2024-07-03T20:57:10.461+0000] {processor.py:161} INFO - Started process (PID=283) to work on /opt/airflow/dags/sample_dag.py
[2024-07-03T20:57:10.463+0000] {processor.py:830} INFO - Processing file /opt/airflow/dags/sample_dag.py for tasks to queue
[2024-07-03T20:57:10.467+0000] {logging_mixin.py:188} INFO - [2024-07-03T20:57:10.466+0000] {dagbag.py:545} INFO - Filling up the DagBag from /opt/airflow/dags/sample_dag.py
[2024-07-03T20:57:10.476+0000] {processor.py:840} INFO - DAG(s) 'exampleDag' retrieved from /opt/airflow/dags/sample_dag.py
[2024-07-03T20:57:10.506+0000] {logging_mixin.py:188} INFO - [2024-07-03T20:57:10.505+0000] {dag.py:3096} INFO - Sync 1 DAGs
[2024-07-03T20:57:10.537+0000] {logging_mixin.py:188} INFO - [2024-07-03T20:57:10.536+0000] {dag.py:3954} INFO - Setting next_dagrun for exampleDag to 2024-07-02 00:00:00+00:00, run_after=2024-07-03 00:00:00+00:00
[2024-07-03T20:57:10.564+0000] {processor.py:183} INFO - Processing /opt/airflow/dags/sample_dag.py took 0.113 seconds
[2024-07-03T20:57:40.749+0000] {processor.py:161} INFO - Started process (PID=345) to work on /opt/airflow/dags/sample_dag.py
[2024-07-03T20:57:40.751+0000] {processor.py:830} INFO - Processing file /opt/airflow/dags/sample_dag.py for tasks to queue
[2024-07-03T20:57:40.754+0000] {logging_mixin.py:188} INFO - [2024-07-03T20:57:40.754+0000] {dagbag.py:545} INFO - Filling up the DagBag from /opt/airflow/dags/sample_dag.py
[2024-07-03T20:57:40.766+0000] {processor.py:840} INFO - DAG(s) 'exampleDag' retrieved from /opt/airflow/dags/sample_dag.py
[2024-07-03T20:57:40.804+0000] {logging_mixin.py:188} INFO - [2024-07-03T20:57:40.803+0000] {dag.py:3096} INFO - Sync 1 DAGs
[2024-07-03T20:57:40.840+0000] {logging_mixin.py:188} INFO - [2024-07-03T20:57:40.840+0000] {dag.py:3954} INFO - Setting next_dagrun for exampleDag to 2024-07-02 00:00:00+00:00, run_after=2024-07-03 00:00:00+00:00
[2024-07-03T20:57:40.871+0000] {processor.py:183} INFO - Processing /opt/airflow/dags/sample_dag.py took 0.134 seconds
[2024-07-03T20:58:10.950+0000] {processor.py:161} INFO - Started process (PID=407) to work on /opt/airflow/dags/sample_dag.py
[2024-07-03T20:58:10.953+0000] {processor.py:830} INFO - Processing file /opt/airflow/dags/sample_dag.py for tasks to queue
[2024-07-03T20:58:10.956+0000] {logging_mixin.py:188} INFO - [2024-07-03T20:58:10.956+0000] {dagbag.py:545} INFO - Filling up the DagBag from /opt/airflow/dags/sample_dag.py
[2024-07-03T20:58:10.968+0000] {processor.py:840} INFO - DAG(s) 'exampleDag' retrieved from /opt/airflow/dags/sample_dag.py
[2024-07-03T20:58:11.005+0000] {logging_mixin.py:188} INFO - [2024-07-03T20:58:11.004+0000] {dag.py:3096} INFO - Sync 1 DAGs
[2024-07-03T20:58:11.040+0000] {logging_mixin.py:188} INFO - [2024-07-03T20:58:11.040+0000] {dag.py:3954} INFO - Setting next_dagrun for exampleDag to 2024-07-02 00:00:00+00:00, run_after=2024-07-03 00:00:00+00:00
[2024-07-03T20:58:11.071+0000] {processor.py:183} INFO - Processing /opt/airflow/dags/sample_dag.py took 0.133 seconds
[2024-07-03T20:58:41.981+0000] {processor.py:161} INFO - Started process (PID=468) to work on /opt/airflow/dags/sample_dag.py
[2024-07-03T20:58:41.984+0000] {processor.py:830} INFO - Processing file /opt/airflow/dags/sample_dag.py for tasks to queue
[2024-07-03T20:58:41.988+0000] {logging_mixin.py:188} INFO - [2024-07-03T20:58:41.987+0000] {dagbag.py:545} INFO - Filling up the DagBag from /opt/airflow/dags/sample_dag.py
[2024-07-03T20:58:42.000+0000] {processor.py:840} INFO - DAG(s) 'exampleDag' retrieved from /opt/airflow/dags/sample_dag.py
[2024-07-03T20:58:42.044+0000] {logging_mixin.py:188} INFO - [2024-07-03T20:58:42.042+0000] {dag.py:3096} INFO - Sync 1 DAGs
[2024-07-03T20:58:42.084+0000] {logging_mixin.py:188} INFO - [2024-07-03T20:58:42.084+0000] {dag.py:3954} INFO - Setting next_dagrun for exampleDag to 2024-07-02 00:00:00+00:00, run_after=2024-07-03 00:00:00+00:00
[2024-07-03T20:58:42.115+0000] {processor.py:183} INFO - Processing /opt/airflow/dags/sample_dag.py took 0.146 seconds
[2024-07-03T20:59:12.676+0000] {processor.py:161} INFO - Started process (PID=530) to work on /opt/airflow/dags/sample_dag.py
[2024-07-03T20:59:12.678+0000] {processor.py:830} INFO - Processing file /opt/airflow/dags/sample_dag.py for tasks to queue
[2024-07-03T20:59:12.682+0000] {logging_mixin.py:188} INFO - [2024-07-03T20:59:12.682+0000] {dagbag.py:545} INFO - Filling up the DagBag from /opt/airflow/dags/sample_dag.py
[2024-07-03T20:59:12.698+0000] {processor.py:840} INFO - DAG(s) 'exampleDag' retrieved from /opt/airflow/dags/sample_dag.py
[2024-07-03T20:59:12.741+0000] {logging_mixin.py:188} INFO - [2024-07-03T20:59:12.740+0000] {dag.py:3096} INFO - Sync 1 DAGs
[2024-07-03T20:59:12.779+0000] {logging_mixin.py:188} INFO - [2024-07-03T20:59:12.779+0000] {dag.py:3954} INFO - Setting next_dagrun for exampleDag to 2024-07-02 00:00:00+00:00, run_after=2024-07-03 00:00:00+00:00
[2024-07-03T20:59:12.809+0000] {processor.py:183} INFO - Processing /opt/airflow/dags/sample_dag.py took 0.151 seconds
[2024-07-03T20:59:43.258+0000] {processor.py:161} INFO - Started process (PID=592) to work on /opt/airflow/dags/sample_dag.py
[2024-07-03T20:59:43.265+0000] {processor.py:830} INFO - Processing file /opt/airflow/dags/sample_dag.py for tasks to queue
[2024-07-03T20:59:43.269+0000] {logging_mixin.py:188} INFO - [2024-07-03T20:59:43.268+0000] {dagbag.py:545} INFO - Filling up the DagBag from /opt/airflow/dags/sample_dag.py
[2024-07-03T20:59:43.289+0000] {processor.py:840} INFO - DAG(s) 'exampleDag' retrieved from /opt/airflow/dags/sample_dag.py
[2024-07-03T20:59:43.349+0000] {logging_mixin.py:188} INFO - [2024-07-03T20:59:43.347+0000] {dag.py:3096} INFO - Sync 1 DAGs
[2024-07-03T20:59:43.393+0000] {logging_mixin.py:188} INFO - [2024-07-03T20:59:43.393+0000] {dag.py:3954} INFO - Setting next_dagrun for exampleDag to 2024-07-02 00:00:00+00:00, run_after=2024-07-03 00:00:00+00:00
[2024-07-03T20:59:43.449+0000] {processor.py:183} INFO - Processing /opt/airflow/dags/sample_dag.py took 0.208 seconds
[2024-07-03T21:00:14.060+0000] {processor.py:161} INFO - Started process (PID=654) to work on /opt/airflow/dags/sample_dag.py
[2024-07-03T21:00:14.070+0000] {processor.py:830} INFO - Processing file /opt/airflow/dags/sample_dag.py for tasks to queue
[2024-07-03T21:00:14.072+0000] {logging_mixin.py:188} INFO - [2024-07-03T21:00:14.071+0000] {dagbag.py:545} INFO - Filling up the DagBag from /opt/airflow/dags/sample_dag.py
[2024-07-03T21:00:14.089+0000] {processor.py:840} INFO - DAG(s) 'exampleDag' retrieved from /opt/airflow/dags/sample_dag.py
[2024-07-03T21:00:14.158+0000] {logging_mixin.py:188} INFO - [2024-07-03T21:00:14.157+0000] {dag.py:3096} INFO - Sync 1 DAGs
[2024-07-03T21:00:14.283+0000] {logging_mixin.py:188} INFO - [2024-07-03T21:00:14.282+0000] {dag.py:3954} INFO - Setting next_dagrun for exampleDag to 2024-07-02 00:00:00+00:00, run_after=2024-07-03 00:00:00+00:00
[2024-07-03T21:00:14.409+0000] {processor.py:183} INFO - Processing /opt/airflow/dags/sample_dag.py took 0.381 seconds
[2024-07-03T21:00:44.904+0000] {processor.py:161} INFO - Started process (PID=716) to work on /opt/airflow/dags/sample_dag.py
[2024-07-03T21:00:44.906+0000] {processor.py:830} INFO - Processing file /opt/airflow/dags/sample_dag.py for tasks to queue
[2024-07-03T21:00:44.907+0000] {logging_mixin.py:188} INFO - [2024-07-03T21:00:44.907+0000] {dagbag.py:545} INFO - Filling up the DagBag from /opt/airflow/dags/sample_dag.py
[2024-07-03T21:00:44.918+0000] {processor.py:840} INFO - DAG(s) 'exampleDag' retrieved from /opt/airflow/dags/sample_dag.py
[2024-07-03T21:00:44.953+0000] {logging_mixin.py:188} INFO - [2024-07-03T21:00:44.952+0000] {dag.py:3096} INFO - Sync 1 DAGs
[2024-07-03T21:00:44.989+0000] {logging_mixin.py:188} INFO - [2024-07-03T21:00:44.989+0000] {dag.py:3954} INFO - Setting next_dagrun for exampleDag to 2024-07-02 00:00:00+00:00, run_after=2024-07-03 00:00:00+00:00
[2024-07-03T21:00:45.014+0000] {processor.py:183} INFO - Processing /opt/airflow/dags/sample_dag.py took 0.120 seconds
[2024-07-03T21:01:15.954+0000] {processor.py:161} INFO - Started process (PID=778) to work on /opt/airflow/dags/sample_dag.py
[2024-07-03T21:01:15.957+0000] {processor.py:830} INFO - Processing file /opt/airflow/dags/sample_dag.py for tasks to queue
[2024-07-03T21:01:15.958+0000] {logging_mixin.py:188} INFO - [2024-07-03T21:01:15.958+0000] {dagbag.py:545} INFO - Filling up the DagBag from /opt/airflow/dags/sample_dag.py
[2024-07-03T21:01:15.970+0000] {processor.py:840} INFO - DAG(s) 'exampleDag' retrieved from /opt/airflow/dags/sample_dag.py
[2024-07-03T21:01:15.998+0000] {logging_mixin.py:188} INFO - [2024-07-03T21:01:15.998+0000] {dag.py:3096} INFO - Sync 1 DAGs
[2024-07-03T21:01:16.031+0000] {logging_mixin.py:188} INFO - [2024-07-03T21:01:16.031+0000] {dag.py:3954} INFO - Setting next_dagrun for exampleDag to 2024-07-02 00:00:00+00:00, run_after=2024-07-03 00:00:00+00:00
[2024-07-03T21:01:16.056+0000] {processor.py:183} INFO - Processing /opt/airflow/dags/sample_dag.py took 0.115 seconds
[2024-07-03T21:01:46.150+0000] {processor.py:161} INFO - Started process (PID=840) to work on /opt/airflow/dags/sample_dag.py
[2024-07-03T21:01:46.153+0000] {processor.py:830} INFO - Processing file /opt/airflow/dags/sample_dag.py for tasks to queue
[2024-07-03T21:01:46.155+0000] {logging_mixin.py:188} INFO - [2024-07-03T21:01:46.154+0000] {dagbag.py:545} INFO - Filling up the DagBag from /opt/airflow/dags/sample_dag.py
[2024-07-03T21:01:46.171+0000] {processor.py:840} INFO - DAG(s) 'exampleDag' retrieved from /opt/airflow/dags/sample_dag.py
[2024-07-03T21:01:46.206+0000] {logging_mixin.py:188} INFO - [2024-07-03T21:01:46.205+0000] {dag.py:3096} INFO - Sync 1 DAGs
[2024-07-03T21:01:46.238+0000] {logging_mixin.py:188} INFO - [2024-07-03T21:01:46.238+0000] {dag.py:3954} INFO - Setting next_dagrun for exampleDag to 2024-07-02 00:00:00+00:00, run_after=2024-07-03 00:00:00+00:00
[2024-07-03T21:01:46.262+0000] {processor.py:183} INFO - Processing /opt/airflow/dags/sample_dag.py took 0.124 seconds
[2024-07-03T21:02:17.216+0000] {processor.py:161} INFO - Started process (PID=903) to work on /opt/airflow/dags/sample_dag.py
[2024-07-03T21:02:17.218+0000] {processor.py:830} INFO - Processing file /opt/airflow/dags/sample_dag.py for tasks to queue
[2024-07-03T21:02:17.219+0000] {logging_mixin.py:188} INFO - [2024-07-03T21:02:17.218+0000] {dagbag.py:545} INFO - Filling up the DagBag from /opt/airflow/dags/sample_dag.py
[2024-07-03T21:02:17.231+0000] {processor.py:840} INFO - DAG(s) 'exampleDag' retrieved from /opt/airflow/dags/sample_dag.py
[2024-07-03T21:02:17.260+0000] {logging_mixin.py:188} INFO - [2024-07-03T21:02:17.259+0000] {dag.py:3096} INFO - Sync 1 DAGs
[2024-07-03T21:02:17.289+0000] {logging_mixin.py:188} INFO - [2024-07-03T21:02:17.289+0000] {dag.py:3954} INFO - Setting next_dagrun for exampleDag to 2024-07-02 00:00:00+00:00, run_after=2024-07-03 00:00:00+00:00
[2024-07-03T21:02:17.313+0000] {processor.py:183} INFO - Processing /opt/airflow/dags/sample_dag.py took 0.110 seconds
[2024-07-03T21:02:47.416+0000] {processor.py:161} INFO - Started process (PID=964) to work on /opt/airflow/dags/sample_dag.py
[2024-07-03T21:02:47.418+0000] {processor.py:830} INFO - Processing file /opt/airflow/dags/sample_dag.py for tasks to queue
[2024-07-03T21:02:47.420+0000] {logging_mixin.py:188} INFO - [2024-07-03T21:02:47.419+0000] {dagbag.py:545} INFO - Filling up the DagBag from /opt/airflow/dags/sample_dag.py
[2024-07-03T21:02:47.434+0000] {processor.py:840} INFO - DAG(s) 'exampleDag' retrieved from /opt/airflow/dags/sample_dag.py
[2024-07-03T21:02:47.475+0000] {logging_mixin.py:188} INFO - [2024-07-03T21:02:47.474+0000] {dag.py:3096} INFO - Sync 1 DAGs
[2024-07-03T21:02:47.515+0000] {logging_mixin.py:188} INFO - [2024-07-03T21:02:47.515+0000] {dag.py:3954} INFO - Setting next_dagrun for exampleDag to 2024-07-02 00:00:00+00:00, run_after=2024-07-03 00:00:00+00:00
[2024-07-03T21:02:47.548+0000] {processor.py:183} INFO - Processing /opt/airflow/dags/sample_dag.py took 0.145 seconds
[2024-07-03T21:03:18.488+0000] {processor.py:161} INFO - Started process (PID=1025) to work on /opt/airflow/dags/sample_dag.py
[2024-07-03T21:03:18.490+0000] {processor.py:830} INFO - Processing file /opt/airflow/dags/sample_dag.py for tasks to queue
[2024-07-03T21:03:18.491+0000] {logging_mixin.py:188} INFO - [2024-07-03T21:03:18.491+0000] {dagbag.py:545} INFO - Filling up the DagBag from /opt/airflow/dags/sample_dag.py
[2024-07-03T21:03:18.506+0000] {processor.py:840} INFO - DAG(s) 'exampleDag' retrieved from /opt/airflow/dags/sample_dag.py
[2024-07-03T21:03:18.548+0000] {logging_mixin.py:188} INFO - [2024-07-03T21:03:18.548+0000] {dag.py:3096} INFO - Sync 1 DAGs
[2024-07-03T21:03:18.589+0000] {logging_mixin.py:188} INFO - [2024-07-03T21:03:18.589+0000] {dag.py:3954} INFO - Setting next_dagrun for exampleDag to 2024-07-02 00:00:00+00:00, run_after=2024-07-03 00:00:00+00:00
[2024-07-03T21:03:18.620+0000] {processor.py:183} INFO - Processing /opt/airflow/dags/sample_dag.py took 0.145 seconds
[2024-07-03T21:03:49.527+0000] {processor.py:161} INFO - Started process (PID=1085) to work on /opt/airflow/dags/sample_dag.py
[2024-07-03T21:03:49.530+0000] {processor.py:830} INFO - Processing file /opt/airflow/dags/sample_dag.py for tasks to queue
[2024-07-03T21:03:49.531+0000] {logging_mixin.py:188} INFO - [2024-07-03T21:03:49.530+0000] {dagbag.py:545} INFO - Filling up the DagBag from /opt/airflow/dags/sample_dag.py
[2024-07-03T21:03:49.543+0000] {processor.py:840} INFO - DAG(s) 'exampleDag' retrieved from /opt/airflow/dags/sample_dag.py
[2024-07-03T21:03:49.575+0000] {logging_mixin.py:188} INFO - [2024-07-03T21:03:49.574+0000] {dag.py:3096} INFO - Sync 1 DAGs
[2024-07-03T21:03:49.605+0000] {logging_mixin.py:188} INFO - [2024-07-03T21:03:49.605+0000] {dag.py:3954} INFO - Setting next_dagrun for exampleDag to 2024-07-02 00:00:00+00:00, run_after=2024-07-03 00:00:00+00:00
[2024-07-03T21:03:49.630+0000] {processor.py:183} INFO - Processing /opt/airflow/dags/sample_dag.py took 0.113 seconds
