[2024-07-03T20:55:08.004+0000] {processor.py:161} INFO - Started process (PID=34) to work on /opt/airflow/dags/sample_dag_2.py
[2024-07-03T20:55:08.006+0000] {processor.py:830} INFO - Processing file /opt/airflow/dags/sample_dag_2.py for tasks to queue
[2024-07-03T20:55:08.014+0000] {logging_mixin.py:188} INFO - [2024-07-03T20:55:08.014+0000] {dagbag.py:545} INFO - Filling up the DagBag from /opt/airflow/dags/sample_dag_2.py
[2024-07-03T20:55:08.041+0000] {processor.py:840} INFO - DAG(s) 'example2Dag' retrieved from /opt/airflow/dags/sample_dag_2.py
[2024-07-03T20:55:08.094+0000] {logging_mixin.py:188} INFO - [2024-07-03T20:55:08.093+0000] {dag.py:3096} INFO - Sync 1 DAGs
[2024-07-03T20:55:08.145+0000] {logging_mixin.py:188} INFO - [2024-07-03T20:55:08.145+0000] {dag.py:3954} INFO - Setting next_dagrun for example2Dag to 2024-07-02 00:00:00+00:00, run_after=2024-07-03 00:00:00+00:00
[2024-07-03T20:55:08.185+0000] {processor.py:183} INFO - Processing /opt/airflow/dags/sample_dag_2.py took 0.193 seconds
[2024-07-03T20:55:38.372+0000] {processor.py:161} INFO - Started process (PID=96) to work on /opt/airflow/dags/sample_dag_2.py
[2024-07-03T20:55:38.373+0000] {processor.py:830} INFO - Processing file /opt/airflow/dags/sample_dag_2.py for tasks to queue
[2024-07-03T20:55:38.377+0000] {logging_mixin.py:188} INFO - [2024-07-03T20:55:38.376+0000] {dagbag.py:545} INFO - Filling up the DagBag from /opt/airflow/dags/sample_dag_2.py
[2024-07-03T20:55:38.390+0000] {processor.py:840} INFO - DAG(s) 'example2Dag' retrieved from /opt/airflow/dags/sample_dag_2.py
[2024-07-03T20:55:38.419+0000] {logging_mixin.py:188} INFO - [2024-07-03T20:55:38.419+0000] {dag.py:3096} INFO - Sync 1 DAGs
[2024-07-03T20:55:38.450+0000] {logging_mixin.py:188} INFO - [2024-07-03T20:55:38.449+0000] {dag.py:3954} INFO - Setting next_dagrun for example2Dag to 2024-07-02 00:00:00+00:00, run_after=2024-07-03 00:00:00+00:00
[2024-07-03T20:55:38.473+0000] {processor.py:183} INFO - Processing /opt/airflow/dags/sample_dag_2.py took 0.114 seconds
[2024-07-03T20:56:09.467+0000] {processor.py:161} INFO - Started process (PID=159) to work on /opt/airflow/dags/sample_dag_2.py
[2024-07-03T20:56:09.470+0000] {processor.py:830} INFO - Processing file /opt/airflow/dags/sample_dag_2.py for tasks to queue
[2024-07-03T20:56:09.473+0000] {logging_mixin.py:188} INFO - [2024-07-03T20:56:09.473+0000] {dagbag.py:545} INFO - Filling up the DagBag from /opt/airflow/dags/sample_dag_2.py
[2024-07-03T20:56:09.483+0000] {processor.py:840} INFO - DAG(s) 'example2Dag' retrieved from /opt/airflow/dags/sample_dag_2.py
[2024-07-03T20:56:09.512+0000] {logging_mixin.py:188} INFO - [2024-07-03T20:56:09.511+0000] {dag.py:3096} INFO - Sync 1 DAGs
[2024-07-03T20:56:09.540+0000] {logging_mixin.py:188} INFO - [2024-07-03T20:56:09.540+0000] {dag.py:3954} INFO - Setting next_dagrun for example2Dag to 2024-07-02 00:00:00+00:00, run_after=2024-07-03 00:00:00+00:00
[2024-07-03T20:56:09.563+0000] {processor.py:183} INFO - Processing /opt/airflow/dags/sample_dag_2.py took 0.107 seconds
[2024-07-03T20:56:40.033+0000] {processor.py:161} INFO - Started process (PID=220) to work on /opt/airflow/dags/sample_dag_2.py
[2024-07-03T20:56:40.039+0000] {processor.py:830} INFO - Processing file /opt/airflow/dags/sample_dag_2.py for tasks to queue
[2024-07-03T20:56:40.042+0000] {logging_mixin.py:188} INFO - [2024-07-03T20:56:40.042+0000] {dagbag.py:545} INFO - Filling up the DagBag from /opt/airflow/dags/sample_dag_2.py
[2024-07-03T20:56:40.052+0000] {processor.py:840} INFO - DAG(s) 'example2Dag' retrieved from /opt/airflow/dags/sample_dag_2.py
[2024-07-03T20:56:40.086+0000] {logging_mixin.py:188} INFO - [2024-07-03T20:56:40.084+0000] {dag.py:3096} INFO - Sync 1 DAGs
[2024-07-03T20:56:40.125+0000] {logging_mixin.py:188} INFO - [2024-07-03T20:56:40.125+0000] {dag.py:3954} INFO - Setting next_dagrun for example2Dag to 2024-07-02 00:00:00+00:00, run_after=2024-07-03 00:00:00+00:00
[2024-07-03T20:56:40.159+0000] {processor.py:183} INFO - Processing /opt/airflow/dags/sample_dag_2.py took 0.136 seconds
[2024-07-03T20:57:10.299+0000] {processor.py:161} INFO - Started process (PID=281) to work on /opt/airflow/dags/sample_dag_2.py
[2024-07-03T20:57:10.301+0000] {processor.py:830} INFO - Processing file /opt/airflow/dags/sample_dag_2.py for tasks to queue
[2024-07-03T20:57:10.304+0000] {logging_mixin.py:188} INFO - [2024-07-03T20:57:10.303+0000] {dagbag.py:545} INFO - Filling up the DagBag from /opt/airflow/dags/sample_dag_2.py
[2024-07-03T20:57:10.314+0000] {processor.py:840} INFO - DAG(s) 'example2Dag' retrieved from /opt/airflow/dags/sample_dag_2.py
[2024-07-03T20:57:10.345+0000] {logging_mixin.py:188} INFO - [2024-07-03T20:57:10.344+0000] {dag.py:3096} INFO - Sync 1 DAGs
[2024-07-03T20:57:10.389+0000] {logging_mixin.py:188} INFO - [2024-07-03T20:57:10.388+0000] {dag.py:3954} INFO - Setting next_dagrun for example2Dag to 2024-07-02 00:00:00+00:00, run_after=2024-07-03 00:00:00+00:00
[2024-07-03T20:57:10.419+0000] {processor.py:183} INFO - Processing /opt/airflow/dags/sample_dag_2.py took 0.130 seconds
[2024-07-03T20:57:40.556+0000] {processor.py:161} INFO - Started process (PID=343) to work on /opt/airflow/dags/sample_dag_2.py
[2024-07-03T20:57:40.558+0000] {processor.py:830} INFO - Processing file /opt/airflow/dags/sample_dag_2.py for tasks to queue
[2024-07-03T20:57:40.562+0000] {logging_mixin.py:188} INFO - [2024-07-03T20:57:40.562+0000] {dagbag.py:545} INFO - Filling up the DagBag from /opt/airflow/dags/sample_dag_2.py
[2024-07-03T20:57:40.588+0000] {processor.py:840} INFO - DAG(s) 'example2Dag' retrieved from /opt/airflow/dags/sample_dag_2.py
[2024-07-03T20:57:40.633+0000] {logging_mixin.py:188} INFO - [2024-07-03T20:57:40.632+0000] {dag.py:3096} INFO - Sync 1 DAGs
[2024-07-03T20:57:40.669+0000] {logging_mixin.py:188} INFO - [2024-07-03T20:57:40.669+0000] {dag.py:3954} INFO - Setting next_dagrun for example2Dag to 2024-07-02 00:00:00+00:00, run_after=2024-07-03 00:00:00+00:00
[2024-07-03T20:57:40.698+0000] {processor.py:183} INFO - Processing /opt/airflow/dags/sample_dag_2.py took 0.157 seconds
[2024-07-03T20:58:10.754+0000] {processor.py:161} INFO - Started process (PID=405) to work on /opt/airflow/dags/sample_dag_2.py
[2024-07-03T20:58:10.757+0000] {processor.py:830} INFO - Processing file /opt/airflow/dags/sample_dag_2.py for tasks to queue
[2024-07-03T20:58:10.761+0000] {logging_mixin.py:188} INFO - [2024-07-03T20:58:10.760+0000] {dagbag.py:545} INFO - Filling up the DagBag from /opt/airflow/dags/sample_dag_2.py
[2024-07-03T20:58:10.775+0000] {processor.py:840} INFO - DAG(s) 'example2Dag' retrieved from /opt/airflow/dags/sample_dag_2.py
[2024-07-03T20:58:10.820+0000] {logging_mixin.py:188} INFO - [2024-07-03T20:58:10.819+0000] {dag.py:3096} INFO - Sync 1 DAGs
[2024-07-03T20:58:10.855+0000] {logging_mixin.py:188} INFO - [2024-07-03T20:58:10.855+0000] {dag.py:3954} INFO - Setting next_dagrun for example2Dag to 2024-07-02 00:00:00+00:00, run_after=2024-07-03 00:00:00+00:00
[2024-07-03T20:58:10.886+0000] {processor.py:183} INFO - Processing /opt/airflow/dags/sample_dag_2.py took 0.145 seconds
[2024-07-03T20:58:40.934+0000] {processor.py:161} INFO - Started process (PID=466) to work on /opt/airflow/dags/sample_dag_2.py
[2024-07-03T20:58:40.936+0000] {processor.py:830} INFO - Processing file /opt/airflow/dags/sample_dag_2.py for tasks to queue
[2024-07-03T20:58:40.939+0000] {logging_mixin.py:188} INFO - [2024-07-03T20:58:40.939+0000] {dagbag.py:545} INFO - Filling up the DagBag from /opt/airflow/dags/sample_dag_2.py
[2024-07-03T20:58:40.949+0000] {processor.py:840} INFO - DAG(s) 'example2Dag' retrieved from /opt/airflow/dags/sample_dag_2.py
[2024-07-03T20:58:40.983+0000] {logging_mixin.py:188} INFO - [2024-07-03T20:58:40.982+0000] {dag.py:3096} INFO - Sync 1 DAGs
[2024-07-03T20:58:41.024+0000] {logging_mixin.py:188} INFO - [2024-07-03T20:58:41.024+0000] {dag.py:3954} INFO - Setting next_dagrun for example2Dag to 2024-07-02 00:00:00+00:00, run_after=2024-07-03 00:00:00+00:00
[2024-07-03T20:58:41.052+0000] {processor.py:183} INFO - Processing /opt/airflow/dags/sample_dag_2.py took 0.128 seconds
[2024-07-03T20:59:11.618+0000] {processor.py:161} INFO - Started process (PID=528) to work on /opt/airflow/dags/sample_dag_2.py
[2024-07-03T20:59:11.619+0000] {processor.py:830} INFO - Processing file /opt/airflow/dags/sample_dag_2.py for tasks to queue
[2024-07-03T20:59:11.623+0000] {logging_mixin.py:188} INFO - [2024-07-03T20:59:11.622+0000] {dagbag.py:545} INFO - Filling up the DagBag from /opt/airflow/dags/sample_dag_2.py
[2024-07-03T20:59:11.635+0000] {processor.py:840} INFO - DAG(s) 'example2Dag' retrieved from /opt/airflow/dags/sample_dag_2.py
[2024-07-03T20:59:11.669+0000] {logging_mixin.py:188} INFO - [2024-07-03T20:59:11.668+0000] {dag.py:3096} INFO - Sync 1 DAGs
[2024-07-03T20:59:11.704+0000] {logging_mixin.py:188} INFO - [2024-07-03T20:59:11.704+0000] {dag.py:3954} INFO - Setting next_dagrun for example2Dag to 2024-07-02 00:00:00+00:00, run_after=2024-07-03 00:00:00+00:00
[2024-07-03T20:59:11.734+0000] {processor.py:183} INFO - Processing /opt/airflow/dags/sample_dag_2.py took 0.128 seconds
[2024-07-03T20:59:42.473+0000] {processor.py:161} INFO - Started process (PID=590) to work on /opt/airflow/dags/sample_dag_2.py
[2024-07-03T20:59:42.477+0000] {processor.py:830} INFO - Processing file /opt/airflow/dags/sample_dag_2.py for tasks to queue
[2024-07-03T20:59:42.485+0000] {logging_mixin.py:188} INFO - [2024-07-03T20:59:42.480+0000] {dagbag.py:545} INFO - Filling up the DagBag from /opt/airflow/dags/sample_dag_2.py
[2024-07-03T20:59:42.518+0000] {processor.py:840} INFO - DAG(s) 'example2Dag' retrieved from /opt/airflow/dags/sample_dag_2.py
[2024-07-03T20:59:42.655+0000] {logging_mixin.py:188} INFO - [2024-07-03T20:59:42.653+0000] {dag.py:3096} INFO - Sync 1 DAGs
[2024-07-03T20:59:42.738+0000] {logging_mixin.py:188} INFO - [2024-07-03T20:59:42.737+0000] {dag.py:3954} INFO - Setting next_dagrun for example2Dag to 2024-07-02 00:00:00+00:00, run_after=2024-07-03 00:00:00+00:00
[2024-07-03T20:59:42.798+0000] {processor.py:183} INFO - Processing /opt/airflow/dags/sample_dag_2.py took 0.370 seconds
[2024-07-03T21:00:13.525+0000] {processor.py:161} INFO - Started process (PID=652) to work on /opt/airflow/dags/sample_dag_2.py
[2024-07-03T21:00:13.526+0000] {processor.py:830} INFO - Processing file /opt/airflow/dags/sample_dag_2.py for tasks to queue
[2024-07-03T21:00:13.528+0000] {logging_mixin.py:188} INFO - [2024-07-03T21:00:13.527+0000] {dagbag.py:545} INFO - Filling up the DagBag from /opt/airflow/dags/sample_dag_2.py
[2024-07-03T21:00:13.599+0000] {processor.py:840} INFO - DAG(s) 'example2Dag' retrieved from /opt/airflow/dags/sample_dag_2.py
[2024-07-03T21:00:13.683+0000] {logging_mixin.py:188} INFO - [2024-07-03T21:00:13.683+0000] {dag.py:3096} INFO - Sync 1 DAGs
[2024-07-03T21:00:13.833+0000] {logging_mixin.py:188} INFO - [2024-07-03T21:00:13.833+0000] {dag.py:3954} INFO - Setting next_dagrun for example2Dag to 2024-07-02 00:00:00+00:00, run_after=2024-07-03 00:00:00+00:00
[2024-07-03T21:00:13.942+0000] {processor.py:183} INFO - Processing /opt/airflow/dags/sample_dag_2.py took 0.461 seconds
[2024-07-03T21:00:44.745+0000] {processor.py:161} INFO - Started process (PID=714) to work on /opt/airflow/dags/sample_dag_2.py
[2024-07-03T21:00:44.747+0000] {processor.py:830} INFO - Processing file /opt/airflow/dags/sample_dag_2.py for tasks to queue
[2024-07-03T21:00:44.749+0000] {logging_mixin.py:188} INFO - [2024-07-03T21:00:44.748+0000] {dagbag.py:545} INFO - Filling up the DagBag from /opt/airflow/dags/sample_dag_2.py
[2024-07-03T21:00:44.760+0000] {processor.py:840} INFO - DAG(s) 'example2Dag' retrieved from /opt/airflow/dags/sample_dag_2.py
[2024-07-03T21:00:44.796+0000] {logging_mixin.py:188} INFO - [2024-07-03T21:00:44.796+0000] {dag.py:3096} INFO - Sync 1 DAGs
[2024-07-03T21:00:44.834+0000] {logging_mixin.py:188} INFO - [2024-07-03T21:00:44.834+0000] {dag.py:3954} INFO - Setting next_dagrun for example2Dag to 2024-07-02 00:00:00+00:00, run_after=2024-07-03 00:00:00+00:00
[2024-07-03T21:00:44.861+0000] {processor.py:183} INFO - Processing /opt/airflow/dags/sample_dag_2.py took 0.129 seconds
[2024-07-03T21:01:15.798+0000] {processor.py:161} INFO - Started process (PID=776) to work on /opt/airflow/dags/sample_dag_2.py
[2024-07-03T21:01:15.801+0000] {processor.py:830} INFO - Processing file /opt/airflow/dags/sample_dag_2.py for tasks to queue
[2024-07-03T21:01:15.802+0000] {logging_mixin.py:188} INFO - [2024-07-03T21:01:15.802+0000] {dagbag.py:545} INFO - Filling up the DagBag from /opt/airflow/dags/sample_dag_2.py
[2024-07-03T21:01:15.814+0000] {processor.py:840} INFO - DAG(s) 'example2Dag' retrieved from /opt/airflow/dags/sample_dag_2.py
[2024-07-03T21:01:15.851+0000] {logging_mixin.py:188} INFO - [2024-07-03T21:01:15.850+0000] {dag.py:3096} INFO - Sync 1 DAGs
[2024-07-03T21:01:15.883+0000] {logging_mixin.py:188} INFO - [2024-07-03T21:01:15.882+0000] {dag.py:3954} INFO - Setting next_dagrun for example2Dag to 2024-07-02 00:00:00+00:00, run_after=2024-07-03 00:00:00+00:00
[2024-07-03T21:01:15.910+0000] {processor.py:183} INFO - Processing /opt/airflow/dags/sample_dag_2.py took 0.123 seconds
[2024-07-03T21:01:45.960+0000] {processor.py:161} INFO - Started process (PID=838) to work on /opt/airflow/dags/sample_dag_2.py
[2024-07-03T21:01:45.962+0000] {processor.py:830} INFO - Processing file /opt/airflow/dags/sample_dag_2.py for tasks to queue
[2024-07-03T21:01:45.964+0000] {logging_mixin.py:188} INFO - [2024-07-03T21:01:45.963+0000] {dagbag.py:545} INFO - Filling up the DagBag from /opt/airflow/dags/sample_dag_2.py
[2024-07-03T21:01:45.977+0000] {processor.py:840} INFO - DAG(s) 'example2Dag' retrieved from /opt/airflow/dags/sample_dag_2.py
[2024-07-03T21:01:46.016+0000] {logging_mixin.py:188} INFO - [2024-07-03T21:01:46.015+0000] {dag.py:3096} INFO - Sync 1 DAGs
[2024-07-03T21:01:46.053+0000] {logging_mixin.py:188} INFO - [2024-07-03T21:01:46.053+0000] {dag.py:3954} INFO - Setting next_dagrun for example2Dag to 2024-07-02 00:00:00+00:00, run_after=2024-07-03 00:00:00+00:00
[2024-07-03T21:01:46.084+0000] {processor.py:183} INFO - Processing /opt/airflow/dags/sample_dag_2.py took 0.137 seconds
[2024-07-03T21:02:17.056+0000] {processor.py:161} INFO - Started process (PID=901) to work on /opt/airflow/dags/sample_dag_2.py
[2024-07-03T21:02:17.057+0000] {processor.py:830} INFO - Processing file /opt/airflow/dags/sample_dag_2.py for tasks to queue
[2024-07-03T21:02:17.059+0000] {logging_mixin.py:188} INFO - [2024-07-03T21:02:17.058+0000] {dagbag.py:545} INFO - Filling up the DagBag from /opt/airflow/dags/sample_dag_2.py
[2024-07-03T21:02:17.069+0000] {processor.py:840} INFO - DAG(s) 'example2Dag' retrieved from /opt/airflow/dags/sample_dag_2.py
[2024-07-03T21:02:17.105+0000] {logging_mixin.py:188} INFO - [2024-07-03T21:02:17.104+0000] {dag.py:3096} INFO - Sync 1 DAGs
[2024-07-03T21:02:17.144+0000] {logging_mixin.py:188} INFO - [2024-07-03T21:02:17.144+0000] {dag.py:3954} INFO - Setting next_dagrun for example2Dag to 2024-07-02 00:00:00+00:00, run_after=2024-07-03 00:00:00+00:00
[2024-07-03T21:02:17.173+0000] {processor.py:183} INFO - Processing /opt/airflow/dags/sample_dag_2.py took 0.127 seconds
[2024-07-03T21:02:47.219+0000] {processor.py:161} INFO - Started process (PID=962) to work on /opt/airflow/dags/sample_dag_2.py
[2024-07-03T21:02:47.222+0000] {processor.py:830} INFO - Processing file /opt/airflow/dags/sample_dag_2.py for tasks to queue
[2024-07-03T21:02:47.224+0000] {logging_mixin.py:188} INFO - [2024-07-03T21:02:47.223+0000] {dagbag.py:545} INFO - Filling up the DagBag from /opt/airflow/dags/sample_dag_2.py
[2024-07-03T21:02:47.240+0000] {processor.py:840} INFO - DAG(s) 'example2Dag' retrieved from /opt/airflow/dags/sample_dag_2.py
[2024-07-03T21:02:47.279+0000] {logging_mixin.py:188} INFO - [2024-07-03T21:02:47.278+0000] {dag.py:3096} INFO - Sync 1 DAGs
[2024-07-03T21:02:47.317+0000] {logging_mixin.py:188} INFO - [2024-07-03T21:02:47.317+0000] {dag.py:3954} INFO - Setting next_dagrun for example2Dag to 2024-07-02 00:00:00+00:00, run_after=2024-07-03 00:00:00+00:00
[2024-07-03T21:02:47.349+0000] {processor.py:183} INFO - Processing /opt/airflow/dags/sample_dag_2.py took 0.143 seconds
