[2024-07-03T20:55:08.282+0000] {processor.py:161} INFO - Started process (PID=35) to work on /opt/airflow/dags/sample_dag_3.py
[2024-07-03T20:55:08.284+0000] {processor.py:830} INFO - Processing file /opt/airflow/dags/sample_dag_3.py for tasks to queue
[2024-07-03T20:55:08.287+0000] {logging_mixin.py:188} INFO - [2024-07-03T20:55:08.287+0000] {dagbag.py:545} INFO - Filling up the DagBag from /opt/airflow/dags/sample_dag_3.py
[2024-07-03T20:55:08.360+0000] {processor.py:840} INFO - DAG(s) 'example3Dag' retrieved from /opt/airflow/dags/sample_dag_3.py
[2024-07-03T20:55:08.425+0000] {logging_mixin.py:188} INFO - [2024-07-03T20:55:08.424+0000] {dag.py:3096} INFO - Sync 1 DAGs
[2024-07-03T20:55:08.480+0000] {logging_mixin.py:188} INFO - [2024-07-03T20:55:08.480+0000] {dag.py:3954} INFO - Setting next_dagrun for example3Dag to 2024-07-02 00:00:00+00:00, run_after=2024-07-03 00:00:00+00:00
[2024-07-03T20:55:08.538+0000] {processor.py:183} INFO - Processing /opt/airflow/dags/sample_dag_3.py took 0.289 seconds
[2024-07-03T20:55:39.397+0000] {processor.py:161} INFO - Started process (PID=97) to work on /opt/airflow/dags/sample_dag_3.py
[2024-07-03T20:55:39.403+0000] {processor.py:830} INFO - Processing file /opt/airflow/dags/sample_dag_3.py for tasks to queue
[2024-07-03T20:55:39.407+0000] {logging_mixin.py:188} INFO - [2024-07-03T20:55:39.407+0000] {dagbag.py:545} INFO - Filling up the DagBag from /opt/airflow/dags/sample_dag_3.py
[2024-07-03T20:55:39.430+0000] {processor.py:840} INFO - DAG(s) 'example3Dag' retrieved from /opt/airflow/dags/sample_dag_3.py
[2024-07-03T20:55:39.472+0000] {logging_mixin.py:188} INFO - [2024-07-03T20:55:39.471+0000] {dag.py:3096} INFO - Sync 1 DAGs
[2024-07-03T20:55:39.513+0000] {logging_mixin.py:188} INFO - [2024-07-03T20:55:39.512+0000] {dag.py:3954} INFO - Setting next_dagrun for example3Dag to 2024-07-02 00:00:00+00:00, run_after=2024-07-03 00:00:00+00:00
[2024-07-03T20:55:39.541+0000] {processor.py:183} INFO - Processing /opt/airflow/dags/sample_dag_3.py took 0.157 seconds
[2024-07-03T20:56:09.602+0000] {processor.py:161} INFO - Started process (PID=160) to work on /opt/airflow/dags/sample_dag_3.py
[2024-07-03T20:56:09.604+0000] {processor.py:830} INFO - Processing file /opt/airflow/dags/sample_dag_3.py for tasks to queue
[2024-07-03T20:56:09.608+0000] {logging_mixin.py:188} INFO - [2024-07-03T20:56:09.607+0000] {dagbag.py:545} INFO - Filling up the DagBag from /opt/airflow/dags/sample_dag_3.py
[2024-07-03T20:56:09.622+0000] {processor.py:840} INFO - DAG(s) 'example3Dag' retrieved from /opt/airflow/dags/sample_dag_3.py
[2024-07-03T20:56:09.653+0000] {logging_mixin.py:188} INFO - [2024-07-03T20:56:09.652+0000] {dag.py:3096} INFO - Sync 1 DAGs
[2024-07-03T20:56:09.682+0000] {logging_mixin.py:188} INFO - [2024-07-03T20:56:09.682+0000] {dag.py:3954} INFO - Setting next_dagrun for example3Dag to 2024-07-02 00:00:00+00:00, run_after=2024-07-03 00:00:00+00:00
[2024-07-03T20:56:09.706+0000] {processor.py:183} INFO - Processing /opt/airflow/dags/sample_dag_3.py took 0.114 seconds
[2024-07-03T20:56:40.046+0000] {processor.py:161} INFO - Started process (PID=221) to work on /opt/airflow/dags/sample_dag_3.py
[2024-07-03T20:56:40.050+0000] {processor.py:830} INFO - Processing file /opt/airflow/dags/sample_dag_3.py for tasks to queue
[2024-07-03T20:56:40.053+0000] {logging_mixin.py:188} INFO - [2024-07-03T20:56:40.053+0000] {dagbag.py:545} INFO - Filling up the DagBag from /opt/airflow/dags/sample_dag_3.py
[2024-07-03T20:56:40.070+0000] {processor.py:840} INFO - DAG(s) 'example3Dag' retrieved from /opt/airflow/dags/sample_dag_3.py
[2024-07-03T20:56:40.105+0000] {logging_mixin.py:188} INFO - [2024-07-03T20:56:40.105+0000] {dag.py:3096} INFO - Sync 1 DAGs
[2024-07-03T20:56:40.141+0000] {logging_mixin.py:188} INFO - [2024-07-03T20:56:40.140+0000] {dag.py:3954} INFO - Setting next_dagrun for example3Dag to 2024-07-02 00:00:00+00:00, run_after=2024-07-03 00:00:00+00:00
[2024-07-03T20:56:40.173+0000] {processor.py:183} INFO - Processing /opt/airflow/dags/sample_dag_3.py took 0.137 seconds
[2024-07-03T20:57:10.314+0000] {processor.py:161} INFO - Started process (PID=282) to work on /opt/airflow/dags/sample_dag_3.py
[2024-07-03T20:57:10.316+0000] {processor.py:830} INFO - Processing file /opt/airflow/dags/sample_dag_3.py for tasks to queue
[2024-07-03T20:57:10.318+0000] {logging_mixin.py:188} INFO - [2024-07-03T20:57:10.318+0000] {dagbag.py:545} INFO - Filling up the DagBag from /opt/airflow/dags/sample_dag_3.py
[2024-07-03T20:57:10.334+0000] {processor.py:840} INFO - DAG(s) 'example3Dag' retrieved from /opt/airflow/dags/sample_dag_3.py
[2024-07-03T20:57:10.371+0000] {logging_mixin.py:188} INFO - [2024-07-03T20:57:10.370+0000] {dag.py:3096} INFO - Sync 1 DAGs
[2024-07-03T20:57:10.413+0000] {logging_mixin.py:188} INFO - [2024-07-03T20:57:10.413+0000] {dag.py:3954} INFO - Setting next_dagrun for example3Dag to 2024-07-02 00:00:00+00:00, run_after=2024-07-03 00:00:00+00:00
[2024-07-03T20:57:10.441+0000] {processor.py:183} INFO - Processing /opt/airflow/dags/sample_dag_3.py took 0.139 seconds
[2024-07-03T20:57:40.575+0000] {processor.py:161} INFO - Started process (PID=344) to work on /opt/airflow/dags/sample_dag_3.py
[2024-07-03T20:57:40.578+0000] {processor.py:830} INFO - Processing file /opt/airflow/dags/sample_dag_3.py for tasks to queue
[2024-07-03T20:57:40.582+0000] {logging_mixin.py:188} INFO - [2024-07-03T20:57:40.582+0000] {dagbag.py:545} INFO - Filling up the DagBag from /opt/airflow/dags/sample_dag_3.py
[2024-07-03T20:57:40.605+0000] {processor.py:840} INFO - DAG(s) 'example3Dag' retrieved from /opt/airflow/dags/sample_dag_3.py
[2024-07-03T20:57:40.647+0000] {logging_mixin.py:188} INFO - [2024-07-03T20:57:40.646+0000] {dag.py:3096} INFO - Sync 1 DAGs
[2024-07-03T20:57:40.682+0000] {logging_mixin.py:188} INFO - [2024-07-03T20:57:40.681+0000] {dag.py:3954} INFO - Setting next_dagrun for example3Dag to 2024-07-02 00:00:00+00:00, run_after=2024-07-03 00:00:00+00:00
[2024-07-03T20:57:40.712+0000] {processor.py:183} INFO - Processing /opt/airflow/dags/sample_dag_3.py took 0.153 seconds
[2024-07-03T20:58:10.937+0000] {processor.py:161} INFO - Started process (PID=406) to work on /opt/airflow/dags/sample_dag_3.py
[2024-07-03T20:58:10.939+0000] {processor.py:830} INFO - Processing file /opt/airflow/dags/sample_dag_3.py for tasks to queue
[2024-07-03T20:58:10.943+0000] {logging_mixin.py:188} INFO - [2024-07-03T20:58:10.943+0000] {dagbag.py:545} INFO - Filling up the DagBag from /opt/airflow/dags/sample_dag_3.py
[2024-07-03T20:58:10.961+0000] {processor.py:840} INFO - DAG(s) 'example3Dag' retrieved from /opt/airflow/dags/sample_dag_3.py
[2024-07-03T20:58:11.002+0000] {logging_mixin.py:188} INFO - [2024-07-03T20:58:11.001+0000] {dag.py:3096} INFO - Sync 1 DAGs
[2024-07-03T20:58:11.037+0000] {logging_mixin.py:188} INFO - [2024-07-03T20:58:11.037+0000] {dag.py:3954} INFO - Setting next_dagrun for example3Dag to 2024-07-02 00:00:00+00:00, run_after=2024-07-03 00:00:00+00:00
[2024-07-03T20:58:11.069+0000] {processor.py:183} INFO - Processing /opt/airflow/dags/sample_dag_3.py took 0.146 seconds
[2024-07-03T20:58:41.966+0000] {processor.py:161} INFO - Started process (PID=467) to work on /opt/airflow/dags/sample_dag_3.py
[2024-07-03T20:58:41.969+0000] {processor.py:830} INFO - Processing file /opt/airflow/dags/sample_dag_3.py for tasks to queue
[2024-07-03T20:58:41.973+0000] {logging_mixin.py:188} INFO - [2024-07-03T20:58:41.972+0000] {dagbag.py:545} INFO - Filling up the DagBag from /opt/airflow/dags/sample_dag_3.py
[2024-07-03T20:58:41.990+0000] {processor.py:840} INFO - DAG(s) 'example3Dag' retrieved from /opt/airflow/dags/sample_dag_3.py
[2024-07-03T20:58:42.034+0000] {logging_mixin.py:188} INFO - [2024-07-03T20:58:42.033+0000] {dag.py:3096} INFO - Sync 1 DAGs
[2024-07-03T20:58:42.079+0000] {logging_mixin.py:188} INFO - [2024-07-03T20:58:42.078+0000] {dag.py:3954} INFO - Setting next_dagrun for example3Dag to 2024-07-02 00:00:00+00:00, run_after=2024-07-03 00:00:00+00:00
[2024-07-03T20:58:42.110+0000] {processor.py:183} INFO - Processing /opt/airflow/dags/sample_dag_3.py took 0.158 seconds
[2024-07-03T20:59:12.654+0000] {processor.py:161} INFO - Started process (PID=529) to work on /opt/airflow/dags/sample_dag_3.py
[2024-07-03T20:59:12.656+0000] {processor.py:830} INFO - Processing file /opt/airflow/dags/sample_dag_3.py for tasks to queue
[2024-07-03T20:59:12.661+0000] {logging_mixin.py:188} INFO - [2024-07-03T20:59:12.660+0000] {dagbag.py:545} INFO - Filling up the DagBag from /opt/airflow/dags/sample_dag_3.py
[2024-07-03T20:59:12.685+0000] {processor.py:840} INFO - DAG(s) 'example3Dag' retrieved from /opt/airflow/dags/sample_dag_3.py
[2024-07-03T20:59:12.732+0000] {logging_mixin.py:188} INFO - [2024-07-03T20:59:12.730+0000] {dag.py:3096} INFO - Sync 1 DAGs
[2024-07-03T20:59:12.775+0000] {logging_mixin.py:188} INFO - [2024-07-03T20:59:12.774+0000] {dag.py:3954} INFO - Setting next_dagrun for example3Dag to 2024-07-02 00:00:00+00:00, run_after=2024-07-03 00:00:00+00:00
[2024-07-03T20:59:12.805+0000] {processor.py:183} INFO - Processing /opt/airflow/dags/sample_dag_3.py took 0.167 seconds
[2024-07-03T20:59:42.873+0000] {processor.py:161} INFO - Started process (PID=591) to work on /opt/airflow/dags/sample_dag_3.py
[2024-07-03T20:59:42.881+0000] {processor.py:830} INFO - Processing file /opt/airflow/dags/sample_dag_3.py for tasks to queue
[2024-07-03T20:59:42.884+0000] {logging_mixin.py:188} INFO - [2024-07-03T20:59:42.884+0000] {dagbag.py:545} INFO - Filling up the DagBag from /opt/airflow/dags/sample_dag_3.py
[2024-07-03T20:59:42.912+0000] {processor.py:840} INFO - DAG(s) 'example3Dag' retrieved from /opt/airflow/dags/sample_dag_3.py
[2024-07-03T20:59:43.010+0000] {logging_mixin.py:188} INFO - [2024-07-03T20:59:43.009+0000] {dag.py:3096} INFO - Sync 1 DAGs
[2024-07-03T20:59:43.086+0000] {logging_mixin.py:188} INFO - [2024-07-03T20:59:43.086+0000] {dag.py:3954} INFO - Setting next_dagrun for example3Dag to 2024-07-02 00:00:00+00:00, run_after=2024-07-03 00:00:00+00:00
[2024-07-03T20:59:43.186+0000] {processor.py:183} INFO - Processing /opt/airflow/dags/sample_dag_3.py took 0.335 seconds
[2024-07-03T21:00:13.623+0000] {processor.py:161} INFO - Started process (PID=653) to work on /opt/airflow/dags/sample_dag_3.py
[2024-07-03T21:00:13.625+0000] {processor.py:830} INFO - Processing file /opt/airflow/dags/sample_dag_3.py for tasks to queue
[2024-07-03T21:00:13.627+0000] {logging_mixin.py:188} INFO - [2024-07-03T21:00:13.626+0000] {dagbag.py:545} INFO - Filling up the DagBag from /opt/airflow/dags/sample_dag_3.py
[2024-07-03T21:00:13.720+0000] {processor.py:840} INFO - DAG(s) 'example3Dag' retrieved from /opt/airflow/dags/sample_dag_3.py
[2024-07-03T21:00:13.842+0000] {logging_mixin.py:188} INFO - [2024-07-03T21:00:13.820+0000] {dag.py:3096} INFO - Sync 1 DAGs
[2024-07-03T21:00:13.947+0000] {logging_mixin.py:188} INFO - [2024-07-03T21:00:13.947+0000] {dag.py:3954} INFO - Setting next_dagrun for example3Dag to 2024-07-02 00:00:00+00:00, run_after=2024-07-03 00:00:00+00:00
[2024-07-03T21:00:14.003+0000] {processor.py:183} INFO - Processing /opt/airflow/dags/sample_dag_3.py took 0.435 seconds
[2024-07-03T21:00:44.761+0000] {processor.py:161} INFO - Started process (PID=715) to work on /opt/airflow/dags/sample_dag_3.py
[2024-07-03T21:00:44.765+0000] {processor.py:830} INFO - Processing file /opt/airflow/dags/sample_dag_3.py for tasks to queue
[2024-07-03T21:00:44.766+0000] {logging_mixin.py:188} INFO - [2024-07-03T21:00:44.765+0000] {dagbag.py:545} INFO - Filling up the DagBag from /opt/airflow/dags/sample_dag_3.py
[2024-07-03T21:00:44.785+0000] {processor.py:840} INFO - DAG(s) 'example3Dag' retrieved from /opt/airflow/dags/sample_dag_3.py
[2024-07-03T21:00:44.822+0000] {logging_mixin.py:188} INFO - [2024-07-03T21:00:44.822+0000] {dag.py:3096} INFO - Sync 1 DAGs
[2024-07-03T21:00:44.856+0000] {logging_mixin.py:188} INFO - [2024-07-03T21:00:44.856+0000] {dag.py:3954} INFO - Setting next_dagrun for example3Dag to 2024-07-02 00:00:00+00:00, run_after=2024-07-03 00:00:00+00:00
[2024-07-03T21:00:44.886+0000] {processor.py:183} INFO - Processing /opt/airflow/dags/sample_dag_3.py took 0.137 seconds
[2024-07-03T21:01:15.812+0000] {processor.py:161} INFO - Started process (PID=777) to work on /opt/airflow/dags/sample_dag_3.py
[2024-07-03T21:01:15.814+0000] {processor.py:830} INFO - Processing file /opt/airflow/dags/sample_dag_3.py for tasks to queue
[2024-07-03T21:01:15.815+0000] {logging_mixin.py:188} INFO - [2024-07-03T21:01:15.815+0000] {dagbag.py:545} INFO - Filling up the DagBag from /opt/airflow/dags/sample_dag_3.py
[2024-07-03T21:01:15.835+0000] {processor.py:840} INFO - DAG(s) 'example3Dag' retrieved from /opt/airflow/dags/sample_dag_3.py
[2024-07-03T21:01:15.867+0000] {logging_mixin.py:188} INFO - [2024-07-03T21:01:15.866+0000] {dag.py:3096} INFO - Sync 1 DAGs
[2024-07-03T21:01:15.902+0000] {logging_mixin.py:188} INFO - [2024-07-03T21:01:15.902+0000] {dag.py:3954} INFO - Setting next_dagrun for example3Dag to 2024-07-02 00:00:00+00:00, run_after=2024-07-03 00:00:00+00:00
[2024-07-03T21:01:15.928+0000] {processor.py:183} INFO - Processing /opt/airflow/dags/sample_dag_3.py took 0.127 seconds
[2024-07-03T21:01:46.135+0000] {processor.py:161} INFO - Started process (PID=839) to work on /opt/airflow/dags/sample_dag_3.py
[2024-07-03T21:01:46.137+0000] {processor.py:830} INFO - Processing file /opt/airflow/dags/sample_dag_3.py for tasks to queue
[2024-07-03T21:01:46.139+0000] {logging_mixin.py:188} INFO - [2024-07-03T21:01:46.138+0000] {dagbag.py:545} INFO - Filling up the DagBag from /opt/airflow/dags/sample_dag_3.py
[2024-07-03T21:01:46.159+0000] {processor.py:840} INFO - DAG(s) 'example3Dag' retrieved from /opt/airflow/dags/sample_dag_3.py
[2024-07-03T21:01:46.198+0000] {logging_mixin.py:188} INFO - [2024-07-03T21:01:46.197+0000] {dag.py:3096} INFO - Sync 1 DAGs
[2024-07-03T21:01:46.231+0000] {logging_mixin.py:188} INFO - [2024-07-03T21:01:46.231+0000] {dag.py:3954} INFO - Setting next_dagrun for example3Dag to 2024-07-02 00:00:00+00:00, run_after=2024-07-03 00:00:00+00:00
[2024-07-03T21:01:46.256+0000] {processor.py:183} INFO - Processing /opt/airflow/dags/sample_dag_3.py took 0.134 seconds
[2024-07-03T21:02:17.068+0000] {processor.py:161} INFO - Started process (PID=902) to work on /opt/airflow/dags/sample_dag_3.py
[2024-07-03T21:02:17.070+0000] {processor.py:830} INFO - Processing file /opt/airflow/dags/sample_dag_3.py for tasks to queue
[2024-07-03T21:02:17.071+0000] {logging_mixin.py:188} INFO - [2024-07-03T21:02:17.070+0000] {dagbag.py:545} INFO - Filling up the DagBag from /opt/airflow/dags/sample_dag_3.py
[2024-07-03T21:02:17.089+0000] {processor.py:840} INFO - DAG(s) 'example3Dag' retrieved from /opt/airflow/dags/sample_dag_3.py
[2024-07-03T21:02:17.125+0000] {logging_mixin.py:188} INFO - [2024-07-03T21:02:17.124+0000] {dag.py:3096} INFO - Sync 1 DAGs
[2024-07-03T21:02:17.163+0000] {logging_mixin.py:188} INFO - [2024-07-03T21:02:17.162+0000] {dag.py:3954} INFO - Setting next_dagrun for example3Dag to 2024-07-02 00:00:00+00:00, run_after=2024-07-03 00:00:00+00:00
[2024-07-03T21:02:17.189+0000] {processor.py:183} INFO - Processing /opt/airflow/dags/sample_dag_3.py took 0.131 seconds
[2024-07-03T21:02:47.399+0000] {processor.py:161} INFO - Started process (PID=963) to work on /opt/airflow/dags/sample_dag_3.py
[2024-07-03T21:02:47.402+0000] {processor.py:830} INFO - Processing file /opt/airflow/dags/sample_dag_3.py for tasks to queue
[2024-07-03T21:02:47.403+0000] {logging_mixin.py:188} INFO - [2024-07-03T21:02:47.403+0000] {dagbag.py:545} INFO - Filling up the DagBag from /opt/airflow/dags/sample_dag_3.py
[2024-07-03T21:02:47.423+0000] {processor.py:840} INFO - DAG(s) 'example3Dag' retrieved from /opt/airflow/dags/sample_dag_3.py
[2024-07-03T21:02:47.466+0000] {logging_mixin.py:188} INFO - [2024-07-03T21:02:47.465+0000] {dag.py:3096} INFO - Sync 1 DAGs
[2024-07-03T21:02:47.506+0000] {logging_mixin.py:188} INFO - [2024-07-03T21:02:47.505+0000] {dag.py:3954} INFO - Setting next_dagrun for example3Dag to 2024-07-02 00:00:00+00:00, run_after=2024-07-03 00:00:00+00:00
[2024-07-03T21:02:47.538+0000] {processor.py:183} INFO - Processing /opt/airflow/dags/sample_dag_3.py took 0.151 seconds
[2024-07-03T21:03:18.474+0000] {processor.py:161} INFO - Started process (PID=1024) to work on /opt/airflow/dags/sample_dag_3.py
[2024-07-03T21:03:18.475+0000] {processor.py:830} INFO - Processing file /opt/airflow/dags/sample_dag_3.py for tasks to queue
[2024-07-03T21:03:18.477+0000] {logging_mixin.py:188} INFO - [2024-07-03T21:03:18.476+0000] {dagbag.py:545} INFO - Filling up the DagBag from /opt/airflow/dags/sample_dag_3.py
[2024-07-03T21:03:18.493+0000] {processor.py:840} INFO - DAG(s) 'example3Dag' retrieved from /opt/airflow/dags/sample_dag_3.py
[2024-07-03T21:03:18.533+0000] {logging_mixin.py:188} INFO - [2024-07-03T21:03:18.531+0000] {dag.py:3096} INFO - Sync 1 DAGs
[2024-07-03T21:03:18.574+0000] {logging_mixin.py:188} INFO - [2024-07-03T21:03:18.573+0000] {dag.py:3954} INFO - Setting next_dagrun for example3Dag to 2024-07-02 00:00:00+00:00, run_after=2024-07-03 00:00:00+00:00
[2024-07-03T21:03:18.644+0000] {processor.py:183} INFO - Processing /opt/airflow/dags/sample_dag_3.py took 0.183 seconds
