[2024-07-17T23:06:20.413+0000] {local_task_job_runner.py:120} INFO - ::group::Pre task execution logs
[2024-07-17T23:06:20.438+0000] {taskinstance.py:2076} INFO - Dependencies all met for dep_context=non-requeueable deps ti=<TaskInstance: fire_data_dag.geojsonl_task_fire manual__2024-07-17T23:05:57.957104+00:00 [queued]>
[2024-07-17T23:06:20.450+0000] {taskinstance.py:2076} INFO - Dependencies all met for dep_context=requeueable deps ti=<TaskInstance: fire_data_dag.geojsonl_task_fire manual__2024-07-17T23:05:57.957104+00:00 [queued]>
[2024-07-17T23:06:20.451+0000] {taskinstance.py:2306} INFO - Starting attempt 1 of 2
[2024-07-17T23:06:20.468+0000] {taskinstance.py:2330} INFO - Executing <Task(BashOperator): geojsonl_task_fire> on 2024-07-17 23:05:57.957104+00:00
[2024-07-17T23:06:20.479+0000] {standard_task_runner.py:63} INFO - Started process 515 to run task
[2024-07-17T23:06:20.486+0000] {standard_task_runner.py:90} INFO - Running: ['***', 'tasks', 'run', 'fire_data_dag', 'geojsonl_task_fire', 'manual__2024-07-17T23:05:57.957104+00:00', '--job-id', '621', '--raw', '--subdir', 'DAGS_FOLDER/fire_data_dag.py', '--cfg-path', '/tmp/tmpwoi07jo9']
[2024-07-17T23:06:20.488+0000] {standard_task_runner.py:91} INFO - Job 621: Subtask geojsonl_task_fire
[2024-07-17T23:06:20.563+0000] {task_command.py:426} INFO - Running <TaskInstance: fire_data_dag.geojsonl_task_fire manual__2024-07-17T23:05:57.957104+00:00 [running]> on host b83e2bee00d2
[2024-07-17T23:06:20.701+0000] {taskinstance.py:2648} INFO - Exporting env vars: AIRFLOW_CTX_DAG_OWNER='***' AIRFLOW_CTX_DAG_ID='fire_data_dag' AIRFLOW_CTX_TASK_ID='geojsonl_task_fire' AIRFLOW_CTX_EXECUTION_DATE='2024-07-17T23:05:57.957104+00:00' AIRFLOW_CTX_TRY_NUMBER='1' AIRFLOW_CTX_DAG_RUN_ID='manual__2024-07-17T23:05:57.957104+00:00'
[2024-07-17T23:06:20.704+0000] {taskinstance.py:430} INFO - ::endgroup::
[2024-07-17T23:06:20.706+0000] {subprocess.py:63} INFO - Tmp dir root location: /tmp
[2024-07-17T23:06:20.706+0000] {subprocess.py:75} INFO - Running command: ['/usr/bin/bash', '-c', 'geojson2ndjson /opt/***/tmp/wildfire_polygons.geojson > /opt/***/tmp/wildfire_polygons_nl.geojsonl']
[2024-07-17T23:06:20.728+0000] {subprocess.py:86} INFO - Output:
[2024-07-17T23:06:21.685+0000] {subprocess.py:97} INFO - Command exited with return code 0
[2024-07-17T23:06:21.686+0000] {taskinstance.py:441} INFO - ::group::Post task execution logs
[2024-07-17T23:06:21.727+0000] {taskinstance.py:1206} INFO - Marking task as SUCCESS. dag_id=fire_data_dag, task_id=geojsonl_task_fire, run_id=manual__2024-07-17T23:05:57.957104+00:00, execution_date=20240717T230557, start_date=20240717T230620, end_date=20240717T230621
[2024-07-17T23:06:21.782+0000] {local_task_job_runner.py:240} INFO - Task exited with return code 0
[2024-07-17T23:06:21.821+0000] {taskinstance.py:3503} INFO - 1 downstream tasks scheduled from follow-on schedule check
[2024-07-17T23:06:21.823+0000] {local_task_job_runner.py:222} INFO - ::endgroup::
