[2024-07-10T00:00:14.783+0000] {processor.py:161} INFO - Started process (PID=21811) to work on /opt/airflow/dags/spark-bigquery-with-dependencies_2.12-0.29.0.jar
[2024-07-10T00:00:14.784+0000] {processor.py:830} INFO - Processing file /opt/airflow/dags/spark-bigquery-with-dependencies_2.12-0.29.0.jar for tasks to queue
[2024-07-10T00:00:14.786+0000] {logging_mixin.py:188} INFO - [2024-07-10T00:00:14.785+0000] {dagbag.py:545} INFO - Filling up the DagBag from /opt/airflow/dags/spark-bigquery-with-dependencies_2.12-0.29.0.jar
[2024-07-10T00:00:15.198+0000] {processor.py:842} WARNING - No viable dags retrieved from /opt/airflow/dags/spark-bigquery-with-dependencies_2.12-0.29.0.jar
[2024-07-10T00:00:15.222+0000] {processor.py:183} INFO - Processing /opt/airflow/dags/spark-bigquery-with-dependencies_2.12-0.29.0.jar took 0.453 seconds
[2024-07-10T00:00:48.651+0000] {processor.py:161} INFO - Started process (PID=21874) to work on /opt/airflow/dags/spark-bigquery-with-dependencies_2.12-0.29.0.jar
[2024-07-10T00:00:48.653+0000] {processor.py:830} INFO - Processing file /opt/airflow/dags/spark-bigquery-with-dependencies_2.12-0.29.0.jar for tasks to queue
[2024-07-10T00:00:48.655+0000] {logging_mixin.py:188} INFO - [2024-07-10T00:00:48.654+0000] {dagbag.py:545} INFO - Filling up the DagBag from /opt/airflow/dags/spark-bigquery-with-dependencies_2.12-0.29.0.jar
[2024-07-10T00:00:49.426+0000] {processor.py:842} WARNING - No viable dags retrieved from /opt/airflow/dags/spark-bigquery-with-dependencies_2.12-0.29.0.jar
[2024-07-10T00:00:49.446+0000] {processor.py:183} INFO - Processing /opt/airflow/dags/spark-bigquery-with-dependencies_2.12-0.29.0.jar took 0.807 seconds
[2024-07-10T00:01:23.337+0000] {processor.py:161} INFO - Started process (PID=21940) to work on /opt/airflow/dags/spark-bigquery-with-dependencies_2.12-0.29.0.jar
[2024-07-10T00:01:23.339+0000] {processor.py:830} INFO - Processing file /opt/airflow/dags/spark-bigquery-with-dependencies_2.12-0.29.0.jar for tasks to queue
[2024-07-10T00:01:23.340+0000] {logging_mixin.py:188} INFO - [2024-07-10T00:01:23.340+0000] {dagbag.py:545} INFO - Filling up the DagBag from /opt/airflow/dags/spark-bigquery-with-dependencies_2.12-0.29.0.jar
[2024-07-10T00:01:23.726+0000] {processor.py:842} WARNING - No viable dags retrieved from /opt/airflow/dags/spark-bigquery-with-dependencies_2.12-0.29.0.jar
[2024-07-10T00:01:23.752+0000] {processor.py:183} INFO - Processing /opt/airflow/dags/spark-bigquery-with-dependencies_2.12-0.29.0.jar took 0.428 seconds
[2024-07-10T00:01:56.576+0000] {processor.py:161} INFO - Started process (PID=22002) to work on /opt/airflow/dags/spark-bigquery-with-dependencies_2.12-0.29.0.jar
[2024-07-10T00:01:56.578+0000] {processor.py:830} INFO - Processing file /opt/airflow/dags/spark-bigquery-with-dependencies_2.12-0.29.0.jar for tasks to queue
[2024-07-10T00:01:56.580+0000] {logging_mixin.py:188} INFO - [2024-07-10T00:01:56.579+0000] {dagbag.py:545} INFO - Filling up the DagBag from /opt/airflow/dags/spark-bigquery-with-dependencies_2.12-0.29.0.jar
[2024-07-10T00:01:56.991+0000] {processor.py:842} WARNING - No viable dags retrieved from /opt/airflow/dags/spark-bigquery-with-dependencies_2.12-0.29.0.jar
[2024-07-10T00:01:57.019+0000] {processor.py:183} INFO - Processing /opt/airflow/dags/spark-bigquery-with-dependencies_2.12-0.29.0.jar took 0.455 seconds
[2024-07-10T00:02:29.936+0000] {processor.py:161} INFO - Started process (PID=22065) to work on /opt/airflow/dags/spark-bigquery-with-dependencies_2.12-0.29.0.jar
[2024-07-10T00:02:29.939+0000] {processor.py:830} INFO - Processing file /opt/airflow/dags/spark-bigquery-with-dependencies_2.12-0.29.0.jar for tasks to queue
[2024-07-10T00:02:29.941+0000] {logging_mixin.py:188} INFO - [2024-07-10T00:02:29.940+0000] {dagbag.py:545} INFO - Filling up the DagBag from /opt/airflow/dags/spark-bigquery-with-dependencies_2.12-0.29.0.jar
[2024-07-10T00:02:30.342+0000] {processor.py:842} WARNING - No viable dags retrieved from /opt/airflow/dags/spark-bigquery-with-dependencies_2.12-0.29.0.jar
[2024-07-10T00:02:30.366+0000] {processor.py:183} INFO - Processing /opt/airflow/dags/spark-bigquery-with-dependencies_2.12-0.29.0.jar took 0.446 seconds
[2024-07-10T00:03:08.448+0000] {processor.py:161} INFO - Started process (PID=22137) to work on /opt/airflow/dags/spark-bigquery-with-dependencies_2.12-0.29.0.jar
[2024-07-10T00:03:08.450+0000] {processor.py:830} INFO - Processing file /opt/airflow/dags/spark-bigquery-with-dependencies_2.12-0.29.0.jar for tasks to queue
[2024-07-10T00:03:08.452+0000] {logging_mixin.py:188} INFO - [2024-07-10T00:03:08.451+0000] {dagbag.py:545} INFO - Filling up the DagBag from /opt/airflow/dags/spark-bigquery-with-dependencies_2.12-0.29.0.jar
[2024-07-10T00:03:08.873+0000] {processor.py:842} WARNING - No viable dags retrieved from /opt/airflow/dags/spark-bigquery-with-dependencies_2.12-0.29.0.jar
[2024-07-10T00:03:08.894+0000] {processor.py:183} INFO - Processing /opt/airflow/dags/spark-bigquery-with-dependencies_2.12-0.29.0.jar took 0.458 seconds
[2024-07-10T00:03:44.173+0000] {processor.py:161} INFO - Started process (PID=22202) to work on /opt/airflow/dags/spark-bigquery-with-dependencies_2.12-0.29.0.jar
[2024-07-10T00:03:44.176+0000] {processor.py:830} INFO - Processing file /opt/airflow/dags/spark-bigquery-with-dependencies_2.12-0.29.0.jar for tasks to queue
[2024-07-10T00:03:44.178+0000] {logging_mixin.py:188} INFO - [2024-07-10T00:03:44.177+0000] {dagbag.py:545} INFO - Filling up the DagBag from /opt/airflow/dags/spark-bigquery-with-dependencies_2.12-0.29.0.jar
[2024-07-10T00:03:44.873+0000] {processor.py:842} WARNING - No viable dags retrieved from /opt/airflow/dags/spark-bigquery-with-dependencies_2.12-0.29.0.jar
[2024-07-10T00:03:44.893+0000] {processor.py:183} INFO - Processing /opt/airflow/dags/spark-bigquery-with-dependencies_2.12-0.29.0.jar took 0.733 seconds
[2024-07-10T00:04:20.121+0000] {processor.py:161} INFO - Started process (PID=22265) to work on /opt/airflow/dags/spark-bigquery-with-dependencies_2.12-0.29.0.jar
[2024-07-10T00:04:20.123+0000] {processor.py:830} INFO - Processing file /opt/airflow/dags/spark-bigquery-with-dependencies_2.12-0.29.0.jar for tasks to queue
[2024-07-10T00:04:20.125+0000] {logging_mixin.py:188} INFO - [2024-07-10T00:04:20.124+0000] {dagbag.py:545} INFO - Filling up the DagBag from /opt/airflow/dags/spark-bigquery-with-dependencies_2.12-0.29.0.jar
[2024-07-10T00:04:20.504+0000] {processor.py:842} WARNING - No viable dags retrieved from /opt/airflow/dags/spark-bigquery-with-dependencies_2.12-0.29.0.jar
[2024-07-10T00:04:20.525+0000] {processor.py:183} INFO - Processing /opt/airflow/dags/spark-bigquery-with-dependencies_2.12-0.29.0.jar took 0.416 seconds
[2024-07-10T00:04:55.526+0000] {processor.py:161} INFO - Started process (PID=22326) to work on /opt/airflow/dags/spark-bigquery-with-dependencies_2.12-0.29.0.jar
[2024-07-10T00:04:55.529+0000] {processor.py:830} INFO - Processing file /opt/airflow/dags/spark-bigquery-with-dependencies_2.12-0.29.0.jar for tasks to queue
[2024-07-10T00:04:55.530+0000] {logging_mixin.py:188} INFO - [2024-07-10T00:04:55.530+0000] {dagbag.py:545} INFO - Filling up the DagBag from /opt/airflow/dags/spark-bigquery-with-dependencies_2.12-0.29.0.jar
[2024-07-10T00:04:55.915+0000] {processor.py:842} WARNING - No viable dags retrieved from /opt/airflow/dags/spark-bigquery-with-dependencies_2.12-0.29.0.jar
[2024-07-10T00:04:55.939+0000] {processor.py:183} INFO - Processing /opt/airflow/dags/spark-bigquery-with-dependencies_2.12-0.29.0.jar took 0.425 seconds
[2024-07-10T00:05:31.345+0000] {processor.py:161} INFO - Started process (PID=22387) to work on /opt/airflow/dags/spark-bigquery-with-dependencies_2.12-0.29.0.jar
[2024-07-10T00:05:31.347+0000] {processor.py:830} INFO - Processing file /opt/airflow/dags/spark-bigquery-with-dependencies_2.12-0.29.0.jar for tasks to queue
[2024-07-10T00:05:31.349+0000] {logging_mixin.py:188} INFO - [2024-07-10T00:05:31.348+0000] {dagbag.py:545} INFO - Filling up the DagBag from /opt/airflow/dags/spark-bigquery-with-dependencies_2.12-0.29.0.jar
[2024-07-10T00:05:31.774+0000] {processor.py:842} WARNING - No viable dags retrieved from /opt/airflow/dags/spark-bigquery-with-dependencies_2.12-0.29.0.jar
[2024-07-10T00:05:31.797+0000] {processor.py:183} INFO - Processing /opt/airflow/dags/spark-bigquery-with-dependencies_2.12-0.29.0.jar took 0.464 seconds
[2024-07-10T00:06:06.707+0000] {processor.py:161} INFO - Started process (PID=22455) to work on /opt/airflow/dags/spark-bigquery-with-dependencies_2.12-0.29.0.jar
[2024-07-10T00:06:06.709+0000] {processor.py:830} INFO - Processing file /opt/airflow/dags/spark-bigquery-with-dependencies_2.12-0.29.0.jar for tasks to queue
[2024-07-10T00:06:06.711+0000] {logging_mixin.py:188} INFO - [2024-07-10T00:06:06.710+0000] {dagbag.py:545} INFO - Filling up the DagBag from /opt/airflow/dags/spark-bigquery-with-dependencies_2.12-0.29.0.jar
[2024-07-10T00:06:07.421+0000] {processor.py:842} WARNING - No viable dags retrieved from /opt/airflow/dags/spark-bigquery-with-dependencies_2.12-0.29.0.jar
[2024-07-10T00:06:07.440+0000] {processor.py:183} INFO - Processing /opt/airflow/dags/spark-bigquery-with-dependencies_2.12-0.29.0.jar took 0.745 seconds
[2024-07-10T00:06:42.700+0000] {processor.py:161} INFO - Started process (PID=22519) to work on /opt/airflow/dags/spark-bigquery-with-dependencies_2.12-0.29.0.jar
[2024-07-10T00:06:42.702+0000] {processor.py:830} INFO - Processing file /opt/airflow/dags/spark-bigquery-with-dependencies_2.12-0.29.0.jar for tasks to queue
[2024-07-10T00:06:42.704+0000] {logging_mixin.py:188} INFO - [2024-07-10T00:06:42.703+0000] {dagbag.py:545} INFO - Filling up the DagBag from /opt/airflow/dags/spark-bigquery-with-dependencies_2.12-0.29.0.jar
[2024-07-10T00:06:43.093+0000] {processor.py:842} WARNING - No viable dags retrieved from /opt/airflow/dags/spark-bigquery-with-dependencies_2.12-0.29.0.jar
[2024-07-10T00:06:43.117+0000] {processor.py:183} INFO - Processing /opt/airflow/dags/spark-bigquery-with-dependencies_2.12-0.29.0.jar took 0.429 seconds
[2024-07-10T00:07:18.247+0000] {processor.py:161} INFO - Started process (PID=22581) to work on /opt/airflow/dags/spark-bigquery-with-dependencies_2.12-0.29.0.jar
[2024-07-10T00:07:18.249+0000] {processor.py:830} INFO - Processing file /opt/airflow/dags/spark-bigquery-with-dependencies_2.12-0.29.0.jar for tasks to queue
[2024-07-10T00:07:18.250+0000] {logging_mixin.py:188} INFO - [2024-07-10T00:07:18.250+0000] {dagbag.py:545} INFO - Filling up the DagBag from /opt/airflow/dags/spark-bigquery-with-dependencies_2.12-0.29.0.jar
[2024-07-10T00:07:18.634+0000] {processor.py:842} WARNING - No viable dags retrieved from /opt/airflow/dags/spark-bigquery-with-dependencies_2.12-0.29.0.jar
[2024-07-10T00:07:18.658+0000] {processor.py:183} INFO - Processing /opt/airflow/dags/spark-bigquery-with-dependencies_2.12-0.29.0.jar took 0.423 seconds
[2024-07-10T00:07:54.014+0000] {processor.py:161} INFO - Started process (PID=22644) to work on /opt/airflow/dags/spark-bigquery-with-dependencies_2.12-0.29.0.jar
[2024-07-10T00:07:54.017+0000] {processor.py:830} INFO - Processing file /opt/airflow/dags/spark-bigquery-with-dependencies_2.12-0.29.0.jar for tasks to queue
[2024-07-10T00:07:54.018+0000] {logging_mixin.py:188} INFO - [2024-07-10T00:07:54.018+0000] {dagbag.py:545} INFO - Filling up the DagBag from /opt/airflow/dags/spark-bigquery-with-dependencies_2.12-0.29.0.jar
[2024-07-10T00:07:54.389+0000] {processor.py:842} WARNING - No viable dags retrieved from /opt/airflow/dags/spark-bigquery-with-dependencies_2.12-0.29.0.jar
[2024-07-10T00:07:54.414+0000] {processor.py:183} INFO - Processing /opt/airflow/dags/spark-bigquery-with-dependencies_2.12-0.29.0.jar took 0.411 seconds
[2024-07-10T00:08:29.809+0000] {processor.py:161} INFO - Started process (PID=22707) to work on /opt/airflow/dags/spark-bigquery-with-dependencies_2.12-0.29.0.jar
[2024-07-10T00:08:29.811+0000] {processor.py:830} INFO - Processing file /opt/airflow/dags/spark-bigquery-with-dependencies_2.12-0.29.0.jar for tasks to queue
[2024-07-10T00:08:29.813+0000] {logging_mixin.py:188} INFO - [2024-07-10T00:08:29.812+0000] {dagbag.py:545} INFO - Filling up the DagBag from /opt/airflow/dags/spark-bigquery-with-dependencies_2.12-0.29.0.jar
[2024-07-10T00:08:30.204+0000] {processor.py:842} WARNING - No viable dags retrieved from /opt/airflow/dags/spark-bigquery-with-dependencies_2.12-0.29.0.jar
[2024-07-10T00:08:30.227+0000] {processor.py:183} INFO - Processing /opt/airflow/dags/spark-bigquery-with-dependencies_2.12-0.29.0.jar took 0.435 seconds
[2024-07-10T00:09:04.909+0000] {processor.py:161} INFO - Started process (PID=22775) to work on /opt/airflow/dags/spark-bigquery-with-dependencies_2.12-0.29.0.jar
[2024-07-10T00:09:04.911+0000] {processor.py:830} INFO - Processing file /opt/airflow/dags/spark-bigquery-with-dependencies_2.12-0.29.0.jar for tasks to queue
[2024-07-10T00:09:04.912+0000] {logging_mixin.py:188} INFO - [2024-07-10T00:09:04.912+0000] {dagbag.py:545} INFO - Filling up the DagBag from /opt/airflow/dags/spark-bigquery-with-dependencies_2.12-0.29.0.jar
[2024-07-10T00:09:05.626+0000] {processor.py:842} WARNING - No viable dags retrieved from /opt/airflow/dags/spark-bigquery-with-dependencies_2.12-0.29.0.jar
[2024-07-10T00:09:05.642+0000] {processor.py:183} INFO - Processing /opt/airflow/dags/spark-bigquery-with-dependencies_2.12-0.29.0.jar took 0.746 seconds
[2024-07-10T00:09:45.826+0000] {processor.py:161} INFO - Started process (PID=22839) to work on /opt/airflow/dags/spark-bigquery-with-dependencies_2.12-0.29.0.jar
[2024-07-10T00:09:45.828+0000] {processor.py:830} INFO - Processing file /opt/airflow/dags/spark-bigquery-with-dependencies_2.12-0.29.0.jar for tasks to queue
[2024-07-10T00:09:45.830+0000] {logging_mixin.py:188} INFO - [2024-07-10T00:09:45.829+0000] {dagbag.py:545} INFO - Filling up the DagBag from /opt/airflow/dags/spark-bigquery-with-dependencies_2.12-0.29.0.jar
[2024-07-10T00:09:46.240+0000] {processor.py:842} WARNING - No viable dags retrieved from /opt/airflow/dags/spark-bigquery-with-dependencies_2.12-0.29.0.jar
[2024-07-10T00:09:46.268+0000] {processor.py:183} INFO - Processing /opt/airflow/dags/spark-bigquery-with-dependencies_2.12-0.29.0.jar took 0.455 seconds
[2024-07-10T00:10:19.162+0000] {processor.py:161} INFO - Started process (PID=22902) to work on /opt/airflow/dags/spark-bigquery-with-dependencies_2.12-0.29.0.jar
[2024-07-10T00:10:19.164+0000] {processor.py:830} INFO - Processing file /opt/airflow/dags/spark-bigquery-with-dependencies_2.12-0.29.0.jar for tasks to queue
[2024-07-10T00:10:19.166+0000] {logging_mixin.py:188} INFO - [2024-07-10T00:10:19.165+0000] {dagbag.py:545} INFO - Filling up the DagBag from /opt/airflow/dags/spark-bigquery-with-dependencies_2.12-0.29.0.jar
[2024-07-10T00:10:19.951+0000] {processor.py:842} WARNING - No viable dags retrieved from /opt/airflow/dags/spark-bigquery-with-dependencies_2.12-0.29.0.jar
[2024-07-10T00:10:19.971+0000] {processor.py:183} INFO - Processing /opt/airflow/dags/spark-bigquery-with-dependencies_2.12-0.29.0.jar took 0.826 seconds
[2024-07-10T00:10:52.750+0000] {processor.py:161} INFO - Started process (PID=22964) to work on /opt/airflow/dags/spark-bigquery-with-dependencies_2.12-0.29.0.jar
[2024-07-10T00:10:52.753+0000] {processor.py:830} INFO - Processing file /opt/airflow/dags/spark-bigquery-with-dependencies_2.12-0.29.0.jar for tasks to queue
[2024-07-10T00:10:52.754+0000] {logging_mixin.py:188} INFO - [2024-07-10T00:10:52.754+0000] {dagbag.py:545} INFO - Filling up the DagBag from /opt/airflow/dags/spark-bigquery-with-dependencies_2.12-0.29.0.jar
[2024-07-10T00:10:53.264+0000] {processor.py:842} WARNING - No viable dags retrieved from /opt/airflow/dags/spark-bigquery-with-dependencies_2.12-0.29.0.jar
[2024-07-10T00:10:53.292+0000] {processor.py:183} INFO - Processing /opt/airflow/dags/spark-bigquery-with-dependencies_2.12-0.29.0.jar took 0.557 seconds
[2024-07-10T00:11:26.348+0000] {processor.py:161} INFO - Started process (PID=23026) to work on /opt/airflow/dags/spark-bigquery-with-dependencies_2.12-0.29.0.jar
[2024-07-10T00:11:26.351+0000] {processor.py:830} INFO - Processing file /opt/airflow/dags/spark-bigquery-with-dependencies_2.12-0.29.0.jar for tasks to queue
[2024-07-10T00:11:26.353+0000] {logging_mixin.py:188} INFO - [2024-07-10T00:11:26.352+0000] {dagbag.py:545} INFO - Filling up the DagBag from /opt/airflow/dags/spark-bigquery-with-dependencies_2.12-0.29.0.jar
[2024-07-10T00:11:27.161+0000] {processor.py:842} WARNING - No viable dags retrieved from /opt/airflow/dags/spark-bigquery-with-dependencies_2.12-0.29.0.jar
[2024-07-10T00:11:27.182+0000] {processor.py:183} INFO - Processing /opt/airflow/dags/spark-bigquery-with-dependencies_2.12-0.29.0.jar took 0.852 seconds
[2024-07-10T00:12:00.736+0000] {processor.py:161} INFO - Started process (PID=23088) to work on /opt/airflow/dags/spark-bigquery-with-dependencies_2.12-0.29.0.jar
[2024-07-10T00:12:00.739+0000] {processor.py:830} INFO - Processing file /opt/airflow/dags/spark-bigquery-with-dependencies_2.12-0.29.0.jar for tasks to queue
[2024-07-10T00:12:00.741+0000] {logging_mixin.py:188} INFO - [2024-07-10T00:12:00.740+0000] {dagbag.py:545} INFO - Filling up the DagBag from /opt/airflow/dags/spark-bigquery-with-dependencies_2.12-0.29.0.jar
[2024-07-10T00:12:01.237+0000] {processor.py:842} WARNING - No viable dags retrieved from /opt/airflow/dags/spark-bigquery-with-dependencies_2.12-0.29.0.jar
[2024-07-10T00:12:01.266+0000] {processor.py:183} INFO - Processing /opt/airflow/dags/spark-bigquery-with-dependencies_2.12-0.29.0.jar took 0.546 seconds
[2024-07-10T00:12:34.082+0000] {processor.py:161} INFO - Started process (PID=23150) to work on /opt/airflow/dags/spark-bigquery-with-dependencies_2.12-0.29.0.jar
[2024-07-10T00:12:34.084+0000] {processor.py:830} INFO - Processing file /opt/airflow/dags/spark-bigquery-with-dependencies_2.12-0.29.0.jar for tasks to queue
[2024-07-10T00:12:34.086+0000] {logging_mixin.py:188} INFO - [2024-07-10T00:12:34.085+0000] {dagbag.py:545} INFO - Filling up the DagBag from /opt/airflow/dags/spark-bigquery-with-dependencies_2.12-0.29.0.jar
[2024-07-10T00:12:34.545+0000] {processor.py:842} WARNING - No viable dags retrieved from /opt/airflow/dags/spark-bigquery-with-dependencies_2.12-0.29.0.jar
[2024-07-10T00:12:34.570+0000] {processor.py:183} INFO - Processing /opt/airflow/dags/spark-bigquery-with-dependencies_2.12-0.29.0.jar took 0.506 seconds
[2024-07-10T00:13:07.373+0000] {processor.py:161} INFO - Started process (PID=23220) to work on /opt/airflow/dags/spark-bigquery-with-dependencies_2.12-0.29.0.jar
[2024-07-10T00:13:07.376+0000] {processor.py:830} INFO - Processing file /opt/airflow/dags/spark-bigquery-with-dependencies_2.12-0.29.0.jar for tasks to queue
[2024-07-10T00:13:07.378+0000] {logging_mixin.py:188} INFO - [2024-07-10T00:13:07.377+0000] {dagbag.py:545} INFO - Filling up the DagBag from /opt/airflow/dags/spark-bigquery-with-dependencies_2.12-0.29.0.jar
[2024-07-10T00:13:08.134+0000] {processor.py:842} WARNING - No viable dags retrieved from /opt/airflow/dags/spark-bigquery-with-dependencies_2.12-0.29.0.jar
[2024-07-10T00:13:08.151+0000] {processor.py:183} INFO - Processing /opt/airflow/dags/spark-bigquery-with-dependencies_2.12-0.29.0.jar took 0.795 seconds
[2024-07-10T00:13:41.480+0000] {processor.py:161} INFO - Started process (PID=23284) to work on /opt/airflow/dags/spark-bigquery-with-dependencies_2.12-0.29.0.jar
[2024-07-10T00:13:41.482+0000] {processor.py:830} INFO - Processing file /opt/airflow/dags/spark-bigquery-with-dependencies_2.12-0.29.0.jar for tasks to queue
[2024-07-10T00:13:41.484+0000] {logging_mixin.py:188} INFO - [2024-07-10T00:13:41.483+0000] {dagbag.py:545} INFO - Filling up the DagBag from /opt/airflow/dags/spark-bigquery-with-dependencies_2.12-0.29.0.jar
[2024-07-10T00:13:41.943+0000] {processor.py:842} WARNING - No viable dags retrieved from /opt/airflow/dags/spark-bigquery-with-dependencies_2.12-0.29.0.jar
[2024-07-10T00:13:41.970+0000] {processor.py:183} INFO - Processing /opt/airflow/dags/spark-bigquery-with-dependencies_2.12-0.29.0.jar took 0.502 seconds
[2024-07-10T00:14:14.914+0000] {processor.py:161} INFO - Started process (PID=23346) to work on /opt/airflow/dags/spark-bigquery-with-dependencies_2.12-0.29.0.jar
[2024-07-10T00:14:14.917+0000] {processor.py:830} INFO - Processing file /opt/airflow/dags/spark-bigquery-with-dependencies_2.12-0.29.0.jar for tasks to queue
[2024-07-10T00:14:14.919+0000] {logging_mixin.py:188} INFO - [2024-07-10T00:14:14.918+0000] {dagbag.py:545} INFO - Filling up the DagBag from /opt/airflow/dags/spark-bigquery-with-dependencies_2.12-0.29.0.jar
[2024-07-10T00:14:15.357+0000] {processor.py:842} WARNING - No viable dags retrieved from /opt/airflow/dags/spark-bigquery-with-dependencies_2.12-0.29.0.jar
[2024-07-10T00:14:15.381+0000] {processor.py:183} INFO - Processing /opt/airflow/dags/spark-bigquery-with-dependencies_2.12-0.29.0.jar took 0.479 seconds
[2024-07-10T00:14:48.567+0000] {processor.py:161} INFO - Started process (PID=23407) to work on /opt/airflow/dags/spark-bigquery-with-dependencies_2.12-0.29.0.jar
[2024-07-10T00:14:48.570+0000] {processor.py:830} INFO - Processing file /opt/airflow/dags/spark-bigquery-with-dependencies_2.12-0.29.0.jar for tasks to queue
[2024-07-10T00:14:48.571+0000] {logging_mixin.py:188} INFO - [2024-07-10T00:14:48.570+0000] {dagbag.py:545} INFO - Filling up the DagBag from /opt/airflow/dags/spark-bigquery-with-dependencies_2.12-0.29.0.jar
[2024-07-10T00:14:48.944+0000] {processor.py:842} WARNING - No viable dags retrieved from /opt/airflow/dags/spark-bigquery-with-dependencies_2.12-0.29.0.jar
[2024-07-10T00:14:48.965+0000] {processor.py:183} INFO - Processing /opt/airflow/dags/spark-bigquery-with-dependencies_2.12-0.29.0.jar took 0.410 seconds
[2024-07-10T00:15:21.665+0000] {processor.py:161} INFO - Started process (PID=23469) to work on /opt/airflow/dags/spark-bigquery-with-dependencies_2.12-0.29.0.jar
[2024-07-10T00:15:21.668+0000] {processor.py:830} INFO - Processing file /opt/airflow/dags/spark-bigquery-with-dependencies_2.12-0.29.0.jar for tasks to queue
[2024-07-10T00:15:21.669+0000] {logging_mixin.py:188} INFO - [2024-07-10T00:15:21.669+0000] {dagbag.py:545} INFO - Filling up the DagBag from /opt/airflow/dags/spark-bigquery-with-dependencies_2.12-0.29.0.jar
[2024-07-10T00:15:22.429+0000] {processor.py:842} WARNING - No viable dags retrieved from /opt/airflow/dags/spark-bigquery-with-dependencies_2.12-0.29.0.jar
[2024-07-10T00:15:22.446+0000] {processor.py:183} INFO - Processing /opt/airflow/dags/spark-bigquery-with-dependencies_2.12-0.29.0.jar took 0.793 seconds
[2024-07-10T00:15:55.246+0000] {processor.py:161} INFO - Started process (PID=23536) to work on /opt/airflow/dags/spark-bigquery-with-dependencies_2.12-0.29.0.jar
[2024-07-10T00:15:55.248+0000] {processor.py:830} INFO - Processing file /opt/airflow/dags/spark-bigquery-with-dependencies_2.12-0.29.0.jar for tasks to queue
[2024-07-10T00:15:55.250+0000] {logging_mixin.py:188} INFO - [2024-07-10T00:15:55.249+0000] {dagbag.py:545} INFO - Filling up the DagBag from /opt/airflow/dags/spark-bigquery-with-dependencies_2.12-0.29.0.jar
[2024-07-10T00:15:55.632+0000] {processor.py:842} WARNING - No viable dags retrieved from /opt/airflow/dags/spark-bigquery-with-dependencies_2.12-0.29.0.jar
[2024-07-10T00:15:55.657+0000] {processor.py:183} INFO - Processing /opt/airflow/dags/spark-bigquery-with-dependencies_2.12-0.29.0.jar took 0.423 seconds
[2024-07-10T00:16:28.820+0000] {processor.py:161} INFO - Started process (PID=23598) to work on /opt/airflow/dags/spark-bigquery-with-dependencies_2.12-0.29.0.jar
[2024-07-10T00:16:28.822+0000] {processor.py:830} INFO - Processing file /opt/airflow/dags/spark-bigquery-with-dependencies_2.12-0.29.0.jar for tasks to queue
[2024-07-10T00:16:28.824+0000] {logging_mixin.py:188} INFO - [2024-07-10T00:16:28.823+0000] {dagbag.py:545} INFO - Filling up the DagBag from /opt/airflow/dags/spark-bigquery-with-dependencies_2.12-0.29.0.jar
[2024-07-10T00:16:29.238+0000] {processor.py:842} WARNING - No viable dags retrieved from /opt/airflow/dags/spark-bigquery-with-dependencies_2.12-0.29.0.jar
[2024-07-10T00:16:29.260+0000] {processor.py:183} INFO - Processing /opt/airflow/dags/spark-bigquery-with-dependencies_2.12-0.29.0.jar took 0.453 seconds
[2024-07-10T00:17:02.667+0000] {processor.py:161} INFO - Started process (PID=23661) to work on /opt/airflow/dags/spark-bigquery-with-dependencies_2.12-0.29.0.jar
[2024-07-10T00:17:02.670+0000] {processor.py:830} INFO - Processing file /opt/airflow/dags/spark-bigquery-with-dependencies_2.12-0.29.0.jar for tasks to queue
[2024-07-10T00:17:02.671+0000] {logging_mixin.py:188} INFO - [2024-07-10T00:17:02.671+0000] {dagbag.py:545} INFO - Filling up the DagBag from /opt/airflow/dags/spark-bigquery-with-dependencies_2.12-0.29.0.jar
[2024-07-10T00:17:03.464+0000] {processor.py:842} WARNING - No viable dags retrieved from /opt/airflow/dags/spark-bigquery-with-dependencies_2.12-0.29.0.jar
[2024-07-10T00:17:03.484+0000] {processor.py:183} INFO - Processing /opt/airflow/dags/spark-bigquery-with-dependencies_2.12-0.29.0.jar took 0.834 seconds
[2024-07-10T00:17:36.604+0000] {processor.py:161} INFO - Started process (PID=23729) to work on /opt/airflow/dags/spark-bigquery-with-dependencies_2.12-0.29.0.jar
[2024-07-10T00:17:36.606+0000] {processor.py:830} INFO - Processing file /opt/airflow/dags/spark-bigquery-with-dependencies_2.12-0.29.0.jar for tasks to queue
[2024-07-10T00:17:36.608+0000] {logging_mixin.py:188} INFO - [2024-07-10T00:17:36.607+0000] {dagbag.py:545} INFO - Filling up the DagBag from /opt/airflow/dags/spark-bigquery-with-dependencies_2.12-0.29.0.jar
[2024-07-10T00:17:37.008+0000] {processor.py:842} WARNING - No viable dags retrieved from /opt/airflow/dags/spark-bigquery-with-dependencies_2.12-0.29.0.jar
[2024-07-10T00:17:37.030+0000] {processor.py:183} INFO - Processing /opt/airflow/dags/spark-bigquery-with-dependencies_2.12-0.29.0.jar took 0.439 seconds
[2024-07-10T00:18:09.689+0000] {processor.py:161} INFO - Started process (PID=23793) to work on /opt/airflow/dags/spark-bigquery-with-dependencies_2.12-0.29.0.jar
[2024-07-10T00:18:09.692+0000] {processor.py:830} INFO - Processing file /opt/airflow/dags/spark-bigquery-with-dependencies_2.12-0.29.0.jar for tasks to queue
[2024-07-10T00:18:09.693+0000] {logging_mixin.py:188} INFO - [2024-07-10T00:18:09.693+0000] {dagbag.py:545} INFO - Filling up the DagBag from /opt/airflow/dags/spark-bigquery-with-dependencies_2.12-0.29.0.jar
[2024-07-10T00:18:10.439+0000] {processor.py:842} WARNING - No viable dags retrieved from /opt/airflow/dags/spark-bigquery-with-dependencies_2.12-0.29.0.jar
[2024-07-10T00:18:10.456+0000] {processor.py:183} INFO - Processing /opt/airflow/dags/spark-bigquery-with-dependencies_2.12-0.29.0.jar took 0.778 seconds
[2024-07-10T00:18:43.629+0000] {processor.py:161} INFO - Started process (PID=23856) to work on /opt/airflow/dags/spark-bigquery-with-dependencies_2.12-0.29.0.jar
[2024-07-10T00:18:43.632+0000] {processor.py:830} INFO - Processing file /opt/airflow/dags/spark-bigquery-with-dependencies_2.12-0.29.0.jar for tasks to queue
[2024-07-10T00:18:43.634+0000] {logging_mixin.py:188} INFO - [2024-07-10T00:18:43.633+0000] {dagbag.py:545} INFO - Filling up the DagBag from /opt/airflow/dags/spark-bigquery-with-dependencies_2.12-0.29.0.jar
[2024-07-10T00:18:44.088+0000] {processor.py:842} WARNING - No viable dags retrieved from /opt/airflow/dags/spark-bigquery-with-dependencies_2.12-0.29.0.jar
[2024-07-10T00:18:44.119+0000] {processor.py:183} INFO - Processing /opt/airflow/dags/spark-bigquery-with-dependencies_2.12-0.29.0.jar took 0.504 seconds
[2024-07-10T00:19:16.812+0000] {processor.py:161} INFO - Started process (PID=23919) to work on /opt/airflow/dags/spark-bigquery-with-dependencies_2.12-0.29.0.jar
[2024-07-10T00:19:16.814+0000] {processor.py:830} INFO - Processing file /opt/airflow/dags/spark-bigquery-with-dependencies_2.12-0.29.0.jar for tasks to queue
[2024-07-10T00:19:16.816+0000] {logging_mixin.py:188} INFO - [2024-07-10T00:19:16.815+0000] {dagbag.py:545} INFO - Filling up the DagBag from /opt/airflow/dags/spark-bigquery-with-dependencies_2.12-0.29.0.jar
[2024-07-10T00:19:17.203+0000] {processor.py:842} WARNING - No viable dags retrieved from /opt/airflow/dags/spark-bigquery-with-dependencies_2.12-0.29.0.jar
[2024-07-10T00:19:17.226+0000] {processor.py:183} INFO - Processing /opt/airflow/dags/spark-bigquery-with-dependencies_2.12-0.29.0.jar took 0.428 seconds
[2024-07-10T00:19:51.339+0000] {processor.py:161} INFO - Started process (PID=23981) to work on /opt/airflow/dags/spark-bigquery-with-dependencies_2.12-0.29.0.jar
[2024-07-10T00:19:51.341+0000] {processor.py:830} INFO - Processing file /opt/airflow/dags/spark-bigquery-with-dependencies_2.12-0.29.0.jar for tasks to queue
[2024-07-10T00:19:51.343+0000] {logging_mixin.py:188} INFO - [2024-07-10T00:19:51.342+0000] {dagbag.py:545} INFO - Filling up the DagBag from /opt/airflow/dags/spark-bigquery-with-dependencies_2.12-0.29.0.jar
[2024-07-10T00:19:51.722+0000] {processor.py:842} WARNING - No viable dags retrieved from /opt/airflow/dags/spark-bigquery-with-dependencies_2.12-0.29.0.jar
[2024-07-10T00:19:51.744+0000] {processor.py:183} INFO - Processing /opt/airflow/dags/spark-bigquery-with-dependencies_2.12-0.29.0.jar took 0.418 seconds
[2024-07-10T00:20:24.684+0000] {processor.py:161} INFO - Started process (PID=24042) to work on /opt/airflow/dags/spark-bigquery-with-dependencies_2.12-0.29.0.jar
[2024-07-10T00:20:24.687+0000] {processor.py:830} INFO - Processing file /opt/airflow/dags/spark-bigquery-with-dependencies_2.12-0.29.0.jar for tasks to queue
[2024-07-10T00:20:24.688+0000] {logging_mixin.py:188} INFO - [2024-07-10T00:20:24.688+0000] {dagbag.py:545} INFO - Filling up the DagBag from /opt/airflow/dags/spark-bigquery-with-dependencies_2.12-0.29.0.jar
[2024-07-10T00:20:25.107+0000] {processor.py:842} WARNING - No viable dags retrieved from /opt/airflow/dags/spark-bigquery-with-dependencies_2.12-0.29.0.jar
[2024-07-10T00:20:25.130+0000] {processor.py:183} INFO - Processing /opt/airflow/dags/spark-bigquery-with-dependencies_2.12-0.29.0.jar took 0.458 seconds
[2024-07-10T00:20:58.148+0000] {processor.py:161} INFO - Started process (PID=24106) to work on /opt/airflow/dags/spark-bigquery-with-dependencies_2.12-0.29.0.jar
[2024-07-10T00:20:58.151+0000] {processor.py:830} INFO - Processing file /opt/airflow/dags/spark-bigquery-with-dependencies_2.12-0.29.0.jar for tasks to queue
[2024-07-10T00:20:58.152+0000] {logging_mixin.py:188} INFO - [2024-07-10T00:20:58.152+0000] {dagbag.py:545} INFO - Filling up the DagBag from /opt/airflow/dags/spark-bigquery-with-dependencies_2.12-0.29.0.jar
[2024-07-10T00:20:58.554+0000] {processor.py:842} WARNING - No viable dags retrieved from /opt/airflow/dags/spark-bigquery-with-dependencies_2.12-0.29.0.jar
[2024-07-10T00:20:58.576+0000] {processor.py:183} INFO - Processing /opt/airflow/dags/spark-bigquery-with-dependencies_2.12-0.29.0.jar took 0.440 seconds
[2024-07-10T00:21:31.562+0000] {processor.py:161} INFO - Started process (PID=24169) to work on /opt/airflow/dags/spark-bigquery-with-dependencies_2.12-0.29.0.jar
[2024-07-10T00:21:31.565+0000] {processor.py:830} INFO - Processing file /opt/airflow/dags/spark-bigquery-with-dependencies_2.12-0.29.0.jar for tasks to queue
[2024-07-10T00:21:31.567+0000] {logging_mixin.py:188} INFO - [2024-07-10T00:21:31.566+0000] {dagbag.py:545} INFO - Filling up the DagBag from /opt/airflow/dags/spark-bigquery-with-dependencies_2.12-0.29.0.jar
[2024-07-10T00:21:31.952+0000] {processor.py:842} WARNING - No viable dags retrieved from /opt/airflow/dags/spark-bigquery-with-dependencies_2.12-0.29.0.jar
[2024-07-10T00:21:31.974+0000] {processor.py:183} INFO - Processing /opt/airflow/dags/spark-bigquery-with-dependencies_2.12-0.29.0.jar took 0.424 seconds
[2024-07-10T00:22:04.857+0000] {processor.py:161} INFO - Started process (PID=24231) to work on /opt/airflow/dags/spark-bigquery-with-dependencies_2.12-0.29.0.jar
[2024-07-10T00:22:04.860+0000] {processor.py:830} INFO - Processing file /opt/airflow/dags/spark-bigquery-with-dependencies_2.12-0.29.0.jar for tasks to queue
[2024-07-10T00:22:04.861+0000] {logging_mixin.py:188} INFO - [2024-07-10T00:22:04.860+0000] {dagbag.py:545} INFO - Filling up the DagBag from /opt/airflow/dags/spark-bigquery-with-dependencies_2.12-0.29.0.jar
[2024-07-10T00:22:05.627+0000] {processor.py:842} WARNING - No viable dags retrieved from /opt/airflow/dags/spark-bigquery-with-dependencies_2.12-0.29.0.jar
[2024-07-10T00:22:05.644+0000] {processor.py:183} INFO - Processing /opt/airflow/dags/spark-bigquery-with-dependencies_2.12-0.29.0.jar took 0.799 seconds
[2024-07-10T00:22:38.368+0000] {processor.py:161} INFO - Started process (PID=24299) to work on /opt/airflow/dags/spark-bigquery-with-dependencies_2.12-0.29.0.jar
[2024-07-10T00:22:38.370+0000] {processor.py:830} INFO - Processing file /opt/airflow/dags/spark-bigquery-with-dependencies_2.12-0.29.0.jar for tasks to queue
[2024-07-10T00:22:38.372+0000] {logging_mixin.py:188} INFO - [2024-07-10T00:22:38.371+0000] {dagbag.py:545} INFO - Filling up the DagBag from /opt/airflow/dags/spark-bigquery-with-dependencies_2.12-0.29.0.jar
[2024-07-10T00:22:38.761+0000] {processor.py:842} WARNING - No viable dags retrieved from /opt/airflow/dags/spark-bigquery-with-dependencies_2.12-0.29.0.jar
[2024-07-10T00:22:38.786+0000] {processor.py:183} INFO - Processing /opt/airflow/dags/spark-bigquery-with-dependencies_2.12-0.29.0.jar took 0.429 seconds
[2024-07-10T00:23:11.536+0000] {processor.py:161} INFO - Started process (PID=24361) to work on /opt/airflow/dags/spark-bigquery-with-dependencies_2.12-0.29.0.jar
[2024-07-10T00:23:11.538+0000] {processor.py:830} INFO - Processing file /opt/airflow/dags/spark-bigquery-with-dependencies_2.12-0.29.0.jar for tasks to queue
[2024-07-10T00:23:11.540+0000] {logging_mixin.py:188} INFO - [2024-07-10T00:23:11.540+0000] {dagbag.py:545} INFO - Filling up the DagBag from /opt/airflow/dags/spark-bigquery-with-dependencies_2.12-0.29.0.jar
[2024-07-10T00:23:11.965+0000] {processor.py:842} WARNING - No viable dags retrieved from /opt/airflow/dags/spark-bigquery-with-dependencies_2.12-0.29.0.jar
[2024-07-10T00:23:11.991+0000] {processor.py:183} INFO - Processing /opt/airflow/dags/spark-bigquery-with-dependencies_2.12-0.29.0.jar took 0.469 seconds
[2024-07-10T00:23:45.546+0000] {processor.py:161} INFO - Started process (PID=24425) to work on /opt/airflow/dags/spark-bigquery-with-dependencies_2.12-0.29.0.jar
[2024-07-10T00:23:45.549+0000] {processor.py:830} INFO - Processing file /opt/airflow/dags/spark-bigquery-with-dependencies_2.12-0.29.0.jar for tasks to queue
[2024-07-10T00:23:45.550+0000] {logging_mixin.py:188} INFO - [2024-07-10T00:23:45.550+0000] {dagbag.py:545} INFO - Filling up the DagBag from /opt/airflow/dags/spark-bigquery-with-dependencies_2.12-0.29.0.jar
[2024-07-10T00:23:45.935+0000] {processor.py:842} WARNING - No viable dags retrieved from /opt/airflow/dags/spark-bigquery-with-dependencies_2.12-0.29.0.jar
[2024-07-10T00:23:45.958+0000] {processor.py:183} INFO - Processing /opt/airflow/dags/spark-bigquery-with-dependencies_2.12-0.29.0.jar took 0.423 seconds
[2024-07-10T00:24:18.805+0000] {processor.py:161} INFO - Started process (PID=24487) to work on /opt/airflow/dags/spark-bigquery-with-dependencies_2.12-0.29.0.jar
[2024-07-10T00:24:18.807+0000] {processor.py:830} INFO - Processing file /opt/airflow/dags/spark-bigquery-with-dependencies_2.12-0.29.0.jar for tasks to queue
[2024-07-10T00:24:18.809+0000] {logging_mixin.py:188} INFO - [2024-07-10T00:24:18.809+0000] {dagbag.py:545} INFO - Filling up the DagBag from /opt/airflow/dags/spark-bigquery-with-dependencies_2.12-0.29.0.jar
[2024-07-10T00:24:19.220+0000] {processor.py:842} WARNING - No viable dags retrieved from /opt/airflow/dags/spark-bigquery-with-dependencies_2.12-0.29.0.jar
[2024-07-10T00:24:19.242+0000] {processor.py:183} INFO - Processing /opt/airflow/dags/spark-bigquery-with-dependencies_2.12-0.29.0.jar took 0.454 seconds
[2024-07-10T00:24:53.151+0000] {processor.py:161} INFO - Started process (PID=24547) to work on /opt/airflow/dags/spark-bigquery-with-dependencies_2.12-0.29.0.jar
[2024-07-10T00:24:53.153+0000] {processor.py:830} INFO - Processing file /opt/airflow/dags/spark-bigquery-with-dependencies_2.12-0.29.0.jar for tasks to queue
[2024-07-10T00:24:53.155+0000] {logging_mixin.py:188} INFO - [2024-07-10T00:24:53.154+0000] {dagbag.py:545} INFO - Filling up the DagBag from /opt/airflow/dags/spark-bigquery-with-dependencies_2.12-0.29.0.jar
[2024-07-10T00:24:53.583+0000] {processor.py:842} WARNING - No viable dags retrieved from /opt/airflow/dags/spark-bigquery-with-dependencies_2.12-0.29.0.jar
[2024-07-10T00:24:53.609+0000] {processor.py:183} INFO - Processing /opt/airflow/dags/spark-bigquery-with-dependencies_2.12-0.29.0.jar took 0.471 seconds
[2024-07-10T00:25:26.428+0000] {processor.py:161} INFO - Started process (PID=24611) to work on /opt/airflow/dags/spark-bigquery-with-dependencies_2.12-0.29.0.jar
[2024-07-10T00:25:26.431+0000] {processor.py:830} INFO - Processing file /opt/airflow/dags/spark-bigquery-with-dependencies_2.12-0.29.0.jar for tasks to queue
[2024-07-10T00:25:26.432+0000] {logging_mixin.py:188} INFO - [2024-07-10T00:25:26.432+0000] {dagbag.py:545} INFO - Filling up the DagBag from /opt/airflow/dags/spark-bigquery-with-dependencies_2.12-0.29.0.jar
[2024-07-10T00:25:26.876+0000] {processor.py:842} WARNING - No viable dags retrieved from /opt/airflow/dags/spark-bigquery-with-dependencies_2.12-0.29.0.jar
[2024-07-10T00:25:26.903+0000] {processor.py:183} INFO - Processing /opt/airflow/dags/spark-bigquery-with-dependencies_2.12-0.29.0.jar took 0.487 seconds
[2024-07-10T00:25:59.610+0000] {processor.py:161} INFO - Started process (PID=24672) to work on /opt/airflow/dags/spark-bigquery-with-dependencies_2.12-0.29.0.jar
[2024-07-10T00:25:59.612+0000] {processor.py:830} INFO - Processing file /opt/airflow/dags/spark-bigquery-with-dependencies_2.12-0.29.0.jar for tasks to queue
[2024-07-10T00:25:59.614+0000] {logging_mixin.py:188} INFO - [2024-07-10T00:25:59.613+0000] {dagbag.py:545} INFO - Filling up the DagBag from /opt/airflow/dags/spark-bigquery-with-dependencies_2.12-0.29.0.jar
[2024-07-10T00:26:00.354+0000] {processor.py:842} WARNING - No viable dags retrieved from /opt/airflow/dags/spark-bigquery-with-dependencies_2.12-0.29.0.jar
[2024-07-10T00:26:00.373+0000] {processor.py:183} INFO - Processing /opt/airflow/dags/spark-bigquery-with-dependencies_2.12-0.29.0.jar took 0.778 seconds
[2024-07-10T00:26:33.084+0000] {processor.py:161} INFO - Started process (PID=24737) to work on /opt/airflow/dags/spark-bigquery-with-dependencies_2.12-0.29.0.jar
[2024-07-10T00:26:33.087+0000] {processor.py:830} INFO - Processing file /opt/airflow/dags/spark-bigquery-with-dependencies_2.12-0.29.0.jar for tasks to queue
[2024-07-10T00:26:33.089+0000] {logging_mixin.py:188} INFO - [2024-07-10T00:26:33.088+0000] {dagbag.py:545} INFO - Filling up the DagBag from /opt/airflow/dags/spark-bigquery-with-dependencies_2.12-0.29.0.jar
[2024-07-10T00:26:33.500+0000] {processor.py:842} WARNING - No viable dags retrieved from /opt/airflow/dags/spark-bigquery-with-dependencies_2.12-0.29.0.jar
[2024-07-10T00:26:33.524+0000] {processor.py:183} INFO - Processing /opt/airflow/dags/spark-bigquery-with-dependencies_2.12-0.29.0.jar took 0.452 seconds
[2024-07-10T00:27:06.744+0000] {processor.py:161} INFO - Started process (PID=24799) to work on /opt/airflow/dags/spark-bigquery-with-dependencies_2.12-0.29.0.jar
[2024-07-10T00:27:06.746+0000] {processor.py:830} INFO - Processing file /opt/airflow/dags/spark-bigquery-with-dependencies_2.12-0.29.0.jar for tasks to queue
[2024-07-10T00:27:06.748+0000] {logging_mixin.py:188} INFO - [2024-07-10T00:27:06.747+0000] {dagbag.py:545} INFO - Filling up the DagBag from /opt/airflow/dags/spark-bigquery-with-dependencies_2.12-0.29.0.jar
[2024-07-10T00:27:07.150+0000] {processor.py:842} WARNING - No viable dags retrieved from /opt/airflow/dags/spark-bigquery-with-dependencies_2.12-0.29.0.jar
[2024-07-10T00:27:07.177+0000] {processor.py:183} INFO - Processing /opt/airflow/dags/spark-bigquery-with-dependencies_2.12-0.29.0.jar took 0.445 seconds
[2024-07-10T00:27:40.393+0000] {processor.py:161} INFO - Started process (PID=24866) to work on /opt/airflow/dags/spark-bigquery-with-dependencies_2.12-0.29.0.jar
[2024-07-10T00:27:40.395+0000] {processor.py:830} INFO - Processing file /opt/airflow/dags/spark-bigquery-with-dependencies_2.12-0.29.0.jar for tasks to queue
[2024-07-10T00:27:40.396+0000] {logging_mixin.py:188} INFO - [2024-07-10T00:27:40.396+0000] {dagbag.py:545} INFO - Filling up the DagBag from /opt/airflow/dags/spark-bigquery-with-dependencies_2.12-0.29.0.jar
[2024-07-10T00:27:40.920+0000] {processor.py:842} WARNING - No viable dags retrieved from /opt/airflow/dags/spark-bigquery-with-dependencies_2.12-0.29.0.jar
[2024-07-10T00:27:40.947+0000] {processor.py:183} INFO - Processing /opt/airflow/dags/spark-bigquery-with-dependencies_2.12-0.29.0.jar took 0.566 seconds
[2024-07-10T00:28:13.883+0000] {processor.py:161} INFO - Started process (PID=24929) to work on /opt/airflow/dags/spark-bigquery-with-dependencies_2.12-0.29.0.jar
[2024-07-10T00:28:13.885+0000] {processor.py:830} INFO - Processing file /opt/airflow/dags/spark-bigquery-with-dependencies_2.12-0.29.0.jar for tasks to queue
[2024-07-10T00:28:13.887+0000] {logging_mixin.py:188} INFO - [2024-07-10T00:28:13.887+0000] {dagbag.py:545} INFO - Filling up the DagBag from /opt/airflow/dags/spark-bigquery-with-dependencies_2.12-0.29.0.jar
[2024-07-10T00:28:14.360+0000] {processor.py:842} WARNING - No viable dags retrieved from /opt/airflow/dags/spark-bigquery-with-dependencies_2.12-0.29.0.jar
[2024-07-10T00:28:14.381+0000] {processor.py:183} INFO - Processing /opt/airflow/dags/spark-bigquery-with-dependencies_2.12-0.29.0.jar took 0.516 seconds
[2024-07-10T00:28:47.221+0000] {processor.py:161} INFO - Started process (PID=24990) to work on /opt/airflow/dags/spark-bigquery-with-dependencies_2.12-0.29.0.jar
[2024-07-10T00:28:47.224+0000] {processor.py:830} INFO - Processing file /opt/airflow/dags/spark-bigquery-with-dependencies_2.12-0.29.0.jar for tasks to queue
[2024-07-10T00:28:47.226+0000] {logging_mixin.py:188} INFO - [2024-07-10T00:28:47.225+0000] {dagbag.py:545} INFO - Filling up the DagBag from /opt/airflow/dags/spark-bigquery-with-dependencies_2.12-0.29.0.jar
[2024-07-10T00:28:48.146+0000] {processor.py:842} WARNING - No viable dags retrieved from /opt/airflow/dags/spark-bigquery-with-dependencies_2.12-0.29.0.jar
[2024-07-10T00:28:48.168+0000] {processor.py:183} INFO - Processing /opt/airflow/dags/spark-bigquery-with-dependencies_2.12-0.29.0.jar took 0.966 seconds
[2024-07-10T00:29:20.960+0000] {processor.py:161} INFO - Started process (PID=25058) to work on /opt/airflow/dags/spark-bigquery-with-dependencies_2.12-0.29.0.jar
[2024-07-10T00:29:20.963+0000] {processor.py:830} INFO - Processing file /opt/airflow/dags/spark-bigquery-with-dependencies_2.12-0.29.0.jar for tasks to queue
[2024-07-10T00:29:20.965+0000] {logging_mixin.py:188} INFO - [2024-07-10T00:29:20.964+0000] {dagbag.py:545} INFO - Filling up the DagBag from /opt/airflow/dags/spark-bigquery-with-dependencies_2.12-0.29.0.jar
[2024-07-10T00:29:21.443+0000] {processor.py:842} WARNING - No viable dags retrieved from /opt/airflow/dags/spark-bigquery-with-dependencies_2.12-0.29.0.jar
[2024-07-10T00:29:21.466+0000] {processor.py:183} INFO - Processing /opt/airflow/dags/spark-bigquery-with-dependencies_2.12-0.29.0.jar took 0.523 seconds
[2024-07-10T00:29:54.387+0000] {processor.py:161} INFO - Started process (PID=25119) to work on /opt/airflow/dags/spark-bigquery-with-dependencies_2.12-0.29.0.jar
[2024-07-10T00:29:54.390+0000] {processor.py:830} INFO - Processing file /opt/airflow/dags/spark-bigquery-with-dependencies_2.12-0.29.0.jar for tasks to queue
[2024-07-10T00:29:54.392+0000] {logging_mixin.py:188} INFO - [2024-07-10T00:29:54.391+0000] {dagbag.py:545} INFO - Filling up the DagBag from /opt/airflow/dags/spark-bigquery-with-dependencies_2.12-0.29.0.jar
[2024-07-10T00:29:54.774+0000] {processor.py:842} WARNING - No viable dags retrieved from /opt/airflow/dags/spark-bigquery-with-dependencies_2.12-0.29.0.jar
[2024-07-10T00:29:54.799+0000] {processor.py:183} INFO - Processing /opt/airflow/dags/spark-bigquery-with-dependencies_2.12-0.29.0.jar took 0.425 seconds
[2024-07-10T00:30:27.520+0000] {processor.py:161} INFO - Started process (PID=25181) to work on /opt/airflow/dags/spark-bigquery-with-dependencies_2.12-0.29.0.jar
[2024-07-10T00:30:27.522+0000] {processor.py:830} INFO - Processing file /opt/airflow/dags/spark-bigquery-with-dependencies_2.12-0.29.0.jar for tasks to queue
[2024-07-10T00:30:27.523+0000] {logging_mixin.py:188} INFO - [2024-07-10T00:30:27.523+0000] {dagbag.py:545} INFO - Filling up the DagBag from /opt/airflow/dags/spark-bigquery-with-dependencies_2.12-0.29.0.jar
[2024-07-10T00:30:27.933+0000] {processor.py:842} WARNING - No viable dags retrieved from /opt/airflow/dags/spark-bigquery-with-dependencies_2.12-0.29.0.jar
[2024-07-10T00:30:27.957+0000] {processor.py:183} INFO - Processing /opt/airflow/dags/spark-bigquery-with-dependencies_2.12-0.29.0.jar took 0.449 seconds
[2024-07-10T00:31:00.902+0000] {processor.py:161} INFO - Started process (PID=25245) to work on /opt/airflow/dags/spark-bigquery-with-dependencies_2.12-0.29.0.jar
[2024-07-10T00:31:00.912+0000] {processor.py:830} INFO - Processing file /opt/airflow/dags/spark-bigquery-with-dependencies_2.12-0.29.0.jar for tasks to queue
[2024-07-10T00:31:00.916+0000] {logging_mixin.py:188} INFO - [2024-07-10T00:31:00.915+0000] {dagbag.py:545} INFO - Filling up the DagBag from /opt/airflow/dags/spark-bigquery-with-dependencies_2.12-0.29.0.jar
[2024-07-10T00:31:01.407+0000] {processor.py:842} WARNING - No viable dags retrieved from /opt/airflow/dags/spark-bigquery-with-dependencies_2.12-0.29.0.jar
[2024-07-10T00:31:01.436+0000] {processor.py:183} INFO - Processing /opt/airflow/dags/spark-bigquery-with-dependencies_2.12-0.29.0.jar took 0.552 seconds
[2024-07-10T00:31:34.617+0000] {processor.py:161} INFO - Started process (PID=25307) to work on /opt/airflow/dags/spark-bigquery-with-dependencies_2.12-0.29.0.jar
[2024-07-10T00:31:34.619+0000] {processor.py:830} INFO - Processing file /opt/airflow/dags/spark-bigquery-with-dependencies_2.12-0.29.0.jar for tasks to queue
[2024-07-10T00:31:34.620+0000] {logging_mixin.py:188} INFO - [2024-07-10T00:31:34.620+0000] {dagbag.py:545} INFO - Filling up the DagBag from /opt/airflow/dags/spark-bigquery-with-dependencies_2.12-0.29.0.jar
[2024-07-10T00:31:35.031+0000] {processor.py:842} WARNING - No viable dags retrieved from /opt/airflow/dags/spark-bigquery-with-dependencies_2.12-0.29.0.jar
[2024-07-10T00:31:35.058+0000] {processor.py:183} INFO - Processing /opt/airflow/dags/spark-bigquery-with-dependencies_2.12-0.29.0.jar took 0.453 seconds
[2024-07-10T00:32:07.835+0000] {processor.py:161} INFO - Started process (PID=25371) to work on /opt/airflow/dags/spark-bigquery-with-dependencies_2.12-0.29.0.jar
[2024-07-10T00:32:07.838+0000] {processor.py:830} INFO - Processing file /opt/airflow/dags/spark-bigquery-with-dependencies_2.12-0.29.0.jar for tasks to queue
[2024-07-10T00:32:07.839+0000] {logging_mixin.py:188} INFO - [2024-07-10T00:32:07.839+0000] {dagbag.py:545} INFO - Filling up the DagBag from /opt/airflow/dags/spark-bigquery-with-dependencies_2.12-0.29.0.jar
[2024-07-10T00:32:08.250+0000] {processor.py:842} WARNING - No viable dags retrieved from /opt/airflow/dags/spark-bigquery-with-dependencies_2.12-0.29.0.jar
[2024-07-10T00:32:08.273+0000] {processor.py:183} INFO - Processing /opt/airflow/dags/spark-bigquery-with-dependencies_2.12-0.29.0.jar took 0.451 seconds
[2024-07-10T00:32:41.033+0000] {processor.py:161} INFO - Started process (PID=25441) to work on /opt/airflow/dags/spark-bigquery-with-dependencies_2.12-0.29.0.jar
[2024-07-10T00:32:41.034+0000] {processor.py:830} INFO - Processing file /opt/airflow/dags/spark-bigquery-with-dependencies_2.12-0.29.0.jar for tasks to queue
[2024-07-10T00:32:41.036+0000] {logging_mixin.py:188} INFO - [2024-07-10T00:32:41.035+0000] {dagbag.py:545} INFO - Filling up the DagBag from /opt/airflow/dags/spark-bigquery-with-dependencies_2.12-0.29.0.jar
[2024-07-10T00:32:41.762+0000] {processor.py:842} WARNING - No viable dags retrieved from /opt/airflow/dags/spark-bigquery-with-dependencies_2.12-0.29.0.jar
[2024-07-10T00:32:41.778+0000] {processor.py:183} INFO - Processing /opt/airflow/dags/spark-bigquery-with-dependencies_2.12-0.29.0.jar took 0.758 seconds
[2024-07-10T00:33:14.476+0000] {processor.py:161} INFO - Started process (PID=25506) to work on /opt/airflow/dags/spark-bigquery-with-dependencies_2.12-0.29.0.jar
[2024-07-10T00:33:14.479+0000] {processor.py:830} INFO - Processing file /opt/airflow/dags/spark-bigquery-with-dependencies_2.12-0.29.0.jar for tasks to queue
[2024-07-10T00:33:14.480+0000] {logging_mixin.py:188} INFO - [2024-07-10T00:33:14.480+0000] {dagbag.py:545} INFO - Filling up the DagBag from /opt/airflow/dags/spark-bigquery-with-dependencies_2.12-0.29.0.jar
[2024-07-10T00:33:14.912+0000] {processor.py:842} WARNING - No viable dags retrieved from /opt/airflow/dags/spark-bigquery-with-dependencies_2.12-0.29.0.jar
[2024-07-10T00:33:14.937+0000] {processor.py:183} INFO - Processing /opt/airflow/dags/spark-bigquery-with-dependencies_2.12-0.29.0.jar took 0.474 seconds
[2024-07-10T00:33:47.677+0000] {processor.py:161} INFO - Started process (PID=25569) to work on /opt/airflow/dags/spark-bigquery-with-dependencies_2.12-0.29.0.jar
[2024-07-10T00:33:47.679+0000] {processor.py:830} INFO - Processing file /opt/airflow/dags/spark-bigquery-with-dependencies_2.12-0.29.0.jar for tasks to queue
[2024-07-10T00:33:47.681+0000] {logging_mixin.py:188} INFO - [2024-07-10T00:33:47.680+0000] {dagbag.py:545} INFO - Filling up the DagBag from /opt/airflow/dags/spark-bigquery-with-dependencies_2.12-0.29.0.jar
[2024-07-10T00:33:48.087+0000] {processor.py:842} WARNING - No viable dags retrieved from /opt/airflow/dags/spark-bigquery-with-dependencies_2.12-0.29.0.jar
[2024-07-10T00:33:48.111+0000] {processor.py:183} INFO - Processing /opt/airflow/dags/spark-bigquery-with-dependencies_2.12-0.29.0.jar took 0.446 seconds
[2024-07-10T00:34:21.190+0000] {processor.py:161} INFO - Started process (PID=25631) to work on /opt/airflow/dags/spark-bigquery-with-dependencies_2.12-0.29.0.jar
[2024-07-10T00:34:21.192+0000] {processor.py:830} INFO - Processing file /opt/airflow/dags/spark-bigquery-with-dependencies_2.12-0.29.0.jar for tasks to queue
[2024-07-10T00:34:21.194+0000] {logging_mixin.py:188} INFO - [2024-07-10T00:34:21.193+0000] {dagbag.py:545} INFO - Filling up the DagBag from /opt/airflow/dags/spark-bigquery-with-dependencies_2.12-0.29.0.jar
[2024-07-10T00:34:21.581+0000] {processor.py:842} WARNING - No viable dags retrieved from /opt/airflow/dags/spark-bigquery-with-dependencies_2.12-0.29.0.jar
[2024-07-10T00:34:21.606+0000] {processor.py:183} INFO - Processing /opt/airflow/dags/spark-bigquery-with-dependencies_2.12-0.29.0.jar took 0.427 seconds
[2024-07-10T00:34:54.754+0000] {processor.py:161} INFO - Started process (PID=25692) to work on /opt/airflow/dags/spark-bigquery-with-dependencies_2.12-0.29.0.jar
[2024-07-10T00:34:54.758+0000] {processor.py:830} INFO - Processing file /opt/airflow/dags/spark-bigquery-with-dependencies_2.12-0.29.0.jar for tasks to queue
[2024-07-10T00:34:54.760+0000] {logging_mixin.py:188} INFO - [2024-07-10T00:34:54.759+0000] {dagbag.py:545} INFO - Filling up the DagBag from /opt/airflow/dags/spark-bigquery-with-dependencies_2.12-0.29.0.jar
[2024-07-10T00:34:55.454+0000] {processor.py:842} WARNING - No viable dags retrieved from /opt/airflow/dags/spark-bigquery-with-dependencies_2.12-0.29.0.jar
[2024-07-10T00:34:55.472+0000] {processor.py:183} INFO - Processing /opt/airflow/dags/spark-bigquery-with-dependencies_2.12-0.29.0.jar took 0.731 seconds
[2024-07-10T00:35:28.810+0000] {processor.py:161} INFO - Started process (PID=25756) to work on /opt/airflow/dags/spark-bigquery-with-dependencies_2.12-0.29.0.jar
[2024-07-10T00:35:28.813+0000] {processor.py:830} INFO - Processing file /opt/airflow/dags/spark-bigquery-with-dependencies_2.12-0.29.0.jar for tasks to queue
[2024-07-10T00:35:28.814+0000] {logging_mixin.py:188} INFO - [2024-07-10T00:35:28.814+0000] {dagbag.py:545} INFO - Filling up the DagBag from /opt/airflow/dags/spark-bigquery-with-dependencies_2.12-0.29.0.jar
[2024-07-10T00:35:29.215+0000] {processor.py:842} WARNING - No viable dags retrieved from /opt/airflow/dags/spark-bigquery-with-dependencies_2.12-0.29.0.jar
[2024-07-10T00:35:29.241+0000] {processor.py:183} INFO - Processing /opt/airflow/dags/spark-bigquery-with-dependencies_2.12-0.29.0.jar took 0.448 seconds
[2024-07-10T00:36:01.999+0000] {processor.py:161} INFO - Started process (PID=25818) to work on /opt/airflow/dags/spark-bigquery-with-dependencies_2.12-0.29.0.jar
[2024-07-10T00:36:02.001+0000] {processor.py:830} INFO - Processing file /opt/airflow/dags/spark-bigquery-with-dependencies_2.12-0.29.0.jar for tasks to queue
[2024-07-10T00:36:02.002+0000] {logging_mixin.py:188} INFO - [2024-07-10T00:36:02.002+0000] {dagbag.py:545} INFO - Filling up the DagBag from /opt/airflow/dags/spark-bigquery-with-dependencies_2.12-0.29.0.jar
[2024-07-10T00:36:02.396+0000] {processor.py:842} WARNING - No viable dags retrieved from /opt/airflow/dags/spark-bigquery-with-dependencies_2.12-0.29.0.jar
[2024-07-10T00:36:02.421+0000] {processor.py:183} INFO - Processing /opt/airflow/dags/spark-bigquery-with-dependencies_2.12-0.29.0.jar took 0.435 seconds
[2024-07-10T00:36:35.550+0000] {processor.py:161} INFO - Started process (PID=25880) to work on /opt/airflow/dags/spark-bigquery-with-dependencies_2.12-0.29.0.jar
[2024-07-10T00:36:35.552+0000] {processor.py:830} INFO - Processing file /opt/airflow/dags/spark-bigquery-with-dependencies_2.12-0.29.0.jar for tasks to queue
[2024-07-10T00:36:35.554+0000] {logging_mixin.py:188} INFO - [2024-07-10T00:36:35.553+0000] {dagbag.py:545} INFO - Filling up the DagBag from /opt/airflow/dags/spark-bigquery-with-dependencies_2.12-0.29.0.jar
[2024-07-10T00:36:36.338+0000] {processor.py:842} WARNING - No viable dags retrieved from /opt/airflow/dags/spark-bigquery-with-dependencies_2.12-0.29.0.jar
[2024-07-10T00:36:36.356+0000] {processor.py:183} INFO - Processing /opt/airflow/dags/spark-bigquery-with-dependencies_2.12-0.29.0.jar took 0.819 seconds
[2024-07-10T00:37:09.950+0000] {processor.py:161} INFO - Started process (PID=25950) to work on /opt/airflow/dags/spark-bigquery-with-dependencies_2.12-0.29.0.jar
[2024-07-10T00:37:09.952+0000] {processor.py:830} INFO - Processing file /opt/airflow/dags/spark-bigquery-with-dependencies_2.12-0.29.0.jar for tasks to queue
[2024-07-10T00:37:09.953+0000] {logging_mixin.py:188} INFO - [2024-07-10T00:37:09.953+0000] {dagbag.py:545} INFO - Filling up the DagBag from /opt/airflow/dags/spark-bigquery-with-dependencies_2.12-0.29.0.jar
[2024-07-10T00:37:10.423+0000] {processor.py:842} WARNING - No viable dags retrieved from /opt/airflow/dags/spark-bigquery-with-dependencies_2.12-0.29.0.jar
[2024-07-10T00:37:10.448+0000] {processor.py:183} INFO - Processing /opt/airflow/dags/spark-bigquery-with-dependencies_2.12-0.29.0.jar took 0.511 seconds
[2024-07-10T00:37:43.358+0000] {processor.py:161} INFO - Started process (PID=26011) to work on /opt/airflow/dags/spark-bigquery-with-dependencies_2.12-0.29.0.jar
[2024-07-10T00:37:43.362+0000] {processor.py:830} INFO - Processing file /opt/airflow/dags/spark-bigquery-with-dependencies_2.12-0.29.0.jar for tasks to queue
[2024-07-10T00:37:43.364+0000] {logging_mixin.py:188} INFO - [2024-07-10T00:37:43.363+0000] {dagbag.py:545} INFO - Filling up the DagBag from /opt/airflow/dags/spark-bigquery-with-dependencies_2.12-0.29.0.jar
[2024-07-10T00:37:43.810+0000] {processor.py:842} WARNING - No viable dags retrieved from /opt/airflow/dags/spark-bigquery-with-dependencies_2.12-0.29.0.jar
[2024-07-10T00:37:43.838+0000] {processor.py:183} INFO - Processing /opt/airflow/dags/spark-bigquery-with-dependencies_2.12-0.29.0.jar took 0.495 seconds
[2024-07-10T00:38:16.981+0000] {processor.py:161} INFO - Started process (PID=26074) to work on /opt/airflow/dags/spark-bigquery-with-dependencies_2.12-0.29.0.jar
[2024-07-10T00:38:16.983+0000] {processor.py:830} INFO - Processing file /opt/airflow/dags/spark-bigquery-with-dependencies_2.12-0.29.0.jar for tasks to queue
[2024-07-10T00:38:16.985+0000] {logging_mixin.py:188} INFO - [2024-07-10T00:38:16.984+0000] {dagbag.py:545} INFO - Filling up the DagBag from /opt/airflow/dags/spark-bigquery-with-dependencies_2.12-0.29.0.jar
[2024-07-10T00:38:17.392+0000] {processor.py:842} WARNING - No viable dags retrieved from /opt/airflow/dags/spark-bigquery-with-dependencies_2.12-0.29.0.jar
[2024-07-10T00:38:17.417+0000] {processor.py:183} INFO - Processing /opt/airflow/dags/spark-bigquery-with-dependencies_2.12-0.29.0.jar took 0.449 seconds
[2024-07-10T00:38:50.827+0000] {processor.py:161} INFO - Started process (PID=26136) to work on /opt/airflow/dags/spark-bigquery-with-dependencies_2.12-0.29.0.jar
[2024-07-10T00:38:50.830+0000] {processor.py:830} INFO - Processing file /opt/airflow/dags/spark-bigquery-with-dependencies_2.12-0.29.0.jar for tasks to queue
[2024-07-10T00:38:50.831+0000] {logging_mixin.py:188} INFO - [2024-07-10T00:38:50.830+0000] {dagbag.py:545} INFO - Filling up the DagBag from /opt/airflow/dags/spark-bigquery-with-dependencies_2.12-0.29.0.jar
[2024-07-10T00:38:51.248+0000] {processor.py:842} WARNING - No viable dags retrieved from /opt/airflow/dags/spark-bigquery-with-dependencies_2.12-0.29.0.jar
[2024-07-10T00:38:51.270+0000] {processor.py:183} INFO - Processing /opt/airflow/dags/spark-bigquery-with-dependencies_2.12-0.29.0.jar took 0.456 seconds
[2024-07-10T00:39:24.470+0000] {processor.py:161} INFO - Started process (PID=26198) to work on /opt/airflow/dags/spark-bigquery-with-dependencies_2.12-0.29.0.jar
[2024-07-10T00:39:24.472+0000] {processor.py:830} INFO - Processing file /opt/airflow/dags/spark-bigquery-with-dependencies_2.12-0.29.0.jar for tasks to queue
[2024-07-10T00:39:24.474+0000] {logging_mixin.py:188} INFO - [2024-07-10T00:39:24.474+0000] {dagbag.py:545} INFO - Filling up the DagBag from /opt/airflow/dags/spark-bigquery-with-dependencies_2.12-0.29.0.jar
[2024-07-10T00:39:25.281+0000] {processor.py:842} WARNING - No viable dags retrieved from /opt/airflow/dags/spark-bigquery-with-dependencies_2.12-0.29.0.jar
[2024-07-10T00:39:25.307+0000] {processor.py:183} INFO - Processing /opt/airflow/dags/spark-bigquery-with-dependencies_2.12-0.29.0.jar took 0.850 seconds
[2024-07-10T00:39:58.264+0000] {processor.py:161} INFO - Started process (PID=26264) to work on /opt/airflow/dags/spark-bigquery-with-dependencies_2.12-0.29.0.jar
[2024-07-10T00:39:58.267+0000] {processor.py:830} INFO - Processing file /opt/airflow/dags/spark-bigquery-with-dependencies_2.12-0.29.0.jar for tasks to queue
[2024-07-10T00:39:58.269+0000] {logging_mixin.py:188} INFO - [2024-07-10T00:39:58.268+0000] {dagbag.py:545} INFO - Filling up the DagBag from /opt/airflow/dags/spark-bigquery-with-dependencies_2.12-0.29.0.jar
[2024-07-10T00:39:58.702+0000] {processor.py:842} WARNING - No viable dags retrieved from /opt/airflow/dags/spark-bigquery-with-dependencies_2.12-0.29.0.jar
[2024-07-10T00:39:58.728+0000] {processor.py:183} INFO - Processing /opt/airflow/dags/spark-bigquery-with-dependencies_2.12-0.29.0.jar took 0.475 seconds
[2024-07-10T00:40:31.864+0000] {processor.py:161} INFO - Started process (PID=26329) to work on /opt/airflow/dags/spark-bigquery-with-dependencies_2.12-0.29.0.jar
[2024-07-10T00:40:31.866+0000] {processor.py:830} INFO - Processing file /opt/airflow/dags/spark-bigquery-with-dependencies_2.12-0.29.0.jar for tasks to queue
[2024-07-10T00:40:31.868+0000] {logging_mixin.py:188} INFO - [2024-07-10T00:40:31.867+0000] {dagbag.py:545} INFO - Filling up the DagBag from /opt/airflow/dags/spark-bigquery-with-dependencies_2.12-0.29.0.jar
[2024-07-10T00:40:32.655+0000] {processor.py:842} WARNING - No viable dags retrieved from /opt/airflow/dags/spark-bigquery-with-dependencies_2.12-0.29.0.jar
[2024-07-10T00:40:32.674+0000] {processor.py:183} INFO - Processing /opt/airflow/dags/spark-bigquery-with-dependencies_2.12-0.29.0.jar took 0.822 seconds
[2024-07-10T00:41:05.879+0000] {processor.py:161} INFO - Started process (PID=26391) to work on /opt/airflow/dags/spark-bigquery-with-dependencies_2.12-0.29.0.jar
[2024-07-10T00:41:05.881+0000] {processor.py:830} INFO - Processing file /opt/airflow/dags/spark-bigquery-with-dependencies_2.12-0.29.0.jar for tasks to queue
[2024-07-10T00:41:05.883+0000] {logging_mixin.py:188} INFO - [2024-07-10T00:41:05.882+0000] {dagbag.py:545} INFO - Filling up the DagBag from /opt/airflow/dags/spark-bigquery-with-dependencies_2.12-0.29.0.jar
[2024-07-10T00:41:06.303+0000] {processor.py:842} WARNING - No viable dags retrieved from /opt/airflow/dags/spark-bigquery-with-dependencies_2.12-0.29.0.jar
[2024-07-10T00:41:06.328+0000] {processor.py:183} INFO - Processing /opt/airflow/dags/spark-bigquery-with-dependencies_2.12-0.29.0.jar took 0.462 seconds
[2024-07-10T00:41:39.089+0000] {processor.py:161} INFO - Started process (PID=26453) to work on /opt/airflow/dags/spark-bigquery-with-dependencies_2.12-0.29.0.jar
[2024-07-10T00:41:39.091+0000] {processor.py:830} INFO - Processing file /opt/airflow/dags/spark-bigquery-with-dependencies_2.12-0.29.0.jar for tasks to queue
[2024-07-10T00:41:39.093+0000] {logging_mixin.py:188} INFO - [2024-07-10T00:41:39.092+0000] {dagbag.py:545} INFO - Filling up the DagBag from /opt/airflow/dags/spark-bigquery-with-dependencies_2.12-0.29.0.jar
[2024-07-10T00:41:39.480+0000] {processor.py:842} WARNING - No viable dags retrieved from /opt/airflow/dags/spark-bigquery-with-dependencies_2.12-0.29.0.jar
[2024-07-10T00:41:39.502+0000] {processor.py:183} INFO - Processing /opt/airflow/dags/spark-bigquery-with-dependencies_2.12-0.29.0.jar took 0.427 seconds
[2024-07-10T00:42:12.793+0000] {processor.py:161} INFO - Started process (PID=26522) to work on /opt/airflow/dags/spark-bigquery-with-dependencies_2.12-0.29.0.jar
[2024-07-10T00:42:12.795+0000] {processor.py:830} INFO - Processing file /opt/airflow/dags/spark-bigquery-with-dependencies_2.12-0.29.0.jar for tasks to queue
[2024-07-10T00:42:12.796+0000] {logging_mixin.py:188} INFO - [2024-07-10T00:42:12.796+0000] {dagbag.py:545} INFO - Filling up the DagBag from /opt/airflow/dags/spark-bigquery-with-dependencies_2.12-0.29.0.jar
[2024-07-10T00:42:13.195+0000] {processor.py:842} WARNING - No viable dags retrieved from /opt/airflow/dags/spark-bigquery-with-dependencies_2.12-0.29.0.jar
[2024-07-10T00:42:13.217+0000] {processor.py:183} INFO - Processing /opt/airflow/dags/spark-bigquery-with-dependencies_2.12-0.29.0.jar took 0.436 seconds
[2024-07-10T00:42:46.472+0000] {processor.py:161} INFO - Started process (PID=26583) to work on /opt/airflow/dags/spark-bigquery-with-dependencies_2.12-0.29.0.jar
[2024-07-10T00:42:46.475+0000] {processor.py:830} INFO - Processing file /opt/airflow/dags/spark-bigquery-with-dependencies_2.12-0.29.0.jar for tasks to queue
[2024-07-10T00:42:46.476+0000] {logging_mixin.py:188} INFO - [2024-07-10T00:42:46.476+0000] {dagbag.py:545} INFO - Filling up the DagBag from /opt/airflow/dags/spark-bigquery-with-dependencies_2.12-0.29.0.jar
[2024-07-10T00:42:46.872+0000] {processor.py:842} WARNING - No viable dags retrieved from /opt/airflow/dags/spark-bigquery-with-dependencies_2.12-0.29.0.jar
[2024-07-10T00:42:46.893+0000] {processor.py:183} INFO - Processing /opt/airflow/dags/spark-bigquery-with-dependencies_2.12-0.29.0.jar took 0.433 seconds
[2024-07-10T00:43:20.374+0000] {processor.py:161} INFO - Started process (PID=26646) to work on /opt/airflow/dags/spark-bigquery-with-dependencies_2.12-0.29.0.jar
[2024-07-10T00:43:20.376+0000] {processor.py:830} INFO - Processing file /opt/airflow/dags/spark-bigquery-with-dependencies_2.12-0.29.0.jar for tasks to queue
[2024-07-10T00:43:20.378+0000] {logging_mixin.py:188} INFO - [2024-07-10T00:43:20.377+0000] {dagbag.py:545} INFO - Filling up the DagBag from /opt/airflow/dags/spark-bigquery-with-dependencies_2.12-0.29.0.jar
[2024-07-10T00:43:21.122+0000] {processor.py:842} WARNING - No viable dags retrieved from /opt/airflow/dags/spark-bigquery-with-dependencies_2.12-0.29.0.jar
[2024-07-10T00:43:21.147+0000] {processor.py:183} INFO - Processing /opt/airflow/dags/spark-bigquery-with-dependencies_2.12-0.29.0.jar took 0.788 seconds
[2024-07-10T00:43:54.935+0000] {processor.py:161} INFO - Started process (PID=26711) to work on /opt/airflow/dags/spark-bigquery-with-dependencies_2.12-0.29.0.jar
[2024-07-10T00:43:54.938+0000] {processor.py:830} INFO - Processing file /opt/airflow/dags/spark-bigquery-with-dependencies_2.12-0.29.0.jar for tasks to queue
[2024-07-10T00:43:54.939+0000] {logging_mixin.py:188} INFO - [2024-07-10T00:43:54.939+0000] {dagbag.py:545} INFO - Filling up the DagBag from /opt/airflow/dags/spark-bigquery-with-dependencies_2.12-0.29.0.jar
[2024-07-10T00:43:55.340+0000] {processor.py:842} WARNING - No viable dags retrieved from /opt/airflow/dags/spark-bigquery-with-dependencies_2.12-0.29.0.jar
[2024-07-10T00:43:55.361+0000] {processor.py:183} INFO - Processing /opt/airflow/dags/spark-bigquery-with-dependencies_2.12-0.29.0.jar took 0.438 seconds
[2024-07-10T00:44:29.545+0000] {processor.py:161} INFO - Started process (PID=26774) to work on /opt/airflow/dags/spark-bigquery-with-dependencies_2.12-0.29.0.jar
[2024-07-10T00:44:29.548+0000] {processor.py:830} INFO - Processing file /opt/airflow/dags/spark-bigquery-with-dependencies_2.12-0.29.0.jar for tasks to queue
[2024-07-10T00:44:29.550+0000] {logging_mixin.py:188} INFO - [2024-07-10T00:44:29.549+0000] {dagbag.py:545} INFO - Filling up the DagBag from /opt/airflow/dags/spark-bigquery-with-dependencies_2.12-0.29.0.jar
[2024-07-10T00:44:29.939+0000] {processor.py:842} WARNING - No viable dags retrieved from /opt/airflow/dags/spark-bigquery-with-dependencies_2.12-0.29.0.jar
[2024-07-10T00:44:29.961+0000] {processor.py:183} INFO - Processing /opt/airflow/dags/spark-bigquery-with-dependencies_2.12-0.29.0.jar took 0.431 seconds
[2024-07-10T00:45:04.200+0000] {processor.py:161} INFO - Started process (PID=26836) to work on /opt/airflow/dags/spark-bigquery-with-dependencies_2.12-0.29.0.jar
[2024-07-10T00:45:04.203+0000] {processor.py:830} INFO - Processing file /opt/airflow/dags/spark-bigquery-with-dependencies_2.12-0.29.0.jar for tasks to queue
[2024-07-10T00:45:04.205+0000] {logging_mixin.py:188} INFO - [2024-07-10T00:45:04.204+0000] {dagbag.py:545} INFO - Filling up the DagBag from /opt/airflow/dags/spark-bigquery-with-dependencies_2.12-0.29.0.jar
[2024-07-10T00:45:04.630+0000] {processor.py:842} WARNING - No viable dags retrieved from /opt/airflow/dags/spark-bigquery-with-dependencies_2.12-0.29.0.jar
[2024-07-10T00:45:04.656+0000] {processor.py:183} INFO - Processing /opt/airflow/dags/spark-bigquery-with-dependencies_2.12-0.29.0.jar took 0.473 seconds
[2024-07-10T00:45:38.723+0000] {processor.py:161} INFO - Started process (PID=26898) to work on /opt/airflow/dags/spark-bigquery-with-dependencies_2.12-0.29.0.jar
[2024-07-10T00:45:38.726+0000] {processor.py:830} INFO - Processing file /opt/airflow/dags/spark-bigquery-with-dependencies_2.12-0.29.0.jar for tasks to queue
[2024-07-10T00:45:38.728+0000] {logging_mixin.py:188} INFO - [2024-07-10T00:45:38.727+0000] {dagbag.py:545} INFO - Filling up the DagBag from /opt/airflow/dags/spark-bigquery-with-dependencies_2.12-0.29.0.jar
[2024-07-10T00:45:39.691+0000] {processor.py:842} WARNING - No viable dags retrieved from /opt/airflow/dags/spark-bigquery-with-dependencies_2.12-0.29.0.jar
[2024-07-10T00:45:39.714+0000] {processor.py:183} INFO - Processing /opt/airflow/dags/spark-bigquery-with-dependencies_2.12-0.29.0.jar took 1.007 seconds
[2024-07-10T00:46:14.318+0000] {processor.py:161} INFO - Started process (PID=26970) to work on /opt/airflow/dags/spark-bigquery-with-dependencies_2.12-0.29.0.jar
[2024-07-10T00:46:14.320+0000] {processor.py:830} INFO - Processing file /opt/airflow/dags/spark-bigquery-with-dependencies_2.12-0.29.0.jar for tasks to queue
[2024-07-10T00:46:14.322+0000] {logging_mixin.py:188} INFO - [2024-07-10T00:46:14.321+0000] {dagbag.py:545} INFO - Filling up the DagBag from /opt/airflow/dags/spark-bigquery-with-dependencies_2.12-0.29.0.jar
[2024-07-10T00:46:14.897+0000] {processor.py:842} WARNING - No viable dags retrieved from /opt/airflow/dags/spark-bigquery-with-dependencies_2.12-0.29.0.jar
[2024-07-10T00:46:14.922+0000] {processor.py:183} INFO - Processing /opt/airflow/dags/spark-bigquery-with-dependencies_2.12-0.29.0.jar took 0.624 seconds
[2024-07-10T00:46:48.619+0000] {processor.py:161} INFO - Started process (PID=27030) to work on /opt/airflow/dags/spark-bigquery-with-dependencies_2.12-0.29.0.jar
[2024-07-10T00:46:48.622+0000] {processor.py:830} INFO - Processing file /opt/airflow/dags/spark-bigquery-with-dependencies_2.12-0.29.0.jar for tasks to queue
[2024-07-10T00:46:48.624+0000] {logging_mixin.py:188} INFO - [2024-07-10T00:46:48.623+0000] {dagbag.py:545} INFO - Filling up the DagBag from /opt/airflow/dags/spark-bigquery-with-dependencies_2.12-0.29.0.jar
[2024-07-10T00:46:49.063+0000] {processor.py:842} WARNING - No viable dags retrieved from /opt/airflow/dags/spark-bigquery-with-dependencies_2.12-0.29.0.jar
[2024-07-10T00:46:49.089+0000] {processor.py:183} INFO - Processing /opt/airflow/dags/spark-bigquery-with-dependencies_2.12-0.29.0.jar took 0.488 seconds
[2024-07-10T00:47:22.238+0000] {processor.py:161} INFO - Started process (PID=27092) to work on /opt/airflow/dags/spark-bigquery-with-dependencies_2.12-0.29.0.jar
[2024-07-10T00:47:22.241+0000] {processor.py:830} INFO - Processing file /opt/airflow/dags/spark-bigquery-with-dependencies_2.12-0.29.0.jar for tasks to queue
[2024-07-10T00:47:22.243+0000] {logging_mixin.py:188} INFO - [2024-07-10T00:47:22.243+0000] {dagbag.py:545} INFO - Filling up the DagBag from /opt/airflow/dags/spark-bigquery-with-dependencies_2.12-0.29.0.jar
[2024-07-10T00:47:23.303+0000] {processor.py:842} WARNING - No viable dags retrieved from /opt/airflow/dags/spark-bigquery-with-dependencies_2.12-0.29.0.jar
[2024-07-10T00:47:23.330+0000] {processor.py:183} INFO - Processing /opt/airflow/dags/spark-bigquery-with-dependencies_2.12-0.29.0.jar took 1.109 seconds
[2024-07-10T00:47:56.405+0000] {processor.py:161} INFO - Started process (PID=27159) to work on /opt/airflow/dags/spark-bigquery-with-dependencies_2.12-0.29.0.jar
[2024-07-10T00:47:56.408+0000] {processor.py:830} INFO - Processing file /opt/airflow/dags/spark-bigquery-with-dependencies_2.12-0.29.0.jar for tasks to queue
[2024-07-10T00:47:56.410+0000] {logging_mixin.py:188} INFO - [2024-07-10T00:47:56.409+0000] {dagbag.py:545} INFO - Filling up the DagBag from /opt/airflow/dags/spark-bigquery-with-dependencies_2.12-0.29.0.jar
[2024-07-10T00:47:56.937+0000] {processor.py:842} WARNING - No viable dags retrieved from /opt/airflow/dags/spark-bigquery-with-dependencies_2.12-0.29.0.jar
[2024-07-10T00:47:56.959+0000] {processor.py:183} INFO - Processing /opt/airflow/dags/spark-bigquery-with-dependencies_2.12-0.29.0.jar took 0.572 seconds
[2024-07-10T00:48:30.283+0000] {processor.py:161} INFO - Started process (PID=27221) to work on /opt/airflow/dags/spark-bigquery-with-dependencies_2.12-0.29.0.jar
[2024-07-10T00:48:30.286+0000] {processor.py:830} INFO - Processing file /opt/airflow/dags/spark-bigquery-with-dependencies_2.12-0.29.0.jar for tasks to queue
[2024-07-10T00:48:30.288+0000] {logging_mixin.py:188} INFO - [2024-07-10T00:48:30.287+0000] {dagbag.py:545} INFO - Filling up the DagBag from /opt/airflow/dags/spark-bigquery-with-dependencies_2.12-0.29.0.jar
[2024-07-10T00:48:30.712+0000] {processor.py:842} WARNING - No viable dags retrieved from /opt/airflow/dags/spark-bigquery-with-dependencies_2.12-0.29.0.jar
[2024-07-10T00:48:30.732+0000] {processor.py:183} INFO - Processing /opt/airflow/dags/spark-bigquery-with-dependencies_2.12-0.29.0.jar took 0.467 seconds
[2024-07-10T00:49:04.789+0000] {processor.py:161} INFO - Started process (PID=27283) to work on /opt/airflow/dags/spark-bigquery-with-dependencies_2.12-0.29.0.jar
[2024-07-10T00:49:04.796+0000] {processor.py:830} INFO - Processing file /opt/airflow/dags/spark-bigquery-with-dependencies_2.12-0.29.0.jar for tasks to queue
[2024-07-10T00:49:04.798+0000] {logging_mixin.py:188} INFO - [2024-07-10T00:49:04.797+0000] {dagbag.py:545} INFO - Filling up the DagBag from /opt/airflow/dags/spark-bigquery-with-dependencies_2.12-0.29.0.jar
[2024-07-10T00:49:05.412+0000] {processor.py:842} WARNING - No viable dags retrieved from /opt/airflow/dags/spark-bigquery-with-dependencies_2.12-0.29.0.jar
[2024-07-10T00:49:05.438+0000] {processor.py:183} INFO - Processing /opt/airflow/dags/spark-bigquery-with-dependencies_2.12-0.29.0.jar took 0.690 seconds
[2024-07-10T00:49:38.803+0000] {processor.py:161} INFO - Started process (PID=27346) to work on /opt/airflow/dags/spark-bigquery-with-dependencies_2.12-0.29.0.jar
[2024-07-10T00:49:38.805+0000] {processor.py:830} INFO - Processing file /opt/airflow/dags/spark-bigquery-with-dependencies_2.12-0.29.0.jar for tasks to queue
[2024-07-10T00:49:38.807+0000] {logging_mixin.py:188} INFO - [2024-07-10T00:49:38.806+0000] {dagbag.py:545} INFO - Filling up the DagBag from /opt/airflow/dags/spark-bigquery-with-dependencies_2.12-0.29.0.jar
[2024-07-10T00:49:39.315+0000] {processor.py:842} WARNING - No viable dags retrieved from /opt/airflow/dags/spark-bigquery-with-dependencies_2.12-0.29.0.jar
[2024-07-10T00:49:39.343+0000] {processor.py:183} INFO - Processing /opt/airflow/dags/spark-bigquery-with-dependencies_2.12-0.29.0.jar took 0.557 seconds
[2024-07-10T00:50:12.295+0000] {processor.py:161} INFO - Started process (PID=27416) to work on /opt/airflow/dags/spark-bigquery-with-dependencies_2.12-0.29.0.jar
[2024-07-10T00:50:12.298+0000] {processor.py:830} INFO - Processing file /opt/airflow/dags/spark-bigquery-with-dependencies_2.12-0.29.0.jar for tasks to queue
[2024-07-10T00:50:12.300+0000] {logging_mixin.py:188} INFO - [2024-07-10T00:50:12.300+0000] {dagbag.py:545} INFO - Filling up the DagBag from /opt/airflow/dags/spark-bigquery-with-dependencies_2.12-0.29.0.jar
[2024-07-10T00:50:12.781+0000] {processor.py:842} WARNING - No viable dags retrieved from /opt/airflow/dags/spark-bigquery-with-dependencies_2.12-0.29.0.jar
[2024-07-10T00:50:12.806+0000] {processor.py:183} INFO - Processing /opt/airflow/dags/spark-bigquery-with-dependencies_2.12-0.29.0.jar took 0.528 seconds
[2024-07-10T00:50:46.180+0000] {processor.py:161} INFO - Started process (PID=27477) to work on /opt/airflow/dags/spark-bigquery-with-dependencies_2.12-0.29.0.jar
[2024-07-10T00:50:46.185+0000] {processor.py:830} INFO - Processing file /opt/airflow/dags/spark-bigquery-with-dependencies_2.12-0.29.0.jar for tasks to queue
[2024-07-10T00:50:46.187+0000] {logging_mixin.py:188} INFO - [2024-07-10T00:50:46.186+0000] {dagbag.py:545} INFO - Filling up the DagBag from /opt/airflow/dags/spark-bigquery-with-dependencies_2.12-0.29.0.jar
[2024-07-10T00:50:46.636+0000] {processor.py:842} WARNING - No viable dags retrieved from /opt/airflow/dags/spark-bigquery-with-dependencies_2.12-0.29.0.jar
[2024-07-10T00:50:46.667+0000] {processor.py:183} INFO - Processing /opt/airflow/dags/spark-bigquery-with-dependencies_2.12-0.29.0.jar took 0.501 seconds
[2024-07-10T00:51:20.012+0000] {processor.py:161} INFO - Started process (PID=27539) to work on /opt/airflow/dags/spark-bigquery-with-dependencies_2.12-0.29.0.jar
[2024-07-10T00:51:20.013+0000] {processor.py:830} INFO - Processing file /opt/airflow/dags/spark-bigquery-with-dependencies_2.12-0.29.0.jar for tasks to queue
[2024-07-10T00:51:20.015+0000] {logging_mixin.py:188} INFO - [2024-07-10T00:51:20.014+0000] {dagbag.py:545} INFO - Filling up the DagBag from /opt/airflow/dags/spark-bigquery-with-dependencies_2.12-0.29.0.jar
[2024-07-10T00:51:20.443+0000] {processor.py:842} WARNING - No viable dags retrieved from /opt/airflow/dags/spark-bigquery-with-dependencies_2.12-0.29.0.jar
[2024-07-10T00:51:20.469+0000] {processor.py:183} INFO - Processing /opt/airflow/dags/spark-bigquery-with-dependencies_2.12-0.29.0.jar took 0.469 seconds
[2024-07-10T00:51:53.408+0000] {processor.py:161} INFO - Started process (PID=27601) to work on /opt/airflow/dags/spark-bigquery-with-dependencies_2.12-0.29.0.jar
[2024-07-10T00:51:53.411+0000] {processor.py:830} INFO - Processing file /opt/airflow/dags/spark-bigquery-with-dependencies_2.12-0.29.0.jar for tasks to queue
[2024-07-10T00:51:53.412+0000] {logging_mixin.py:188} INFO - [2024-07-10T00:51:53.412+0000] {dagbag.py:545} INFO - Filling up the DagBag from /opt/airflow/dags/spark-bigquery-with-dependencies_2.12-0.29.0.jar
[2024-07-10T00:51:53.859+0000] {processor.py:842} WARNING - No viable dags retrieved from /opt/airflow/dags/spark-bigquery-with-dependencies_2.12-0.29.0.jar
[2024-07-10T00:51:53.881+0000] {processor.py:183} INFO - Processing /opt/airflow/dags/spark-bigquery-with-dependencies_2.12-0.29.0.jar took 0.485 seconds
[2024-07-10T00:52:27.141+0000] {processor.py:161} INFO - Started process (PID=27664) to work on /opt/airflow/dags/spark-bigquery-with-dependencies_2.12-0.29.0.jar
[2024-07-10T00:52:27.143+0000] {processor.py:830} INFO - Processing file /opt/airflow/dags/spark-bigquery-with-dependencies_2.12-0.29.0.jar for tasks to queue
[2024-07-10T00:52:27.145+0000] {logging_mixin.py:188} INFO - [2024-07-10T00:52:27.144+0000] {dagbag.py:545} INFO - Filling up the DagBag from /opt/airflow/dags/spark-bigquery-with-dependencies_2.12-0.29.0.jar
[2024-07-10T00:52:27.891+0000] {processor.py:842} WARNING - No viable dags retrieved from /opt/airflow/dags/spark-bigquery-with-dependencies_2.12-0.29.0.jar
[2024-07-10T00:52:27.911+0000] {processor.py:183} INFO - Processing /opt/airflow/dags/spark-bigquery-with-dependencies_2.12-0.29.0.jar took 0.783 seconds
[2024-07-10T00:53:01.406+0000] {processor.py:161} INFO - Started process (PID=27727) to work on /opt/airflow/dags/spark-bigquery-with-dependencies_2.12-0.29.0.jar
[2024-07-10T00:53:01.411+0000] {processor.py:830} INFO - Processing file /opt/airflow/dags/spark-bigquery-with-dependencies_2.12-0.29.0.jar for tasks to queue
[2024-07-10T00:53:01.413+0000] {logging_mixin.py:188} INFO - [2024-07-10T00:53:01.412+0000] {dagbag.py:545} INFO - Filling up the DagBag from /opt/airflow/dags/spark-bigquery-with-dependencies_2.12-0.29.0.jar
[2024-07-10T00:53:01.797+0000] {processor.py:842} WARNING - No viable dags retrieved from /opt/airflow/dags/spark-bigquery-with-dependencies_2.12-0.29.0.jar
[2024-07-10T00:53:01.821+0000] {processor.py:183} INFO - Processing /opt/airflow/dags/spark-bigquery-with-dependencies_2.12-0.29.0.jar took 0.426 seconds
[2024-07-10T00:53:34.765+0000] {processor.py:161} INFO - Started process (PID=27791) to work on /opt/airflow/dags/spark-bigquery-with-dependencies_2.12-0.29.0.jar
[2024-07-10T00:53:34.769+0000] {processor.py:830} INFO - Processing file /opt/airflow/dags/spark-bigquery-with-dependencies_2.12-0.29.0.jar for tasks to queue
[2024-07-10T00:53:34.771+0000] {logging_mixin.py:188} INFO - [2024-07-10T00:53:34.770+0000] {dagbag.py:545} INFO - Filling up the DagBag from /opt/airflow/dags/spark-bigquery-with-dependencies_2.12-0.29.0.jar
[2024-07-10T00:53:35.192+0000] {processor.py:842} WARNING - No viable dags retrieved from /opt/airflow/dags/spark-bigquery-with-dependencies_2.12-0.29.0.jar
[2024-07-10T00:53:35.217+0000] {processor.py:183} INFO - Processing /opt/airflow/dags/spark-bigquery-with-dependencies_2.12-0.29.0.jar took 0.466 seconds
[2024-07-10T00:54:08.235+0000] {processor.py:161} INFO - Started process (PID=27852) to work on /opt/airflow/dags/spark-bigquery-with-dependencies_2.12-0.29.0.jar
[2024-07-10T00:54:08.237+0000] {processor.py:830} INFO - Processing file /opt/airflow/dags/spark-bigquery-with-dependencies_2.12-0.29.0.jar for tasks to queue
[2024-07-10T00:54:08.239+0000] {logging_mixin.py:188} INFO - [2024-07-10T00:54:08.238+0000] {dagbag.py:545} INFO - Filling up the DagBag from /opt/airflow/dags/spark-bigquery-with-dependencies_2.12-0.29.0.jar
[2024-07-10T00:54:09.042+0000] {processor.py:842} WARNING - No viable dags retrieved from /opt/airflow/dags/spark-bigquery-with-dependencies_2.12-0.29.0.jar
[2024-07-10T00:54:09.064+0000] {processor.py:183} INFO - Processing /opt/airflow/dags/spark-bigquery-with-dependencies_2.12-0.29.0.jar took 0.842 seconds
[2024-07-10T00:54:41.859+0000] {processor.py:161} INFO - Started process (PID=27914) to work on /opt/airflow/dags/spark-bigquery-with-dependencies_2.12-0.29.0.jar
[2024-07-10T00:54:41.861+0000] {processor.py:830} INFO - Processing file /opt/airflow/dags/spark-bigquery-with-dependencies_2.12-0.29.0.jar for tasks to queue
[2024-07-10T00:54:41.863+0000] {logging_mixin.py:188} INFO - [2024-07-10T00:54:41.862+0000] {dagbag.py:545} INFO - Filling up the DagBag from /opt/airflow/dags/spark-bigquery-with-dependencies_2.12-0.29.0.jar
[2024-07-10T00:54:42.269+0000] {processor.py:842} WARNING - No viable dags retrieved from /opt/airflow/dags/spark-bigquery-with-dependencies_2.12-0.29.0.jar
[2024-07-10T00:54:42.289+0000] {processor.py:183} INFO - Processing /opt/airflow/dags/spark-bigquery-with-dependencies_2.12-0.29.0.jar took 0.442 seconds
[2024-07-10T00:55:20.704+0000] {processor.py:161} INFO - Started process (PID=27983) to work on /opt/airflow/dags/spark-bigquery-with-dependencies_2.12-0.29.0.jar
[2024-07-10T00:55:20.707+0000] {processor.py:830} INFO - Processing file /opt/airflow/dags/spark-bigquery-with-dependencies_2.12-0.29.0.jar for tasks to queue
[2024-07-10T00:55:20.709+0000] {logging_mixin.py:188} INFO - [2024-07-10T00:55:20.708+0000] {dagbag.py:545} INFO - Filling up the DagBag from /opt/airflow/dags/spark-bigquery-with-dependencies_2.12-0.29.0.jar
[2024-07-10T00:55:21.164+0000] {processor.py:842} WARNING - No viable dags retrieved from /opt/airflow/dags/spark-bigquery-with-dependencies_2.12-0.29.0.jar
[2024-07-10T00:55:21.190+0000] {processor.py:183} INFO - Processing /opt/airflow/dags/spark-bigquery-with-dependencies_2.12-0.29.0.jar took 0.503 seconds
[2024-07-10T00:55:53.844+0000] {processor.py:161} INFO - Started process (PID=28046) to work on /opt/airflow/dags/spark-bigquery-with-dependencies_2.12-0.29.0.jar
[2024-07-10T00:55:53.846+0000] {processor.py:830} INFO - Processing file /opt/airflow/dags/spark-bigquery-with-dependencies_2.12-0.29.0.jar for tasks to queue
[2024-07-10T00:55:53.847+0000] {logging_mixin.py:188} INFO - [2024-07-10T00:55:53.847+0000] {dagbag.py:545} INFO - Filling up the DagBag from /opt/airflow/dags/spark-bigquery-with-dependencies_2.12-0.29.0.jar
[2024-07-10T00:55:54.359+0000] {processor.py:842} WARNING - No viable dags retrieved from /opt/airflow/dags/spark-bigquery-with-dependencies_2.12-0.29.0.jar
[2024-07-10T00:55:54.388+0000] {processor.py:183} INFO - Processing /opt/airflow/dags/spark-bigquery-with-dependencies_2.12-0.29.0.jar took 0.556 seconds
[2024-07-10T00:56:33.222+0000] {processor.py:161} INFO - Started process (PID=28112) to work on /opt/airflow/dags/spark-bigquery-with-dependencies_2.12-0.29.0.jar
[2024-07-10T00:56:33.225+0000] {processor.py:830} INFO - Processing file /opt/airflow/dags/spark-bigquery-with-dependencies_2.12-0.29.0.jar for tasks to queue
[2024-07-10T00:56:33.226+0000] {logging_mixin.py:188} INFO - [2024-07-10T00:56:33.226+0000] {dagbag.py:545} INFO - Filling up the DagBag from /opt/airflow/dags/spark-bigquery-with-dependencies_2.12-0.29.0.jar
[2024-07-10T00:56:33.619+0000] {processor.py:842} WARNING - No viable dags retrieved from /opt/airflow/dags/spark-bigquery-with-dependencies_2.12-0.29.0.jar
[2024-07-10T00:56:33.644+0000] {processor.py:183} INFO - Processing /opt/airflow/dags/spark-bigquery-with-dependencies_2.12-0.29.0.jar took 0.435 seconds
[2024-07-10T00:57:09.243+0000] {processor.py:161} INFO - Started process (PID=28175) to work on /opt/airflow/dags/spark-bigquery-with-dependencies_2.12-0.29.0.jar
[2024-07-10T00:57:09.245+0000] {processor.py:830} INFO - Processing file /opt/airflow/dags/spark-bigquery-with-dependencies_2.12-0.29.0.jar for tasks to queue
[2024-07-10T00:57:09.247+0000] {logging_mixin.py:188} INFO - [2024-07-10T00:57:09.246+0000] {dagbag.py:545} INFO - Filling up the DagBag from /opt/airflow/dags/spark-bigquery-with-dependencies_2.12-0.29.0.jar
[2024-07-10T00:57:09.635+0000] {processor.py:842} WARNING - No viable dags retrieved from /opt/airflow/dags/spark-bigquery-with-dependencies_2.12-0.29.0.jar
[2024-07-10T00:57:09.659+0000] {processor.py:183} INFO - Processing /opt/airflow/dags/spark-bigquery-with-dependencies_2.12-0.29.0.jar took 0.428 seconds
[2024-07-10T00:57:44.849+0000] {processor.py:161} INFO - Started process (PID=28243) to work on /opt/airflow/dags/spark-bigquery-with-dependencies_2.12-0.29.0.jar
[2024-07-10T00:57:44.851+0000] {processor.py:830} INFO - Processing file /opt/airflow/dags/spark-bigquery-with-dependencies_2.12-0.29.0.jar for tasks to queue
[2024-07-10T00:57:44.853+0000] {logging_mixin.py:188} INFO - [2024-07-10T00:57:44.852+0000] {dagbag.py:545} INFO - Filling up the DagBag from /opt/airflow/dags/spark-bigquery-with-dependencies_2.12-0.29.0.jar
[2024-07-10T00:57:45.562+0000] {processor.py:842} WARNING - No viable dags retrieved from /opt/airflow/dags/spark-bigquery-with-dependencies_2.12-0.29.0.jar
[2024-07-10T00:57:45.583+0000] {processor.py:183} INFO - Processing /opt/airflow/dags/spark-bigquery-with-dependencies_2.12-0.29.0.jar took 0.747 seconds
[2024-07-10T00:58:20.208+0000] {processor.py:161} INFO - Started process (PID=28305) to work on /opt/airflow/dags/spark-bigquery-with-dependencies_2.12-0.29.0.jar
[2024-07-10T00:58:20.210+0000] {processor.py:830} INFO - Processing file /opt/airflow/dags/spark-bigquery-with-dependencies_2.12-0.29.0.jar for tasks to queue
[2024-07-10T00:58:20.211+0000] {logging_mixin.py:188} INFO - [2024-07-10T00:58:20.211+0000] {dagbag.py:545} INFO - Filling up the DagBag from /opt/airflow/dags/spark-bigquery-with-dependencies_2.12-0.29.0.jar
[2024-07-10T00:58:20.583+0000] {processor.py:842} WARNING - No viable dags retrieved from /opt/airflow/dags/spark-bigquery-with-dependencies_2.12-0.29.0.jar
[2024-07-10T00:58:20.606+0000] {processor.py:183} INFO - Processing /opt/airflow/dags/spark-bigquery-with-dependencies_2.12-0.29.0.jar took 0.410 seconds
[2024-07-10T00:58:55.609+0000] {processor.py:161} INFO - Started process (PID=28368) to work on /opt/airflow/dags/spark-bigquery-with-dependencies_2.12-0.29.0.jar
[2024-07-10T00:58:55.611+0000] {processor.py:830} INFO - Processing file /opt/airflow/dags/spark-bigquery-with-dependencies_2.12-0.29.0.jar for tasks to queue
[2024-07-10T00:58:55.613+0000] {logging_mixin.py:188} INFO - [2024-07-10T00:58:55.612+0000] {dagbag.py:545} INFO - Filling up the DagBag from /opt/airflow/dags/spark-bigquery-with-dependencies_2.12-0.29.0.jar
[2024-07-10T00:58:56.007+0000] {processor.py:842} WARNING - No viable dags retrieved from /opt/airflow/dags/spark-bigquery-with-dependencies_2.12-0.29.0.jar
[2024-07-10T00:58:56.032+0000] {processor.py:183} INFO - Processing /opt/airflow/dags/spark-bigquery-with-dependencies_2.12-0.29.0.jar took 0.436 seconds
[2024-07-10T00:59:31.220+0000] {processor.py:161} INFO - Started process (PID=28431) to work on /opt/airflow/dags/spark-bigquery-with-dependencies_2.12-0.29.0.jar
[2024-07-10T00:59:31.222+0000] {processor.py:830} INFO - Processing file /opt/airflow/dags/spark-bigquery-with-dependencies_2.12-0.29.0.jar for tasks to queue
[2024-07-10T00:59:31.223+0000] {logging_mixin.py:188} INFO - [2024-07-10T00:59:31.223+0000] {dagbag.py:545} INFO - Filling up the DagBag from /opt/airflow/dags/spark-bigquery-with-dependencies_2.12-0.29.0.jar
[2024-07-10T00:59:31.931+0000] {processor.py:842} WARNING - No viable dags retrieved from /opt/airflow/dags/spark-bigquery-with-dependencies_2.12-0.29.0.jar
[2024-07-10T00:59:31.951+0000] {processor.py:183} INFO - Processing /opt/airflow/dags/spark-bigquery-with-dependencies_2.12-0.29.0.jar took 0.743 seconds
[2024-07-10T01:00:06.722+0000] {processor.py:161} INFO - Started process (PID=28493) to work on /opt/airflow/dags/spark-bigquery-with-dependencies_2.12-0.29.0.jar
[2024-07-10T01:00:06.725+0000] {processor.py:830} INFO - Processing file /opt/airflow/dags/spark-bigquery-with-dependencies_2.12-0.29.0.jar for tasks to queue
[2024-07-10T01:00:06.727+0000] {logging_mixin.py:188} INFO - [2024-07-10T01:00:06.726+0000] {dagbag.py:545} INFO - Filling up the DagBag from /opt/airflow/dags/spark-bigquery-with-dependencies_2.12-0.29.0.jar
[2024-07-10T01:00:07.448+0000] {processor.py:842} WARNING - No viable dags retrieved from /opt/airflow/dags/spark-bigquery-with-dependencies_2.12-0.29.0.jar
[2024-07-10T01:00:07.469+0000] {processor.py:183} INFO - Processing /opt/airflow/dags/spark-bigquery-with-dependencies_2.12-0.29.0.jar took 0.758 seconds
[2024-07-10T01:00:42.403+0000] {processor.py:161} INFO - Started process (PID=28555) to work on /opt/airflow/dags/spark-bigquery-with-dependencies_2.12-0.29.0.jar
[2024-07-10T01:00:42.406+0000] {processor.py:830} INFO - Processing file /opt/airflow/dags/spark-bigquery-with-dependencies_2.12-0.29.0.jar for tasks to queue
[2024-07-10T01:00:42.407+0000] {logging_mixin.py:188} INFO - [2024-07-10T01:00:42.407+0000] {dagbag.py:545} INFO - Filling up the DagBag from /opt/airflow/dags/spark-bigquery-with-dependencies_2.12-0.29.0.jar
[2024-07-10T01:00:42.869+0000] {processor.py:842} WARNING - No viable dags retrieved from /opt/airflow/dags/spark-bigquery-with-dependencies_2.12-0.29.0.jar
[2024-07-10T01:00:42.891+0000] {processor.py:183} INFO - Processing /opt/airflow/dags/spark-bigquery-with-dependencies_2.12-0.29.0.jar took 0.500 seconds
[2024-07-10T01:01:17.408+0000] {processor.py:161} INFO - Started process (PID=28623) to work on /opt/airflow/dags/spark-bigquery-with-dependencies_2.12-0.29.0.jar
[2024-07-10T01:01:17.410+0000] {processor.py:830} INFO - Processing file /opt/airflow/dags/spark-bigquery-with-dependencies_2.12-0.29.0.jar for tasks to queue
[2024-07-10T01:01:17.412+0000] {logging_mixin.py:188} INFO - [2024-07-10T01:01:17.411+0000] {dagbag.py:545} INFO - Filling up the DagBag from /opt/airflow/dags/spark-bigquery-with-dependencies_2.12-0.29.0.jar
[2024-07-10T01:01:17.807+0000] {processor.py:842} WARNING - No viable dags retrieved from /opt/airflow/dags/spark-bigquery-with-dependencies_2.12-0.29.0.jar
[2024-07-10T01:01:17.829+0000] {processor.py:183} INFO - Processing /opt/airflow/dags/spark-bigquery-with-dependencies_2.12-0.29.0.jar took 0.433 seconds
[2024-07-10T01:01:52.722+0000] {processor.py:161} INFO - Started process (PID=28686) to work on /opt/airflow/dags/spark-bigquery-with-dependencies_2.12-0.29.0.jar
[2024-07-10T01:01:52.724+0000] {processor.py:830} INFO - Processing file /opt/airflow/dags/spark-bigquery-with-dependencies_2.12-0.29.0.jar for tasks to queue
[2024-07-10T01:01:52.726+0000] {logging_mixin.py:188} INFO - [2024-07-10T01:01:52.725+0000] {dagbag.py:545} INFO - Filling up the DagBag from /opt/airflow/dags/spark-bigquery-with-dependencies_2.12-0.29.0.jar
[2024-07-10T01:01:53.416+0000] {processor.py:842} WARNING - No viable dags retrieved from /opt/airflow/dags/spark-bigquery-with-dependencies_2.12-0.29.0.jar
[2024-07-10T01:01:53.432+0000] {processor.py:183} INFO - Processing /opt/airflow/dags/spark-bigquery-with-dependencies_2.12-0.29.0.jar took 0.722 seconds
[2024-07-10T01:02:28.875+0000] {processor.py:161} INFO - Started process (PID=28748) to work on /opt/airflow/dags/spark-bigquery-with-dependencies_2.12-0.29.0.jar
[2024-07-10T01:02:28.879+0000] {processor.py:830} INFO - Processing file /opt/airflow/dags/spark-bigquery-with-dependencies_2.12-0.29.0.jar for tasks to queue
[2024-07-10T01:02:28.881+0000] {logging_mixin.py:188} INFO - [2024-07-10T01:02:28.880+0000] {dagbag.py:545} INFO - Filling up the DagBag from /opt/airflow/dags/spark-bigquery-with-dependencies_2.12-0.29.0.jar
[2024-07-10T01:02:29.336+0000] {processor.py:842} WARNING - No viable dags retrieved from /opt/airflow/dags/spark-bigquery-with-dependencies_2.12-0.29.0.jar
[2024-07-10T01:02:29.365+0000] {processor.py:183} INFO - Processing /opt/airflow/dags/spark-bigquery-with-dependencies_2.12-0.29.0.jar took 0.503 seconds
[2024-07-10T01:03:04.721+0000] {processor.py:161} INFO - Started process (PID=28810) to work on /opt/airflow/dags/spark-bigquery-with-dependencies_2.12-0.29.0.jar
[2024-07-10T01:03:04.723+0000] {processor.py:830} INFO - Processing file /opt/airflow/dags/spark-bigquery-with-dependencies_2.12-0.29.0.jar for tasks to queue
[2024-07-10T01:03:04.724+0000] {logging_mixin.py:188} INFO - [2024-07-10T01:03:04.724+0000] {dagbag.py:545} INFO - Filling up the DagBag from /opt/airflow/dags/spark-bigquery-with-dependencies_2.12-0.29.0.jar
[2024-07-10T01:03:05.095+0000] {processor.py:842} WARNING - No viable dags retrieved from /opt/airflow/dags/spark-bigquery-with-dependencies_2.12-0.29.0.jar
[2024-07-10T01:03:05.119+0000] {processor.py:183} INFO - Processing /opt/airflow/dags/spark-bigquery-with-dependencies_2.12-0.29.0.jar took 0.410 seconds
[2024-07-10T01:03:40.583+0000] {processor.py:161} INFO - Started process (PID=28872) to work on /opt/airflow/dags/spark-bigquery-with-dependencies_2.12-0.29.0.jar
[2024-07-10T01:03:40.586+0000] {processor.py:830} INFO - Processing file /opt/airflow/dags/spark-bigquery-with-dependencies_2.12-0.29.0.jar for tasks to queue
[2024-07-10T01:03:40.587+0000] {logging_mixin.py:188} INFO - [2024-07-10T01:03:40.587+0000] {dagbag.py:545} INFO - Filling up the DagBag from /opt/airflow/dags/spark-bigquery-with-dependencies_2.12-0.29.0.jar
[2024-07-10T01:03:40.964+0000] {processor.py:842} WARNING - No viable dags retrieved from /opt/airflow/dags/spark-bigquery-with-dependencies_2.12-0.29.0.jar
[2024-07-10T01:03:40.987+0000] {processor.py:183} INFO - Processing /opt/airflow/dags/spark-bigquery-with-dependencies_2.12-0.29.0.jar took 0.417 seconds
[2024-07-10T01:04:16.035+0000] {processor.py:161} INFO - Started process (PID=28942) to work on /opt/airflow/dags/spark-bigquery-with-dependencies_2.12-0.29.0.jar
[2024-07-10T01:04:16.037+0000] {processor.py:830} INFO - Processing file /opt/airflow/dags/spark-bigquery-with-dependencies_2.12-0.29.0.jar for tasks to queue
[2024-07-10T01:04:16.038+0000] {logging_mixin.py:188} INFO - [2024-07-10T01:04:16.038+0000] {dagbag.py:545} INFO - Filling up the DagBag from /opt/airflow/dags/spark-bigquery-with-dependencies_2.12-0.29.0.jar
[2024-07-10T01:04:16.442+0000] {processor.py:842} WARNING - No viable dags retrieved from /opt/airflow/dags/spark-bigquery-with-dependencies_2.12-0.29.0.jar
[2024-07-10T01:04:16.464+0000] {processor.py:183} INFO - Processing /opt/airflow/dags/spark-bigquery-with-dependencies_2.12-0.29.0.jar took 0.441 seconds
