[2024-07-13T00:00:15.227+0000] {processor.py:161} INFO - Started process (PID=480) to work on /home/airflow/.local/lib/python3.11/site-packages/airflow/example_dags/example_dag_decorator.py
[2024-07-13T00:00:15.229+0000] {processor.py:830} INFO - Processing file /home/airflow/.local/lib/python3.11/site-packages/airflow/example_dags/example_dag_decorator.py for tasks to queue
[2024-07-13T00:00:15.234+0000] {logging_mixin.py:188} INFO - [2024-07-13T00:00:15.233+0000] {dagbag.py:545} INFO - Filling up the DagBag from /home/airflow/.local/lib/python3.11/site-packages/airflow/example_dags/example_dag_decorator.py
[2024-07-13T00:00:15.499+0000] {processor.py:840} INFO - DAG(s) 'example_dag_decorator' retrieved from /home/airflow/.local/lib/python3.11/site-packages/airflow/example_dags/example_dag_decorator.py
[2024-07-13T00:00:16.708+0000] {logging_mixin.py:188} INFO - [2024-07-13T00:00:16.706+0000] {dag.py:3096} INFO - Sync 1 DAGs
[2024-07-13T00:00:16.738+0000] {logging_mixin.py:188} INFO - [2024-07-13T00:00:16.738+0000] {dag.py:3954} INFO - Setting next_dagrun for example_dag_decorator to None, run_after=None
[2024-07-13T00:00:16.820+0000] {processor.py:183} INFO - Processing /home/airflow/.local/lib/python3.11/site-packages/airflow/example_dags/example_dag_decorator.py took 1.607 seconds
[2024-07-13T00:27:57.950+0000] {processor.py:161} INFO - Started process (PID=40) to work on /home/airflow/.local/lib/python3.11/site-packages/airflow/example_dags/example_dag_decorator.py
[2024-07-13T00:27:57.952+0000] {processor.py:830} INFO - Processing file /home/airflow/.local/lib/python3.11/site-packages/airflow/example_dags/example_dag_decorator.py for tasks to queue
[2024-07-13T00:27:57.953+0000] {logging_mixin.py:188} INFO - [2024-07-13T00:27:57.953+0000] {dagbag.py:545} INFO - Filling up the DagBag from /home/airflow/.local/lib/python3.11/site-packages/airflow/example_dags/example_dag_decorator.py
[2024-07-13T00:27:58.514+0000] {processor.py:840} INFO - DAG(s) 'example_dag_decorator' retrieved from /home/airflow/.local/lib/python3.11/site-packages/airflow/example_dags/example_dag_decorator.py
[2024-07-13T00:27:58.719+0000] {logging_mixin.py:188} INFO - [2024-07-13T00:27:58.719+0000] {dag.py:3096} INFO - Sync 1 DAGs
[2024-07-13T00:27:58.733+0000] {logging_mixin.py:188} INFO - [2024-07-13T00:27:58.733+0000] {dag.py:3954} INFO - Setting next_dagrun for example_dag_decorator to None, run_after=None
[2024-07-13T00:27:58.759+0000] {processor.py:183} INFO - Processing /home/airflow/.local/lib/python3.11/site-packages/airflow/example_dags/example_dag_decorator.py took 0.821 seconds
[2024-07-13T00:28:30.979+0000] {processor.py:161} INFO - Started process (PID=102) to work on /home/airflow/.local/lib/python3.11/site-packages/airflow/example_dags/example_dag_decorator.py
[2024-07-13T00:28:30.981+0000] {processor.py:830} INFO - Processing file /home/airflow/.local/lib/python3.11/site-packages/airflow/example_dags/example_dag_decorator.py for tasks to queue
[2024-07-13T00:28:30.982+0000] {logging_mixin.py:188} INFO - [2024-07-13T00:28:30.981+0000] {dagbag.py:545} INFO - Filling up the DagBag from /home/airflow/.local/lib/python3.11/site-packages/airflow/example_dags/example_dag_decorator.py
[2024-07-13T00:28:31.136+0000] {processor.py:840} INFO - DAG(s) 'example_dag_decorator' retrieved from /home/airflow/.local/lib/python3.11/site-packages/airflow/example_dags/example_dag_decorator.py
[2024-07-13T00:28:31.567+0000] {logging_mixin.py:188} INFO - [2024-07-13T00:28:31.567+0000] {dag.py:3096} INFO - Sync 1 DAGs
[2024-07-13T00:28:31.581+0000] {logging_mixin.py:188} INFO - [2024-07-13T00:28:31.580+0000] {dag.py:3954} INFO - Setting next_dagrun for example_dag_decorator to None, run_after=None
[2024-07-13T00:28:31.608+0000] {processor.py:183} INFO - Processing /home/airflow/.local/lib/python3.11/site-packages/airflow/example_dags/example_dag_decorator.py took 0.640 seconds
[2024-07-13T00:29:04.544+0000] {processor.py:161} INFO - Started process (PID=164) to work on /home/airflow/.local/lib/python3.11/site-packages/airflow/example_dags/example_dag_decorator.py
[2024-07-13T00:29:04.546+0000] {processor.py:830} INFO - Processing file /home/airflow/.local/lib/python3.11/site-packages/airflow/example_dags/example_dag_decorator.py for tasks to queue
[2024-07-13T00:29:04.548+0000] {logging_mixin.py:188} INFO - [2024-07-13T00:29:04.547+0000] {dagbag.py:545} INFO - Filling up the DagBag from /home/airflow/.local/lib/python3.11/site-packages/airflow/example_dags/example_dag_decorator.py
[2024-07-13T00:29:04.721+0000] {processor.py:840} INFO - DAG(s) 'example_dag_decorator' retrieved from /home/airflow/.local/lib/python3.11/site-packages/airflow/example_dags/example_dag_decorator.py
[2024-07-13T00:29:04.889+0000] {logging_mixin.py:188} INFO - [2024-07-13T00:29:04.889+0000] {dag.py:3096} INFO - Sync 1 DAGs
[2024-07-13T00:29:04.910+0000] {logging_mixin.py:188} INFO - [2024-07-13T00:29:04.910+0000] {dag.py:3954} INFO - Setting next_dagrun for example_dag_decorator to None, run_after=None
[2024-07-13T00:29:04.938+0000] {processor.py:183} INFO - Processing /home/airflow/.local/lib/python3.11/site-packages/airflow/example_dags/example_dag_decorator.py took 0.406 seconds
[2024-07-13T00:29:37.638+0000] {processor.py:161} INFO - Started process (PID=227) to work on /home/airflow/.local/lib/python3.11/site-packages/airflow/example_dags/example_dag_decorator.py
[2024-07-13T00:29:37.641+0000] {processor.py:830} INFO - Processing file /home/airflow/.local/lib/python3.11/site-packages/airflow/example_dags/example_dag_decorator.py for tasks to queue
[2024-07-13T00:29:37.642+0000] {logging_mixin.py:188} INFO - [2024-07-13T00:29:37.641+0000] {dagbag.py:545} INFO - Filling up the DagBag from /home/airflow/.local/lib/python3.11/site-packages/airflow/example_dags/example_dag_decorator.py
[2024-07-13T00:29:37.810+0000] {processor.py:840} INFO - DAG(s) 'example_dag_decorator' retrieved from /home/airflow/.local/lib/python3.11/site-packages/airflow/example_dags/example_dag_decorator.py
[2024-07-13T00:29:38.004+0000] {logging_mixin.py:188} INFO - [2024-07-13T00:29:38.004+0000] {dag.py:3096} INFO - Sync 1 DAGs
[2024-07-13T00:29:38.020+0000] {logging_mixin.py:188} INFO - [2024-07-13T00:29:38.020+0000] {dag.py:3954} INFO - Setting next_dagrun for example_dag_decorator to None, run_after=None
[2024-07-13T00:29:38.048+0000] {processor.py:183} INFO - Processing /home/airflow/.local/lib/python3.11/site-packages/airflow/example_dags/example_dag_decorator.py took 0.422 seconds
[2024-07-13T00:30:10.380+0000] {processor.py:161} INFO - Started process (PID=288) to work on /home/airflow/.local/lib/python3.11/site-packages/airflow/example_dags/example_dag_decorator.py
[2024-07-13T00:30:10.382+0000] {processor.py:830} INFO - Processing file /home/airflow/.local/lib/python3.11/site-packages/airflow/example_dags/example_dag_decorator.py for tasks to queue
[2024-07-13T00:30:10.384+0000] {logging_mixin.py:188} INFO - [2024-07-13T00:30:10.383+0000] {dagbag.py:545} INFO - Filling up the DagBag from /home/airflow/.local/lib/python3.11/site-packages/airflow/example_dags/example_dag_decorator.py
[2024-07-13T00:30:10.549+0000] {processor.py:840} INFO - DAG(s) 'example_dag_decorator' retrieved from /home/airflow/.local/lib/python3.11/site-packages/airflow/example_dags/example_dag_decorator.py
[2024-07-13T00:30:10.747+0000] {logging_mixin.py:188} INFO - [2024-07-13T00:30:10.747+0000] {dag.py:3096} INFO - Sync 1 DAGs
[2024-07-13T00:30:10.770+0000] {logging_mixin.py:188} INFO - [2024-07-13T00:30:10.769+0000] {dag.py:3954} INFO - Setting next_dagrun for example_dag_decorator to None, run_after=None
[2024-07-13T00:30:10.805+0000] {processor.py:183} INFO - Processing /home/airflow/.local/lib/python3.11/site-packages/airflow/example_dags/example_dag_decorator.py took 0.437 seconds
[2024-07-13T00:30:43.580+0000] {processor.py:161} INFO - Started process (PID=357) to work on /home/airflow/.local/lib/python3.11/site-packages/airflow/example_dags/example_dag_decorator.py
[2024-07-13T00:30:43.581+0000] {processor.py:830} INFO - Processing file /home/airflow/.local/lib/python3.11/site-packages/airflow/example_dags/example_dag_decorator.py for tasks to queue
[2024-07-13T00:30:43.583+0000] {logging_mixin.py:188} INFO - [2024-07-13T00:30:43.582+0000] {dagbag.py:545} INFO - Filling up the DagBag from /home/airflow/.local/lib/python3.11/site-packages/airflow/example_dags/example_dag_decorator.py
[2024-07-13T00:30:43.763+0000] {processor.py:840} INFO - DAG(s) 'example_dag_decorator' retrieved from /home/airflow/.local/lib/python3.11/site-packages/airflow/example_dags/example_dag_decorator.py
[2024-07-13T00:30:43.799+0000] {logging_mixin.py:188} INFO - [2024-07-13T00:30:43.799+0000] {dag.py:3096} INFO - Sync 1 DAGs
[2024-07-13T00:30:43.817+0000] {logging_mixin.py:188} INFO - [2024-07-13T00:30:43.817+0000] {dag.py:3954} INFO - Setting next_dagrun for example_dag_decorator to None, run_after=None
[2024-07-13T00:30:43.844+0000] {processor.py:183} INFO - Processing /home/airflow/.local/lib/python3.11/site-packages/airflow/example_dags/example_dag_decorator.py took 0.278 seconds
[2024-07-13T00:31:16.726+0000] {processor.py:161} INFO - Started process (PID=419) to work on /home/airflow/.local/lib/python3.11/site-packages/airflow/example_dags/example_dag_decorator.py
[2024-07-13T00:31:16.728+0000] {processor.py:830} INFO - Processing file /home/airflow/.local/lib/python3.11/site-packages/airflow/example_dags/example_dag_decorator.py for tasks to queue
[2024-07-13T00:31:16.730+0000] {logging_mixin.py:188} INFO - [2024-07-13T00:31:16.729+0000] {dagbag.py:545} INFO - Filling up the DagBag from /home/airflow/.local/lib/python3.11/site-packages/airflow/example_dags/example_dag_decorator.py
[2024-07-13T00:31:16.951+0000] {processor.py:840} INFO - DAG(s) 'example_dag_decorator' retrieved from /home/airflow/.local/lib/python3.11/site-packages/airflow/example_dags/example_dag_decorator.py
[2024-07-13T00:31:17.115+0000] {logging_mixin.py:188} INFO - [2024-07-13T00:31:17.114+0000] {dag.py:3096} INFO - Sync 1 DAGs
[2024-07-13T00:31:17.132+0000] {logging_mixin.py:188} INFO - [2024-07-13T00:31:17.132+0000] {dag.py:3954} INFO - Setting next_dagrun for example_dag_decorator to None, run_after=None
[2024-07-13T00:31:17.164+0000] {processor.py:183} INFO - Processing /home/airflow/.local/lib/python3.11/site-packages/airflow/example_dags/example_dag_decorator.py took 0.454 seconds
[2024-07-13T00:31:49.988+0000] {processor.py:161} INFO - Started process (PID=481) to work on /home/airflow/.local/lib/python3.11/site-packages/airflow/example_dags/example_dag_decorator.py
[2024-07-13T00:31:49.990+0000] {processor.py:830} INFO - Processing file /home/airflow/.local/lib/python3.11/site-packages/airflow/example_dags/example_dag_decorator.py for tasks to queue
[2024-07-13T00:31:49.991+0000] {logging_mixin.py:188} INFO - [2024-07-13T00:31:49.990+0000] {dagbag.py:545} INFO - Filling up the DagBag from /home/airflow/.local/lib/python3.11/site-packages/airflow/example_dags/example_dag_decorator.py
[2024-07-13T00:31:50.494+0000] {processor.py:840} INFO - DAG(s) 'example_dag_decorator' retrieved from /home/airflow/.local/lib/python3.11/site-packages/airflow/example_dags/example_dag_decorator.py
[2024-07-13T00:31:51.133+0000] {logging_mixin.py:188} INFO - [2024-07-13T00:31:51.133+0000] {dag.py:3096} INFO - Sync 1 DAGs
[2024-07-13T00:31:51.147+0000] {logging_mixin.py:188} INFO - [2024-07-13T00:31:51.147+0000] {dag.py:3954} INFO - Setting next_dagrun for example_dag_decorator to None, run_after=None
[2024-07-13T00:31:51.175+0000] {processor.py:183} INFO - Processing /home/airflow/.local/lib/python3.11/site-packages/airflow/example_dags/example_dag_decorator.py took 1.250 seconds
[2024-07-13T00:32:24.797+0000] {processor.py:161} INFO - Started process (PID=543) to work on /home/airflow/.local/lib/python3.11/site-packages/airflow/example_dags/example_dag_decorator.py
[2024-07-13T00:32:24.803+0000] {processor.py:830} INFO - Processing file /home/airflow/.local/lib/python3.11/site-packages/airflow/example_dags/example_dag_decorator.py for tasks to queue
[2024-07-13T00:32:24.805+0000] {logging_mixin.py:188} INFO - [2024-07-13T00:32:24.804+0000] {dagbag.py:545} INFO - Filling up the DagBag from /home/airflow/.local/lib/python3.11/site-packages/airflow/example_dags/example_dag_decorator.py
[2024-07-13T00:32:25.111+0000] {processor.py:840} INFO - DAG(s) 'example_dag_decorator' retrieved from /home/airflow/.local/lib/python3.11/site-packages/airflow/example_dags/example_dag_decorator.py
[2024-07-13T00:32:25.351+0000] {logging_mixin.py:188} INFO - [2024-07-13T00:32:25.351+0000] {dag.py:3096} INFO - Sync 1 DAGs
[2024-07-13T00:32:25.375+0000] {logging_mixin.py:188} INFO - [2024-07-13T00:32:25.375+0000] {dag.py:3954} INFO - Setting next_dagrun for example_dag_decorator to None, run_after=None
[2024-07-13T00:32:25.414+0000] {processor.py:183} INFO - Processing /home/airflow/.local/lib/python3.11/site-packages/airflow/example_dags/example_dag_decorator.py took 0.644 seconds
[2024-07-13T00:32:58.678+0000] {processor.py:161} INFO - Started process (PID=605) to work on /home/airflow/.local/lib/python3.11/site-packages/airflow/example_dags/example_dag_decorator.py
[2024-07-13T00:32:58.681+0000] {processor.py:830} INFO - Processing file /home/airflow/.local/lib/python3.11/site-packages/airflow/example_dags/example_dag_decorator.py for tasks to queue
[2024-07-13T00:32:58.682+0000] {logging_mixin.py:188} INFO - [2024-07-13T00:32:58.682+0000] {dagbag.py:545} INFO - Filling up the DagBag from /home/airflow/.local/lib/python3.11/site-packages/airflow/example_dags/example_dag_decorator.py
[2024-07-13T00:32:58.910+0000] {processor.py:840} INFO - DAG(s) 'example_dag_decorator' retrieved from /home/airflow/.local/lib/python3.11/site-packages/airflow/example_dags/example_dag_decorator.py
[2024-07-13T00:32:58.963+0000] {logging_mixin.py:188} INFO - [2024-07-13T00:32:58.962+0000] {dag.py:3096} INFO - Sync 1 DAGs
[2024-07-13T00:32:58.989+0000] {logging_mixin.py:188} INFO - [2024-07-13T00:32:58.988+0000] {dag.py:3954} INFO - Setting next_dagrun for example_dag_decorator to None, run_after=None
[2024-07-13T00:32:59.053+0000] {processor.py:183} INFO - Processing /home/airflow/.local/lib/python3.11/site-packages/airflow/example_dags/example_dag_decorator.py took 0.392 seconds
[2024-07-13T00:33:31.818+0000] {processor.py:161} INFO - Started process (PID=667) to work on /home/airflow/.local/lib/python3.11/site-packages/airflow/example_dags/example_dag_decorator.py
[2024-07-13T00:33:31.821+0000] {processor.py:830} INFO - Processing file /home/airflow/.local/lib/python3.11/site-packages/airflow/example_dags/example_dag_decorator.py for tasks to queue
[2024-07-13T00:33:31.823+0000] {logging_mixin.py:188} INFO - [2024-07-13T00:33:31.822+0000] {dagbag.py:545} INFO - Filling up the DagBag from /home/airflow/.local/lib/python3.11/site-packages/airflow/example_dags/example_dag_decorator.py
[2024-07-13T00:33:32.007+0000] {processor.py:840} INFO - DAG(s) 'example_dag_decorator' retrieved from /home/airflow/.local/lib/python3.11/site-packages/airflow/example_dags/example_dag_decorator.py
[2024-07-13T00:33:32.227+0000] {logging_mixin.py:188} INFO - [2024-07-13T00:33:32.226+0000] {dag.py:3096} INFO - Sync 1 DAGs
[2024-07-13T00:33:32.251+0000] {logging_mixin.py:188} INFO - [2024-07-13T00:33:32.251+0000] {dag.py:3954} INFO - Setting next_dagrun for example_dag_decorator to None, run_after=None
[2024-07-13T00:33:32.287+0000] {processor.py:183} INFO - Processing /home/airflow/.local/lib/python3.11/site-packages/airflow/example_dags/example_dag_decorator.py took 0.483 seconds
[2024-07-13T00:35:45.928+0000] {processor.py:161} INFO - Started process (PID=41) to work on /home/airflow/.local/lib/python3.11/site-packages/airflow/example_dags/example_dag_decorator.py
[2024-07-13T00:35:45.930+0000] {processor.py:830} INFO - Processing file /home/airflow/.local/lib/python3.11/site-packages/airflow/example_dags/example_dag_decorator.py for tasks to queue
[2024-07-13T00:35:45.933+0000] {logging_mixin.py:188} INFO - [2024-07-13T00:35:45.933+0000] {dagbag.py:545} INFO - Filling up the DagBag from /home/airflow/.local/lib/python3.11/site-packages/airflow/example_dags/example_dag_decorator.py
[2024-07-13T00:35:46.433+0000] {processor.py:840} INFO - DAG(s) 'example_dag_decorator' retrieved from /home/airflow/.local/lib/python3.11/site-packages/airflow/example_dags/example_dag_decorator.py
[2024-07-13T00:35:46.652+0000] {logging_mixin.py:188} INFO - [2024-07-13T00:35:46.651+0000] {dag.py:3096} INFO - Sync 1 DAGs
[2024-07-13T00:35:46.672+0000] {logging_mixin.py:188} INFO - [2024-07-13T00:35:46.672+0000] {dag.py:3954} INFO - Setting next_dagrun for example_dag_decorator to None, run_after=None
[2024-07-13T00:35:46.704+0000] {processor.py:183} INFO - Processing /home/airflow/.local/lib/python3.11/site-packages/airflow/example_dags/example_dag_decorator.py took 0.787 seconds
[2024-07-13T00:36:18.494+0000] {processor.py:161} INFO - Started process (PID=103) to work on /home/airflow/.local/lib/python3.11/site-packages/airflow/example_dags/example_dag_decorator.py
[2024-07-13T00:36:18.496+0000] {processor.py:830} INFO - Processing file /home/airflow/.local/lib/python3.11/site-packages/airflow/example_dags/example_dag_decorator.py for tasks to queue
[2024-07-13T00:36:18.499+0000] {logging_mixin.py:188} INFO - [2024-07-13T00:36:18.498+0000] {dagbag.py:545} INFO - Filling up the DagBag from /home/airflow/.local/lib/python3.11/site-packages/airflow/example_dags/example_dag_decorator.py
[2024-07-13T00:36:18.667+0000] {processor.py:840} INFO - DAG(s) 'example_dag_decorator' retrieved from /home/airflow/.local/lib/python3.11/site-packages/airflow/example_dags/example_dag_decorator.py
[2024-07-13T00:36:19.111+0000] {logging_mixin.py:188} INFO - [2024-07-13T00:36:19.110+0000] {dag.py:3096} INFO - Sync 1 DAGs
[2024-07-13T00:36:19.124+0000] {logging_mixin.py:188} INFO - [2024-07-13T00:36:19.124+0000] {dag.py:3954} INFO - Setting next_dagrun for example_dag_decorator to None, run_after=None
[2024-07-13T00:36:19.151+0000] {processor.py:183} INFO - Processing /home/airflow/.local/lib/python3.11/site-packages/airflow/example_dags/example_dag_decorator.py took 0.668 seconds
[2024-07-13T00:38:16.533+0000] {processor.py:161} INFO - Started process (PID=39) to work on /home/airflow/.local/lib/python3.11/site-packages/airflow/example_dags/example_dag_decorator.py
[2024-07-13T00:38:16.541+0000] {processor.py:830} INFO - Processing file /home/airflow/.local/lib/python3.11/site-packages/airflow/example_dags/example_dag_decorator.py for tasks to queue
[2024-07-13T00:38:16.544+0000] {logging_mixin.py:188} INFO - [2024-07-13T00:38:16.543+0000] {dagbag.py:545} INFO - Filling up the DagBag from /home/airflow/.local/lib/python3.11/site-packages/airflow/example_dags/example_dag_decorator.py
[2024-07-13T00:38:17.012+0000] {processor.py:840} INFO - DAG(s) 'example_dag_decorator' retrieved from /home/airflow/.local/lib/python3.11/site-packages/airflow/example_dags/example_dag_decorator.py
[2024-07-13T00:38:17.211+0000] {logging_mixin.py:188} INFO - [2024-07-13T00:38:17.210+0000] {dag.py:3096} INFO - Sync 1 DAGs
[2024-07-13T00:38:17.230+0000] {logging_mixin.py:188} INFO - [2024-07-13T00:38:17.230+0000] {dag.py:3954} INFO - Setting next_dagrun for example_dag_decorator to None, run_after=None
[2024-07-13T00:38:17.266+0000] {processor.py:183} INFO - Processing /home/airflow/.local/lib/python3.11/site-packages/airflow/example_dags/example_dag_decorator.py took 0.745 seconds
[2024-07-13T00:38:49.369+0000] {processor.py:161} INFO - Started process (PID=101) to work on /home/airflow/.local/lib/python3.11/site-packages/airflow/example_dags/example_dag_decorator.py
[2024-07-13T00:38:49.371+0000] {processor.py:830} INFO - Processing file /home/airflow/.local/lib/python3.11/site-packages/airflow/example_dags/example_dag_decorator.py for tasks to queue
[2024-07-13T00:38:49.374+0000] {logging_mixin.py:188} INFO - [2024-07-13T00:38:49.374+0000] {dagbag.py:545} INFO - Filling up the DagBag from /home/airflow/.local/lib/python3.11/site-packages/airflow/example_dags/example_dag_decorator.py
[2024-07-13T00:38:49.546+0000] {processor.py:840} INFO - DAG(s) 'example_dag_decorator' retrieved from /home/airflow/.local/lib/python3.11/site-packages/airflow/example_dags/example_dag_decorator.py
[2024-07-13T00:38:50.025+0000] {logging_mixin.py:188} INFO - [2024-07-13T00:38:50.025+0000] {dag.py:3096} INFO - Sync 1 DAGs
[2024-07-13T00:38:50.039+0000] {logging_mixin.py:188} INFO - [2024-07-13T00:38:50.038+0000] {dag.py:3954} INFO - Setting next_dagrun for example_dag_decorator to None, run_after=None
[2024-07-13T00:38:50.066+0000] {processor.py:183} INFO - Processing /home/airflow/.local/lib/python3.11/site-packages/airflow/example_dags/example_dag_decorator.py took 0.709 seconds
[2024-07-13T00:39:22.778+0000] {processor.py:161} INFO - Started process (PID=165) to work on /home/airflow/.local/lib/python3.11/site-packages/airflow/example_dags/example_dag_decorator.py
[2024-07-13T00:39:22.781+0000] {processor.py:830} INFO - Processing file /home/airflow/.local/lib/python3.11/site-packages/airflow/example_dags/example_dag_decorator.py for tasks to queue
[2024-07-13T00:39:22.785+0000] {logging_mixin.py:188} INFO - [2024-07-13T00:39:22.784+0000] {dagbag.py:545} INFO - Filling up the DagBag from /home/airflow/.local/lib/python3.11/site-packages/airflow/example_dags/example_dag_decorator.py
[2024-07-13T00:39:22.970+0000] {processor.py:840} INFO - DAG(s) 'example_dag_decorator' retrieved from /home/airflow/.local/lib/python3.11/site-packages/airflow/example_dags/example_dag_decorator.py
[2024-07-13T00:39:23.136+0000] {logging_mixin.py:188} INFO - [2024-07-13T00:39:23.136+0000] {dag.py:3096} INFO - Sync 1 DAGs
[2024-07-13T00:39:23.154+0000] {logging_mixin.py:188} INFO - [2024-07-13T00:39:23.153+0000] {dag.py:3954} INFO - Setting next_dagrun for example_dag_decorator to None, run_after=None
[2024-07-13T00:39:23.183+0000] {processor.py:183} INFO - Processing /home/airflow/.local/lib/python3.11/site-packages/airflow/example_dags/example_dag_decorator.py took 0.416 seconds
[2024-07-13T00:39:55.765+0000] {processor.py:161} INFO - Started process (PID=228) to work on /home/airflow/.local/lib/python3.11/site-packages/airflow/example_dags/example_dag_decorator.py
[2024-07-13T00:39:55.767+0000] {processor.py:830} INFO - Processing file /home/airflow/.local/lib/python3.11/site-packages/airflow/example_dags/example_dag_decorator.py for tasks to queue
[2024-07-13T00:39:55.770+0000] {logging_mixin.py:188} INFO - [2024-07-13T00:39:55.770+0000] {dagbag.py:545} INFO - Filling up the DagBag from /home/airflow/.local/lib/python3.11/site-packages/airflow/example_dags/example_dag_decorator.py
[2024-07-13T00:39:55.950+0000] {processor.py:840} INFO - DAG(s) 'example_dag_decorator' retrieved from /home/airflow/.local/lib/python3.11/site-packages/airflow/example_dags/example_dag_decorator.py
[2024-07-13T00:39:56.112+0000] {logging_mixin.py:188} INFO - [2024-07-13T00:39:56.111+0000] {dag.py:3096} INFO - Sync 1 DAGs
[2024-07-13T00:39:56.128+0000] {logging_mixin.py:188} INFO - [2024-07-13T00:39:56.128+0000] {dag.py:3954} INFO - Setting next_dagrun for example_dag_decorator to None, run_after=None
[2024-07-13T00:39:56.158+0000] {processor.py:183} INFO - Processing /home/airflow/.local/lib/python3.11/site-packages/airflow/example_dags/example_dag_decorator.py took 0.404 seconds
[2024-07-13T00:40:28.481+0000] {processor.py:161} INFO - Started process (PID=289) to work on /home/airflow/.local/lib/python3.11/site-packages/airflow/example_dags/example_dag_decorator.py
[2024-07-13T00:40:28.483+0000] {processor.py:830} INFO - Processing file /home/airflow/.local/lib/python3.11/site-packages/airflow/example_dags/example_dag_decorator.py for tasks to queue
[2024-07-13T00:40:28.487+0000] {logging_mixin.py:188} INFO - [2024-07-13T00:40:28.486+0000] {dagbag.py:545} INFO - Filling up the DagBag from /home/airflow/.local/lib/python3.11/site-packages/airflow/example_dags/example_dag_decorator.py
[2024-07-13T00:40:28.674+0000] {processor.py:840} INFO - DAG(s) 'example_dag_decorator' retrieved from /home/airflow/.local/lib/python3.11/site-packages/airflow/example_dags/example_dag_decorator.py
[2024-07-13T00:40:28.862+0000] {logging_mixin.py:188} INFO - [2024-07-13T00:40:28.861+0000] {dag.py:3096} INFO - Sync 1 DAGs
[2024-07-13T00:40:28.881+0000] {logging_mixin.py:188} INFO - [2024-07-13T00:40:28.881+0000] {dag.py:3954} INFO - Setting next_dagrun for example_dag_decorator to None, run_after=None
[2024-07-13T00:40:28.916+0000] {processor.py:183} INFO - Processing /home/airflow/.local/lib/python3.11/site-packages/airflow/example_dags/example_dag_decorator.py took 0.448 seconds
[2024-07-13T00:41:05.895+0000] {processor.py:161} INFO - Started process (PID=355) to work on /home/airflow/.local/lib/python3.11/site-packages/airflow/example_dags/example_dag_decorator.py
[2024-07-13T00:41:05.900+0000] {processor.py:830} INFO - Processing file /home/airflow/.local/lib/python3.11/site-packages/airflow/example_dags/example_dag_decorator.py for tasks to queue
[2024-07-13T00:41:05.910+0000] {logging_mixin.py:188} INFO - [2024-07-13T00:41:05.907+0000] {dagbag.py:545} INFO - Filling up the DagBag from /home/airflow/.local/lib/python3.11/site-packages/airflow/example_dags/example_dag_decorator.py
[2024-07-13T00:41:06.394+0000] {processor.py:840} INFO - DAG(s) 'example_dag_decorator' retrieved from /home/airflow/.local/lib/python3.11/site-packages/airflow/example_dags/example_dag_decorator.py
[2024-07-13T00:41:06.506+0000] {logging_mixin.py:188} INFO - [2024-07-13T00:41:06.504+0000] {dag.py:3096} INFO - Sync 1 DAGs
[2024-07-13T00:41:06.554+0000] {logging_mixin.py:188} INFO - [2024-07-13T00:41:06.553+0000] {dag.py:3954} INFO - Setting next_dagrun for example_dag_decorator to None, run_after=None
[2024-07-13T00:41:06.620+0000] {processor.py:183} INFO - Processing /home/airflow/.local/lib/python3.11/site-packages/airflow/example_dags/example_dag_decorator.py took 0.763 seconds
[2024-07-13T00:41:40.229+0000] {processor.py:161} INFO - Started process (PID=416) to work on /home/airflow/.local/lib/python3.11/site-packages/airflow/example_dags/example_dag_decorator.py
[2024-07-13T00:41:40.231+0000] {processor.py:830} INFO - Processing file /home/airflow/.local/lib/python3.11/site-packages/airflow/example_dags/example_dag_decorator.py for tasks to queue
[2024-07-13T00:41:40.235+0000] {logging_mixin.py:188} INFO - [2024-07-13T00:41:40.234+0000] {dagbag.py:545} INFO - Filling up the DagBag from /home/airflow/.local/lib/python3.11/site-packages/airflow/example_dags/example_dag_decorator.py
[2024-07-13T00:41:40.479+0000] {processor.py:840} INFO - DAG(s) 'example_dag_decorator' retrieved from /home/airflow/.local/lib/python3.11/site-packages/airflow/example_dags/example_dag_decorator.py
[2024-07-13T00:41:40.549+0000] {logging_mixin.py:188} INFO - [2024-07-13T00:41:40.548+0000] {dag.py:3096} INFO - Sync 1 DAGs
[2024-07-13T00:41:40.581+0000] {logging_mixin.py:188} INFO - [2024-07-13T00:41:40.580+0000] {dag.py:3954} INFO - Setting next_dagrun for example_dag_decorator to None, run_after=None
[2024-07-13T00:41:40.617+0000] {processor.py:183} INFO - Processing /home/airflow/.local/lib/python3.11/site-packages/airflow/example_dags/example_dag_decorator.py took 0.402 seconds
[2024-07-13T00:42:13.528+0000] {processor.py:161} INFO - Started process (PID=478) to work on /home/airflow/.local/lib/python3.11/site-packages/airflow/example_dags/example_dag_decorator.py
[2024-07-13T00:42:13.536+0000] {processor.py:830} INFO - Processing file /home/airflow/.local/lib/python3.11/site-packages/airflow/example_dags/example_dag_decorator.py for tasks to queue
[2024-07-13T00:42:13.542+0000] {logging_mixin.py:188} INFO - [2024-07-13T00:42:13.541+0000] {dagbag.py:545} INFO - Filling up the DagBag from /home/airflow/.local/lib/python3.11/site-packages/airflow/example_dags/example_dag_decorator.py
[2024-07-13T00:42:13.825+0000] {processor.py:840} INFO - DAG(s) 'example_dag_decorator' retrieved from /home/airflow/.local/lib/python3.11/site-packages/airflow/example_dags/example_dag_decorator.py
[2024-07-13T00:42:14.468+0000] {logging_mixin.py:188} INFO - [2024-07-13T00:42:14.467+0000] {dag.py:3096} INFO - Sync 1 DAGs
[2024-07-13T00:42:14.489+0000] {logging_mixin.py:188} INFO - [2024-07-13T00:42:14.489+0000] {dag.py:3954} INFO - Setting next_dagrun for example_dag_decorator to None, run_after=None
[2024-07-13T00:42:14.527+0000] {processor.py:183} INFO - Processing /home/airflow/.local/lib/python3.11/site-packages/airflow/example_dags/example_dag_decorator.py took 1.022 seconds
[2024-07-13T00:43:59.986+0000] {processor.py:161} INFO - Started process (PID=40) to work on /home/airflow/.local/lib/python3.11/site-packages/airflow/example_dags/example_dag_decorator.py
[2024-07-13T00:43:59.988+0000] {processor.py:830} INFO - Processing file /home/airflow/.local/lib/python3.11/site-packages/airflow/example_dags/example_dag_decorator.py for tasks to queue
[2024-07-13T00:43:59.992+0000] {logging_mixin.py:188} INFO - [2024-07-13T00:43:59.991+0000] {dagbag.py:545} INFO - Filling up the DagBag from /home/airflow/.local/lib/python3.11/site-packages/airflow/example_dags/example_dag_decorator.py
[2024-07-13T00:44:00.541+0000] {processor.py:840} INFO - DAG(s) 'example_dag_decorator' retrieved from /home/airflow/.local/lib/python3.11/site-packages/airflow/example_dags/example_dag_decorator.py
[2024-07-13T00:44:00.703+0000] {logging_mixin.py:188} INFO - [2024-07-13T00:44:00.702+0000] {dag.py:3096} INFO - Sync 1 DAGs
[2024-07-13T00:44:00.719+0000] {logging_mixin.py:188} INFO - [2024-07-13T00:44:00.718+0000] {dag.py:3954} INFO - Setting next_dagrun for example_dag_decorator to None, run_after=None
[2024-07-13T00:44:00.748+0000] {processor.py:183} INFO - Processing /home/airflow/.local/lib/python3.11/site-packages/airflow/example_dags/example_dag_decorator.py took 0.778 seconds
[2024-07-13T00:44:32.273+0000] {processor.py:161} INFO - Started process (PID=102) to work on /home/airflow/.local/lib/python3.11/site-packages/airflow/example_dags/example_dag_decorator.py
[2024-07-13T00:44:32.275+0000] {processor.py:830} INFO - Processing file /home/airflow/.local/lib/python3.11/site-packages/airflow/example_dags/example_dag_decorator.py for tasks to queue
[2024-07-13T00:44:32.280+0000] {logging_mixin.py:188} INFO - [2024-07-13T00:44:32.279+0000] {dagbag.py:545} INFO - Filling up the DagBag from /home/airflow/.local/lib/python3.11/site-packages/airflow/example_dags/example_dag_decorator.py
[2024-07-13T00:44:32.474+0000] {processor.py:840} INFO - DAG(s) 'example_dag_decorator' retrieved from /home/airflow/.local/lib/python3.11/site-packages/airflow/example_dags/example_dag_decorator.py
[2024-07-13T00:44:32.959+0000] {logging_mixin.py:188} INFO - [2024-07-13T00:44:32.957+0000] {dag.py:3096} INFO - Sync 1 DAGs
[2024-07-13T00:44:32.979+0000] {logging_mixin.py:188} INFO - [2024-07-13T00:44:32.979+0000] {dag.py:3954} INFO - Setting next_dagrun for example_dag_decorator to None, run_after=None
[2024-07-13T00:44:33.015+0000] {processor.py:183} INFO - Processing /home/airflow/.local/lib/python3.11/site-packages/airflow/example_dags/example_dag_decorator.py took 0.754 seconds
[2024-07-13T00:45:05.066+0000] {processor.py:161} INFO - Started process (PID=163) to work on /home/airflow/.local/lib/python3.11/site-packages/airflow/example_dags/example_dag_decorator.py
[2024-07-13T00:45:05.068+0000] {processor.py:830} INFO - Processing file /home/airflow/.local/lib/python3.11/site-packages/airflow/example_dags/example_dag_decorator.py for tasks to queue
[2024-07-13T00:45:05.071+0000] {logging_mixin.py:188} INFO - [2024-07-13T00:45:05.070+0000] {dagbag.py:545} INFO - Filling up the DagBag from /home/airflow/.local/lib/python3.11/site-packages/airflow/example_dags/example_dag_decorator.py
[2024-07-13T00:45:05.237+0000] {processor.py:840} INFO - DAG(s) 'example_dag_decorator' retrieved from /home/airflow/.local/lib/python3.11/site-packages/airflow/example_dags/example_dag_decorator.py
[2024-07-13T00:45:05.402+0000] {logging_mixin.py:188} INFO - [2024-07-13T00:45:05.401+0000] {dag.py:3096} INFO - Sync 1 DAGs
[2024-07-13T00:45:05.418+0000] {logging_mixin.py:188} INFO - [2024-07-13T00:45:05.418+0000] {dag.py:3954} INFO - Setting next_dagrun for example_dag_decorator to None, run_after=None
[2024-07-13T00:45:05.449+0000] {processor.py:183} INFO - Processing /home/airflow/.local/lib/python3.11/site-packages/airflow/example_dags/example_dag_decorator.py took 0.394 seconds
[2024-07-13T00:45:38.030+0000] {processor.py:161} INFO - Started process (PID=225) to work on /home/airflow/.local/lib/python3.11/site-packages/airflow/example_dags/example_dag_decorator.py
[2024-07-13T00:45:38.033+0000] {processor.py:830} INFO - Processing file /home/airflow/.local/lib/python3.11/site-packages/airflow/example_dags/example_dag_decorator.py for tasks to queue
[2024-07-13T00:45:38.036+0000] {logging_mixin.py:188} INFO - [2024-07-13T00:45:38.035+0000] {dagbag.py:545} INFO - Filling up the DagBag from /home/airflow/.local/lib/python3.11/site-packages/airflow/example_dags/example_dag_decorator.py
[2024-07-13T00:45:38.208+0000] {processor.py:840} INFO - DAG(s) 'example_dag_decorator' retrieved from /home/airflow/.local/lib/python3.11/site-packages/airflow/example_dags/example_dag_decorator.py
[2024-07-13T00:45:38.406+0000] {logging_mixin.py:188} INFO - [2024-07-13T00:45:38.405+0000] {dag.py:3096} INFO - Sync 1 DAGs
[2024-07-13T00:45:38.425+0000] {logging_mixin.py:188} INFO - [2024-07-13T00:45:38.424+0000] {dag.py:3954} INFO - Setting next_dagrun for example_dag_decorator to None, run_after=None
[2024-07-13T00:45:38.453+0000] {processor.py:183} INFO - Processing /home/airflow/.local/lib/python3.11/site-packages/airflow/example_dags/example_dag_decorator.py took 0.434 seconds
[2024-07-13T00:46:10.698+0000] {processor.py:161} INFO - Started process (PID=286) to work on /home/airflow/.local/lib/python3.11/site-packages/airflow/example_dags/example_dag_decorator.py
[2024-07-13T00:46:10.700+0000] {processor.py:830} INFO - Processing file /home/airflow/.local/lib/python3.11/site-packages/airflow/example_dags/example_dag_decorator.py for tasks to queue
[2024-07-13T00:46:10.705+0000] {logging_mixin.py:188} INFO - [2024-07-13T00:46:10.704+0000] {dagbag.py:545} INFO - Filling up the DagBag from /home/airflow/.local/lib/python3.11/site-packages/airflow/example_dags/example_dag_decorator.py
[2024-07-13T00:46:10.870+0000] {processor.py:840} INFO - DAG(s) 'example_dag_decorator' retrieved from /home/airflow/.local/lib/python3.11/site-packages/airflow/example_dags/example_dag_decorator.py
[2024-07-13T00:46:11.040+0000] {logging_mixin.py:188} INFO - [2024-07-13T00:46:11.039+0000] {dag.py:3096} INFO - Sync 1 DAGs
[2024-07-13T00:46:11.055+0000] {logging_mixin.py:188} INFO - [2024-07-13T00:46:11.055+0000] {dag.py:3954} INFO - Setting next_dagrun for example_dag_decorator to None, run_after=None
[2024-07-13T00:46:11.082+0000] {processor.py:183} INFO - Processing /home/airflow/.local/lib/python3.11/site-packages/airflow/example_dags/example_dag_decorator.py took 0.397 seconds
[2024-07-13T00:46:44.101+0000] {processor.py:161} INFO - Started process (PID=354) to work on /home/airflow/.local/lib/python3.11/site-packages/airflow/example_dags/example_dag_decorator.py
[2024-07-13T00:46:44.103+0000] {processor.py:830} INFO - Processing file /home/airflow/.local/lib/python3.11/site-packages/airflow/example_dags/example_dag_decorator.py for tasks to queue
[2024-07-13T00:46:44.108+0000] {logging_mixin.py:188} INFO - [2024-07-13T00:46:44.107+0000] {dagbag.py:545} INFO - Filling up the DagBag from /home/airflow/.local/lib/python3.11/site-packages/airflow/example_dags/example_dag_decorator.py
[2024-07-13T00:46:44.296+0000] {processor.py:840} INFO - DAG(s) 'example_dag_decorator' retrieved from /home/airflow/.local/lib/python3.11/site-packages/airflow/example_dags/example_dag_decorator.py
[2024-07-13T00:46:44.339+0000] {logging_mixin.py:188} INFO - [2024-07-13T00:46:44.338+0000] {dag.py:3096} INFO - Sync 1 DAGs
[2024-07-13T00:46:44.359+0000] {logging_mixin.py:188} INFO - [2024-07-13T00:46:44.359+0000] {dag.py:3954} INFO - Setting next_dagrun for example_dag_decorator to None, run_after=None
[2024-07-13T00:46:44.387+0000] {processor.py:183} INFO - Processing /home/airflow/.local/lib/python3.11/site-packages/airflow/example_dags/example_dag_decorator.py took 0.302 seconds
[2024-07-13T00:47:17.638+0000] {processor.py:161} INFO - Started process (PID=415) to work on /home/airflow/.local/lib/python3.11/site-packages/airflow/example_dags/example_dag_decorator.py
[2024-07-13T00:47:17.640+0000] {processor.py:830} INFO - Processing file /home/airflow/.local/lib/python3.11/site-packages/airflow/example_dags/example_dag_decorator.py for tasks to queue
[2024-07-13T00:47:17.643+0000] {logging_mixin.py:188} INFO - [2024-07-13T00:47:17.643+0000] {dagbag.py:545} INFO - Filling up the DagBag from /home/airflow/.local/lib/python3.11/site-packages/airflow/example_dags/example_dag_decorator.py
[2024-07-13T00:47:17.804+0000] {processor.py:840} INFO - DAG(s) 'example_dag_decorator' retrieved from /home/airflow/.local/lib/python3.11/site-packages/airflow/example_dags/example_dag_decorator.py
[2024-07-13T00:47:18.011+0000] {logging_mixin.py:188} INFO - [2024-07-13T00:47:18.010+0000] {dag.py:3096} INFO - Sync 1 DAGs
[2024-07-13T00:47:18.028+0000] {logging_mixin.py:188} INFO - [2024-07-13T00:47:18.028+0000] {dag.py:3954} INFO - Setting next_dagrun for example_dag_decorator to None, run_after=None
[2024-07-13T00:47:18.056+0000] {processor.py:183} INFO - Processing /home/airflow/.local/lib/python3.11/site-packages/airflow/example_dags/example_dag_decorator.py took 0.431 seconds
[2024-07-13T00:47:53.444+0000] {processor.py:161} INFO - Started process (PID=476) to work on /home/airflow/.local/lib/python3.11/site-packages/airflow/example_dags/example_dag_decorator.py
[2024-07-13T00:47:53.451+0000] {processor.py:830} INFO - Processing file /home/airflow/.local/lib/python3.11/site-packages/airflow/example_dags/example_dag_decorator.py for tasks to queue
[2024-07-13T00:47:53.455+0000] {logging_mixin.py:188} INFO - [2024-07-13T00:47:53.454+0000] {dagbag.py:545} INFO - Filling up the DagBag from /home/airflow/.local/lib/python3.11/site-packages/airflow/example_dags/example_dag_decorator.py
[2024-07-13T00:47:53.882+0000] {processor.py:840} INFO - DAG(s) 'example_dag_decorator' retrieved from /home/airflow/.local/lib/python3.11/site-packages/airflow/example_dags/example_dag_decorator.py
[2024-07-13T00:47:54.648+0000] {logging_mixin.py:188} INFO - [2024-07-13T00:47:54.647+0000] {dag.py:3096} INFO - Sync 1 DAGs
[2024-07-13T00:47:54.667+0000] {logging_mixin.py:188} INFO - [2024-07-13T00:47:54.667+0000] {dag.py:3954} INFO - Setting next_dagrun for example_dag_decorator to None, run_after=None
[2024-07-13T00:47:54.710+0000] {processor.py:183} INFO - Processing /home/airflow/.local/lib/python3.11/site-packages/airflow/example_dags/example_dag_decorator.py took 1.304 seconds
[2024-07-13T00:48:29.131+0000] {processor.py:161} INFO - Started process (PID=538) to work on /home/airflow/.local/lib/python3.11/site-packages/airflow/example_dags/example_dag_decorator.py
[2024-07-13T00:48:29.134+0000] {processor.py:830} INFO - Processing file /home/airflow/.local/lib/python3.11/site-packages/airflow/example_dags/example_dag_decorator.py for tasks to queue
[2024-07-13T00:48:29.137+0000] {logging_mixin.py:188} INFO - [2024-07-13T00:48:29.137+0000] {dagbag.py:545} INFO - Filling up the DagBag from /home/airflow/.local/lib/python3.11/site-packages/airflow/example_dags/example_dag_decorator.py
[2024-07-13T00:48:29.344+0000] {processor.py:840} INFO - DAG(s) 'example_dag_decorator' retrieved from /home/airflow/.local/lib/python3.11/site-packages/airflow/example_dags/example_dag_decorator.py
[2024-07-13T00:48:29.547+0000] {logging_mixin.py:188} INFO - [2024-07-13T00:48:29.546+0000] {dag.py:3096} INFO - Sync 1 DAGs
[2024-07-13T00:48:29.563+0000] {logging_mixin.py:188} INFO - [2024-07-13T00:48:29.562+0000] {dag.py:3954} INFO - Setting next_dagrun for example_dag_decorator to None, run_after=None
[2024-07-13T00:48:29.591+0000] {processor.py:183} INFO - Processing /home/airflow/.local/lib/python3.11/site-packages/airflow/example_dags/example_dag_decorator.py took 0.477 seconds
[2024-07-13T00:49:03.558+0000] {processor.py:161} INFO - Started process (PID=600) to work on /home/airflow/.local/lib/python3.11/site-packages/airflow/example_dags/example_dag_decorator.py
[2024-07-13T00:49:03.561+0000] {processor.py:830} INFO - Processing file /home/airflow/.local/lib/python3.11/site-packages/airflow/example_dags/example_dag_decorator.py for tasks to queue
[2024-07-13T00:49:03.565+0000] {logging_mixin.py:188} INFO - [2024-07-13T00:49:03.564+0000] {dagbag.py:545} INFO - Filling up the DagBag from /home/airflow/.local/lib/python3.11/site-packages/airflow/example_dags/example_dag_decorator.py
[2024-07-13T00:49:03.789+0000] {processor.py:840} INFO - DAG(s) 'example_dag_decorator' retrieved from /home/airflow/.local/lib/python3.11/site-packages/airflow/example_dags/example_dag_decorator.py
[2024-07-13T00:49:03.998+0000] {logging_mixin.py:188} INFO - [2024-07-13T00:49:03.997+0000] {dag.py:3096} INFO - Sync 1 DAGs
[2024-07-13T00:49:04.019+0000] {logging_mixin.py:188} INFO - [2024-07-13T00:49:04.019+0000] {dag.py:3954} INFO - Setting next_dagrun for example_dag_decorator to None, run_after=None
[2024-07-13T00:49:04.055+0000] {processor.py:183} INFO - Processing /home/airflow/.local/lib/python3.11/site-packages/airflow/example_dags/example_dag_decorator.py took 0.511 seconds
[2024-07-13T00:49:37.272+0000] {processor.py:161} INFO - Started process (PID=662) to work on /home/airflow/.local/lib/python3.11/site-packages/airflow/example_dags/example_dag_decorator.py
[2024-07-13T00:49:37.275+0000] {processor.py:830} INFO - Processing file /home/airflow/.local/lib/python3.11/site-packages/airflow/example_dags/example_dag_decorator.py for tasks to queue
[2024-07-13T00:49:37.279+0000] {logging_mixin.py:188} INFO - [2024-07-13T00:49:37.278+0000] {dagbag.py:545} INFO - Filling up the DagBag from /home/airflow/.local/lib/python3.11/site-packages/airflow/example_dags/example_dag_decorator.py
[2024-07-13T00:49:37.521+0000] {processor.py:840} INFO - DAG(s) 'example_dag_decorator' retrieved from /home/airflow/.local/lib/python3.11/site-packages/airflow/example_dags/example_dag_decorator.py
[2024-07-13T00:49:37.740+0000] {logging_mixin.py:188} INFO - [2024-07-13T00:49:37.739+0000] {dag.py:3096} INFO - Sync 1 DAGs
[2024-07-13T00:49:37.761+0000] {logging_mixin.py:188} INFO - [2024-07-13T00:49:37.760+0000] {dag.py:3954} INFO - Setting next_dagrun for example_dag_decorator to None, run_after=None
[2024-07-13T00:49:37.793+0000] {processor.py:183} INFO - Processing /home/airflow/.local/lib/python3.11/site-packages/airflow/example_dags/example_dag_decorator.py took 0.536 seconds
[2024-07-13T00:50:11.008+0000] {processor.py:161} INFO - Started process (PID=726) to work on /home/airflow/.local/lib/python3.11/site-packages/airflow/example_dags/example_dag_decorator.py
[2024-07-13T00:50:11.012+0000] {processor.py:830} INFO - Processing file /home/airflow/.local/lib/python3.11/site-packages/airflow/example_dags/example_dag_decorator.py for tasks to queue
[2024-07-13T00:50:11.017+0000] {logging_mixin.py:188} INFO - [2024-07-13T00:50:11.016+0000] {dagbag.py:545} INFO - Filling up the DagBag from /home/airflow/.local/lib/python3.11/site-packages/airflow/example_dags/example_dag_decorator.py
[2024-07-13T00:50:11.243+0000] {processor.py:840} INFO - DAG(s) 'example_dag_decorator' retrieved from /home/airflow/.local/lib/python3.11/site-packages/airflow/example_dags/example_dag_decorator.py
[2024-07-13T00:50:11.407+0000] {logging_mixin.py:188} INFO - [2024-07-13T00:50:11.406+0000] {dag.py:3096} INFO - Sync 1 DAGs
[2024-07-13T00:50:11.702+0000] {logging_mixin.py:188} INFO - [2024-07-13T00:50:11.702+0000] {dag.py:3954} INFO - Setting next_dagrun for example_dag_decorator to None, run_after=None
[2024-07-13T00:50:11.727+0000] {processor.py:183} INFO - Processing /home/airflow/.local/lib/python3.11/site-packages/airflow/example_dags/example_dag_decorator.py took 0.733 seconds
[2024-07-13T00:50:41.842+0000] {processor.py:161} INFO - Started process (PID=787) to work on /home/airflow/.local/lib/python3.11/site-packages/airflow/example_dags/example_dag_decorator.py
[2024-07-13T00:50:41.844+0000] {processor.py:830} INFO - Processing file /home/airflow/.local/lib/python3.11/site-packages/airflow/example_dags/example_dag_decorator.py for tasks to queue
[2024-07-13T00:50:41.847+0000] {logging_mixin.py:188} INFO - [2024-07-13T00:50:41.847+0000] {dagbag.py:545} INFO - Filling up the DagBag from /home/airflow/.local/lib/python3.11/site-packages/airflow/example_dags/example_dag_decorator.py
[2024-07-13T00:50:42.063+0000] {processor.py:840} INFO - DAG(s) 'example_dag_decorator' retrieved from /home/airflow/.local/lib/python3.11/site-packages/airflow/example_dags/example_dag_decorator.py
[2024-07-13T00:50:42.278+0000] {logging_mixin.py:188} INFO - [2024-07-13T00:50:42.277+0000] {dag.py:3096} INFO - Sync 1 DAGs
[2024-07-13T00:50:42.645+0000] {logging_mixin.py:188} INFO - [2024-07-13T00:50:42.645+0000] {dag.py:3954} INFO - Setting next_dagrun for example_dag_decorator to None, run_after=None
[2024-07-13T00:50:42.679+0000] {processor.py:183} INFO - Processing /home/airflow/.local/lib/python3.11/site-packages/airflow/example_dags/example_dag_decorator.py took 0.853 seconds
[2024-07-13T00:51:14.925+0000] {processor.py:161} INFO - Started process (PID=856) to work on /home/airflow/.local/lib/python3.11/site-packages/airflow/example_dags/example_dag_decorator.py
[2024-07-13T00:51:14.928+0000] {processor.py:830} INFO - Processing file /home/airflow/.local/lib/python3.11/site-packages/airflow/example_dags/example_dag_decorator.py for tasks to queue
[2024-07-13T00:51:14.932+0000] {logging_mixin.py:188} INFO - [2024-07-13T00:51:14.931+0000] {dagbag.py:545} INFO - Filling up the DagBag from /home/airflow/.local/lib/python3.11/site-packages/airflow/example_dags/example_dag_decorator.py
[2024-07-13T00:51:15.484+0000] {processor.py:840} INFO - DAG(s) 'example_dag_decorator' retrieved from /home/airflow/.local/lib/python3.11/site-packages/airflow/example_dags/example_dag_decorator.py
[2024-07-13T00:51:15.695+0000] {logging_mixin.py:188} INFO - [2024-07-13T00:51:15.694+0000] {dag.py:3096} INFO - Sync 1 DAGs
[2024-07-13T00:51:15.711+0000] {logging_mixin.py:188} INFO - [2024-07-13T00:51:15.711+0000] {dag.py:3954} INFO - Setting next_dagrun for example_dag_decorator to None, run_after=None
[2024-07-13T00:51:15.743+0000] {processor.py:183} INFO - Processing /home/airflow/.local/lib/python3.11/site-packages/airflow/example_dags/example_dag_decorator.py took 0.834 seconds
[2024-07-13T00:51:45.814+0000] {processor.py:161} INFO - Started process (PID=918) to work on /home/airflow/.local/lib/python3.11/site-packages/airflow/example_dags/example_dag_decorator.py
[2024-07-13T00:51:45.817+0000] {processor.py:830} INFO - Processing file /home/airflow/.local/lib/python3.11/site-packages/airflow/example_dags/example_dag_decorator.py for tasks to queue
[2024-07-13T00:51:45.820+0000] {logging_mixin.py:188} INFO - [2024-07-13T00:51:45.820+0000] {dagbag.py:545} INFO - Filling up the DagBag from /home/airflow/.local/lib/python3.11/site-packages/airflow/example_dags/example_dag_decorator.py
[2024-07-13T00:51:46.025+0000] {processor.py:840} INFO - DAG(s) 'example_dag_decorator' retrieved from /home/airflow/.local/lib/python3.11/site-packages/airflow/example_dags/example_dag_decorator.py
[2024-07-13T00:51:46.182+0000] {logging_mixin.py:188} INFO - [2024-07-13T00:51:46.181+0000] {dag.py:3096} INFO - Sync 1 DAGs
[2024-07-13T00:51:46.197+0000] {logging_mixin.py:188} INFO - [2024-07-13T00:51:46.197+0000] {dag.py:3954} INFO - Setting next_dagrun for example_dag_decorator to None, run_after=None
[2024-07-13T00:51:46.226+0000] {processor.py:183} INFO - Processing /home/airflow/.local/lib/python3.11/site-packages/airflow/example_dags/example_dag_decorator.py took 0.426 seconds
[2024-07-13T00:52:17.071+0000] {processor.py:161} INFO - Started process (PID=981) to work on /home/airflow/.local/lib/python3.11/site-packages/airflow/example_dags/example_dag_decorator.py
[2024-07-13T00:52:17.073+0000] {processor.py:830} INFO - Processing file /home/airflow/.local/lib/python3.11/site-packages/airflow/example_dags/example_dag_decorator.py for tasks to queue
[2024-07-13T00:52:17.075+0000] {logging_mixin.py:188} INFO - [2024-07-13T00:52:17.075+0000] {dagbag.py:545} INFO - Filling up the DagBag from /home/airflow/.local/lib/python3.11/site-packages/airflow/example_dags/example_dag_decorator.py
[2024-07-13T00:52:17.234+0000] {processor.py:840} INFO - DAG(s) 'example_dag_decorator' retrieved from /home/airflow/.local/lib/python3.11/site-packages/airflow/example_dags/example_dag_decorator.py
[2024-07-13T00:52:17.394+0000] {logging_mixin.py:188} INFO - [2024-07-13T00:52:17.394+0000] {dag.py:3096} INFO - Sync 1 DAGs
[2024-07-13T00:52:17.414+0000] {logging_mixin.py:188} INFO - [2024-07-13T00:52:17.413+0000] {dag.py:3954} INFO - Setting next_dagrun for example_dag_decorator to None, run_after=None
[2024-07-13T00:52:17.444+0000] {processor.py:183} INFO - Processing /home/airflow/.local/lib/python3.11/site-packages/airflow/example_dags/example_dag_decorator.py took 0.384 seconds
[2024-07-13T00:52:47.601+0000] {processor.py:161} INFO - Started process (PID=1044) to work on /home/airflow/.local/lib/python3.11/site-packages/airflow/example_dags/example_dag_decorator.py
[2024-07-13T00:52:47.603+0000] {processor.py:830} INFO - Processing file /home/airflow/.local/lib/python3.11/site-packages/airflow/example_dags/example_dag_decorator.py for tasks to queue
[2024-07-13T00:52:47.607+0000] {logging_mixin.py:188} INFO - [2024-07-13T00:52:47.606+0000] {dagbag.py:545} INFO - Filling up the DagBag from /home/airflow/.local/lib/python3.11/site-packages/airflow/example_dags/example_dag_decorator.py
[2024-07-13T00:52:47.804+0000] {processor.py:840} INFO - DAG(s) 'example_dag_decorator' retrieved from /home/airflow/.local/lib/python3.11/site-packages/airflow/example_dags/example_dag_decorator.py
[2024-07-13T00:52:47.963+0000] {logging_mixin.py:188} INFO - [2024-07-13T00:52:47.962+0000] {dag.py:3096} INFO - Sync 1 DAGs
[2024-07-13T00:52:47.978+0000] {logging_mixin.py:188} INFO - [2024-07-13T00:52:47.977+0000] {dag.py:3954} INFO - Setting next_dagrun for example_dag_decorator to None, run_after=None
[2024-07-13T00:52:48.004+0000] {processor.py:183} INFO - Processing /home/airflow/.local/lib/python3.11/site-packages/airflow/example_dags/example_dag_decorator.py took 0.415 seconds
[2024-07-13T00:53:18.047+0000] {processor.py:161} INFO - Started process (PID=1106) to work on /home/airflow/.local/lib/python3.11/site-packages/airflow/example_dags/example_dag_decorator.py
[2024-07-13T00:53:18.049+0000] {processor.py:830} INFO - Processing file /home/airflow/.local/lib/python3.11/site-packages/airflow/example_dags/example_dag_decorator.py for tasks to queue
[2024-07-13T00:53:18.053+0000] {logging_mixin.py:188} INFO - [2024-07-13T00:53:18.053+0000] {dagbag.py:545} INFO - Filling up the DagBag from /home/airflow/.local/lib/python3.11/site-packages/airflow/example_dags/example_dag_decorator.py
[2024-07-13T00:53:18.234+0000] {processor.py:840} INFO - DAG(s) 'example_dag_decorator' retrieved from /home/airflow/.local/lib/python3.11/site-packages/airflow/example_dags/example_dag_decorator.py
[2024-07-13T00:53:18.395+0000] {logging_mixin.py:188} INFO - [2024-07-13T00:53:18.395+0000] {dag.py:3096} INFO - Sync 1 DAGs
[2024-07-13T00:53:18.411+0000] {logging_mixin.py:188} INFO - [2024-07-13T00:53:18.411+0000] {dag.py:3954} INFO - Setting next_dagrun for example_dag_decorator to None, run_after=None
[2024-07-13T00:53:18.443+0000] {processor.py:183} INFO - Processing /home/airflow/.local/lib/python3.11/site-packages/airflow/example_dags/example_dag_decorator.py took 0.409 seconds
[2024-07-13T00:53:50.355+0000] {processor.py:161} INFO - Started process (PID=1168) to work on /home/airflow/.local/lib/python3.11/site-packages/airflow/example_dags/example_dag_decorator.py
[2024-07-13T00:53:50.358+0000] {processor.py:830} INFO - Processing file /home/airflow/.local/lib/python3.11/site-packages/airflow/example_dags/example_dag_decorator.py for tasks to queue
[2024-07-13T00:53:50.361+0000] {logging_mixin.py:188} INFO - [2024-07-13T00:53:50.361+0000] {dagbag.py:545} INFO - Filling up the DagBag from /home/airflow/.local/lib/python3.11/site-packages/airflow/example_dags/example_dag_decorator.py
[2024-07-13T00:53:50.520+0000] {processor.py:840} INFO - DAG(s) 'example_dag_decorator' retrieved from /home/airflow/.local/lib/python3.11/site-packages/airflow/example_dags/example_dag_decorator.py
[2024-07-13T00:53:50.563+0000] {logging_mixin.py:188} INFO - [2024-07-13T00:53:50.562+0000] {dag.py:3096} INFO - Sync 1 DAGs
[2024-07-13T00:53:50.585+0000] {logging_mixin.py:188} INFO - [2024-07-13T00:53:50.584+0000] {dag.py:3954} INFO - Setting next_dagrun for example_dag_decorator to None, run_after=None
[2024-07-13T00:53:50.615+0000] {processor.py:183} INFO - Processing /home/airflow/.local/lib/python3.11/site-packages/airflow/example_dags/example_dag_decorator.py took 0.272 seconds
[2024-07-13T00:54:21.215+0000] {processor.py:161} INFO - Started process (PID=1230) to work on /home/airflow/.local/lib/python3.11/site-packages/airflow/example_dags/example_dag_decorator.py
[2024-07-13T00:54:21.217+0000] {processor.py:830} INFO - Processing file /home/airflow/.local/lib/python3.11/site-packages/airflow/example_dags/example_dag_decorator.py for tasks to queue
[2024-07-13T00:54:21.223+0000] {logging_mixin.py:188} INFO - [2024-07-13T00:54:21.222+0000] {dagbag.py:545} INFO - Filling up the DagBag from /home/airflow/.local/lib/python3.11/site-packages/airflow/example_dags/example_dag_decorator.py
[2024-07-13T00:54:21.402+0000] {processor.py:840} INFO - DAG(s) 'example_dag_decorator' retrieved from /home/airflow/.local/lib/python3.11/site-packages/airflow/example_dags/example_dag_decorator.py
[2024-07-13T00:54:21.568+0000] {logging_mixin.py:188} INFO - [2024-07-13T00:54:21.567+0000] {dag.py:3096} INFO - Sync 1 DAGs
[2024-07-13T00:54:21.585+0000] {logging_mixin.py:188} INFO - [2024-07-13T00:54:21.584+0000] {dag.py:3954} INFO - Setting next_dagrun for example_dag_decorator to None, run_after=None
[2024-07-13T00:54:21.615+0000] {processor.py:183} INFO - Processing /home/airflow/.local/lib/python3.11/site-packages/airflow/example_dags/example_dag_decorator.py took 0.415 seconds
[2024-07-13T00:54:51.893+0000] {processor.py:161} INFO - Started process (PID=1292) to work on /home/airflow/.local/lib/python3.11/site-packages/airflow/example_dags/example_dag_decorator.py
[2024-07-13T00:54:51.896+0000] {processor.py:830} INFO - Processing file /home/airflow/.local/lib/python3.11/site-packages/airflow/example_dags/example_dag_decorator.py for tasks to queue
[2024-07-13T00:54:51.900+0000] {logging_mixin.py:188} INFO - [2024-07-13T00:54:51.899+0000] {dagbag.py:545} INFO - Filling up the DagBag from /home/airflow/.local/lib/python3.11/site-packages/airflow/example_dags/example_dag_decorator.py
[2024-07-13T00:54:52.090+0000] {processor.py:840} INFO - DAG(s) 'example_dag_decorator' retrieved from /home/airflow/.local/lib/python3.11/site-packages/airflow/example_dags/example_dag_decorator.py
[2024-07-13T00:54:52.269+0000] {logging_mixin.py:188} INFO - [2024-07-13T00:54:52.268+0000] {dag.py:3096} INFO - Sync 1 DAGs
[2024-07-13T00:54:52.289+0000] {logging_mixin.py:188} INFO - [2024-07-13T00:54:52.289+0000] {dag.py:3954} INFO - Setting next_dagrun for example_dag_decorator to None, run_after=None
[2024-07-13T00:54:52.320+0000] {processor.py:183} INFO - Processing /home/airflow/.local/lib/python3.11/site-packages/airflow/example_dags/example_dag_decorator.py took 0.441 seconds
[2024-07-13T00:55:23.197+0000] {processor.py:161} INFO - Started process (PID=1353) to work on /home/airflow/.local/lib/python3.11/site-packages/airflow/example_dags/example_dag_decorator.py
[2024-07-13T00:55:23.199+0000] {processor.py:830} INFO - Processing file /home/airflow/.local/lib/python3.11/site-packages/airflow/example_dags/example_dag_decorator.py for tasks to queue
[2024-07-13T00:55:23.202+0000] {logging_mixin.py:188} INFO - [2024-07-13T00:55:23.201+0000] {dagbag.py:545} INFO - Filling up the DagBag from /home/airflow/.local/lib/python3.11/site-packages/airflow/example_dags/example_dag_decorator.py
[2024-07-13T00:55:23.362+0000] {processor.py:840} INFO - DAG(s) 'example_dag_decorator' retrieved from /home/airflow/.local/lib/python3.11/site-packages/airflow/example_dags/example_dag_decorator.py
[2024-07-13T00:55:23.521+0000] {logging_mixin.py:188} INFO - [2024-07-13T00:55:23.520+0000] {dag.py:3096} INFO - Sync 1 DAGs
[2024-07-13T00:55:23.536+0000] {logging_mixin.py:188} INFO - [2024-07-13T00:55:23.536+0000] {dag.py:3954} INFO - Setting next_dagrun for example_dag_decorator to None, run_after=None
[2024-07-13T00:55:23.565+0000] {processor.py:183} INFO - Processing /home/airflow/.local/lib/python3.11/site-packages/airflow/example_dags/example_dag_decorator.py took 0.380 seconds
[2024-07-13T00:58:56.120+0000] {processor.py:161} INFO - Started process (PID=41) to work on /home/airflow/.local/lib/python3.11/site-packages/airflow/example_dags/example_dag_decorator.py
[2024-07-13T00:58:56.122+0000] {processor.py:830} INFO - Processing file /home/airflow/.local/lib/python3.11/site-packages/airflow/example_dags/example_dag_decorator.py for tasks to queue
[2024-07-13T00:58:56.126+0000] {logging_mixin.py:188} INFO - [2024-07-13T00:58:56.125+0000] {dagbag.py:545} INFO - Filling up the DagBag from /home/airflow/.local/lib/python3.11/site-packages/airflow/example_dags/example_dag_decorator.py
[2024-07-13T00:58:56.792+0000] {processor.py:840} INFO - DAG(s) 'example_dag_decorator' retrieved from /home/airflow/.local/lib/python3.11/site-packages/airflow/example_dags/example_dag_decorator.py
[2024-07-13T00:58:57.021+0000] {logging_mixin.py:188} INFO - [2024-07-13T00:58:57.020+0000] {dag.py:3096} INFO - Sync 1 DAGs
[2024-07-13T00:58:57.047+0000] {logging_mixin.py:188} INFO - [2024-07-13T00:58:57.046+0000] {dag.py:3954} INFO - Setting next_dagrun for example_dag_decorator to None, run_after=None
[2024-07-13T00:58:57.092+0000] {processor.py:183} INFO - Processing /home/airflow/.local/lib/python3.11/site-packages/airflow/example_dags/example_dag_decorator.py took 0.984 seconds
[2024-07-13T00:59:28.723+0000] {processor.py:161} INFO - Started process (PID=103) to work on /home/airflow/.local/lib/python3.11/site-packages/airflow/example_dags/example_dag_decorator.py
[2024-07-13T00:59:28.726+0000] {processor.py:830} INFO - Processing file /home/airflow/.local/lib/python3.11/site-packages/airflow/example_dags/example_dag_decorator.py for tasks to queue
[2024-07-13T00:59:28.731+0000] {logging_mixin.py:188} INFO - [2024-07-13T00:59:28.730+0000] {dagbag.py:545} INFO - Filling up the DagBag from /home/airflow/.local/lib/python3.11/site-packages/airflow/example_dags/example_dag_decorator.py
[2024-07-13T00:59:28.918+0000] {processor.py:840} INFO - DAG(s) 'example_dag_decorator' retrieved from /home/airflow/.local/lib/python3.11/site-packages/airflow/example_dags/example_dag_decorator.py
[2024-07-13T00:59:29.412+0000] {logging_mixin.py:188} INFO - [2024-07-13T00:59:29.411+0000] {dag.py:3096} INFO - Sync 1 DAGs
[2024-07-13T00:59:29.428+0000] {logging_mixin.py:188} INFO - [2024-07-13T00:59:29.428+0000] {dag.py:3954} INFO - Setting next_dagrun for example_dag_decorator to None, run_after=None
[2024-07-13T00:59:29.466+0000] {processor.py:183} INFO - Processing /home/airflow/.local/lib/python3.11/site-packages/airflow/example_dags/example_dag_decorator.py took 0.758 seconds
[2024-07-13T01:00:01.501+0000] {processor.py:161} INFO - Started process (PID=164) to work on /home/airflow/.local/lib/python3.11/site-packages/airflow/example_dags/example_dag_decorator.py
[2024-07-13T01:00:01.504+0000] {processor.py:830} INFO - Processing file /home/airflow/.local/lib/python3.11/site-packages/airflow/example_dags/example_dag_decorator.py for tasks to queue
[2024-07-13T01:00:01.508+0000] {logging_mixin.py:188} INFO - [2024-07-13T01:00:01.507+0000] {dagbag.py:545} INFO - Filling up the DagBag from /home/airflow/.local/lib/python3.11/site-packages/airflow/example_dags/example_dag_decorator.py
[2024-07-13T01:00:01.678+0000] {processor.py:840} INFO - DAG(s) 'example_dag_decorator' retrieved from /home/airflow/.local/lib/python3.11/site-packages/airflow/example_dags/example_dag_decorator.py
[2024-07-13T01:00:01.901+0000] {logging_mixin.py:188} INFO - [2024-07-13T01:00:01.899+0000] {dag.py:3096} INFO - Sync 1 DAGs
[2024-07-13T01:00:01.929+0000] {logging_mixin.py:188} INFO - [2024-07-13T01:00:01.929+0000] {dag.py:3954} INFO - Setting next_dagrun for example_dag_decorator to None, run_after=None
[2024-07-13T01:00:01.970+0000] {processor.py:183} INFO - Processing /home/airflow/.local/lib/python3.11/site-packages/airflow/example_dags/example_dag_decorator.py took 0.482 seconds
[2024-07-13T01:00:34.513+0000] {processor.py:161} INFO - Started process (PID=226) to work on /home/airflow/.local/lib/python3.11/site-packages/airflow/example_dags/example_dag_decorator.py
[2024-07-13T01:00:34.515+0000] {processor.py:830} INFO - Processing file /home/airflow/.local/lib/python3.11/site-packages/airflow/example_dags/example_dag_decorator.py for tasks to queue
[2024-07-13T01:00:34.518+0000] {logging_mixin.py:188} INFO - [2024-07-13T01:00:34.518+0000] {dagbag.py:545} INFO - Filling up the DagBag from /home/airflow/.local/lib/python3.11/site-packages/airflow/example_dags/example_dag_decorator.py
[2024-07-13T01:00:34.679+0000] {processor.py:840} INFO - DAG(s) 'example_dag_decorator' retrieved from /home/airflow/.local/lib/python3.11/site-packages/airflow/example_dags/example_dag_decorator.py
[2024-07-13T01:00:34.898+0000] {logging_mixin.py:188} INFO - [2024-07-13T01:00:34.896+0000] {dag.py:3096} INFO - Sync 1 DAGs
[2024-07-13T01:00:34.922+0000] {logging_mixin.py:188} INFO - [2024-07-13T01:00:34.921+0000] {dag.py:3954} INFO - Setting next_dagrun for example_dag_decorator to None, run_after=None
[2024-07-13T01:00:34.960+0000] {processor.py:183} INFO - Processing /home/airflow/.local/lib/python3.11/site-packages/airflow/example_dags/example_dag_decorator.py took 0.461 seconds
[2024-07-13T01:01:07.822+0000] {processor.py:161} INFO - Started process (PID=294) to work on /home/airflow/.local/lib/python3.11/site-packages/airflow/example_dags/example_dag_decorator.py
[2024-07-13T01:01:07.825+0000] {processor.py:830} INFO - Processing file /home/airflow/.local/lib/python3.11/site-packages/airflow/example_dags/example_dag_decorator.py for tasks to queue
[2024-07-13T01:01:07.829+0000] {logging_mixin.py:188} INFO - [2024-07-13T01:01:07.828+0000] {dagbag.py:545} INFO - Filling up the DagBag from /home/airflow/.local/lib/python3.11/site-packages/airflow/example_dags/example_dag_decorator.py
[2024-07-13T01:01:08.021+0000] {processor.py:840} INFO - DAG(s) 'example_dag_decorator' retrieved from /home/airflow/.local/lib/python3.11/site-packages/airflow/example_dags/example_dag_decorator.py
[2024-07-13T01:01:08.206+0000] {logging_mixin.py:188} INFO - [2024-07-13T01:01:08.205+0000] {dag.py:3096} INFO - Sync 1 DAGs
[2024-07-13T01:01:08.222+0000] {logging_mixin.py:188} INFO - [2024-07-13T01:01:08.221+0000] {dag.py:3954} INFO - Setting next_dagrun for example_dag_decorator to None, run_after=None
[2024-07-13T01:01:08.249+0000] {processor.py:183} INFO - Processing /home/airflow/.local/lib/python3.11/site-packages/airflow/example_dags/example_dag_decorator.py took 0.441 seconds
[2024-07-13T01:01:41.282+0000] {processor.py:161} INFO - Started process (PID=356) to work on /home/airflow/.local/lib/python3.11/site-packages/airflow/example_dags/example_dag_decorator.py
[2024-07-13T01:01:41.283+0000] {processor.py:830} INFO - Processing file /home/airflow/.local/lib/python3.11/site-packages/airflow/example_dags/example_dag_decorator.py for tasks to queue
[2024-07-13T01:01:41.287+0000] {logging_mixin.py:188} INFO - [2024-07-13T01:01:41.286+0000] {dagbag.py:545} INFO - Filling up the DagBag from /home/airflow/.local/lib/python3.11/site-packages/airflow/example_dags/example_dag_decorator.py
[2024-07-13T01:01:41.444+0000] {processor.py:840} INFO - DAG(s) 'example_dag_decorator' retrieved from /home/airflow/.local/lib/python3.11/site-packages/airflow/example_dags/example_dag_decorator.py
[2024-07-13T01:01:41.629+0000] {logging_mixin.py:188} INFO - [2024-07-13T01:01:41.628+0000] {dag.py:3096} INFO - Sync 1 DAGs
[2024-07-13T01:01:41.648+0000] {logging_mixin.py:188} INFO - [2024-07-13T01:01:41.647+0000] {dag.py:3954} INFO - Setting next_dagrun for example_dag_decorator to None, run_after=None
[2024-07-13T01:01:41.682+0000] {processor.py:183} INFO - Processing /home/airflow/.local/lib/python3.11/site-packages/airflow/example_dags/example_dag_decorator.py took 0.413 seconds
[2024-07-13T01:02:15.115+0000] {processor.py:161} INFO - Started process (PID=417) to work on /home/airflow/.local/lib/python3.11/site-packages/airflow/example_dags/example_dag_decorator.py
[2024-07-13T01:02:15.117+0000] {processor.py:830} INFO - Processing file /home/airflow/.local/lib/python3.11/site-packages/airflow/example_dags/example_dag_decorator.py for tasks to queue
[2024-07-13T01:02:15.121+0000] {logging_mixin.py:188} INFO - [2024-07-13T01:02:15.121+0000] {dagbag.py:545} INFO - Filling up the DagBag from /home/airflow/.local/lib/python3.11/site-packages/airflow/example_dags/example_dag_decorator.py
[2024-07-13T01:02:15.355+0000] {processor.py:840} INFO - DAG(s) 'example_dag_decorator' retrieved from /home/airflow/.local/lib/python3.11/site-packages/airflow/example_dags/example_dag_decorator.py
[2024-07-13T01:02:15.606+0000] {logging_mixin.py:188} INFO - [2024-07-13T01:02:15.605+0000] {dag.py:3096} INFO - Sync 1 DAGs
[2024-07-13T01:02:15.625+0000] {logging_mixin.py:188} INFO - [2024-07-13T01:02:15.624+0000] {dag.py:3954} INFO - Setting next_dagrun for example_dag_decorator to None, run_after=None
[2024-07-13T01:02:15.660+0000] {processor.py:183} INFO - Processing /home/airflow/.local/lib/python3.11/site-packages/airflow/example_dags/example_dag_decorator.py took 0.560 seconds
[2024-07-13T01:02:48.417+0000] {processor.py:161} INFO - Started process (PID=479) to work on /home/airflow/.local/lib/python3.11/site-packages/airflow/example_dags/example_dag_decorator.py
[2024-07-13T01:02:48.419+0000] {processor.py:830} INFO - Processing file /home/airflow/.local/lib/python3.11/site-packages/airflow/example_dags/example_dag_decorator.py for tasks to queue
[2024-07-13T01:02:48.423+0000] {logging_mixin.py:188} INFO - [2024-07-13T01:02:48.422+0000] {dagbag.py:545} INFO - Filling up the DagBag from /home/airflow/.local/lib/python3.11/site-packages/airflow/example_dags/example_dag_decorator.py
[2024-07-13T01:02:48.705+0000] {processor.py:840} INFO - DAG(s) 'example_dag_decorator' retrieved from /home/airflow/.local/lib/python3.11/site-packages/airflow/example_dags/example_dag_decorator.py
[2024-07-13T01:02:49.378+0000] {logging_mixin.py:188} INFO - [2024-07-13T01:02:49.377+0000] {dag.py:3096} INFO - Sync 1 DAGs
[2024-07-13T01:02:49.400+0000] {logging_mixin.py:188} INFO - [2024-07-13T01:02:49.399+0000] {dag.py:3954} INFO - Setting next_dagrun for example_dag_decorator to None, run_after=None
[2024-07-13T01:02:49.439+0000] {processor.py:183} INFO - Processing /home/airflow/.local/lib/python3.11/site-packages/airflow/example_dags/example_dag_decorator.py took 1.038 seconds
[2024-07-13T01:03:23.620+0000] {processor.py:161} INFO - Started process (PID=541) to work on /home/airflow/.local/lib/python3.11/site-packages/airflow/example_dags/example_dag_decorator.py
[2024-07-13T01:03:23.623+0000] {processor.py:830} INFO - Processing file /home/airflow/.local/lib/python3.11/site-packages/airflow/example_dags/example_dag_decorator.py for tasks to queue
[2024-07-13T01:03:23.627+0000] {logging_mixin.py:188} INFO - [2024-07-13T01:03:23.626+0000] {dagbag.py:545} INFO - Filling up the DagBag from /home/airflow/.local/lib/python3.11/site-packages/airflow/example_dags/example_dag_decorator.py
[2024-07-13T01:03:23.855+0000] {processor.py:840} INFO - DAG(s) 'example_dag_decorator' retrieved from /home/airflow/.local/lib/python3.11/site-packages/airflow/example_dags/example_dag_decorator.py
[2024-07-13T01:03:24.081+0000] {logging_mixin.py:188} INFO - [2024-07-13T01:03:24.080+0000] {dag.py:3096} INFO - Sync 1 DAGs
[2024-07-13T01:03:24.101+0000] {logging_mixin.py:188} INFO - [2024-07-13T01:03:24.101+0000] {dag.py:3954} INFO - Setting next_dagrun for example_dag_decorator to None, run_after=None
[2024-07-13T01:03:24.140+0000] {processor.py:183} INFO - Processing /home/airflow/.local/lib/python3.11/site-packages/airflow/example_dags/example_dag_decorator.py took 0.533 seconds
[2024-07-13T01:03:57.519+0000] {processor.py:161} INFO - Started process (PID=604) to work on /home/airflow/.local/lib/python3.11/site-packages/airflow/example_dags/example_dag_decorator.py
[2024-07-13T01:03:57.522+0000] {processor.py:830} INFO - Processing file /home/airflow/.local/lib/python3.11/site-packages/airflow/example_dags/example_dag_decorator.py for tasks to queue
[2024-07-13T01:03:57.527+0000] {logging_mixin.py:188} INFO - [2024-07-13T01:03:57.526+0000] {dagbag.py:545} INFO - Filling up the DagBag from /home/airflow/.local/lib/python3.11/site-packages/airflow/example_dags/example_dag_decorator.py
[2024-07-13T01:03:57.759+0000] {processor.py:840} INFO - DAG(s) 'example_dag_decorator' retrieved from /home/airflow/.local/lib/python3.11/site-packages/airflow/example_dags/example_dag_decorator.py
[2024-07-13T01:03:57.982+0000] {logging_mixin.py:188} INFO - [2024-07-13T01:03:57.981+0000] {dag.py:3096} INFO - Sync 1 DAGs
[2024-07-13T01:03:58.005+0000] {logging_mixin.py:188} INFO - [2024-07-13T01:03:58.004+0000] {dag.py:3954} INFO - Setting next_dagrun for example_dag_decorator to None, run_after=None
[2024-07-13T01:03:58.049+0000] {processor.py:183} INFO - Processing /home/airflow/.local/lib/python3.11/site-packages/airflow/example_dags/example_dag_decorator.py took 0.545 seconds
[2024-07-13T01:04:31.248+0000] {processor.py:161} INFO - Started process (PID=666) to work on /home/airflow/.local/lib/python3.11/site-packages/airflow/example_dags/example_dag_decorator.py
[2024-07-13T01:04:31.250+0000] {processor.py:830} INFO - Processing file /home/airflow/.local/lib/python3.11/site-packages/airflow/example_dags/example_dag_decorator.py for tasks to queue
[2024-07-13T01:04:31.255+0000] {logging_mixin.py:188} INFO - [2024-07-13T01:04:31.254+0000] {dagbag.py:545} INFO - Filling up the DagBag from /home/airflow/.local/lib/python3.11/site-packages/airflow/example_dags/example_dag_decorator.py
[2024-07-13T01:04:31.487+0000] {processor.py:840} INFO - DAG(s) 'example_dag_decorator' retrieved from /home/airflow/.local/lib/python3.11/site-packages/airflow/example_dags/example_dag_decorator.py
[2024-07-13T01:04:31.730+0000] {logging_mixin.py:188} INFO - [2024-07-13T01:04:31.729+0000] {dag.py:3096} INFO - Sync 1 DAGs
[2024-07-13T01:04:31.753+0000] {logging_mixin.py:188} INFO - [2024-07-13T01:04:31.752+0000] {dag.py:3954} INFO - Setting next_dagrun for example_dag_decorator to None, run_after=None
[2024-07-13T01:04:31.792+0000] {processor.py:183} INFO - Processing /home/airflow/.local/lib/python3.11/site-packages/airflow/example_dags/example_dag_decorator.py took 0.559 seconds
[2024-07-13T01:05:04.684+0000] {processor.py:161} INFO - Started process (PID=728) to work on /home/airflow/.local/lib/python3.11/site-packages/airflow/example_dags/example_dag_decorator.py
[2024-07-13T01:05:04.688+0000] {processor.py:830} INFO - Processing file /home/airflow/.local/lib/python3.11/site-packages/airflow/example_dags/example_dag_decorator.py for tasks to queue
[2024-07-13T01:05:04.693+0000] {logging_mixin.py:188} INFO - [2024-07-13T01:05:04.692+0000] {dagbag.py:545} INFO - Filling up the DagBag from /home/airflow/.local/lib/python3.11/site-packages/airflow/example_dags/example_dag_decorator.py
[2024-07-13T01:05:04.908+0000] {processor.py:840} INFO - DAG(s) 'example_dag_decorator' retrieved from /home/airflow/.local/lib/python3.11/site-packages/airflow/example_dags/example_dag_decorator.py
[2024-07-13T01:05:05.116+0000] {logging_mixin.py:188} INFO - [2024-07-13T01:05:05.116+0000] {dag.py:3096} INFO - Sync 1 DAGs
[2024-07-13T01:05:05.137+0000] {logging_mixin.py:188} INFO - [2024-07-13T01:05:05.137+0000] {dag.py:3954} INFO - Setting next_dagrun for example_dag_decorator to None, run_after=None
[2024-07-13T01:05:05.167+0000] {processor.py:183} INFO - Processing /home/airflow/.local/lib/python3.11/site-packages/airflow/example_dags/example_dag_decorator.py took 0.498 seconds
[2024-07-13T01:05:37.764+0000] {processor.py:161} INFO - Started process (PID=789) to work on /home/airflow/.local/lib/python3.11/site-packages/airflow/example_dags/example_dag_decorator.py
[2024-07-13T01:05:37.766+0000] {processor.py:830} INFO - Processing file /home/airflow/.local/lib/python3.11/site-packages/airflow/example_dags/example_dag_decorator.py for tasks to queue
[2024-07-13T01:05:37.770+0000] {logging_mixin.py:188} INFO - [2024-07-13T01:05:37.769+0000] {dagbag.py:545} INFO - Filling up the DagBag from /home/airflow/.local/lib/python3.11/site-packages/airflow/example_dags/example_dag_decorator.py
[2024-07-13T01:05:38.486+0000] {processor.py:840} INFO - DAG(s) 'example_dag_decorator' retrieved from /home/airflow/.local/lib/python3.11/site-packages/airflow/example_dags/example_dag_decorator.py
[2024-07-13T01:05:38.731+0000] {logging_mixin.py:188} INFO - [2024-07-13T01:05:38.730+0000] {dag.py:3096} INFO - Sync 1 DAGs
[2024-07-13T01:05:38.749+0000] {logging_mixin.py:188} INFO - [2024-07-13T01:05:38.749+0000] {dag.py:3954} INFO - Setting next_dagrun for example_dag_decorator to None, run_after=None
[2024-07-13T01:05:38.779+0000] {processor.py:183} INFO - Processing /home/airflow/.local/lib/python3.11/site-packages/airflow/example_dags/example_dag_decorator.py took 1.029 seconds
[2024-07-13T01:06:11.503+0000] {processor.py:161} INFO - Started process (PID=858) to work on /home/airflow/.local/lib/python3.11/site-packages/airflow/example_dags/example_dag_decorator.py
[2024-07-13T01:06:11.506+0000] {processor.py:830} INFO - Processing file /home/airflow/.local/lib/python3.11/site-packages/airflow/example_dags/example_dag_decorator.py for tasks to queue
[2024-07-13T01:06:11.510+0000] {logging_mixin.py:188} INFO - [2024-07-13T01:06:11.509+0000] {dagbag.py:545} INFO - Filling up the DagBag from /home/airflow/.local/lib/python3.11/site-packages/airflow/example_dags/example_dag_decorator.py
[2024-07-13T01:06:11.722+0000] {processor.py:840} INFO - DAG(s) 'example_dag_decorator' retrieved from /home/airflow/.local/lib/python3.11/site-packages/airflow/example_dags/example_dag_decorator.py
[2024-07-13T01:06:11.932+0000] {logging_mixin.py:188} INFO - [2024-07-13T01:06:11.931+0000] {dag.py:3096} INFO - Sync 1 DAGs
[2024-07-13T01:06:11.948+0000] {logging_mixin.py:188} INFO - [2024-07-13T01:06:11.947+0000] {dag.py:3954} INFO - Setting next_dagrun for example_dag_decorator to None, run_after=None
[2024-07-13T01:06:11.976+0000] {processor.py:183} INFO - Processing /home/airflow/.local/lib/python3.11/site-packages/airflow/example_dags/example_dag_decorator.py took 0.486 seconds
[2024-07-13T01:06:44.430+0000] {processor.py:161} INFO - Started process (PID=920) to work on /home/airflow/.local/lib/python3.11/site-packages/airflow/example_dags/example_dag_decorator.py
[2024-07-13T01:06:44.431+0000] {processor.py:830} INFO - Processing file /home/airflow/.local/lib/python3.11/site-packages/airflow/example_dags/example_dag_decorator.py for tasks to queue
[2024-07-13T01:06:44.435+0000] {logging_mixin.py:188} INFO - [2024-07-13T01:06:44.434+0000] {dagbag.py:545} INFO - Filling up the DagBag from /home/airflow/.local/lib/python3.11/site-packages/airflow/example_dags/example_dag_decorator.py
[2024-07-13T01:06:44.594+0000] {processor.py:840} INFO - DAG(s) 'example_dag_decorator' retrieved from /home/airflow/.local/lib/python3.11/site-packages/airflow/example_dags/example_dag_decorator.py
[2024-07-13T01:06:44.772+0000] {logging_mixin.py:188} INFO - [2024-07-13T01:06:44.771+0000] {dag.py:3096} INFO - Sync 1 DAGs
[2024-07-13T01:06:44.789+0000] {logging_mixin.py:188} INFO - [2024-07-13T01:06:44.788+0000] {dag.py:3954} INFO - Setting next_dagrun for example_dag_decorator to None, run_after=None
[2024-07-13T01:06:44.815+0000] {processor.py:183} INFO - Processing /home/airflow/.local/lib/python3.11/site-packages/airflow/example_dags/example_dag_decorator.py took 0.399 seconds
[2024-07-13T01:07:17.676+0000] {processor.py:161} INFO - Started process (PID=983) to work on /home/airflow/.local/lib/python3.11/site-packages/airflow/example_dags/example_dag_decorator.py
[2024-07-13T01:07:17.678+0000] {processor.py:830} INFO - Processing file /home/airflow/.local/lib/python3.11/site-packages/airflow/example_dags/example_dag_decorator.py for tasks to queue
[2024-07-13T01:07:17.682+0000] {logging_mixin.py:188} INFO - [2024-07-13T01:07:17.682+0000] {dagbag.py:545} INFO - Filling up the DagBag from /home/airflow/.local/lib/python3.11/site-packages/airflow/example_dags/example_dag_decorator.py
[2024-07-13T01:07:17.923+0000] {processor.py:840} INFO - DAG(s) 'example_dag_decorator' retrieved from /home/airflow/.local/lib/python3.11/site-packages/airflow/example_dags/example_dag_decorator.py
[2024-07-13T01:07:18.126+0000] {logging_mixin.py:188} INFO - [2024-07-13T01:07:18.125+0000] {dag.py:3096} INFO - Sync 1 DAGs
[2024-07-13T01:07:18.142+0000] {logging_mixin.py:188} INFO - [2024-07-13T01:07:18.142+0000] {dag.py:3954} INFO - Setting next_dagrun for example_dag_decorator to None, run_after=None
[2024-07-13T01:07:18.175+0000] {processor.py:183} INFO - Processing /home/airflow/.local/lib/python3.11/site-packages/airflow/example_dags/example_dag_decorator.py took 0.514 seconds
[2024-07-13T01:07:51.016+0000] {processor.py:161} INFO - Started process (PID=1045) to work on /home/airflow/.local/lib/python3.11/site-packages/airflow/example_dags/example_dag_decorator.py
[2024-07-13T01:07:51.017+0000] {processor.py:830} INFO - Processing file /home/airflow/.local/lib/python3.11/site-packages/airflow/example_dags/example_dag_decorator.py for tasks to queue
[2024-07-13T01:07:51.021+0000] {logging_mixin.py:188} INFO - [2024-07-13T01:07:51.020+0000] {dagbag.py:545} INFO - Filling up the DagBag from /home/airflow/.local/lib/python3.11/site-packages/airflow/example_dags/example_dag_decorator.py
[2024-07-13T01:07:51.188+0000] {processor.py:840} INFO - DAG(s) 'example_dag_decorator' retrieved from /home/airflow/.local/lib/python3.11/site-packages/airflow/example_dags/example_dag_decorator.py
[2024-07-13T01:07:51.365+0000] {logging_mixin.py:188} INFO - [2024-07-13T01:07:51.364+0000] {dag.py:3096} INFO - Sync 1 DAGs
[2024-07-13T01:07:51.383+0000] {logging_mixin.py:188} INFO - [2024-07-13T01:07:51.383+0000] {dag.py:3954} INFO - Setting next_dagrun for example_dag_decorator to None, run_after=None
[2024-07-13T01:07:51.416+0000] {processor.py:183} INFO - Processing /home/airflow/.local/lib/python3.11/site-packages/airflow/example_dags/example_dag_decorator.py took 0.412 seconds
[2024-07-13T01:08:24.323+0000] {processor.py:161} INFO - Started process (PID=1107) to work on /home/airflow/.local/lib/python3.11/site-packages/airflow/example_dags/example_dag_decorator.py
[2024-07-13T01:08:24.326+0000] {processor.py:830} INFO - Processing file /home/airflow/.local/lib/python3.11/site-packages/airflow/example_dags/example_dag_decorator.py for tasks to queue
[2024-07-13T01:08:24.329+0000] {logging_mixin.py:188} INFO - [2024-07-13T01:08:24.329+0000] {dagbag.py:545} INFO - Filling up the DagBag from /home/airflow/.local/lib/python3.11/site-packages/airflow/example_dags/example_dag_decorator.py
[2024-07-13T01:08:24.499+0000] {processor.py:840} INFO - DAG(s) 'example_dag_decorator' retrieved from /home/airflow/.local/lib/python3.11/site-packages/airflow/example_dags/example_dag_decorator.py
[2024-07-13T01:08:24.673+0000] {logging_mixin.py:188} INFO - [2024-07-13T01:08:24.672+0000] {dag.py:3096} INFO - Sync 1 DAGs
[2024-07-13T01:08:25.063+0000] {logging_mixin.py:188} INFO - [2024-07-13T01:08:25.062+0000] {dag.py:3954} INFO - Setting next_dagrun for example_dag_decorator to None, run_after=None
[2024-07-13T01:08:25.089+0000] {processor.py:183} INFO - Processing /home/airflow/.local/lib/python3.11/site-packages/airflow/example_dags/example_dag_decorator.py took 0.780 seconds
[2024-07-13T01:08:57.852+0000] {processor.py:161} INFO - Started process (PID=1173) to work on /home/airflow/.local/lib/python3.11/site-packages/airflow/example_dags/example_dag_decorator.py
[2024-07-13T01:08:57.854+0000] {processor.py:830} INFO - Processing file /home/airflow/.local/lib/python3.11/site-packages/airflow/example_dags/example_dag_decorator.py for tasks to queue
[2024-07-13T01:08:57.859+0000] {logging_mixin.py:188} INFO - [2024-07-13T01:08:57.858+0000] {dagbag.py:545} INFO - Filling up the DagBag from /home/airflow/.local/lib/python3.11/site-packages/airflow/example_dags/example_dag_decorator.py
[2024-07-13T01:08:58.047+0000] {processor.py:840} INFO - DAG(s) 'example_dag_decorator' retrieved from /home/airflow/.local/lib/python3.11/site-packages/airflow/example_dags/example_dag_decorator.py
[2024-07-13T01:08:58.240+0000] {logging_mixin.py:188} INFO - [2024-07-13T01:08:58.239+0000] {dag.py:3096} INFO - Sync 1 DAGs
[2024-07-13T01:08:58.255+0000] {logging_mixin.py:188} INFO - [2024-07-13T01:08:58.255+0000] {dag.py:3954} INFO - Setting next_dagrun for example_dag_decorator to None, run_after=None
[2024-07-13T01:08:58.285+0000] {processor.py:183} INFO - Processing /home/airflow/.local/lib/python3.11/site-packages/airflow/example_dags/example_dag_decorator.py took 0.446 seconds
[2024-07-13T01:09:30.714+0000] {processor.py:161} INFO - Started process (PID=1235) to work on /home/airflow/.local/lib/python3.11/site-packages/airflow/example_dags/example_dag_decorator.py
[2024-07-13T01:09:30.716+0000] {processor.py:830} INFO - Processing file /home/airflow/.local/lib/python3.11/site-packages/airflow/example_dags/example_dag_decorator.py for tasks to queue
[2024-07-13T01:09:30.720+0000] {logging_mixin.py:188} INFO - [2024-07-13T01:09:30.720+0000] {dagbag.py:545} INFO - Filling up the DagBag from /home/airflow/.local/lib/python3.11/site-packages/airflow/example_dags/example_dag_decorator.py
[2024-07-13T01:09:30.960+0000] {processor.py:840} INFO - DAG(s) 'example_dag_decorator' retrieved from /home/airflow/.local/lib/python3.11/site-packages/airflow/example_dags/example_dag_decorator.py
[2024-07-13T01:09:32.317+0000] {logging_mixin.py:188} INFO - [2024-07-13T01:09:32.316+0000] {process_utils.py:263} INFO - Waiting up to 5 seconds for processes to exit...
[2024-07-13T01:11:15.135+0000] {processor.py:161} INFO - Started process (PID=39) to work on /home/airflow/.local/lib/python3.11/site-packages/airflow/example_dags/example_dag_decorator.py
[2024-07-13T01:11:15.137+0000] {processor.py:830} INFO - Processing file /home/airflow/.local/lib/python3.11/site-packages/airflow/example_dags/example_dag_decorator.py for tasks to queue
[2024-07-13T01:11:15.142+0000] {logging_mixin.py:188} INFO - [2024-07-13T01:11:15.141+0000] {dagbag.py:545} INFO - Filling up the DagBag from /home/airflow/.local/lib/python3.11/site-packages/airflow/example_dags/example_dag_decorator.py
[2024-07-13T01:11:15.759+0000] {processor.py:840} INFO - DAG(s) 'example_dag_decorator' retrieved from /home/airflow/.local/lib/python3.11/site-packages/airflow/example_dags/example_dag_decorator.py
[2024-07-13T01:11:16.007+0000] {logging_mixin.py:188} INFO - [2024-07-13T01:11:16.006+0000] {dag.py:3096} INFO - Sync 1 DAGs
[2024-07-13T01:11:16.030+0000] {logging_mixin.py:188} INFO - [2024-07-13T01:11:16.029+0000] {dag.py:3954} INFO - Setting next_dagrun for example_dag_decorator to None, run_after=None
[2024-07-13T01:11:16.071+0000] {processor.py:183} INFO - Processing /home/airflow/.local/lib/python3.11/site-packages/airflow/example_dags/example_dag_decorator.py took 0.953 seconds
[2024-07-13T01:11:48.193+0000] {processor.py:161} INFO - Started process (PID=100) to work on /home/airflow/.local/lib/python3.11/site-packages/airflow/example_dags/example_dag_decorator.py
[2024-07-13T01:11:48.199+0000] {processor.py:830} INFO - Processing file /home/airflow/.local/lib/python3.11/site-packages/airflow/example_dags/example_dag_decorator.py for tasks to queue
[2024-07-13T01:11:48.204+0000] {logging_mixin.py:188} INFO - [2024-07-13T01:11:48.203+0000] {dagbag.py:545} INFO - Filling up the DagBag from /home/airflow/.local/lib/python3.11/site-packages/airflow/example_dags/example_dag_decorator.py
[2024-07-13T01:11:48.405+0000] {processor.py:840} INFO - DAG(s) 'example_dag_decorator' retrieved from /home/airflow/.local/lib/python3.11/site-packages/airflow/example_dags/example_dag_decorator.py
[2024-07-13T01:11:48.878+0000] {logging_mixin.py:188} INFO - [2024-07-13T01:11:48.877+0000] {dag.py:3096} INFO - Sync 1 DAGs
[2024-07-13T01:11:48.892+0000] {logging_mixin.py:188} INFO - [2024-07-13T01:11:48.891+0000] {dag.py:3954} INFO - Setting next_dagrun for example_dag_decorator to None, run_after=None
[2024-07-13T01:11:48.923+0000] {processor.py:183} INFO - Processing /home/airflow/.local/lib/python3.11/site-packages/airflow/example_dags/example_dag_decorator.py took 0.742 seconds
[2024-07-13T01:12:21.971+0000] {processor.py:161} INFO - Started process (PID=162) to work on /home/airflow/.local/lib/python3.11/site-packages/airflow/example_dags/example_dag_decorator.py
[2024-07-13T01:12:21.973+0000] {processor.py:830} INFO - Processing file /home/airflow/.local/lib/python3.11/site-packages/airflow/example_dags/example_dag_decorator.py for tasks to queue
[2024-07-13T01:12:21.976+0000] {logging_mixin.py:188} INFO - [2024-07-13T01:12:21.976+0000] {dagbag.py:545} INFO - Filling up the DagBag from /home/airflow/.local/lib/python3.11/site-packages/airflow/example_dags/example_dag_decorator.py
[2024-07-13T01:12:22.205+0000] {processor.py:840} INFO - DAG(s) 'example_dag_decorator' retrieved from /home/airflow/.local/lib/python3.11/site-packages/airflow/example_dags/example_dag_decorator.py
[2024-07-13T01:12:22.424+0000] {logging_mixin.py:188} INFO - [2024-07-13T01:12:22.423+0000] {dag.py:3096} INFO - Sync 1 DAGs
[2024-07-13T01:12:22.518+0000] {logging_mixin.py:188} INFO - [2024-07-13T01:12:22.517+0000] {dag.py:3954} INFO - Setting next_dagrun for example_dag_decorator to None, run_after=None
[2024-07-13T01:12:22.559+0000] {processor.py:183} INFO - Processing /home/airflow/.local/lib/python3.11/site-packages/airflow/example_dags/example_dag_decorator.py took 0.604 seconds
[2024-07-13T01:12:54.726+0000] {processor.py:161} INFO - Started process (PID=224) to work on /home/airflow/.local/lib/python3.11/site-packages/airflow/example_dags/example_dag_decorator.py
[2024-07-13T01:12:54.728+0000] {processor.py:830} INFO - Processing file /home/airflow/.local/lib/python3.11/site-packages/airflow/example_dags/example_dag_decorator.py for tasks to queue
[2024-07-13T01:12:54.732+0000] {logging_mixin.py:188} INFO - [2024-07-13T01:12:54.731+0000] {dagbag.py:545} INFO - Filling up the DagBag from /home/airflow/.local/lib/python3.11/site-packages/airflow/example_dags/example_dag_decorator.py
[2024-07-13T01:12:54.913+0000] {processor.py:840} INFO - DAG(s) 'example_dag_decorator' retrieved from /home/airflow/.local/lib/python3.11/site-packages/airflow/example_dags/example_dag_decorator.py
[2024-07-13T01:12:55.107+0000] {logging_mixin.py:188} INFO - [2024-07-13T01:12:55.106+0000] {dag.py:3096} INFO - Sync 1 DAGs
[2024-07-13T01:12:55.126+0000] {logging_mixin.py:188} INFO - [2024-07-13T01:12:55.126+0000] {dag.py:3954} INFO - Setting next_dagrun for example_dag_decorator to None, run_after=None
[2024-07-13T01:12:55.162+0000] {processor.py:183} INFO - Processing /home/airflow/.local/lib/python3.11/site-packages/airflow/example_dags/example_dag_decorator.py took 0.449 seconds
[2024-07-13T01:13:28.936+0000] {processor.py:161} INFO - Started process (PID=293) to work on /home/airflow/.local/lib/python3.11/site-packages/airflow/example_dags/example_dag_decorator.py
[2024-07-13T01:13:28.938+0000] {processor.py:830} INFO - Processing file /home/airflow/.local/lib/python3.11/site-packages/airflow/example_dags/example_dag_decorator.py for tasks to queue
[2024-07-13T01:13:28.942+0000] {logging_mixin.py:188} INFO - [2024-07-13T01:13:28.941+0000] {dagbag.py:545} INFO - Filling up the DagBag from /home/airflow/.local/lib/python3.11/site-packages/airflow/example_dags/example_dag_decorator.py
[2024-07-13T01:13:29.181+0000] {processor.py:840} INFO - DAG(s) 'example_dag_decorator' retrieved from /home/airflow/.local/lib/python3.11/site-packages/airflow/example_dags/example_dag_decorator.py
[2024-07-13T01:13:29.446+0000] {logging_mixin.py:188} INFO - [2024-07-13T01:13:29.444+0000] {dag.py:3096} INFO - Sync 1 DAGs
[2024-07-13T01:13:29.472+0000] {logging_mixin.py:188} INFO - [2024-07-13T01:13:29.471+0000] {dag.py:3954} INFO - Setting next_dagrun for example_dag_decorator to None, run_after=None
[2024-07-13T01:13:29.517+0000] {processor.py:183} INFO - Processing /home/airflow/.local/lib/python3.11/site-packages/airflow/example_dags/example_dag_decorator.py took 0.595 seconds
[2024-07-13T01:14:01.996+0000] {processor.py:161} INFO - Started process (PID=355) to work on /home/airflow/.local/lib/python3.11/site-packages/airflow/example_dags/example_dag_decorator.py
[2024-07-13T01:14:01.998+0000] {processor.py:830} INFO - Processing file /home/airflow/.local/lib/python3.11/site-packages/airflow/example_dags/example_dag_decorator.py for tasks to queue
[2024-07-13T01:14:02.002+0000] {logging_mixin.py:188} INFO - [2024-07-13T01:14:02.001+0000] {dagbag.py:545} INFO - Filling up the DagBag from /home/airflow/.local/lib/python3.11/site-packages/airflow/example_dags/example_dag_decorator.py
[2024-07-13T01:14:02.187+0000] {processor.py:840} INFO - DAG(s) 'example_dag_decorator' retrieved from /home/airflow/.local/lib/python3.11/site-packages/airflow/example_dags/example_dag_decorator.py
[2024-07-13T01:14:02.376+0000] {logging_mixin.py:188} INFO - [2024-07-13T01:14:02.375+0000] {dag.py:3096} INFO - Sync 1 DAGs
[2024-07-13T01:14:02.398+0000] {logging_mixin.py:188} INFO - [2024-07-13T01:14:02.397+0000] {dag.py:3954} INFO - Setting next_dagrun for example_dag_decorator to None, run_after=None
[2024-07-13T01:14:02.430+0000] {processor.py:183} INFO - Processing /home/airflow/.local/lib/python3.11/site-packages/airflow/example_dags/example_dag_decorator.py took 0.446 seconds
[2024-07-13T01:14:35.948+0000] {processor.py:161} INFO - Started process (PID=417) to work on /home/airflow/.local/lib/python3.11/site-packages/airflow/example_dags/example_dag_decorator.py
[2024-07-13T01:14:35.949+0000] {processor.py:830} INFO - Processing file /home/airflow/.local/lib/python3.11/site-packages/airflow/example_dags/example_dag_decorator.py for tasks to queue
[2024-07-13T01:14:35.953+0000] {logging_mixin.py:188} INFO - [2024-07-13T01:14:35.952+0000] {dagbag.py:545} INFO - Filling up the DagBag from /home/airflow/.local/lib/python3.11/site-packages/airflow/example_dags/example_dag_decorator.py
[2024-07-13T01:14:36.140+0000] {processor.py:840} INFO - DAG(s) 'example_dag_decorator' retrieved from /home/airflow/.local/lib/python3.11/site-packages/airflow/example_dags/example_dag_decorator.py
[2024-07-13T01:14:36.354+0000] {logging_mixin.py:188} INFO - [2024-07-13T01:14:36.353+0000] {dag.py:3096} INFO - Sync 1 DAGs
[2024-07-13T01:14:36.375+0000] {logging_mixin.py:188} INFO - [2024-07-13T01:14:36.375+0000] {dag.py:3954} INFO - Setting next_dagrun for example_dag_decorator to None, run_after=None
[2024-07-13T01:14:36.409+0000] {processor.py:183} INFO - Processing /home/airflow/.local/lib/python3.11/site-packages/airflow/example_dags/example_dag_decorator.py took 0.474 seconds
[2024-07-13T01:15:09.953+0000] {processor.py:161} INFO - Started process (PID=479) to work on /home/airflow/.local/lib/python3.11/site-packages/airflow/example_dags/example_dag_decorator.py
[2024-07-13T01:15:09.956+0000] {processor.py:830} INFO - Processing file /home/airflow/.local/lib/python3.11/site-packages/airflow/example_dags/example_dag_decorator.py for tasks to queue
[2024-07-13T01:15:09.959+0000] {logging_mixin.py:188} INFO - [2024-07-13T01:15:09.959+0000] {dagbag.py:545} INFO - Filling up the DagBag from /home/airflow/.local/lib/python3.11/site-packages/airflow/example_dags/example_dag_decorator.py
[2024-07-13T01:15:10.169+0000] {processor.py:840} INFO - DAG(s) 'example_dag_decorator' retrieved from /home/airflow/.local/lib/python3.11/site-packages/airflow/example_dags/example_dag_decorator.py
[2024-07-13T01:15:10.648+0000] {logging_mixin.py:188} INFO - [2024-07-13T01:15:10.225+0000] {dag.py:3096} INFO - Sync 1 DAGs
[2024-07-13T01:15:10.670+0000] {logging_mixin.py:188} INFO - [2024-07-13T01:15:10.670+0000] {dag.py:3954} INFO - Setting next_dagrun for example_dag_decorator to None, run_after=None
[2024-07-13T01:15:10.701+0000] {processor.py:183} INFO - Processing /home/airflow/.local/lib/python3.11/site-packages/airflow/example_dags/example_dag_decorator.py took 0.762 seconds
[2024-07-13T01:15:43.737+0000] {processor.py:161} INFO - Started process (PID=540) to work on /home/airflow/.local/lib/python3.11/site-packages/airflow/example_dags/example_dag_decorator.py
[2024-07-13T01:15:43.740+0000] {processor.py:830} INFO - Processing file /home/airflow/.local/lib/python3.11/site-packages/airflow/example_dags/example_dag_decorator.py for tasks to queue
[2024-07-13T01:15:43.744+0000] {logging_mixin.py:188} INFO - [2024-07-13T01:15:43.743+0000] {dagbag.py:545} INFO - Filling up the DagBag from /home/airflow/.local/lib/python3.11/site-packages/airflow/example_dags/example_dag_decorator.py
[2024-07-13T01:15:44.032+0000] {processor.py:840} INFO - DAG(s) 'example_dag_decorator' retrieved from /home/airflow/.local/lib/python3.11/site-packages/airflow/example_dags/example_dag_decorator.py
[2024-07-13T01:15:44.287+0000] {logging_mixin.py:188} INFO - [2024-07-13T01:15:44.285+0000] {dag.py:3096} INFO - Sync 1 DAGs
[2024-07-13T01:15:44.314+0000] {logging_mixin.py:188} INFO - [2024-07-13T01:15:44.313+0000] {dag.py:3954} INFO - Setting next_dagrun for example_dag_decorator to None, run_after=None
[2024-07-13T01:15:44.359+0000] {processor.py:183} INFO - Processing /home/airflow/.local/lib/python3.11/site-packages/airflow/example_dags/example_dag_decorator.py took 0.641 seconds
[2024-07-13T01:16:16.880+0000] {processor.py:161} INFO - Started process (PID=603) to work on /home/airflow/.local/lib/python3.11/site-packages/airflow/example_dags/example_dag_decorator.py
[2024-07-13T01:16:16.883+0000] {processor.py:830} INFO - Processing file /home/airflow/.local/lib/python3.11/site-packages/airflow/example_dags/example_dag_decorator.py for tasks to queue
[2024-07-13T01:16:16.887+0000] {logging_mixin.py:188} INFO - [2024-07-13T01:16:16.886+0000] {dagbag.py:545} INFO - Filling up the DagBag from /home/airflow/.local/lib/python3.11/site-packages/airflow/example_dags/example_dag_decorator.py
[2024-07-13T01:16:17.065+0000] {processor.py:840} INFO - DAG(s) 'example_dag_decorator' retrieved from /home/airflow/.local/lib/python3.11/site-packages/airflow/example_dags/example_dag_decorator.py
[2024-07-13T01:16:17.271+0000] {logging_mixin.py:188} INFO - [2024-07-13T01:16:17.270+0000] {dag.py:3096} INFO - Sync 1 DAGs
[2024-07-13T01:16:17.292+0000] {logging_mixin.py:188} INFO - [2024-07-13T01:16:17.292+0000] {dag.py:3954} INFO - Setting next_dagrun for example_dag_decorator to None, run_after=None
[2024-07-13T01:16:17.334+0000] {processor.py:183} INFO - Processing /home/airflow/.local/lib/python3.11/site-packages/airflow/example_dags/example_dag_decorator.py took 0.468 seconds
