[2024-07-13T00:28:02.618+0000] {processor.py:161} INFO - Started process (PID=64) to work on /home/airflow/.local/lib/python3.11/site-packages/airflow/example_dags/example_bash_operator.py
[2024-07-13T00:28:02.620+0000] {processor.py:830} INFO - Processing file /home/airflow/.local/lib/python3.11/site-packages/airflow/example_dags/example_bash_operator.py for tasks to queue
[2024-07-13T00:28:02.622+0000] {logging_mixin.py:188} INFO - [2024-07-13T00:28:02.622+0000] {dagbag.py:545} INFO - Filling up the DagBag from /home/airflow/.local/lib/python3.11/site-packages/airflow/example_dags/example_bash_operator.py
[2024-07-13T00:28:02.650+0000] {processor.py:840} INFO - DAG(s) 'example_bash_operator' retrieved from /home/airflow/.local/lib/python3.11/site-packages/airflow/example_dags/example_bash_operator.py
[2024-07-13T00:28:02.858+0000] {logging_mixin.py:188} INFO - [2024-07-13T00:28:02.858+0000] {dag.py:3096} INFO - Sync 1 DAGs
[2024-07-13T00:28:02.900+0000] {logging_mixin.py:188} INFO - [2024-07-13T00:28:02.900+0000] {dag.py:3954} INFO - Setting next_dagrun for example_bash_operator to 2024-07-12 00:00:00+00:00, run_after=2024-07-13 00:00:00+00:00
[2024-07-13T00:28:02.926+0000] {processor.py:183} INFO - Processing /home/airflow/.local/lib/python3.11/site-packages/airflow/example_dags/example_bash_operator.py took 0.322 seconds
[2024-07-13T00:28:33.929+0000] {processor.py:161} INFO - Started process (PID=126) to work on /home/airflow/.local/lib/python3.11/site-packages/airflow/example_dags/example_bash_operator.py
[2024-07-13T00:28:33.930+0000] {processor.py:830} INFO - Processing file /home/airflow/.local/lib/python3.11/site-packages/airflow/example_dags/example_bash_operator.py for tasks to queue
[2024-07-13T00:28:33.932+0000] {logging_mixin.py:188} INFO - [2024-07-13T00:28:33.931+0000] {dagbag.py:545} INFO - Filling up the DagBag from /home/airflow/.local/lib/python3.11/site-packages/airflow/example_dags/example_bash_operator.py
[2024-07-13T00:28:33.957+0000] {processor.py:840} INFO - DAG(s) 'example_bash_operator' retrieved from /home/airflow/.local/lib/python3.11/site-packages/airflow/example_dags/example_bash_operator.py
[2024-07-13T00:28:34.005+0000] {logging_mixin.py:188} INFO - [2024-07-13T00:28:34.004+0000] {dag.py:3096} INFO - Sync 1 DAGs
[2024-07-13T00:28:34.042+0000] {logging_mixin.py:188} INFO - [2024-07-13T00:28:34.042+0000] {dag.py:3954} INFO - Setting next_dagrun for example_bash_operator to 2024-07-12 00:00:00+00:00, run_after=2024-07-13 00:00:00+00:00
[2024-07-13T00:28:34.069+0000] {processor.py:183} INFO - Processing /home/airflow/.local/lib/python3.11/site-packages/airflow/example_dags/example_bash_operator.py took 0.152 seconds
[2024-07-13T00:29:06.750+0000] {processor.py:161} INFO - Started process (PID=188) to work on /home/airflow/.local/lib/python3.11/site-packages/airflow/example_dags/example_bash_operator.py
[2024-07-13T00:29:06.753+0000] {processor.py:830} INFO - Processing file /home/airflow/.local/lib/python3.11/site-packages/airflow/example_dags/example_bash_operator.py for tasks to queue
[2024-07-13T00:29:06.754+0000] {logging_mixin.py:188} INFO - [2024-07-13T00:29:06.753+0000] {dagbag.py:545} INFO - Filling up the DagBag from /home/airflow/.local/lib/python3.11/site-packages/airflow/example_dags/example_bash_operator.py
[2024-07-13T00:29:06.776+0000] {processor.py:840} INFO - DAG(s) 'example_bash_operator' retrieved from /home/airflow/.local/lib/python3.11/site-packages/airflow/example_dags/example_bash_operator.py
[2024-07-13T00:29:06.830+0000] {logging_mixin.py:188} INFO - [2024-07-13T00:29:06.829+0000] {dag.py:3096} INFO - Sync 1 DAGs
[2024-07-13T00:29:06.864+0000] {logging_mixin.py:188} INFO - [2024-07-13T00:29:06.863+0000] {dag.py:3954} INFO - Setting next_dagrun for example_bash_operator to 2024-07-12 00:00:00+00:00, run_after=2024-07-13 00:00:00+00:00
[2024-07-13T00:29:06.888+0000] {processor.py:183} INFO - Processing /home/airflow/.local/lib/python3.11/site-packages/airflow/example_dags/example_bash_operator.py took 0.149 seconds
[2024-07-13T00:29:40.282+0000] {processor.py:161} INFO - Started process (PID=250) to work on /home/airflow/.local/lib/python3.11/site-packages/airflow/example_dags/example_bash_operator.py
[2024-07-13T00:29:40.285+0000] {processor.py:830} INFO - Processing file /home/airflow/.local/lib/python3.11/site-packages/airflow/example_dags/example_bash_operator.py for tasks to queue
[2024-07-13T00:29:40.286+0000] {logging_mixin.py:188} INFO - [2024-07-13T00:29:40.285+0000] {dagbag.py:545} INFO - Filling up the DagBag from /home/airflow/.local/lib/python3.11/site-packages/airflow/example_dags/example_bash_operator.py
[2024-07-13T00:29:40.306+0000] {processor.py:840} INFO - DAG(s) 'example_bash_operator' retrieved from /home/airflow/.local/lib/python3.11/site-packages/airflow/example_dags/example_bash_operator.py
[2024-07-13T00:29:40.364+0000] {logging_mixin.py:188} INFO - [2024-07-13T00:29:40.363+0000] {dag.py:3096} INFO - Sync 1 DAGs
[2024-07-13T00:29:40.403+0000] {logging_mixin.py:188} INFO - [2024-07-13T00:29:40.402+0000] {dag.py:3954} INFO - Setting next_dagrun for example_bash_operator to 2024-07-12 00:00:00+00:00, run_after=2024-07-13 00:00:00+00:00
[2024-07-13T00:29:40.433+0000] {processor.py:183} INFO - Processing /home/airflow/.local/lib/python3.11/site-packages/airflow/example_dags/example_bash_operator.py took 0.166 seconds
[2024-07-13T00:30:13.172+0000] {processor.py:161} INFO - Started process (PID=319) to work on /home/airflow/.local/lib/python3.11/site-packages/airflow/example_dags/example_bash_operator.py
[2024-07-13T00:30:13.174+0000] {processor.py:830} INFO - Processing file /home/airflow/.local/lib/python3.11/site-packages/airflow/example_dags/example_bash_operator.py for tasks to queue
[2024-07-13T00:30:13.176+0000] {logging_mixin.py:188} INFO - [2024-07-13T00:30:13.175+0000] {dagbag.py:545} INFO - Filling up the DagBag from /home/airflow/.local/lib/python3.11/site-packages/airflow/example_dags/example_bash_operator.py
[2024-07-13T00:30:13.205+0000] {processor.py:840} INFO - DAG(s) 'example_bash_operator' retrieved from /home/airflow/.local/lib/python3.11/site-packages/airflow/example_dags/example_bash_operator.py
[2024-07-13T00:30:13.260+0000] {logging_mixin.py:188} INFO - [2024-07-13T00:30:13.260+0000] {dag.py:3096} INFO - Sync 1 DAGs
[2024-07-13T00:30:13.302+0000] {logging_mixin.py:188} INFO - [2024-07-13T00:30:13.302+0000] {dag.py:3954} INFO - Setting next_dagrun for example_bash_operator to 2024-07-12 00:00:00+00:00, run_after=2024-07-13 00:00:00+00:00
[2024-07-13T00:30:13.336+0000] {processor.py:183} INFO - Processing /home/airflow/.local/lib/python3.11/site-packages/airflow/example_dags/example_bash_operator.py took 0.181 seconds
[2024-07-13T00:30:45.839+0000] {processor.py:161} INFO - Started process (PID=381) to work on /home/airflow/.local/lib/python3.11/site-packages/airflow/example_dags/example_bash_operator.py
[2024-07-13T00:30:45.841+0000] {processor.py:830} INFO - Processing file /home/airflow/.local/lib/python3.11/site-packages/airflow/example_dags/example_bash_operator.py for tasks to queue
[2024-07-13T00:30:45.843+0000] {logging_mixin.py:188} INFO - [2024-07-13T00:30:45.842+0000] {dagbag.py:545} INFO - Filling up the DagBag from /home/airflow/.local/lib/python3.11/site-packages/airflow/example_dags/example_bash_operator.py
[2024-07-13T00:30:45.863+0000] {processor.py:840} INFO - DAG(s) 'example_bash_operator' retrieved from /home/airflow/.local/lib/python3.11/site-packages/airflow/example_dags/example_bash_operator.py
[2024-07-13T00:30:45.921+0000] {logging_mixin.py:188} INFO - [2024-07-13T00:30:45.920+0000] {dag.py:3096} INFO - Sync 1 DAGs
[2024-07-13T00:30:45.959+0000] {logging_mixin.py:188} INFO - [2024-07-13T00:30:45.958+0000] {dag.py:3954} INFO - Setting next_dagrun for example_bash_operator to 2024-07-12 00:00:00+00:00, run_after=2024-07-13 00:00:00+00:00
[2024-07-13T00:30:45.990+0000] {processor.py:183} INFO - Processing /home/airflow/.local/lib/python3.11/site-packages/airflow/example_dags/example_bash_operator.py took 0.163 seconds
[2024-07-13T00:31:19.183+0000] {processor.py:161} INFO - Started process (PID=443) to work on /home/airflow/.local/lib/python3.11/site-packages/airflow/example_dags/example_bash_operator.py
[2024-07-13T00:31:19.185+0000] {processor.py:830} INFO - Processing file /home/airflow/.local/lib/python3.11/site-packages/airflow/example_dags/example_bash_operator.py for tasks to queue
[2024-07-13T00:31:19.186+0000] {logging_mixin.py:188} INFO - [2024-07-13T00:31:19.186+0000] {dagbag.py:545} INFO - Filling up the DagBag from /home/airflow/.local/lib/python3.11/site-packages/airflow/example_dags/example_bash_operator.py
[2024-07-13T00:31:19.210+0000] {processor.py:840} INFO - DAG(s) 'example_bash_operator' retrieved from /home/airflow/.local/lib/python3.11/site-packages/airflow/example_dags/example_bash_operator.py
[2024-07-13T00:31:19.259+0000] {logging_mixin.py:188} INFO - [2024-07-13T00:31:19.259+0000] {dag.py:3096} INFO - Sync 1 DAGs
[2024-07-13T00:31:19.307+0000] {logging_mixin.py:188} INFO - [2024-07-13T00:31:19.306+0000] {dag.py:3954} INFO - Setting next_dagrun for example_bash_operator to 2024-07-12 00:00:00+00:00, run_after=2024-07-13 00:00:00+00:00
[2024-07-13T00:31:19.341+0000] {processor.py:183} INFO - Processing /home/airflow/.local/lib/python3.11/site-packages/airflow/example_dags/example_bash_operator.py took 0.171 seconds
[2024-07-13T00:31:53.435+0000] {processor.py:161} INFO - Started process (PID=505) to work on /home/airflow/.local/lib/python3.11/site-packages/airflow/example_dags/example_bash_operator.py
[2024-07-13T00:31:53.438+0000] {processor.py:830} INFO - Processing file /home/airflow/.local/lib/python3.11/site-packages/airflow/example_dags/example_bash_operator.py for tasks to queue
[2024-07-13T00:31:53.439+0000] {logging_mixin.py:188} INFO - [2024-07-13T00:31:53.439+0000] {dagbag.py:545} INFO - Filling up the DagBag from /home/airflow/.local/lib/python3.11/site-packages/airflow/example_dags/example_bash_operator.py
[2024-07-13T00:31:53.462+0000] {processor.py:840} INFO - DAG(s) 'example_bash_operator' retrieved from /home/airflow/.local/lib/python3.11/site-packages/airflow/example_dags/example_bash_operator.py
[2024-07-13T00:31:53.524+0000] {logging_mixin.py:188} INFO - [2024-07-13T00:31:53.523+0000] {dag.py:3096} INFO - Sync 1 DAGs
[2024-07-13T00:31:53.573+0000] {logging_mixin.py:188} INFO - [2024-07-13T00:31:53.573+0000] {dag.py:3954} INFO - Setting next_dagrun for example_bash_operator to 2024-07-12 00:00:00+00:00, run_after=2024-07-13 00:00:00+00:00
[2024-07-13T00:31:53.603+0000] {processor.py:183} INFO - Processing /home/airflow/.local/lib/python3.11/site-packages/airflow/example_dags/example_bash_operator.py took 0.182 seconds
[2024-07-13T00:32:27.862+0000] {processor.py:161} INFO - Started process (PID=567) to work on /home/airflow/.local/lib/python3.11/site-packages/airflow/example_dags/example_bash_operator.py
[2024-07-13T00:32:27.865+0000] {processor.py:830} INFO - Processing file /home/airflow/.local/lib/python3.11/site-packages/airflow/example_dags/example_bash_operator.py for tasks to queue
[2024-07-13T00:32:27.866+0000] {logging_mixin.py:188} INFO - [2024-07-13T00:32:27.866+0000] {dagbag.py:545} INFO - Filling up the DagBag from /home/airflow/.local/lib/python3.11/site-packages/airflow/example_dags/example_bash_operator.py
[2024-07-13T00:32:27.901+0000] {processor.py:840} INFO - DAG(s) 'example_bash_operator' retrieved from /home/airflow/.local/lib/python3.11/site-packages/airflow/example_dags/example_bash_operator.py
[2024-07-13T00:32:27.962+0000] {logging_mixin.py:188} INFO - [2024-07-13T00:32:27.961+0000] {dag.py:3096} INFO - Sync 1 DAGs
[2024-07-13T00:32:28.008+0000] {logging_mixin.py:188} INFO - [2024-07-13T00:32:28.008+0000] {dag.py:3954} INFO - Setting next_dagrun for example_bash_operator to 2024-07-12 00:00:00+00:00, run_after=2024-07-13 00:00:00+00:00
[2024-07-13T00:32:28.040+0000] {processor.py:183} INFO - Processing /home/airflow/.local/lib/python3.11/site-packages/airflow/example_dags/example_bash_operator.py took 0.192 seconds
[2024-07-13T00:33:02.404+0000] {processor.py:161} INFO - Started process (PID=629) to work on /home/airflow/.local/lib/python3.11/site-packages/airflow/example_dags/example_bash_operator.py
[2024-07-13T00:33:02.407+0000] {processor.py:830} INFO - Processing file /home/airflow/.local/lib/python3.11/site-packages/airflow/example_dags/example_bash_operator.py for tasks to queue
[2024-07-13T00:33:02.409+0000] {logging_mixin.py:188} INFO - [2024-07-13T00:33:02.408+0000] {dagbag.py:545} INFO - Filling up the DagBag from /home/airflow/.local/lib/python3.11/site-packages/airflow/example_dags/example_bash_operator.py
[2024-07-13T00:33:02.440+0000] {processor.py:840} INFO - DAG(s) 'example_bash_operator' retrieved from /home/airflow/.local/lib/python3.11/site-packages/airflow/example_dags/example_bash_operator.py
[2024-07-13T00:33:02.498+0000] {logging_mixin.py:188} INFO - [2024-07-13T00:33:02.497+0000] {dag.py:3096} INFO - Sync 1 DAGs
[2024-07-13T00:33:02.542+0000] {logging_mixin.py:188} INFO - [2024-07-13T00:33:02.542+0000] {dag.py:3954} INFO - Setting next_dagrun for example_bash_operator to 2024-07-12 00:00:00+00:00, run_after=2024-07-13 00:00:00+00:00
[2024-07-13T00:33:02.569+0000] {processor.py:183} INFO - Processing /home/airflow/.local/lib/python3.11/site-packages/airflow/example_dags/example_bash_operator.py took 0.179 seconds
[2024-07-13T00:33:34.667+0000] {processor.py:161} INFO - Started process (PID=691) to work on /home/airflow/.local/lib/python3.11/site-packages/airflow/example_dags/example_bash_operator.py
[2024-07-13T00:33:34.669+0000] {processor.py:830} INFO - Processing file /home/airflow/.local/lib/python3.11/site-packages/airflow/example_dags/example_bash_operator.py for tasks to queue
[2024-07-13T00:33:34.671+0000] {logging_mixin.py:188} INFO - [2024-07-13T00:33:34.670+0000] {dagbag.py:545} INFO - Filling up the DagBag from /home/airflow/.local/lib/python3.11/site-packages/airflow/example_dags/example_bash_operator.py
[2024-07-13T00:33:34.698+0000] {processor.py:840} INFO - DAG(s) 'example_bash_operator' retrieved from /home/airflow/.local/lib/python3.11/site-packages/airflow/example_dags/example_bash_operator.py
[2024-07-13T00:33:34.759+0000] {logging_mixin.py:188} INFO - [2024-07-13T00:33:34.759+0000] {dag.py:3096} INFO - Sync 1 DAGs
[2024-07-13T00:33:34.805+0000] {logging_mixin.py:188} INFO - [2024-07-13T00:33:34.804+0000] {dag.py:3954} INFO - Setting next_dagrun for example_bash_operator to 2024-07-12 00:00:00+00:00, run_after=2024-07-13 00:00:00+00:00
[2024-07-13T00:33:34.837+0000] {processor.py:183} INFO - Processing /home/airflow/.local/lib/python3.11/site-packages/airflow/example_dags/example_bash_operator.py took 0.186 seconds
[2024-07-13T00:35:50.493+0000] {processor.py:161} INFO - Started process (PID=65) to work on /home/airflow/.local/lib/python3.11/site-packages/airflow/example_dags/example_bash_operator.py
[2024-07-13T00:35:50.495+0000] {processor.py:830} INFO - Processing file /home/airflow/.local/lib/python3.11/site-packages/airflow/example_dags/example_bash_operator.py for tasks to queue
[2024-07-13T00:35:50.498+0000] {logging_mixin.py:188} INFO - [2024-07-13T00:35:50.498+0000] {dagbag.py:545} INFO - Filling up the DagBag from /home/airflow/.local/lib/python3.11/site-packages/airflow/example_dags/example_bash_operator.py
[2024-07-13T00:35:50.519+0000] {processor.py:840} INFO - DAG(s) 'example_bash_operator' retrieved from /home/airflow/.local/lib/python3.11/site-packages/airflow/example_dags/example_bash_operator.py
[2024-07-13T00:35:50.745+0000] {logging_mixin.py:188} INFO - [2024-07-13T00:35:50.745+0000] {dag.py:3096} INFO - Sync 1 DAGs
[2024-07-13T00:35:50.790+0000] {logging_mixin.py:188} INFO - [2024-07-13T00:35:50.790+0000] {dag.py:3954} INFO - Setting next_dagrun for example_bash_operator to 2024-07-12 00:00:00+00:00, run_after=2024-07-13 00:00:00+00:00
[2024-07-13T00:35:50.826+0000] {processor.py:183} INFO - Processing /home/airflow/.local/lib/python3.11/site-packages/airflow/example_dags/example_bash_operator.py took 0.344 seconds
[2024-07-13T00:36:21.824+0000] {processor.py:161} INFO - Started process (PID=127) to work on /home/airflow/.local/lib/python3.11/site-packages/airflow/example_dags/example_bash_operator.py
[2024-07-13T00:36:21.826+0000] {processor.py:830} INFO - Processing file /home/airflow/.local/lib/python3.11/site-packages/airflow/example_dags/example_bash_operator.py for tasks to queue
[2024-07-13T00:36:21.829+0000] {logging_mixin.py:188} INFO - [2024-07-13T00:36:21.829+0000] {dagbag.py:545} INFO - Filling up the DagBag from /home/airflow/.local/lib/python3.11/site-packages/airflow/example_dags/example_bash_operator.py
[2024-07-13T00:36:21.850+0000] {processor.py:840} INFO - DAG(s) 'example_bash_operator' retrieved from /home/airflow/.local/lib/python3.11/site-packages/airflow/example_dags/example_bash_operator.py
[2024-07-13T00:36:21.896+0000] {logging_mixin.py:188} INFO - [2024-07-13T00:36:21.895+0000] {dag.py:3096} INFO - Sync 1 DAGs
[2024-07-13T00:36:21.938+0000] {logging_mixin.py:188} INFO - [2024-07-13T00:36:21.938+0000] {dag.py:3954} INFO - Setting next_dagrun for example_bash_operator to 2024-07-12 00:00:00+00:00, run_after=2024-07-13 00:00:00+00:00
[2024-07-13T00:36:21.968+0000] {processor.py:183} INFO - Processing /home/airflow/.local/lib/python3.11/site-packages/airflow/example_dags/example_bash_operator.py took 0.155 seconds
[2024-07-13T00:38:21.791+0000] {processor.py:161} INFO - Started process (PID=63) to work on /home/airflow/.local/lib/python3.11/site-packages/airflow/example_dags/example_bash_operator.py
[2024-07-13T00:38:21.793+0000] {processor.py:830} INFO - Processing file /home/airflow/.local/lib/python3.11/site-packages/airflow/example_dags/example_bash_operator.py for tasks to queue
[2024-07-13T00:38:21.797+0000] {logging_mixin.py:188} INFO - [2024-07-13T00:38:21.796+0000] {dagbag.py:545} INFO - Filling up the DagBag from /home/airflow/.local/lib/python3.11/site-packages/airflow/example_dags/example_bash_operator.py
[2024-07-13T00:38:21.825+0000] {processor.py:840} INFO - DAG(s) 'example_bash_operator' retrieved from /home/airflow/.local/lib/python3.11/site-packages/airflow/example_dags/example_bash_operator.py
[2024-07-13T00:38:22.038+0000] {logging_mixin.py:188} INFO - [2024-07-13T00:38:22.038+0000] {dag.py:3096} INFO - Sync 1 DAGs
[2024-07-13T00:38:22.093+0000] {logging_mixin.py:188} INFO - [2024-07-13T00:38:22.092+0000] {dag.py:3954} INFO - Setting next_dagrun for example_bash_operator to 2024-07-12 00:00:00+00:00, run_after=2024-07-13 00:00:00+00:00
[2024-07-13T00:38:22.135+0000] {processor.py:183} INFO - Processing /home/airflow/.local/lib/python3.11/site-packages/airflow/example_dags/example_bash_operator.py took 0.359 seconds
[2024-07-13T00:38:52.813+0000] {processor.py:161} INFO - Started process (PID=125) to work on /home/airflow/.local/lib/python3.11/site-packages/airflow/example_dags/example_bash_operator.py
[2024-07-13T00:38:52.818+0000] {processor.py:830} INFO - Processing file /home/airflow/.local/lib/python3.11/site-packages/airflow/example_dags/example_bash_operator.py for tasks to queue
[2024-07-13T00:38:52.821+0000] {logging_mixin.py:188} INFO - [2024-07-13T00:38:52.821+0000] {dagbag.py:545} INFO - Filling up the DagBag from /home/airflow/.local/lib/python3.11/site-packages/airflow/example_dags/example_bash_operator.py
[2024-07-13T00:38:52.841+0000] {processor.py:840} INFO - DAG(s) 'example_bash_operator' retrieved from /home/airflow/.local/lib/python3.11/site-packages/airflow/example_dags/example_bash_operator.py
[2024-07-13T00:38:52.888+0000] {logging_mixin.py:188} INFO - [2024-07-13T00:38:52.888+0000] {dag.py:3096} INFO - Sync 1 DAGs
[2024-07-13T00:38:52.927+0000] {logging_mixin.py:188} INFO - [2024-07-13T00:38:52.927+0000] {dag.py:3954} INFO - Setting next_dagrun for example_bash_operator to 2024-07-12 00:00:00+00:00, run_after=2024-07-13 00:00:00+00:00
[2024-07-13T00:38:52.956+0000] {processor.py:183} INFO - Processing /home/airflow/.local/lib/python3.11/site-packages/airflow/example_dags/example_bash_operator.py took 0.156 seconds
[2024-07-13T00:39:24.968+0000] {processor.py:161} INFO - Started process (PID=187) to work on /home/airflow/.local/lib/python3.11/site-packages/airflow/example_dags/example_bash_operator.py
[2024-07-13T00:39:24.969+0000] {processor.py:830} INFO - Processing file /home/airflow/.local/lib/python3.11/site-packages/airflow/example_dags/example_bash_operator.py for tasks to queue
[2024-07-13T00:39:24.973+0000] {logging_mixin.py:188} INFO - [2024-07-13T00:39:24.973+0000] {dagbag.py:545} INFO - Filling up the DagBag from /home/airflow/.local/lib/python3.11/site-packages/airflow/example_dags/example_bash_operator.py
[2024-07-13T00:39:24.994+0000] {processor.py:840} INFO - DAG(s) 'example_bash_operator' retrieved from /home/airflow/.local/lib/python3.11/site-packages/airflow/example_dags/example_bash_operator.py
[2024-07-13T00:39:25.050+0000] {logging_mixin.py:188} INFO - [2024-07-13T00:39:25.050+0000] {dag.py:3096} INFO - Sync 1 DAGs
[2024-07-13T00:39:25.087+0000] {logging_mixin.py:188} INFO - [2024-07-13T00:39:25.087+0000] {dag.py:3954} INFO - Setting next_dagrun for example_bash_operator to 2024-07-12 00:00:00+00:00, run_after=2024-07-13 00:00:00+00:00
[2024-07-13T00:39:25.117+0000] {processor.py:183} INFO - Processing /home/airflow/.local/lib/python3.11/site-packages/airflow/example_dags/example_bash_operator.py took 0.161 seconds
[2024-07-13T00:39:58.033+0000] {processor.py:161} INFO - Started process (PID=249) to work on /home/airflow/.local/lib/python3.11/site-packages/airflow/example_dags/example_bash_operator.py
[2024-07-13T00:39:58.035+0000] {processor.py:830} INFO - Processing file /home/airflow/.local/lib/python3.11/site-packages/airflow/example_dags/example_bash_operator.py for tasks to queue
[2024-07-13T00:39:58.039+0000] {logging_mixin.py:188} INFO - [2024-07-13T00:39:58.038+0000] {dagbag.py:545} INFO - Filling up the DagBag from /home/airflow/.local/lib/python3.11/site-packages/airflow/example_dags/example_bash_operator.py
[2024-07-13T00:39:58.064+0000] {processor.py:840} INFO - DAG(s) 'example_bash_operator' retrieved from /home/airflow/.local/lib/python3.11/site-packages/airflow/example_dags/example_bash_operator.py
[2024-07-13T00:39:58.130+0000] {logging_mixin.py:188} INFO - [2024-07-13T00:39:58.129+0000] {dag.py:3096} INFO - Sync 1 DAGs
[2024-07-13T00:39:58.177+0000] {logging_mixin.py:188} INFO - [2024-07-13T00:39:58.176+0000] {dag.py:3954} INFO - Setting next_dagrun for example_bash_operator to 2024-07-12 00:00:00+00:00, run_after=2024-07-13 00:00:00+00:00
[2024-07-13T00:39:58.216+0000] {processor.py:183} INFO - Processing /home/airflow/.local/lib/python3.11/site-packages/airflow/example_dags/example_bash_operator.py took 0.198 seconds
[2024-07-13T00:40:30.727+0000] {processor.py:161} INFO - Started process (PID=311) to work on /home/airflow/.local/lib/python3.11/site-packages/airflow/example_dags/example_bash_operator.py
[2024-07-13T00:40:30.729+0000] {processor.py:830} INFO - Processing file /home/airflow/.local/lib/python3.11/site-packages/airflow/example_dags/example_bash_operator.py for tasks to queue
[2024-07-13T00:40:30.733+0000] {logging_mixin.py:188} INFO - [2024-07-13T00:40:30.732+0000] {dagbag.py:545} INFO - Filling up the DagBag from /home/airflow/.local/lib/python3.11/site-packages/airflow/example_dags/example_bash_operator.py
[2024-07-13T00:40:30.755+0000] {processor.py:840} INFO - DAG(s) 'example_bash_operator' retrieved from /home/airflow/.local/lib/python3.11/site-packages/airflow/example_dags/example_bash_operator.py
[2024-07-13T00:40:30.801+0000] {logging_mixin.py:188} INFO - [2024-07-13T00:40:30.801+0000] {dag.py:3096} INFO - Sync 1 DAGs
[2024-07-13T00:40:30.837+0000] {logging_mixin.py:188} INFO - [2024-07-13T00:40:30.836+0000] {dag.py:3954} INFO - Setting next_dagrun for example_bash_operator to 2024-07-12 00:00:00+00:00, run_after=2024-07-13 00:00:00+00:00
[2024-07-13T00:40:30.867+0000] {processor.py:183} INFO - Processing /home/airflow/.local/lib/python3.11/site-packages/airflow/example_dags/example_bash_operator.py took 0.152 seconds
[2024-07-13T00:41:11.695+0000] {processor.py:161} INFO - Started process (PID=377) to work on /home/airflow/.local/lib/python3.11/site-packages/airflow/example_dags/example_bash_operator.py
[2024-07-13T00:41:11.699+0000] {processor.py:830} INFO - Processing file /home/airflow/.local/lib/python3.11/site-packages/airflow/example_dags/example_bash_operator.py for tasks to queue
[2024-07-13T00:41:11.708+0000] {logging_mixin.py:188} INFO - [2024-07-13T00:41:11.707+0000] {dagbag.py:545} INFO - Filling up the DagBag from /home/airflow/.local/lib/python3.11/site-packages/airflow/example_dags/example_bash_operator.py
[2024-07-13T00:41:11.762+0000] {processor.py:840} INFO - DAG(s) 'example_bash_operator' retrieved from /home/airflow/.local/lib/python3.11/site-packages/airflow/example_dags/example_bash_operator.py
[2024-07-13T00:41:11.884+0000] {logging_mixin.py:188} INFO - [2024-07-13T00:41:11.883+0000] {dag.py:3096} INFO - Sync 1 DAGs
[2024-07-13T00:41:12.019+0000] {logging_mixin.py:188} INFO - [2024-07-13T00:41:12.018+0000] {dag.py:3954} INFO - Setting next_dagrun for example_bash_operator to 2024-07-12 00:00:00+00:00, run_after=2024-07-13 00:00:00+00:00
[2024-07-13T00:41:12.088+0000] {processor.py:183} INFO - Processing /home/airflow/.local/lib/python3.11/site-packages/airflow/example_dags/example_bash_operator.py took 0.426 seconds
[2024-07-13T00:41:42.672+0000] {processor.py:161} INFO - Started process (PID=438) to work on /home/airflow/.local/lib/python3.11/site-packages/airflow/example_dags/example_bash_operator.py
[2024-07-13T00:41:42.674+0000] {processor.py:830} INFO - Processing file /home/airflow/.local/lib/python3.11/site-packages/airflow/example_dags/example_bash_operator.py for tasks to queue
[2024-07-13T00:41:42.677+0000] {logging_mixin.py:188} INFO - [2024-07-13T00:41:42.676+0000] {dagbag.py:545} INFO - Filling up the DagBag from /home/airflow/.local/lib/python3.11/site-packages/airflow/example_dags/example_bash_operator.py
[2024-07-13T00:41:42.697+0000] {processor.py:840} INFO - DAG(s) 'example_bash_operator' retrieved from /home/airflow/.local/lib/python3.11/site-packages/airflow/example_dags/example_bash_operator.py
[2024-07-13T00:41:42.754+0000] {logging_mixin.py:188} INFO - [2024-07-13T00:41:42.754+0000] {dag.py:3096} INFO - Sync 1 DAGs
[2024-07-13T00:41:42.790+0000] {logging_mixin.py:188} INFO - [2024-07-13T00:41:42.790+0000] {dag.py:3954} INFO - Setting next_dagrun for example_bash_operator to 2024-07-12 00:00:00+00:00, run_after=2024-07-13 00:00:00+00:00
[2024-07-13T00:41:42.817+0000] {processor.py:183} INFO - Processing /home/airflow/.local/lib/python3.11/site-packages/airflow/example_dags/example_bash_operator.py took 0.159 seconds
[2024-07-13T00:42:16.812+0000] {processor.py:161} INFO - Started process (PID=500) to work on /home/airflow/.local/lib/python3.11/site-packages/airflow/example_dags/example_bash_operator.py
[2024-07-13T00:42:16.815+0000] {processor.py:830} INFO - Processing file /home/airflow/.local/lib/python3.11/site-packages/airflow/example_dags/example_bash_operator.py for tasks to queue
[2024-07-13T00:42:16.818+0000] {logging_mixin.py:188} INFO - [2024-07-13T00:42:16.818+0000] {dagbag.py:545} INFO - Filling up the DagBag from /home/airflow/.local/lib/python3.11/site-packages/airflow/example_dags/example_bash_operator.py
[2024-07-13T00:42:16.846+0000] {processor.py:840} INFO - DAG(s) 'example_bash_operator' retrieved from /home/airflow/.local/lib/python3.11/site-packages/airflow/example_dags/example_bash_operator.py
[2024-07-13T00:42:16.905+0000] {logging_mixin.py:188} INFO - [2024-07-13T00:42:16.904+0000] {dag.py:3096} INFO - Sync 1 DAGs
[2024-07-13T00:42:16.955+0000] {logging_mixin.py:188} INFO - [2024-07-13T00:42:16.955+0000] {dag.py:3954} INFO - Setting next_dagrun for example_bash_operator to 2024-07-12 00:00:00+00:00, run_after=2024-07-13 00:00:00+00:00
[2024-07-13T00:42:17.423+0000] {processor.py:183} INFO - Processing /home/airflow/.local/lib/python3.11/site-packages/airflow/example_dags/example_bash_operator.py took 0.626 seconds
[2024-07-13T00:44:05.169+0000] {processor.py:161} INFO - Started process (PID=64) to work on /home/airflow/.local/lib/python3.11/site-packages/airflow/example_dags/example_bash_operator.py
[2024-07-13T00:44:05.172+0000] {processor.py:830} INFO - Processing file /home/airflow/.local/lib/python3.11/site-packages/airflow/example_dags/example_bash_operator.py for tasks to queue
[2024-07-13T00:44:05.175+0000] {logging_mixin.py:188} INFO - [2024-07-13T00:44:05.174+0000] {dagbag.py:545} INFO - Filling up the DagBag from /home/airflow/.local/lib/python3.11/site-packages/airflow/example_dags/example_bash_operator.py
[2024-07-13T00:44:05.197+0000] {processor.py:840} INFO - DAG(s) 'example_bash_operator' retrieved from /home/airflow/.local/lib/python3.11/site-packages/airflow/example_dags/example_bash_operator.py
[2024-07-13T00:44:05.415+0000] {logging_mixin.py:188} INFO - [2024-07-13T00:44:05.415+0000] {dag.py:3096} INFO - Sync 1 DAGs
[2024-07-13T00:44:05.459+0000] {logging_mixin.py:188} INFO - [2024-07-13T00:44:05.459+0000] {dag.py:3954} INFO - Setting next_dagrun for example_bash_operator to 2024-07-12 00:00:00+00:00, run_after=2024-07-13 00:00:00+00:00
[2024-07-13T00:44:05.494+0000] {processor.py:183} INFO - Processing /home/airflow/.local/lib/python3.11/site-packages/airflow/example_dags/example_bash_operator.py took 0.336 seconds
[2024-07-13T00:44:35.891+0000] {processor.py:161} INFO - Started process (PID=126) to work on /home/airflow/.local/lib/python3.11/site-packages/airflow/example_dags/example_bash_operator.py
[2024-07-13T00:44:35.893+0000] {processor.py:830} INFO - Processing file /home/airflow/.local/lib/python3.11/site-packages/airflow/example_dags/example_bash_operator.py for tasks to queue
[2024-07-13T00:44:35.896+0000] {logging_mixin.py:188} INFO - [2024-07-13T00:44:35.896+0000] {dagbag.py:545} INFO - Filling up the DagBag from /home/airflow/.local/lib/python3.11/site-packages/airflow/example_dags/example_bash_operator.py
[2024-07-13T00:44:35.923+0000] {processor.py:840} INFO - DAG(s) 'example_bash_operator' retrieved from /home/airflow/.local/lib/python3.11/site-packages/airflow/example_dags/example_bash_operator.py
[2024-07-13T00:44:35.970+0000] {logging_mixin.py:188} INFO - [2024-07-13T00:44:35.970+0000] {dag.py:3096} INFO - Sync 1 DAGs
[2024-07-13T00:44:36.006+0000] {logging_mixin.py:188} INFO - [2024-07-13T00:44:36.005+0000] {dag.py:3954} INFO - Setting next_dagrun for example_bash_operator to 2024-07-12 00:00:00+00:00, run_after=2024-07-13 00:00:00+00:00
[2024-07-13T00:44:36.035+0000] {processor.py:183} INFO - Processing /home/airflow/.local/lib/python3.11/site-packages/airflow/example_dags/example_bash_operator.py took 0.157 seconds
[2024-07-13T00:45:07.439+0000] {processor.py:161} INFO - Started process (PID=187) to work on /home/airflow/.local/lib/python3.11/site-packages/airflow/example_dags/example_bash_operator.py
[2024-07-13T00:45:07.441+0000] {processor.py:830} INFO - Processing file /home/airflow/.local/lib/python3.11/site-packages/airflow/example_dags/example_bash_operator.py for tasks to queue
[2024-07-13T00:45:07.445+0000] {logging_mixin.py:188} INFO - [2024-07-13T00:45:07.444+0000] {dagbag.py:545} INFO - Filling up the DagBag from /home/airflow/.local/lib/python3.11/site-packages/airflow/example_dags/example_bash_operator.py
[2024-07-13T00:45:07.467+0000] {processor.py:840} INFO - DAG(s) 'example_bash_operator' retrieved from /home/airflow/.local/lib/python3.11/site-packages/airflow/example_dags/example_bash_operator.py
[2024-07-13T00:45:07.518+0000] {logging_mixin.py:188} INFO - [2024-07-13T00:45:07.517+0000] {dag.py:3096} INFO - Sync 1 DAGs
[2024-07-13T00:45:07.553+0000] {logging_mixin.py:188} INFO - [2024-07-13T00:45:07.552+0000] {dag.py:3954} INFO - Setting next_dagrun for example_bash_operator to 2024-07-12 00:00:00+00:00, run_after=2024-07-13 00:00:00+00:00
[2024-07-13T00:45:07.583+0000] {processor.py:183} INFO - Processing /home/airflow/.local/lib/python3.11/site-packages/airflow/example_dags/example_bash_operator.py took 0.155 seconds
[2024-07-13T00:45:40.382+0000] {processor.py:161} INFO - Started process (PID=249) to work on /home/airflow/.local/lib/python3.11/site-packages/airflow/example_dags/example_bash_operator.py
[2024-07-13T00:45:40.384+0000] {processor.py:830} INFO - Processing file /home/airflow/.local/lib/python3.11/site-packages/airflow/example_dags/example_bash_operator.py for tasks to queue
[2024-07-13T00:45:40.388+0000] {logging_mixin.py:188} INFO - [2024-07-13T00:45:40.388+0000] {dagbag.py:545} INFO - Filling up the DagBag from /home/airflow/.local/lib/python3.11/site-packages/airflow/example_dags/example_bash_operator.py
[2024-07-13T00:45:40.414+0000] {processor.py:840} INFO - DAG(s) 'example_bash_operator' retrieved from /home/airflow/.local/lib/python3.11/site-packages/airflow/example_dags/example_bash_operator.py
[2024-07-13T00:45:40.464+0000] {logging_mixin.py:188} INFO - [2024-07-13T00:45:40.463+0000] {dag.py:3096} INFO - Sync 1 DAGs
[2024-07-13T00:45:40.498+0000] {logging_mixin.py:188} INFO - [2024-07-13T00:45:40.498+0000] {dag.py:3954} INFO - Setting next_dagrun for example_bash_operator to 2024-07-12 00:00:00+00:00, run_after=2024-07-13 00:00:00+00:00
[2024-07-13T00:45:40.523+0000] {processor.py:183} INFO - Processing /home/airflow/.local/lib/python3.11/site-packages/airflow/example_dags/example_bash_operator.py took 0.153 seconds
[2024-07-13T00:46:13.096+0000] {processor.py:161} INFO - Started process (PID=310) to work on /home/airflow/.local/lib/python3.11/site-packages/airflow/example_dags/example_bash_operator.py
[2024-07-13T00:46:13.098+0000] {processor.py:830} INFO - Processing file /home/airflow/.local/lib/python3.11/site-packages/airflow/example_dags/example_bash_operator.py for tasks to queue
[2024-07-13T00:46:13.102+0000] {logging_mixin.py:188} INFO - [2024-07-13T00:46:13.101+0000] {dagbag.py:545} INFO - Filling up the DagBag from /home/airflow/.local/lib/python3.11/site-packages/airflow/example_dags/example_bash_operator.py
[2024-07-13T00:46:13.129+0000] {processor.py:840} INFO - DAG(s) 'example_bash_operator' retrieved from /home/airflow/.local/lib/python3.11/site-packages/airflow/example_dags/example_bash_operator.py
[2024-07-13T00:46:13.175+0000] {logging_mixin.py:188} INFO - [2024-07-13T00:46:13.174+0000] {dag.py:3096} INFO - Sync 1 DAGs
[2024-07-13T00:46:13.217+0000] {logging_mixin.py:188} INFO - [2024-07-13T00:46:13.216+0000] {dag.py:3954} INFO - Setting next_dagrun for example_bash_operator to 2024-07-12 00:00:00+00:00, run_after=2024-07-13 00:00:00+00:00
[2024-07-13T00:46:13.248+0000] {processor.py:183} INFO - Processing /home/airflow/.local/lib/python3.11/site-packages/airflow/example_dags/example_bash_operator.py took 0.164 seconds
[2024-07-13T00:46:46.552+0000] {processor.py:161} INFO - Started process (PID=378) to work on /home/airflow/.local/lib/python3.11/site-packages/airflow/example_dags/example_bash_operator.py
[2024-07-13T00:46:46.555+0000] {processor.py:830} INFO - Processing file /home/airflow/.local/lib/python3.11/site-packages/airflow/example_dags/example_bash_operator.py for tasks to queue
[2024-07-13T00:46:46.558+0000] {logging_mixin.py:188} INFO - [2024-07-13T00:46:46.557+0000] {dagbag.py:545} INFO - Filling up the DagBag from /home/airflow/.local/lib/python3.11/site-packages/airflow/example_dags/example_bash_operator.py
[2024-07-13T00:46:46.578+0000] {processor.py:840} INFO - DAG(s) 'example_bash_operator' retrieved from /home/airflow/.local/lib/python3.11/site-packages/airflow/example_dags/example_bash_operator.py
[2024-07-13T00:46:46.623+0000] {logging_mixin.py:188} INFO - [2024-07-13T00:46:46.622+0000] {dag.py:3096} INFO - Sync 1 DAGs
[2024-07-13T00:46:46.666+0000] {logging_mixin.py:188} INFO - [2024-07-13T00:46:46.665+0000] {dag.py:3954} INFO - Setting next_dagrun for example_bash_operator to 2024-07-12 00:00:00+00:00, run_after=2024-07-13 00:00:00+00:00
[2024-07-13T00:46:46.695+0000] {processor.py:183} INFO - Processing /home/airflow/.local/lib/python3.11/site-packages/airflow/example_dags/example_bash_operator.py took 0.155 seconds
[2024-07-13T00:47:20.111+0000] {processor.py:161} INFO - Started process (PID=439) to work on /home/airflow/.local/lib/python3.11/site-packages/airflow/example_dags/example_bash_operator.py
[2024-07-13T00:47:20.114+0000] {processor.py:830} INFO - Processing file /home/airflow/.local/lib/python3.11/site-packages/airflow/example_dags/example_bash_operator.py for tasks to queue
[2024-07-13T00:47:20.117+0000] {logging_mixin.py:188} INFO - [2024-07-13T00:47:20.116+0000] {dagbag.py:545} INFO - Filling up the DagBag from /home/airflow/.local/lib/python3.11/site-packages/airflow/example_dags/example_bash_operator.py
[2024-07-13T00:47:20.140+0000] {processor.py:840} INFO - DAG(s) 'example_bash_operator' retrieved from /home/airflow/.local/lib/python3.11/site-packages/airflow/example_dags/example_bash_operator.py
[2024-07-13T00:47:20.188+0000] {logging_mixin.py:188} INFO - [2024-07-13T00:47:20.187+0000] {dag.py:3096} INFO - Sync 1 DAGs
[2024-07-13T00:47:20.228+0000] {logging_mixin.py:188} INFO - [2024-07-13T00:47:20.228+0000] {dag.py:3954} INFO - Setting next_dagrun for example_bash_operator to 2024-07-12 00:00:00+00:00, run_after=2024-07-13 00:00:00+00:00
[2024-07-13T00:47:20.258+0000] {processor.py:183} INFO - Processing /home/airflow/.local/lib/python3.11/site-packages/airflow/example_dags/example_bash_operator.py took 0.158 seconds
[2024-07-13T00:47:57.442+0000] {processor.py:161} INFO - Started process (PID=500) to work on /home/airflow/.local/lib/python3.11/site-packages/airflow/example_dags/example_bash_operator.py
[2024-07-13T00:47:57.445+0000] {processor.py:830} INFO - Processing file /home/airflow/.local/lib/python3.11/site-packages/airflow/example_dags/example_bash_operator.py for tasks to queue
[2024-07-13T00:47:57.448+0000] {logging_mixin.py:188} INFO - [2024-07-13T00:47:57.447+0000] {dagbag.py:545} INFO - Filling up the DagBag from /home/airflow/.local/lib/python3.11/site-packages/airflow/example_dags/example_bash_operator.py
[2024-07-13T00:47:57.476+0000] {processor.py:840} INFO - DAG(s) 'example_bash_operator' retrieved from /home/airflow/.local/lib/python3.11/site-packages/airflow/example_dags/example_bash_operator.py
[2024-07-13T00:47:57.528+0000] {logging_mixin.py:188} INFO - [2024-07-13T00:47:57.527+0000] {dag.py:3096} INFO - Sync 1 DAGs
[2024-07-13T00:47:57.578+0000] {logging_mixin.py:188} INFO - [2024-07-13T00:47:57.577+0000] {dag.py:3954} INFO - Setting next_dagrun for example_bash_operator to 2024-07-12 00:00:00+00:00, run_after=2024-07-13 00:00:00+00:00
[2024-07-13T00:47:57.609+0000] {processor.py:183} INFO - Processing /home/airflow/.local/lib/python3.11/site-packages/airflow/example_dags/example_bash_operator.py took 0.180 seconds
[2024-07-13T00:48:31.694+0000] {processor.py:161} INFO - Started process (PID=562) to work on /home/airflow/.local/lib/python3.11/site-packages/airflow/example_dags/example_bash_operator.py
[2024-07-13T00:48:31.697+0000] {processor.py:830} INFO - Processing file /home/airflow/.local/lib/python3.11/site-packages/airflow/example_dags/example_bash_operator.py for tasks to queue
[2024-07-13T00:48:31.701+0000] {logging_mixin.py:188} INFO - [2024-07-13T00:48:31.700+0000] {dagbag.py:545} INFO - Filling up the DagBag from /home/airflow/.local/lib/python3.11/site-packages/airflow/example_dags/example_bash_operator.py
[2024-07-13T00:48:31.730+0000] {processor.py:840} INFO - DAG(s) 'example_bash_operator' retrieved from /home/airflow/.local/lib/python3.11/site-packages/airflow/example_dags/example_bash_operator.py
[2024-07-13T00:48:31.802+0000] {logging_mixin.py:188} INFO - [2024-07-13T00:48:31.801+0000] {dag.py:3096} INFO - Sync 1 DAGs
[2024-07-13T00:48:31.847+0000] {logging_mixin.py:188} INFO - [2024-07-13T00:48:31.847+0000] {dag.py:3954} INFO - Setting next_dagrun for example_bash_operator to 2024-07-12 00:00:00+00:00, run_after=2024-07-13 00:00:00+00:00
[2024-07-13T00:48:31.881+0000] {processor.py:183} INFO - Processing /home/airflow/.local/lib/python3.11/site-packages/airflow/example_dags/example_bash_operator.py took 0.201 seconds
[2024-07-13T00:49:06.466+0000] {processor.py:161} INFO - Started process (PID=626) to work on /home/airflow/.local/lib/python3.11/site-packages/airflow/example_dags/example_bash_operator.py
[2024-07-13T00:49:06.469+0000] {processor.py:830} INFO - Processing file /home/airflow/.local/lib/python3.11/site-packages/airflow/example_dags/example_bash_operator.py for tasks to queue
[2024-07-13T00:49:06.472+0000] {logging_mixin.py:188} INFO - [2024-07-13T00:49:06.471+0000] {dagbag.py:545} INFO - Filling up the DagBag from /home/airflow/.local/lib/python3.11/site-packages/airflow/example_dags/example_bash_operator.py
[2024-07-13T00:49:06.493+0000] {processor.py:840} INFO - DAG(s) 'example_bash_operator' retrieved from /home/airflow/.local/lib/python3.11/site-packages/airflow/example_dags/example_bash_operator.py
[2024-07-13T00:49:06.539+0000] {logging_mixin.py:188} INFO - [2024-07-13T00:49:06.538+0000] {dag.py:3096} INFO - Sync 1 DAGs
[2024-07-13T00:49:06.579+0000] {logging_mixin.py:188} INFO - [2024-07-13T00:49:06.578+0000] {dag.py:3954} INFO - Setting next_dagrun for example_bash_operator to 2024-07-12 00:00:00+00:00, run_after=2024-07-13 00:00:00+00:00
[2024-07-13T00:49:06.612+0000] {processor.py:183} INFO - Processing /home/airflow/.local/lib/python3.11/site-packages/airflow/example_dags/example_bash_operator.py took 0.159 seconds
[2024-07-13T00:49:40.336+0000] {processor.py:161} INFO - Started process (PID=688) to work on /home/airflow/.local/lib/python3.11/site-packages/airflow/example_dags/example_bash_operator.py
[2024-07-13T00:49:40.338+0000] {processor.py:830} INFO - Processing file /home/airflow/.local/lib/python3.11/site-packages/airflow/example_dags/example_bash_operator.py for tasks to queue
[2024-07-13T00:49:40.342+0000] {logging_mixin.py:188} INFO - [2024-07-13T00:49:40.341+0000] {dagbag.py:545} INFO - Filling up the DagBag from /home/airflow/.local/lib/python3.11/site-packages/airflow/example_dags/example_bash_operator.py
[2024-07-13T00:49:40.364+0000] {processor.py:840} INFO - DAG(s) 'example_bash_operator' retrieved from /home/airflow/.local/lib/python3.11/site-packages/airflow/example_dags/example_bash_operator.py
[2024-07-13T00:49:40.425+0000] {logging_mixin.py:188} INFO - [2024-07-13T00:49:40.424+0000] {dag.py:3096} INFO - Sync 1 DAGs
[2024-07-13T00:49:40.472+0000] {logging_mixin.py:188} INFO - [2024-07-13T00:49:40.472+0000] {dag.py:3954} INFO - Setting next_dagrun for example_bash_operator to 2024-07-12 00:00:00+00:00, run_after=2024-07-13 00:00:00+00:00
[2024-07-13T00:49:40.505+0000] {processor.py:183} INFO - Processing /home/airflow/.local/lib/python3.11/site-packages/airflow/example_dags/example_bash_operator.py took 0.181 seconds
[2024-07-13T00:50:14.723+0000] {processor.py:161} INFO - Started process (PID=760) to work on /home/airflow/.local/lib/python3.11/site-packages/airflow/example_dags/example_bash_operator.py
[2024-07-13T00:50:14.726+0000] {processor.py:830} INFO - Processing file /home/airflow/.local/lib/python3.11/site-packages/airflow/example_dags/example_bash_operator.py for tasks to queue
[2024-07-13T00:50:14.730+0000] {logging_mixin.py:188} INFO - [2024-07-13T00:50:14.729+0000] {dagbag.py:545} INFO - Filling up the DagBag from /home/airflow/.local/lib/python3.11/site-packages/airflow/example_dags/example_bash_operator.py
[2024-07-13T00:50:14.752+0000] {processor.py:840} INFO - DAG(s) 'example_bash_operator' retrieved from /home/airflow/.local/lib/python3.11/site-packages/airflow/example_dags/example_bash_operator.py
[2024-07-13T00:50:14.814+0000] {logging_mixin.py:188} INFO - [2024-07-13T00:50:14.814+0000] {dag.py:3096} INFO - Sync 1 DAGs
[2024-07-13T00:50:14.870+0000] {logging_mixin.py:188} INFO - [2024-07-13T00:50:14.869+0000] {dag.py:3954} INFO - Setting next_dagrun for example_bash_operator to 2024-07-12 00:00:00+00:00, run_after=2024-07-13 00:00:00+00:00
[2024-07-13T00:50:14.907+0000] {processor.py:183} INFO - Processing /home/airflow/.local/lib/python3.11/site-packages/airflow/example_dags/example_bash_operator.py took 0.199 seconds
[2024-07-13T00:50:48.479+0000] {processor.py:161} INFO - Started process (PID=822) to work on /home/airflow/.local/lib/python3.11/site-packages/airflow/example_dags/example_bash_operator.py
[2024-07-13T00:50:48.482+0000] {processor.py:830} INFO - Processing file /home/airflow/.local/lib/python3.11/site-packages/airflow/example_dags/example_bash_operator.py for tasks to queue
[2024-07-13T00:50:48.486+0000] {logging_mixin.py:188} INFO - [2024-07-13T00:50:48.485+0000] {dagbag.py:545} INFO - Filling up the DagBag from /home/airflow/.local/lib/python3.11/site-packages/airflow/example_dags/example_bash_operator.py
[2024-07-13T00:50:48.516+0000] {processor.py:840} INFO - DAG(s) 'example_bash_operator' retrieved from /home/airflow/.local/lib/python3.11/site-packages/airflow/example_dags/example_bash_operator.py
[2024-07-13T00:50:48.578+0000] {logging_mixin.py:188} INFO - [2024-07-13T00:50:48.577+0000] {dag.py:3096} INFO - Sync 1 DAGs
[2024-07-13T00:50:48.629+0000] {logging_mixin.py:188} INFO - [2024-07-13T00:50:48.628+0000] {dag.py:3954} INFO - Setting next_dagrun for example_bash_operator to 2024-07-12 00:00:00+00:00, run_after=2024-07-13 00:00:00+00:00
[2024-07-13T00:50:49.015+0000] {processor.py:183} INFO - Processing /home/airflow/.local/lib/python3.11/site-packages/airflow/example_dags/example_bash_operator.py took 0.553 seconds
[2024-07-13T00:51:21.417+0000] {processor.py:161} INFO - Started process (PID=884) to work on /home/airflow/.local/lib/python3.11/site-packages/airflow/example_dags/example_bash_operator.py
[2024-07-13T00:51:21.419+0000] {processor.py:830} INFO - Processing file /home/airflow/.local/lib/python3.11/site-packages/airflow/example_dags/example_bash_operator.py for tasks to queue
[2024-07-13T00:51:21.422+0000] {logging_mixin.py:188} INFO - [2024-07-13T00:51:21.421+0000] {dagbag.py:545} INFO - Filling up the DagBag from /home/airflow/.local/lib/python3.11/site-packages/airflow/example_dags/example_bash_operator.py
[2024-07-13T00:51:21.443+0000] {processor.py:840} INFO - DAG(s) 'example_bash_operator' retrieved from /home/airflow/.local/lib/python3.11/site-packages/airflow/example_dags/example_bash_operator.py
[2024-07-13T00:51:21.491+0000] {logging_mixin.py:188} INFO - [2024-07-13T00:51:21.490+0000] {dag.py:3096} INFO - Sync 1 DAGs
[2024-07-13T00:51:21.529+0000] {logging_mixin.py:188} INFO - [2024-07-13T00:51:21.528+0000] {dag.py:3954} INFO - Setting next_dagrun for example_bash_operator to 2024-07-12 00:00:00+00:00, run_after=2024-07-13 00:00:00+00:00
[2024-07-13T00:51:21.558+0000] {processor.py:183} INFO - Processing /home/airflow/.local/lib/python3.11/site-packages/airflow/example_dags/example_bash_operator.py took 0.153 seconds
[2024-07-13T00:51:54.644+0000] {processor.py:161} INFO - Started process (PID=946) to work on /home/airflow/.local/lib/python3.11/site-packages/airflow/example_dags/example_bash_operator.py
[2024-07-13T00:51:54.646+0000] {processor.py:830} INFO - Processing file /home/airflow/.local/lib/python3.11/site-packages/airflow/example_dags/example_bash_operator.py for tasks to queue
[2024-07-13T00:51:54.651+0000] {logging_mixin.py:188} INFO - [2024-07-13T00:51:54.650+0000] {dagbag.py:545} INFO - Filling up the DagBag from /home/airflow/.local/lib/python3.11/site-packages/airflow/example_dags/example_bash_operator.py
[2024-07-13T00:51:54.679+0000] {processor.py:840} INFO - DAG(s) 'example_bash_operator' retrieved from /home/airflow/.local/lib/python3.11/site-packages/airflow/example_dags/example_bash_operator.py
[2024-07-13T00:51:54.737+0000] {logging_mixin.py:188} INFO - [2024-07-13T00:51:54.737+0000] {dag.py:3096} INFO - Sync 1 DAGs
[2024-07-13T00:51:54.784+0000] {logging_mixin.py:188} INFO - [2024-07-13T00:51:54.784+0000] {dag.py:3954} INFO - Setting next_dagrun for example_bash_operator to 2024-07-12 00:00:00+00:00, run_after=2024-07-13 00:00:00+00:00
[2024-07-13T00:51:54.814+0000] {processor.py:183} INFO - Processing /home/airflow/.local/lib/python3.11/site-packages/airflow/example_dags/example_bash_operator.py took 0.184 seconds
[2024-07-13T00:52:27.555+0000] {processor.py:161} INFO - Started process (PID=1009) to work on /home/airflow/.local/lib/python3.11/site-packages/airflow/example_dags/example_bash_operator.py
[2024-07-13T00:52:27.560+0000] {processor.py:830} INFO - Processing file /home/airflow/.local/lib/python3.11/site-packages/airflow/example_dags/example_bash_operator.py for tasks to queue
[2024-07-13T00:52:27.564+0000] {logging_mixin.py:188} INFO - [2024-07-13T00:52:27.563+0000] {dagbag.py:545} INFO - Filling up the DagBag from /home/airflow/.local/lib/python3.11/site-packages/airflow/example_dags/example_bash_operator.py
[2024-07-13T00:52:27.620+0000] {processor.py:840} INFO - DAG(s) 'example_bash_operator' retrieved from /home/airflow/.local/lib/python3.11/site-packages/airflow/example_dags/example_bash_operator.py
[2024-07-13T00:52:27.686+0000] {logging_mixin.py:188} INFO - [2024-07-13T00:52:27.685+0000] {dag.py:3096} INFO - Sync 1 DAGs
[2024-07-13T00:52:27.744+0000] {logging_mixin.py:188} INFO - [2024-07-13T00:52:27.743+0000] {dag.py:3954} INFO - Setting next_dagrun for example_bash_operator to 2024-07-12 00:00:00+00:00, run_after=2024-07-13 00:00:00+00:00
[2024-07-13T00:52:27.775+0000] {processor.py:183} INFO - Processing /home/airflow/.local/lib/python3.11/site-packages/airflow/example_dags/example_bash_operator.py took 0.237 seconds
[2024-07-13T00:53:00.013+0000] {processor.py:161} INFO - Started process (PID=1072) to work on /home/airflow/.local/lib/python3.11/site-packages/airflow/example_dags/example_bash_operator.py
[2024-07-13T00:53:00.016+0000] {processor.py:830} INFO - Processing file /home/airflow/.local/lib/python3.11/site-packages/airflow/example_dags/example_bash_operator.py for tasks to queue
[2024-07-13T00:53:00.019+0000] {logging_mixin.py:188} INFO - [2024-07-13T00:53:00.018+0000] {dagbag.py:545} INFO - Filling up the DagBag from /home/airflow/.local/lib/python3.11/site-packages/airflow/example_dags/example_bash_operator.py
[2024-07-13T00:53:00.039+0000] {processor.py:840} INFO - DAG(s) 'example_bash_operator' retrieved from /home/airflow/.local/lib/python3.11/site-packages/airflow/example_dags/example_bash_operator.py
[2024-07-13T00:53:00.172+0000] {logging_mixin.py:188} INFO - [2024-07-13T00:53:00.172+0000] {dag.py:3096} INFO - Sync 1 DAGs
[2024-07-13T00:53:00.251+0000] {logging_mixin.py:188} INFO - [2024-07-13T00:53:00.250+0000] {dag.py:3954} INFO - Setting next_dagrun for example_bash_operator to 2024-07-12 00:00:00+00:00, run_after=2024-07-13 00:00:00+00:00
[2024-07-13T00:53:00.281+0000] {processor.py:183} INFO - Processing /home/airflow/.local/lib/python3.11/site-packages/airflow/example_dags/example_bash_operator.py took 0.285 seconds
[2024-07-13T00:53:33.030+0000] {processor.py:161} INFO - Started process (PID=1134) to work on /home/airflow/.local/lib/python3.11/site-packages/airflow/example_dags/example_bash_operator.py
[2024-07-13T00:53:33.032+0000] {processor.py:830} INFO - Processing file /home/airflow/.local/lib/python3.11/site-packages/airflow/example_dags/example_bash_operator.py for tasks to queue
[2024-07-13T00:53:33.036+0000] {logging_mixin.py:188} INFO - [2024-07-13T00:53:33.035+0000] {dagbag.py:545} INFO - Filling up the DagBag from /home/airflow/.local/lib/python3.11/site-packages/airflow/example_dags/example_bash_operator.py
[2024-07-13T00:53:33.061+0000] {processor.py:840} INFO - DAG(s) 'example_bash_operator' retrieved from /home/airflow/.local/lib/python3.11/site-packages/airflow/example_dags/example_bash_operator.py
[2024-07-13T00:53:33.118+0000] {logging_mixin.py:188} INFO - [2024-07-13T00:53:33.118+0000] {dag.py:3096} INFO - Sync 1 DAGs
[2024-07-13T00:53:33.163+0000] {logging_mixin.py:188} INFO - [2024-07-13T00:53:33.162+0000] {dag.py:3954} INFO - Setting next_dagrun for example_bash_operator to 2024-07-12 00:00:00+00:00, run_after=2024-07-13 00:00:00+00:00
[2024-07-13T00:53:33.191+0000] {processor.py:183} INFO - Processing /home/airflow/.local/lib/python3.11/site-packages/airflow/example_dags/example_bash_operator.py took 0.173 seconds
[2024-07-13T00:54:05.727+0000] {processor.py:161} INFO - Started process (PID=1196) to work on /home/airflow/.local/lib/python3.11/site-packages/airflow/example_dags/example_bash_operator.py
[2024-07-13T00:54:05.730+0000] {processor.py:830} INFO - Processing file /home/airflow/.local/lib/python3.11/site-packages/airflow/example_dags/example_bash_operator.py for tasks to queue
[2024-07-13T00:54:05.733+0000] {logging_mixin.py:188} INFO - [2024-07-13T00:54:05.733+0000] {dagbag.py:545} INFO - Filling up the DagBag from /home/airflow/.local/lib/python3.11/site-packages/airflow/example_dags/example_bash_operator.py
[2024-07-13T00:54:05.757+0000] {processor.py:840} INFO - DAG(s) 'example_bash_operator' retrieved from /home/airflow/.local/lib/python3.11/site-packages/airflow/example_dags/example_bash_operator.py
[2024-07-13T00:54:05.809+0000] {logging_mixin.py:188} INFO - [2024-07-13T00:54:05.808+0000] {dag.py:3096} INFO - Sync 1 DAGs
[2024-07-13T00:54:05.849+0000] {logging_mixin.py:188} INFO - [2024-07-13T00:54:05.848+0000] {dag.py:3954} INFO - Setting next_dagrun for example_bash_operator to 2024-07-12 00:00:00+00:00, run_after=2024-07-13 00:00:00+00:00
[2024-07-13T00:54:05.876+0000] {processor.py:183} INFO - Processing /home/airflow/.local/lib/python3.11/site-packages/airflow/example_dags/example_bash_operator.py took 0.161 seconds
[2024-07-13T00:54:39.216+0000] {processor.py:161} INFO - Started process (PID=1258) to work on /home/airflow/.local/lib/python3.11/site-packages/airflow/example_dags/example_bash_operator.py
[2024-07-13T00:54:39.218+0000] {processor.py:830} INFO - Processing file /home/airflow/.local/lib/python3.11/site-packages/airflow/example_dags/example_bash_operator.py for tasks to queue
[2024-07-13T00:54:39.221+0000] {logging_mixin.py:188} INFO - [2024-07-13T00:54:39.221+0000] {dagbag.py:545} INFO - Filling up the DagBag from /home/airflow/.local/lib/python3.11/site-packages/airflow/example_dags/example_bash_operator.py
[2024-07-13T00:54:39.243+0000] {processor.py:840} INFO - DAG(s) 'example_bash_operator' retrieved from /home/airflow/.local/lib/python3.11/site-packages/airflow/example_dags/example_bash_operator.py
[2024-07-13T00:54:39.302+0000] {logging_mixin.py:188} INFO - [2024-07-13T00:54:39.301+0000] {dag.py:3096} INFO - Sync 1 DAGs
[2024-07-13T00:54:39.344+0000] {logging_mixin.py:188} INFO - [2024-07-13T00:54:39.344+0000] {dag.py:3954} INFO - Setting next_dagrun for example_bash_operator to 2024-07-12 00:00:00+00:00, run_after=2024-07-13 00:00:00+00:00
[2024-07-13T00:54:39.376+0000] {processor.py:183} INFO - Processing /home/airflow/.local/lib/python3.11/site-packages/airflow/example_dags/example_bash_operator.py took 0.173 seconds
[2024-07-13T00:55:11.636+0000] {processor.py:161} INFO - Started process (PID=1320) to work on /home/airflow/.local/lib/python3.11/site-packages/airflow/example_dags/example_bash_operator.py
[2024-07-13T00:55:11.638+0000] {processor.py:830} INFO - Processing file /home/airflow/.local/lib/python3.11/site-packages/airflow/example_dags/example_bash_operator.py for tasks to queue
[2024-07-13T00:55:11.642+0000] {logging_mixin.py:188} INFO - [2024-07-13T00:55:11.641+0000] {dagbag.py:545} INFO - Filling up the DagBag from /home/airflow/.local/lib/python3.11/site-packages/airflow/example_dags/example_bash_operator.py
[2024-07-13T00:55:11.671+0000] {processor.py:840} INFO - DAG(s) 'example_bash_operator' retrieved from /home/airflow/.local/lib/python3.11/site-packages/airflow/example_dags/example_bash_operator.py
[2024-07-13T00:55:11.736+0000] {logging_mixin.py:188} INFO - [2024-07-13T00:55:11.735+0000] {dag.py:3096} INFO - Sync 1 DAGs
[2024-07-13T00:55:11.805+0000] {logging_mixin.py:188} INFO - [2024-07-13T00:55:11.804+0000] {dag.py:3954} INFO - Setting next_dagrun for example_bash_operator to 2024-07-12 00:00:00+00:00, run_after=2024-07-13 00:00:00+00:00
[2024-07-13T00:55:11.866+0000] {processor.py:183} INFO - Processing /home/airflow/.local/lib/python3.11/site-packages/airflow/example_dags/example_bash_operator.py took 0.243 seconds
[2024-07-13T00:59:01.533+0000] {processor.py:161} INFO - Started process (PID=65) to work on /home/airflow/.local/lib/python3.11/site-packages/airflow/example_dags/example_bash_operator.py
[2024-07-13T00:59:01.536+0000] {processor.py:830} INFO - Processing file /home/airflow/.local/lib/python3.11/site-packages/airflow/example_dags/example_bash_operator.py for tasks to queue
[2024-07-13T00:59:01.540+0000] {logging_mixin.py:188} INFO - [2024-07-13T00:59:01.539+0000] {dagbag.py:545} INFO - Filling up the DagBag from /home/airflow/.local/lib/python3.11/site-packages/airflow/example_dags/example_bash_operator.py
[2024-07-13T00:59:01.569+0000] {processor.py:840} INFO - DAG(s) 'example_bash_operator' retrieved from /home/airflow/.local/lib/python3.11/site-packages/airflow/example_dags/example_bash_operator.py
[2024-07-13T00:59:01.843+0000] {logging_mixin.py:188} INFO - [2024-07-13T00:59:01.842+0000] {dag.py:3096} INFO - Sync 1 DAGs
[2024-07-13T00:59:01.896+0000] {logging_mixin.py:188} INFO - [2024-07-13T00:59:01.895+0000] {dag.py:3954} INFO - Setting next_dagrun for example_bash_operator to 2024-07-12 00:00:00+00:00, run_after=2024-07-13 00:00:00+00:00
[2024-07-13T00:59:01.936+0000] {processor.py:183} INFO - Processing /home/airflow/.local/lib/python3.11/site-packages/airflow/example_dags/example_bash_operator.py took 0.419 seconds
[2024-07-13T00:59:32.099+0000] {processor.py:161} INFO - Started process (PID=127) to work on /home/airflow/.local/lib/python3.11/site-packages/airflow/example_dags/example_bash_operator.py
[2024-07-13T00:59:32.101+0000] {processor.py:830} INFO - Processing file /home/airflow/.local/lib/python3.11/site-packages/airflow/example_dags/example_bash_operator.py for tasks to queue
[2024-07-13T00:59:32.105+0000] {logging_mixin.py:188} INFO - [2024-07-13T00:59:32.104+0000] {dagbag.py:545} INFO - Filling up the DagBag from /home/airflow/.local/lib/python3.11/site-packages/airflow/example_dags/example_bash_operator.py
[2024-07-13T00:59:32.128+0000] {processor.py:840} INFO - DAG(s) 'example_bash_operator' retrieved from /home/airflow/.local/lib/python3.11/site-packages/airflow/example_dags/example_bash_operator.py
[2024-07-13T00:59:32.201+0000] {logging_mixin.py:188} INFO - [2024-07-13T00:59:32.201+0000] {dag.py:3096} INFO - Sync 1 DAGs
[2024-07-13T00:59:32.248+0000] {logging_mixin.py:188} INFO - [2024-07-13T00:59:32.247+0000] {dag.py:3954} INFO - Setting next_dagrun for example_bash_operator to 2024-07-12 00:00:00+00:00, run_after=2024-07-13 00:00:00+00:00
[2024-07-13T00:59:32.281+0000] {processor.py:183} INFO - Processing /home/airflow/.local/lib/python3.11/site-packages/airflow/example_dags/example_bash_operator.py took 0.194 seconds
[2024-07-13T01:00:04.782+0000] {processor.py:161} INFO - Started process (PID=188) to work on /home/airflow/.local/lib/python3.11/site-packages/airflow/example_dags/example_bash_operator.py
[2024-07-13T01:00:04.785+0000] {processor.py:830} INFO - Processing file /home/airflow/.local/lib/python3.11/site-packages/airflow/example_dags/example_bash_operator.py for tasks to queue
[2024-07-13T01:00:04.789+0000] {logging_mixin.py:188} INFO - [2024-07-13T01:00:04.788+0000] {dagbag.py:545} INFO - Filling up the DagBag from /home/airflow/.local/lib/python3.11/site-packages/airflow/example_dags/example_bash_operator.py
[2024-07-13T01:00:04.813+0000] {processor.py:840} INFO - DAG(s) 'example_bash_operator' retrieved from /home/airflow/.local/lib/python3.11/site-packages/airflow/example_dags/example_bash_operator.py
[2024-07-13T01:00:04.870+0000] {logging_mixin.py:188} INFO - [2024-07-13T01:00:04.870+0000] {dag.py:3096} INFO - Sync 1 DAGs
[2024-07-13T01:00:04.912+0000] {logging_mixin.py:188} INFO - [2024-07-13T01:00:04.911+0000] {dag.py:3954} INFO - Setting next_dagrun for example_bash_operator to 2024-07-12 00:00:00+00:00, run_after=2024-07-13 00:00:00+00:00
[2024-07-13T01:00:04.945+0000] {processor.py:183} INFO - Processing /home/airflow/.local/lib/python3.11/site-packages/airflow/example_dags/example_bash_operator.py took 0.178 seconds
[2024-07-13T01:00:37.320+0000] {processor.py:161} INFO - Started process (PID=250) to work on /home/airflow/.local/lib/python3.11/site-packages/airflow/example_dags/example_bash_operator.py
[2024-07-13T01:00:37.322+0000] {processor.py:830} INFO - Processing file /home/airflow/.local/lib/python3.11/site-packages/airflow/example_dags/example_bash_operator.py for tasks to queue
[2024-07-13T01:00:37.326+0000] {logging_mixin.py:188} INFO - [2024-07-13T01:00:37.325+0000] {dagbag.py:545} INFO - Filling up the DagBag from /home/airflow/.local/lib/python3.11/site-packages/airflow/example_dags/example_bash_operator.py
[2024-07-13T01:00:37.349+0000] {processor.py:840} INFO - DAG(s) 'example_bash_operator' retrieved from /home/airflow/.local/lib/python3.11/site-packages/airflow/example_dags/example_bash_operator.py
[2024-07-13T01:00:37.426+0000] {logging_mixin.py:188} INFO - [2024-07-13T01:00:37.426+0000] {dag.py:3096} INFO - Sync 1 DAGs
[2024-07-13T01:00:37.525+0000] {logging_mixin.py:188} INFO - [2024-07-13T01:00:37.524+0000] {dag.py:3954} INFO - Setting next_dagrun for example_bash_operator to 2024-07-12 00:00:00+00:00, run_after=2024-07-13 00:00:00+00:00
[2024-07-13T01:00:37.569+0000] {processor.py:183} INFO - Processing /home/airflow/.local/lib/python3.11/site-packages/airflow/example_dags/example_bash_operator.py took 0.263 seconds
[2024-07-13T01:01:10.598+0000] {processor.py:161} INFO - Started process (PID=318) to work on /home/airflow/.local/lib/python3.11/site-packages/airflow/example_dags/example_bash_operator.py
[2024-07-13T01:01:10.599+0000] {processor.py:830} INFO - Processing file /home/airflow/.local/lib/python3.11/site-packages/airflow/example_dags/example_bash_operator.py for tasks to queue
[2024-07-13T01:01:10.602+0000] {logging_mixin.py:188} INFO - [2024-07-13T01:01:10.602+0000] {dagbag.py:545} INFO - Filling up the DagBag from /home/airflow/.local/lib/python3.11/site-packages/airflow/example_dags/example_bash_operator.py
[2024-07-13T01:01:10.624+0000] {processor.py:840} INFO - DAG(s) 'example_bash_operator' retrieved from /home/airflow/.local/lib/python3.11/site-packages/airflow/example_dags/example_bash_operator.py
[2024-07-13T01:01:10.679+0000] {logging_mixin.py:188} INFO - [2024-07-13T01:01:10.679+0000] {dag.py:3096} INFO - Sync 1 DAGs
[2024-07-13T01:01:10.723+0000] {logging_mixin.py:188} INFO - [2024-07-13T01:01:10.722+0000] {dag.py:3954} INFO - Setting next_dagrun for example_bash_operator to 2024-07-12 00:00:00+00:00, run_after=2024-07-13 00:00:00+00:00
[2024-07-13T01:01:10.749+0000] {processor.py:183} INFO - Processing /home/airflow/.local/lib/python3.11/site-packages/airflow/example_dags/example_bash_operator.py took 0.163 seconds
[2024-07-13T01:01:44.093+0000] {processor.py:161} INFO - Started process (PID=380) to work on /home/airflow/.local/lib/python3.11/site-packages/airflow/example_dags/example_bash_operator.py
[2024-07-13T01:01:44.096+0000] {processor.py:830} INFO - Processing file /home/airflow/.local/lib/python3.11/site-packages/airflow/example_dags/example_bash_operator.py for tasks to queue
[2024-07-13T01:01:44.100+0000] {logging_mixin.py:188} INFO - [2024-07-13T01:01:44.099+0000] {dagbag.py:545} INFO - Filling up the DagBag from /home/airflow/.local/lib/python3.11/site-packages/airflow/example_dags/example_bash_operator.py
[2024-07-13T01:01:44.122+0000] {processor.py:840} INFO - DAG(s) 'example_bash_operator' retrieved from /home/airflow/.local/lib/python3.11/site-packages/airflow/example_dags/example_bash_operator.py
[2024-07-13T01:01:44.185+0000] {logging_mixin.py:188} INFO - [2024-07-13T01:01:44.185+0000] {dag.py:3096} INFO - Sync 1 DAGs
[2024-07-13T01:01:44.232+0000] {logging_mixin.py:188} INFO - [2024-07-13T01:01:44.231+0000] {dag.py:3954} INFO - Setting next_dagrun for example_bash_operator to 2024-07-12 00:00:00+00:00, run_after=2024-07-13 00:00:00+00:00
[2024-07-13T01:01:44.266+0000] {processor.py:183} INFO - Processing /home/airflow/.local/lib/python3.11/site-packages/airflow/example_dags/example_bash_operator.py took 0.186 seconds
[2024-07-13T01:02:18.360+0000] {processor.py:161} INFO - Started process (PID=441) to work on /home/airflow/.local/lib/python3.11/site-packages/airflow/example_dags/example_bash_operator.py
[2024-07-13T01:02:18.362+0000] {processor.py:830} INFO - Processing file /home/airflow/.local/lib/python3.11/site-packages/airflow/example_dags/example_bash_operator.py for tasks to queue
[2024-07-13T01:02:18.366+0000] {logging_mixin.py:188} INFO - [2024-07-13T01:02:18.365+0000] {dagbag.py:545} INFO - Filling up the DagBag from /home/airflow/.local/lib/python3.11/site-packages/airflow/example_dags/example_bash_operator.py
[2024-07-13T01:02:18.390+0000] {processor.py:840} INFO - DAG(s) 'example_bash_operator' retrieved from /home/airflow/.local/lib/python3.11/site-packages/airflow/example_dags/example_bash_operator.py
[2024-07-13T01:02:18.464+0000] {logging_mixin.py:188} INFO - [2024-07-13T01:02:18.464+0000] {dag.py:3096} INFO - Sync 1 DAGs
[2024-07-13T01:02:18.501+0000] {logging_mixin.py:188} INFO - [2024-07-13T01:02:18.500+0000] {dag.py:3954} INFO - Setting next_dagrun for example_bash_operator to 2024-07-12 00:00:00+00:00, run_after=2024-07-13 00:00:00+00:00
[2024-07-13T01:02:18.535+0000] {processor.py:183} INFO - Processing /home/airflow/.local/lib/python3.11/site-packages/airflow/example_dags/example_bash_operator.py took 0.190 seconds
[2024-07-13T01:02:51.959+0000] {processor.py:161} INFO - Started process (PID=503) to work on /home/airflow/.local/lib/python3.11/site-packages/airflow/example_dags/example_bash_operator.py
[2024-07-13T01:02:51.961+0000] {processor.py:830} INFO - Processing file /home/airflow/.local/lib/python3.11/site-packages/airflow/example_dags/example_bash_operator.py for tasks to queue
[2024-07-13T01:02:51.964+0000] {logging_mixin.py:188} INFO - [2024-07-13T01:02:51.963+0000] {dagbag.py:545} INFO - Filling up the DagBag from /home/airflow/.local/lib/python3.11/site-packages/airflow/example_dags/example_bash_operator.py
[2024-07-13T01:02:51.986+0000] {processor.py:840} INFO - DAG(s) 'example_bash_operator' retrieved from /home/airflow/.local/lib/python3.11/site-packages/airflow/example_dags/example_bash_operator.py
[2024-07-13T01:02:52.039+0000] {logging_mixin.py:188} INFO - [2024-07-13T01:02:52.039+0000] {dag.py:3096} INFO - Sync 1 DAGs
[2024-07-13T01:02:52.077+0000] {logging_mixin.py:188} INFO - [2024-07-13T01:02:52.077+0000] {dag.py:3954} INFO - Setting next_dagrun for example_bash_operator to 2024-07-12 00:00:00+00:00, run_after=2024-07-13 00:00:00+00:00
[2024-07-13T01:02:52.103+0000] {processor.py:183} INFO - Processing /home/airflow/.local/lib/python3.11/site-packages/airflow/example_dags/example_bash_operator.py took 0.155 seconds
[2024-07-13T01:03:27.159+0000] {processor.py:161} INFO - Started process (PID=565) to work on /home/airflow/.local/lib/python3.11/site-packages/airflow/example_dags/example_bash_operator.py
[2024-07-13T01:03:27.162+0000] {processor.py:830} INFO - Processing file /home/airflow/.local/lib/python3.11/site-packages/airflow/example_dags/example_bash_operator.py for tasks to queue
[2024-07-13T01:03:27.166+0000] {logging_mixin.py:188} INFO - [2024-07-13T01:03:27.165+0000] {dagbag.py:545} INFO - Filling up the DagBag from /home/airflow/.local/lib/python3.11/site-packages/airflow/example_dags/example_bash_operator.py
[2024-07-13T01:03:27.189+0000] {processor.py:840} INFO - DAG(s) 'example_bash_operator' retrieved from /home/airflow/.local/lib/python3.11/site-packages/airflow/example_dags/example_bash_operator.py
[2024-07-13T01:03:27.244+0000] {logging_mixin.py:188} INFO - [2024-07-13T01:03:27.244+0000] {dag.py:3096} INFO - Sync 1 DAGs
[2024-07-13T01:03:27.290+0000] {logging_mixin.py:188} INFO - [2024-07-13T01:03:27.289+0000] {dag.py:3954} INFO - Setting next_dagrun for example_bash_operator to 2024-07-12 00:00:00+00:00, run_after=2024-07-13 00:00:00+00:00
[2024-07-13T01:03:27.330+0000] {processor.py:183} INFO - Processing /home/airflow/.local/lib/python3.11/site-packages/airflow/example_dags/example_bash_operator.py took 0.186 seconds
[2024-07-13T01:04:01.284+0000] {processor.py:161} INFO - Started process (PID=628) to work on /home/airflow/.local/lib/python3.11/site-packages/airflow/example_dags/example_bash_operator.py
[2024-07-13T01:04:01.287+0000] {processor.py:830} INFO - Processing file /home/airflow/.local/lib/python3.11/site-packages/airflow/example_dags/example_bash_operator.py for tasks to queue
[2024-07-13T01:04:01.291+0000] {logging_mixin.py:188} INFO - [2024-07-13T01:04:01.290+0000] {dagbag.py:545} INFO - Filling up the DagBag from /home/airflow/.local/lib/python3.11/site-packages/airflow/example_dags/example_bash_operator.py
[2024-07-13T01:04:01.315+0000] {processor.py:840} INFO - DAG(s) 'example_bash_operator' retrieved from /home/airflow/.local/lib/python3.11/site-packages/airflow/example_dags/example_bash_operator.py
[2024-07-13T01:04:01.384+0000] {logging_mixin.py:188} INFO - [2024-07-13T01:04:01.383+0000] {dag.py:3096} INFO - Sync 1 DAGs
[2024-07-13T01:04:01.433+0000] {logging_mixin.py:188} INFO - [2024-07-13T01:04:01.432+0000] {dag.py:3954} INFO - Setting next_dagrun for example_bash_operator to 2024-07-12 00:00:00+00:00, run_after=2024-07-13 00:00:00+00:00
[2024-07-13T01:04:01.469+0000] {processor.py:183} INFO - Processing /home/airflow/.local/lib/python3.11/site-packages/airflow/example_dags/example_bash_operator.py took 0.202 seconds
[2024-07-13T01:04:34.453+0000] {processor.py:161} INFO - Started process (PID=690) to work on /home/airflow/.local/lib/python3.11/site-packages/airflow/example_dags/example_bash_operator.py
[2024-07-13T01:04:34.456+0000] {processor.py:830} INFO - Processing file /home/airflow/.local/lib/python3.11/site-packages/airflow/example_dags/example_bash_operator.py for tasks to queue
[2024-07-13T01:04:34.459+0000] {logging_mixin.py:188} INFO - [2024-07-13T01:04:34.459+0000] {dagbag.py:545} INFO - Filling up the DagBag from /home/airflow/.local/lib/python3.11/site-packages/airflow/example_dags/example_bash_operator.py
[2024-07-13T01:04:34.483+0000] {processor.py:840} INFO - DAG(s) 'example_bash_operator' retrieved from /home/airflow/.local/lib/python3.11/site-packages/airflow/example_dags/example_bash_operator.py
[2024-07-13T01:04:34.537+0000] {logging_mixin.py:188} INFO - [2024-07-13T01:04:34.536+0000] {dag.py:3096} INFO - Sync 1 DAGs
[2024-07-13T01:04:34.592+0000] {logging_mixin.py:188} INFO - [2024-07-13T01:04:34.591+0000] {dag.py:3954} INFO - Setting next_dagrun for example_bash_operator to 2024-07-12 00:00:00+00:00, run_after=2024-07-13 00:00:00+00:00
[2024-07-13T01:04:34.633+0000] {processor.py:183} INFO - Processing /home/airflow/.local/lib/python3.11/site-packages/airflow/example_dags/example_bash_operator.py took 0.194 seconds
[2024-07-13T01:05:07.545+0000] {processor.py:161} INFO - Started process (PID=752) to work on /home/airflow/.local/lib/python3.11/site-packages/airflow/example_dags/example_bash_operator.py
[2024-07-13T01:05:07.547+0000] {processor.py:830} INFO - Processing file /home/airflow/.local/lib/python3.11/site-packages/airflow/example_dags/example_bash_operator.py for tasks to queue
[2024-07-13T01:05:07.551+0000] {logging_mixin.py:188} INFO - [2024-07-13T01:05:07.550+0000] {dagbag.py:545} INFO - Filling up the DagBag from /home/airflow/.local/lib/python3.11/site-packages/airflow/example_dags/example_bash_operator.py
[2024-07-13T01:05:07.579+0000] {processor.py:840} INFO - DAG(s) 'example_bash_operator' retrieved from /home/airflow/.local/lib/python3.11/site-packages/airflow/example_dags/example_bash_operator.py
[2024-07-13T01:05:07.643+0000] {logging_mixin.py:188} INFO - [2024-07-13T01:05:07.642+0000] {dag.py:3096} INFO - Sync 1 DAGs
[2024-07-13T01:05:07.700+0000] {logging_mixin.py:188} INFO - [2024-07-13T01:05:07.699+0000] {dag.py:3954} INFO - Setting next_dagrun for example_bash_operator to 2024-07-12 00:00:00+00:00, run_after=2024-07-13 00:00:00+00:00
[2024-07-13T01:05:07.739+0000] {processor.py:183} INFO - Processing /home/airflow/.local/lib/python3.11/site-packages/airflow/example_dags/example_bash_operator.py took 0.212 seconds
[2024-07-13T01:05:45.635+0000] {processor.py:161} INFO - Started process (PID=821) to work on /home/airflow/.local/lib/python3.11/site-packages/airflow/example_dags/example_bash_operator.py
[2024-07-13T01:05:45.638+0000] {processor.py:830} INFO - Processing file /home/airflow/.local/lib/python3.11/site-packages/airflow/example_dags/example_bash_operator.py for tasks to queue
[2024-07-13T01:05:45.643+0000] {logging_mixin.py:188} INFO - [2024-07-13T01:05:45.642+0000] {dagbag.py:545} INFO - Filling up the DagBag from /home/airflow/.local/lib/python3.11/site-packages/airflow/example_dags/example_bash_operator.py
[2024-07-13T01:05:45.673+0000] {processor.py:840} INFO - DAG(s) 'example_bash_operator' retrieved from /home/airflow/.local/lib/python3.11/site-packages/airflow/example_dags/example_bash_operator.py
[2024-07-13T01:05:45.738+0000] {logging_mixin.py:188} INFO - [2024-07-13T01:05:45.737+0000] {dag.py:3096} INFO - Sync 1 DAGs
[2024-07-13T01:05:46.286+0000] {logging_mixin.py:188} INFO - [2024-07-13T01:05:46.285+0000] {dag.py:3954} INFO - Setting next_dagrun for example_bash_operator to 2024-07-12 00:00:00+00:00, run_after=2024-07-13 00:00:00+00:00
[2024-07-13T01:05:46.320+0000] {processor.py:183} INFO - Processing /home/airflow/.local/lib/python3.11/site-packages/airflow/example_dags/example_bash_operator.py took 0.702 seconds
[2024-07-13T01:06:17.150+0000] {processor.py:161} INFO - Started process (PID=883) to work on /home/airflow/.local/lib/python3.11/site-packages/airflow/example_dags/example_bash_operator.py
[2024-07-13T01:06:17.153+0000] {processor.py:830} INFO - Processing file /home/airflow/.local/lib/python3.11/site-packages/airflow/example_dags/example_bash_operator.py for tasks to queue
[2024-07-13T01:06:17.157+0000] {logging_mixin.py:188} INFO - [2024-07-13T01:06:17.157+0000] {dagbag.py:545} INFO - Filling up the DagBag from /home/airflow/.local/lib/python3.11/site-packages/airflow/example_dags/example_bash_operator.py
[2024-07-13T01:06:17.222+0000] {processor.py:840} INFO - DAG(s) 'example_bash_operator' retrieved from /home/airflow/.local/lib/python3.11/site-packages/airflow/example_dags/example_bash_operator.py
[2024-07-13T01:06:17.298+0000] {logging_mixin.py:188} INFO - [2024-07-13T01:06:17.297+0000] {dag.py:3096} INFO - Sync 1 DAGs
[2024-07-13T01:06:17.388+0000] {logging_mixin.py:188} INFO - [2024-07-13T01:06:17.387+0000] {dag.py:3954} INFO - Setting next_dagrun for example_bash_operator to 2024-07-12 00:00:00+00:00, run_after=2024-07-13 00:00:00+00:00
[2024-07-13T01:06:17.445+0000] {processor.py:183} INFO - Processing /home/airflow/.local/lib/python3.11/site-packages/airflow/example_dags/example_bash_operator.py took 0.312 seconds
[2024-07-13T01:06:47.664+0000] {processor.py:161} INFO - Started process (PID=946) to work on /home/airflow/.local/lib/python3.11/site-packages/airflow/example_dags/example_bash_operator.py
[2024-07-13T01:06:47.666+0000] {processor.py:830} INFO - Processing file /home/airflow/.local/lib/python3.11/site-packages/airflow/example_dags/example_bash_operator.py for tasks to queue
[2024-07-13T01:06:47.670+0000] {logging_mixin.py:188} INFO - [2024-07-13T01:06:47.669+0000] {dagbag.py:545} INFO - Filling up the DagBag from /home/airflow/.local/lib/python3.11/site-packages/airflow/example_dags/example_bash_operator.py
[2024-07-13T01:06:47.693+0000] {processor.py:840} INFO - DAG(s) 'example_bash_operator' retrieved from /home/airflow/.local/lib/python3.11/site-packages/airflow/example_dags/example_bash_operator.py
[2024-07-13T01:06:47.743+0000] {logging_mixin.py:188} INFO - [2024-07-13T01:06:47.742+0000] {dag.py:3096} INFO - Sync 1 DAGs
[2024-07-13T01:06:47.792+0000] {logging_mixin.py:188} INFO - [2024-07-13T01:06:47.791+0000] {dag.py:3954} INFO - Setting next_dagrun for example_bash_operator to 2024-07-12 00:00:00+00:00, run_after=2024-07-13 00:00:00+00:00
[2024-07-13T01:06:47.821+0000] {processor.py:183} INFO - Processing /home/airflow/.local/lib/python3.11/site-packages/airflow/example_dags/example_bash_operator.py took 0.172 seconds
[2024-07-13T01:07:20.377+0000] {processor.py:161} INFO - Started process (PID=1007) to work on /home/airflow/.local/lib/python3.11/site-packages/airflow/example_dags/example_bash_operator.py
[2024-07-13T01:07:20.380+0000] {processor.py:830} INFO - Processing file /home/airflow/.local/lib/python3.11/site-packages/airflow/example_dags/example_bash_operator.py for tasks to queue
[2024-07-13T01:07:20.384+0000] {logging_mixin.py:188} INFO - [2024-07-13T01:07:20.384+0000] {dagbag.py:545} INFO - Filling up the DagBag from /home/airflow/.local/lib/python3.11/site-packages/airflow/example_dags/example_bash_operator.py
[2024-07-13T01:07:20.408+0000] {processor.py:840} INFO - DAG(s) 'example_bash_operator' retrieved from /home/airflow/.local/lib/python3.11/site-packages/airflow/example_dags/example_bash_operator.py
[2024-07-13T01:07:20.462+0000] {logging_mixin.py:188} INFO - [2024-07-13T01:07:20.461+0000] {dag.py:3096} INFO - Sync 1 DAGs
[2024-07-13T01:07:20.507+0000] {logging_mixin.py:188} INFO - [2024-07-13T01:07:20.507+0000] {dag.py:3954} INFO - Setting next_dagrun for example_bash_operator to 2024-07-12 00:00:00+00:00, run_after=2024-07-13 00:00:00+00:00
[2024-07-13T01:07:20.539+0000] {processor.py:183} INFO - Processing /home/airflow/.local/lib/python3.11/site-packages/airflow/example_dags/example_bash_operator.py took 0.176 seconds
[2024-07-13T01:07:54.764+0000] {processor.py:161} INFO - Started process (PID=1073) to work on /home/airflow/.local/lib/python3.11/site-packages/airflow/example_dags/example_bash_operator.py
[2024-07-13T01:07:54.768+0000] {processor.py:830} INFO - Processing file /home/airflow/.local/lib/python3.11/site-packages/airflow/example_dags/example_bash_operator.py for tasks to queue
[2024-07-13T01:07:54.771+0000] {logging_mixin.py:188} INFO - [2024-07-13T01:07:54.771+0000] {dagbag.py:545} INFO - Filling up the DagBag from /home/airflow/.local/lib/python3.11/site-packages/airflow/example_dags/example_bash_operator.py
[2024-07-13T01:07:54.795+0000] {processor.py:840} INFO - DAG(s) 'example_bash_operator' retrieved from /home/airflow/.local/lib/python3.11/site-packages/airflow/example_dags/example_bash_operator.py
[2024-07-13T01:07:54.855+0000] {logging_mixin.py:188} INFO - [2024-07-13T01:07:54.855+0000] {dag.py:3096} INFO - Sync 1 DAGs
[2024-07-13T01:07:54.901+0000] {logging_mixin.py:188} INFO - [2024-07-13T01:07:54.900+0000] {dag.py:3954} INFO - Setting next_dagrun for example_bash_operator to 2024-07-12 00:00:00+00:00, run_after=2024-07-13 00:00:00+00:00
[2024-07-13T01:07:54.932+0000] {processor.py:183} INFO - Processing /home/airflow/.local/lib/python3.11/site-packages/airflow/example_dags/example_bash_operator.py took 0.181 seconds
[2024-07-13T01:08:27.843+0000] {processor.py:161} INFO - Started process (PID=1135) to work on /home/airflow/.local/lib/python3.11/site-packages/airflow/example_dags/example_bash_operator.py
[2024-07-13T01:08:27.846+0000] {processor.py:830} INFO - Processing file /home/airflow/.local/lib/python3.11/site-packages/airflow/example_dags/example_bash_operator.py for tasks to queue
[2024-07-13T01:08:27.851+0000] {logging_mixin.py:188} INFO - [2024-07-13T01:08:27.851+0000] {dagbag.py:545} INFO - Filling up the DagBag from /home/airflow/.local/lib/python3.11/site-packages/airflow/example_dags/example_bash_operator.py
[2024-07-13T01:08:27.885+0000] {processor.py:840} INFO - DAG(s) 'example_bash_operator' retrieved from /home/airflow/.local/lib/python3.11/site-packages/airflow/example_dags/example_bash_operator.py
[2024-07-13T01:08:27.944+0000] {logging_mixin.py:188} INFO - [2024-07-13T01:08:27.944+0000] {dag.py:3096} INFO - Sync 1 DAGs
[2024-07-13T01:08:27.985+0000] {logging_mixin.py:188} INFO - [2024-07-13T01:08:27.985+0000] {dag.py:3954} INFO - Setting next_dagrun for example_bash_operator to 2024-07-12 00:00:00+00:00, run_after=2024-07-13 00:00:00+00:00
[2024-07-13T01:08:28.018+0000] {processor.py:183} INFO - Processing /home/airflow/.local/lib/python3.11/site-packages/airflow/example_dags/example_bash_operator.py took 0.191 seconds
[2024-07-13T01:09:00.604+0000] {processor.py:161} INFO - Started process (PID=1197) to work on /home/airflow/.local/lib/python3.11/site-packages/airflow/example_dags/example_bash_operator.py
[2024-07-13T01:09:00.607+0000] {processor.py:830} INFO - Processing file /home/airflow/.local/lib/python3.11/site-packages/airflow/example_dags/example_bash_operator.py for tasks to queue
[2024-07-13T01:09:00.612+0000] {logging_mixin.py:188} INFO - [2024-07-13T01:09:00.611+0000] {dagbag.py:545} INFO - Filling up the DagBag from /home/airflow/.local/lib/python3.11/site-packages/airflow/example_dags/example_bash_operator.py
[2024-07-13T01:09:00.641+0000] {processor.py:840} INFO - DAG(s) 'example_bash_operator' retrieved from /home/airflow/.local/lib/python3.11/site-packages/airflow/example_dags/example_bash_operator.py
[2024-07-13T01:09:00.708+0000] {logging_mixin.py:188} INFO - [2024-07-13T01:09:00.708+0000] {dag.py:3096} INFO - Sync 1 DAGs
[2024-07-13T01:09:00.757+0000] {logging_mixin.py:188} INFO - [2024-07-13T01:09:00.756+0000] {dag.py:3954} INFO - Setting next_dagrun for example_bash_operator to 2024-07-12 00:00:00+00:00, run_after=2024-07-13 00:00:00+00:00
[2024-07-13T01:09:00.793+0000] {processor.py:183} INFO - Processing /home/airflow/.local/lib/python3.11/site-packages/airflow/example_dags/example_bash_operator.py took 0.207 seconds
[2024-07-13T01:11:20.241+0000] {processor.py:161} INFO - Started process (PID=63) to work on /home/airflow/.local/lib/python3.11/site-packages/airflow/example_dags/example_bash_operator.py
[2024-07-13T01:11:20.244+0000] {processor.py:830} INFO - Processing file /home/airflow/.local/lib/python3.11/site-packages/airflow/example_dags/example_bash_operator.py for tasks to queue
[2024-07-13T01:11:20.248+0000] {logging_mixin.py:188} INFO - [2024-07-13T01:11:20.247+0000] {dagbag.py:545} INFO - Filling up the DagBag from /home/airflow/.local/lib/python3.11/site-packages/airflow/example_dags/example_bash_operator.py
[2024-07-13T01:11:20.272+0000] {processor.py:840} INFO - DAG(s) 'example_bash_operator' retrieved from /home/airflow/.local/lib/python3.11/site-packages/airflow/example_dags/example_bash_operator.py
[2024-07-13T01:11:20.510+0000] {logging_mixin.py:188} INFO - [2024-07-13T01:11:20.509+0000] {dag.py:3096} INFO - Sync 1 DAGs
[2024-07-13T01:11:20.561+0000] {logging_mixin.py:188} INFO - [2024-07-13T01:11:20.561+0000] {dag.py:3954} INFO - Setting next_dagrun for example_bash_operator to 2024-07-12 00:00:00+00:00, run_after=2024-07-13 00:00:00+00:00
[2024-07-13T01:11:20.601+0000] {processor.py:183} INFO - Processing /home/airflow/.local/lib/python3.11/site-packages/airflow/example_dags/example_bash_operator.py took 0.375 seconds
[2024-07-13T01:11:50.868+0000] {processor.py:161} INFO - Started process (PID=124) to work on /home/airflow/.local/lib/python3.11/site-packages/airflow/example_dags/example_bash_operator.py
[2024-07-13T01:11:50.870+0000] {processor.py:830} INFO - Processing file /home/airflow/.local/lib/python3.11/site-packages/airflow/example_dags/example_bash_operator.py for tasks to queue
[2024-07-13T01:11:50.874+0000] {logging_mixin.py:188} INFO - [2024-07-13T01:11:50.873+0000] {dagbag.py:545} INFO - Filling up the DagBag from /home/airflow/.local/lib/python3.11/site-packages/airflow/example_dags/example_bash_operator.py
[2024-07-13T01:11:50.901+0000] {processor.py:840} INFO - DAG(s) 'example_bash_operator' retrieved from /home/airflow/.local/lib/python3.11/site-packages/airflow/example_dags/example_bash_operator.py
[2024-07-13T01:11:50.950+0000] {logging_mixin.py:188} INFO - [2024-07-13T01:11:50.949+0000] {dag.py:3096} INFO - Sync 1 DAGs
[2024-07-13T01:11:50.988+0000] {logging_mixin.py:188} INFO - [2024-07-13T01:11:50.988+0000] {dag.py:3954} INFO - Setting next_dagrun for example_bash_operator to 2024-07-12 00:00:00+00:00, run_after=2024-07-13 00:00:00+00:00
[2024-07-13T01:11:51.019+0000] {processor.py:183} INFO - Processing /home/airflow/.local/lib/python3.11/site-packages/airflow/example_dags/example_bash_operator.py took 0.164 seconds
[2024-07-13T01:12:24.875+0000] {processor.py:161} INFO - Started process (PID=186) to work on /home/airflow/.local/lib/python3.11/site-packages/airflow/example_dags/example_bash_operator.py
[2024-07-13T01:12:24.877+0000] {processor.py:830} INFO - Processing file /home/airflow/.local/lib/python3.11/site-packages/airflow/example_dags/example_bash_operator.py for tasks to queue
[2024-07-13T01:12:24.881+0000] {logging_mixin.py:188} INFO - [2024-07-13T01:12:24.880+0000] {dagbag.py:545} INFO - Filling up the DagBag from /home/airflow/.local/lib/python3.11/site-packages/airflow/example_dags/example_bash_operator.py
[2024-07-13T01:12:24.902+0000] {processor.py:840} INFO - DAG(s) 'example_bash_operator' retrieved from /home/airflow/.local/lib/python3.11/site-packages/airflow/example_dags/example_bash_operator.py
[2024-07-13T01:12:24.962+0000] {logging_mixin.py:188} INFO - [2024-07-13T01:12:24.962+0000] {dag.py:3096} INFO - Sync 1 DAGs
[2024-07-13T01:12:24.998+0000] {logging_mixin.py:188} INFO - [2024-07-13T01:12:24.997+0000] {dag.py:3954} INFO - Setting next_dagrun for example_bash_operator to 2024-07-12 00:00:00+00:00, run_after=2024-07-13 00:00:00+00:00
[2024-07-13T01:12:25.030+0000] {processor.py:183} INFO - Processing /home/airflow/.local/lib/python3.11/site-packages/airflow/example_dags/example_bash_operator.py took 0.169 seconds
[2024-07-13T01:12:57.541+0000] {processor.py:161} INFO - Started process (PID=254) to work on /home/airflow/.local/lib/python3.11/site-packages/airflow/example_dags/example_bash_operator.py
[2024-07-13T01:12:57.543+0000] {processor.py:830} INFO - Processing file /home/airflow/.local/lib/python3.11/site-packages/airflow/example_dags/example_bash_operator.py for tasks to queue
[2024-07-13T01:12:57.548+0000] {logging_mixin.py:188} INFO - [2024-07-13T01:12:57.547+0000] {dagbag.py:545} INFO - Filling up the DagBag from /home/airflow/.local/lib/python3.11/site-packages/airflow/example_dags/example_bash_operator.py
[2024-07-13T01:12:57.578+0000] {processor.py:840} INFO - DAG(s) 'example_bash_operator' retrieved from /home/airflow/.local/lib/python3.11/site-packages/airflow/example_dags/example_bash_operator.py
[2024-07-13T01:12:57.631+0000] {logging_mixin.py:188} INFO - [2024-07-13T01:12:57.630+0000] {dag.py:3096} INFO - Sync 1 DAGs
[2024-07-13T01:12:57.671+0000] {logging_mixin.py:188} INFO - [2024-07-13T01:12:57.671+0000] {dag.py:3954} INFO - Setting next_dagrun for example_bash_operator to 2024-07-12 00:00:00+00:00, run_after=2024-07-13 00:00:00+00:00
[2024-07-13T01:12:57.700+0000] {processor.py:183} INFO - Processing /home/airflow/.local/lib/python3.11/site-packages/airflow/example_dags/example_bash_operator.py took 0.176 seconds
[2024-07-13T01:13:32.693+0000] {processor.py:161} INFO - Started process (PID=317) to work on /home/airflow/.local/lib/python3.11/site-packages/airflow/example_dags/example_bash_operator.py
[2024-07-13T01:13:32.695+0000] {processor.py:830} INFO - Processing file /home/airflow/.local/lib/python3.11/site-packages/airflow/example_dags/example_bash_operator.py for tasks to queue
[2024-07-13T01:13:32.700+0000] {logging_mixin.py:188} INFO - [2024-07-13T01:13:32.699+0000] {dagbag.py:545} INFO - Filling up the DagBag from /home/airflow/.local/lib/python3.11/site-packages/airflow/example_dags/example_bash_operator.py
[2024-07-13T01:13:32.726+0000] {processor.py:840} INFO - DAG(s) 'example_bash_operator' retrieved from /home/airflow/.local/lib/python3.11/site-packages/airflow/example_dags/example_bash_operator.py
[2024-07-13T01:13:32.796+0000] {logging_mixin.py:188} INFO - [2024-07-13T01:13:32.795+0000] {dag.py:3096} INFO - Sync 1 DAGs
[2024-07-13T01:13:32.857+0000] {logging_mixin.py:188} INFO - [2024-07-13T01:13:32.856+0000] {dag.py:3954} INFO - Setting next_dagrun for example_bash_operator to 2024-07-12 00:00:00+00:00, run_after=2024-07-13 00:00:00+00:00
[2024-07-13T01:13:32.900+0000] {processor.py:183} INFO - Processing /home/airflow/.local/lib/python3.11/site-packages/airflow/example_dags/example_bash_operator.py took 0.222 seconds
[2024-07-13T01:14:04.799+0000] {processor.py:161} INFO - Started process (PID=379) to work on /home/airflow/.local/lib/python3.11/site-packages/airflow/example_dags/example_bash_operator.py
[2024-07-13T01:14:04.800+0000] {processor.py:830} INFO - Processing file /home/airflow/.local/lib/python3.11/site-packages/airflow/example_dags/example_bash_operator.py for tasks to queue
[2024-07-13T01:14:04.804+0000] {logging_mixin.py:188} INFO - [2024-07-13T01:14:04.803+0000] {dagbag.py:545} INFO - Filling up the DagBag from /home/airflow/.local/lib/python3.11/site-packages/airflow/example_dags/example_bash_operator.py
[2024-07-13T01:14:04.832+0000] {processor.py:840} INFO - DAG(s) 'example_bash_operator' retrieved from /home/airflow/.local/lib/python3.11/site-packages/airflow/example_dags/example_bash_operator.py
[2024-07-13T01:14:04.882+0000] {logging_mixin.py:188} INFO - [2024-07-13T01:14:04.881+0000] {dag.py:3096} INFO - Sync 1 DAGs
[2024-07-13T01:14:04.924+0000] {logging_mixin.py:188} INFO - [2024-07-13T01:14:04.923+0000] {dag.py:3954} INFO - Setting next_dagrun for example_bash_operator to 2024-07-12 00:00:00+00:00, run_after=2024-07-13 00:00:00+00:00
[2024-07-13T01:14:04.954+0000] {processor.py:183} INFO - Processing /home/airflow/.local/lib/python3.11/site-packages/airflow/example_dags/example_bash_operator.py took 0.166 seconds
[2024-07-13T01:14:38.842+0000] {processor.py:161} INFO - Started process (PID=441) to work on /home/airflow/.local/lib/python3.11/site-packages/airflow/example_dags/example_bash_operator.py
[2024-07-13T01:14:38.845+0000] {processor.py:830} INFO - Processing file /home/airflow/.local/lib/python3.11/site-packages/airflow/example_dags/example_bash_operator.py for tasks to queue
[2024-07-13T01:14:38.848+0000] {logging_mixin.py:188} INFO - [2024-07-13T01:14:38.848+0000] {dagbag.py:545} INFO - Filling up the DagBag from /home/airflow/.local/lib/python3.11/site-packages/airflow/example_dags/example_bash_operator.py
[2024-07-13T01:14:38.873+0000] {processor.py:840} INFO - DAG(s) 'example_bash_operator' retrieved from /home/airflow/.local/lib/python3.11/site-packages/airflow/example_dags/example_bash_operator.py
[2024-07-13T01:14:38.933+0000] {logging_mixin.py:188} INFO - [2024-07-13T01:14:38.932+0000] {dag.py:3096} INFO - Sync 1 DAGs
[2024-07-13T01:14:38.984+0000] {logging_mixin.py:188} INFO - [2024-07-13T01:14:38.983+0000] {dag.py:3954} INFO - Setting next_dagrun for example_bash_operator to 2024-07-12 00:00:00+00:00, run_after=2024-07-13 00:00:00+00:00
[2024-07-13T01:14:39.016+0000] {processor.py:183} INFO - Processing /home/airflow/.local/lib/python3.11/site-packages/airflow/example_dags/example_bash_operator.py took 0.187 seconds
[2024-07-13T01:15:12.836+0000] {processor.py:161} INFO - Started process (PID=503) to work on /home/airflow/.local/lib/python3.11/site-packages/airflow/example_dags/example_bash_operator.py
[2024-07-13T01:15:12.839+0000] {processor.py:830} INFO - Processing file /home/airflow/.local/lib/python3.11/site-packages/airflow/example_dags/example_bash_operator.py for tasks to queue
[2024-07-13T01:15:12.842+0000] {logging_mixin.py:188} INFO - [2024-07-13T01:15:12.841+0000] {dagbag.py:545} INFO - Filling up the DagBag from /home/airflow/.local/lib/python3.11/site-packages/airflow/example_dags/example_bash_operator.py
[2024-07-13T01:15:12.862+0000] {processor.py:840} INFO - DAG(s) 'example_bash_operator' retrieved from /home/airflow/.local/lib/python3.11/site-packages/airflow/example_dags/example_bash_operator.py
[2024-07-13T01:15:12.913+0000] {logging_mixin.py:188} INFO - [2024-07-13T01:15:12.913+0000] {dag.py:3096} INFO - Sync 1 DAGs
[2024-07-13T01:15:12.948+0000] {logging_mixin.py:188} INFO - [2024-07-13T01:15:12.947+0000] {dag.py:3954} INFO - Setting next_dagrun for example_bash_operator to 2024-07-12 00:00:00+00:00, run_after=2024-07-13 00:00:00+00:00
[2024-07-13T01:15:12.979+0000] {processor.py:183} INFO - Processing /home/airflow/.local/lib/python3.11/site-packages/airflow/example_dags/example_bash_operator.py took 0.156 seconds
[2024-07-13T01:15:47.380+0000] {processor.py:161} INFO - Started process (PID=564) to work on /home/airflow/.local/lib/python3.11/site-packages/airflow/example_dags/example_bash_operator.py
[2024-07-13T01:15:47.383+0000] {processor.py:830} INFO - Processing file /home/airflow/.local/lib/python3.11/site-packages/airflow/example_dags/example_bash_operator.py for tasks to queue
[2024-07-13T01:15:47.387+0000] {logging_mixin.py:188} INFO - [2024-07-13T01:15:47.386+0000] {dagbag.py:545} INFO - Filling up the DagBag from /home/airflow/.local/lib/python3.11/site-packages/airflow/example_dags/example_bash_operator.py
[2024-07-13T01:15:47.416+0000] {processor.py:840} INFO - DAG(s) 'example_bash_operator' retrieved from /home/airflow/.local/lib/python3.11/site-packages/airflow/example_dags/example_bash_operator.py
[2024-07-13T01:15:47.476+0000] {logging_mixin.py:188} INFO - [2024-07-13T01:15:47.475+0000] {dag.py:3096} INFO - Sync 1 DAGs
[2024-07-13T01:15:47.524+0000] {logging_mixin.py:188} INFO - [2024-07-13T01:15:47.523+0000] {dag.py:3954} INFO - Setting next_dagrun for example_bash_operator to 2024-07-12 00:00:00+00:00, run_after=2024-07-13 00:00:00+00:00
[2024-07-13T01:15:47.567+0000] {processor.py:183} INFO - Processing /home/airflow/.local/lib/python3.11/site-packages/airflow/example_dags/example_bash_operator.py took 0.203 seconds
[2024-07-13T01:16:21.386+0000] {processor.py:161} INFO - Started process (PID=629) to work on /home/airflow/.local/lib/python3.11/site-packages/airflow/example_dags/example_bash_operator.py
[2024-07-13T01:16:21.388+0000] {processor.py:830} INFO - Processing file /home/airflow/.local/lib/python3.11/site-packages/airflow/example_dags/example_bash_operator.py for tasks to queue
[2024-07-13T01:16:21.392+0000] {logging_mixin.py:188} INFO - [2024-07-13T01:16:21.391+0000] {dagbag.py:545} INFO - Filling up the DagBag from /home/airflow/.local/lib/python3.11/site-packages/airflow/example_dags/example_bash_operator.py
[2024-07-13T01:16:21.423+0000] {processor.py:840} INFO - DAG(s) 'example_bash_operator' retrieved from /home/airflow/.local/lib/python3.11/site-packages/airflow/example_dags/example_bash_operator.py
[2024-07-13T01:16:21.484+0000] {logging_mixin.py:188} INFO - [2024-07-13T01:16:21.484+0000] {dag.py:3096} INFO - Sync 1 DAGs
[2024-07-13T01:16:21.536+0000] {logging_mixin.py:188} INFO - [2024-07-13T01:16:21.536+0000] {dag.py:3954} INFO - Setting next_dagrun for example_bash_operator to 2024-07-12 00:00:00+00:00, run_after=2024-07-13 00:00:00+00:00
[2024-07-13T01:16:21.576+0000] {processor.py:183} INFO - Processing /home/airflow/.local/lib/python3.11/site-packages/airflow/example_dags/example_bash_operator.py took 0.216 seconds
