[2024-07-13T00:28:01.919+0000] {processor.py:161} INFO - Started process (PID=60) to work on /home/airflow/.local/lib/python3.11/site-packages/airflow/example_dags/example_nested_branch_dag.py
[2024-07-13T00:28:01.921+0000] {processor.py:830} INFO - Processing file /home/airflow/.local/lib/python3.11/site-packages/airflow/example_dags/example_nested_branch_dag.py for tasks to queue
[2024-07-13T00:28:01.923+0000] {logging_mixin.py:188} INFO - [2024-07-13T00:28:01.922+0000] {dagbag.py:545} INFO - Filling up the DagBag from /home/airflow/.local/lib/python3.11/site-packages/airflow/example_dags/example_nested_branch_dag.py
[2024-07-13T00:28:01.948+0000] {processor.py:840} INFO - DAG(s) 'example_nested_branch_dag' retrieved from /home/airflow/.local/lib/python3.11/site-packages/airflow/example_dags/example_nested_branch_dag.py
[2024-07-13T00:28:02.165+0000] {logging_mixin.py:188} INFO - [2024-07-13T00:28:02.164+0000] {dag.py:3096} INFO - Sync 1 DAGs
[2024-07-13T00:28:02.197+0000] {logging_mixin.py:188} INFO - [2024-07-13T00:28:02.197+0000] {dag.py:3954} INFO - Setting next_dagrun for example_nested_branch_dag to 2024-07-12 00:00:00+00:00, run_after=2024-07-13 00:00:00+00:00
[2024-07-13T00:28:02.228+0000] {processor.py:183} INFO - Processing /home/airflow/.local/lib/python3.11/site-packages/airflow/example_dags/example_nested_branch_dag.py took 0.324 seconds
[2024-07-13T00:28:33.584+0000] {processor.py:161} INFO - Started process (PID=122) to work on /home/airflow/.local/lib/python3.11/site-packages/airflow/example_dags/example_nested_branch_dag.py
[2024-07-13T00:28:33.585+0000] {processor.py:830} INFO - Processing file /home/airflow/.local/lib/python3.11/site-packages/airflow/example_dags/example_nested_branch_dag.py for tasks to queue
[2024-07-13T00:28:33.586+0000] {logging_mixin.py:188} INFO - [2024-07-13T00:28:33.586+0000] {dagbag.py:545} INFO - Filling up the DagBag from /home/airflow/.local/lib/python3.11/site-packages/airflow/example_dags/example_nested_branch_dag.py
[2024-07-13T00:28:33.604+0000] {processor.py:840} INFO - DAG(s) 'example_nested_branch_dag' retrieved from /home/airflow/.local/lib/python3.11/site-packages/airflow/example_dags/example_nested_branch_dag.py
[2024-07-13T00:28:33.648+0000] {logging_mixin.py:188} INFO - [2024-07-13T00:28:33.648+0000] {dag.py:3096} INFO - Sync 1 DAGs
[2024-07-13T00:28:33.688+0000] {logging_mixin.py:188} INFO - [2024-07-13T00:28:33.687+0000] {dag.py:3954} INFO - Setting next_dagrun for example_nested_branch_dag to 2024-07-12 00:00:00+00:00, run_after=2024-07-13 00:00:00+00:00
[2024-07-13T00:28:33.717+0000] {processor.py:183} INFO - Processing /home/airflow/.local/lib/python3.11/site-packages/airflow/example_dags/example_nested_branch_dag.py took 0.147 seconds
[2024-07-13T00:29:06.399+0000] {processor.py:161} INFO - Started process (PID=184) to work on /home/airflow/.local/lib/python3.11/site-packages/airflow/example_dags/example_nested_branch_dag.py
[2024-07-13T00:29:06.408+0000] {processor.py:830} INFO - Processing file /home/airflow/.local/lib/python3.11/site-packages/airflow/example_dags/example_nested_branch_dag.py for tasks to queue
[2024-07-13T00:29:06.410+0000] {logging_mixin.py:188} INFO - [2024-07-13T00:29:06.409+0000] {dagbag.py:545} INFO - Filling up the DagBag from /home/airflow/.local/lib/python3.11/site-packages/airflow/example_dags/example_nested_branch_dag.py
[2024-07-13T00:29:06.428+0000] {processor.py:840} INFO - DAG(s) 'example_nested_branch_dag' retrieved from /home/airflow/.local/lib/python3.11/site-packages/airflow/example_dags/example_nested_branch_dag.py
[2024-07-13T00:29:06.464+0000] {logging_mixin.py:188} INFO - [2024-07-13T00:29:06.464+0000] {dag.py:3096} INFO - Sync 1 DAGs
[2024-07-13T00:29:06.500+0000] {logging_mixin.py:188} INFO - [2024-07-13T00:29:06.499+0000] {dag.py:3954} INFO - Setting next_dagrun for example_nested_branch_dag to 2024-07-12 00:00:00+00:00, run_after=2024-07-13 00:00:00+00:00
[2024-07-13T00:29:06.525+0000] {processor.py:183} INFO - Processing /home/airflow/.local/lib/python3.11/site-packages/airflow/example_dags/example_nested_branch_dag.py took 0.137 seconds
[2024-07-13T00:29:39.666+0000] {processor.py:161} INFO - Started process (PID=246) to work on /home/airflow/.local/lib/python3.11/site-packages/airflow/example_dags/example_nested_branch_dag.py
[2024-07-13T00:29:39.668+0000] {processor.py:830} INFO - Processing file /home/airflow/.local/lib/python3.11/site-packages/airflow/example_dags/example_nested_branch_dag.py for tasks to queue
[2024-07-13T00:29:39.670+0000] {logging_mixin.py:188} INFO - [2024-07-13T00:29:39.669+0000] {dagbag.py:545} INFO - Filling up the DagBag from /home/airflow/.local/lib/python3.11/site-packages/airflow/example_dags/example_nested_branch_dag.py
[2024-07-13T00:29:39.688+0000] {processor.py:840} INFO - DAG(s) 'example_nested_branch_dag' retrieved from /home/airflow/.local/lib/python3.11/site-packages/airflow/example_dags/example_nested_branch_dag.py
[2024-07-13T00:29:39.731+0000] {logging_mixin.py:188} INFO - [2024-07-13T00:29:39.730+0000] {dag.py:3096} INFO - Sync 1 DAGs
[2024-07-13T00:29:39.768+0000] {logging_mixin.py:188} INFO - [2024-07-13T00:29:39.767+0000] {dag.py:3954} INFO - Setting next_dagrun for example_nested_branch_dag to 2024-07-12 00:00:00+00:00, run_after=2024-07-13 00:00:00+00:00
[2024-07-13T00:29:39.794+0000] {processor.py:183} INFO - Processing /home/airflow/.local/lib/python3.11/site-packages/airflow/example_dags/example_nested_branch_dag.py took 0.140 seconds
[2024-07-13T00:30:12.591+0000] {processor.py:161} INFO - Started process (PID=314) to work on /home/airflow/.local/lib/python3.11/site-packages/airflow/example_dags/example_nested_branch_dag.py
[2024-07-13T00:30:12.593+0000] {processor.py:830} INFO - Processing file /home/airflow/.local/lib/python3.11/site-packages/airflow/example_dags/example_nested_branch_dag.py for tasks to queue
[2024-07-13T00:30:12.594+0000] {logging_mixin.py:188} INFO - [2024-07-13T00:30:12.594+0000] {dagbag.py:545} INFO - Filling up the DagBag from /home/airflow/.local/lib/python3.11/site-packages/airflow/example_dags/example_nested_branch_dag.py
[2024-07-13T00:30:12.624+0000] {processor.py:840} INFO - DAG(s) 'example_nested_branch_dag' retrieved from /home/airflow/.local/lib/python3.11/site-packages/airflow/example_dags/example_nested_branch_dag.py
[2024-07-13T00:30:12.678+0000] {logging_mixin.py:188} INFO - [2024-07-13T00:30:12.678+0000] {dag.py:3096} INFO - Sync 1 DAGs
[2024-07-13T00:30:12.721+0000] {logging_mixin.py:188} INFO - [2024-07-13T00:30:12.720+0000] {dag.py:3954} INFO - Setting next_dagrun for example_nested_branch_dag to 2024-07-12 00:00:00+00:00, run_after=2024-07-13 00:00:00+00:00
[2024-07-13T00:30:12.754+0000] {processor.py:183} INFO - Processing /home/airflow/.local/lib/python3.11/site-packages/airflow/example_dags/example_nested_branch_dag.py took 0.181 seconds
[2024-07-13T00:30:45.485+0000] {processor.py:161} INFO - Started process (PID=377) to work on /home/airflow/.local/lib/python3.11/site-packages/airflow/example_dags/example_nested_branch_dag.py
[2024-07-13T00:30:45.488+0000] {processor.py:830} INFO - Processing file /home/airflow/.local/lib/python3.11/site-packages/airflow/example_dags/example_nested_branch_dag.py for tasks to queue
[2024-07-13T00:30:45.489+0000] {logging_mixin.py:188} INFO - [2024-07-13T00:30:45.489+0000] {dagbag.py:545} INFO - Filling up the DagBag from /home/airflow/.local/lib/python3.11/site-packages/airflow/example_dags/example_nested_branch_dag.py
[2024-07-13T00:30:45.514+0000] {processor.py:840} INFO - DAG(s) 'example_nested_branch_dag' retrieved from /home/airflow/.local/lib/python3.11/site-packages/airflow/example_dags/example_nested_branch_dag.py
[2024-07-13T00:30:45.551+0000] {logging_mixin.py:188} INFO - [2024-07-13T00:30:45.551+0000] {dag.py:3096} INFO - Sync 1 DAGs
[2024-07-13T00:30:45.591+0000] {logging_mixin.py:188} INFO - [2024-07-13T00:30:45.590+0000] {dag.py:3954} INFO - Setting next_dagrun for example_nested_branch_dag to 2024-07-12 00:00:00+00:00, run_after=2024-07-13 00:00:00+00:00
[2024-07-13T00:30:45.618+0000] {processor.py:183} INFO - Processing /home/airflow/.local/lib/python3.11/site-packages/airflow/example_dags/example_nested_branch_dag.py took 0.144 seconds
[2024-07-13T00:31:18.763+0000] {processor.py:161} INFO - Started process (PID=439) to work on /home/airflow/.local/lib/python3.11/site-packages/airflow/example_dags/example_nested_branch_dag.py
[2024-07-13T00:31:18.765+0000] {processor.py:830} INFO - Processing file /home/airflow/.local/lib/python3.11/site-packages/airflow/example_dags/example_nested_branch_dag.py for tasks to queue
[2024-07-13T00:31:18.766+0000] {logging_mixin.py:188} INFO - [2024-07-13T00:31:18.766+0000] {dagbag.py:545} INFO - Filling up the DagBag from /home/airflow/.local/lib/python3.11/site-packages/airflow/example_dags/example_nested_branch_dag.py
[2024-07-13T00:31:18.786+0000] {processor.py:840} INFO - DAG(s) 'example_nested_branch_dag' retrieved from /home/airflow/.local/lib/python3.11/site-packages/airflow/example_dags/example_nested_branch_dag.py
[2024-07-13T00:31:18.831+0000] {logging_mixin.py:188} INFO - [2024-07-13T00:31:18.831+0000] {dag.py:3096} INFO - Sync 1 DAGs
[2024-07-13T00:31:18.879+0000] {logging_mixin.py:188} INFO - [2024-07-13T00:31:18.878+0000] {dag.py:3954} INFO - Setting next_dagrun for example_nested_branch_dag to 2024-07-12 00:00:00+00:00, run_after=2024-07-13 00:00:00+00:00
[2024-07-13T00:31:18.913+0000] {processor.py:183} INFO - Processing /home/airflow/.local/lib/python3.11/site-packages/airflow/example_dags/example_nested_branch_dag.py took 0.164 seconds
[2024-07-13T00:31:53.040+0000] {processor.py:161} INFO - Started process (PID=501) to work on /home/airflow/.local/lib/python3.11/site-packages/airflow/example_dags/example_nested_branch_dag.py
[2024-07-13T00:31:53.042+0000] {processor.py:830} INFO - Processing file /home/airflow/.local/lib/python3.11/site-packages/airflow/example_dags/example_nested_branch_dag.py for tasks to queue
[2024-07-13T00:31:53.044+0000] {logging_mixin.py:188} INFO - [2024-07-13T00:31:53.043+0000] {dagbag.py:545} INFO - Filling up the DagBag from /home/airflow/.local/lib/python3.11/site-packages/airflow/example_dags/example_nested_branch_dag.py
[2024-07-13T00:31:53.065+0000] {processor.py:840} INFO - DAG(s) 'example_nested_branch_dag' retrieved from /home/airflow/.local/lib/python3.11/site-packages/airflow/example_dags/example_nested_branch_dag.py
[2024-07-13T00:31:53.108+0000] {logging_mixin.py:188} INFO - [2024-07-13T00:31:53.108+0000] {dag.py:3096} INFO - Sync 1 DAGs
[2024-07-13T00:31:53.145+0000] {logging_mixin.py:188} INFO - [2024-07-13T00:31:53.144+0000] {dag.py:3954} INFO - Setting next_dagrun for example_nested_branch_dag to 2024-07-12 00:00:00+00:00, run_after=2024-07-13 00:00:00+00:00
[2024-07-13T00:31:53.176+0000] {processor.py:183} INFO - Processing /home/airflow/.local/lib/python3.11/site-packages/airflow/example_dags/example_nested_branch_dag.py took 0.149 seconds
[2024-07-13T00:32:27.436+0000] {processor.py:161} INFO - Started process (PID=563) to work on /home/airflow/.local/lib/python3.11/site-packages/airflow/example_dags/example_nested_branch_dag.py
[2024-07-13T00:32:27.439+0000] {processor.py:830} INFO - Processing file /home/airflow/.local/lib/python3.11/site-packages/airflow/example_dags/example_nested_branch_dag.py for tasks to queue
[2024-07-13T00:32:27.441+0000] {logging_mixin.py:188} INFO - [2024-07-13T00:32:27.440+0000] {dagbag.py:545} INFO - Filling up the DagBag from /home/airflow/.local/lib/python3.11/site-packages/airflow/example_dags/example_nested_branch_dag.py
[2024-07-13T00:32:27.465+0000] {processor.py:840} INFO - DAG(s) 'example_nested_branch_dag' retrieved from /home/airflow/.local/lib/python3.11/site-packages/airflow/example_dags/example_nested_branch_dag.py
[2024-07-13T00:32:27.509+0000] {logging_mixin.py:188} INFO - [2024-07-13T00:32:27.508+0000] {dag.py:3096} INFO - Sync 1 DAGs
[2024-07-13T00:32:27.562+0000] {logging_mixin.py:188} INFO - [2024-07-13T00:32:27.561+0000] {dag.py:3954} INFO - Setting next_dagrun for example_nested_branch_dag to 2024-07-12 00:00:00+00:00, run_after=2024-07-13 00:00:00+00:00
[2024-07-13T00:32:27.600+0000] {processor.py:183} INFO - Processing /home/airflow/.local/lib/python3.11/site-packages/airflow/example_dags/example_nested_branch_dag.py took 0.175 seconds
[2024-07-13T00:33:01.955+0000] {processor.py:161} INFO - Started process (PID=625) to work on /home/airflow/.local/lib/python3.11/site-packages/airflow/example_dags/example_nested_branch_dag.py
[2024-07-13T00:33:01.957+0000] {processor.py:830} INFO - Processing file /home/airflow/.local/lib/python3.11/site-packages/airflow/example_dags/example_nested_branch_dag.py for tasks to queue
[2024-07-13T00:33:01.959+0000] {logging_mixin.py:188} INFO - [2024-07-13T00:33:01.958+0000] {dagbag.py:545} INFO - Filling up the DagBag from /home/airflow/.local/lib/python3.11/site-packages/airflow/example_dags/example_nested_branch_dag.py
[2024-07-13T00:33:01.984+0000] {processor.py:840} INFO - DAG(s) 'example_nested_branch_dag' retrieved from /home/airflow/.local/lib/python3.11/site-packages/airflow/example_dags/example_nested_branch_dag.py
[2024-07-13T00:33:02.032+0000] {logging_mixin.py:188} INFO - [2024-07-13T00:33:02.031+0000] {dag.py:3096} INFO - Sync 1 DAGs
[2024-07-13T00:33:02.079+0000] {logging_mixin.py:188} INFO - [2024-07-13T00:33:02.079+0000] {dag.py:3954} INFO - Setting next_dagrun for example_nested_branch_dag to 2024-07-12 00:00:00+00:00, run_after=2024-07-13 00:00:00+00:00
[2024-07-13T00:33:02.112+0000] {processor.py:183} INFO - Processing /home/airflow/.local/lib/python3.11/site-packages/airflow/example_dags/example_nested_branch_dag.py took 0.172 seconds
[2024-07-13T00:33:34.161+0000] {processor.py:161} INFO - Started process (PID=687) to work on /home/airflow/.local/lib/python3.11/site-packages/airflow/example_dags/example_nested_branch_dag.py
[2024-07-13T00:33:34.164+0000] {processor.py:830} INFO - Processing file /home/airflow/.local/lib/python3.11/site-packages/airflow/example_dags/example_nested_branch_dag.py for tasks to queue
[2024-07-13T00:33:34.165+0000] {logging_mixin.py:188} INFO - [2024-07-13T00:33:34.165+0000] {dagbag.py:545} INFO - Filling up the DagBag from /home/airflow/.local/lib/python3.11/site-packages/airflow/example_dags/example_nested_branch_dag.py
[2024-07-13T00:33:34.189+0000] {processor.py:840} INFO - DAG(s) 'example_nested_branch_dag' retrieved from /home/airflow/.local/lib/python3.11/site-packages/airflow/example_dags/example_nested_branch_dag.py
[2024-07-13T00:33:34.248+0000] {logging_mixin.py:188} INFO - [2024-07-13T00:33:34.247+0000] {dag.py:3096} INFO - Sync 1 DAGs
[2024-07-13T00:33:34.303+0000] {logging_mixin.py:188} INFO - [2024-07-13T00:33:34.302+0000] {dag.py:3954} INFO - Setting next_dagrun for example_nested_branch_dag to 2024-07-12 00:00:00+00:00, run_after=2024-07-13 00:00:00+00:00
[2024-07-13T00:33:34.339+0000] {processor.py:183} INFO - Processing /home/airflow/.local/lib/python3.11/site-packages/airflow/example_dags/example_nested_branch_dag.py took 0.190 seconds
[2024-07-13T00:35:49.766+0000] {processor.py:161} INFO - Started process (PID=61) to work on /home/airflow/.local/lib/python3.11/site-packages/airflow/example_dags/example_nested_branch_dag.py
[2024-07-13T00:35:49.768+0000] {processor.py:830} INFO - Processing file /home/airflow/.local/lib/python3.11/site-packages/airflow/example_dags/example_nested_branch_dag.py for tasks to queue
[2024-07-13T00:35:49.772+0000] {logging_mixin.py:188} INFO - [2024-07-13T00:35:49.771+0000] {dagbag.py:545} INFO - Filling up the DagBag from /home/airflow/.local/lib/python3.11/site-packages/airflow/example_dags/example_nested_branch_dag.py
[2024-07-13T00:35:49.796+0000] {processor.py:840} INFO - DAG(s) 'example_nested_branch_dag' retrieved from /home/airflow/.local/lib/python3.11/site-packages/airflow/example_dags/example_nested_branch_dag.py
[2024-07-13T00:35:50.004+0000] {logging_mixin.py:188} INFO - [2024-07-13T00:35:50.004+0000] {dag.py:3096} INFO - Sync 1 DAGs
[2024-07-13T00:35:50.035+0000] {logging_mixin.py:188} INFO - [2024-07-13T00:35:50.035+0000] {dag.py:3954} INFO - Setting next_dagrun for example_nested_branch_dag to 2024-07-12 00:00:00+00:00, run_after=2024-07-13 00:00:00+00:00
[2024-07-13T00:35:50.068+0000] {processor.py:183} INFO - Processing /home/airflow/.local/lib/python3.11/site-packages/airflow/example_dags/example_nested_branch_dag.py took 0.319 seconds
[2024-07-13T00:36:21.253+0000] {processor.py:161} INFO - Started process (PID=123) to work on /home/airflow/.local/lib/python3.11/site-packages/airflow/example_dags/example_nested_branch_dag.py
[2024-07-13T00:36:21.255+0000] {processor.py:830} INFO - Processing file /home/airflow/.local/lib/python3.11/site-packages/airflow/example_dags/example_nested_branch_dag.py for tasks to queue
[2024-07-13T00:36:21.258+0000] {logging_mixin.py:188} INFO - [2024-07-13T00:36:21.258+0000] {dagbag.py:545} INFO - Filling up the DagBag from /home/airflow/.local/lib/python3.11/site-packages/airflow/example_dags/example_nested_branch_dag.py
[2024-07-13T00:36:21.278+0000] {processor.py:840} INFO - DAG(s) 'example_nested_branch_dag' retrieved from /home/airflow/.local/lib/python3.11/site-packages/airflow/example_dags/example_nested_branch_dag.py
[2024-07-13T00:36:21.317+0000] {logging_mixin.py:188} INFO - [2024-07-13T00:36:21.317+0000] {dag.py:3096} INFO - Sync 1 DAGs
[2024-07-13T00:36:21.354+0000] {logging_mixin.py:188} INFO - [2024-07-13T00:36:21.354+0000] {dag.py:3954} INFO - Setting next_dagrun for example_nested_branch_dag to 2024-07-12 00:00:00+00:00, run_after=2024-07-13 00:00:00+00:00
[2024-07-13T00:36:21.381+0000] {processor.py:183} INFO - Processing /home/airflow/.local/lib/python3.11/site-packages/airflow/example_dags/example_nested_branch_dag.py took 0.139 seconds
[2024-07-13T00:38:21.076+0000] {processor.py:161} INFO - Started process (PID=59) to work on /home/airflow/.local/lib/python3.11/site-packages/airflow/example_dags/example_nested_branch_dag.py
[2024-07-13T00:38:21.079+0000] {processor.py:830} INFO - Processing file /home/airflow/.local/lib/python3.11/site-packages/airflow/example_dags/example_nested_branch_dag.py for tasks to queue
[2024-07-13T00:38:21.083+0000] {logging_mixin.py:188} INFO - [2024-07-13T00:38:21.082+0000] {dagbag.py:545} INFO - Filling up the DagBag from /home/airflow/.local/lib/python3.11/site-packages/airflow/example_dags/example_nested_branch_dag.py
[2024-07-13T00:38:21.112+0000] {processor.py:840} INFO - DAG(s) 'example_nested_branch_dag' retrieved from /home/airflow/.local/lib/python3.11/site-packages/airflow/example_dags/example_nested_branch_dag.py
[2024-07-13T00:38:21.292+0000] {logging_mixin.py:188} INFO - [2024-07-13T00:38:21.291+0000] {dag.py:3096} INFO - Sync 1 DAGs
[2024-07-13T00:38:21.323+0000] {logging_mixin.py:188} INFO - [2024-07-13T00:38:21.323+0000] {dag.py:3954} INFO - Setting next_dagrun for example_nested_branch_dag to 2024-07-12 00:00:00+00:00, run_after=2024-07-13 00:00:00+00:00
[2024-07-13T00:38:21.352+0000] {processor.py:183} INFO - Processing /home/airflow/.local/lib/python3.11/site-packages/airflow/example_dags/example_nested_branch_dag.py took 0.291 seconds
[2024-07-13T00:38:51.429+0000] {processor.py:161} INFO - Started process (PID=121) to work on /home/airflow/.local/lib/python3.11/site-packages/airflow/example_dags/example_nested_branch_dag.py
[2024-07-13T00:38:51.430+0000] {processor.py:830} INFO - Processing file /home/airflow/.local/lib/python3.11/site-packages/airflow/example_dags/example_nested_branch_dag.py for tasks to queue
[2024-07-13T00:38:51.433+0000] {logging_mixin.py:188} INFO - [2024-07-13T00:38:51.433+0000] {dagbag.py:545} INFO - Filling up the DagBag from /home/airflow/.local/lib/python3.11/site-packages/airflow/example_dags/example_nested_branch_dag.py
[2024-07-13T00:38:51.451+0000] {processor.py:840} INFO - DAG(s) 'example_nested_branch_dag' retrieved from /home/airflow/.local/lib/python3.11/site-packages/airflow/example_dags/example_nested_branch_dag.py
[2024-07-13T00:38:51.490+0000] {logging_mixin.py:188} INFO - [2024-07-13T00:38:51.489+0000] {dag.py:3096} INFO - Sync 1 DAGs
[2024-07-13T00:38:51.525+0000] {logging_mixin.py:188} INFO - [2024-07-13T00:38:51.525+0000] {dag.py:3954} INFO - Setting next_dagrun for example_nested_branch_dag to 2024-07-12 00:00:00+00:00, run_after=2024-07-13 00:00:00+00:00
[2024-07-13T00:38:51.555+0000] {processor.py:183} INFO - Processing /home/airflow/.local/lib/python3.11/site-packages/airflow/example_dags/example_nested_branch_dag.py took 0.138 seconds
[2024-07-13T00:39:24.623+0000] {processor.py:161} INFO - Started process (PID=183) to work on /home/airflow/.local/lib/python3.11/site-packages/airflow/example_dags/example_nested_branch_dag.py
[2024-07-13T00:39:24.626+0000] {processor.py:830} INFO - Processing file /home/airflow/.local/lib/python3.11/site-packages/airflow/example_dags/example_nested_branch_dag.py for tasks to queue
[2024-07-13T00:39:24.631+0000] {logging_mixin.py:188} INFO - [2024-07-13T00:39:24.630+0000] {dagbag.py:545} INFO - Filling up the DagBag from /home/airflow/.local/lib/python3.11/site-packages/airflow/example_dags/example_nested_branch_dag.py
[2024-07-13T00:39:24.652+0000] {processor.py:840} INFO - DAG(s) 'example_nested_branch_dag' retrieved from /home/airflow/.local/lib/python3.11/site-packages/airflow/example_dags/example_nested_branch_dag.py
[2024-07-13T00:39:24.692+0000] {logging_mixin.py:188} INFO - [2024-07-13T00:39:24.691+0000] {dag.py:3096} INFO - Sync 1 DAGs
[2024-07-13T00:39:24.725+0000] {logging_mixin.py:188} INFO - [2024-07-13T00:39:24.725+0000] {dag.py:3954} INFO - Setting next_dagrun for example_nested_branch_dag to 2024-07-12 00:00:00+00:00, run_after=2024-07-13 00:00:00+00:00
[2024-07-13T00:39:24.750+0000] {processor.py:183} INFO - Processing /home/airflow/.local/lib/python3.11/site-packages/airflow/example_dags/example_nested_branch_dag.py took 0.139 seconds
[2024-07-13T00:39:57.587+0000] {processor.py:161} INFO - Started process (PID=245) to work on /home/airflow/.local/lib/python3.11/site-packages/airflow/example_dags/example_nested_branch_dag.py
[2024-07-13T00:39:57.590+0000] {processor.py:830} INFO - Processing file /home/airflow/.local/lib/python3.11/site-packages/airflow/example_dags/example_nested_branch_dag.py for tasks to queue
[2024-07-13T00:39:57.594+0000] {logging_mixin.py:188} INFO - [2024-07-13T00:39:57.593+0000] {dagbag.py:545} INFO - Filling up the DagBag from /home/airflow/.local/lib/python3.11/site-packages/airflow/example_dags/example_nested_branch_dag.py
[2024-07-13T00:39:57.616+0000] {processor.py:840} INFO - DAG(s) 'example_nested_branch_dag' retrieved from /home/airflow/.local/lib/python3.11/site-packages/airflow/example_dags/example_nested_branch_dag.py
[2024-07-13T00:39:57.671+0000] {logging_mixin.py:188} INFO - [2024-07-13T00:39:57.670+0000] {dag.py:3096} INFO - Sync 1 DAGs
[2024-07-13T00:39:57.715+0000] {logging_mixin.py:188} INFO - [2024-07-13T00:39:57.714+0000] {dag.py:3954} INFO - Setting next_dagrun for example_nested_branch_dag to 2024-07-12 00:00:00+00:00, run_after=2024-07-13 00:00:00+00:00
[2024-07-13T00:39:57.749+0000] {processor.py:183} INFO - Processing /home/airflow/.local/lib/python3.11/site-packages/airflow/example_dags/example_nested_branch_dag.py took 0.177 seconds
[2024-07-13T00:40:30.374+0000] {processor.py:161} INFO - Started process (PID=307) to work on /home/airflow/.local/lib/python3.11/site-packages/airflow/example_dags/example_nested_branch_dag.py
[2024-07-13T00:40:30.376+0000] {processor.py:830} INFO - Processing file /home/airflow/.local/lib/python3.11/site-packages/airflow/example_dags/example_nested_branch_dag.py for tasks to queue
[2024-07-13T00:40:30.379+0000] {logging_mixin.py:188} INFO - [2024-07-13T00:40:30.378+0000] {dagbag.py:545} INFO - Filling up the DagBag from /home/airflow/.local/lib/python3.11/site-packages/airflow/example_dags/example_nested_branch_dag.py
[2024-07-13T00:40:30.400+0000] {processor.py:840} INFO - DAG(s) 'example_nested_branch_dag' retrieved from /home/airflow/.local/lib/python3.11/site-packages/airflow/example_dags/example_nested_branch_dag.py
[2024-07-13T00:40:30.440+0000] {logging_mixin.py:188} INFO - [2024-07-13T00:40:30.439+0000] {dag.py:3096} INFO - Sync 1 DAGs
[2024-07-13T00:40:30.477+0000] {logging_mixin.py:188} INFO - [2024-07-13T00:40:30.477+0000] {dag.py:3954} INFO - Setting next_dagrun for example_nested_branch_dag to 2024-07-12 00:00:00+00:00, run_after=2024-07-13 00:00:00+00:00
[2024-07-13T00:40:30.508+0000] {processor.py:183} INFO - Processing /home/airflow/.local/lib/python3.11/site-packages/airflow/example_dags/example_nested_branch_dag.py took 0.147 seconds
[2024-07-13T00:41:10.759+0000] {processor.py:161} INFO - Started process (PID=373) to work on /home/airflow/.local/lib/python3.11/site-packages/airflow/example_dags/example_nested_branch_dag.py
[2024-07-13T00:41:10.763+0000] {processor.py:830} INFO - Processing file /home/airflow/.local/lib/python3.11/site-packages/airflow/example_dags/example_nested_branch_dag.py for tasks to queue
[2024-07-13T00:41:10.772+0000] {logging_mixin.py:188} INFO - [2024-07-13T00:41:10.771+0000] {dagbag.py:545} INFO - Filling up the DagBag from /home/airflow/.local/lib/python3.11/site-packages/airflow/example_dags/example_nested_branch_dag.py
[2024-07-13T00:41:10.814+0000] {processor.py:840} INFO - DAG(s) 'example_nested_branch_dag' retrieved from /home/airflow/.local/lib/python3.11/site-packages/airflow/example_dags/example_nested_branch_dag.py
[2024-07-13T00:41:10.941+0000] {logging_mixin.py:188} INFO - [2024-07-13T00:41:10.939+0000] {dag.py:3096} INFO - Sync 1 DAGs
[2024-07-13T00:41:11.035+0000] {logging_mixin.py:188} INFO - [2024-07-13T00:41:11.034+0000] {dag.py:3954} INFO - Setting next_dagrun for example_nested_branch_dag to 2024-07-12 00:00:00+00:00, run_after=2024-07-13 00:00:00+00:00
[2024-07-13T00:41:11.091+0000] {processor.py:183} INFO - Processing /home/airflow/.local/lib/python3.11/site-packages/airflow/example_dags/example_nested_branch_dag.py took 0.360 seconds
[2024-07-13T00:41:42.308+0000] {processor.py:161} INFO - Started process (PID=434) to work on /home/airflow/.local/lib/python3.11/site-packages/airflow/example_dags/example_nested_branch_dag.py
[2024-07-13T00:41:42.310+0000] {processor.py:830} INFO - Processing file /home/airflow/.local/lib/python3.11/site-packages/airflow/example_dags/example_nested_branch_dag.py for tasks to queue
[2024-07-13T00:41:42.313+0000] {logging_mixin.py:188} INFO - [2024-07-13T00:41:42.313+0000] {dagbag.py:545} INFO - Filling up the DagBag from /home/airflow/.local/lib/python3.11/site-packages/airflow/example_dags/example_nested_branch_dag.py
[2024-07-13T00:41:42.333+0000] {processor.py:840} INFO - DAG(s) 'example_nested_branch_dag' retrieved from /home/airflow/.local/lib/python3.11/site-packages/airflow/example_dags/example_nested_branch_dag.py
[2024-07-13T00:41:42.376+0000] {logging_mixin.py:188} INFO - [2024-07-13T00:41:42.375+0000] {dag.py:3096} INFO - Sync 1 DAGs
[2024-07-13T00:41:42.413+0000] {logging_mixin.py:188} INFO - [2024-07-13T00:41:42.412+0000] {dag.py:3954} INFO - Setting next_dagrun for example_nested_branch_dag to 2024-07-12 00:00:00+00:00, run_after=2024-07-13 00:00:00+00:00
[2024-07-13T00:41:42.443+0000] {processor.py:183} INFO - Processing /home/airflow/.local/lib/python3.11/site-packages/airflow/example_dags/example_nested_branch_dag.py took 0.148 seconds
[2024-07-13T00:42:16.384+0000] {processor.py:161} INFO - Started process (PID=496) to work on /home/airflow/.local/lib/python3.11/site-packages/airflow/example_dags/example_nested_branch_dag.py
[2024-07-13T00:42:16.386+0000] {processor.py:830} INFO - Processing file /home/airflow/.local/lib/python3.11/site-packages/airflow/example_dags/example_nested_branch_dag.py for tasks to queue
[2024-07-13T00:42:16.390+0000] {logging_mixin.py:188} INFO - [2024-07-13T00:42:16.389+0000] {dagbag.py:545} INFO - Filling up the DagBag from /home/airflow/.local/lib/python3.11/site-packages/airflow/example_dags/example_nested_branch_dag.py
[2024-07-13T00:42:16.411+0000] {processor.py:840} INFO - DAG(s) 'example_nested_branch_dag' retrieved from /home/airflow/.local/lib/python3.11/site-packages/airflow/example_dags/example_nested_branch_dag.py
[2024-07-13T00:42:16.454+0000] {logging_mixin.py:188} INFO - [2024-07-13T00:42:16.454+0000] {dag.py:3096} INFO - Sync 1 DAGs
[2024-07-13T00:42:16.502+0000] {logging_mixin.py:188} INFO - [2024-07-13T00:42:16.502+0000] {dag.py:3954} INFO - Setting next_dagrun for example_nested_branch_dag to 2024-07-12 00:00:00+00:00, run_after=2024-07-13 00:00:00+00:00
[2024-07-13T00:42:16.539+0000] {processor.py:183} INFO - Processing /home/airflow/.local/lib/python3.11/site-packages/airflow/example_dags/example_nested_branch_dag.py took 0.172 seconds
[2024-07-13T00:44:04.099+0000] {processor.py:161} INFO - Started process (PID=60) to work on /home/airflow/.local/lib/python3.11/site-packages/airflow/example_dags/example_nested_branch_dag.py
[2024-07-13T00:44:04.102+0000] {processor.py:830} INFO - Processing file /home/airflow/.local/lib/python3.11/site-packages/airflow/example_dags/example_nested_branch_dag.py for tasks to queue
[2024-07-13T00:44:04.106+0000] {logging_mixin.py:188} INFO - [2024-07-13T00:44:04.105+0000] {dagbag.py:545} INFO - Filling up the DagBag from /home/airflow/.local/lib/python3.11/site-packages/airflow/example_dags/example_nested_branch_dag.py
[2024-07-13T00:44:04.132+0000] {processor.py:840} INFO - DAG(s) 'example_nested_branch_dag' retrieved from /home/airflow/.local/lib/python3.11/site-packages/airflow/example_dags/example_nested_branch_dag.py
[2024-07-13T00:44:04.326+0000] {logging_mixin.py:188} INFO - [2024-07-13T00:44:04.325+0000] {dag.py:3096} INFO - Sync 1 DAGs
[2024-07-13T00:44:04.361+0000] {logging_mixin.py:188} INFO - [2024-07-13T00:44:04.361+0000] {dag.py:3954} INFO - Setting next_dagrun for example_nested_branch_dag to 2024-07-12 00:00:00+00:00, run_after=2024-07-13 00:00:00+00:00
[2024-07-13T00:44:04.389+0000] {processor.py:183} INFO - Processing /home/airflow/.local/lib/python3.11/site-packages/airflow/example_dags/example_nested_branch_dag.py took 0.305 seconds
[2024-07-13T00:44:34.486+0000] {processor.py:161} INFO - Started process (PID=122) to work on /home/airflow/.local/lib/python3.11/site-packages/airflow/example_dags/example_nested_branch_dag.py
[2024-07-13T00:44:34.487+0000] {processor.py:830} INFO - Processing file /home/airflow/.local/lib/python3.11/site-packages/airflow/example_dags/example_nested_branch_dag.py for tasks to queue
[2024-07-13T00:44:34.490+0000] {logging_mixin.py:188} INFO - [2024-07-13T00:44:34.490+0000] {dagbag.py:545} INFO - Filling up the DagBag from /home/airflow/.local/lib/python3.11/site-packages/airflow/example_dags/example_nested_branch_dag.py
[2024-07-13T00:44:34.509+0000] {processor.py:840} INFO - DAG(s) 'example_nested_branch_dag' retrieved from /home/airflow/.local/lib/python3.11/site-packages/airflow/example_dags/example_nested_branch_dag.py
[2024-07-13T00:44:34.551+0000] {logging_mixin.py:188} INFO - [2024-07-13T00:44:34.550+0000] {dag.py:3096} INFO - Sync 1 DAGs
[2024-07-13T00:44:34.591+0000] {logging_mixin.py:188} INFO - [2024-07-13T00:44:34.591+0000] {dag.py:3954} INFO - Setting next_dagrun for example_nested_branch_dag to 2024-07-12 00:00:00+00:00, run_after=2024-07-13 00:00:00+00:00
[2024-07-13T00:44:34.621+0000] {processor.py:183} INFO - Processing /home/airflow/.local/lib/python3.11/site-packages/airflow/example_dags/example_nested_branch_dag.py took 0.146 seconds
[2024-07-13T00:45:07.076+0000] {processor.py:161} INFO - Started process (PID=183) to work on /home/airflow/.local/lib/python3.11/site-packages/airflow/example_dags/example_nested_branch_dag.py
[2024-07-13T00:45:07.083+0000] {processor.py:830} INFO - Processing file /home/airflow/.local/lib/python3.11/site-packages/airflow/example_dags/example_nested_branch_dag.py for tasks to queue
[2024-07-13T00:45:07.087+0000] {logging_mixin.py:188} INFO - [2024-07-13T00:45:07.086+0000] {dagbag.py:545} INFO - Filling up the DagBag from /home/airflow/.local/lib/python3.11/site-packages/airflow/example_dags/example_nested_branch_dag.py
[2024-07-13T00:45:07.105+0000] {processor.py:840} INFO - DAG(s) 'example_nested_branch_dag' retrieved from /home/airflow/.local/lib/python3.11/site-packages/airflow/example_dags/example_nested_branch_dag.py
[2024-07-13T00:45:07.145+0000] {logging_mixin.py:188} INFO - [2024-07-13T00:45:07.144+0000] {dag.py:3096} INFO - Sync 1 DAGs
[2024-07-13T00:45:07.190+0000] {logging_mixin.py:188} INFO - [2024-07-13T00:45:07.190+0000] {dag.py:3954} INFO - Setting next_dagrun for example_nested_branch_dag to 2024-07-12 00:00:00+00:00, run_after=2024-07-13 00:00:00+00:00
[2024-07-13T00:45:07.221+0000] {processor.py:183} INFO - Processing /home/airflow/.local/lib/python3.11/site-packages/airflow/example_dags/example_nested_branch_dag.py took 0.156 seconds
[2024-07-13T00:45:40.034+0000] {processor.py:161} INFO - Started process (PID=245) to work on /home/airflow/.local/lib/python3.11/site-packages/airflow/example_dags/example_nested_branch_dag.py
[2024-07-13T00:45:40.036+0000] {processor.py:830} INFO - Processing file /home/airflow/.local/lib/python3.11/site-packages/airflow/example_dags/example_nested_branch_dag.py for tasks to queue
[2024-07-13T00:45:40.039+0000] {logging_mixin.py:188} INFO - [2024-07-13T00:45:40.038+0000] {dagbag.py:545} INFO - Filling up the DagBag from /home/airflow/.local/lib/python3.11/site-packages/airflow/example_dags/example_nested_branch_dag.py
[2024-07-13T00:45:40.062+0000] {processor.py:840} INFO - DAG(s) 'example_nested_branch_dag' retrieved from /home/airflow/.local/lib/python3.11/site-packages/airflow/example_dags/example_nested_branch_dag.py
[2024-07-13T00:45:40.102+0000] {logging_mixin.py:188} INFO - [2024-07-13T00:45:40.101+0000] {dag.py:3096} INFO - Sync 1 DAGs
[2024-07-13T00:45:40.138+0000] {logging_mixin.py:188} INFO - [2024-07-13T00:45:40.138+0000] {dag.py:3954} INFO - Setting next_dagrun for example_nested_branch_dag to 2024-07-12 00:00:00+00:00, run_after=2024-07-13 00:00:00+00:00
[2024-07-13T00:45:40.168+0000] {processor.py:183} INFO - Processing /home/airflow/.local/lib/python3.11/site-packages/airflow/example_dags/example_nested_branch_dag.py took 0.145 seconds
[2024-07-13T00:46:12.742+0000] {processor.py:161} INFO - Started process (PID=306) to work on /home/airflow/.local/lib/python3.11/site-packages/airflow/example_dags/example_nested_branch_dag.py
[2024-07-13T00:46:12.744+0000] {processor.py:830} INFO - Processing file /home/airflow/.local/lib/python3.11/site-packages/airflow/example_dags/example_nested_branch_dag.py for tasks to queue
[2024-07-13T00:46:12.748+0000] {logging_mixin.py:188} INFO - [2024-07-13T00:46:12.747+0000] {dagbag.py:545} INFO - Filling up the DagBag from /home/airflow/.local/lib/python3.11/site-packages/airflow/example_dags/example_nested_branch_dag.py
[2024-07-13T00:46:12.771+0000] {processor.py:840} INFO - DAG(s) 'example_nested_branch_dag' retrieved from /home/airflow/.local/lib/python3.11/site-packages/airflow/example_dags/example_nested_branch_dag.py
[2024-07-13T00:46:12.817+0000] {logging_mixin.py:188} INFO - [2024-07-13T00:46:12.817+0000] {dag.py:3096} INFO - Sync 1 DAGs
[2024-07-13T00:46:12.853+0000] {logging_mixin.py:188} INFO - [2024-07-13T00:46:12.853+0000] {dag.py:3954} INFO - Setting next_dagrun for example_nested_branch_dag to 2024-07-12 00:00:00+00:00, run_after=2024-07-13 00:00:00+00:00
[2024-07-13T00:46:12.880+0000] {processor.py:183} INFO - Processing /home/airflow/.local/lib/python3.11/site-packages/airflow/example_dags/example_nested_branch_dag.py took 0.150 seconds
[2024-07-13T00:46:46.199+0000] {processor.py:161} INFO - Started process (PID=374) to work on /home/airflow/.local/lib/python3.11/site-packages/airflow/example_dags/example_nested_branch_dag.py
[2024-07-13T00:46:46.202+0000] {processor.py:830} INFO - Processing file /home/airflow/.local/lib/python3.11/site-packages/airflow/example_dags/example_nested_branch_dag.py for tasks to queue
[2024-07-13T00:46:46.205+0000] {logging_mixin.py:188} INFO - [2024-07-13T00:46:46.205+0000] {dagbag.py:545} INFO - Filling up the DagBag from /home/airflow/.local/lib/python3.11/site-packages/airflow/example_dags/example_nested_branch_dag.py
[2024-07-13T00:46:46.226+0000] {processor.py:840} INFO - DAG(s) 'example_nested_branch_dag' retrieved from /home/airflow/.local/lib/python3.11/site-packages/airflow/example_dags/example_nested_branch_dag.py
[2024-07-13T00:46:46.265+0000] {logging_mixin.py:188} INFO - [2024-07-13T00:46:46.264+0000] {dag.py:3096} INFO - Sync 1 DAGs
[2024-07-13T00:46:46.302+0000] {logging_mixin.py:188} INFO - [2024-07-13T00:46:46.302+0000] {dag.py:3954} INFO - Setting next_dagrun for example_nested_branch_dag to 2024-07-12 00:00:00+00:00, run_after=2024-07-13 00:00:00+00:00
[2024-07-13T00:46:46.330+0000] {processor.py:183} INFO - Processing /home/airflow/.local/lib/python3.11/site-packages/airflow/example_dags/example_nested_branch_dag.py took 0.143 seconds
[2024-07-13T00:47:19.770+0000] {processor.py:161} INFO - Started process (PID=435) to work on /home/airflow/.local/lib/python3.11/site-packages/airflow/example_dags/example_nested_branch_dag.py
[2024-07-13T00:47:19.773+0000] {processor.py:830} INFO - Processing file /home/airflow/.local/lib/python3.11/site-packages/airflow/example_dags/example_nested_branch_dag.py for tasks to queue
[2024-07-13T00:47:19.777+0000] {logging_mixin.py:188} INFO - [2024-07-13T00:47:19.776+0000] {dagbag.py:545} INFO - Filling up the DagBag from /home/airflow/.local/lib/python3.11/site-packages/airflow/example_dags/example_nested_branch_dag.py
[2024-07-13T00:47:19.796+0000] {processor.py:840} INFO - DAG(s) 'example_nested_branch_dag' retrieved from /home/airflow/.local/lib/python3.11/site-packages/airflow/example_dags/example_nested_branch_dag.py
[2024-07-13T00:47:19.832+0000] {logging_mixin.py:188} INFO - [2024-07-13T00:47:19.832+0000] {dag.py:3096} INFO - Sync 1 DAGs
[2024-07-13T00:47:19.867+0000] {logging_mixin.py:188} INFO - [2024-07-13T00:47:19.866+0000] {dag.py:3954} INFO - Setting next_dagrun for example_nested_branch_dag to 2024-07-12 00:00:00+00:00, run_after=2024-07-13 00:00:00+00:00
[2024-07-13T00:47:19.896+0000] {processor.py:183} INFO - Processing /home/airflow/.local/lib/python3.11/site-packages/airflow/example_dags/example_nested_branch_dag.py took 0.139 seconds
[2024-07-13T00:47:56.804+0000] {processor.py:161} INFO - Started process (PID=496) to work on /home/airflow/.local/lib/python3.11/site-packages/airflow/example_dags/example_nested_branch_dag.py
[2024-07-13T00:47:56.807+0000] {processor.py:830} INFO - Processing file /home/airflow/.local/lib/python3.11/site-packages/airflow/example_dags/example_nested_branch_dag.py for tasks to queue
[2024-07-13T00:47:56.810+0000] {logging_mixin.py:188} INFO - [2024-07-13T00:47:56.809+0000] {dagbag.py:545} INFO - Filling up the DagBag from /home/airflow/.local/lib/python3.11/site-packages/airflow/example_dags/example_nested_branch_dag.py
[2024-07-13T00:47:56.832+0000] {processor.py:840} INFO - DAG(s) 'example_nested_branch_dag' retrieved from /home/airflow/.local/lib/python3.11/site-packages/airflow/example_dags/example_nested_branch_dag.py
[2024-07-13T00:47:56.880+0000] {logging_mixin.py:188} INFO - [2024-07-13T00:47:56.879+0000] {dag.py:3096} INFO - Sync 1 DAGs
[2024-07-13T00:47:56.927+0000] {logging_mixin.py:188} INFO - [2024-07-13T00:47:56.926+0000] {dag.py:3954} INFO - Setting next_dagrun for example_nested_branch_dag to 2024-07-12 00:00:00+00:00, run_after=2024-07-13 00:00:00+00:00
[2024-07-13T00:47:56.966+0000] {processor.py:183} INFO - Processing /home/airflow/.local/lib/python3.11/site-packages/airflow/example_dags/example_nested_branch_dag.py took 0.174 seconds
[2024-07-13T00:48:31.336+0000] {processor.py:161} INFO - Started process (PID=558) to work on /home/airflow/.local/lib/python3.11/site-packages/airflow/example_dags/example_nested_branch_dag.py
[2024-07-13T00:48:31.337+0000] {processor.py:830} INFO - Processing file /home/airflow/.local/lib/python3.11/site-packages/airflow/example_dags/example_nested_branch_dag.py for tasks to queue
[2024-07-13T00:48:31.342+0000] {logging_mixin.py:188} INFO - [2024-07-13T00:48:31.341+0000] {dagbag.py:545} INFO - Filling up the DagBag from /home/airflow/.local/lib/python3.11/site-packages/airflow/example_dags/example_nested_branch_dag.py
[2024-07-13T00:48:31.360+0000] {processor.py:840} INFO - DAG(s) 'example_nested_branch_dag' retrieved from /home/airflow/.local/lib/python3.11/site-packages/airflow/example_dags/example_nested_branch_dag.py
[2024-07-13T00:48:31.395+0000] {logging_mixin.py:188} INFO - [2024-07-13T00:48:31.395+0000] {dag.py:3096} INFO - Sync 1 DAGs
[2024-07-13T00:48:31.434+0000] {logging_mixin.py:188} INFO - [2024-07-13T00:48:31.433+0000] {dag.py:3954} INFO - Setting next_dagrun for example_nested_branch_dag to 2024-07-12 00:00:00+00:00, run_after=2024-07-13 00:00:00+00:00
[2024-07-13T00:48:31.460+0000] {processor.py:183} INFO - Processing /home/airflow/.local/lib/python3.11/site-packages/airflow/example_dags/example_nested_branch_dag.py took 0.139 seconds
[2024-07-13T00:49:06.109+0000] {processor.py:161} INFO - Started process (PID=622) to work on /home/airflow/.local/lib/python3.11/site-packages/airflow/example_dags/example_nested_branch_dag.py
[2024-07-13T00:49:06.112+0000] {processor.py:830} INFO - Processing file /home/airflow/.local/lib/python3.11/site-packages/airflow/example_dags/example_nested_branch_dag.py for tasks to queue
[2024-07-13T00:49:06.115+0000] {logging_mixin.py:188} INFO - [2024-07-13T00:49:06.114+0000] {dagbag.py:545} INFO - Filling up the DagBag from /home/airflow/.local/lib/python3.11/site-packages/airflow/example_dags/example_nested_branch_dag.py
[2024-07-13T00:49:06.135+0000] {processor.py:840} INFO - DAG(s) 'example_nested_branch_dag' retrieved from /home/airflow/.local/lib/python3.11/site-packages/airflow/example_dags/example_nested_branch_dag.py
[2024-07-13T00:49:06.178+0000] {logging_mixin.py:188} INFO - [2024-07-13T00:49:06.177+0000] {dag.py:3096} INFO - Sync 1 DAGs
[2024-07-13T00:49:06.212+0000] {logging_mixin.py:188} INFO - [2024-07-13T00:49:06.212+0000] {dag.py:3954} INFO - Setting next_dagrun for example_nested_branch_dag to 2024-07-12 00:00:00+00:00, run_after=2024-07-13 00:00:00+00:00
[2024-07-13T00:49:06.239+0000] {processor.py:183} INFO - Processing /home/airflow/.local/lib/python3.11/site-packages/airflow/example_dags/example_nested_branch_dag.py took 0.143 seconds
[2024-07-13T00:49:39.928+0000] {processor.py:161} INFO - Started process (PID=684) to work on /home/airflow/.local/lib/python3.11/site-packages/airflow/example_dags/example_nested_branch_dag.py
[2024-07-13T00:49:39.931+0000] {processor.py:830} INFO - Processing file /home/airflow/.local/lib/python3.11/site-packages/airflow/example_dags/example_nested_branch_dag.py for tasks to queue
[2024-07-13T00:49:39.935+0000] {logging_mixin.py:188} INFO - [2024-07-13T00:49:39.934+0000] {dagbag.py:545} INFO - Filling up the DagBag from /home/airflow/.local/lib/python3.11/site-packages/airflow/example_dags/example_nested_branch_dag.py
[2024-07-13T00:49:39.960+0000] {processor.py:840} INFO - DAG(s) 'example_nested_branch_dag' retrieved from /home/airflow/.local/lib/python3.11/site-packages/airflow/example_dags/example_nested_branch_dag.py
[2024-07-13T00:49:40.011+0000] {logging_mixin.py:188} INFO - [2024-07-13T00:49:40.010+0000] {dag.py:3096} INFO - Sync 1 DAGs
[2024-07-13T00:49:40.062+0000] {logging_mixin.py:188} INFO - [2024-07-13T00:49:40.061+0000] {dag.py:3954} INFO - Setting next_dagrun for example_nested_branch_dag to 2024-07-12 00:00:00+00:00, run_after=2024-07-13 00:00:00+00:00
[2024-07-13T00:49:40.097+0000] {processor.py:183} INFO - Processing /home/airflow/.local/lib/python3.11/site-packages/airflow/example_dags/example_nested_branch_dag.py took 0.183 seconds
[2024-07-13T00:50:14.293+0000] {processor.py:161} INFO - Started process (PID=756) to work on /home/airflow/.local/lib/python3.11/site-packages/airflow/example_dags/example_nested_branch_dag.py
[2024-07-13T00:50:14.295+0000] {processor.py:830} INFO - Processing file /home/airflow/.local/lib/python3.11/site-packages/airflow/example_dags/example_nested_branch_dag.py for tasks to queue
[2024-07-13T00:50:14.298+0000] {logging_mixin.py:188} INFO - [2024-07-13T00:50:14.297+0000] {dagbag.py:545} INFO - Filling up the DagBag from /home/airflow/.local/lib/python3.11/site-packages/airflow/example_dags/example_nested_branch_dag.py
[2024-07-13T00:50:14.322+0000] {processor.py:840} INFO - DAG(s) 'example_nested_branch_dag' retrieved from /home/airflow/.local/lib/python3.11/site-packages/airflow/example_dags/example_nested_branch_dag.py
[2024-07-13T00:50:14.370+0000] {logging_mixin.py:188} INFO - [2024-07-13T00:50:14.369+0000] {dag.py:3096} INFO - Sync 1 DAGs
[2024-07-13T00:50:14.417+0000] {logging_mixin.py:188} INFO - [2024-07-13T00:50:14.417+0000] {dag.py:3954} INFO - Setting next_dagrun for example_nested_branch_dag to 2024-07-12 00:00:00+00:00, run_after=2024-07-13 00:00:00+00:00
[2024-07-13T00:50:14.457+0000] {processor.py:183} INFO - Processing /home/airflow/.local/lib/python3.11/site-packages/airflow/example_dags/example_nested_branch_dag.py took 0.178 seconds
[2024-07-13T00:50:47.788+0000] {processor.py:161} INFO - Started process (PID=818) to work on /home/airflow/.local/lib/python3.11/site-packages/airflow/example_dags/example_nested_branch_dag.py
[2024-07-13T00:50:47.790+0000] {processor.py:830} INFO - Processing file /home/airflow/.local/lib/python3.11/site-packages/airflow/example_dags/example_nested_branch_dag.py for tasks to queue
[2024-07-13T00:50:47.794+0000] {logging_mixin.py:188} INFO - [2024-07-13T00:50:47.793+0000] {dagbag.py:545} INFO - Filling up the DagBag from /home/airflow/.local/lib/python3.11/site-packages/airflow/example_dags/example_nested_branch_dag.py
[2024-07-13T00:50:47.818+0000] {processor.py:840} INFO - DAG(s) 'example_nested_branch_dag' retrieved from /home/airflow/.local/lib/python3.11/site-packages/airflow/example_dags/example_nested_branch_dag.py
[2024-07-13T00:50:47.855+0000] {logging_mixin.py:188} INFO - [2024-07-13T00:50:47.854+0000] {dag.py:3096} INFO - Sync 1 DAGs
[2024-07-13T00:50:47.891+0000] {logging_mixin.py:188} INFO - [2024-07-13T00:50:47.890+0000] {dag.py:3954} INFO - Setting next_dagrun for example_nested_branch_dag to 2024-07-12 00:00:00+00:00, run_after=2024-07-13 00:00:00+00:00
[2024-07-13T00:50:47.917+0000] {processor.py:183} INFO - Processing /home/airflow/.local/lib/python3.11/site-packages/airflow/example_dags/example_nested_branch_dag.py took 0.142 seconds
[2024-07-13T00:51:20.888+0000] {processor.py:161} INFO - Started process (PID=880) to work on /home/airflow/.local/lib/python3.11/site-packages/airflow/example_dags/example_nested_branch_dag.py
[2024-07-13T00:51:20.889+0000] {processor.py:830} INFO - Processing file /home/airflow/.local/lib/python3.11/site-packages/airflow/example_dags/example_nested_branch_dag.py for tasks to queue
[2024-07-13T00:51:20.893+0000] {logging_mixin.py:188} INFO - [2024-07-13T00:51:20.892+0000] {dagbag.py:545} INFO - Filling up the DagBag from /home/airflow/.local/lib/python3.11/site-packages/airflow/example_dags/example_nested_branch_dag.py
[2024-07-13T00:51:20.910+0000] {processor.py:840} INFO - DAG(s) 'example_nested_branch_dag' retrieved from /home/airflow/.local/lib/python3.11/site-packages/airflow/example_dags/example_nested_branch_dag.py
[2024-07-13T00:51:20.948+0000] {logging_mixin.py:188} INFO - [2024-07-13T00:51:20.947+0000] {dag.py:3096} INFO - Sync 1 DAGs
[2024-07-13T00:51:20.981+0000] {logging_mixin.py:188} INFO - [2024-07-13T00:51:20.981+0000] {dag.py:3954} INFO - Setting next_dagrun for example_nested_branch_dag to 2024-07-12 00:00:00+00:00, run_after=2024-07-13 00:00:00+00:00
[2024-07-13T00:51:21.006+0000] {processor.py:183} INFO - Processing /home/airflow/.local/lib/python3.11/site-packages/airflow/example_dags/example_nested_branch_dag.py took 0.129 seconds
[2024-07-13T00:51:54.042+0000] {processor.py:161} INFO - Started process (PID=942) to work on /home/airflow/.local/lib/python3.11/site-packages/airflow/example_dags/example_nested_branch_dag.py
[2024-07-13T00:51:54.044+0000] {processor.py:830} INFO - Processing file /home/airflow/.local/lib/python3.11/site-packages/airflow/example_dags/example_nested_branch_dag.py for tasks to queue
[2024-07-13T00:51:54.047+0000] {logging_mixin.py:188} INFO - [2024-07-13T00:51:54.046+0000] {dagbag.py:545} INFO - Filling up the DagBag from /home/airflow/.local/lib/python3.11/site-packages/airflow/example_dags/example_nested_branch_dag.py
[2024-07-13T00:51:54.065+0000] {processor.py:840} INFO - DAG(s) 'example_nested_branch_dag' retrieved from /home/airflow/.local/lib/python3.11/site-packages/airflow/example_dags/example_nested_branch_dag.py
[2024-07-13T00:51:54.110+0000] {logging_mixin.py:188} INFO - [2024-07-13T00:51:54.109+0000] {dag.py:3096} INFO - Sync 1 DAGs
[2024-07-13T00:51:54.156+0000] {logging_mixin.py:188} INFO - [2024-07-13T00:51:54.155+0000] {dag.py:3954} INFO - Setting next_dagrun for example_nested_branch_dag to 2024-07-12 00:00:00+00:00, run_after=2024-07-13 00:00:00+00:00
[2024-07-13T00:51:54.187+0000] {processor.py:183} INFO - Processing /home/airflow/.local/lib/python3.11/site-packages/airflow/example_dags/example_nested_branch_dag.py took 0.157 seconds
[2024-07-13T00:52:27.074+0000] {processor.py:161} INFO - Started process (PID=1005) to work on /home/airflow/.local/lib/python3.11/site-packages/airflow/example_dags/example_nested_branch_dag.py
[2024-07-13T00:52:27.076+0000] {processor.py:830} INFO - Processing file /home/airflow/.local/lib/python3.11/site-packages/airflow/example_dags/example_nested_branch_dag.py for tasks to queue
[2024-07-13T00:52:27.079+0000] {logging_mixin.py:188} INFO - [2024-07-13T00:52:27.079+0000] {dagbag.py:545} INFO - Filling up the DagBag from /home/airflow/.local/lib/python3.11/site-packages/airflow/example_dags/example_nested_branch_dag.py
[2024-07-13T00:52:27.102+0000] {processor.py:840} INFO - DAG(s) 'example_nested_branch_dag' retrieved from /home/airflow/.local/lib/python3.11/site-packages/airflow/example_dags/example_nested_branch_dag.py
[2024-07-13T00:52:27.156+0000] {logging_mixin.py:188} INFO - [2024-07-13T00:52:27.155+0000] {dag.py:3096} INFO - Sync 1 DAGs
[2024-07-13T00:52:27.211+0000] {logging_mixin.py:188} INFO - [2024-07-13T00:52:27.211+0000] {dag.py:3954} INFO - Setting next_dagrun for example_nested_branch_dag to 2024-07-12 00:00:00+00:00, run_after=2024-07-13 00:00:00+00:00
[2024-07-13T00:52:27.252+0000] {processor.py:183} INFO - Processing /home/airflow/.local/lib/python3.11/site-packages/airflow/example_dags/example_nested_branch_dag.py took 0.191 seconds
[2024-07-13T00:52:59.619+0000] {processor.py:161} INFO - Started process (PID=1068) to work on /home/airflow/.local/lib/python3.11/site-packages/airflow/example_dags/example_nested_branch_dag.py
[2024-07-13T00:52:59.621+0000] {processor.py:830} INFO - Processing file /home/airflow/.local/lib/python3.11/site-packages/airflow/example_dags/example_nested_branch_dag.py for tasks to queue
[2024-07-13T00:52:59.625+0000] {logging_mixin.py:188} INFO - [2024-07-13T00:52:59.624+0000] {dagbag.py:545} INFO - Filling up the DagBag from /home/airflow/.local/lib/python3.11/site-packages/airflow/example_dags/example_nested_branch_dag.py
[2024-07-13T00:52:59.647+0000] {processor.py:840} INFO - DAG(s) 'example_nested_branch_dag' retrieved from /home/airflow/.local/lib/python3.11/site-packages/airflow/example_dags/example_nested_branch_dag.py
[2024-07-13T00:52:59.691+0000] {logging_mixin.py:188} INFO - [2024-07-13T00:52:59.690+0000] {dag.py:3096} INFO - Sync 1 DAGs
[2024-07-13T00:52:59.729+0000] {logging_mixin.py:188} INFO - [2024-07-13T00:52:59.729+0000] {dag.py:3954} INFO - Setting next_dagrun for example_nested_branch_dag to 2024-07-12 00:00:00+00:00, run_after=2024-07-13 00:00:00+00:00
[2024-07-13T00:52:59.755+0000] {processor.py:183} INFO - Processing /home/airflow/.local/lib/python3.11/site-packages/airflow/example_dags/example_nested_branch_dag.py took 0.150 seconds
[2024-07-13T00:53:32.645+0000] {processor.py:161} INFO - Started process (PID=1130) to work on /home/airflow/.local/lib/python3.11/site-packages/airflow/example_dags/example_nested_branch_dag.py
[2024-07-13T00:53:32.647+0000] {processor.py:830} INFO - Processing file /home/airflow/.local/lib/python3.11/site-packages/airflow/example_dags/example_nested_branch_dag.py for tasks to queue
[2024-07-13T00:53:32.651+0000] {logging_mixin.py:188} INFO - [2024-07-13T00:53:32.650+0000] {dagbag.py:545} INFO - Filling up the DagBag from /home/airflow/.local/lib/python3.11/site-packages/airflow/example_dags/example_nested_branch_dag.py
[2024-07-13T00:53:32.669+0000] {processor.py:840} INFO - DAG(s) 'example_nested_branch_dag' retrieved from /home/airflow/.local/lib/python3.11/site-packages/airflow/example_dags/example_nested_branch_dag.py
[2024-07-13T00:53:32.712+0000] {logging_mixin.py:188} INFO - [2024-07-13T00:53:32.712+0000] {dag.py:3096} INFO - Sync 1 DAGs
[2024-07-13T00:53:32.757+0000] {logging_mixin.py:188} INFO - [2024-07-13T00:53:32.757+0000] {dag.py:3954} INFO - Setting next_dagrun for example_nested_branch_dag to 2024-07-12 00:00:00+00:00, run_after=2024-07-13 00:00:00+00:00
[2024-07-13T00:53:32.788+0000] {processor.py:183} INFO - Processing /home/airflow/.local/lib/python3.11/site-packages/airflow/example_dags/example_nested_branch_dag.py took 0.154 seconds
[2024-07-13T00:54:05.339+0000] {processor.py:161} INFO - Started process (PID=1192) to work on /home/airflow/.local/lib/python3.11/site-packages/airflow/example_dags/example_nested_branch_dag.py
[2024-07-13T00:54:05.342+0000] {processor.py:830} INFO - Processing file /home/airflow/.local/lib/python3.11/site-packages/airflow/example_dags/example_nested_branch_dag.py for tasks to queue
[2024-07-13T00:54:05.346+0000] {logging_mixin.py:188} INFO - [2024-07-13T00:54:05.345+0000] {dagbag.py:545} INFO - Filling up the DagBag from /home/airflow/.local/lib/python3.11/site-packages/airflow/example_dags/example_nested_branch_dag.py
[2024-07-13T00:54:05.366+0000] {processor.py:840} INFO - DAG(s) 'example_nested_branch_dag' retrieved from /home/airflow/.local/lib/python3.11/site-packages/airflow/example_dags/example_nested_branch_dag.py
[2024-07-13T00:54:05.410+0000] {logging_mixin.py:188} INFO - [2024-07-13T00:54:05.409+0000] {dag.py:3096} INFO - Sync 1 DAGs
[2024-07-13T00:54:05.449+0000] {logging_mixin.py:188} INFO - [2024-07-13T00:54:05.448+0000] {dag.py:3954} INFO - Setting next_dagrun for example_nested_branch_dag to 2024-07-12 00:00:00+00:00, run_after=2024-07-13 00:00:00+00:00
[2024-07-13T00:54:05.480+0000] {processor.py:183} INFO - Processing /home/airflow/.local/lib/python3.11/site-packages/airflow/example_dags/example_nested_branch_dag.py took 0.154 seconds
[2024-07-13T00:54:38.589+0000] {processor.py:161} INFO - Started process (PID=1254) to work on /home/airflow/.local/lib/python3.11/site-packages/airflow/example_dags/example_nested_branch_dag.py
[2024-07-13T00:54:38.591+0000] {processor.py:830} INFO - Processing file /home/airflow/.local/lib/python3.11/site-packages/airflow/example_dags/example_nested_branch_dag.py for tasks to queue
[2024-07-13T00:54:38.595+0000] {logging_mixin.py:188} INFO - [2024-07-13T00:54:38.595+0000] {dagbag.py:545} INFO - Filling up the DagBag from /home/airflow/.local/lib/python3.11/site-packages/airflow/example_dags/example_nested_branch_dag.py
[2024-07-13T00:54:38.616+0000] {processor.py:840} INFO - DAG(s) 'example_nested_branch_dag' retrieved from /home/airflow/.local/lib/python3.11/site-packages/airflow/example_dags/example_nested_branch_dag.py
[2024-07-13T00:54:38.660+0000] {logging_mixin.py:188} INFO - [2024-07-13T00:54:38.659+0000] {dag.py:3096} INFO - Sync 1 DAGs
[2024-07-13T00:54:38.700+0000] {logging_mixin.py:188} INFO - [2024-07-13T00:54:38.700+0000] {dag.py:3954} INFO - Setting next_dagrun for example_nested_branch_dag to 2024-07-12 00:00:00+00:00, run_after=2024-07-13 00:00:00+00:00
[2024-07-13T00:54:38.733+0000] {processor.py:183} INFO - Processing /home/airflow/.local/lib/python3.11/site-packages/airflow/example_dags/example_nested_branch_dag.py took 0.156 seconds
[2024-07-13T00:55:11.214+0000] {processor.py:161} INFO - Started process (PID=1316) to work on /home/airflow/.local/lib/python3.11/site-packages/airflow/example_dags/example_nested_branch_dag.py
[2024-07-13T00:55:11.216+0000] {processor.py:830} INFO - Processing file /home/airflow/.local/lib/python3.11/site-packages/airflow/example_dags/example_nested_branch_dag.py for tasks to queue
[2024-07-13T00:55:11.220+0000] {logging_mixin.py:188} INFO - [2024-07-13T00:55:11.220+0000] {dagbag.py:545} INFO - Filling up the DagBag from /home/airflow/.local/lib/python3.11/site-packages/airflow/example_dags/example_nested_branch_dag.py
[2024-07-13T00:55:11.246+0000] {processor.py:840} INFO - DAG(s) 'example_nested_branch_dag' retrieved from /home/airflow/.local/lib/python3.11/site-packages/airflow/example_dags/example_nested_branch_dag.py
[2024-07-13T00:55:11.290+0000] {logging_mixin.py:188} INFO - [2024-07-13T00:55:11.289+0000] {dag.py:3096} INFO - Sync 1 DAGs
[2024-07-13T00:55:11.334+0000] {logging_mixin.py:188} INFO - [2024-07-13T00:55:11.334+0000] {dag.py:3954} INFO - Setting next_dagrun for example_nested_branch_dag to 2024-07-12 00:00:00+00:00, run_after=2024-07-13 00:00:00+00:00
[2024-07-13T00:55:11.369+0000] {processor.py:183} INFO - Processing /home/airflow/.local/lib/python3.11/site-packages/airflow/example_dags/example_nested_branch_dag.py took 0.172 seconds
[2024-07-13T00:59:00.744+0000] {processor.py:161} INFO - Started process (PID=61) to work on /home/airflow/.local/lib/python3.11/site-packages/airflow/example_dags/example_nested_branch_dag.py
[2024-07-13T00:59:00.747+0000] {processor.py:830} INFO - Processing file /home/airflow/.local/lib/python3.11/site-packages/airflow/example_dags/example_nested_branch_dag.py for tasks to queue
[2024-07-13T00:59:00.751+0000] {logging_mixin.py:188} INFO - [2024-07-13T00:59:00.750+0000] {dagbag.py:545} INFO - Filling up the DagBag from /home/airflow/.local/lib/python3.11/site-packages/airflow/example_dags/example_nested_branch_dag.py
[2024-07-13T00:59:00.778+0000] {processor.py:840} INFO - DAG(s) 'example_nested_branch_dag' retrieved from /home/airflow/.local/lib/python3.11/site-packages/airflow/example_dags/example_nested_branch_dag.py
[2024-07-13T00:59:01.002+0000] {logging_mixin.py:188} INFO - [2024-07-13T00:59:01.001+0000] {dag.py:3096} INFO - Sync 1 DAGs
[2024-07-13T00:59:01.040+0000] {logging_mixin.py:188} INFO - [2024-07-13T00:59:01.039+0000] {dag.py:3954} INFO - Setting next_dagrun for example_nested_branch_dag to 2024-07-12 00:00:00+00:00, run_after=2024-07-13 00:00:00+00:00
[2024-07-13T00:59:01.074+0000] {processor.py:183} INFO - Processing /home/airflow/.local/lib/python3.11/site-packages/airflow/example_dags/example_nested_branch_dag.py took 0.344 seconds
[2024-07-13T00:59:31.225+0000] {processor.py:161} INFO - Started process (PID=123) to work on /home/airflow/.local/lib/python3.11/site-packages/airflow/example_dags/example_nested_branch_dag.py
[2024-07-13T00:59:31.227+0000] {processor.py:830} INFO - Processing file /home/airflow/.local/lib/python3.11/site-packages/airflow/example_dags/example_nested_branch_dag.py for tasks to queue
[2024-07-13T00:59:31.231+0000] {logging_mixin.py:188} INFO - [2024-07-13T00:59:31.230+0000] {dagbag.py:545} INFO - Filling up the DagBag from /home/airflow/.local/lib/python3.11/site-packages/airflow/example_dags/example_nested_branch_dag.py
[2024-07-13T00:59:31.254+0000] {processor.py:840} INFO - DAG(s) 'example_nested_branch_dag' retrieved from /home/airflow/.local/lib/python3.11/site-packages/airflow/example_dags/example_nested_branch_dag.py
[2024-07-13T00:59:31.299+0000] {logging_mixin.py:188} INFO - [2024-07-13T00:59:31.298+0000] {dag.py:3096} INFO - Sync 1 DAGs
[2024-07-13T00:59:31.340+0000] {logging_mixin.py:188} INFO - [2024-07-13T00:59:31.339+0000] {dag.py:3954} INFO - Setting next_dagrun for example_nested_branch_dag to 2024-07-12 00:00:00+00:00, run_after=2024-07-13 00:00:00+00:00
[2024-07-13T00:59:31.377+0000] {processor.py:183} INFO - Processing /home/airflow/.local/lib/python3.11/site-packages/airflow/example_dags/example_nested_branch_dag.py took 0.166 seconds
[2024-07-13T01:00:04.045+0000] {processor.py:161} INFO - Started process (PID=184) to work on /home/airflow/.local/lib/python3.11/site-packages/airflow/example_dags/example_nested_branch_dag.py
[2024-07-13T01:00:04.048+0000] {processor.py:830} INFO - Processing file /home/airflow/.local/lib/python3.11/site-packages/airflow/example_dags/example_nested_branch_dag.py for tasks to queue
[2024-07-13T01:00:04.053+0000] {logging_mixin.py:188} INFO - [2024-07-13T01:00:04.052+0000] {dagbag.py:545} INFO - Filling up the DagBag from /home/airflow/.local/lib/python3.11/site-packages/airflow/example_dags/example_nested_branch_dag.py
[2024-07-13T01:00:04.078+0000] {processor.py:840} INFO - DAG(s) 'example_nested_branch_dag' retrieved from /home/airflow/.local/lib/python3.11/site-packages/airflow/example_dags/example_nested_branch_dag.py
[2024-07-13T01:00:04.130+0000] {logging_mixin.py:188} INFO - [2024-07-13T01:00:04.129+0000] {dag.py:3096} INFO - Sync 1 DAGs
[2024-07-13T01:00:04.194+0000] {logging_mixin.py:188} INFO - [2024-07-13T01:00:04.193+0000] {dag.py:3954} INFO - Setting next_dagrun for example_nested_branch_dag to 2024-07-12 00:00:00+00:00, run_after=2024-07-13 00:00:00+00:00
[2024-07-13T01:00:04.235+0000] {processor.py:183} INFO - Processing /home/airflow/.local/lib/python3.11/site-packages/airflow/example_dags/example_nested_branch_dag.py took 0.204 seconds
[2024-07-13T01:00:36.899+0000] {processor.py:161} INFO - Started process (PID=246) to work on /home/airflow/.local/lib/python3.11/site-packages/airflow/example_dags/example_nested_branch_dag.py
[2024-07-13T01:00:36.902+0000] {processor.py:830} INFO - Processing file /home/airflow/.local/lib/python3.11/site-packages/airflow/example_dags/example_nested_branch_dag.py for tasks to queue
[2024-07-13T01:00:36.906+0000] {logging_mixin.py:188} INFO - [2024-07-13T01:00:36.905+0000] {dagbag.py:545} INFO - Filling up the DagBag from /home/airflow/.local/lib/python3.11/site-packages/airflow/example_dags/example_nested_branch_dag.py
[2024-07-13T01:00:36.926+0000] {processor.py:840} INFO - DAG(s) 'example_nested_branch_dag' retrieved from /home/airflow/.local/lib/python3.11/site-packages/airflow/example_dags/example_nested_branch_dag.py
[2024-07-13T01:00:36.974+0000] {logging_mixin.py:188} INFO - [2024-07-13T01:00:36.973+0000] {dag.py:3096} INFO - Sync 1 DAGs
[2024-07-13T01:00:37.018+0000] {logging_mixin.py:188} INFO - [2024-07-13T01:00:37.017+0000] {dag.py:3954} INFO - Setting next_dagrun for example_nested_branch_dag to 2024-07-12 00:00:00+00:00, run_after=2024-07-13 00:00:00+00:00
[2024-07-13T01:00:37.056+0000] {processor.py:183} INFO - Processing /home/airflow/.local/lib/python3.11/site-packages/airflow/example_dags/example_nested_branch_dag.py took 0.173 seconds
[2024-07-13T01:01:10.175+0000] {processor.py:161} INFO - Started process (PID=314) to work on /home/airflow/.local/lib/python3.11/site-packages/airflow/example_dags/example_nested_branch_dag.py
[2024-07-13T01:01:10.177+0000] {processor.py:830} INFO - Processing file /home/airflow/.local/lib/python3.11/site-packages/airflow/example_dags/example_nested_branch_dag.py for tasks to queue
[2024-07-13T01:01:10.180+0000] {logging_mixin.py:188} INFO - [2024-07-13T01:01:10.180+0000] {dagbag.py:545} INFO - Filling up the DagBag from /home/airflow/.local/lib/python3.11/site-packages/airflow/example_dags/example_nested_branch_dag.py
[2024-07-13T01:01:10.200+0000] {processor.py:840} INFO - DAG(s) 'example_nested_branch_dag' retrieved from /home/airflow/.local/lib/python3.11/site-packages/airflow/example_dags/example_nested_branch_dag.py
[2024-07-13T01:01:10.246+0000] {logging_mixin.py:188} INFO - [2024-07-13T01:01:10.245+0000] {dag.py:3096} INFO - Sync 1 DAGs
[2024-07-13T01:01:10.286+0000] {logging_mixin.py:188} INFO - [2024-07-13T01:01:10.286+0000] {dag.py:3954} INFO - Setting next_dagrun for example_nested_branch_dag to 2024-07-12 00:00:00+00:00, run_after=2024-07-13 00:00:00+00:00
[2024-07-13T01:01:10.325+0000] {processor.py:183} INFO - Processing /home/airflow/.local/lib/python3.11/site-packages/airflow/example_dags/example_nested_branch_dag.py took 0.163 seconds
[2024-07-13T01:01:43.723+0000] {processor.py:161} INFO - Started process (PID=376) to work on /home/airflow/.local/lib/python3.11/site-packages/airflow/example_dags/example_nested_branch_dag.py
[2024-07-13T01:01:43.726+0000] {processor.py:830} INFO - Processing file /home/airflow/.local/lib/python3.11/site-packages/airflow/example_dags/example_nested_branch_dag.py for tasks to queue
[2024-07-13T01:01:43.730+0000] {logging_mixin.py:188} INFO - [2024-07-13T01:01:43.729+0000] {dagbag.py:545} INFO - Filling up the DagBag from /home/airflow/.local/lib/python3.11/site-packages/airflow/example_dags/example_nested_branch_dag.py
[2024-07-13T01:01:43.754+0000] {processor.py:840} INFO - DAG(s) 'example_nested_branch_dag' retrieved from /home/airflow/.local/lib/python3.11/site-packages/airflow/example_dags/example_nested_branch_dag.py
[2024-07-13T01:01:43.792+0000] {logging_mixin.py:188} INFO - [2024-07-13T01:01:43.791+0000] {dag.py:3096} INFO - Sync 1 DAGs
[2024-07-13T01:01:43.830+0000] {logging_mixin.py:188} INFO - [2024-07-13T01:01:43.829+0000] {dag.py:3954} INFO - Setting next_dagrun for example_nested_branch_dag to 2024-07-12 00:00:00+00:00, run_after=2024-07-13 00:00:00+00:00
[2024-07-13T01:01:43.858+0000] {processor.py:183} INFO - Processing /home/airflow/.local/lib/python3.11/site-packages/airflow/example_dags/example_nested_branch_dag.py took 0.148 seconds
[2024-07-13T01:02:17.928+0000] {processor.py:161} INFO - Started process (PID=437) to work on /home/airflow/.local/lib/python3.11/site-packages/airflow/example_dags/example_nested_branch_dag.py
[2024-07-13T01:02:17.930+0000] {processor.py:830} INFO - Processing file /home/airflow/.local/lib/python3.11/site-packages/airflow/example_dags/example_nested_branch_dag.py for tasks to queue
[2024-07-13T01:02:17.934+0000] {logging_mixin.py:188} INFO - [2024-07-13T01:02:17.934+0000] {dagbag.py:545} INFO - Filling up the DagBag from /home/airflow/.local/lib/python3.11/site-packages/airflow/example_dags/example_nested_branch_dag.py
[2024-07-13T01:02:17.959+0000] {processor.py:840} INFO - DAG(s) 'example_nested_branch_dag' retrieved from /home/airflow/.local/lib/python3.11/site-packages/airflow/example_dags/example_nested_branch_dag.py
[2024-07-13T01:02:18.016+0000] {logging_mixin.py:188} INFO - [2024-07-13T01:02:18.015+0000] {dag.py:3096} INFO - Sync 1 DAGs
[2024-07-13T01:02:18.061+0000] {logging_mixin.py:188} INFO - [2024-07-13T01:02:18.061+0000] {dag.py:3954} INFO - Setting next_dagrun for example_nested_branch_dag to 2024-07-12 00:00:00+00:00, run_after=2024-07-13 00:00:00+00:00
[2024-07-13T01:02:18.097+0000] {processor.py:183} INFO - Processing /home/airflow/.local/lib/python3.11/site-packages/airflow/example_dags/example_nested_branch_dag.py took 0.186 seconds
[2024-07-13T01:02:51.566+0000] {processor.py:161} INFO - Started process (PID=499) to work on /home/airflow/.local/lib/python3.11/site-packages/airflow/example_dags/example_nested_branch_dag.py
[2024-07-13T01:02:51.568+0000] {processor.py:830} INFO - Processing file /home/airflow/.local/lib/python3.11/site-packages/airflow/example_dags/example_nested_branch_dag.py for tasks to queue
[2024-07-13T01:02:51.572+0000] {logging_mixin.py:188} INFO - [2024-07-13T01:02:51.572+0000] {dagbag.py:545} INFO - Filling up the DagBag from /home/airflow/.local/lib/python3.11/site-packages/airflow/example_dags/example_nested_branch_dag.py
[2024-07-13T01:02:51.592+0000] {processor.py:840} INFO - DAG(s) 'example_nested_branch_dag' retrieved from /home/airflow/.local/lib/python3.11/site-packages/airflow/example_dags/example_nested_branch_dag.py
[2024-07-13T01:02:51.635+0000] {logging_mixin.py:188} INFO - [2024-07-13T01:02:51.634+0000] {dag.py:3096} INFO - Sync 1 DAGs
[2024-07-13T01:02:51.678+0000] {logging_mixin.py:188} INFO - [2024-07-13T01:02:51.678+0000] {dag.py:3954} INFO - Setting next_dagrun for example_nested_branch_dag to 2024-07-12 00:00:00+00:00, run_after=2024-07-13 00:00:00+00:00
[2024-07-13T01:02:51.710+0000] {processor.py:183} INFO - Processing /home/airflow/.local/lib/python3.11/site-packages/airflow/example_dags/example_nested_branch_dag.py took 0.160 seconds
[2024-07-13T01:03:26.666+0000] {processor.py:161} INFO - Started process (PID=561) to work on /home/airflow/.local/lib/python3.11/site-packages/airflow/example_dags/example_nested_branch_dag.py
[2024-07-13T01:03:26.669+0000] {processor.py:830} INFO - Processing file /home/airflow/.local/lib/python3.11/site-packages/airflow/example_dags/example_nested_branch_dag.py for tasks to queue
[2024-07-13T01:03:26.676+0000] {logging_mixin.py:188} INFO - [2024-07-13T01:03:26.675+0000] {dagbag.py:545} INFO - Filling up the DagBag from /home/airflow/.local/lib/python3.11/site-packages/airflow/example_dags/example_nested_branch_dag.py
[2024-07-13T01:03:26.703+0000] {processor.py:840} INFO - DAG(s) 'example_nested_branch_dag' retrieved from /home/airflow/.local/lib/python3.11/site-packages/airflow/example_dags/example_nested_branch_dag.py
[2024-07-13T01:03:26.759+0000] {logging_mixin.py:188} INFO - [2024-07-13T01:03:26.758+0000] {dag.py:3096} INFO - Sync 1 DAGs
[2024-07-13T01:03:26.809+0000] {logging_mixin.py:188} INFO - [2024-07-13T01:03:26.809+0000] {dag.py:3954} INFO - Setting next_dagrun for example_nested_branch_dag to 2024-07-12 00:00:00+00:00, run_after=2024-07-13 00:00:00+00:00
[2024-07-13T01:03:26.864+0000] {processor.py:183} INFO - Processing /home/airflow/.local/lib/python3.11/site-packages/airflow/example_dags/example_nested_branch_dag.py took 0.215 seconds
[2024-07-13T01:04:00.617+0000] {processor.py:161} INFO - Started process (PID=624) to work on /home/airflow/.local/lib/python3.11/site-packages/airflow/example_dags/example_nested_branch_dag.py
[2024-07-13T01:04:00.619+0000] {processor.py:830} INFO - Processing file /home/airflow/.local/lib/python3.11/site-packages/airflow/example_dags/example_nested_branch_dag.py for tasks to queue
[2024-07-13T01:04:00.624+0000] {logging_mixin.py:188} INFO - [2024-07-13T01:04:00.623+0000] {dagbag.py:545} INFO - Filling up the DagBag from /home/airflow/.local/lib/python3.11/site-packages/airflow/example_dags/example_nested_branch_dag.py
[2024-07-13T01:04:00.648+0000] {processor.py:840} INFO - DAG(s) 'example_nested_branch_dag' retrieved from /home/airflow/.local/lib/python3.11/site-packages/airflow/example_dags/example_nested_branch_dag.py
[2024-07-13T01:04:00.698+0000] {logging_mixin.py:188} INFO - [2024-07-13T01:04:00.697+0000] {dag.py:3096} INFO - Sync 1 DAGs
[2024-07-13T01:04:00.746+0000] {logging_mixin.py:188} INFO - [2024-07-13T01:04:00.745+0000] {dag.py:3954} INFO - Setting next_dagrun for example_nested_branch_dag to 2024-07-12 00:00:00+00:00, run_after=2024-07-13 00:00:00+00:00
[2024-07-13T01:04:00.782+0000] {processor.py:183} INFO - Processing /home/airflow/.local/lib/python3.11/site-packages/airflow/example_dags/example_nested_branch_dag.py took 0.181 seconds
[2024-07-13T01:04:34.022+0000] {processor.py:161} INFO - Started process (PID=686) to work on /home/airflow/.local/lib/python3.11/site-packages/airflow/example_dags/example_nested_branch_dag.py
[2024-07-13T01:04:34.025+0000] {processor.py:830} INFO - Processing file /home/airflow/.local/lib/python3.11/site-packages/airflow/example_dags/example_nested_branch_dag.py for tasks to queue
[2024-07-13T01:04:34.029+0000] {logging_mixin.py:188} INFO - [2024-07-13T01:04:34.029+0000] {dagbag.py:545} INFO - Filling up the DagBag from /home/airflow/.local/lib/python3.11/site-packages/airflow/example_dags/example_nested_branch_dag.py
[2024-07-13T01:04:34.055+0000] {processor.py:840} INFO - DAG(s) 'example_nested_branch_dag' retrieved from /home/airflow/.local/lib/python3.11/site-packages/airflow/example_dags/example_nested_branch_dag.py
[2024-07-13T01:04:34.095+0000] {logging_mixin.py:188} INFO - [2024-07-13T01:04:34.094+0000] {dag.py:3096} INFO - Sync 1 DAGs
[2024-07-13T01:04:34.138+0000] {logging_mixin.py:188} INFO - [2024-07-13T01:04:34.138+0000] {dag.py:3954} INFO - Setting next_dagrun for example_nested_branch_dag to 2024-07-12 00:00:00+00:00, run_after=2024-07-13 00:00:00+00:00
[2024-07-13T01:04:34.171+0000] {processor.py:183} INFO - Processing /home/airflow/.local/lib/python3.11/site-packages/airflow/example_dags/example_nested_branch_dag.py took 0.164 seconds
[2024-07-13T01:05:07.119+0000] {processor.py:161} INFO - Started process (PID=748) to work on /home/airflow/.local/lib/python3.11/site-packages/airflow/example_dags/example_nested_branch_dag.py
[2024-07-13T01:05:07.120+0000] {processor.py:830} INFO - Processing file /home/airflow/.local/lib/python3.11/site-packages/airflow/example_dags/example_nested_branch_dag.py for tasks to queue
[2024-07-13T01:05:07.124+0000] {logging_mixin.py:188} INFO - [2024-07-13T01:05:07.124+0000] {dagbag.py:545} INFO - Filling up the DagBag from /home/airflow/.local/lib/python3.11/site-packages/airflow/example_dags/example_nested_branch_dag.py
[2024-07-13T01:05:07.147+0000] {processor.py:840} INFO - DAG(s) 'example_nested_branch_dag' retrieved from /home/airflow/.local/lib/python3.11/site-packages/airflow/example_dags/example_nested_branch_dag.py
[2024-07-13T01:05:07.190+0000] {logging_mixin.py:188} INFO - [2024-07-13T01:05:07.189+0000] {dag.py:3096} INFO - Sync 1 DAGs
[2024-07-13T01:05:07.234+0000] {logging_mixin.py:188} INFO - [2024-07-13T01:05:07.233+0000] {dag.py:3954} INFO - Setting next_dagrun for example_nested_branch_dag to 2024-07-12 00:00:00+00:00, run_after=2024-07-13 00:00:00+00:00
[2024-07-13T01:05:07.272+0000] {processor.py:183} INFO - Processing /home/airflow/.local/lib/python3.11/site-packages/airflow/example_dags/example_nested_branch_dag.py took 0.168 seconds
[2024-07-13T01:05:44.397+0000] {processor.py:161} INFO - Started process (PID=817) to work on /home/airflow/.local/lib/python3.11/site-packages/airflow/example_dags/example_nested_branch_dag.py
[2024-07-13T01:05:44.400+0000] {processor.py:830} INFO - Processing file /home/airflow/.local/lib/python3.11/site-packages/airflow/example_dags/example_nested_branch_dag.py for tasks to queue
[2024-07-13T01:05:44.405+0000] {logging_mixin.py:188} INFO - [2024-07-13T01:05:44.404+0000] {dagbag.py:545} INFO - Filling up the DagBag from /home/airflow/.local/lib/python3.11/site-packages/airflow/example_dags/example_nested_branch_dag.py
[2024-07-13T01:05:44.434+0000] {processor.py:840} INFO - DAG(s) 'example_nested_branch_dag' retrieved from /home/airflow/.local/lib/python3.11/site-packages/airflow/example_dags/example_nested_branch_dag.py
[2024-07-13T01:05:44.490+0000] {logging_mixin.py:188} INFO - [2024-07-13T01:05:44.488+0000] {dag.py:3096} INFO - Sync 1 DAGs
[2024-07-13T01:05:44.914+0000] {logging_mixin.py:188} INFO - [2024-07-13T01:05:44.913+0000] {dag.py:3954} INFO - Setting next_dagrun for example_nested_branch_dag to 2024-07-12 00:00:00+00:00, run_after=2024-07-13 00:00:00+00:00
[2024-07-13T01:05:44.942+0000] {processor.py:183} INFO - Processing /home/airflow/.local/lib/python3.11/site-packages/airflow/example_dags/example_nested_branch_dag.py took 0.563 seconds
[2024-07-13T01:06:15.392+0000] {processor.py:161} INFO - Started process (PID=879) to work on /home/airflow/.local/lib/python3.11/site-packages/airflow/example_dags/example_nested_branch_dag.py
[2024-07-13T01:06:15.395+0000] {processor.py:830} INFO - Processing file /home/airflow/.local/lib/python3.11/site-packages/airflow/example_dags/example_nested_branch_dag.py for tasks to queue
[2024-07-13T01:06:15.401+0000] {logging_mixin.py:188} INFO - [2024-07-13T01:06:15.400+0000] {dagbag.py:545} INFO - Filling up the DagBag from /home/airflow/.local/lib/python3.11/site-packages/airflow/example_dags/example_nested_branch_dag.py
[2024-07-13T01:06:15.426+0000] {processor.py:840} INFO - DAG(s) 'example_nested_branch_dag' retrieved from /home/airflow/.local/lib/python3.11/site-packages/airflow/example_dags/example_nested_branch_dag.py
[2024-07-13T01:06:15.479+0000] {logging_mixin.py:188} INFO - [2024-07-13T01:06:15.478+0000] {dag.py:3096} INFO - Sync 1 DAGs
[2024-07-13T01:06:15.525+0000] {logging_mixin.py:188} INFO - [2024-07-13T01:06:15.524+0000] {dag.py:3954} INFO - Setting next_dagrun for example_nested_branch_dag to 2024-07-12 00:00:00+00:00, run_after=2024-07-13 00:00:00+00:00
[2024-07-13T01:06:15.555+0000] {processor.py:183} INFO - Processing /home/airflow/.local/lib/python3.11/site-packages/airflow/example_dags/example_nested_branch_dag.py took 0.179 seconds
[2024-07-13T01:06:46.837+0000] {processor.py:161} INFO - Started process (PID=941) to work on /home/airflow/.local/lib/python3.11/site-packages/airflow/example_dags/example_nested_branch_dag.py
[2024-07-13T01:06:46.838+0000] {processor.py:830} INFO - Processing file /home/airflow/.local/lib/python3.11/site-packages/airflow/example_dags/example_nested_branch_dag.py for tasks to queue
[2024-07-13T01:06:46.841+0000] {logging_mixin.py:188} INFO - [2024-07-13T01:06:46.841+0000] {dagbag.py:545} INFO - Filling up the DagBag from /home/airflow/.local/lib/python3.11/site-packages/airflow/example_dags/example_nested_branch_dag.py
[2024-07-13T01:06:46.860+0000] {processor.py:840} INFO - DAG(s) 'example_nested_branch_dag' retrieved from /home/airflow/.local/lib/python3.11/site-packages/airflow/example_dags/example_nested_branch_dag.py
[2024-07-13T01:06:46.901+0000] {logging_mixin.py:188} INFO - [2024-07-13T01:06:46.900+0000] {dag.py:3096} INFO - Sync 1 DAGs
[2024-07-13T01:06:46.939+0000] {logging_mixin.py:188} INFO - [2024-07-13T01:06:46.938+0000] {dag.py:3954} INFO - Setting next_dagrun for example_nested_branch_dag to 2024-07-12 00:00:00+00:00, run_after=2024-07-13 00:00:00+00:00
[2024-07-13T01:06:46.969+0000] {processor.py:183} INFO - Processing /home/airflow/.local/lib/python3.11/site-packages/airflow/example_dags/example_nested_branch_dag.py took 0.144 seconds
[2024-07-13T01:07:19.971+0000] {processor.py:161} INFO - Started process (PID=1003) to work on /home/airflow/.local/lib/python3.11/site-packages/airflow/example_dags/example_nested_branch_dag.py
[2024-07-13T01:07:19.974+0000] {processor.py:830} INFO - Processing file /home/airflow/.local/lib/python3.11/site-packages/airflow/example_dags/example_nested_branch_dag.py for tasks to queue
[2024-07-13T01:07:19.977+0000] {logging_mixin.py:188} INFO - [2024-07-13T01:07:19.976+0000] {dagbag.py:545} INFO - Filling up the DagBag from /home/airflow/.local/lib/python3.11/site-packages/airflow/example_dags/example_nested_branch_dag.py
[2024-07-13T01:07:19.999+0000] {processor.py:840} INFO - DAG(s) 'example_nested_branch_dag' retrieved from /home/airflow/.local/lib/python3.11/site-packages/airflow/example_dags/example_nested_branch_dag.py
[2024-07-13T01:07:20.052+0000] {logging_mixin.py:188} INFO - [2024-07-13T01:07:20.051+0000] {dag.py:3096} INFO - Sync 1 DAGs
[2024-07-13T01:07:20.098+0000] {logging_mixin.py:188} INFO - [2024-07-13T01:07:20.098+0000] {dag.py:3954} INFO - Setting next_dagrun for example_nested_branch_dag to 2024-07-12 00:00:00+00:00, run_after=2024-07-13 00:00:00+00:00
[2024-07-13T01:07:20.130+0000] {processor.py:183} INFO - Processing /home/airflow/.local/lib/python3.11/site-packages/airflow/example_dags/example_nested_branch_dag.py took 0.171 seconds
[2024-07-13T01:07:53.789+0000] {processor.py:161} INFO - Started process (PID=1069) to work on /home/airflow/.local/lib/python3.11/site-packages/airflow/example_dags/example_nested_branch_dag.py
[2024-07-13T01:07:53.792+0000] {processor.py:830} INFO - Processing file /home/airflow/.local/lib/python3.11/site-packages/airflow/example_dags/example_nested_branch_dag.py for tasks to queue
[2024-07-13T01:07:53.798+0000] {logging_mixin.py:188} INFO - [2024-07-13T01:07:53.797+0000] {dagbag.py:545} INFO - Filling up the DagBag from /home/airflow/.local/lib/python3.11/site-packages/airflow/example_dags/example_nested_branch_dag.py
[2024-07-13T01:07:53.838+0000] {processor.py:840} INFO - DAG(s) 'example_nested_branch_dag' retrieved from /home/airflow/.local/lib/python3.11/site-packages/airflow/example_dags/example_nested_branch_dag.py
[2024-07-13T01:07:53.909+0000] {logging_mixin.py:188} INFO - [2024-07-13T01:07:53.908+0000] {dag.py:3096} INFO - Sync 1 DAGs
[2024-07-13T01:07:53.971+0000] {logging_mixin.py:188} INFO - [2024-07-13T01:07:53.971+0000] {dag.py:3954} INFO - Setting next_dagrun for example_nested_branch_dag to 2024-07-12 00:00:00+00:00, run_after=2024-07-13 00:00:00+00:00
[2024-07-13T01:07:54.022+0000] {processor.py:183} INFO - Processing /home/airflow/.local/lib/python3.11/site-packages/airflow/example_dags/example_nested_branch_dag.py took 0.251 seconds
[2024-07-13T01:08:27.261+0000] {processor.py:161} INFO - Started process (PID=1131) to work on /home/airflow/.local/lib/python3.11/site-packages/airflow/example_dags/example_nested_branch_dag.py
[2024-07-13T01:08:27.263+0000] {processor.py:830} INFO - Processing file /home/airflow/.local/lib/python3.11/site-packages/airflow/example_dags/example_nested_branch_dag.py for tasks to queue
[2024-07-13T01:08:27.267+0000] {logging_mixin.py:188} INFO - [2024-07-13T01:08:27.267+0000] {dagbag.py:545} INFO - Filling up the DagBag from /home/airflow/.local/lib/python3.11/site-packages/airflow/example_dags/example_nested_branch_dag.py
[2024-07-13T01:08:27.291+0000] {processor.py:840} INFO - DAG(s) 'example_nested_branch_dag' retrieved from /home/airflow/.local/lib/python3.11/site-packages/airflow/example_dags/example_nested_branch_dag.py
[2024-07-13T01:08:27.338+0000] {logging_mixin.py:188} INFO - [2024-07-13T01:08:27.337+0000] {dag.py:3096} INFO - Sync 1 DAGs
[2024-07-13T01:08:27.374+0000] {logging_mixin.py:188} INFO - [2024-07-13T01:08:27.374+0000] {dag.py:3954} INFO - Setting next_dagrun for example_nested_branch_dag to 2024-07-12 00:00:00+00:00, run_after=2024-07-13 00:00:00+00:00
[2024-07-13T01:08:27.404+0000] {processor.py:183} INFO - Processing /home/airflow/.local/lib/python3.11/site-packages/airflow/example_dags/example_nested_branch_dag.py took 0.158 seconds
[2024-07-13T01:09:00.155+0000] {processor.py:161} INFO - Started process (PID=1193) to work on /home/airflow/.local/lib/python3.11/site-packages/airflow/example_dags/example_nested_branch_dag.py
[2024-07-13T01:09:00.158+0000] {processor.py:830} INFO - Processing file /home/airflow/.local/lib/python3.11/site-packages/airflow/example_dags/example_nested_branch_dag.py for tasks to queue
[2024-07-13T01:09:00.162+0000] {logging_mixin.py:188} INFO - [2024-07-13T01:09:00.161+0000] {dagbag.py:545} INFO - Filling up the DagBag from /home/airflow/.local/lib/python3.11/site-packages/airflow/example_dags/example_nested_branch_dag.py
[2024-07-13T01:09:00.186+0000] {processor.py:840} INFO - DAG(s) 'example_nested_branch_dag' retrieved from /home/airflow/.local/lib/python3.11/site-packages/airflow/example_dags/example_nested_branch_dag.py
[2024-07-13T01:09:00.233+0000] {logging_mixin.py:188} INFO - [2024-07-13T01:09:00.232+0000] {dag.py:3096} INFO - Sync 1 DAGs
[2024-07-13T01:09:00.280+0000] {logging_mixin.py:188} INFO - [2024-07-13T01:09:00.279+0000] {dag.py:3954} INFO - Setting next_dagrun for example_nested_branch_dag to 2024-07-12 00:00:00+00:00, run_after=2024-07-13 00:00:00+00:00
[2024-07-13T01:09:00.317+0000] {processor.py:183} INFO - Processing /home/airflow/.local/lib/python3.11/site-packages/airflow/example_dags/example_nested_branch_dag.py took 0.177 seconds
[2024-07-13T01:11:19.420+0000] {processor.py:161} INFO - Started process (PID=59) to work on /home/airflow/.local/lib/python3.11/site-packages/airflow/example_dags/example_nested_branch_dag.py
[2024-07-13T01:11:19.423+0000] {processor.py:830} INFO - Processing file /home/airflow/.local/lib/python3.11/site-packages/airflow/example_dags/example_nested_branch_dag.py for tasks to queue
[2024-07-13T01:11:19.428+0000] {logging_mixin.py:188} INFO - [2024-07-13T01:11:19.427+0000] {dagbag.py:545} INFO - Filling up the DagBag from /home/airflow/.local/lib/python3.11/site-packages/airflow/example_dags/example_nested_branch_dag.py
[2024-07-13T01:11:19.457+0000] {processor.py:840} INFO - DAG(s) 'example_nested_branch_dag' retrieved from /home/airflow/.local/lib/python3.11/site-packages/airflow/example_dags/example_nested_branch_dag.py
[2024-07-13T01:11:19.681+0000] {logging_mixin.py:188} INFO - [2024-07-13T01:11:19.680+0000] {dag.py:3096} INFO - Sync 1 DAGs
[2024-07-13T01:11:19.728+0000] {logging_mixin.py:188} INFO - [2024-07-13T01:11:19.728+0000] {dag.py:3954} INFO - Setting next_dagrun for example_nested_branch_dag to 2024-07-12 00:00:00+00:00, run_after=2024-07-13 00:00:00+00:00
[2024-07-13T01:11:19.766+0000] {processor.py:183} INFO - Processing /home/airflow/.local/lib/python3.11/site-packages/airflow/example_dags/example_nested_branch_dag.py took 0.363 seconds
[2024-07-13T01:11:50.477+0000] {processor.py:161} INFO - Started process (PID=120) to work on /home/airflow/.local/lib/python3.11/site-packages/airflow/example_dags/example_nested_branch_dag.py
[2024-07-13T01:11:50.478+0000] {processor.py:830} INFO - Processing file /home/airflow/.local/lib/python3.11/site-packages/airflow/example_dags/example_nested_branch_dag.py for tasks to queue
[2024-07-13T01:11:50.482+0000] {logging_mixin.py:188} INFO - [2024-07-13T01:11:50.481+0000] {dagbag.py:545} INFO - Filling up the DagBag from /home/airflow/.local/lib/python3.11/site-packages/airflow/example_dags/example_nested_branch_dag.py
[2024-07-13T01:11:50.502+0000] {processor.py:840} INFO - DAG(s) 'example_nested_branch_dag' retrieved from /home/airflow/.local/lib/python3.11/site-packages/airflow/example_dags/example_nested_branch_dag.py
[2024-07-13T01:11:50.548+0000] {logging_mixin.py:188} INFO - [2024-07-13T01:11:50.547+0000] {dag.py:3096} INFO - Sync 1 DAGs
[2024-07-13T01:11:50.595+0000] {logging_mixin.py:188} INFO - [2024-07-13T01:11:50.595+0000] {dag.py:3954} INFO - Setting next_dagrun for example_nested_branch_dag to 2024-07-12 00:00:00+00:00, run_after=2024-07-13 00:00:00+00:00
[2024-07-13T01:11:50.628+0000] {processor.py:183} INFO - Processing /home/airflow/.local/lib/python3.11/site-packages/airflow/example_dags/example_nested_branch_dag.py took 0.163 seconds
[2024-07-13T01:12:24.453+0000] {processor.py:161} INFO - Started process (PID=182) to work on /home/airflow/.local/lib/python3.11/site-packages/airflow/example_dags/example_nested_branch_dag.py
[2024-07-13T01:12:24.455+0000] {processor.py:830} INFO - Processing file /home/airflow/.local/lib/python3.11/site-packages/airflow/example_dags/example_nested_branch_dag.py for tasks to queue
[2024-07-13T01:12:24.460+0000] {logging_mixin.py:188} INFO - [2024-07-13T01:12:24.460+0000] {dagbag.py:545} INFO - Filling up the DagBag from /home/airflow/.local/lib/python3.11/site-packages/airflow/example_dags/example_nested_branch_dag.py
[2024-07-13T01:12:24.484+0000] {processor.py:840} INFO - DAG(s) 'example_nested_branch_dag' retrieved from /home/airflow/.local/lib/python3.11/site-packages/airflow/example_dags/example_nested_branch_dag.py
[2024-07-13T01:12:24.522+0000] {logging_mixin.py:188} INFO - [2024-07-13T01:12:24.521+0000] {dag.py:3096} INFO - Sync 1 DAGs
[2024-07-13T01:12:24.571+0000] {logging_mixin.py:188} INFO - [2024-07-13T01:12:24.570+0000] {dag.py:3954} INFO - Setting next_dagrun for example_nested_branch_dag to 2024-07-12 00:00:00+00:00, run_after=2024-07-13 00:00:00+00:00
[2024-07-13T01:12:24.610+0000] {processor.py:183} INFO - Processing /home/airflow/.local/lib/python3.11/site-packages/airflow/example_dags/example_nested_branch_dag.py took 0.171 seconds
[2024-07-13T01:12:57.104+0000] {processor.py:161} INFO - Started process (PID=250) to work on /home/airflow/.local/lib/python3.11/site-packages/airflow/example_dags/example_nested_branch_dag.py
[2024-07-13T01:12:57.106+0000] {processor.py:830} INFO - Processing file /home/airflow/.local/lib/python3.11/site-packages/airflow/example_dags/example_nested_branch_dag.py for tasks to queue
[2024-07-13T01:12:57.111+0000] {logging_mixin.py:188} INFO - [2024-07-13T01:12:57.110+0000] {dagbag.py:545} INFO - Filling up the DagBag from /home/airflow/.local/lib/python3.11/site-packages/airflow/example_dags/example_nested_branch_dag.py
[2024-07-13T01:12:57.138+0000] {processor.py:840} INFO - DAG(s) 'example_nested_branch_dag' retrieved from /home/airflow/.local/lib/python3.11/site-packages/airflow/example_dags/example_nested_branch_dag.py
[2024-07-13T01:12:57.194+0000] {logging_mixin.py:188} INFO - [2024-07-13T01:12:57.193+0000] {dag.py:3096} INFO - Sync 1 DAGs
[2024-07-13T01:12:57.229+0000] {logging_mixin.py:188} INFO - [2024-07-13T01:12:57.228+0000] {dag.py:3954} INFO - Setting next_dagrun for example_nested_branch_dag to 2024-07-12 00:00:00+00:00, run_after=2024-07-13 00:00:00+00:00
[2024-07-13T01:12:57.258+0000] {processor.py:183} INFO - Processing /home/airflow/.local/lib/python3.11/site-packages/airflow/example_dags/example_nested_branch_dag.py took 0.171 seconds
[2024-07-13T01:13:32.068+0000] {processor.py:161} INFO - Started process (PID=313) to work on /home/airflow/.local/lib/python3.11/site-packages/airflow/example_dags/example_nested_branch_dag.py
[2024-07-13T01:13:32.074+0000] {processor.py:830} INFO - Processing file /home/airflow/.local/lib/python3.11/site-packages/airflow/example_dags/example_nested_branch_dag.py for tasks to queue
[2024-07-13T01:13:32.079+0000] {logging_mixin.py:188} INFO - [2024-07-13T01:13:32.078+0000] {dagbag.py:545} INFO - Filling up the DagBag from /home/airflow/.local/lib/python3.11/site-packages/airflow/example_dags/example_nested_branch_dag.py
[2024-07-13T01:13:32.108+0000] {processor.py:840} INFO - DAG(s) 'example_nested_branch_dag' retrieved from /home/airflow/.local/lib/python3.11/site-packages/airflow/example_dags/example_nested_branch_dag.py
[2024-07-13T01:13:32.183+0000] {logging_mixin.py:188} INFO - [2024-07-13T01:13:32.182+0000] {dag.py:3096} INFO - Sync 1 DAGs
[2024-07-13T01:13:32.264+0000] {logging_mixin.py:188} INFO - [2024-07-13T01:13:32.264+0000] {dag.py:3954} INFO - Setting next_dagrun for example_nested_branch_dag to 2024-07-12 00:00:00+00:00, run_after=2024-07-13 00:00:00+00:00
[2024-07-13T01:13:32.306+0000] {processor.py:183} INFO - Processing /home/airflow/.local/lib/python3.11/site-packages/airflow/example_dags/example_nested_branch_dag.py took 0.256 seconds
[2024-07-13T01:14:04.223+0000] {processor.py:161} INFO - Started process (PID=375) to work on /home/airflow/.local/lib/python3.11/site-packages/airflow/example_dags/example_nested_branch_dag.py
[2024-07-13T01:14:04.225+0000] {processor.py:830} INFO - Processing file /home/airflow/.local/lib/python3.11/site-packages/airflow/example_dags/example_nested_branch_dag.py for tasks to queue
[2024-07-13T01:14:04.228+0000] {logging_mixin.py:188} INFO - [2024-07-13T01:14:04.227+0000] {dagbag.py:545} INFO - Filling up the DagBag from /home/airflow/.local/lib/python3.11/site-packages/airflow/example_dags/example_nested_branch_dag.py
[2024-07-13T01:14:04.250+0000] {processor.py:840} INFO - DAG(s) 'example_nested_branch_dag' retrieved from /home/airflow/.local/lib/python3.11/site-packages/airflow/example_dags/example_nested_branch_dag.py
[2024-07-13T01:14:04.290+0000] {logging_mixin.py:188} INFO - [2024-07-13T01:14:04.289+0000] {dag.py:3096} INFO - Sync 1 DAGs
[2024-07-13T01:14:04.332+0000] {logging_mixin.py:188} INFO - [2024-07-13T01:14:04.331+0000] {dag.py:3954} INFO - Setting next_dagrun for example_nested_branch_dag to 2024-07-12 00:00:00+00:00, run_after=2024-07-13 00:00:00+00:00
[2024-07-13T01:14:04.372+0000] {processor.py:183} INFO - Processing /home/airflow/.local/lib/python3.11/site-packages/airflow/example_dags/example_nested_branch_dag.py took 0.162 seconds
[2024-07-13T01:14:38.393+0000] {processor.py:161} INFO - Started process (PID=437) to work on /home/airflow/.local/lib/python3.11/site-packages/airflow/example_dags/example_nested_branch_dag.py
[2024-07-13T01:14:38.395+0000] {processor.py:830} INFO - Processing file /home/airflow/.local/lib/python3.11/site-packages/airflow/example_dags/example_nested_branch_dag.py for tasks to queue
[2024-07-13T01:14:38.399+0000] {logging_mixin.py:188} INFO - [2024-07-13T01:14:38.399+0000] {dagbag.py:545} INFO - Filling up the DagBag from /home/airflow/.local/lib/python3.11/site-packages/airflow/example_dags/example_nested_branch_dag.py
[2024-07-13T01:14:38.420+0000] {processor.py:840} INFO - DAG(s) 'example_nested_branch_dag' retrieved from /home/airflow/.local/lib/python3.11/site-packages/airflow/example_dags/example_nested_branch_dag.py
[2024-07-13T01:14:38.464+0000] {logging_mixin.py:188} INFO - [2024-07-13T01:14:38.463+0000] {dag.py:3096} INFO - Sync 1 DAGs
[2024-07-13T01:14:38.503+0000] {logging_mixin.py:188} INFO - [2024-07-13T01:14:38.503+0000] {dag.py:3954} INFO - Setting next_dagrun for example_nested_branch_dag to 2024-07-12 00:00:00+00:00, run_after=2024-07-13 00:00:00+00:00
[2024-07-13T01:14:38.536+0000] {processor.py:183} INFO - Processing /home/airflow/.local/lib/python3.11/site-packages/airflow/example_dags/example_nested_branch_dag.py took 0.156 seconds
[2024-07-13T01:15:12.426+0000] {processor.py:161} INFO - Started process (PID=499) to work on /home/airflow/.local/lib/python3.11/site-packages/airflow/example_dags/example_nested_branch_dag.py
[2024-07-13T01:15:12.428+0000] {processor.py:830} INFO - Processing file /home/airflow/.local/lib/python3.11/site-packages/airflow/example_dags/example_nested_branch_dag.py for tasks to queue
[2024-07-13T01:15:12.432+0000] {logging_mixin.py:188} INFO - [2024-07-13T01:15:12.432+0000] {dagbag.py:545} INFO - Filling up the DagBag from /home/airflow/.local/lib/python3.11/site-packages/airflow/example_dags/example_nested_branch_dag.py
[2024-07-13T01:15:12.456+0000] {processor.py:840} INFO - DAG(s) 'example_nested_branch_dag' retrieved from /home/airflow/.local/lib/python3.11/site-packages/airflow/example_dags/example_nested_branch_dag.py
[2024-07-13T01:15:12.510+0000] {logging_mixin.py:188} INFO - [2024-07-13T01:15:12.509+0000] {dag.py:3096} INFO - Sync 1 DAGs
[2024-07-13T01:15:12.553+0000] {logging_mixin.py:188} INFO - [2024-07-13T01:15:12.552+0000] {dag.py:3954} INFO - Setting next_dagrun for example_nested_branch_dag to 2024-07-12 00:00:00+00:00, run_after=2024-07-13 00:00:00+00:00
[2024-07-13T01:15:12.592+0000] {processor.py:183} INFO - Processing /home/airflow/.local/lib/python3.11/site-packages/airflow/example_dags/example_nested_branch_dag.py took 0.180 seconds
[2024-07-13T01:15:46.932+0000] {processor.py:161} INFO - Started process (PID=560) to work on /home/airflow/.local/lib/python3.11/site-packages/airflow/example_dags/example_nested_branch_dag.py
[2024-07-13T01:15:46.935+0000] {processor.py:830} INFO - Processing file /home/airflow/.local/lib/python3.11/site-packages/airflow/example_dags/example_nested_branch_dag.py for tasks to queue
[2024-07-13T01:15:46.941+0000] {logging_mixin.py:188} INFO - [2024-07-13T01:15:46.940+0000] {dagbag.py:545} INFO - Filling up the DagBag from /home/airflow/.local/lib/python3.11/site-packages/airflow/example_dags/example_nested_branch_dag.py
[2024-07-13T01:15:46.969+0000] {processor.py:840} INFO - DAG(s) 'example_nested_branch_dag' retrieved from /home/airflow/.local/lib/python3.11/site-packages/airflow/example_dags/example_nested_branch_dag.py
[2024-07-13T01:15:47.027+0000] {logging_mixin.py:188} INFO - [2024-07-13T01:15:47.026+0000] {dag.py:3096} INFO - Sync 1 DAGs
[2024-07-13T01:15:47.074+0000] {logging_mixin.py:188} INFO - [2024-07-13T01:15:47.073+0000] {dag.py:3954} INFO - Setting next_dagrun for example_nested_branch_dag to 2024-07-12 00:00:00+00:00, run_after=2024-07-13 00:00:00+00:00
[2024-07-13T01:15:47.110+0000] {processor.py:183} INFO - Processing /home/airflow/.local/lib/python3.11/site-packages/airflow/example_dags/example_nested_branch_dag.py took 0.196 seconds
[2024-07-13T01:16:20.864+0000] {processor.py:161} INFO - Started process (PID=625) to work on /home/airflow/.local/lib/python3.11/site-packages/airflow/example_dags/example_nested_branch_dag.py
[2024-07-13T01:16:20.867+0000] {processor.py:830} INFO - Processing file /home/airflow/.local/lib/python3.11/site-packages/airflow/example_dags/example_nested_branch_dag.py for tasks to queue
[2024-07-13T01:16:20.871+0000] {logging_mixin.py:188} INFO - [2024-07-13T01:16:20.870+0000] {dagbag.py:545} INFO - Filling up the DagBag from /home/airflow/.local/lib/python3.11/site-packages/airflow/example_dags/example_nested_branch_dag.py
[2024-07-13T01:16:20.898+0000] {processor.py:840} INFO - DAG(s) 'example_nested_branch_dag' retrieved from /home/airflow/.local/lib/python3.11/site-packages/airflow/example_dags/example_nested_branch_dag.py
[2024-07-13T01:16:20.950+0000] {logging_mixin.py:188} INFO - [2024-07-13T01:16:20.948+0000] {dag.py:3096} INFO - Sync 1 DAGs
[2024-07-13T01:16:21.003+0000] {logging_mixin.py:188} INFO - [2024-07-13T01:16:21.002+0000] {dag.py:3954} INFO - Setting next_dagrun for example_nested_branch_dag to 2024-07-12 00:00:00+00:00, run_after=2024-07-13 00:00:00+00:00
[2024-07-13T01:16:21.042+0000] {processor.py:183} INFO - Processing /home/airflow/.local/lib/python3.11/site-packages/airflow/example_dags/example_nested_branch_dag.py took 0.193 seconds
