[2024-07-13T00:28:04.372+0000] {processor.py:161} INFO - Started process (PID=73) to work on /home/airflow/.local/lib/python3.11/site-packages/airflow/example_dags/example_trigger_target_dag.py
[2024-07-13T00:28:04.374+0000] {processor.py:830} INFO - Processing file /home/airflow/.local/lib/python3.11/site-packages/airflow/example_dags/example_trigger_target_dag.py for tasks to queue
[2024-07-13T00:28:04.375+0000] {logging_mixin.py:188} INFO - [2024-07-13T00:28:04.375+0000] {dagbag.py:545} INFO - Filling up the DagBag from /home/airflow/.local/lib/python3.11/site-packages/airflow/example_dags/example_trigger_target_dag.py
[2024-07-13T00:28:04.392+0000] {processor.py:840} INFO - DAG(s) 'example_trigger_target_dag' retrieved from /home/airflow/.local/lib/python3.11/site-packages/airflow/example_dags/example_trigger_target_dag.py
[2024-07-13T00:28:04.614+0000] {logging_mixin.py:188} INFO - [2024-07-13T00:28:04.613+0000] {dag.py:3096} INFO - Sync 1 DAGs
[2024-07-13T00:28:04.640+0000] {logging_mixin.py:188} INFO - [2024-07-13T00:28:04.640+0000] {dag.py:3954} INFO - Setting next_dagrun for example_trigger_target_dag to None, run_after=None
[2024-07-13T00:28:04.675+0000] {processor.py:183} INFO - Processing /home/airflow/.local/lib/python3.11/site-packages/airflow/example_dags/example_trigger_target_dag.py took 0.317 seconds
[2024-07-13T00:28:34.913+0000] {processor.py:161} INFO - Started process (PID=135) to work on /home/airflow/.local/lib/python3.11/site-packages/airflow/example_dags/example_trigger_target_dag.py
[2024-07-13T00:28:34.914+0000] {processor.py:830} INFO - Processing file /home/airflow/.local/lib/python3.11/site-packages/airflow/example_dags/example_trigger_target_dag.py for tasks to queue
[2024-07-13T00:28:34.915+0000] {logging_mixin.py:188} INFO - [2024-07-13T00:28:34.915+0000] {dagbag.py:545} INFO - Filling up the DagBag from /home/airflow/.local/lib/python3.11/site-packages/airflow/example_dags/example_trigger_target_dag.py
[2024-07-13T00:28:34.928+0000] {processor.py:840} INFO - DAG(s) 'example_trigger_target_dag' retrieved from /home/airflow/.local/lib/python3.11/site-packages/airflow/example_dags/example_trigger_target_dag.py
[2024-07-13T00:28:34.969+0000] {logging_mixin.py:188} INFO - [2024-07-13T00:28:34.968+0000] {dag.py:3096} INFO - Sync 1 DAGs
[2024-07-13T00:28:34.993+0000] {logging_mixin.py:188} INFO - [2024-07-13T00:28:34.993+0000] {dag.py:3954} INFO - Setting next_dagrun for example_trigger_target_dag to None, run_after=None
[2024-07-13T00:28:35.025+0000] {processor.py:183} INFO - Processing /home/airflow/.local/lib/python3.11/site-packages/airflow/example_dags/example_trigger_target_dag.py took 0.124 seconds
[2024-07-13T00:29:07.744+0000] {processor.py:161} INFO - Started process (PID=197) to work on /home/airflow/.local/lib/python3.11/site-packages/airflow/example_dags/example_trigger_target_dag.py
[2024-07-13T00:29:07.747+0000] {processor.py:830} INFO - Processing file /home/airflow/.local/lib/python3.11/site-packages/airflow/example_dags/example_trigger_target_dag.py for tasks to queue
[2024-07-13T00:29:07.748+0000] {logging_mixin.py:188} INFO - [2024-07-13T00:29:07.748+0000] {dagbag.py:545} INFO - Filling up the DagBag from /home/airflow/.local/lib/python3.11/site-packages/airflow/example_dags/example_trigger_target_dag.py
[2024-07-13T00:29:07.764+0000] {processor.py:840} INFO - DAG(s) 'example_trigger_target_dag' retrieved from /home/airflow/.local/lib/python3.11/site-packages/airflow/example_dags/example_trigger_target_dag.py
[2024-07-13T00:29:07.802+0000] {logging_mixin.py:188} INFO - [2024-07-13T00:29:07.802+0000] {dag.py:3096} INFO - Sync 1 DAGs
[2024-07-13T00:29:07.823+0000] {logging_mixin.py:188} INFO - [2024-07-13T00:29:07.823+0000] {dag.py:3954} INFO - Setting next_dagrun for example_trigger_target_dag to None, run_after=None
[2024-07-13T00:29:07.853+0000] {processor.py:183} INFO - Processing /home/airflow/.local/lib/python3.11/site-packages/airflow/example_dags/example_trigger_target_dag.py took 0.122 seconds
[2024-07-13T00:29:41.329+0000] {processor.py:161} INFO - Started process (PID=265) to work on /home/airflow/.local/lib/python3.11/site-packages/airflow/example_dags/example_trigger_target_dag.py
[2024-07-13T00:29:41.331+0000] {processor.py:830} INFO - Processing file /home/airflow/.local/lib/python3.11/site-packages/airflow/example_dags/example_trigger_target_dag.py for tasks to queue
[2024-07-13T00:29:41.333+0000] {logging_mixin.py:188} INFO - [2024-07-13T00:29:41.332+0000] {dagbag.py:545} INFO - Filling up the DagBag from /home/airflow/.local/lib/python3.11/site-packages/airflow/example_dags/example_trigger_target_dag.py
[2024-07-13T00:29:41.347+0000] {processor.py:840} INFO - DAG(s) 'example_trigger_target_dag' retrieved from /home/airflow/.local/lib/python3.11/site-packages/airflow/example_dags/example_trigger_target_dag.py
[2024-07-13T00:29:41.387+0000] {logging_mixin.py:188} INFO - [2024-07-13T00:29:41.386+0000] {dag.py:3096} INFO - Sync 1 DAGs
[2024-07-13T00:29:41.407+0000] {logging_mixin.py:188} INFO - [2024-07-13T00:29:41.407+0000] {dag.py:3954} INFO - Setting next_dagrun for example_trigger_target_dag to None, run_after=None
[2024-07-13T00:29:41.437+0000] {processor.py:183} INFO - Processing /home/airflow/.local/lib/python3.11/site-packages/airflow/example_dags/example_trigger_target_dag.py took 0.119 seconds
[2024-07-13T00:30:14.064+0000] {processor.py:161} INFO - Started process (PID=328) to work on /home/airflow/.local/lib/python3.11/site-packages/airflow/example_dags/example_trigger_target_dag.py
[2024-07-13T00:30:14.065+0000] {processor.py:830} INFO - Processing file /home/airflow/.local/lib/python3.11/site-packages/airflow/example_dags/example_trigger_target_dag.py for tasks to queue
[2024-07-13T00:30:14.066+0000] {logging_mixin.py:188} INFO - [2024-07-13T00:30:14.066+0000] {dagbag.py:545} INFO - Filling up the DagBag from /home/airflow/.local/lib/python3.11/site-packages/airflow/example_dags/example_trigger_target_dag.py
[2024-07-13T00:30:14.078+0000] {processor.py:840} INFO - DAG(s) 'example_trigger_target_dag' retrieved from /home/airflow/.local/lib/python3.11/site-packages/airflow/example_dags/example_trigger_target_dag.py
[2024-07-13T00:30:14.112+0000] {logging_mixin.py:188} INFO - [2024-07-13T00:30:14.112+0000] {dag.py:3096} INFO - Sync 1 DAGs
[2024-07-13T00:30:14.132+0000] {logging_mixin.py:188} INFO - [2024-07-13T00:30:14.132+0000] {dag.py:3954} INFO - Setting next_dagrun for example_trigger_target_dag to None, run_after=None
[2024-07-13T00:30:14.164+0000] {processor.py:183} INFO - Processing /home/airflow/.local/lib/python3.11/site-packages/airflow/example_dags/example_trigger_target_dag.py took 0.112 seconds
[2024-07-13T00:30:46.677+0000] {processor.py:161} INFO - Started process (PID=390) to work on /home/airflow/.local/lib/python3.11/site-packages/airflow/example_dags/example_trigger_target_dag.py
[2024-07-13T00:30:46.679+0000] {processor.py:830} INFO - Processing file /home/airflow/.local/lib/python3.11/site-packages/airflow/example_dags/example_trigger_target_dag.py for tasks to queue
[2024-07-13T00:30:46.681+0000] {logging_mixin.py:188} INFO - [2024-07-13T00:30:46.680+0000] {dagbag.py:545} INFO - Filling up the DagBag from /home/airflow/.local/lib/python3.11/site-packages/airflow/example_dags/example_trigger_target_dag.py
[2024-07-13T00:30:46.694+0000] {processor.py:840} INFO - DAG(s) 'example_trigger_target_dag' retrieved from /home/airflow/.local/lib/python3.11/site-packages/airflow/example_dags/example_trigger_target_dag.py
[2024-07-13T00:30:46.732+0000] {logging_mixin.py:188} INFO - [2024-07-13T00:30:46.732+0000] {dag.py:3096} INFO - Sync 1 DAGs
[2024-07-13T00:30:46.754+0000] {logging_mixin.py:188} INFO - [2024-07-13T00:30:46.754+0000] {dag.py:3954} INFO - Setting next_dagrun for example_trigger_target_dag to None, run_after=None
[2024-07-13T00:30:46.784+0000] {processor.py:183} INFO - Processing /home/airflow/.local/lib/python3.11/site-packages/airflow/example_dags/example_trigger_target_dag.py took 0.122 seconds
[2024-07-13T00:31:20.243+0000] {processor.py:161} INFO - Started process (PID=452) to work on /home/airflow/.local/lib/python3.11/site-packages/airflow/example_dags/example_trigger_target_dag.py
[2024-07-13T00:31:20.244+0000] {processor.py:830} INFO - Processing file /home/airflow/.local/lib/python3.11/site-packages/airflow/example_dags/example_trigger_target_dag.py for tasks to queue
[2024-07-13T00:31:20.246+0000] {logging_mixin.py:188} INFO - [2024-07-13T00:31:20.245+0000] {dagbag.py:545} INFO - Filling up the DagBag from /home/airflow/.local/lib/python3.11/site-packages/airflow/example_dags/example_trigger_target_dag.py
[2024-07-13T00:31:20.259+0000] {processor.py:840} INFO - DAG(s) 'example_trigger_target_dag' retrieved from /home/airflow/.local/lib/python3.11/site-packages/airflow/example_dags/example_trigger_target_dag.py
[2024-07-13T00:31:20.296+0000] {logging_mixin.py:188} INFO - [2024-07-13T00:31:20.295+0000] {dag.py:3096} INFO - Sync 1 DAGs
[2024-07-13T00:31:20.321+0000] {logging_mixin.py:188} INFO - [2024-07-13T00:31:20.321+0000] {dag.py:3954} INFO - Setting next_dagrun for example_trigger_target_dag to None, run_after=None
[2024-07-13T00:31:20.351+0000] {processor.py:183} INFO - Processing /home/airflow/.local/lib/python3.11/site-packages/airflow/example_dags/example_trigger_target_dag.py took 0.120 seconds
[2024-07-13T00:31:54.530+0000] {processor.py:161} INFO - Started process (PID=514) to work on /home/airflow/.local/lib/python3.11/site-packages/airflow/example_dags/example_trigger_target_dag.py
[2024-07-13T00:31:54.533+0000] {processor.py:830} INFO - Processing file /home/airflow/.local/lib/python3.11/site-packages/airflow/example_dags/example_trigger_target_dag.py for tasks to queue
[2024-07-13T00:31:54.534+0000] {logging_mixin.py:188} INFO - [2024-07-13T00:31:54.534+0000] {dagbag.py:545} INFO - Filling up the DagBag from /home/airflow/.local/lib/python3.11/site-packages/airflow/example_dags/example_trigger_target_dag.py
[2024-07-13T00:31:54.549+0000] {processor.py:840} INFO - DAG(s) 'example_trigger_target_dag' retrieved from /home/airflow/.local/lib/python3.11/site-packages/airflow/example_dags/example_trigger_target_dag.py
[2024-07-13T00:31:54.585+0000] {logging_mixin.py:188} INFO - [2024-07-13T00:31:54.585+0000] {dag.py:3096} INFO - Sync 1 DAGs
[2024-07-13T00:31:54.607+0000] {logging_mixin.py:188} INFO - [2024-07-13T00:31:54.606+0000] {dag.py:3954} INFO - Setting next_dagrun for example_trigger_target_dag to None, run_after=None
[2024-07-13T00:31:54.634+0000] {processor.py:183} INFO - Processing /home/airflow/.local/lib/python3.11/site-packages/airflow/example_dags/example_trigger_target_dag.py took 0.118 seconds
[2024-07-13T00:32:28.919+0000] {processor.py:161} INFO - Started process (PID=576) to work on /home/airflow/.local/lib/python3.11/site-packages/airflow/example_dags/example_trigger_target_dag.py
[2024-07-13T00:32:28.922+0000] {processor.py:830} INFO - Processing file /home/airflow/.local/lib/python3.11/site-packages/airflow/example_dags/example_trigger_target_dag.py for tasks to queue
[2024-07-13T00:32:28.923+0000] {logging_mixin.py:188} INFO - [2024-07-13T00:32:28.923+0000] {dagbag.py:545} INFO - Filling up the DagBag from /home/airflow/.local/lib/python3.11/site-packages/airflow/example_dags/example_trigger_target_dag.py
[2024-07-13T00:32:28.937+0000] {processor.py:840} INFO - DAG(s) 'example_trigger_target_dag' retrieved from /home/airflow/.local/lib/python3.11/site-packages/airflow/example_dags/example_trigger_target_dag.py
[2024-07-13T00:32:28.979+0000] {logging_mixin.py:188} INFO - [2024-07-13T00:32:28.978+0000] {dag.py:3096} INFO - Sync 1 DAGs
[2024-07-13T00:32:29.003+0000] {logging_mixin.py:188} INFO - [2024-07-13T00:32:29.003+0000] {dag.py:3954} INFO - Setting next_dagrun for example_trigger_target_dag to None, run_after=None
[2024-07-13T00:32:29.035+0000] {processor.py:183} INFO - Processing /home/airflow/.local/lib/python3.11/site-packages/airflow/example_dags/example_trigger_target_dag.py took 0.130 seconds
[2024-07-13T00:33:03.427+0000] {processor.py:161} INFO - Started process (PID=638) to work on /home/airflow/.local/lib/python3.11/site-packages/airflow/example_dags/example_trigger_target_dag.py
[2024-07-13T00:33:03.429+0000] {processor.py:830} INFO - Processing file /home/airflow/.local/lib/python3.11/site-packages/airflow/example_dags/example_trigger_target_dag.py for tasks to queue
[2024-07-13T00:33:03.430+0000] {logging_mixin.py:188} INFO - [2024-07-13T00:33:03.430+0000] {dagbag.py:545} INFO - Filling up the DagBag from /home/airflow/.local/lib/python3.11/site-packages/airflow/example_dags/example_trigger_target_dag.py
[2024-07-13T00:33:03.444+0000] {processor.py:840} INFO - DAG(s) 'example_trigger_target_dag' retrieved from /home/airflow/.local/lib/python3.11/site-packages/airflow/example_dags/example_trigger_target_dag.py
[2024-07-13T00:33:03.483+0000] {logging_mixin.py:188} INFO - [2024-07-13T00:33:03.482+0000] {dag.py:3096} INFO - Sync 1 DAGs
[2024-07-13T00:33:03.502+0000] {logging_mixin.py:188} INFO - [2024-07-13T00:33:03.502+0000] {dag.py:3954} INFO - Setting next_dagrun for example_trigger_target_dag to None, run_after=None
[2024-07-13T00:33:03.531+0000] {processor.py:183} INFO - Processing /home/airflow/.local/lib/python3.11/site-packages/airflow/example_dags/example_trigger_target_dag.py took 0.119 seconds
[2024-07-13T00:33:35.976+0000] {processor.py:161} INFO - Started process (PID=700) to work on /home/airflow/.local/lib/python3.11/site-packages/airflow/example_dags/example_trigger_target_dag.py
[2024-07-13T00:33:35.979+0000] {processor.py:830} INFO - Processing file /home/airflow/.local/lib/python3.11/site-packages/airflow/example_dags/example_trigger_target_dag.py for tasks to queue
[2024-07-13T00:33:35.980+0000] {logging_mixin.py:188} INFO - [2024-07-13T00:33:35.980+0000] {dagbag.py:545} INFO - Filling up the DagBag from /home/airflow/.local/lib/python3.11/site-packages/airflow/example_dags/example_trigger_target_dag.py
[2024-07-13T00:33:35.995+0000] {processor.py:840} INFO - DAG(s) 'example_trigger_target_dag' retrieved from /home/airflow/.local/lib/python3.11/site-packages/airflow/example_dags/example_trigger_target_dag.py
[2024-07-13T00:33:36.036+0000] {logging_mixin.py:188} INFO - [2024-07-13T00:33:36.036+0000] {dag.py:3096} INFO - Sync 1 DAGs
[2024-07-13T00:33:36.068+0000] {logging_mixin.py:188} INFO - [2024-07-13T00:33:36.068+0000] {dag.py:3954} INFO - Setting next_dagrun for example_trigger_target_dag to None, run_after=None
[2024-07-13T00:33:36.100+0000] {processor.py:183} INFO - Processing /home/airflow/.local/lib/python3.11/site-packages/airflow/example_dags/example_trigger_target_dag.py took 0.149 seconds
[2024-07-13T00:35:52.444+0000] {processor.py:161} INFO - Started process (PID=74) to work on /home/airflow/.local/lib/python3.11/site-packages/airflow/example_dags/example_trigger_target_dag.py
[2024-07-13T00:35:52.446+0000] {processor.py:830} INFO - Processing file /home/airflow/.local/lib/python3.11/site-packages/airflow/example_dags/example_trigger_target_dag.py for tasks to queue
[2024-07-13T00:35:52.449+0000] {logging_mixin.py:188} INFO - [2024-07-13T00:35:52.449+0000] {dagbag.py:545} INFO - Filling up the DagBag from /home/airflow/.local/lib/python3.11/site-packages/airflow/example_dags/example_trigger_target_dag.py
[2024-07-13T00:35:52.462+0000] {processor.py:840} INFO - DAG(s) 'example_trigger_target_dag' retrieved from /home/airflow/.local/lib/python3.11/site-packages/airflow/example_dags/example_trigger_target_dag.py
[2024-07-13T00:35:52.636+0000] {logging_mixin.py:188} INFO - [2024-07-13T00:35:52.636+0000] {dag.py:3096} INFO - Sync 1 DAGs
[2024-07-13T00:35:52.651+0000] {logging_mixin.py:188} INFO - [2024-07-13T00:35:52.650+0000] {dag.py:3954} INFO - Setting next_dagrun for example_trigger_target_dag to None, run_after=None
[2024-07-13T00:35:52.677+0000] {processor.py:183} INFO - Processing /home/airflow/.local/lib/python3.11/site-packages/airflow/example_dags/example_trigger_target_dag.py took 0.245 seconds
[2024-07-13T00:36:22.784+0000] {processor.py:161} INFO - Started process (PID=136) to work on /home/airflow/.local/lib/python3.11/site-packages/airflow/example_dags/example_trigger_target_dag.py
[2024-07-13T00:36:22.785+0000] {processor.py:830} INFO - Processing file /home/airflow/.local/lib/python3.11/site-packages/airflow/example_dags/example_trigger_target_dag.py for tasks to queue
[2024-07-13T00:36:22.788+0000] {logging_mixin.py:188} INFO - [2024-07-13T00:36:22.788+0000] {dagbag.py:545} INFO - Filling up the DagBag from /home/airflow/.local/lib/python3.11/site-packages/airflow/example_dags/example_trigger_target_dag.py
[2024-07-13T00:36:22.800+0000] {processor.py:840} INFO - DAG(s) 'example_trigger_target_dag' retrieved from /home/airflow/.local/lib/python3.11/site-packages/airflow/example_dags/example_trigger_target_dag.py
[2024-07-13T00:36:22.836+0000] {logging_mixin.py:188} INFO - [2024-07-13T00:36:22.835+0000] {dag.py:3096} INFO - Sync 1 DAGs
[2024-07-13T00:36:22.857+0000] {logging_mixin.py:188} INFO - [2024-07-13T00:36:22.857+0000] {dag.py:3954} INFO - Setting next_dagrun for example_trigger_target_dag to None, run_after=None
[2024-07-13T00:36:22.889+0000] {processor.py:183} INFO - Processing /home/airflow/.local/lib/python3.11/site-packages/airflow/example_dags/example_trigger_target_dag.py took 0.119 seconds
[2024-07-13T00:38:23.679+0000] {processor.py:161} INFO - Started process (PID=72) to work on /home/airflow/.local/lib/python3.11/site-packages/airflow/example_dags/example_trigger_target_dag.py
[2024-07-13T00:38:23.681+0000] {processor.py:830} INFO - Processing file /home/airflow/.local/lib/python3.11/site-packages/airflow/example_dags/example_trigger_target_dag.py for tasks to queue
[2024-07-13T00:38:23.684+0000] {logging_mixin.py:188} INFO - [2024-07-13T00:38:23.684+0000] {dagbag.py:545} INFO - Filling up the DagBag from /home/airflow/.local/lib/python3.11/site-packages/airflow/example_dags/example_trigger_target_dag.py
[2024-07-13T00:38:23.697+0000] {processor.py:840} INFO - DAG(s) 'example_trigger_target_dag' retrieved from /home/airflow/.local/lib/python3.11/site-packages/airflow/example_dags/example_trigger_target_dag.py
[2024-07-13T00:38:23.873+0000] {logging_mixin.py:188} INFO - [2024-07-13T00:38:23.872+0000] {dag.py:3096} INFO - Sync 1 DAGs
[2024-07-13T00:38:23.895+0000] {logging_mixin.py:188} INFO - [2024-07-13T00:38:23.895+0000] {dag.py:3954} INFO - Setting next_dagrun for example_trigger_target_dag to None, run_after=None
[2024-07-13T00:38:23.927+0000] {processor.py:183} INFO - Processing /home/airflow/.local/lib/python3.11/site-packages/airflow/example_dags/example_trigger_target_dag.py took 0.261 seconds
[2024-07-13T00:38:54.043+0000] {processor.py:161} INFO - Started process (PID=134) to work on /home/airflow/.local/lib/python3.11/site-packages/airflow/example_dags/example_trigger_target_dag.py
[2024-07-13T00:38:54.045+0000] {processor.py:830} INFO - Processing file /home/airflow/.local/lib/python3.11/site-packages/airflow/example_dags/example_trigger_target_dag.py for tasks to queue
[2024-07-13T00:38:54.048+0000] {logging_mixin.py:188} INFO - [2024-07-13T00:38:54.048+0000] {dagbag.py:545} INFO - Filling up the DagBag from /home/airflow/.local/lib/python3.11/site-packages/airflow/example_dags/example_trigger_target_dag.py
[2024-07-13T00:38:54.060+0000] {processor.py:840} INFO - DAG(s) 'example_trigger_target_dag' retrieved from /home/airflow/.local/lib/python3.11/site-packages/airflow/example_dags/example_trigger_target_dag.py
[2024-07-13T00:38:54.094+0000] {logging_mixin.py:188} INFO - [2024-07-13T00:38:54.094+0000] {dag.py:3096} INFO - Sync 1 DAGs
[2024-07-13T00:38:54.114+0000] {logging_mixin.py:188} INFO - [2024-07-13T00:38:54.114+0000] {dag.py:3954} INFO - Setting next_dagrun for example_trigger_target_dag to None, run_after=None
[2024-07-13T00:38:54.143+0000] {processor.py:183} INFO - Processing /home/airflow/.local/lib/python3.11/site-packages/airflow/example_dags/example_trigger_target_dag.py took 0.111 seconds
[2024-07-13T00:39:25.839+0000] {processor.py:161} INFO - Started process (PID=196) to work on /home/airflow/.local/lib/python3.11/site-packages/airflow/example_dags/example_trigger_target_dag.py
[2024-07-13T00:39:25.841+0000] {processor.py:830} INFO - Processing file /home/airflow/.local/lib/python3.11/site-packages/airflow/example_dags/example_trigger_target_dag.py for tasks to queue
[2024-07-13T00:39:25.844+0000] {logging_mixin.py:188} INFO - [2024-07-13T00:39:25.844+0000] {dagbag.py:545} INFO - Filling up the DagBag from /home/airflow/.local/lib/python3.11/site-packages/airflow/example_dags/example_trigger_target_dag.py
[2024-07-13T00:39:25.856+0000] {processor.py:840} INFO - DAG(s) 'example_trigger_target_dag' retrieved from /home/airflow/.local/lib/python3.11/site-packages/airflow/example_dags/example_trigger_target_dag.py
[2024-07-13T00:39:25.893+0000] {logging_mixin.py:188} INFO - [2024-07-13T00:39:25.893+0000] {dag.py:3096} INFO - Sync 1 DAGs
[2024-07-13T00:39:25.919+0000] {logging_mixin.py:188} INFO - [2024-07-13T00:39:25.918+0000] {dag.py:3954} INFO - Setting next_dagrun for example_trigger_target_dag to None, run_after=None
[2024-07-13T00:39:25.949+0000] {processor.py:183} INFO - Processing /home/airflow/.local/lib/python3.11/site-packages/airflow/example_dags/example_trigger_target_dag.py took 0.123 seconds
[2024-07-13T00:39:59.140+0000] {processor.py:161} INFO - Started process (PID=258) to work on /home/airflow/.local/lib/python3.11/site-packages/airflow/example_dags/example_trigger_target_dag.py
[2024-07-13T00:39:59.143+0000] {processor.py:830} INFO - Processing file /home/airflow/.local/lib/python3.11/site-packages/airflow/example_dags/example_trigger_target_dag.py for tasks to queue
[2024-07-13T00:39:59.146+0000] {logging_mixin.py:188} INFO - [2024-07-13T00:39:59.146+0000] {dagbag.py:545} INFO - Filling up the DagBag from /home/airflow/.local/lib/python3.11/site-packages/airflow/example_dags/example_trigger_target_dag.py
[2024-07-13T00:39:59.158+0000] {processor.py:840} INFO - DAG(s) 'example_trigger_target_dag' retrieved from /home/airflow/.local/lib/python3.11/site-packages/airflow/example_dags/example_trigger_target_dag.py
[2024-07-13T00:39:59.197+0000] {logging_mixin.py:188} INFO - [2024-07-13T00:39:59.197+0000] {dag.py:3096} INFO - Sync 1 DAGs
[2024-07-13T00:39:59.221+0000] {logging_mixin.py:188} INFO - [2024-07-13T00:39:59.221+0000] {dag.py:3954} INFO - Setting next_dagrun for example_trigger_target_dag to None, run_after=None
[2024-07-13T00:39:59.248+0000] {processor.py:183} INFO - Processing /home/airflow/.local/lib/python3.11/site-packages/airflow/example_dags/example_trigger_target_dag.py took 0.121 seconds
[2024-07-13T00:40:31.777+0000] {processor.py:161} INFO - Started process (PID=325) to work on /home/airflow/.local/lib/python3.11/site-packages/airflow/example_dags/example_trigger_target_dag.py
[2024-07-13T00:40:31.778+0000] {processor.py:830} INFO - Processing file /home/airflow/.local/lib/python3.11/site-packages/airflow/example_dags/example_trigger_target_dag.py for tasks to queue
[2024-07-13T00:40:31.781+0000] {logging_mixin.py:188} INFO - [2024-07-13T00:40:31.781+0000] {dagbag.py:545} INFO - Filling up the DagBag from /home/airflow/.local/lib/python3.11/site-packages/airflow/example_dags/example_trigger_target_dag.py
[2024-07-13T00:40:31.793+0000] {processor.py:840} INFO - DAG(s) 'example_trigger_target_dag' retrieved from /home/airflow/.local/lib/python3.11/site-packages/airflow/example_dags/example_trigger_target_dag.py
[2024-07-13T00:40:31.828+0000] {logging_mixin.py:188} INFO - [2024-07-13T00:40:31.828+0000] {dag.py:3096} INFO - Sync 1 DAGs
[2024-07-13T00:40:31.856+0000] {logging_mixin.py:188} INFO - [2024-07-13T00:40:31.856+0000] {dag.py:3954} INFO - Setting next_dagrun for example_trigger_target_dag to None, run_after=None
[2024-07-13T00:40:31.886+0000] {processor.py:183} INFO - Processing /home/airflow/.local/lib/python3.11/site-packages/airflow/example_dags/example_trigger_target_dag.py took 0.119 seconds
[2024-07-13T00:41:14.312+0000] {processor.py:161} INFO - Started process (PID=386) to work on /home/airflow/.local/lib/python3.11/site-packages/airflow/example_dags/example_trigger_target_dag.py
[2024-07-13T00:41:14.316+0000] {processor.py:830} INFO - Processing file /home/airflow/.local/lib/python3.11/site-packages/airflow/example_dags/example_trigger_target_dag.py for tasks to queue
[2024-07-13T00:41:14.325+0000] {logging_mixin.py:188} INFO - [2024-07-13T00:41:14.323+0000] {dagbag.py:545} INFO - Filling up the DagBag from /home/airflow/.local/lib/python3.11/site-packages/airflow/example_dags/example_trigger_target_dag.py
[2024-07-13T00:41:14.358+0000] {processor.py:840} INFO - DAG(s) 'example_trigger_target_dag' retrieved from /home/airflow/.local/lib/python3.11/site-packages/airflow/example_dags/example_trigger_target_dag.py
[2024-07-13T00:41:14.441+0000] {logging_mixin.py:188} INFO - [2024-07-13T00:41:14.439+0000] {dag.py:3096} INFO - Sync 1 DAGs
[2024-07-13T00:41:14.494+0000] {logging_mixin.py:188} INFO - [2024-07-13T00:41:14.494+0000] {dag.py:3954} INFO - Setting next_dagrun for example_trigger_target_dag to None, run_after=None
[2024-07-13T00:41:14.565+0000] {processor.py:183} INFO - Processing /home/airflow/.local/lib/python3.11/site-packages/airflow/example_dags/example_trigger_target_dag.py took 0.285 seconds
[2024-07-13T00:41:44.792+0000] {processor.py:161} INFO - Started process (PID=447) to work on /home/airflow/.local/lib/python3.11/site-packages/airflow/example_dags/example_trigger_target_dag.py
[2024-07-13T00:41:44.793+0000] {processor.py:830} INFO - Processing file /home/airflow/.local/lib/python3.11/site-packages/airflow/example_dags/example_trigger_target_dag.py for tasks to queue
[2024-07-13T00:41:44.797+0000] {logging_mixin.py:188} INFO - [2024-07-13T00:41:44.797+0000] {dagbag.py:545} INFO - Filling up the DagBag from /home/airflow/.local/lib/python3.11/site-packages/airflow/example_dags/example_trigger_target_dag.py
[2024-07-13T00:41:44.812+0000] {processor.py:840} INFO - DAG(s) 'example_trigger_target_dag' retrieved from /home/airflow/.local/lib/python3.11/site-packages/airflow/example_dags/example_trigger_target_dag.py
[2024-07-13T00:41:44.852+0000] {logging_mixin.py:188} INFO - [2024-07-13T00:41:44.852+0000] {dag.py:3096} INFO - Sync 1 DAGs
[2024-07-13T00:41:44.876+0000] {logging_mixin.py:188} INFO - [2024-07-13T00:41:44.876+0000] {dag.py:3954} INFO - Setting next_dagrun for example_trigger_target_dag to None, run_after=None
[2024-07-13T00:41:44.912+0000] {processor.py:183} INFO - Processing /home/airflow/.local/lib/python3.11/site-packages/airflow/example_dags/example_trigger_target_dag.py took 0.134 seconds
[2024-07-13T00:44:06.912+0000] {processor.py:161} INFO - Started process (PID=73) to work on /home/airflow/.local/lib/python3.11/site-packages/airflow/example_dags/example_trigger_target_dag.py
[2024-07-13T00:44:06.914+0000] {processor.py:830} INFO - Processing file /home/airflow/.local/lib/python3.11/site-packages/airflow/example_dags/example_trigger_target_dag.py for tasks to queue
[2024-07-13T00:44:06.917+0000] {logging_mixin.py:188} INFO - [2024-07-13T00:44:06.917+0000] {dagbag.py:545} INFO - Filling up the DagBag from /home/airflow/.local/lib/python3.11/site-packages/airflow/example_dags/example_trigger_target_dag.py
[2024-07-13T00:44:06.930+0000] {processor.py:840} INFO - DAG(s) 'example_trigger_target_dag' retrieved from /home/airflow/.local/lib/python3.11/site-packages/airflow/example_dags/example_trigger_target_dag.py
[2024-07-13T00:44:07.107+0000] {logging_mixin.py:188} INFO - [2024-07-13T00:44:07.106+0000] {dag.py:3096} INFO - Sync 1 DAGs
[2024-07-13T00:44:07.125+0000] {logging_mixin.py:188} INFO - [2024-07-13T00:44:07.125+0000] {dag.py:3954} INFO - Setting next_dagrun for example_trigger_target_dag to None, run_after=None
[2024-07-13T00:44:07.152+0000] {processor.py:183} INFO - Processing /home/airflow/.local/lib/python3.11/site-packages/airflow/example_dags/example_trigger_target_dag.py took 0.252 seconds
[2024-07-13T00:44:37.317+0000] {processor.py:161} INFO - Started process (PID=135) to work on /home/airflow/.local/lib/python3.11/site-packages/airflow/example_dags/example_trigger_target_dag.py
[2024-07-13T00:44:37.318+0000] {processor.py:830} INFO - Processing file /home/airflow/.local/lib/python3.11/site-packages/airflow/example_dags/example_trigger_target_dag.py for tasks to queue
[2024-07-13T00:44:37.322+0000] {logging_mixin.py:188} INFO - [2024-07-13T00:44:37.321+0000] {dagbag.py:545} INFO - Filling up the DagBag from /home/airflow/.local/lib/python3.11/site-packages/airflow/example_dags/example_trigger_target_dag.py
[2024-07-13T00:44:37.333+0000] {processor.py:840} INFO - DAG(s) 'example_trigger_target_dag' retrieved from /home/airflow/.local/lib/python3.11/site-packages/airflow/example_dags/example_trigger_target_dag.py
[2024-07-13T00:44:37.368+0000] {logging_mixin.py:188} INFO - [2024-07-13T00:44:37.367+0000] {dag.py:3096} INFO - Sync 1 DAGs
[2024-07-13T00:44:37.388+0000] {logging_mixin.py:188} INFO - [2024-07-13T00:44:37.387+0000] {dag.py:3954} INFO - Setting next_dagrun for example_trigger_target_dag to None, run_after=None
[2024-07-13T00:44:37.417+0000] {processor.py:183} INFO - Processing /home/airflow/.local/lib/python3.11/site-packages/airflow/example_dags/example_trigger_target_dag.py took 0.111 seconds
[2024-07-13T00:45:08.418+0000] {processor.py:161} INFO - Started process (PID=196) to work on /home/airflow/.local/lib/python3.11/site-packages/airflow/example_dags/example_trigger_target_dag.py
[2024-07-13T00:45:08.420+0000] {processor.py:830} INFO - Processing file /home/airflow/.local/lib/python3.11/site-packages/airflow/example_dags/example_trigger_target_dag.py for tasks to queue
[2024-07-13T00:45:08.424+0000] {logging_mixin.py:188} INFO - [2024-07-13T00:45:08.423+0000] {dagbag.py:545} INFO - Filling up the DagBag from /home/airflow/.local/lib/python3.11/site-packages/airflow/example_dags/example_trigger_target_dag.py
[2024-07-13T00:45:08.436+0000] {processor.py:840} INFO - DAG(s) 'example_trigger_target_dag' retrieved from /home/airflow/.local/lib/python3.11/site-packages/airflow/example_dags/example_trigger_target_dag.py
[2024-07-13T00:45:08.474+0000] {logging_mixin.py:188} INFO - [2024-07-13T00:45:08.473+0000] {dag.py:3096} INFO - Sync 1 DAGs
[2024-07-13T00:45:08.497+0000] {logging_mixin.py:188} INFO - [2024-07-13T00:45:08.497+0000] {dag.py:3954} INFO - Setting next_dagrun for example_trigger_target_dag to None, run_after=None
[2024-07-13T00:45:08.528+0000] {processor.py:183} INFO - Processing /home/airflow/.local/lib/python3.11/site-packages/airflow/example_dags/example_trigger_target_dag.py took 0.121 seconds
[2024-07-13T00:45:41.298+0000] {processor.py:161} INFO - Started process (PID=258) to work on /home/airflow/.local/lib/python3.11/site-packages/airflow/example_dags/example_trigger_target_dag.py
[2024-07-13T00:45:41.300+0000] {processor.py:830} INFO - Processing file /home/airflow/.local/lib/python3.11/site-packages/airflow/example_dags/example_trigger_target_dag.py for tasks to queue
[2024-07-13T00:45:41.303+0000] {logging_mixin.py:188} INFO - [2024-07-13T00:45:41.303+0000] {dagbag.py:545} INFO - Filling up the DagBag from /home/airflow/.local/lib/python3.11/site-packages/airflow/example_dags/example_trigger_target_dag.py
[2024-07-13T00:45:41.315+0000] {processor.py:840} INFO - DAG(s) 'example_trigger_target_dag' retrieved from /home/airflow/.local/lib/python3.11/site-packages/airflow/example_dags/example_trigger_target_dag.py
[2024-07-13T00:45:41.352+0000] {logging_mixin.py:188} INFO - [2024-07-13T00:45:41.352+0000] {dag.py:3096} INFO - Sync 1 DAGs
[2024-07-13T00:45:41.374+0000] {logging_mixin.py:188} INFO - [2024-07-13T00:45:41.373+0000] {dag.py:3954} INFO - Setting next_dagrun for example_trigger_target_dag to None, run_after=None
[2024-07-13T00:45:41.406+0000] {processor.py:183} INFO - Processing /home/airflow/.local/lib/python3.11/site-packages/airflow/example_dags/example_trigger_target_dag.py took 0.120 seconds
[2024-07-13T00:46:14.254+0000] {processor.py:161} INFO - Started process (PID=325) to work on /home/airflow/.local/lib/python3.11/site-packages/airflow/example_dags/example_trigger_target_dag.py
[2024-07-13T00:46:14.257+0000] {processor.py:830} INFO - Processing file /home/airflow/.local/lib/python3.11/site-packages/airflow/example_dags/example_trigger_target_dag.py for tasks to queue
[2024-07-13T00:46:14.260+0000] {logging_mixin.py:188} INFO - [2024-07-13T00:46:14.260+0000] {dagbag.py:545} INFO - Filling up the DagBag from /home/airflow/.local/lib/python3.11/site-packages/airflow/example_dags/example_trigger_target_dag.py
[2024-07-13T00:46:14.273+0000] {processor.py:840} INFO - DAG(s) 'example_trigger_target_dag' retrieved from /home/airflow/.local/lib/python3.11/site-packages/airflow/example_dags/example_trigger_target_dag.py
[2024-07-13T00:46:14.310+0000] {logging_mixin.py:188} INFO - [2024-07-13T00:46:14.310+0000] {dag.py:3096} INFO - Sync 1 DAGs
[2024-07-13T00:46:14.333+0000] {logging_mixin.py:188} INFO - [2024-07-13T00:46:14.333+0000] {dag.py:3954} INFO - Setting next_dagrun for example_trigger_target_dag to None, run_after=None
[2024-07-13T00:46:14.364+0000] {processor.py:183} INFO - Processing /home/airflow/.local/lib/python3.11/site-packages/airflow/example_dags/example_trigger_target_dag.py took 0.122 seconds
[2024-07-13T00:46:47.546+0000] {processor.py:161} INFO - Started process (PID=387) to work on /home/airflow/.local/lib/python3.11/site-packages/airflow/example_dags/example_trigger_target_dag.py
[2024-07-13T00:46:47.549+0000] {processor.py:830} INFO - Processing file /home/airflow/.local/lib/python3.11/site-packages/airflow/example_dags/example_trigger_target_dag.py for tasks to queue
[2024-07-13T00:46:47.552+0000] {logging_mixin.py:188} INFO - [2024-07-13T00:46:47.551+0000] {dagbag.py:545} INFO - Filling up the DagBag from /home/airflow/.local/lib/python3.11/site-packages/airflow/example_dags/example_trigger_target_dag.py
[2024-07-13T00:46:47.563+0000] {processor.py:840} INFO - DAG(s) 'example_trigger_target_dag' retrieved from /home/airflow/.local/lib/python3.11/site-packages/airflow/example_dags/example_trigger_target_dag.py
[2024-07-13T00:46:47.594+0000] {logging_mixin.py:188} INFO - [2024-07-13T00:46:47.594+0000] {dag.py:3096} INFO - Sync 1 DAGs
[2024-07-13T00:46:47.618+0000] {logging_mixin.py:188} INFO - [2024-07-13T00:46:47.617+0000] {dag.py:3954} INFO - Setting next_dagrun for example_trigger_target_dag to None, run_after=None
[2024-07-13T00:46:47.647+0000] {processor.py:183} INFO - Processing /home/airflow/.local/lib/python3.11/site-packages/airflow/example_dags/example_trigger_target_dag.py took 0.112 seconds
[2024-07-13T00:47:21.096+0000] {processor.py:161} INFO - Started process (PID=448) to work on /home/airflow/.local/lib/python3.11/site-packages/airflow/example_dags/example_trigger_target_dag.py
[2024-07-13T00:47:21.099+0000] {processor.py:830} INFO - Processing file /home/airflow/.local/lib/python3.11/site-packages/airflow/example_dags/example_trigger_target_dag.py for tasks to queue
[2024-07-13T00:47:21.103+0000] {logging_mixin.py:188} INFO - [2024-07-13T00:47:21.102+0000] {dagbag.py:545} INFO - Filling up the DagBag from /home/airflow/.local/lib/python3.11/site-packages/airflow/example_dags/example_trigger_target_dag.py
[2024-07-13T00:47:21.118+0000] {processor.py:840} INFO - DAG(s) 'example_trigger_target_dag' retrieved from /home/airflow/.local/lib/python3.11/site-packages/airflow/example_dags/example_trigger_target_dag.py
[2024-07-13T00:47:21.151+0000] {logging_mixin.py:188} INFO - [2024-07-13T00:47:21.151+0000] {dag.py:3096} INFO - Sync 1 DAGs
[2024-07-13T00:47:21.173+0000] {logging_mixin.py:188} INFO - [2024-07-13T00:47:21.173+0000] {dag.py:3954} INFO - Setting next_dagrun for example_trigger_target_dag to None, run_after=None
[2024-07-13T00:47:21.199+0000] {processor.py:183} INFO - Processing /home/airflow/.local/lib/python3.11/site-packages/airflow/example_dags/example_trigger_target_dag.py took 0.115 seconds
[2024-07-13T00:47:58.621+0000] {processor.py:161} INFO - Started process (PID=509) to work on /home/airflow/.local/lib/python3.11/site-packages/airflow/example_dags/example_trigger_target_dag.py
[2024-07-13T00:47:58.624+0000] {processor.py:830} INFO - Processing file /home/airflow/.local/lib/python3.11/site-packages/airflow/example_dags/example_trigger_target_dag.py for tasks to queue
[2024-07-13T00:47:58.628+0000] {logging_mixin.py:188} INFO - [2024-07-13T00:47:58.627+0000] {dagbag.py:545} INFO - Filling up the DagBag from /home/airflow/.local/lib/python3.11/site-packages/airflow/example_dags/example_trigger_target_dag.py
[2024-07-13T00:47:58.643+0000] {processor.py:840} INFO - DAG(s) 'example_trigger_target_dag' retrieved from /home/airflow/.local/lib/python3.11/site-packages/airflow/example_dags/example_trigger_target_dag.py
[2024-07-13T00:47:58.685+0000] {logging_mixin.py:188} INFO - [2024-07-13T00:47:58.684+0000] {dag.py:3096} INFO - Sync 1 DAGs
[2024-07-13T00:47:58.710+0000] {logging_mixin.py:188} INFO - [2024-07-13T00:47:58.710+0000] {dag.py:3954} INFO - Setting next_dagrun for example_trigger_target_dag to None, run_after=None
[2024-07-13T00:47:58.748+0000] {processor.py:183} INFO - Processing /home/airflow/.local/lib/python3.11/site-packages/airflow/example_dags/example_trigger_target_dag.py took 0.144 seconds
[2024-07-13T00:48:32.766+0000] {processor.py:161} INFO - Started process (PID=571) to work on /home/airflow/.local/lib/python3.11/site-packages/airflow/example_dags/example_trigger_target_dag.py
[2024-07-13T00:48:32.768+0000] {processor.py:830} INFO - Processing file /home/airflow/.local/lib/python3.11/site-packages/airflow/example_dags/example_trigger_target_dag.py for tasks to queue
[2024-07-13T00:48:32.771+0000] {logging_mixin.py:188} INFO - [2024-07-13T00:48:32.770+0000] {dagbag.py:545} INFO - Filling up the DagBag from /home/airflow/.local/lib/python3.11/site-packages/airflow/example_dags/example_trigger_target_dag.py
[2024-07-13T00:48:32.783+0000] {processor.py:840} INFO - DAG(s) 'example_trigger_target_dag' retrieved from /home/airflow/.local/lib/python3.11/site-packages/airflow/example_dags/example_trigger_target_dag.py
[2024-07-13T00:48:32.822+0000] {logging_mixin.py:188} INFO - [2024-07-13T00:48:32.822+0000] {dag.py:3096} INFO - Sync 1 DAGs
[2024-07-13T00:48:32.843+0000] {logging_mixin.py:188} INFO - [2024-07-13T00:48:32.843+0000] {dag.py:3954} INFO - Setting next_dagrun for example_trigger_target_dag to None, run_after=None
[2024-07-13T00:48:32.874+0000] {processor.py:183} INFO - Processing /home/airflow/.local/lib/python3.11/site-packages/airflow/example_dags/example_trigger_target_dag.py took 0.120 seconds
[2024-07-13T00:49:07.477+0000] {processor.py:161} INFO - Started process (PID=635) to work on /home/airflow/.local/lib/python3.11/site-packages/airflow/example_dags/example_trigger_target_dag.py
[2024-07-13T00:49:07.478+0000] {processor.py:830} INFO - Processing file /home/airflow/.local/lib/python3.11/site-packages/airflow/example_dags/example_trigger_target_dag.py for tasks to queue
[2024-07-13T00:49:07.482+0000] {logging_mixin.py:188} INFO - [2024-07-13T00:49:07.481+0000] {dagbag.py:545} INFO - Filling up the DagBag from /home/airflow/.local/lib/python3.11/site-packages/airflow/example_dags/example_trigger_target_dag.py
[2024-07-13T00:49:07.493+0000] {processor.py:840} INFO - DAG(s) 'example_trigger_target_dag' retrieved from /home/airflow/.local/lib/python3.11/site-packages/airflow/example_dags/example_trigger_target_dag.py
[2024-07-13T00:49:07.526+0000] {logging_mixin.py:188} INFO - [2024-07-13T00:49:07.526+0000] {dag.py:3096} INFO - Sync 1 DAGs
[2024-07-13T00:49:07.546+0000] {logging_mixin.py:188} INFO - [2024-07-13T00:49:07.546+0000] {dag.py:3954} INFO - Setting next_dagrun for example_trigger_target_dag to None, run_after=None
[2024-07-13T00:49:07.573+0000] {processor.py:183} INFO - Processing /home/airflow/.local/lib/python3.11/site-packages/airflow/example_dags/example_trigger_target_dag.py took 0.107 seconds
[2024-07-13T00:49:41.275+0000] {processor.py:161} INFO - Started process (PID=697) to work on /home/airflow/.local/lib/python3.11/site-packages/airflow/example_dags/example_trigger_target_dag.py
[2024-07-13T00:49:41.277+0000] {processor.py:830} INFO - Processing file /home/airflow/.local/lib/python3.11/site-packages/airflow/example_dags/example_trigger_target_dag.py for tasks to queue
[2024-07-13T00:49:41.280+0000] {logging_mixin.py:188} INFO - [2024-07-13T00:49:41.280+0000] {dagbag.py:545} INFO - Filling up the DagBag from /home/airflow/.local/lib/python3.11/site-packages/airflow/example_dags/example_trigger_target_dag.py
[2024-07-13T00:49:41.293+0000] {processor.py:840} INFO - DAG(s) 'example_trigger_target_dag' retrieved from /home/airflow/.local/lib/python3.11/site-packages/airflow/example_dags/example_trigger_target_dag.py
[2024-07-13T00:49:41.332+0000] {logging_mixin.py:188} INFO - [2024-07-13T00:49:41.331+0000] {dag.py:3096} INFO - Sync 1 DAGs
[2024-07-13T00:49:41.356+0000] {logging_mixin.py:188} INFO - [2024-07-13T00:49:41.356+0000] {dag.py:3954} INFO - Setting next_dagrun for example_trigger_target_dag to None, run_after=None
[2024-07-13T00:49:41.384+0000] {processor.py:183} INFO - Processing /home/airflow/.local/lib/python3.11/site-packages/airflow/example_dags/example_trigger_target_dag.py took 0.121 seconds
[2024-07-13T00:50:15.764+0000] {processor.py:161} INFO - Started process (PID=769) to work on /home/airflow/.local/lib/python3.11/site-packages/airflow/example_dags/example_trigger_target_dag.py
[2024-07-13T00:50:15.766+0000] {processor.py:830} INFO - Processing file /home/airflow/.local/lib/python3.11/site-packages/airflow/example_dags/example_trigger_target_dag.py for tasks to queue
[2024-07-13T00:50:15.771+0000] {logging_mixin.py:188} INFO - [2024-07-13T00:50:15.770+0000] {dagbag.py:545} INFO - Filling up the DagBag from /home/airflow/.local/lib/python3.11/site-packages/airflow/example_dags/example_trigger_target_dag.py
[2024-07-13T00:50:15.787+0000] {processor.py:840} INFO - DAG(s) 'example_trigger_target_dag' retrieved from /home/airflow/.local/lib/python3.11/site-packages/airflow/example_dags/example_trigger_target_dag.py
[2024-07-13T00:50:15.830+0000] {logging_mixin.py:188} INFO - [2024-07-13T00:50:15.829+0000] {dag.py:3096} INFO - Sync 1 DAGs
[2024-07-13T00:50:15.859+0000] {logging_mixin.py:188} INFO - [2024-07-13T00:50:15.859+0000] {dag.py:3954} INFO - Setting next_dagrun for example_trigger_target_dag to None, run_after=None
[2024-07-13T00:50:15.892+0000] {processor.py:183} INFO - Processing /home/airflow/.local/lib/python3.11/site-packages/airflow/example_dags/example_trigger_target_dag.py took 0.141 seconds
[2024-07-13T00:50:51.224+0000] {processor.py:161} INFO - Started process (PID=831) to work on /home/airflow/.local/lib/python3.11/site-packages/airflow/example_dags/example_trigger_target_dag.py
[2024-07-13T00:50:51.226+0000] {processor.py:830} INFO - Processing file /home/airflow/.local/lib/python3.11/site-packages/airflow/example_dags/example_trigger_target_dag.py for tasks to queue
[2024-07-13T00:50:51.230+0000] {logging_mixin.py:188} INFO - [2024-07-13T00:50:51.229+0000] {dagbag.py:545} INFO - Filling up the DagBag from /home/airflow/.local/lib/python3.11/site-packages/airflow/example_dags/example_trigger_target_dag.py
[2024-07-13T00:50:51.245+0000] {processor.py:840} INFO - DAG(s) 'example_trigger_target_dag' retrieved from /home/airflow/.local/lib/python3.11/site-packages/airflow/example_dags/example_trigger_target_dag.py
[2024-07-13T00:50:51.283+0000] {logging_mixin.py:188} INFO - [2024-07-13T00:50:51.282+0000] {dag.py:3096} INFO - Sync 1 DAGs
[2024-07-13T00:50:51.667+0000] {logging_mixin.py:188} INFO - [2024-07-13T00:50:51.666+0000] {dag.py:3954} INFO - Setting next_dagrun for example_trigger_target_dag to None, run_after=None
[2024-07-13T00:50:51.698+0000] {processor.py:183} INFO - Processing /home/airflow/.local/lib/python3.11/site-packages/airflow/example_dags/example_trigger_target_dag.py took 0.487 seconds
[2024-07-13T00:51:22.590+0000] {processor.py:161} INFO - Started process (PID=893) to work on /home/airflow/.local/lib/python3.11/site-packages/airflow/example_dags/example_trigger_target_dag.py
[2024-07-13T00:51:22.592+0000] {processor.py:830} INFO - Processing file /home/airflow/.local/lib/python3.11/site-packages/airflow/example_dags/example_trigger_target_dag.py for tasks to queue
[2024-07-13T00:51:22.596+0000] {logging_mixin.py:188} INFO - [2024-07-13T00:51:22.595+0000] {dagbag.py:545} INFO - Filling up the DagBag from /home/airflow/.local/lib/python3.11/site-packages/airflow/example_dags/example_trigger_target_dag.py
[2024-07-13T00:51:22.613+0000] {processor.py:840} INFO - DAG(s) 'example_trigger_target_dag' retrieved from /home/airflow/.local/lib/python3.11/site-packages/airflow/example_dags/example_trigger_target_dag.py
[2024-07-13T00:51:22.655+0000] {logging_mixin.py:188} INFO - [2024-07-13T00:51:22.655+0000] {dag.py:3096} INFO - Sync 1 DAGs
[2024-07-13T00:51:22.681+0000] {logging_mixin.py:188} INFO - [2024-07-13T00:51:22.681+0000] {dag.py:3954} INFO - Setting next_dagrun for example_trigger_target_dag to None, run_after=None
[2024-07-13T00:51:22.714+0000] {processor.py:183} INFO - Processing /home/airflow/.local/lib/python3.11/site-packages/airflow/example_dags/example_trigger_target_dag.py took 0.141 seconds
[2024-07-13T00:51:55.465+0000] {processor.py:161} INFO - Started process (PID=955) to work on /home/airflow/.local/lib/python3.11/site-packages/airflow/example_dags/example_trigger_target_dag.py
[2024-07-13T00:51:55.467+0000] {processor.py:830} INFO - Processing file /home/airflow/.local/lib/python3.11/site-packages/airflow/example_dags/example_trigger_target_dag.py for tasks to queue
[2024-07-13T00:51:55.470+0000] {logging_mixin.py:188} INFO - [2024-07-13T00:51:55.470+0000] {dagbag.py:545} INFO - Filling up the DagBag from /home/airflow/.local/lib/python3.11/site-packages/airflow/example_dags/example_trigger_target_dag.py
[2024-07-13T00:51:55.482+0000] {processor.py:840} INFO - DAG(s) 'example_trigger_target_dag' retrieved from /home/airflow/.local/lib/python3.11/site-packages/airflow/example_dags/example_trigger_target_dag.py
[2024-07-13T00:51:55.515+0000] {logging_mixin.py:188} INFO - [2024-07-13T00:51:55.514+0000] {dag.py:3096} INFO - Sync 1 DAGs
[2024-07-13T00:51:55.534+0000] {logging_mixin.py:188} INFO - [2024-07-13T00:51:55.534+0000] {dag.py:3954} INFO - Setting next_dagrun for example_trigger_target_dag to None, run_after=None
[2024-07-13T00:51:55.561+0000] {processor.py:183} INFO - Processing /home/airflow/.local/lib/python3.11/site-packages/airflow/example_dags/example_trigger_target_dag.py took 0.107 seconds
[2024-07-13T00:52:28.737+0000] {processor.py:161} INFO - Started process (PID=1018) to work on /home/airflow/.local/lib/python3.11/site-packages/airflow/example_dags/example_trigger_target_dag.py
[2024-07-13T00:52:28.739+0000] {processor.py:830} INFO - Processing file /home/airflow/.local/lib/python3.11/site-packages/airflow/example_dags/example_trigger_target_dag.py for tasks to queue
[2024-07-13T00:52:28.743+0000] {logging_mixin.py:188} INFO - [2024-07-13T00:52:28.742+0000] {dagbag.py:545} INFO - Filling up the DagBag from /home/airflow/.local/lib/python3.11/site-packages/airflow/example_dags/example_trigger_target_dag.py
[2024-07-13T00:52:28.756+0000] {processor.py:840} INFO - DAG(s) 'example_trigger_target_dag' retrieved from /home/airflow/.local/lib/python3.11/site-packages/airflow/example_dags/example_trigger_target_dag.py
[2024-07-13T00:52:28.788+0000] {logging_mixin.py:188} INFO - [2024-07-13T00:52:28.787+0000] {dag.py:3096} INFO - Sync 1 DAGs
[2024-07-13T00:52:28.809+0000] {logging_mixin.py:188} INFO - [2024-07-13T00:52:28.809+0000] {dag.py:3954} INFO - Setting next_dagrun for example_trigger_target_dag to None, run_after=None
[2024-07-13T00:52:28.835+0000] {processor.py:183} INFO - Processing /home/airflow/.local/lib/python3.11/site-packages/airflow/example_dags/example_trigger_target_dag.py took 0.114 seconds
[2024-07-13T00:53:01.294+0000] {processor.py:161} INFO - Started process (PID=1081) to work on /home/airflow/.local/lib/python3.11/site-packages/airflow/example_dags/example_trigger_target_dag.py
[2024-07-13T00:53:01.296+0000] {processor.py:830} INFO - Processing file /home/airflow/.local/lib/python3.11/site-packages/airflow/example_dags/example_trigger_target_dag.py for tasks to queue
[2024-07-13T00:53:01.299+0000] {logging_mixin.py:188} INFO - [2024-07-13T00:53:01.298+0000] {dagbag.py:545} INFO - Filling up the DagBag from /home/airflow/.local/lib/python3.11/site-packages/airflow/example_dags/example_trigger_target_dag.py
[2024-07-13T00:53:01.311+0000] {processor.py:840} INFO - DAG(s) 'example_trigger_target_dag' retrieved from /home/airflow/.local/lib/python3.11/site-packages/airflow/example_dags/example_trigger_target_dag.py
[2024-07-13T00:53:01.345+0000] {logging_mixin.py:188} INFO - [2024-07-13T00:53:01.345+0000] {dag.py:3096} INFO - Sync 1 DAGs
[2024-07-13T00:53:01.366+0000] {logging_mixin.py:188} INFO - [2024-07-13T00:53:01.365+0000] {dag.py:3954} INFO - Setting next_dagrun for example_trigger_target_dag to None, run_after=None
[2024-07-13T00:53:01.394+0000] {processor.py:183} INFO - Processing /home/airflow/.local/lib/python3.11/site-packages/airflow/example_dags/example_trigger_target_dag.py took 0.111 seconds
[2024-07-13T00:53:34.235+0000] {processor.py:161} INFO - Started process (PID=1143) to work on /home/airflow/.local/lib/python3.11/site-packages/airflow/example_dags/example_trigger_target_dag.py
[2024-07-13T00:53:34.238+0000] {processor.py:830} INFO - Processing file /home/airflow/.local/lib/python3.11/site-packages/airflow/example_dags/example_trigger_target_dag.py for tasks to queue
[2024-07-13T00:53:34.241+0000] {logging_mixin.py:188} INFO - [2024-07-13T00:53:34.241+0000] {dagbag.py:545} INFO - Filling up the DagBag from /home/airflow/.local/lib/python3.11/site-packages/airflow/example_dags/example_trigger_target_dag.py
[2024-07-13T00:53:34.256+0000] {processor.py:840} INFO - DAG(s) 'example_trigger_target_dag' retrieved from /home/airflow/.local/lib/python3.11/site-packages/airflow/example_dags/example_trigger_target_dag.py
[2024-07-13T00:53:34.297+0000] {logging_mixin.py:188} INFO - [2024-07-13T00:53:34.296+0000] {dag.py:3096} INFO - Sync 1 DAGs
[2024-07-13T00:53:34.322+0000] {logging_mixin.py:188} INFO - [2024-07-13T00:53:34.321+0000] {dag.py:3954} INFO - Setting next_dagrun for example_trigger_target_dag to None, run_after=None
[2024-07-13T00:53:34.358+0000] {processor.py:183} INFO - Processing /home/airflow/.local/lib/python3.11/site-packages/airflow/example_dags/example_trigger_target_dag.py took 0.138 seconds
[2024-07-13T00:54:06.666+0000] {processor.py:161} INFO - Started process (PID=1205) to work on /home/airflow/.local/lib/python3.11/site-packages/airflow/example_dags/example_trigger_target_dag.py
[2024-07-13T00:54:06.669+0000] {processor.py:830} INFO - Processing file /home/airflow/.local/lib/python3.11/site-packages/airflow/example_dags/example_trigger_target_dag.py for tasks to queue
[2024-07-13T00:54:06.672+0000] {logging_mixin.py:188} INFO - [2024-07-13T00:54:06.672+0000] {dagbag.py:545} INFO - Filling up the DagBag from /home/airflow/.local/lib/python3.11/site-packages/airflow/example_dags/example_trigger_target_dag.py
[2024-07-13T00:54:06.686+0000] {processor.py:840} INFO - DAG(s) 'example_trigger_target_dag' retrieved from /home/airflow/.local/lib/python3.11/site-packages/airflow/example_dags/example_trigger_target_dag.py
[2024-07-13T00:54:06.729+0000] {logging_mixin.py:188} INFO - [2024-07-13T00:54:06.728+0000] {dag.py:3096} INFO - Sync 1 DAGs
[2024-07-13T00:54:06.754+0000] {logging_mixin.py:188} INFO - [2024-07-13T00:54:06.754+0000] {dag.py:3954} INFO - Setting next_dagrun for example_trigger_target_dag to None, run_after=None
[2024-07-13T00:54:06.795+0000] {processor.py:183} INFO - Processing /home/airflow/.local/lib/python3.11/site-packages/airflow/example_dags/example_trigger_target_dag.py took 0.142 seconds
[2024-07-13T00:54:40.310+0000] {processor.py:161} INFO - Started process (PID=1267) to work on /home/airflow/.local/lib/python3.11/site-packages/airflow/example_dags/example_trigger_target_dag.py
[2024-07-13T00:54:40.312+0000] {processor.py:830} INFO - Processing file /home/airflow/.local/lib/python3.11/site-packages/airflow/example_dags/example_trigger_target_dag.py for tasks to queue
[2024-07-13T00:54:40.316+0000] {logging_mixin.py:188} INFO - [2024-07-13T00:54:40.315+0000] {dagbag.py:545} INFO - Filling up the DagBag from /home/airflow/.local/lib/python3.11/site-packages/airflow/example_dags/example_trigger_target_dag.py
[2024-07-13T00:54:40.333+0000] {processor.py:840} INFO - DAG(s) 'example_trigger_target_dag' retrieved from /home/airflow/.local/lib/python3.11/site-packages/airflow/example_dags/example_trigger_target_dag.py
[2024-07-13T00:54:40.373+0000] {logging_mixin.py:188} INFO - [2024-07-13T00:54:40.372+0000] {dag.py:3096} INFO - Sync 1 DAGs
[2024-07-13T00:54:40.396+0000] {logging_mixin.py:188} INFO - [2024-07-13T00:54:40.395+0000] {dag.py:3954} INFO - Setting next_dagrun for example_trigger_target_dag to None, run_after=None
[2024-07-13T00:54:40.427+0000] {processor.py:183} INFO - Processing /home/airflow/.local/lib/python3.11/site-packages/airflow/example_dags/example_trigger_target_dag.py took 0.130 seconds
[2024-07-13T00:55:12.970+0000] {processor.py:161} INFO - Started process (PID=1329) to work on /home/airflow/.local/lib/python3.11/site-packages/airflow/example_dags/example_trigger_target_dag.py
[2024-07-13T00:55:12.973+0000] {processor.py:830} INFO - Processing file /home/airflow/.local/lib/python3.11/site-packages/airflow/example_dags/example_trigger_target_dag.py for tasks to queue
[2024-07-13T00:55:12.978+0000] {logging_mixin.py:188} INFO - [2024-07-13T00:55:12.977+0000] {dagbag.py:545} INFO - Filling up the DagBag from /home/airflow/.local/lib/python3.11/site-packages/airflow/example_dags/example_trigger_target_dag.py
[2024-07-13T00:55:12.996+0000] {processor.py:840} INFO - DAG(s) 'example_trigger_target_dag' retrieved from /home/airflow/.local/lib/python3.11/site-packages/airflow/example_dags/example_trigger_target_dag.py
[2024-07-13T00:55:13.039+0000] {logging_mixin.py:188} INFO - [2024-07-13T00:55:13.038+0000] {dag.py:3096} INFO - Sync 1 DAGs
[2024-07-13T00:55:13.064+0000] {logging_mixin.py:188} INFO - [2024-07-13T00:55:13.063+0000] {dag.py:3954} INFO - Setting next_dagrun for example_trigger_target_dag to None, run_after=None
[2024-07-13T00:55:13.097+0000] {processor.py:183} INFO - Processing /home/airflow/.local/lib/python3.11/site-packages/airflow/example_dags/example_trigger_target_dag.py took 0.142 seconds
[2024-07-13T00:59:03.481+0000] {processor.py:161} INFO - Started process (PID=74) to work on /home/airflow/.local/lib/python3.11/site-packages/airflow/example_dags/example_trigger_target_dag.py
[2024-07-13T00:59:03.484+0000] {processor.py:830} INFO - Processing file /home/airflow/.local/lib/python3.11/site-packages/airflow/example_dags/example_trigger_target_dag.py for tasks to queue
[2024-07-13T00:59:03.489+0000] {logging_mixin.py:188} INFO - [2024-07-13T00:59:03.488+0000] {dagbag.py:545} INFO - Filling up the DagBag from /home/airflow/.local/lib/python3.11/site-packages/airflow/example_dags/example_trigger_target_dag.py
[2024-07-13T00:59:03.508+0000] {processor.py:840} INFO - DAG(s) 'example_trigger_target_dag' retrieved from /home/airflow/.local/lib/python3.11/site-packages/airflow/example_dags/example_trigger_target_dag.py
[2024-07-13T00:59:03.752+0000] {logging_mixin.py:188} INFO - [2024-07-13T00:59:03.751+0000] {dag.py:3096} INFO - Sync 1 DAGs
[2024-07-13T00:59:03.775+0000] {logging_mixin.py:188} INFO - [2024-07-13T00:59:03.775+0000] {dag.py:3954} INFO - Setting next_dagrun for example_trigger_target_dag to None, run_after=None
[2024-07-13T00:59:03.815+0000] {processor.py:183} INFO - Processing /home/airflow/.local/lib/python3.11/site-packages/airflow/example_dags/example_trigger_target_dag.py took 0.350 seconds
[2024-07-13T00:59:33.927+0000] {processor.py:161} INFO - Started process (PID=136) to work on /home/airflow/.local/lib/python3.11/site-packages/airflow/example_dags/example_trigger_target_dag.py
[2024-07-13T00:59:33.933+0000] {processor.py:830} INFO - Processing file /home/airflow/.local/lib/python3.11/site-packages/airflow/example_dags/example_trigger_target_dag.py for tasks to queue
[2024-07-13T00:59:33.937+0000] {logging_mixin.py:188} INFO - [2024-07-13T00:59:33.936+0000] {dagbag.py:545} INFO - Filling up the DagBag from /home/airflow/.local/lib/python3.11/site-packages/airflow/example_dags/example_trigger_target_dag.py
[2024-07-13T00:59:33.949+0000] {processor.py:840} INFO - DAG(s) 'example_trigger_target_dag' retrieved from /home/airflow/.local/lib/python3.11/site-packages/airflow/example_dags/example_trigger_target_dag.py
[2024-07-13T00:59:33.993+0000] {logging_mixin.py:188} INFO - [2024-07-13T00:59:33.992+0000] {dag.py:3096} INFO - Sync 1 DAGs
[2024-07-13T00:59:34.016+0000] {logging_mixin.py:188} INFO - [2024-07-13T00:59:34.015+0000] {dag.py:3954} INFO - Setting next_dagrun for example_trigger_target_dag to None, run_after=None
[2024-07-13T00:59:34.046+0000] {processor.py:183} INFO - Processing /home/airflow/.local/lib/python3.11/site-packages/airflow/example_dags/example_trigger_target_dag.py took 0.130 seconds
[2024-07-13T01:00:05.788+0000] {processor.py:161} INFO - Started process (PID=197) to work on /home/airflow/.local/lib/python3.11/site-packages/airflow/example_dags/example_trigger_target_dag.py
[2024-07-13T01:00:05.791+0000] {processor.py:830} INFO - Processing file /home/airflow/.local/lib/python3.11/site-packages/airflow/example_dags/example_trigger_target_dag.py for tasks to queue
[2024-07-13T01:00:05.794+0000] {logging_mixin.py:188} INFO - [2024-07-13T01:00:05.794+0000] {dagbag.py:545} INFO - Filling up the DagBag from /home/airflow/.local/lib/python3.11/site-packages/airflow/example_dags/example_trigger_target_dag.py
[2024-07-13T01:00:05.809+0000] {processor.py:840} INFO - DAG(s) 'example_trigger_target_dag' retrieved from /home/airflow/.local/lib/python3.11/site-packages/airflow/example_dags/example_trigger_target_dag.py
[2024-07-13T01:00:05.852+0000] {logging_mixin.py:188} INFO - [2024-07-13T01:00:05.851+0000] {dag.py:3096} INFO - Sync 1 DAGs
[2024-07-13T01:00:05.880+0000] {logging_mixin.py:188} INFO - [2024-07-13T01:00:05.879+0000] {dag.py:3954} INFO - Setting next_dagrun for example_trigger_target_dag to None, run_after=None
[2024-07-13T01:00:05.916+0000] {processor.py:183} INFO - Processing /home/airflow/.local/lib/python3.11/site-packages/airflow/example_dags/example_trigger_target_dag.py took 0.143 seconds
[2024-07-13T01:00:38.622+0000] {processor.py:161} INFO - Started process (PID=265) to work on /home/airflow/.local/lib/python3.11/site-packages/airflow/example_dags/example_trigger_target_dag.py
[2024-07-13T01:00:38.625+0000] {processor.py:830} INFO - Processing file /home/airflow/.local/lib/python3.11/site-packages/airflow/example_dags/example_trigger_target_dag.py for tasks to queue
[2024-07-13T01:00:38.628+0000] {logging_mixin.py:188} INFO - [2024-07-13T01:00:38.628+0000] {dagbag.py:545} INFO - Filling up the DagBag from /home/airflow/.local/lib/python3.11/site-packages/airflow/example_dags/example_trigger_target_dag.py
[2024-07-13T01:00:38.643+0000] {processor.py:840} INFO - DAG(s) 'example_trigger_target_dag' retrieved from /home/airflow/.local/lib/python3.11/site-packages/airflow/example_dags/example_trigger_target_dag.py
[2024-07-13T01:00:38.688+0000] {logging_mixin.py:188} INFO - [2024-07-13T01:00:38.687+0000] {dag.py:3096} INFO - Sync 1 DAGs
[2024-07-13T01:00:38.713+0000] {logging_mixin.py:188} INFO - [2024-07-13T01:00:38.712+0000] {dag.py:3954} INFO - Setting next_dagrun for example_trigger_target_dag to None, run_after=None
[2024-07-13T01:00:38.752+0000] {processor.py:183} INFO - Processing /home/airflow/.local/lib/python3.11/site-packages/airflow/example_dags/example_trigger_target_dag.py took 0.145 seconds
[2024-07-13T01:01:11.776+0000] {processor.py:161} INFO - Started process (PID=327) to work on /home/airflow/.local/lib/python3.11/site-packages/airflow/example_dags/example_trigger_target_dag.py
[2024-07-13T01:01:11.778+0000] {processor.py:830} INFO - Processing file /home/airflow/.local/lib/python3.11/site-packages/airflow/example_dags/example_trigger_target_dag.py for tasks to queue
[2024-07-13T01:01:11.782+0000] {logging_mixin.py:188} INFO - [2024-07-13T01:01:11.781+0000] {dagbag.py:545} INFO - Filling up the DagBag from /home/airflow/.local/lib/python3.11/site-packages/airflow/example_dags/example_trigger_target_dag.py
[2024-07-13T01:01:11.795+0000] {processor.py:840} INFO - DAG(s) 'example_trigger_target_dag' retrieved from /home/airflow/.local/lib/python3.11/site-packages/airflow/example_dags/example_trigger_target_dag.py
[2024-07-13T01:01:11.846+0000] {logging_mixin.py:188} INFO - [2024-07-13T01:01:11.845+0000] {dag.py:3096} INFO - Sync 1 DAGs
[2024-07-13T01:01:11.874+0000] {logging_mixin.py:188} INFO - [2024-07-13T01:01:11.874+0000] {dag.py:3954} INFO - Setting next_dagrun for example_trigger_target_dag to None, run_after=None
[2024-07-13T01:01:11.912+0000] {processor.py:183} INFO - Processing /home/airflow/.local/lib/python3.11/site-packages/airflow/example_dags/example_trigger_target_dag.py took 0.150 seconds
[2024-07-13T01:01:45.117+0000] {processor.py:161} INFO - Started process (PID=389) to work on /home/airflow/.local/lib/python3.11/site-packages/airflow/example_dags/example_trigger_target_dag.py
[2024-07-13T01:01:45.120+0000] {processor.py:830} INFO - Processing file /home/airflow/.local/lib/python3.11/site-packages/airflow/example_dags/example_trigger_target_dag.py for tasks to queue
[2024-07-13T01:01:45.125+0000] {logging_mixin.py:188} INFO - [2024-07-13T01:01:45.124+0000] {dagbag.py:545} INFO - Filling up the DagBag from /home/airflow/.local/lib/python3.11/site-packages/airflow/example_dags/example_trigger_target_dag.py
[2024-07-13T01:01:45.146+0000] {processor.py:840} INFO - DAG(s) 'example_trigger_target_dag' retrieved from /home/airflow/.local/lib/python3.11/site-packages/airflow/example_dags/example_trigger_target_dag.py
[2024-07-13T01:01:45.189+0000] {logging_mixin.py:188} INFO - [2024-07-13T01:01:45.188+0000] {dag.py:3096} INFO - Sync 1 DAGs
[2024-07-13T01:01:45.213+0000] {logging_mixin.py:188} INFO - [2024-07-13T01:01:45.212+0000] {dag.py:3954} INFO - Setting next_dagrun for example_trigger_target_dag to None, run_after=None
[2024-07-13T01:01:45.249+0000] {processor.py:183} INFO - Processing /home/airflow/.local/lib/python3.11/site-packages/airflow/example_dags/example_trigger_target_dag.py took 0.149 seconds
[2024-07-13T01:02:19.705+0000] {processor.py:161} INFO - Started process (PID=450) to work on /home/airflow/.local/lib/python3.11/site-packages/airflow/example_dags/example_trigger_target_dag.py
[2024-07-13T01:02:19.709+0000] {processor.py:830} INFO - Processing file /home/airflow/.local/lib/python3.11/site-packages/airflow/example_dags/example_trigger_target_dag.py for tasks to queue
[2024-07-13T01:02:19.713+0000] {logging_mixin.py:188} INFO - [2024-07-13T01:02:19.713+0000] {dagbag.py:545} INFO - Filling up the DagBag from /home/airflow/.local/lib/python3.11/site-packages/airflow/example_dags/example_trigger_target_dag.py
[2024-07-13T01:02:19.728+0000] {processor.py:840} INFO - DAG(s) 'example_trigger_target_dag' retrieved from /home/airflow/.local/lib/python3.11/site-packages/airflow/example_dags/example_trigger_target_dag.py
[2024-07-13T01:02:19.761+0000] {logging_mixin.py:188} INFO - [2024-07-13T01:02:19.761+0000] {dag.py:3096} INFO - Sync 1 DAGs
[2024-07-13T01:02:19.781+0000] {logging_mixin.py:188} INFO - [2024-07-13T01:02:19.780+0000] {dag.py:3954} INFO - Setting next_dagrun for example_trigger_target_dag to None, run_after=None
[2024-07-13T01:02:19.813+0000] {processor.py:183} INFO - Processing /home/airflow/.local/lib/python3.11/site-packages/airflow/example_dags/example_trigger_target_dag.py took 0.127 seconds
[2024-07-13T01:02:53.095+0000] {processor.py:161} INFO - Started process (PID=512) to work on /home/airflow/.local/lib/python3.11/site-packages/airflow/example_dags/example_trigger_target_dag.py
[2024-07-13T01:02:53.097+0000] {processor.py:830} INFO - Processing file /home/airflow/.local/lib/python3.11/site-packages/airflow/example_dags/example_trigger_target_dag.py for tasks to queue
[2024-07-13T01:02:53.101+0000] {logging_mixin.py:188} INFO - [2024-07-13T01:02:53.101+0000] {dagbag.py:545} INFO - Filling up the DagBag from /home/airflow/.local/lib/python3.11/site-packages/airflow/example_dags/example_trigger_target_dag.py
[2024-07-13T01:02:53.115+0000] {processor.py:840} INFO - DAG(s) 'example_trigger_target_dag' retrieved from /home/airflow/.local/lib/python3.11/site-packages/airflow/example_dags/example_trigger_target_dag.py
[2024-07-13T01:02:53.155+0000] {logging_mixin.py:188} INFO - [2024-07-13T01:02:53.155+0000] {dag.py:3096} INFO - Sync 1 DAGs
[2024-07-13T01:02:53.183+0000] {logging_mixin.py:188} INFO - [2024-07-13T01:02:53.182+0000] {dag.py:3954} INFO - Setting next_dagrun for example_trigger_target_dag to None, run_after=None
[2024-07-13T01:02:53.225+0000] {processor.py:183} INFO - Processing /home/airflow/.local/lib/python3.11/site-packages/airflow/example_dags/example_trigger_target_dag.py took 0.146 seconds
[2024-07-13T01:03:28.203+0000] {processor.py:161} INFO - Started process (PID=574) to work on /home/airflow/.local/lib/python3.11/site-packages/airflow/example_dags/example_trigger_target_dag.py
[2024-07-13T01:03:28.206+0000] {processor.py:830} INFO - Processing file /home/airflow/.local/lib/python3.11/site-packages/airflow/example_dags/example_trigger_target_dag.py for tasks to queue
[2024-07-13T01:03:28.211+0000] {logging_mixin.py:188} INFO - [2024-07-13T01:03:28.210+0000] {dagbag.py:545} INFO - Filling up the DagBag from /home/airflow/.local/lib/python3.11/site-packages/airflow/example_dags/example_trigger_target_dag.py
[2024-07-13T01:03:28.227+0000] {processor.py:840} INFO - DAG(s) 'example_trigger_target_dag' retrieved from /home/airflow/.local/lib/python3.11/site-packages/airflow/example_dags/example_trigger_target_dag.py
[2024-07-13T01:03:28.297+0000] {logging_mixin.py:188} INFO - [2024-07-13T01:03:28.296+0000] {dag.py:3096} INFO - Sync 1 DAGs
[2024-07-13T01:03:28.324+0000] {logging_mixin.py:188} INFO - [2024-07-13T01:03:28.323+0000] {dag.py:3954} INFO - Setting next_dagrun for example_trigger_target_dag to None, run_after=None
[2024-07-13T01:03:28.366+0000] {processor.py:183} INFO - Processing /home/airflow/.local/lib/python3.11/site-packages/airflow/example_dags/example_trigger_target_dag.py took 0.177 seconds
[2024-07-13T01:04:02.404+0000] {processor.py:161} INFO - Started process (PID=637) to work on /home/airflow/.local/lib/python3.11/site-packages/airflow/example_dags/example_trigger_target_dag.py
[2024-07-13T01:04:02.407+0000] {processor.py:830} INFO - Processing file /home/airflow/.local/lib/python3.11/site-packages/airflow/example_dags/example_trigger_target_dag.py for tasks to queue
[2024-07-13T01:04:02.410+0000] {logging_mixin.py:188} INFO - [2024-07-13T01:04:02.410+0000] {dagbag.py:545} INFO - Filling up the DagBag from /home/airflow/.local/lib/python3.11/site-packages/airflow/example_dags/example_trigger_target_dag.py
[2024-07-13T01:04:02.424+0000] {processor.py:840} INFO - DAG(s) 'example_trigger_target_dag' retrieved from /home/airflow/.local/lib/python3.11/site-packages/airflow/example_dags/example_trigger_target_dag.py
[2024-07-13T01:04:02.473+0000] {logging_mixin.py:188} INFO - [2024-07-13T01:04:02.473+0000] {dag.py:3096} INFO - Sync 1 DAGs
[2024-07-13T01:04:02.505+0000] {logging_mixin.py:188} INFO - [2024-07-13T01:04:02.504+0000] {dag.py:3954} INFO - Setting next_dagrun for example_trigger_target_dag to None, run_after=None
[2024-07-13T01:04:02.539+0000] {processor.py:183} INFO - Processing /home/airflow/.local/lib/python3.11/site-packages/airflow/example_dags/example_trigger_target_dag.py took 0.149 seconds
[2024-07-13T01:04:36.413+0000] {processor.py:161} INFO - Started process (PID=705) to work on /home/airflow/.local/lib/python3.11/site-packages/airflow/example_dags/example_trigger_target_dag.py
[2024-07-13T01:04:36.415+0000] {processor.py:830} INFO - Processing file /home/airflow/.local/lib/python3.11/site-packages/airflow/example_dags/example_trigger_target_dag.py for tasks to queue
[2024-07-13T01:04:36.419+0000] {logging_mixin.py:188} INFO - [2024-07-13T01:04:36.419+0000] {dagbag.py:545} INFO - Filling up the DagBag from /home/airflow/.local/lib/python3.11/site-packages/airflow/example_dags/example_trigger_target_dag.py
[2024-07-13T01:04:36.436+0000] {processor.py:840} INFO - DAG(s) 'example_trigger_target_dag' retrieved from /home/airflow/.local/lib/python3.11/site-packages/airflow/example_dags/example_trigger_target_dag.py
[2024-07-13T01:04:36.487+0000] {logging_mixin.py:188} INFO - [2024-07-13T01:04:36.486+0000] {dag.py:3096} INFO - Sync 1 DAGs
[2024-07-13T01:04:36.515+0000] {logging_mixin.py:188} INFO - [2024-07-13T01:04:36.515+0000] {dag.py:3954} INFO - Setting next_dagrun for example_trigger_target_dag to None, run_after=None
[2024-07-13T01:04:36.555+0000] {processor.py:183} INFO - Processing /home/airflow/.local/lib/python3.11/site-packages/airflow/example_dags/example_trigger_target_dag.py took 0.159 seconds
[2024-07-13T01:05:09.518+0000] {processor.py:161} INFO - Started process (PID=772) to work on /home/airflow/.local/lib/python3.11/site-packages/airflow/example_dags/example_trigger_target_dag.py
[2024-07-13T01:05:09.521+0000] {processor.py:830} INFO - Processing file /home/airflow/.local/lib/python3.11/site-packages/airflow/example_dags/example_trigger_target_dag.py for tasks to queue
[2024-07-13T01:05:09.524+0000] {logging_mixin.py:188} INFO - [2024-07-13T01:05:09.524+0000] {dagbag.py:545} INFO - Filling up the DagBag from /home/airflow/.local/lib/python3.11/site-packages/airflow/example_dags/example_trigger_target_dag.py
[2024-07-13T01:05:09.540+0000] {processor.py:840} INFO - DAG(s) 'example_trigger_target_dag' retrieved from /home/airflow/.local/lib/python3.11/site-packages/airflow/example_dags/example_trigger_target_dag.py
[2024-07-13T01:05:09.594+0000] {logging_mixin.py:188} INFO - [2024-07-13T01:05:09.594+0000] {dag.py:3096} INFO - Sync 1 DAGs
[2024-07-13T01:05:09.626+0000] {logging_mixin.py:188} INFO - [2024-07-13T01:05:09.626+0000] {dag.py:3954} INFO - Setting next_dagrun for example_trigger_target_dag to None, run_after=None
[2024-07-13T01:05:09.668+0000] {processor.py:183} INFO - Processing /home/airflow/.local/lib/python3.11/site-packages/airflow/example_dags/example_trigger_target_dag.py took 0.165 seconds
[2024-07-13T01:05:47.700+0000] {processor.py:161} INFO - Started process (PID=834) to work on /home/airflow/.local/lib/python3.11/site-packages/airflow/example_dags/example_trigger_target_dag.py
[2024-07-13T01:05:47.702+0000] {processor.py:830} INFO - Processing file /home/airflow/.local/lib/python3.11/site-packages/airflow/example_dags/example_trigger_target_dag.py for tasks to queue
[2024-07-13T01:05:47.705+0000] {logging_mixin.py:188} INFO - [2024-07-13T01:05:47.705+0000] {dagbag.py:545} INFO - Filling up the DagBag from /home/airflow/.local/lib/python3.11/site-packages/airflow/example_dags/example_trigger_target_dag.py
[2024-07-13T01:05:47.719+0000] {processor.py:840} INFO - DAG(s) 'example_trigger_target_dag' retrieved from /home/airflow/.local/lib/python3.11/site-packages/airflow/example_dags/example_trigger_target_dag.py
[2024-07-13T01:05:47.757+0000] {logging_mixin.py:188} INFO - [2024-07-13T01:05:47.757+0000] {dag.py:3096} INFO - Sync 1 DAGs
[2024-07-13T01:05:47.780+0000] {logging_mixin.py:188} INFO - [2024-07-13T01:05:47.780+0000] {dag.py:3954} INFO - Setting next_dagrun for example_trigger_target_dag to None, run_after=None
[2024-07-13T01:05:47.817+0000] {processor.py:183} INFO - Processing /home/airflow/.local/lib/python3.11/site-packages/airflow/example_dags/example_trigger_target_dag.py took 0.130 seconds
[2024-07-13T01:06:19.088+0000] {processor.py:161} INFO - Started process (PID=896) to work on /home/airflow/.local/lib/python3.11/site-packages/airflow/example_dags/example_trigger_target_dag.py
[2024-07-13T01:06:19.091+0000] {processor.py:830} INFO - Processing file /home/airflow/.local/lib/python3.11/site-packages/airflow/example_dags/example_trigger_target_dag.py for tasks to queue
[2024-07-13T01:06:19.100+0000] {logging_mixin.py:188} INFO - [2024-07-13T01:06:19.099+0000] {dagbag.py:545} INFO - Filling up the DagBag from /home/airflow/.local/lib/python3.11/site-packages/airflow/example_dags/example_trigger_target_dag.py
[2024-07-13T01:06:19.115+0000] {processor.py:840} INFO - DAG(s) 'example_trigger_target_dag' retrieved from /home/airflow/.local/lib/python3.11/site-packages/airflow/example_dags/example_trigger_target_dag.py
[2024-07-13T01:06:19.158+0000] {logging_mixin.py:188} INFO - [2024-07-13T01:06:19.157+0000] {dag.py:3096} INFO - Sync 1 DAGs
[2024-07-13T01:06:19.187+0000] {logging_mixin.py:188} INFO - [2024-07-13T01:06:19.186+0000] {dag.py:3954} INFO - Setting next_dagrun for example_trigger_target_dag to None, run_after=None
[2024-07-13T01:06:19.225+0000] {processor.py:183} INFO - Processing /home/airflow/.local/lib/python3.11/site-packages/airflow/example_dags/example_trigger_target_dag.py took 0.153 seconds
[2024-07-13T01:06:49.480+0000] {processor.py:161} INFO - Started process (PID=958) to work on /home/airflow/.local/lib/python3.11/site-packages/airflow/example_dags/example_trigger_target_dag.py
[2024-07-13T01:06:49.481+0000] {processor.py:830} INFO - Processing file /home/airflow/.local/lib/python3.11/site-packages/airflow/example_dags/example_trigger_target_dag.py for tasks to queue
[2024-07-13T01:06:49.488+0000] {logging_mixin.py:188} INFO - [2024-07-13T01:06:49.487+0000] {dagbag.py:545} INFO - Filling up the DagBag from /home/airflow/.local/lib/python3.11/site-packages/airflow/example_dags/example_trigger_target_dag.py
[2024-07-13T01:06:49.505+0000] {processor.py:840} INFO - DAG(s) 'example_trigger_target_dag' retrieved from /home/airflow/.local/lib/python3.11/site-packages/airflow/example_dags/example_trigger_target_dag.py
[2024-07-13T01:06:49.549+0000] {logging_mixin.py:188} INFO - [2024-07-13T01:06:49.548+0000] {dag.py:3096} INFO - Sync 1 DAGs
[2024-07-13T01:06:49.586+0000] {logging_mixin.py:188} INFO - [2024-07-13T01:06:49.586+0000] {dag.py:3954} INFO - Setting next_dagrun for example_trigger_target_dag to None, run_after=None
[2024-07-13T01:06:49.647+0000] {processor.py:183} INFO - Processing /home/airflow/.local/lib/python3.11/site-packages/airflow/example_dags/example_trigger_target_dag.py took 0.182 seconds
[2024-07-13T01:07:22.003+0000] {processor.py:161} INFO - Started process (PID=1020) to work on /home/airflow/.local/lib/python3.11/site-packages/airflow/example_dags/example_trigger_target_dag.py
[2024-07-13T01:07:22.005+0000] {processor.py:830} INFO - Processing file /home/airflow/.local/lib/python3.11/site-packages/airflow/example_dags/example_trigger_target_dag.py for tasks to queue
[2024-07-13T01:07:22.009+0000] {logging_mixin.py:188} INFO - [2024-07-13T01:07:22.008+0000] {dagbag.py:545} INFO - Filling up the DagBag from /home/airflow/.local/lib/python3.11/site-packages/airflow/example_dags/example_trigger_target_dag.py
[2024-07-13T01:07:22.021+0000] {processor.py:840} INFO - DAG(s) 'example_trigger_target_dag' retrieved from /home/airflow/.local/lib/python3.11/site-packages/airflow/example_dags/example_trigger_target_dag.py
[2024-07-13T01:07:22.065+0000] {logging_mixin.py:188} INFO - [2024-07-13T01:07:22.065+0000] {dag.py:3096} INFO - Sync 1 DAGs
[2024-07-13T01:07:22.094+0000] {logging_mixin.py:188} INFO - [2024-07-13T01:07:22.094+0000] {dag.py:3954} INFO - Setting next_dagrun for example_trigger_target_dag to None, run_after=None
[2024-07-13T01:07:22.132+0000] {processor.py:183} INFO - Processing /home/airflow/.local/lib/python3.11/site-packages/airflow/example_dags/example_trigger_target_dag.py took 0.141 seconds
[2024-07-13T01:07:55.925+0000] {processor.py:161} INFO - Started process (PID=1082) to work on /home/airflow/.local/lib/python3.11/site-packages/airflow/example_dags/example_trigger_target_dag.py
[2024-07-13T01:07:55.927+0000] {processor.py:830} INFO - Processing file /home/airflow/.local/lib/python3.11/site-packages/airflow/example_dags/example_trigger_target_dag.py for tasks to queue
[2024-07-13T01:07:55.930+0000] {logging_mixin.py:188} INFO - [2024-07-13T01:07:55.929+0000] {dagbag.py:545} INFO - Filling up the DagBag from /home/airflow/.local/lib/python3.11/site-packages/airflow/example_dags/example_trigger_target_dag.py
[2024-07-13T01:07:55.942+0000] {processor.py:840} INFO - DAG(s) 'example_trigger_target_dag' retrieved from /home/airflow/.local/lib/python3.11/site-packages/airflow/example_dags/example_trigger_target_dag.py
[2024-07-13T01:07:55.976+0000] {logging_mixin.py:188} INFO - [2024-07-13T01:07:55.975+0000] {dag.py:3096} INFO - Sync 1 DAGs
[2024-07-13T01:07:56.002+0000] {logging_mixin.py:188} INFO - [2024-07-13T01:07:56.001+0000] {dag.py:3954} INFO - Setting next_dagrun for example_trigger_target_dag to None, run_after=None
[2024-07-13T01:07:56.053+0000] {processor.py:183} INFO - Processing /home/airflow/.local/lib/python3.11/site-packages/airflow/example_dags/example_trigger_target_dag.py took 0.141 seconds
[2024-07-13T01:08:29.233+0000] {processor.py:161} INFO - Started process (PID=1144) to work on /home/airflow/.local/lib/python3.11/site-packages/airflow/example_dags/example_trigger_target_dag.py
[2024-07-13T01:08:29.236+0000] {processor.py:830} INFO - Processing file /home/airflow/.local/lib/python3.11/site-packages/airflow/example_dags/example_trigger_target_dag.py for tasks to queue
[2024-07-13T01:08:29.239+0000] {logging_mixin.py:188} INFO - [2024-07-13T01:08:29.239+0000] {dagbag.py:545} INFO - Filling up the DagBag from /home/airflow/.local/lib/python3.11/site-packages/airflow/example_dags/example_trigger_target_dag.py
[2024-07-13T01:08:29.254+0000] {processor.py:840} INFO - DAG(s) 'example_trigger_target_dag' retrieved from /home/airflow/.local/lib/python3.11/site-packages/airflow/example_dags/example_trigger_target_dag.py
[2024-07-13T01:08:29.299+0000] {logging_mixin.py:188} INFO - [2024-07-13T01:08:29.299+0000] {dag.py:3096} INFO - Sync 1 DAGs
[2024-07-13T01:08:29.321+0000] {logging_mixin.py:188} INFO - [2024-07-13T01:08:29.321+0000] {dag.py:3954} INFO - Setting next_dagrun for example_trigger_target_dag to None, run_after=None
[2024-07-13T01:08:29.354+0000] {processor.py:183} INFO - Processing /home/airflow/.local/lib/python3.11/site-packages/airflow/example_dags/example_trigger_target_dag.py took 0.134 seconds
[2024-07-13T01:09:01.720+0000] {processor.py:161} INFO - Started process (PID=1206) to work on /home/airflow/.local/lib/python3.11/site-packages/airflow/example_dags/example_trigger_target_dag.py
[2024-07-13T01:09:01.721+0000] {processor.py:830} INFO - Processing file /home/airflow/.local/lib/python3.11/site-packages/airflow/example_dags/example_trigger_target_dag.py for tasks to queue
[2024-07-13T01:09:01.725+0000] {logging_mixin.py:188} INFO - [2024-07-13T01:09:01.724+0000] {dagbag.py:545} INFO - Filling up the DagBag from /home/airflow/.local/lib/python3.11/site-packages/airflow/example_dags/example_trigger_target_dag.py
[2024-07-13T01:09:01.739+0000] {processor.py:840} INFO - DAG(s) 'example_trigger_target_dag' retrieved from /home/airflow/.local/lib/python3.11/site-packages/airflow/example_dags/example_trigger_target_dag.py
[2024-07-13T01:09:01.778+0000] {logging_mixin.py:188} INFO - [2024-07-13T01:09:01.778+0000] {dag.py:3096} INFO - Sync 1 DAGs
[2024-07-13T01:09:01.800+0000] {logging_mixin.py:188} INFO - [2024-07-13T01:09:01.799+0000] {dag.py:3954} INFO - Setting next_dagrun for example_trigger_target_dag to None, run_after=None
[2024-07-13T01:09:01.834+0000] {processor.py:183} INFO - Processing /home/airflow/.local/lib/python3.11/site-packages/airflow/example_dags/example_trigger_target_dag.py took 0.128 seconds
[2024-07-13T01:11:22.135+0000] {processor.py:161} INFO - Started process (PID=72) to work on /home/airflow/.local/lib/python3.11/site-packages/airflow/example_dags/example_trigger_target_dag.py
[2024-07-13T01:11:22.137+0000] {processor.py:830} INFO - Processing file /home/airflow/.local/lib/python3.11/site-packages/airflow/example_dags/example_trigger_target_dag.py for tasks to queue
[2024-07-13T01:11:22.142+0000] {logging_mixin.py:188} INFO - [2024-07-13T01:11:22.141+0000] {dagbag.py:545} INFO - Filling up the DagBag from /home/airflow/.local/lib/python3.11/site-packages/airflow/example_dags/example_trigger_target_dag.py
[2024-07-13T01:11:22.155+0000] {processor.py:840} INFO - DAG(s) 'example_trigger_target_dag' retrieved from /home/airflow/.local/lib/python3.11/site-packages/airflow/example_dags/example_trigger_target_dag.py
[2024-07-13T01:11:22.382+0000] {logging_mixin.py:188} INFO - [2024-07-13T01:11:22.381+0000] {dag.py:3096} INFO - Sync 1 DAGs
[2024-07-13T01:11:22.403+0000] {logging_mixin.py:188} INFO - [2024-07-13T01:11:22.403+0000] {dag.py:3954} INFO - Setting next_dagrun for example_trigger_target_dag to None, run_after=None
[2024-07-13T01:11:22.441+0000] {processor.py:183} INFO - Processing /home/airflow/.local/lib/python3.11/site-packages/airflow/example_dags/example_trigger_target_dag.py took 0.320 seconds
[2024-07-13T01:11:52.813+0000] {processor.py:161} INFO - Started process (PID=133) to work on /home/airflow/.local/lib/python3.11/site-packages/airflow/example_dags/example_trigger_target_dag.py
[2024-07-13T01:11:52.816+0000] {processor.py:830} INFO - Processing file /home/airflow/.local/lib/python3.11/site-packages/airflow/example_dags/example_trigger_target_dag.py for tasks to queue
[2024-07-13T01:11:52.820+0000] {logging_mixin.py:188} INFO - [2024-07-13T01:11:52.819+0000] {dagbag.py:545} INFO - Filling up the DagBag from /home/airflow/.local/lib/python3.11/site-packages/airflow/example_dags/example_trigger_target_dag.py
[2024-07-13T01:11:52.833+0000] {processor.py:840} INFO - DAG(s) 'example_trigger_target_dag' retrieved from /home/airflow/.local/lib/python3.11/site-packages/airflow/example_dags/example_trigger_target_dag.py
[2024-07-13T01:11:52.874+0000] {logging_mixin.py:188} INFO - [2024-07-13T01:11:52.874+0000] {dag.py:3096} INFO - Sync 1 DAGs
[2024-07-13T01:11:52.895+0000] {logging_mixin.py:188} INFO - [2024-07-13T01:11:52.895+0000] {dag.py:3954} INFO - Setting next_dagrun for example_trigger_target_dag to None, run_after=None
[2024-07-13T01:11:52.924+0000] {processor.py:183} INFO - Processing /home/airflow/.local/lib/python3.11/site-packages/airflow/example_dags/example_trigger_target_dag.py took 0.122 seconds
[2024-07-13T01:12:26.283+0000] {processor.py:161} INFO - Started process (PID=201) to work on /home/airflow/.local/lib/python3.11/site-packages/airflow/example_dags/example_trigger_target_dag.py
[2024-07-13T01:12:26.285+0000] {processor.py:830} INFO - Processing file /home/airflow/.local/lib/python3.11/site-packages/airflow/example_dags/example_trigger_target_dag.py for tasks to queue
[2024-07-13T01:12:26.289+0000] {logging_mixin.py:188} INFO - [2024-07-13T01:12:26.288+0000] {dagbag.py:545} INFO - Filling up the DagBag from /home/airflow/.local/lib/python3.11/site-packages/airflow/example_dags/example_trigger_target_dag.py
[2024-07-13T01:12:26.302+0000] {processor.py:840} INFO - DAG(s) 'example_trigger_target_dag' retrieved from /home/airflow/.local/lib/python3.11/site-packages/airflow/example_dags/example_trigger_target_dag.py
[2024-07-13T01:12:26.344+0000] {logging_mixin.py:188} INFO - [2024-07-13T01:12:26.343+0000] {dag.py:3096} INFO - Sync 1 DAGs
[2024-07-13T01:12:26.367+0000] {logging_mixin.py:188} INFO - [2024-07-13T01:12:26.367+0000] {dag.py:3954} INFO - Setting next_dagrun for example_trigger_target_dag to None, run_after=None
[2024-07-13T01:12:26.403+0000] {processor.py:183} INFO - Processing /home/airflow/.local/lib/python3.11/site-packages/airflow/example_dags/example_trigger_target_dag.py took 0.133 seconds
[2024-07-13T01:12:58.574+0000] {processor.py:161} INFO - Started process (PID=263) to work on /home/airflow/.local/lib/python3.11/site-packages/airflow/example_dags/example_trigger_target_dag.py
[2024-07-13T01:12:58.576+0000] {processor.py:830} INFO - Processing file /home/airflow/.local/lib/python3.11/site-packages/airflow/example_dags/example_trigger_target_dag.py for tasks to queue
[2024-07-13T01:12:58.580+0000] {logging_mixin.py:188} INFO - [2024-07-13T01:12:58.579+0000] {dagbag.py:545} INFO - Filling up the DagBag from /home/airflow/.local/lib/python3.11/site-packages/airflow/example_dags/example_trigger_target_dag.py
[2024-07-13T01:12:58.597+0000] {processor.py:840} INFO - DAG(s) 'example_trigger_target_dag' retrieved from /home/airflow/.local/lib/python3.11/site-packages/airflow/example_dags/example_trigger_target_dag.py
[2024-07-13T01:12:58.642+0000] {logging_mixin.py:188} INFO - [2024-07-13T01:12:58.641+0000] {dag.py:3096} INFO - Sync 1 DAGs
[2024-07-13T01:12:58.661+0000] {logging_mixin.py:188} INFO - [2024-07-13T01:12:58.661+0000] {dag.py:3954} INFO - Setting next_dagrun for example_trigger_target_dag to None, run_after=None
[2024-07-13T01:12:58.692+0000] {processor.py:183} INFO - Processing /home/airflow/.local/lib/python3.11/site-packages/airflow/example_dags/example_trigger_target_dag.py took 0.132 seconds
[2024-07-13T01:13:33.952+0000] {processor.py:161} INFO - Started process (PID=326) to work on /home/airflow/.local/lib/python3.11/site-packages/airflow/example_dags/example_trigger_target_dag.py
[2024-07-13T01:13:33.954+0000] {processor.py:830} INFO - Processing file /home/airflow/.local/lib/python3.11/site-packages/airflow/example_dags/example_trigger_target_dag.py for tasks to queue
[2024-07-13T01:13:33.959+0000] {logging_mixin.py:188} INFO - [2024-07-13T01:13:33.958+0000] {dagbag.py:545} INFO - Filling up the DagBag from /home/airflow/.local/lib/python3.11/site-packages/airflow/example_dags/example_trigger_target_dag.py
[2024-07-13T01:13:33.975+0000] {processor.py:840} INFO - DAG(s) 'example_trigger_target_dag' retrieved from /home/airflow/.local/lib/python3.11/site-packages/airflow/example_dags/example_trigger_target_dag.py
[2024-07-13T01:13:34.013+0000] {logging_mixin.py:188} INFO - [2024-07-13T01:13:34.012+0000] {dag.py:3096} INFO - Sync 1 DAGs
[2024-07-13T01:13:34.040+0000] {logging_mixin.py:188} INFO - [2024-07-13T01:13:34.040+0000] {dag.py:3954} INFO - Setting next_dagrun for example_trigger_target_dag to None, run_after=None
[2024-07-13T01:13:34.081+0000] {processor.py:183} INFO - Processing /home/airflow/.local/lib/python3.11/site-packages/airflow/example_dags/example_trigger_target_dag.py took 0.145 seconds
[2024-07-13T01:14:05.705+0000] {processor.py:161} INFO - Started process (PID=388) to work on /home/airflow/.local/lib/python3.11/site-packages/airflow/example_dags/example_trigger_target_dag.py
[2024-07-13T01:14:05.706+0000] {processor.py:830} INFO - Processing file /home/airflow/.local/lib/python3.11/site-packages/airflow/example_dags/example_trigger_target_dag.py for tasks to queue
[2024-07-13T01:14:05.711+0000] {logging_mixin.py:188} INFO - [2024-07-13T01:14:05.710+0000] {dagbag.py:545} INFO - Filling up the DagBag from /home/airflow/.local/lib/python3.11/site-packages/airflow/example_dags/example_trigger_target_dag.py
[2024-07-13T01:14:05.726+0000] {processor.py:840} INFO - DAG(s) 'example_trigger_target_dag' retrieved from /home/airflow/.local/lib/python3.11/site-packages/airflow/example_dags/example_trigger_target_dag.py
[2024-07-13T01:14:05.768+0000] {logging_mixin.py:188} INFO - [2024-07-13T01:14:05.768+0000] {dag.py:3096} INFO - Sync 1 DAGs
[2024-07-13T01:14:05.794+0000] {logging_mixin.py:188} INFO - [2024-07-13T01:14:05.793+0000] {dag.py:3954} INFO - Setting next_dagrun for example_trigger_target_dag to None, run_after=None
[2024-07-13T01:14:05.824+0000] {processor.py:183} INFO - Processing /home/airflow/.local/lib/python3.11/site-packages/airflow/example_dags/example_trigger_target_dag.py took 0.133 seconds
[2024-07-13T01:14:39.984+0000] {processor.py:161} INFO - Started process (PID=450) to work on /home/airflow/.local/lib/python3.11/site-packages/airflow/example_dags/example_trigger_target_dag.py
[2024-07-13T01:14:39.987+0000] {processor.py:830} INFO - Processing file /home/airflow/.local/lib/python3.11/site-packages/airflow/example_dags/example_trigger_target_dag.py for tasks to queue
[2024-07-13T01:14:39.991+0000] {logging_mixin.py:188} INFO - [2024-07-13T01:14:39.990+0000] {dagbag.py:545} INFO - Filling up the DagBag from /home/airflow/.local/lib/python3.11/site-packages/airflow/example_dags/example_trigger_target_dag.py
[2024-07-13T01:14:40.005+0000] {processor.py:840} INFO - DAG(s) 'example_trigger_target_dag' retrieved from /home/airflow/.local/lib/python3.11/site-packages/airflow/example_dags/example_trigger_target_dag.py
[2024-07-13T01:14:40.044+0000] {logging_mixin.py:188} INFO - [2024-07-13T01:14:40.044+0000] {dag.py:3096} INFO - Sync 1 DAGs
[2024-07-13T01:14:40.066+0000] {logging_mixin.py:188} INFO - [2024-07-13T01:14:40.066+0000] {dag.py:3954} INFO - Setting next_dagrun for example_trigger_target_dag to None, run_after=None
[2024-07-13T01:14:40.100+0000] {processor.py:183} INFO - Processing /home/airflow/.local/lib/python3.11/site-packages/airflow/example_dags/example_trigger_target_dag.py took 0.131 seconds
[2024-07-13T01:15:13.830+0000] {processor.py:161} INFO - Started process (PID=512) to work on /home/airflow/.local/lib/python3.11/site-packages/airflow/example_dags/example_trigger_target_dag.py
[2024-07-13T01:15:13.833+0000] {processor.py:830} INFO - Processing file /home/airflow/.local/lib/python3.11/site-packages/airflow/example_dags/example_trigger_target_dag.py for tasks to queue
[2024-07-13T01:15:13.837+0000] {logging_mixin.py:188} INFO - [2024-07-13T01:15:13.836+0000] {dagbag.py:545} INFO - Filling up the DagBag from /home/airflow/.local/lib/python3.11/site-packages/airflow/example_dags/example_trigger_target_dag.py
[2024-07-13T01:15:13.853+0000] {processor.py:840} INFO - DAG(s) 'example_trigger_target_dag' retrieved from /home/airflow/.local/lib/python3.11/site-packages/airflow/example_dags/example_trigger_target_dag.py
[2024-07-13T01:15:13.901+0000] {logging_mixin.py:188} INFO - [2024-07-13T01:15:13.901+0000] {dag.py:3096} INFO - Sync 1 DAGs
[2024-07-13T01:15:13.928+0000] {logging_mixin.py:188} INFO - [2024-07-13T01:15:13.928+0000] {dag.py:3954} INFO - Setting next_dagrun for example_trigger_target_dag to None, run_after=None
[2024-07-13T01:15:13.966+0000] {processor.py:183} INFO - Processing /home/airflow/.local/lib/python3.11/site-packages/airflow/example_dags/example_trigger_target_dag.py took 0.150 seconds
[2024-07-13T01:15:48.716+0000] {processor.py:161} INFO - Started process (PID=575) to work on /home/airflow/.local/lib/python3.11/site-packages/airflow/example_dags/example_trigger_target_dag.py
[2024-07-13T01:15:48.718+0000] {processor.py:830} INFO - Processing file /home/airflow/.local/lib/python3.11/site-packages/airflow/example_dags/example_trigger_target_dag.py for tasks to queue
[2024-07-13T01:15:48.722+0000] {logging_mixin.py:188} INFO - [2024-07-13T01:15:48.721+0000] {dagbag.py:545} INFO - Filling up the DagBag from /home/airflow/.local/lib/python3.11/site-packages/airflow/example_dags/example_trigger_target_dag.py
[2024-07-13T01:15:48.736+0000] {processor.py:840} INFO - DAG(s) 'example_trigger_target_dag' retrieved from /home/airflow/.local/lib/python3.11/site-packages/airflow/example_dags/example_trigger_target_dag.py
[2024-07-13T01:15:48.784+0000] {logging_mixin.py:188} INFO - [2024-07-13T01:15:48.784+0000] {dag.py:3096} INFO - Sync 1 DAGs
[2024-07-13T01:15:48.809+0000] {logging_mixin.py:188} INFO - [2024-07-13T01:15:48.809+0000] {dag.py:3954} INFO - Setting next_dagrun for example_trigger_target_dag to None, run_after=None
[2024-07-13T01:15:48.844+0000] {processor.py:183} INFO - Processing /home/airflow/.local/lib/python3.11/site-packages/airflow/example_dags/example_trigger_target_dag.py took 0.139 seconds
[2024-07-13T01:16:22.489+0000] {processor.py:161} INFO - Started process (PID=638) to work on /home/airflow/.local/lib/python3.11/site-packages/airflow/example_dags/example_trigger_target_dag.py
[2024-07-13T01:16:22.491+0000] {processor.py:830} INFO - Processing file /home/airflow/.local/lib/python3.11/site-packages/airflow/example_dags/example_trigger_target_dag.py for tasks to queue
[2024-07-13T01:16:22.496+0000] {logging_mixin.py:188} INFO - [2024-07-13T01:16:22.495+0000] {dagbag.py:545} INFO - Filling up the DagBag from /home/airflow/.local/lib/python3.11/site-packages/airflow/example_dags/example_trigger_target_dag.py
[2024-07-13T01:16:22.512+0000] {processor.py:840} INFO - DAG(s) 'example_trigger_target_dag' retrieved from /home/airflow/.local/lib/python3.11/site-packages/airflow/example_dags/example_trigger_target_dag.py
[2024-07-13T01:16:22.557+0000] {logging_mixin.py:188} INFO - [2024-07-13T01:16:22.556+0000] {dag.py:3096} INFO - Sync 1 DAGs
[2024-07-13T01:16:22.584+0000] {logging_mixin.py:188} INFO - [2024-07-13T01:16:22.583+0000] {dag.py:3954} INFO - Setting next_dagrun for example_trigger_target_dag to None, run_after=None
[2024-07-13T01:16:22.623+0000] {processor.py:183} INFO - Processing /home/airflow/.local/lib/python3.11/site-packages/airflow/example_dags/example_trigger_target_dag.py took 0.150 seconds
