[2024-07-13T00:28:02.274+0000] {processor.py:161} INFO - Started process (PID=62) to work on /home/airflow/.local/lib/python3.11/site-packages/airflow/example_dags/example_xcom.py
[2024-07-13T00:28:02.275+0000] {processor.py:830} INFO - Processing file /home/airflow/.local/lib/python3.11/site-packages/airflow/example_dags/example_xcom.py for tasks to queue
[2024-07-13T00:28:02.277+0000] {logging_mixin.py:188} INFO - [2024-07-13T00:28:02.276+0000] {dagbag.py:545} INFO - Filling up the DagBag from /home/airflow/.local/lib/python3.11/site-packages/airflow/example_dags/example_xcom.py
[2024-07-13T00:28:02.292+0000] {processor.py:840} INFO - DAG(s) 'example_xcom' retrieved from /home/airflow/.local/lib/python3.11/site-packages/airflow/example_dags/example_xcom.py
[2024-07-13T00:28:02.488+0000] {logging_mixin.py:188} INFO - [2024-07-13T00:28:02.488+0000] {dag.py:3096} INFO - Sync 1 DAGs
[2024-07-13T00:28:02.528+0000] {logging_mixin.py:188} INFO - [2024-07-13T00:28:02.528+0000] {dag.py:3954} INFO - Setting next_dagrun for example_xcom to 2021-01-01 00:00:00+00:00, run_after=2021-01-01 00:00:00+00:00
[2024-07-13T00:28:02.562+0000] {processor.py:183} INFO - Processing /home/airflow/.local/lib/python3.11/site-packages/airflow/example_dags/example_xcom.py took 0.300 seconds
[2024-07-13T00:28:33.765+0000] {processor.py:161} INFO - Started process (PID=124) to work on /home/airflow/.local/lib/python3.11/site-packages/airflow/example_dags/example_xcom.py
[2024-07-13T00:28:33.767+0000] {processor.py:830} INFO - Processing file /home/airflow/.local/lib/python3.11/site-packages/airflow/example_dags/example_xcom.py for tasks to queue
[2024-07-13T00:28:33.768+0000] {logging_mixin.py:188} INFO - [2024-07-13T00:28:33.767+0000] {dagbag.py:545} INFO - Filling up the DagBag from /home/airflow/.local/lib/python3.11/site-packages/airflow/example_dags/example_xcom.py
[2024-07-13T00:28:33.782+0000] {processor.py:840} INFO - DAG(s) 'example_xcom' retrieved from /home/airflow/.local/lib/python3.11/site-packages/airflow/example_dags/example_xcom.py
[2024-07-13T00:28:33.819+0000] {logging_mixin.py:188} INFO - [2024-07-13T00:28:33.819+0000] {dag.py:3096} INFO - Sync 1 DAGs
[2024-07-13T00:28:33.854+0000] {logging_mixin.py:188} INFO - [2024-07-13T00:28:33.854+0000] {dag.py:3954} INFO - Setting next_dagrun for example_xcom to 2021-01-01 00:00:00+00:00, run_after=2021-01-01 00:00:00+00:00
[2024-07-13T00:28:33.881+0000] {processor.py:183} INFO - Processing /home/airflow/.local/lib/python3.11/site-packages/airflow/example_dags/example_xcom.py took 0.127 seconds
[2024-07-13T00:29:06.572+0000] {processor.py:161} INFO - Started process (PID=186) to work on /home/airflow/.local/lib/python3.11/site-packages/airflow/example_dags/example_xcom.py
[2024-07-13T00:29:06.574+0000] {processor.py:830} INFO - Processing file /home/airflow/.local/lib/python3.11/site-packages/airflow/example_dags/example_xcom.py for tasks to queue
[2024-07-13T00:29:06.576+0000] {logging_mixin.py:188} INFO - [2024-07-13T00:29:06.575+0000] {dagbag.py:545} INFO - Filling up the DagBag from /home/airflow/.local/lib/python3.11/site-packages/airflow/example_dags/example_xcom.py
[2024-07-13T00:29:06.590+0000] {processor.py:840} INFO - DAG(s) 'example_xcom' retrieved from /home/airflow/.local/lib/python3.11/site-packages/airflow/example_dags/example_xcom.py
[2024-07-13T00:29:06.638+0000] {logging_mixin.py:188} INFO - [2024-07-13T00:29:06.638+0000] {dag.py:3096} INFO - Sync 1 DAGs
[2024-07-13T00:29:06.672+0000] {logging_mixin.py:188} INFO - [2024-07-13T00:29:06.671+0000] {dag.py:3954} INFO - Setting next_dagrun for example_xcom to 2021-01-01 00:00:00+00:00, run_after=2021-01-01 00:00:00+00:00
[2024-07-13T00:29:06.703+0000] {processor.py:183} INFO - Processing /home/airflow/.local/lib/python3.11/site-packages/airflow/example_dags/example_xcom.py took 0.142 seconds
[2024-07-13T00:29:39.863+0000] {processor.py:161} INFO - Started process (PID=248) to work on /home/airflow/.local/lib/python3.11/site-packages/airflow/example_dags/example_xcom.py
[2024-07-13T00:29:39.865+0000] {processor.py:830} INFO - Processing file /home/airflow/.local/lib/python3.11/site-packages/airflow/example_dags/example_xcom.py for tasks to queue
[2024-07-13T00:29:39.867+0000] {logging_mixin.py:188} INFO - [2024-07-13T00:29:39.866+0000] {dagbag.py:545} INFO - Filling up the DagBag from /home/airflow/.local/lib/python3.11/site-packages/airflow/example_dags/example_xcom.py
[2024-07-13T00:29:39.888+0000] {processor.py:840} INFO - DAG(s) 'example_xcom' retrieved from /home/airflow/.local/lib/python3.11/site-packages/airflow/example_dags/example_xcom.py
[2024-07-13T00:29:39.953+0000] {logging_mixin.py:188} INFO - [2024-07-13T00:29:39.953+0000] {dag.py:3096} INFO - Sync 1 DAGs
[2024-07-13T00:29:40.001+0000] {logging_mixin.py:188} INFO - [2024-07-13T00:29:40.000+0000] {dag.py:3954} INFO - Setting next_dagrun for example_xcom to 2021-01-01 00:00:00+00:00, run_after=2021-01-01 00:00:00+00:00
[2024-07-13T00:29:40.034+0000] {processor.py:183} INFO - Processing /home/airflow/.local/lib/python3.11/site-packages/airflow/example_dags/example_xcom.py took 0.190 seconds
[2024-07-13T00:30:12.962+0000] {processor.py:161} INFO - Started process (PID=317) to work on /home/airflow/.local/lib/python3.11/site-packages/airflow/example_dags/example_xcom.py
[2024-07-13T00:30:12.964+0000] {processor.py:830} INFO - Processing file /home/airflow/.local/lib/python3.11/site-packages/airflow/example_dags/example_xcom.py for tasks to queue
[2024-07-13T00:30:12.965+0000] {logging_mixin.py:188} INFO - [2024-07-13T00:30:12.964+0000] {dagbag.py:545} INFO - Filling up the DagBag from /home/airflow/.local/lib/python3.11/site-packages/airflow/example_dags/example_xcom.py
[2024-07-13T00:30:12.985+0000] {processor.py:840} INFO - DAG(s) 'example_xcom' retrieved from /home/airflow/.local/lib/python3.11/site-packages/airflow/example_dags/example_xcom.py
[2024-07-13T00:30:13.040+0000] {logging_mixin.py:188} INFO - [2024-07-13T00:30:13.040+0000] {dag.py:3096} INFO - Sync 1 DAGs
[2024-07-13T00:30:13.082+0000] {logging_mixin.py:188} INFO - [2024-07-13T00:30:13.081+0000] {dag.py:3954} INFO - Setting next_dagrun for example_xcom to 2021-01-01 00:00:00+00:00, run_after=2021-01-01 00:00:00+00:00
[2024-07-13T00:30:13.116+0000] {processor.py:183} INFO - Processing /home/airflow/.local/lib/python3.11/site-packages/airflow/example_dags/example_xcom.py took 0.168 seconds
[2024-07-13T00:30:45.663+0000] {processor.py:161} INFO - Started process (PID=379) to work on /home/airflow/.local/lib/python3.11/site-packages/airflow/example_dags/example_xcom.py
[2024-07-13T00:30:45.665+0000] {processor.py:830} INFO - Processing file /home/airflow/.local/lib/python3.11/site-packages/airflow/example_dags/example_xcom.py for tasks to queue
[2024-07-13T00:30:45.666+0000] {logging_mixin.py:188} INFO - [2024-07-13T00:30:45.666+0000] {dagbag.py:545} INFO - Filling up the DagBag from /home/airflow/.local/lib/python3.11/site-packages/airflow/example_dags/example_xcom.py
[2024-07-13T00:30:45.681+0000] {processor.py:840} INFO - DAG(s) 'example_xcom' retrieved from /home/airflow/.local/lib/python3.11/site-packages/airflow/example_dags/example_xcom.py
[2024-07-13T00:30:45.725+0000] {logging_mixin.py:188} INFO - [2024-07-13T00:30:45.725+0000] {dag.py:3096} INFO - Sync 1 DAGs
[2024-07-13T00:30:45.763+0000] {logging_mixin.py:188} INFO - [2024-07-13T00:30:45.763+0000] {dag.py:3954} INFO - Setting next_dagrun for example_xcom to 2021-01-01 00:00:00+00:00, run_after=2021-01-01 00:00:00+00:00
[2024-07-13T00:30:45.791+0000] {processor.py:183} INFO - Processing /home/airflow/.local/lib/python3.11/site-packages/airflow/example_dags/example_xcom.py took 0.139 seconds
[2024-07-13T00:31:18.981+0000] {processor.py:161} INFO - Started process (PID=441) to work on /home/airflow/.local/lib/python3.11/site-packages/airflow/example_dags/example_xcom.py
[2024-07-13T00:31:18.983+0000] {processor.py:830} INFO - Processing file /home/airflow/.local/lib/python3.11/site-packages/airflow/example_dags/example_xcom.py for tasks to queue
[2024-07-13T00:31:18.985+0000] {logging_mixin.py:188} INFO - [2024-07-13T00:31:18.984+0000] {dagbag.py:545} INFO - Filling up the DagBag from /home/airflow/.local/lib/python3.11/site-packages/airflow/example_dags/example_xcom.py
[2024-07-13T00:31:19.005+0000] {processor.py:840} INFO - DAG(s) 'example_xcom' retrieved from /home/airflow/.local/lib/python3.11/site-packages/airflow/example_dags/example_xcom.py
[2024-07-13T00:31:19.059+0000] {logging_mixin.py:188} INFO - [2024-07-13T00:31:19.059+0000] {dag.py:3096} INFO - Sync 1 DAGs
[2024-07-13T00:31:19.105+0000] {logging_mixin.py:188} INFO - [2024-07-13T00:31:19.105+0000] {dag.py:3954} INFO - Setting next_dagrun for example_xcom to 2021-01-01 00:00:00+00:00, run_after=2021-01-01 00:00:00+00:00
[2024-07-13T00:31:19.132+0000] {processor.py:183} INFO - Processing /home/airflow/.local/lib/python3.11/site-packages/airflow/example_dags/example_xcom.py took 0.175 seconds
[2024-07-13T00:31:53.226+0000] {processor.py:161} INFO - Started process (PID=503) to work on /home/airflow/.local/lib/python3.11/site-packages/airflow/example_dags/example_xcom.py
[2024-07-13T00:31:53.228+0000] {processor.py:830} INFO - Processing file /home/airflow/.local/lib/python3.11/site-packages/airflow/example_dags/example_xcom.py for tasks to queue
[2024-07-13T00:31:53.230+0000] {logging_mixin.py:188} INFO - [2024-07-13T00:31:53.229+0000] {dagbag.py:545} INFO - Filling up the DagBag from /home/airflow/.local/lib/python3.11/site-packages/airflow/example_dags/example_xcom.py
[2024-07-13T00:31:53.248+0000] {processor.py:840} INFO - DAG(s) 'example_xcom' retrieved from /home/airflow/.local/lib/python3.11/site-packages/airflow/example_dags/example_xcom.py
[2024-07-13T00:31:53.297+0000] {logging_mixin.py:188} INFO - [2024-07-13T00:31:53.296+0000] {dag.py:3096} INFO - Sync 1 DAGs
[2024-07-13T00:31:53.348+0000] {logging_mixin.py:188} INFO - [2024-07-13T00:31:53.348+0000] {dag.py:3954} INFO - Setting next_dagrun for example_xcom to 2021-01-01 00:00:00+00:00, run_after=2021-01-01 00:00:00+00:00
[2024-07-13T00:31:53.380+0000] {processor.py:183} INFO - Processing /home/airflow/.local/lib/python3.11/site-packages/airflow/example_dags/example_xcom.py took 0.167 seconds
[2024-07-13T00:32:27.651+0000] {processor.py:161} INFO - Started process (PID=565) to work on /home/airflow/.local/lib/python3.11/site-packages/airflow/example_dags/example_xcom.py
[2024-07-13T00:32:27.653+0000] {processor.py:830} INFO - Processing file /home/airflow/.local/lib/python3.11/site-packages/airflow/example_dags/example_xcom.py for tasks to queue
[2024-07-13T00:32:27.654+0000] {logging_mixin.py:188} INFO - [2024-07-13T00:32:27.654+0000] {dagbag.py:545} INFO - Filling up the DagBag from /home/airflow/.local/lib/python3.11/site-packages/airflow/example_dags/example_xcom.py
[2024-07-13T00:32:27.671+0000] {processor.py:840} INFO - DAG(s) 'example_xcom' retrieved from /home/airflow/.local/lib/python3.11/site-packages/airflow/example_dags/example_xcom.py
[2024-07-13T00:32:27.720+0000] {logging_mixin.py:188} INFO - [2024-07-13T00:32:27.719+0000] {dag.py:3096} INFO - Sync 1 DAGs
[2024-07-13T00:32:27.764+0000] {logging_mixin.py:188} INFO - [2024-07-13T00:32:27.764+0000] {dag.py:3954} INFO - Setting next_dagrun for example_xcom to 2021-01-01 00:00:00+00:00, run_after=2021-01-01 00:00:00+00:00
[2024-07-13T00:32:27.799+0000] {processor.py:183} INFO - Processing /home/airflow/.local/lib/python3.11/site-packages/airflow/example_dags/example_xcom.py took 0.161 seconds
[2024-07-13T00:33:02.196+0000] {processor.py:161} INFO - Started process (PID=627) to work on /home/airflow/.local/lib/python3.11/site-packages/airflow/example_dags/example_xcom.py
[2024-07-13T00:33:02.198+0000] {processor.py:830} INFO - Processing file /home/airflow/.local/lib/python3.11/site-packages/airflow/example_dags/example_xcom.py for tasks to queue
[2024-07-13T00:33:02.200+0000] {logging_mixin.py:188} INFO - [2024-07-13T00:33:02.199+0000] {dagbag.py:545} INFO - Filling up the DagBag from /home/airflow/.local/lib/python3.11/site-packages/airflow/example_dags/example_xcom.py
[2024-07-13T00:33:02.220+0000] {processor.py:840} INFO - DAG(s) 'example_xcom' retrieved from /home/airflow/.local/lib/python3.11/site-packages/airflow/example_dags/example_xcom.py
[2024-07-13T00:33:02.270+0000] {logging_mixin.py:188} INFO - [2024-07-13T00:33:02.269+0000] {dag.py:3096} INFO - Sync 1 DAGs
[2024-07-13T00:33:02.314+0000] {logging_mixin.py:188} INFO - [2024-07-13T00:33:02.314+0000] {dag.py:3954} INFO - Setting next_dagrun for example_xcom to 2021-01-01 00:00:00+00:00, run_after=2021-01-01 00:00:00+00:00
[2024-07-13T00:33:02.345+0000] {processor.py:183} INFO - Processing /home/airflow/.local/lib/python3.11/site-packages/airflow/example_dags/example_xcom.py took 0.164 seconds
[2024-07-13T00:33:34.425+0000] {processor.py:161} INFO - Started process (PID=689) to work on /home/airflow/.local/lib/python3.11/site-packages/airflow/example_dags/example_xcom.py
[2024-07-13T00:33:34.445+0000] {processor.py:830} INFO - Processing file /home/airflow/.local/lib/python3.11/site-packages/airflow/example_dags/example_xcom.py for tasks to queue
[2024-07-13T00:33:34.447+0000] {logging_mixin.py:188} INFO - [2024-07-13T00:33:34.446+0000] {dagbag.py:545} INFO - Filling up the DagBag from /home/airflow/.local/lib/python3.11/site-packages/airflow/example_dags/example_xcom.py
[2024-07-13T00:33:34.478+0000] {processor.py:840} INFO - DAG(s) 'example_xcom' retrieved from /home/airflow/.local/lib/python3.11/site-packages/airflow/example_dags/example_xcom.py
[2024-07-13T00:33:34.524+0000] {logging_mixin.py:188} INFO - [2024-07-13T00:33:34.524+0000] {dag.py:3096} INFO - Sync 1 DAGs
[2024-07-13T00:33:34.568+0000] {logging_mixin.py:188} INFO - [2024-07-13T00:33:34.568+0000] {dag.py:3954} INFO - Setting next_dagrun for example_xcom to 2021-01-01 00:00:00+00:00, run_after=2021-01-01 00:00:00+00:00
[2024-07-13T00:33:34.600+0000] {processor.py:183} INFO - Processing /home/airflow/.local/lib/python3.11/site-packages/airflow/example_dags/example_xcom.py took 0.207 seconds
[2024-07-13T00:35:50.129+0000] {processor.py:161} INFO - Started process (PID=63) to work on /home/airflow/.local/lib/python3.11/site-packages/airflow/example_dags/example_xcom.py
[2024-07-13T00:35:50.132+0000] {processor.py:830} INFO - Processing file /home/airflow/.local/lib/python3.11/site-packages/airflow/example_dags/example_xcom.py for tasks to queue
[2024-07-13T00:35:50.136+0000] {logging_mixin.py:188} INFO - [2024-07-13T00:35:50.135+0000] {dagbag.py:545} INFO - Filling up the DagBag from /home/airflow/.local/lib/python3.11/site-packages/airflow/example_dags/example_xcom.py
[2024-07-13T00:35:50.157+0000] {processor.py:840} INFO - DAG(s) 'example_xcom' retrieved from /home/airflow/.local/lib/python3.11/site-packages/airflow/example_dags/example_xcom.py
[2024-07-13T00:35:50.376+0000] {logging_mixin.py:188} INFO - [2024-07-13T00:35:50.376+0000] {dag.py:3096} INFO - Sync 1 DAGs
[2024-07-13T00:35:50.418+0000] {logging_mixin.py:188} INFO - [2024-07-13T00:35:50.417+0000] {dag.py:3954} INFO - Setting next_dagrun for example_xcom to 2021-01-01 00:00:00+00:00, run_after=2021-01-01 00:00:00+00:00
[2024-07-13T00:35:50.448+0000] {processor.py:183} INFO - Processing /home/airflow/.local/lib/python3.11/site-packages/airflow/example_dags/example_xcom.py took 0.333 seconds
[2024-07-13T00:36:21.437+0000] {processor.py:161} INFO - Started process (PID=125) to work on /home/airflow/.local/lib/python3.11/site-packages/airflow/example_dags/example_xcom.py
[2024-07-13T00:36:21.440+0000] {processor.py:830} INFO - Processing file /home/airflow/.local/lib/python3.11/site-packages/airflow/example_dags/example_xcom.py for tasks to queue
[2024-07-13T00:36:21.444+0000] {logging_mixin.py:188} INFO - [2024-07-13T00:36:21.443+0000] {dagbag.py:545} INFO - Filling up the DagBag from /home/airflow/.local/lib/python3.11/site-packages/airflow/example_dags/example_xcom.py
[2024-07-13T00:36:21.466+0000] {processor.py:840} INFO - DAG(s) 'example_xcom' retrieved from /home/airflow/.local/lib/python3.11/site-packages/airflow/example_dags/example_xcom.py
[2024-07-13T00:36:21.514+0000] {logging_mixin.py:188} INFO - [2024-07-13T00:36:21.514+0000] {dag.py:3096} INFO - Sync 1 DAGs
[2024-07-13T00:36:21.557+0000] {logging_mixin.py:188} INFO - [2024-07-13T00:36:21.556+0000] {dag.py:3954} INFO - Setting next_dagrun for example_xcom to 2021-01-01 00:00:00+00:00, run_after=2021-01-01 00:00:00+00:00
[2024-07-13T00:36:21.585+0000] {processor.py:183} INFO - Processing /home/airflow/.local/lib/python3.11/site-packages/airflow/example_dags/example_xcom.py took 0.163 seconds
[2024-07-13T00:38:21.406+0000] {processor.py:161} INFO - Started process (PID=61) to work on /home/airflow/.local/lib/python3.11/site-packages/airflow/example_dags/example_xcom.py
[2024-07-13T00:38:21.409+0000] {processor.py:830} INFO - Processing file /home/airflow/.local/lib/python3.11/site-packages/airflow/example_dags/example_xcom.py for tasks to queue
[2024-07-13T00:38:21.412+0000] {logging_mixin.py:188} INFO - [2024-07-13T00:38:21.411+0000] {dagbag.py:545} INFO - Filling up the DagBag from /home/airflow/.local/lib/python3.11/site-packages/airflow/example_dags/example_xcom.py
[2024-07-13T00:38:21.428+0000] {processor.py:840} INFO - DAG(s) 'example_xcom' retrieved from /home/airflow/.local/lib/python3.11/site-packages/airflow/example_dags/example_xcom.py
[2024-07-13T00:38:21.656+0000] {logging_mixin.py:188} INFO - [2024-07-13T00:38:21.656+0000] {dag.py:3096} INFO - Sync 1 DAGs
[2024-07-13T00:38:21.698+0000] {logging_mixin.py:188} INFO - [2024-07-13T00:38:21.697+0000] {dag.py:3954} INFO - Setting next_dagrun for example_xcom to 2021-01-01 00:00:00+00:00, run_after=2021-01-01 00:00:00+00:00
[2024-07-13T00:38:21.734+0000] {processor.py:183} INFO - Processing /home/airflow/.local/lib/python3.11/site-packages/airflow/example_dags/example_xcom.py took 0.340 seconds
[2024-07-13T00:38:51.782+0000] {processor.py:161} INFO - Started process (PID=123) to work on /home/airflow/.local/lib/python3.11/site-packages/airflow/example_dags/example_xcom.py
[2024-07-13T00:38:51.784+0000] {processor.py:830} INFO - Processing file /home/airflow/.local/lib/python3.11/site-packages/airflow/example_dags/example_xcom.py for tasks to queue
[2024-07-13T00:38:51.787+0000] {logging_mixin.py:188} INFO - [2024-07-13T00:38:51.787+0000] {dagbag.py:545} INFO - Filling up the DagBag from /home/airflow/.local/lib/python3.11/site-packages/airflow/example_dags/example_xcom.py
[2024-07-13T00:38:51.803+0000] {processor.py:840} INFO - DAG(s) 'example_xcom' retrieved from /home/airflow/.local/lib/python3.11/site-packages/airflow/example_dags/example_xcom.py
[2024-07-13T00:38:51.850+0000] {logging_mixin.py:188} INFO - [2024-07-13T00:38:51.849+0000] {dag.py:3096} INFO - Sync 1 DAGs
[2024-07-13T00:38:51.891+0000] {logging_mixin.py:188} INFO - [2024-07-13T00:38:51.891+0000] {dag.py:3954} INFO - Setting next_dagrun for example_xcom to 2021-01-01 00:00:00+00:00, run_after=2021-01-01 00:00:00+00:00
[2024-07-13T00:38:51.918+0000] {processor.py:183} INFO - Processing /home/airflow/.local/lib/python3.11/site-packages/airflow/example_dags/example_xcom.py took 0.148 seconds
[2024-07-13T00:39:24.796+0000] {processor.py:161} INFO - Started process (PID=185) to work on /home/airflow/.local/lib/python3.11/site-packages/airflow/example_dags/example_xcom.py
[2024-07-13T00:39:24.799+0000] {processor.py:830} INFO - Processing file /home/airflow/.local/lib/python3.11/site-packages/airflow/example_dags/example_xcom.py for tasks to queue
[2024-07-13T00:39:24.802+0000] {logging_mixin.py:188} INFO - [2024-07-13T00:39:24.801+0000] {dagbag.py:545} INFO - Filling up the DagBag from /home/airflow/.local/lib/python3.11/site-packages/airflow/example_dags/example_xcom.py
[2024-07-13T00:39:24.816+0000] {processor.py:840} INFO - DAG(s) 'example_xcom' retrieved from /home/airflow/.local/lib/python3.11/site-packages/airflow/example_dags/example_xcom.py
[2024-07-13T00:39:24.856+0000] {logging_mixin.py:188} INFO - [2024-07-13T00:39:24.856+0000] {dag.py:3096} INFO - Sync 1 DAGs
[2024-07-13T00:39:24.891+0000] {logging_mixin.py:188} INFO - [2024-07-13T00:39:24.891+0000] {dag.py:3954} INFO - Setting next_dagrun for example_xcom to 2021-01-01 00:00:00+00:00, run_after=2021-01-01 00:00:00+00:00
[2024-07-13T00:39:24.919+0000] {processor.py:183} INFO - Processing /home/airflow/.local/lib/python3.11/site-packages/airflow/example_dags/example_xcom.py took 0.135 seconds
[2024-07-13T00:39:57.814+0000] {processor.py:161} INFO - Started process (PID=247) to work on /home/airflow/.local/lib/python3.11/site-packages/airflow/example_dags/example_xcom.py
[2024-07-13T00:39:57.816+0000] {processor.py:830} INFO - Processing file /home/airflow/.local/lib/python3.11/site-packages/airflow/example_dags/example_xcom.py for tasks to queue
[2024-07-13T00:39:57.820+0000] {logging_mixin.py:188} INFO - [2024-07-13T00:39:57.819+0000] {dagbag.py:545} INFO - Filling up the DagBag from /home/airflow/.local/lib/python3.11/site-packages/airflow/example_dags/example_xcom.py
[2024-07-13T00:39:57.838+0000] {processor.py:840} INFO - DAG(s) 'example_xcom' retrieved from /home/airflow/.local/lib/python3.11/site-packages/airflow/example_dags/example_xcom.py
[2024-07-13T00:39:57.889+0000] {logging_mixin.py:188} INFO - [2024-07-13T00:39:57.889+0000] {dag.py:3096} INFO - Sync 1 DAGs
[2024-07-13T00:39:57.934+0000] {logging_mixin.py:188} INFO - [2024-07-13T00:39:57.934+0000] {dag.py:3954} INFO - Setting next_dagrun for example_xcom to 2021-01-01 00:00:00+00:00, run_after=2021-01-01 00:00:00+00:00
[2024-07-13T00:39:57.965+0000] {processor.py:183} INFO - Processing /home/airflow/.local/lib/python3.11/site-packages/airflow/example_dags/example_xcom.py took 0.165 seconds
[2024-07-13T00:40:30.556+0000] {processor.py:161} INFO - Started process (PID=309) to work on /home/airflow/.local/lib/python3.11/site-packages/airflow/example_dags/example_xcom.py
[2024-07-13T00:40:30.558+0000] {processor.py:830} INFO - Processing file /home/airflow/.local/lib/python3.11/site-packages/airflow/example_dags/example_xcom.py for tasks to queue
[2024-07-13T00:40:30.561+0000] {logging_mixin.py:188} INFO - [2024-07-13T00:40:30.561+0000] {dagbag.py:545} INFO - Filling up the DagBag from /home/airflow/.local/lib/python3.11/site-packages/airflow/example_dags/example_xcom.py
[2024-07-13T00:40:30.576+0000] {processor.py:840} INFO - DAG(s) 'example_xcom' retrieved from /home/airflow/.local/lib/python3.11/site-packages/airflow/example_dags/example_xcom.py
[2024-07-13T00:40:30.614+0000] {logging_mixin.py:188} INFO - [2024-07-13T00:40:30.614+0000] {dag.py:3096} INFO - Sync 1 DAGs
[2024-07-13T00:40:30.647+0000] {logging_mixin.py:188} INFO - [2024-07-13T00:40:30.647+0000] {dag.py:3954} INFO - Setting next_dagrun for example_xcom to 2021-01-01 00:00:00+00:00, run_after=2021-01-01 00:00:00+00:00
[2024-07-13T00:40:30.674+0000] {processor.py:183} INFO - Processing /home/airflow/.local/lib/python3.11/site-packages/airflow/example_dags/example_xcom.py took 0.129 seconds
[2024-07-13T00:41:11.221+0000] {processor.py:161} INFO - Started process (PID=375) to work on /home/airflow/.local/lib/python3.11/site-packages/airflow/example_dags/example_xcom.py
[2024-07-13T00:41:11.228+0000] {processor.py:830} INFO - Processing file /home/airflow/.local/lib/python3.11/site-packages/airflow/example_dags/example_xcom.py for tasks to queue
[2024-07-13T00:41:11.241+0000] {logging_mixin.py:188} INFO - [2024-07-13T00:41:11.238+0000] {dagbag.py:545} INFO - Filling up the DagBag from /home/airflow/.local/lib/python3.11/site-packages/airflow/example_dags/example_xcom.py
[2024-07-13T00:41:11.292+0000] {processor.py:840} INFO - DAG(s) 'example_xcom' retrieved from /home/airflow/.local/lib/python3.11/site-packages/airflow/example_dags/example_xcom.py
[2024-07-13T00:41:11.397+0000] {logging_mixin.py:188} INFO - [2024-07-13T00:41:11.397+0000] {dag.py:3096} INFO - Sync 1 DAGs
[2024-07-13T00:41:11.484+0000] {logging_mixin.py:188} INFO - [2024-07-13T00:41:11.482+0000] {dag.py:3954} INFO - Setting next_dagrun for example_xcom to 2021-01-01 00:00:00+00:00, run_after=2021-01-01 00:00:00+00:00
[2024-07-13T00:41:11.562+0000] {processor.py:183} INFO - Processing /home/airflow/.local/lib/python3.11/site-packages/airflow/example_dags/example_xcom.py took 0.386 seconds
[2024-07-13T00:41:42.493+0000] {processor.py:161} INFO - Started process (PID=436) to work on /home/airflow/.local/lib/python3.11/site-packages/airflow/example_dags/example_xcom.py
[2024-07-13T00:41:42.495+0000] {processor.py:830} INFO - Processing file /home/airflow/.local/lib/python3.11/site-packages/airflow/example_dags/example_xcom.py for tasks to queue
[2024-07-13T00:41:42.498+0000] {logging_mixin.py:188} INFO - [2024-07-13T00:41:42.498+0000] {dagbag.py:545} INFO - Filling up the DagBag from /home/airflow/.local/lib/python3.11/site-packages/airflow/example_dags/example_xcom.py
[2024-07-13T00:41:42.516+0000] {processor.py:840} INFO - DAG(s) 'example_xcom' retrieved from /home/airflow/.local/lib/python3.11/site-packages/airflow/example_dags/example_xcom.py
[2024-07-13T00:41:42.556+0000] {logging_mixin.py:188} INFO - [2024-07-13T00:41:42.556+0000] {dag.py:3096} INFO - Sync 1 DAGs
[2024-07-13T00:41:42.592+0000] {logging_mixin.py:188} INFO - [2024-07-13T00:41:42.592+0000] {dag.py:3954} INFO - Setting next_dagrun for example_xcom to 2021-01-01 00:00:00+00:00, run_after=2021-01-01 00:00:00+00:00
[2024-07-13T00:41:42.619+0000] {processor.py:183} INFO - Processing /home/airflow/.local/lib/python3.11/site-packages/airflow/example_dags/example_xcom.py took 0.137 seconds
[2024-07-13T00:42:16.600+0000] {processor.py:161} INFO - Started process (PID=498) to work on /home/airflow/.local/lib/python3.11/site-packages/airflow/example_dags/example_xcom.py
[2024-07-13T00:42:16.603+0000] {processor.py:830} INFO - Processing file /home/airflow/.local/lib/python3.11/site-packages/airflow/example_dags/example_xcom.py for tasks to queue
[2024-07-13T00:42:16.607+0000] {logging_mixin.py:188} INFO - [2024-07-13T00:42:16.606+0000] {dagbag.py:545} INFO - Filling up the DagBag from /home/airflow/.local/lib/python3.11/site-packages/airflow/example_dags/example_xcom.py
[2024-07-13T00:42:16.627+0000] {processor.py:840} INFO - DAG(s) 'example_xcom' retrieved from /home/airflow/.local/lib/python3.11/site-packages/airflow/example_dags/example_xcom.py
[2024-07-13T00:42:16.670+0000] {logging_mixin.py:188} INFO - [2024-07-13T00:42:16.669+0000] {dag.py:3096} INFO - Sync 1 DAGs
[2024-07-13T00:42:16.716+0000] {logging_mixin.py:188} INFO - [2024-07-13T00:42:16.716+0000] {dag.py:3954} INFO - Setting next_dagrun for example_xcom to 2021-01-01 00:00:00+00:00, run_after=2021-01-01 00:00:00+00:00
[2024-07-13T00:42:16.755+0000] {processor.py:183} INFO - Processing /home/airflow/.local/lib/python3.11/site-packages/airflow/example_dags/example_xcom.py took 0.170 seconds
[2024-07-13T00:44:04.874+0000] {processor.py:161} INFO - Started process (PID=62) to work on /home/airflow/.local/lib/python3.11/site-packages/airflow/example_dags/example_xcom.py
[2024-07-13T00:44:04.877+0000] {processor.py:830} INFO - Processing file /home/airflow/.local/lib/python3.11/site-packages/airflow/example_dags/example_xcom.py for tasks to queue
[2024-07-13T00:44:04.880+0000] {logging_mixin.py:188} INFO - [2024-07-13T00:44:04.879+0000] {dagbag.py:545} INFO - Filling up the DagBag from /home/airflow/.local/lib/python3.11/site-packages/airflow/example_dags/example_xcom.py
[2024-07-13T00:44:04.897+0000] {processor.py:840} INFO - DAG(s) 'example_xcom' retrieved from /home/airflow/.local/lib/python3.11/site-packages/airflow/example_dags/example_xcom.py
[2024-07-13T00:44:05.064+0000] {logging_mixin.py:188} INFO - [2024-07-13T00:44:05.064+0000] {dag.py:3096} INFO - Sync 1 DAGs
[2024-07-13T00:44:05.094+0000] {logging_mixin.py:188} INFO - [2024-07-13T00:44:05.093+0000] {dag.py:3954} INFO - Setting next_dagrun for example_xcom to 2021-01-01 00:00:00+00:00, run_after=2021-01-01 00:00:00+00:00
[2024-07-13T00:44:05.123+0000] {processor.py:183} INFO - Processing /home/airflow/.local/lib/python3.11/site-packages/airflow/example_dags/example_xcom.py took 0.263 seconds
[2024-07-13T00:44:35.662+0000] {processor.py:161} INFO - Started process (PID=124) to work on /home/airflow/.local/lib/python3.11/site-packages/airflow/example_dags/example_xcom.py
[2024-07-13T00:44:35.664+0000] {processor.py:830} INFO - Processing file /home/airflow/.local/lib/python3.11/site-packages/airflow/example_dags/example_xcom.py for tasks to queue
[2024-07-13T00:44:35.668+0000] {logging_mixin.py:188} INFO - [2024-07-13T00:44:35.667+0000] {dagbag.py:545} INFO - Filling up the DagBag from /home/airflow/.local/lib/python3.11/site-packages/airflow/example_dags/example_xcom.py
[2024-07-13T00:44:35.683+0000] {processor.py:840} INFO - DAG(s) 'example_xcom' retrieved from /home/airflow/.local/lib/python3.11/site-packages/airflow/example_dags/example_xcom.py
[2024-07-13T00:44:35.723+0000] {logging_mixin.py:188} INFO - [2024-07-13T00:44:35.722+0000] {dag.py:3096} INFO - Sync 1 DAGs
[2024-07-13T00:44:35.760+0000] {logging_mixin.py:188} INFO - [2024-07-13T00:44:35.759+0000] {dag.py:3954} INFO - Setting next_dagrun for example_xcom to 2021-01-01 00:00:00+00:00, run_after=2021-01-01 00:00:00+00:00
[2024-07-13T00:44:35.797+0000] {processor.py:183} INFO - Processing /home/airflow/.local/lib/python3.11/site-packages/airflow/example_dags/example_xcom.py took 0.147 seconds
[2024-07-13T00:45:07.269+0000] {processor.py:161} INFO - Started process (PID=185) to work on /home/airflow/.local/lib/python3.11/site-packages/airflow/example_dags/example_xcom.py
[2024-07-13T00:45:07.273+0000] {processor.py:830} INFO - Processing file /home/airflow/.local/lib/python3.11/site-packages/airflow/example_dags/example_xcom.py for tasks to queue
[2024-07-13T00:45:07.276+0000] {logging_mixin.py:188} INFO - [2024-07-13T00:45:07.275+0000] {dagbag.py:545} INFO - Filling up the DagBag from /home/airflow/.local/lib/python3.11/site-packages/airflow/example_dags/example_xcom.py
[2024-07-13T00:45:07.294+0000] {processor.py:840} INFO - DAG(s) 'example_xcom' retrieved from /home/airflow/.local/lib/python3.11/site-packages/airflow/example_dags/example_xcom.py
[2024-07-13T00:45:07.332+0000] {logging_mixin.py:188} INFO - [2024-07-13T00:45:07.332+0000] {dag.py:3096} INFO - Sync 1 DAGs
[2024-07-13T00:45:07.365+0000] {logging_mixin.py:188} INFO - [2024-07-13T00:45:07.365+0000] {dag.py:3954} INFO - Setting next_dagrun for example_xcom to 2021-01-01 00:00:00+00:00, run_after=2021-01-01 00:00:00+00:00
[2024-07-13T00:45:07.392+0000] {processor.py:183} INFO - Processing /home/airflow/.local/lib/python3.11/site-packages/airflow/example_dags/example_xcom.py took 0.135 seconds
[2024-07-13T00:45:40.216+0000] {processor.py:161} INFO - Started process (PID=247) to work on /home/airflow/.local/lib/python3.11/site-packages/airflow/example_dags/example_xcom.py
[2024-07-13T00:45:40.218+0000] {processor.py:830} INFO - Processing file /home/airflow/.local/lib/python3.11/site-packages/airflow/example_dags/example_xcom.py for tasks to queue
[2024-07-13T00:45:40.222+0000] {logging_mixin.py:188} INFO - [2024-07-13T00:45:40.221+0000] {dagbag.py:545} INFO - Filling up the DagBag from /home/airflow/.local/lib/python3.11/site-packages/airflow/example_dags/example_xcom.py
[2024-07-13T00:45:40.237+0000] {processor.py:840} INFO - DAG(s) 'example_xcom' retrieved from /home/airflow/.local/lib/python3.11/site-packages/airflow/example_dags/example_xcom.py
[2024-07-13T00:45:40.274+0000] {logging_mixin.py:188} INFO - [2024-07-13T00:45:40.274+0000] {dag.py:3096} INFO - Sync 1 DAGs
[2024-07-13T00:45:40.307+0000] {logging_mixin.py:188} INFO - [2024-07-13T00:45:40.306+0000] {dag.py:3954} INFO - Setting next_dagrun for example_xcom to 2021-01-01 00:00:00+00:00, run_after=2021-01-01 00:00:00+00:00
[2024-07-13T00:45:40.332+0000] {processor.py:183} INFO - Processing /home/airflow/.local/lib/python3.11/site-packages/airflow/example_dags/example_xcom.py took 0.128 seconds
[2024-07-13T00:46:12.928+0000] {processor.py:161} INFO - Started process (PID=308) to work on /home/airflow/.local/lib/python3.11/site-packages/airflow/example_dags/example_xcom.py
[2024-07-13T00:46:12.930+0000] {processor.py:830} INFO - Processing file /home/airflow/.local/lib/python3.11/site-packages/airflow/example_dags/example_xcom.py for tasks to queue
[2024-07-13T00:46:12.933+0000] {logging_mixin.py:188} INFO - [2024-07-13T00:46:12.932+0000] {dagbag.py:545} INFO - Filling up the DagBag from /home/airflow/.local/lib/python3.11/site-packages/airflow/example_dags/example_xcom.py
[2024-07-13T00:46:12.947+0000] {processor.py:840} INFO - DAG(s) 'example_xcom' retrieved from /home/airflow/.local/lib/python3.11/site-packages/airflow/example_dags/example_xcom.py
[2024-07-13T00:46:12.986+0000] {logging_mixin.py:188} INFO - [2024-07-13T00:46:12.986+0000] {dag.py:3096} INFO - Sync 1 DAGs
[2024-07-13T00:46:13.021+0000] {logging_mixin.py:188} INFO - [2024-07-13T00:46:13.020+0000] {dag.py:3954} INFO - Setting next_dagrun for example_xcom to 2021-01-01 00:00:00+00:00, run_after=2021-01-01 00:00:00+00:00
[2024-07-13T00:46:13.047+0000] {processor.py:183} INFO - Processing /home/airflow/.local/lib/python3.11/site-packages/airflow/example_dags/example_xcom.py took 0.131 seconds
[2024-07-13T00:46:46.377+0000] {processor.py:161} INFO - Started process (PID=376) to work on /home/airflow/.local/lib/python3.11/site-packages/airflow/example_dags/example_xcom.py
[2024-07-13T00:46:46.379+0000] {processor.py:830} INFO - Processing file /home/airflow/.local/lib/python3.11/site-packages/airflow/example_dags/example_xcom.py for tasks to queue
[2024-07-13T00:46:46.382+0000] {logging_mixin.py:188} INFO - [2024-07-13T00:46:46.381+0000] {dagbag.py:545} INFO - Filling up the DagBag from /home/airflow/.local/lib/python3.11/site-packages/airflow/example_dags/example_xcom.py
[2024-07-13T00:46:46.396+0000] {processor.py:840} INFO - DAG(s) 'example_xcom' retrieved from /home/airflow/.local/lib/python3.11/site-packages/airflow/example_dags/example_xcom.py
[2024-07-13T00:46:46.438+0000] {logging_mixin.py:188} INFO - [2024-07-13T00:46:46.438+0000] {dag.py:3096} INFO - Sync 1 DAGs
[2024-07-13T00:46:46.477+0000] {logging_mixin.py:188} INFO - [2024-07-13T00:46:46.477+0000] {dag.py:3954} INFO - Setting next_dagrun for example_xcom to 2021-01-01 00:00:00+00:00, run_after=2021-01-01 00:00:00+00:00
[2024-07-13T00:46:46.504+0000] {processor.py:183} INFO - Processing /home/airflow/.local/lib/python3.11/site-packages/airflow/example_dags/example_xcom.py took 0.139 seconds
[2024-07-13T00:47:19.946+0000] {processor.py:161} INFO - Started process (PID=437) to work on /home/airflow/.local/lib/python3.11/site-packages/airflow/example_dags/example_xcom.py
[2024-07-13T00:47:19.949+0000] {processor.py:830} INFO - Processing file /home/airflow/.local/lib/python3.11/site-packages/airflow/example_dags/example_xcom.py for tasks to queue
[2024-07-13T00:47:19.952+0000] {logging_mixin.py:188} INFO - [2024-07-13T00:47:19.951+0000] {dagbag.py:545} INFO - Filling up the DagBag from /home/airflow/.local/lib/python3.11/site-packages/airflow/example_dags/example_xcom.py
[2024-07-13T00:47:19.967+0000] {processor.py:840} INFO - DAG(s) 'example_xcom' retrieved from /home/airflow/.local/lib/python3.11/site-packages/airflow/example_dags/example_xcom.py
[2024-07-13T00:47:20.005+0000] {logging_mixin.py:188} INFO - [2024-07-13T00:47:20.005+0000] {dag.py:3096} INFO - Sync 1 DAGs
[2024-07-13T00:47:20.037+0000] {logging_mixin.py:188} INFO - [2024-07-13T00:47:20.037+0000] {dag.py:3954} INFO - Setting next_dagrun for example_xcom to 2021-01-01 00:00:00+00:00, run_after=2021-01-01 00:00:00+00:00
[2024-07-13T00:47:20.062+0000] {processor.py:183} INFO - Processing /home/airflow/.local/lib/python3.11/site-packages/airflow/example_dags/example_xcom.py took 0.128 seconds
[2024-07-13T00:47:57.233+0000] {processor.py:161} INFO - Started process (PID=498) to work on /home/airflow/.local/lib/python3.11/site-packages/airflow/example_dags/example_xcom.py
[2024-07-13T00:47:57.235+0000] {processor.py:830} INFO - Processing file /home/airflow/.local/lib/python3.11/site-packages/airflow/example_dags/example_xcom.py for tasks to queue
[2024-07-13T00:47:57.240+0000] {logging_mixin.py:188} INFO - [2024-07-13T00:47:57.239+0000] {dagbag.py:545} INFO - Filling up the DagBag from /home/airflow/.local/lib/python3.11/site-packages/airflow/example_dags/example_xcom.py
[2024-07-13T00:47:57.259+0000] {processor.py:840} INFO - DAG(s) 'example_xcom' retrieved from /home/airflow/.local/lib/python3.11/site-packages/airflow/example_dags/example_xcom.py
[2024-07-13T00:47:57.308+0000] {logging_mixin.py:188} INFO - [2024-07-13T00:47:57.307+0000] {dag.py:3096} INFO - Sync 1 DAGs
[2024-07-13T00:47:57.353+0000] {logging_mixin.py:188} INFO - [2024-07-13T00:47:57.352+0000] {dag.py:3954} INFO - Setting next_dagrun for example_xcom to 2021-01-01 00:00:00+00:00, run_after=2021-01-01 00:00:00+00:00
[2024-07-13T00:47:57.387+0000] {processor.py:183} INFO - Processing /home/airflow/.local/lib/python3.11/site-packages/airflow/example_dags/example_xcom.py took 0.169 seconds
[2024-07-13T00:48:31.511+0000] {processor.py:161} INFO - Started process (PID=560) to work on /home/airflow/.local/lib/python3.11/site-packages/airflow/example_dags/example_xcom.py
[2024-07-13T00:48:31.513+0000] {processor.py:830} INFO - Processing file /home/airflow/.local/lib/python3.11/site-packages/airflow/example_dags/example_xcom.py for tasks to queue
[2024-07-13T00:48:31.516+0000] {logging_mixin.py:188} INFO - [2024-07-13T00:48:31.515+0000] {dagbag.py:545} INFO - Filling up the DagBag from /home/airflow/.local/lib/python3.11/site-packages/airflow/example_dags/example_xcom.py
[2024-07-13T00:48:31.532+0000] {processor.py:840} INFO - DAG(s) 'example_xcom' retrieved from /home/airflow/.local/lib/python3.11/site-packages/airflow/example_dags/example_xcom.py
[2024-07-13T00:48:31.579+0000] {logging_mixin.py:188} INFO - [2024-07-13T00:48:31.579+0000] {dag.py:3096} INFO - Sync 1 DAGs
[2024-07-13T00:48:31.614+0000] {logging_mixin.py:188} INFO - [2024-07-13T00:48:31.614+0000] {dag.py:3954} INFO - Setting next_dagrun for example_xcom to 2021-01-01 00:00:00+00:00, run_after=2021-01-01 00:00:00+00:00
[2024-07-13T00:48:31.641+0000] {processor.py:183} INFO - Processing /home/airflow/.local/lib/python3.11/site-packages/airflow/example_dags/example_xcom.py took 0.142 seconds
[2024-07-13T00:49:06.290+0000] {processor.py:161} INFO - Started process (PID=624) to work on /home/airflow/.local/lib/python3.11/site-packages/airflow/example_dags/example_xcom.py
[2024-07-13T00:49:06.293+0000] {processor.py:830} INFO - Processing file /home/airflow/.local/lib/python3.11/site-packages/airflow/example_dags/example_xcom.py for tasks to queue
[2024-07-13T00:49:06.296+0000] {logging_mixin.py:188} INFO - [2024-07-13T00:49:06.295+0000] {dagbag.py:545} INFO - Filling up the DagBag from /home/airflow/.local/lib/python3.11/site-packages/airflow/example_dags/example_xcom.py
[2024-07-13T00:49:06.311+0000] {processor.py:840} INFO - DAG(s) 'example_xcom' retrieved from /home/airflow/.local/lib/python3.11/site-packages/airflow/example_dags/example_xcom.py
[2024-07-13T00:49:06.350+0000] {logging_mixin.py:188} INFO - [2024-07-13T00:49:06.350+0000] {dag.py:3096} INFO - Sync 1 DAGs
[2024-07-13T00:49:06.389+0000] {logging_mixin.py:188} INFO - [2024-07-13T00:49:06.389+0000] {dag.py:3954} INFO - Setting next_dagrun for example_xcom to 2021-01-01 00:00:00+00:00, run_after=2021-01-01 00:00:00+00:00
[2024-07-13T00:49:06.417+0000] {processor.py:183} INFO - Processing /home/airflow/.local/lib/python3.11/site-packages/airflow/example_dags/example_xcom.py took 0.138 seconds
[2024-07-13T00:49:40.159+0000] {processor.py:161} INFO - Started process (PID=686) to work on /home/airflow/.local/lib/python3.11/site-packages/airflow/example_dags/example_xcom.py
[2024-07-13T00:49:40.162+0000] {processor.py:830} INFO - Processing file /home/airflow/.local/lib/python3.11/site-packages/airflow/example_dags/example_xcom.py for tasks to queue
[2024-07-13T00:49:40.166+0000] {logging_mixin.py:188} INFO - [2024-07-13T00:49:40.165+0000] {dagbag.py:545} INFO - Filling up the DagBag from /home/airflow/.local/lib/python3.11/site-packages/airflow/example_dags/example_xcom.py
[2024-07-13T00:49:40.183+0000] {processor.py:840} INFO - DAG(s) 'example_xcom' retrieved from /home/airflow/.local/lib/python3.11/site-packages/airflow/example_dags/example_xcom.py
[2024-07-13T00:49:40.227+0000] {logging_mixin.py:188} INFO - [2024-07-13T00:49:40.227+0000] {dag.py:3096} INFO - Sync 1 DAGs
[2024-07-13T00:49:40.260+0000] {logging_mixin.py:188} INFO - [2024-07-13T00:49:40.259+0000] {dag.py:3954} INFO - Setting next_dagrun for example_xcom to 2021-01-01 00:00:00+00:00, run_after=2021-01-01 00:00:00+00:00
[2024-07-13T00:49:40.286+0000] {processor.py:183} INFO - Processing /home/airflow/.local/lib/python3.11/site-packages/airflow/example_dags/example_xcom.py took 0.141 seconds
[2024-07-13T00:50:14.513+0000] {processor.py:161} INFO - Started process (PID=758) to work on /home/airflow/.local/lib/python3.11/site-packages/airflow/example_dags/example_xcom.py
[2024-07-13T00:50:14.515+0000] {processor.py:830} INFO - Processing file /home/airflow/.local/lib/python3.11/site-packages/airflow/example_dags/example_xcom.py for tasks to queue
[2024-07-13T00:50:14.519+0000] {logging_mixin.py:188} INFO - [2024-07-13T00:50:14.518+0000] {dagbag.py:545} INFO - Filling up the DagBag from /home/airflow/.local/lib/python3.11/site-packages/airflow/example_dags/example_xcom.py
[2024-07-13T00:50:14.538+0000] {processor.py:840} INFO - DAG(s) 'example_xcom' retrieved from /home/airflow/.local/lib/python3.11/site-packages/airflow/example_dags/example_xcom.py
[2024-07-13T00:50:14.584+0000] {logging_mixin.py:188} INFO - [2024-07-13T00:50:14.584+0000] {dag.py:3096} INFO - Sync 1 DAGs
[2024-07-13T00:50:14.629+0000] {logging_mixin.py:188} INFO - [2024-07-13T00:50:14.628+0000] {dag.py:3954} INFO - Setting next_dagrun for example_xcom to 2021-01-01 00:00:00+00:00, run_after=2021-01-01 00:00:00+00:00
[2024-07-13T00:50:14.667+0000] {processor.py:183} INFO - Processing /home/airflow/.local/lib/python3.11/site-packages/airflow/example_dags/example_xcom.py took 0.168 seconds
[2024-07-13T00:50:47.967+0000] {processor.py:161} INFO - Started process (PID=820) to work on /home/airflow/.local/lib/python3.11/site-packages/airflow/example_dags/example_xcom.py
[2024-07-13T00:50:47.969+0000] {processor.py:830} INFO - Processing file /home/airflow/.local/lib/python3.11/site-packages/airflow/example_dags/example_xcom.py for tasks to queue
[2024-07-13T00:50:47.972+0000] {logging_mixin.py:188} INFO - [2024-07-13T00:50:47.972+0000] {dagbag.py:545} INFO - Filling up the DagBag from /home/airflow/.local/lib/python3.11/site-packages/airflow/example_dags/example_xcom.py
[2024-07-13T00:50:47.988+0000] {processor.py:840} INFO - DAG(s) 'example_xcom' retrieved from /home/airflow/.local/lib/python3.11/site-packages/airflow/example_dags/example_xcom.py
[2024-07-13T00:50:48.024+0000] {logging_mixin.py:188} INFO - [2024-07-13T00:50:48.024+0000] {dag.py:3096} INFO - Sync 1 DAGs
[2024-07-13T00:50:48.067+0000] {logging_mixin.py:188} INFO - [2024-07-13T00:50:48.067+0000] {dag.py:3954} INFO - Setting next_dagrun for example_xcom to 2021-01-01 00:00:00+00:00, run_after=2021-01-01 00:00:00+00:00
[2024-07-13T00:50:48.402+0000] {processor.py:183} INFO - Processing /home/airflow/.local/lib/python3.11/site-packages/airflow/example_dags/example_xcom.py took 0.448 seconds
[2024-07-13T00:51:21.062+0000] {processor.py:161} INFO - Started process (PID=882) to work on /home/airflow/.local/lib/python3.11/site-packages/airflow/example_dags/example_xcom.py
[2024-07-13T00:51:21.064+0000] {processor.py:830} INFO - Processing file /home/airflow/.local/lib/python3.11/site-packages/airflow/example_dags/example_xcom.py for tasks to queue
[2024-07-13T00:51:21.068+0000] {logging_mixin.py:188} INFO - [2024-07-13T00:51:21.067+0000] {dagbag.py:545} INFO - Filling up the DagBag from /home/airflow/.local/lib/python3.11/site-packages/airflow/example_dags/example_xcom.py
[2024-07-13T00:51:21.082+0000] {processor.py:840} INFO - DAG(s) 'example_xcom' retrieved from /home/airflow/.local/lib/python3.11/site-packages/airflow/example_dags/example_xcom.py
[2024-07-13T00:51:21.121+0000] {logging_mixin.py:188} INFO - [2024-07-13T00:51:21.121+0000] {dag.py:3096} INFO - Sync 1 DAGs
[2024-07-13T00:51:21.154+0000] {logging_mixin.py:188} INFO - [2024-07-13T00:51:21.153+0000] {dag.py:3954} INFO - Setting next_dagrun for example_xcom to 2021-01-01 00:00:00+00:00, run_after=2021-01-01 00:00:00+00:00
[2024-07-13T00:51:21.181+0000] {processor.py:183} INFO - Processing /home/airflow/.local/lib/python3.11/site-packages/airflow/example_dags/example_xcom.py took 0.131 seconds
[2024-07-13T00:51:54.253+0000] {processor.py:161} INFO - Started process (PID=944) to work on /home/airflow/.local/lib/python3.11/site-packages/airflow/example_dags/example_xcom.py
[2024-07-13T00:51:54.256+0000] {processor.py:830} INFO - Processing file /home/airflow/.local/lib/python3.11/site-packages/airflow/example_dags/example_xcom.py for tasks to queue
[2024-07-13T00:51:54.260+0000] {logging_mixin.py:188} INFO - [2024-07-13T00:51:54.259+0000] {dagbag.py:545} INFO - Filling up the DagBag from /home/airflow/.local/lib/python3.11/site-packages/airflow/example_dags/example_xcom.py
[2024-07-13T00:51:54.280+0000] {processor.py:840} INFO - DAG(s) 'example_xcom' retrieved from /home/airflow/.local/lib/python3.11/site-packages/airflow/example_dags/example_xcom.py
[2024-07-13T00:51:54.328+0000] {logging_mixin.py:188} INFO - [2024-07-13T00:51:54.328+0000] {dag.py:3096} INFO - Sync 1 DAGs
[2024-07-13T00:51:54.368+0000] {logging_mixin.py:188} INFO - [2024-07-13T00:51:54.367+0000] {dag.py:3954} INFO - Setting next_dagrun for example_xcom to 2021-01-01 00:00:00+00:00, run_after=2021-01-01 00:00:00+00:00
[2024-07-13T00:51:54.395+0000] {processor.py:183} INFO - Processing /home/airflow/.local/lib/python3.11/site-packages/airflow/example_dags/example_xcom.py took 0.157 seconds
[2024-07-13T00:52:27.319+0000] {processor.py:161} INFO - Started process (PID=1007) to work on /home/airflow/.local/lib/python3.11/site-packages/airflow/example_dags/example_xcom.py
[2024-07-13T00:52:27.320+0000] {processor.py:830} INFO - Processing file /home/airflow/.local/lib/python3.11/site-packages/airflow/example_dags/example_xcom.py for tasks to queue
[2024-07-13T00:52:27.324+0000] {logging_mixin.py:188} INFO - [2024-07-13T00:52:27.323+0000] {dagbag.py:545} INFO - Filling up the DagBag from /home/airflow/.local/lib/python3.11/site-packages/airflow/example_dags/example_xcom.py
[2024-07-13T00:52:27.344+0000] {processor.py:840} INFO - DAG(s) 'example_xcom' retrieved from /home/airflow/.local/lib/python3.11/site-packages/airflow/example_dags/example_xcom.py
[2024-07-13T00:52:27.392+0000] {logging_mixin.py:188} INFO - [2024-07-13T00:52:27.392+0000] {dag.py:3096} INFO - Sync 1 DAGs
[2024-07-13T00:52:27.438+0000] {logging_mixin.py:188} INFO - [2024-07-13T00:52:27.438+0000] {dag.py:3954} INFO - Setting next_dagrun for example_xcom to 2021-01-01 00:00:00+00:00, run_after=2021-01-01 00:00:00+00:00
[2024-07-13T00:52:27.473+0000] {processor.py:183} INFO - Processing /home/airflow/.local/lib/python3.11/site-packages/airflow/example_dags/example_xcom.py took 0.169 seconds
[2024-07-13T00:52:59.805+0000] {processor.py:161} INFO - Started process (PID=1070) to work on /home/airflow/.local/lib/python3.11/site-packages/airflow/example_dags/example_xcom.py
[2024-07-13T00:52:59.807+0000] {processor.py:830} INFO - Processing file /home/airflow/.local/lib/python3.11/site-packages/airflow/example_dags/example_xcom.py for tasks to queue
[2024-07-13T00:52:59.811+0000] {logging_mixin.py:188} INFO - [2024-07-13T00:52:59.810+0000] {dagbag.py:545} INFO - Filling up the DagBag from /home/airflow/.local/lib/python3.11/site-packages/airflow/example_dags/example_xcom.py
[2024-07-13T00:52:59.829+0000] {processor.py:840} INFO - DAG(s) 'example_xcom' retrieved from /home/airflow/.local/lib/python3.11/site-packages/airflow/example_dags/example_xcom.py
[2024-07-13T00:52:59.866+0000] {logging_mixin.py:188} INFO - [2024-07-13T00:52:59.865+0000] {dag.py:3096} INFO - Sync 1 DAGs
[2024-07-13T00:52:59.904+0000] {logging_mixin.py:188} INFO - [2024-07-13T00:52:59.903+0000] {dag.py:3954} INFO - Setting next_dagrun for example_xcom to 2021-01-01 00:00:00+00:00, run_after=2021-01-01 00:00:00+00:00
[2024-07-13T00:52:59.938+0000] {processor.py:183} INFO - Processing /home/airflow/.local/lib/python3.11/site-packages/airflow/example_dags/example_xcom.py took 0.146 seconds
[2024-07-13T00:53:32.837+0000] {processor.py:161} INFO - Started process (PID=1132) to work on /home/airflow/.local/lib/python3.11/site-packages/airflow/example_dags/example_xcom.py
[2024-07-13T00:53:32.839+0000] {processor.py:830} INFO - Processing file /home/airflow/.local/lib/python3.11/site-packages/airflow/example_dags/example_xcom.py for tasks to queue
[2024-07-13T00:53:32.843+0000] {logging_mixin.py:188} INFO - [2024-07-13T00:53:32.842+0000] {dagbag.py:545} INFO - Filling up the DagBag from /home/airflow/.local/lib/python3.11/site-packages/airflow/example_dags/example_xcom.py
[2024-07-13T00:53:32.862+0000] {processor.py:840} INFO - DAG(s) 'example_xcom' retrieved from /home/airflow/.local/lib/python3.11/site-packages/airflow/example_dags/example_xcom.py
[2024-07-13T00:53:32.904+0000] {logging_mixin.py:188} INFO - [2024-07-13T00:53:32.903+0000] {dag.py:3096} INFO - Sync 1 DAGs
[2024-07-13T00:53:32.947+0000] {logging_mixin.py:188} INFO - [2024-07-13T00:53:32.946+0000] {dag.py:3954} INFO - Setting next_dagrun for example_xcom to 2021-01-01 00:00:00+00:00, run_after=2021-01-01 00:00:00+00:00
[2024-07-13T00:53:32.973+0000] {processor.py:183} INFO - Processing /home/airflow/.local/lib/python3.11/site-packages/airflow/example_dags/example_xcom.py took 0.148 seconds
[2024-07-13T00:54:05.538+0000] {processor.py:161} INFO - Started process (PID=1194) to work on /home/airflow/.local/lib/python3.11/site-packages/airflow/example_dags/example_xcom.py
[2024-07-13T00:54:05.541+0000] {processor.py:830} INFO - Processing file /home/airflow/.local/lib/python3.11/site-packages/airflow/example_dags/example_xcom.py for tasks to queue
[2024-07-13T00:54:05.545+0000] {logging_mixin.py:188} INFO - [2024-07-13T00:54:05.544+0000] {dagbag.py:545} INFO - Filling up the DagBag from /home/airflow/.local/lib/python3.11/site-packages/airflow/example_dags/example_xcom.py
[2024-07-13T00:54:05.564+0000] {processor.py:840} INFO - DAG(s) 'example_xcom' retrieved from /home/airflow/.local/lib/python3.11/site-packages/airflow/example_dags/example_xcom.py
[2024-07-13T00:54:05.603+0000] {logging_mixin.py:188} INFO - [2024-07-13T00:54:05.603+0000] {dag.py:3096} INFO - Sync 1 DAGs
[2024-07-13T00:54:05.639+0000] {logging_mixin.py:188} INFO - [2024-07-13T00:54:05.639+0000] {dag.py:3954} INFO - Setting next_dagrun for example_xcom to 2021-01-01 00:00:00+00:00, run_after=2021-01-01 00:00:00+00:00
[2024-07-13T00:54:05.671+0000] {processor.py:183} INFO - Processing /home/airflow/.local/lib/python3.11/site-packages/airflow/example_dags/example_xcom.py took 0.149 seconds
[2024-07-13T00:54:38.806+0000] {processor.py:161} INFO - Started process (PID=1256) to work on /home/airflow/.local/lib/python3.11/site-packages/airflow/example_dags/example_xcom.py
[2024-07-13T00:54:38.808+0000] {processor.py:830} INFO - Processing file /home/airflow/.local/lib/python3.11/site-packages/airflow/example_dags/example_xcom.py for tasks to queue
[2024-07-13T00:54:38.812+0000] {logging_mixin.py:188} INFO - [2024-07-13T00:54:38.811+0000] {dagbag.py:545} INFO - Filling up the DagBag from /home/airflow/.local/lib/python3.11/site-packages/airflow/example_dags/example_xcom.py
[2024-07-13T00:54:38.833+0000] {processor.py:840} INFO - DAG(s) 'example_xcom' retrieved from /home/airflow/.local/lib/python3.11/site-packages/airflow/example_dags/example_xcom.py
[2024-07-13T00:54:38.877+0000] {logging_mixin.py:188} INFO - [2024-07-13T00:54:38.877+0000] {dag.py:3096} INFO - Sync 1 DAGs
[2024-07-13T00:54:38.921+0000] {logging_mixin.py:188} INFO - [2024-07-13T00:54:38.920+0000] {dag.py:3954} INFO - Setting next_dagrun for example_xcom to 2021-01-01 00:00:00+00:00, run_after=2021-01-01 00:00:00+00:00
[2024-07-13T00:54:38.953+0000] {processor.py:183} INFO - Processing /home/airflow/.local/lib/python3.11/site-packages/airflow/example_dags/example_xcom.py took 0.160 seconds
[2024-07-13T00:55:11.427+0000] {processor.py:161} INFO - Started process (PID=1318) to work on /home/airflow/.local/lib/python3.11/site-packages/airflow/example_dags/example_xcom.py
[2024-07-13T00:55:11.429+0000] {processor.py:830} INFO - Processing file /home/airflow/.local/lib/python3.11/site-packages/airflow/example_dags/example_xcom.py for tasks to queue
[2024-07-13T00:55:11.433+0000] {logging_mixin.py:188} INFO - [2024-07-13T00:55:11.432+0000] {dagbag.py:545} INFO - Filling up the DagBag from /home/airflow/.local/lib/python3.11/site-packages/airflow/example_dags/example_xcom.py
[2024-07-13T00:55:11.457+0000] {processor.py:840} INFO - DAG(s) 'example_xcom' retrieved from /home/airflow/.local/lib/python3.11/site-packages/airflow/example_dags/example_xcom.py
[2024-07-13T00:55:11.503+0000] {logging_mixin.py:188} INFO - [2024-07-13T00:55:11.502+0000] {dag.py:3096} INFO - Sync 1 DAGs
[2024-07-13T00:55:11.542+0000] {logging_mixin.py:188} INFO - [2024-07-13T00:55:11.541+0000] {dag.py:3954} INFO - Setting next_dagrun for example_xcom to 2021-01-01 00:00:00+00:00, run_after=2021-01-01 00:00:00+00:00
[2024-07-13T00:55:11.577+0000] {processor.py:183} INFO - Processing /home/airflow/.local/lib/python3.11/site-packages/airflow/example_dags/example_xcom.py took 0.164 seconds
[2024-07-13T00:59:01.138+0000] {processor.py:161} INFO - Started process (PID=63) to work on /home/airflow/.local/lib/python3.11/site-packages/airflow/example_dags/example_xcom.py
[2024-07-13T00:59:01.141+0000] {processor.py:830} INFO - Processing file /home/airflow/.local/lib/python3.11/site-packages/airflow/example_dags/example_xcom.py for tasks to queue
[2024-07-13T00:59:01.146+0000] {logging_mixin.py:188} INFO - [2024-07-13T00:59:01.145+0000] {dagbag.py:545} INFO - Filling up the DagBag from /home/airflow/.local/lib/python3.11/site-packages/airflow/example_dags/example_xcom.py
[2024-07-13T00:59:01.170+0000] {processor.py:840} INFO - DAG(s) 'example_xcom' retrieved from /home/airflow/.local/lib/python3.11/site-packages/airflow/example_dags/example_xcom.py
[2024-07-13T00:59:01.395+0000] {logging_mixin.py:188} INFO - [2024-07-13T00:59:01.394+0000] {dag.py:3096} INFO - Sync 1 DAGs
[2024-07-13T00:59:01.426+0000] {logging_mixin.py:188} INFO - [2024-07-13T00:59:01.426+0000] {dag.py:3954} INFO - Setting next_dagrun for example_xcom to 2021-01-01 00:00:00+00:00, run_after=2021-01-01 00:00:00+00:00
[2024-07-13T00:59:01.463+0000] {processor.py:183} INFO - Processing /home/airflow/.local/lib/python3.11/site-packages/airflow/example_dags/example_xcom.py took 0.342 seconds
[2024-07-13T00:59:31.667+0000] {processor.py:161} INFO - Started process (PID=125) to work on /home/airflow/.local/lib/python3.11/site-packages/airflow/example_dags/example_xcom.py
[2024-07-13T00:59:31.669+0000] {processor.py:830} INFO - Processing file /home/airflow/.local/lib/python3.11/site-packages/airflow/example_dags/example_xcom.py for tasks to queue
[2024-07-13T00:59:31.673+0000] {logging_mixin.py:188} INFO - [2024-07-13T00:59:31.672+0000] {dagbag.py:545} INFO - Filling up the DagBag from /home/airflow/.local/lib/python3.11/site-packages/airflow/example_dags/example_xcom.py
[2024-07-13T00:59:31.695+0000] {processor.py:840} INFO - DAG(s) 'example_xcom' retrieved from /home/airflow/.local/lib/python3.11/site-packages/airflow/example_dags/example_xcom.py
[2024-07-13T00:59:31.735+0000] {logging_mixin.py:188} INFO - [2024-07-13T00:59:31.735+0000] {dag.py:3096} INFO - Sync 1 DAGs
[2024-07-13T00:59:31.771+0000] {logging_mixin.py:188} INFO - [2024-07-13T00:59:31.771+0000] {dag.py:3954} INFO - Setting next_dagrun for example_xcom to 2021-01-01 00:00:00+00:00, run_after=2021-01-01 00:00:00+00:00
[2024-07-13T00:59:31.801+0000] {processor.py:183} INFO - Processing /home/airflow/.local/lib/python3.11/site-packages/airflow/example_dags/example_xcom.py took 0.148 seconds
[2024-07-13T01:00:04.302+0000] {processor.py:161} INFO - Started process (PID=186) to work on /home/airflow/.local/lib/python3.11/site-packages/airflow/example_dags/example_xcom.py
[2024-07-13T01:00:04.307+0000] {processor.py:830} INFO - Processing file /home/airflow/.local/lib/python3.11/site-packages/airflow/example_dags/example_xcom.py for tasks to queue
[2024-07-13T01:00:04.314+0000] {logging_mixin.py:188} INFO - [2024-07-13T01:00:04.313+0000] {dagbag.py:545} INFO - Filling up the DagBag from /home/airflow/.local/lib/python3.11/site-packages/airflow/example_dags/example_xcom.py
[2024-07-13T01:00:04.335+0000] {processor.py:840} INFO - DAG(s) 'example_xcom' retrieved from /home/airflow/.local/lib/python3.11/site-packages/airflow/example_dags/example_xcom.py
[2024-07-13T01:00:04.385+0000] {logging_mixin.py:188} INFO - [2024-07-13T01:00:04.384+0000] {dag.py:3096} INFO - Sync 1 DAGs
[2024-07-13T01:00:04.428+0000] {logging_mixin.py:188} INFO - [2024-07-13T01:00:04.428+0000] {dag.py:3954} INFO - Setting next_dagrun for example_xcom to 2021-01-01 00:00:00+00:00, run_after=2021-01-01 00:00:00+00:00
[2024-07-13T01:00:04.475+0000] {processor.py:183} INFO - Processing /home/airflow/.local/lib/python3.11/site-packages/airflow/example_dags/example_xcom.py took 0.188 seconds
[2024-07-13T01:00:37.115+0000] {processor.py:161} INFO - Started process (PID=248) to work on /home/airflow/.local/lib/python3.11/site-packages/airflow/example_dags/example_xcom.py
[2024-07-13T01:00:37.117+0000] {processor.py:830} INFO - Processing file /home/airflow/.local/lib/python3.11/site-packages/airflow/example_dags/example_xcom.py for tasks to queue
[2024-07-13T01:00:37.121+0000] {logging_mixin.py:188} INFO - [2024-07-13T01:00:37.121+0000] {dagbag.py:545} INFO - Filling up the DagBag from /home/airflow/.local/lib/python3.11/site-packages/airflow/example_dags/example_xcom.py
[2024-07-13T01:00:37.139+0000] {processor.py:840} INFO - DAG(s) 'example_xcom' retrieved from /home/airflow/.local/lib/python3.11/site-packages/airflow/example_dags/example_xcom.py
[2024-07-13T01:00:37.182+0000] {logging_mixin.py:188} INFO - [2024-07-13T01:00:37.182+0000] {dag.py:3096} INFO - Sync 1 DAGs
[2024-07-13T01:00:37.219+0000] {logging_mixin.py:188} INFO - [2024-07-13T01:00:37.218+0000] {dag.py:3954} INFO - Setting next_dagrun for example_xcom to 2021-01-01 00:00:00+00:00, run_after=2021-01-01 00:00:00+00:00
[2024-07-13T01:00:37.262+0000] {processor.py:183} INFO - Processing /home/airflow/.local/lib/python3.11/site-packages/airflow/example_dags/example_xcom.py took 0.162 seconds
[2024-07-13T01:01:10.383+0000] {processor.py:161} INFO - Started process (PID=316) to work on /home/airflow/.local/lib/python3.11/site-packages/airflow/example_dags/example_xcom.py
[2024-07-13T01:01:10.385+0000] {processor.py:830} INFO - Processing file /home/airflow/.local/lib/python3.11/site-packages/airflow/example_dags/example_xcom.py for tasks to queue
[2024-07-13T01:01:10.389+0000] {logging_mixin.py:188} INFO - [2024-07-13T01:01:10.388+0000] {dagbag.py:545} INFO - Filling up the DagBag from /home/airflow/.local/lib/python3.11/site-packages/airflow/example_dags/example_xcom.py
[2024-07-13T01:01:10.407+0000] {processor.py:840} INFO - DAG(s) 'example_xcom' retrieved from /home/airflow/.local/lib/python3.11/site-packages/airflow/example_dags/example_xcom.py
[2024-07-13T01:01:10.459+0000] {logging_mixin.py:188} INFO - [2024-07-13T01:01:10.459+0000] {dag.py:3096} INFO - Sync 1 DAGs
[2024-07-13T01:01:10.505+0000] {logging_mixin.py:188} INFO - [2024-07-13T01:01:10.504+0000] {dag.py:3954} INFO - Setting next_dagrun for example_xcom to 2021-01-01 00:00:00+00:00, run_after=2021-01-01 00:00:00+00:00
[2024-07-13T01:01:10.544+0000] {processor.py:183} INFO - Processing /home/airflow/.local/lib/python3.11/site-packages/airflow/example_dags/example_xcom.py took 0.175 seconds
[2024-07-13T01:01:43.911+0000] {processor.py:161} INFO - Started process (PID=378) to work on /home/airflow/.local/lib/python3.11/site-packages/airflow/example_dags/example_xcom.py
[2024-07-13T01:01:43.914+0000] {processor.py:830} INFO - Processing file /home/airflow/.local/lib/python3.11/site-packages/airflow/example_dags/example_xcom.py for tasks to queue
[2024-07-13T01:01:43.917+0000] {logging_mixin.py:188} INFO - [2024-07-13T01:01:43.917+0000] {dagbag.py:545} INFO - Filling up the DagBag from /home/airflow/.local/lib/python3.11/site-packages/airflow/example_dags/example_xcom.py
[2024-07-13T01:01:43.933+0000] {processor.py:840} INFO - DAG(s) 'example_xcom' retrieved from /home/airflow/.local/lib/python3.11/site-packages/airflow/example_dags/example_xcom.py
[2024-07-13T01:01:43.974+0000] {logging_mixin.py:188} INFO - [2024-07-13T01:01:43.974+0000] {dag.py:3096} INFO - Sync 1 DAGs
[2024-07-13T01:01:44.011+0000] {logging_mixin.py:188} INFO - [2024-07-13T01:01:44.010+0000] {dag.py:3954} INFO - Setting next_dagrun for example_xcom to 2021-01-01 00:00:00+00:00, run_after=2021-01-01 00:00:00+00:00
[2024-07-13T01:01:44.038+0000] {processor.py:183} INFO - Processing /home/airflow/.local/lib/python3.11/site-packages/airflow/example_dags/example_xcom.py took 0.141 seconds
[2024-07-13T01:02:18.155+0000] {processor.py:161} INFO - Started process (PID=439) to work on /home/airflow/.local/lib/python3.11/site-packages/airflow/example_dags/example_xcom.py
[2024-07-13T01:02:18.158+0000] {processor.py:830} INFO - Processing file /home/airflow/.local/lib/python3.11/site-packages/airflow/example_dags/example_xcom.py for tasks to queue
[2024-07-13T01:02:18.162+0000] {logging_mixin.py:188} INFO - [2024-07-13T01:02:18.161+0000] {dagbag.py:545} INFO - Filling up the DagBag from /home/airflow/.local/lib/python3.11/site-packages/airflow/example_dags/example_xcom.py
[2024-07-13T01:02:18.179+0000] {processor.py:840} INFO - DAG(s) 'example_xcom' retrieved from /home/airflow/.local/lib/python3.11/site-packages/airflow/example_dags/example_xcom.py
[2024-07-13T01:02:18.220+0000] {logging_mixin.py:188} INFO - [2024-07-13T01:02:18.220+0000] {dag.py:3096} INFO - Sync 1 DAGs
[2024-07-13T01:02:18.258+0000] {logging_mixin.py:188} INFO - [2024-07-13T01:02:18.257+0000] {dag.py:3954} INFO - Setting next_dagrun for example_xcom to 2021-01-01 00:00:00+00:00, run_after=2021-01-01 00:00:00+00:00
[2024-07-13T01:02:18.293+0000] {processor.py:183} INFO - Processing /home/airflow/.local/lib/python3.11/site-packages/airflow/example_dags/example_xcom.py took 0.154 seconds
[2024-07-13T01:02:51.761+0000] {processor.py:161} INFO - Started process (PID=501) to work on /home/airflow/.local/lib/python3.11/site-packages/airflow/example_dags/example_xcom.py
[2024-07-13T01:02:51.764+0000] {processor.py:830} INFO - Processing file /home/airflow/.local/lib/python3.11/site-packages/airflow/example_dags/example_xcom.py for tasks to queue
[2024-07-13T01:02:51.769+0000] {logging_mixin.py:188} INFO - [2024-07-13T01:02:51.768+0000] {dagbag.py:545} INFO - Filling up the DagBag from /home/airflow/.local/lib/python3.11/site-packages/airflow/example_dags/example_xcom.py
[2024-07-13T01:02:51.788+0000] {processor.py:840} INFO - DAG(s) 'example_xcom' retrieved from /home/airflow/.local/lib/python3.11/site-packages/airflow/example_dags/example_xcom.py
[2024-07-13T01:02:51.836+0000] {logging_mixin.py:188} INFO - [2024-07-13T01:02:51.836+0000] {dag.py:3096} INFO - Sync 1 DAGs
[2024-07-13T01:02:51.876+0000] {logging_mixin.py:188} INFO - [2024-07-13T01:02:51.875+0000] {dag.py:3954} INFO - Setting next_dagrun for example_xcom to 2021-01-01 00:00:00+00:00, run_after=2021-01-01 00:00:00+00:00
[2024-07-13T01:02:51.913+0000] {processor.py:183} INFO - Processing /home/airflow/.local/lib/python3.11/site-packages/airflow/example_dags/example_xcom.py took 0.165 seconds
[2024-07-13T01:03:26.940+0000] {processor.py:161} INFO - Started process (PID=563) to work on /home/airflow/.local/lib/python3.11/site-packages/airflow/example_dags/example_xcom.py
[2024-07-13T01:03:26.944+0000] {processor.py:830} INFO - Processing file /home/airflow/.local/lib/python3.11/site-packages/airflow/example_dags/example_xcom.py for tasks to queue
[2024-07-13T01:03:26.948+0000] {logging_mixin.py:188} INFO - [2024-07-13T01:03:26.947+0000] {dagbag.py:545} INFO - Filling up the DagBag from /home/airflow/.local/lib/python3.11/site-packages/airflow/example_dags/example_xcom.py
[2024-07-13T01:03:26.968+0000] {processor.py:840} INFO - DAG(s) 'example_xcom' retrieved from /home/airflow/.local/lib/python3.11/site-packages/airflow/example_dags/example_xcom.py
[2024-07-13T01:03:27.022+0000] {logging_mixin.py:188} INFO - [2024-07-13T01:03:27.021+0000] {dag.py:3096} INFO - Sync 1 DAGs
[2024-07-13T01:03:27.062+0000] {logging_mixin.py:188} INFO - [2024-07-13T01:03:27.062+0000] {dag.py:3954} INFO - Setting next_dagrun for example_xcom to 2021-01-01 00:00:00+00:00, run_after=2021-01-01 00:00:00+00:00
[2024-07-13T01:03:27.096+0000] {processor.py:183} INFO - Processing /home/airflow/.local/lib/python3.11/site-packages/airflow/example_dags/example_xcom.py took 0.172 seconds
[2024-07-13T01:04:00.845+0000] {processor.py:161} INFO - Started process (PID=626) to work on /home/airflow/.local/lib/python3.11/site-packages/airflow/example_dags/example_xcom.py
[2024-07-13T01:04:00.847+0000] {processor.py:830} INFO - Processing file /home/airflow/.local/lib/python3.11/site-packages/airflow/example_dags/example_xcom.py for tasks to queue
[2024-07-13T01:04:00.851+0000] {logging_mixin.py:188} INFO - [2024-07-13T01:04:00.850+0000] {dagbag.py:545} INFO - Filling up the DagBag from /home/airflow/.local/lib/python3.11/site-packages/airflow/example_dags/example_xcom.py
[2024-07-13T01:04:00.869+0000] {processor.py:840} INFO - DAG(s) 'example_xcom' retrieved from /home/airflow/.local/lib/python3.11/site-packages/airflow/example_dags/example_xcom.py
[2024-07-13T01:04:00.915+0000] {logging_mixin.py:188} INFO - [2024-07-13T01:04:00.915+0000] {dag.py:3096} INFO - Sync 1 DAGs
[2024-07-13T01:04:00.968+0000] {logging_mixin.py:188} INFO - [2024-07-13T01:04:00.968+0000] {dag.py:3954} INFO - Setting next_dagrun for example_xcom to 2021-01-01 00:00:00+00:00, run_after=2021-01-01 00:00:00+00:00
[2024-07-13T01:04:01.006+0000] {processor.py:183} INFO - Processing /home/airflow/.local/lib/python3.11/site-packages/airflow/example_dags/example_xcom.py took 0.176 seconds
[2024-07-13T01:04:34.236+0000] {processor.py:161} INFO - Started process (PID=688) to work on /home/airflow/.local/lib/python3.11/site-packages/airflow/example_dags/example_xcom.py
[2024-07-13T01:04:34.240+0000] {processor.py:830} INFO - Processing file /home/airflow/.local/lib/python3.11/site-packages/airflow/example_dags/example_xcom.py for tasks to queue
[2024-07-13T01:04:34.244+0000] {logging_mixin.py:188} INFO - [2024-07-13T01:04:34.244+0000] {dagbag.py:545} INFO - Filling up the DagBag from /home/airflow/.local/lib/python3.11/site-packages/airflow/example_dags/example_xcom.py
[2024-07-13T01:04:34.266+0000] {processor.py:840} INFO - DAG(s) 'example_xcom' retrieved from /home/airflow/.local/lib/python3.11/site-packages/airflow/example_dags/example_xcom.py
[2024-07-13T01:04:34.315+0000] {logging_mixin.py:188} INFO - [2024-07-13T01:04:34.314+0000] {dag.py:3096} INFO - Sync 1 DAGs
[2024-07-13T01:04:34.359+0000] {logging_mixin.py:188} INFO - [2024-07-13T01:04:34.359+0000] {dag.py:3954} INFO - Setting next_dagrun for example_xcom to 2021-01-01 00:00:00+00:00, run_after=2021-01-01 00:00:00+00:00
[2024-07-13T01:04:34.391+0000] {processor.py:183} INFO - Processing /home/airflow/.local/lib/python3.11/site-packages/airflow/example_dags/example_xcom.py took 0.172 seconds
[2024-07-13T01:05:07.328+0000] {processor.py:161} INFO - Started process (PID=750) to work on /home/airflow/.local/lib/python3.11/site-packages/airflow/example_dags/example_xcom.py
[2024-07-13T01:05:07.330+0000] {processor.py:830} INFO - Processing file /home/airflow/.local/lib/python3.11/site-packages/airflow/example_dags/example_xcom.py for tasks to queue
[2024-07-13T01:05:07.335+0000] {logging_mixin.py:188} INFO - [2024-07-13T01:05:07.334+0000] {dagbag.py:545} INFO - Filling up the DagBag from /home/airflow/.local/lib/python3.11/site-packages/airflow/example_dags/example_xcom.py
[2024-07-13T01:05:07.358+0000] {processor.py:840} INFO - DAG(s) 'example_xcom' retrieved from /home/airflow/.local/lib/python3.11/site-packages/airflow/example_dags/example_xcom.py
[2024-07-13T01:05:07.402+0000] {logging_mixin.py:188} INFO - [2024-07-13T01:05:07.402+0000] {dag.py:3096} INFO - Sync 1 DAGs
[2024-07-13T01:05:07.438+0000] {logging_mixin.py:188} INFO - [2024-07-13T01:05:07.437+0000] {dag.py:3954} INFO - Setting next_dagrun for example_xcom to 2021-01-01 00:00:00+00:00, run_after=2021-01-01 00:00:00+00:00
[2024-07-13T01:05:07.474+0000] {processor.py:183} INFO - Processing /home/airflow/.local/lib/python3.11/site-packages/airflow/example_dags/example_xcom.py took 0.160 seconds
[2024-07-13T01:05:45.005+0000] {processor.py:161} INFO - Started process (PID=819) to work on /home/airflow/.local/lib/python3.11/site-packages/airflow/example_dags/example_xcom.py
[2024-07-13T01:05:45.007+0000] {processor.py:830} INFO - Processing file /home/airflow/.local/lib/python3.11/site-packages/airflow/example_dags/example_xcom.py for tasks to queue
[2024-07-13T01:05:45.011+0000] {logging_mixin.py:188} INFO - [2024-07-13T01:05:45.010+0000] {dagbag.py:545} INFO - Filling up the DagBag from /home/airflow/.local/lib/python3.11/site-packages/airflow/example_dags/example_xcom.py
[2024-07-13T01:05:45.029+0000] {processor.py:840} INFO - DAG(s) 'example_xcom' retrieved from /home/airflow/.local/lib/python3.11/site-packages/airflow/example_dags/example_xcom.py
[2024-07-13T01:05:45.070+0000] {logging_mixin.py:188} INFO - [2024-07-13T01:05:45.070+0000] {dag.py:3096} INFO - Sync 1 DAGs
[2024-07-13T01:05:45.527+0000] {logging_mixin.py:188} INFO - [2024-07-13T01:05:45.527+0000] {dag.py:3954} INFO - Setting next_dagrun for example_xcom to 2021-01-01 00:00:00+00:00, run_after=2021-01-01 00:00:00+00:00
[2024-07-13T01:05:45.563+0000] {processor.py:183} INFO - Processing /home/airflow/.local/lib/python3.11/site-packages/airflow/example_dags/example_xcom.py took 0.571 seconds
[2024-07-13T01:06:15.881+0000] {processor.py:161} INFO - Started process (PID=881) to work on /home/airflow/.local/lib/python3.11/site-packages/airflow/example_dags/example_xcom.py
[2024-07-13T01:06:15.884+0000] {processor.py:830} INFO - Processing file /home/airflow/.local/lib/python3.11/site-packages/airflow/example_dags/example_xcom.py for tasks to queue
[2024-07-13T01:06:15.888+0000] {logging_mixin.py:188} INFO - [2024-07-13T01:06:15.887+0000] {dagbag.py:545} INFO - Filling up the DagBag from /home/airflow/.local/lib/python3.11/site-packages/airflow/example_dags/example_xcom.py
[2024-07-13T01:06:15.906+0000] {processor.py:840} INFO - DAG(s) 'example_xcom' retrieved from /home/airflow/.local/lib/python3.11/site-packages/airflow/example_dags/example_xcom.py
[2024-07-13T01:06:15.965+0000] {logging_mixin.py:188} INFO - [2024-07-13T01:06:15.964+0000] {dag.py:3096} INFO - Sync 1 DAGs
[2024-07-13T01:06:16.019+0000] {logging_mixin.py:188} INFO - [2024-07-13T01:06:16.018+0000] {dag.py:3954} INFO - Setting next_dagrun for example_xcom to 2021-01-01 00:00:00+00:00, run_after=2021-01-01 00:00:00+00:00
[2024-07-13T01:06:16.059+0000] {processor.py:183} INFO - Processing /home/airflow/.local/lib/python3.11/site-packages/airflow/example_dags/example_xcom.py took 0.193 seconds
[2024-07-13T01:06:47.036+0000] {processor.py:161} INFO - Started process (PID=943) to work on /home/airflow/.local/lib/python3.11/site-packages/airflow/example_dags/example_xcom.py
[2024-07-13T01:06:47.038+0000] {processor.py:830} INFO - Processing file /home/airflow/.local/lib/python3.11/site-packages/airflow/example_dags/example_xcom.py for tasks to queue
[2024-07-13T01:06:47.042+0000] {logging_mixin.py:188} INFO - [2024-07-13T01:06:47.041+0000] {dagbag.py:545} INFO - Filling up the DagBag from /home/airflow/.local/lib/python3.11/site-packages/airflow/example_dags/example_xcom.py
[2024-07-13T01:06:47.063+0000] {processor.py:840} INFO - DAG(s) 'example_xcom' retrieved from /home/airflow/.local/lib/python3.11/site-packages/airflow/example_dags/example_xcom.py
[2024-07-13T01:06:47.114+0000] {logging_mixin.py:188} INFO - [2024-07-13T01:06:47.114+0000] {dag.py:3096} INFO - Sync 1 DAGs
[2024-07-13T01:06:47.163+0000] {logging_mixin.py:188} INFO - [2024-07-13T01:06:47.163+0000] {dag.py:3954} INFO - Setting next_dagrun for example_xcom to 2021-01-01 00:00:00+00:00, run_after=2021-01-01 00:00:00+00:00
[2024-07-13T01:06:47.201+0000] {processor.py:183} INFO - Processing /home/airflow/.local/lib/python3.11/site-packages/airflow/example_dags/example_xcom.py took 0.181 seconds
[2024-07-13T01:07:20.185+0000] {processor.py:161} INFO - Started process (PID=1005) to work on /home/airflow/.local/lib/python3.11/site-packages/airflow/example_dags/example_xcom.py
[2024-07-13T01:07:20.188+0000] {processor.py:830} INFO - Processing file /home/airflow/.local/lib/python3.11/site-packages/airflow/example_dags/example_xcom.py for tasks to queue
[2024-07-13T01:07:20.191+0000] {logging_mixin.py:188} INFO - [2024-07-13T01:07:20.190+0000] {dagbag.py:545} INFO - Filling up the DagBag from /home/airflow/.local/lib/python3.11/site-packages/airflow/example_dags/example_xcom.py
[2024-07-13T01:07:20.205+0000] {processor.py:840} INFO - DAG(s) 'example_xcom' retrieved from /home/airflow/.local/lib/python3.11/site-packages/airflow/example_dags/example_xcom.py
[2024-07-13T01:07:20.246+0000] {logging_mixin.py:188} INFO - [2024-07-13T01:07:20.246+0000] {dag.py:3096} INFO - Sync 1 DAGs
[2024-07-13T01:07:20.287+0000] {logging_mixin.py:188} INFO - [2024-07-13T01:07:20.286+0000] {dag.py:3954} INFO - Setting next_dagrun for example_xcom to 2021-01-01 00:00:00+00:00, run_after=2021-01-01 00:00:00+00:00
[2024-07-13T01:07:20.317+0000] {processor.py:183} INFO - Processing /home/airflow/.local/lib/python3.11/site-packages/airflow/example_dags/example_xcom.py took 0.143 seconds
[2024-07-13T01:07:54.123+0000] {processor.py:161} INFO - Started process (PID=1071) to work on /home/airflow/.local/lib/python3.11/site-packages/airflow/example_dags/example_xcom.py
[2024-07-13T01:07:54.126+0000] {processor.py:830} INFO - Processing file /home/airflow/.local/lib/python3.11/site-packages/airflow/example_dags/example_xcom.py for tasks to queue
[2024-07-13T01:07:54.135+0000] {logging_mixin.py:188} INFO - [2024-07-13T01:07:54.133+0000] {dagbag.py:545} INFO - Filling up the DagBag from /home/airflow/.local/lib/python3.11/site-packages/airflow/example_dags/example_xcom.py
[2024-07-13T01:07:54.182+0000] {processor.py:840} INFO - DAG(s) 'example_xcom' retrieved from /home/airflow/.local/lib/python3.11/site-packages/airflow/example_dags/example_xcom.py
[2024-07-13T01:07:54.268+0000] {logging_mixin.py:188} INFO - [2024-07-13T01:07:54.267+0000] {dag.py:3096} INFO - Sync 1 DAGs
[2024-07-13T01:07:54.348+0000] {logging_mixin.py:188} INFO - [2024-07-13T01:07:54.347+0000] {dag.py:3954} INFO - Setting next_dagrun for example_xcom to 2021-01-01 00:00:00+00:00, run_after=2021-01-01 00:00:00+00:00
[2024-07-13T01:07:54.402+0000] {processor.py:183} INFO - Processing /home/airflow/.local/lib/python3.11/site-packages/airflow/example_dags/example_xcom.py took 0.301 seconds
[2024-07-13T01:08:27.454+0000] {processor.py:161} INFO - Started process (PID=1133) to work on /home/airflow/.local/lib/python3.11/site-packages/airflow/example_dags/example_xcom.py
[2024-07-13T01:08:27.457+0000] {processor.py:830} INFO - Processing file /home/airflow/.local/lib/python3.11/site-packages/airflow/example_dags/example_xcom.py for tasks to queue
[2024-07-13T01:08:27.460+0000] {logging_mixin.py:188} INFO - [2024-07-13T01:08:27.459+0000] {dagbag.py:545} INFO - Filling up the DagBag from /home/airflow/.local/lib/python3.11/site-packages/airflow/example_dags/example_xcom.py
[2024-07-13T01:08:27.475+0000] {processor.py:840} INFO - DAG(s) 'example_xcom' retrieved from /home/airflow/.local/lib/python3.11/site-packages/airflow/example_dags/example_xcom.py
[2024-07-13T01:08:27.511+0000] {logging_mixin.py:188} INFO - [2024-07-13T01:08:27.511+0000] {dag.py:3096} INFO - Sync 1 DAGs
[2024-07-13T01:08:27.542+0000] {logging_mixin.py:188} INFO - [2024-07-13T01:08:27.542+0000] {dag.py:3954} INFO - Setting next_dagrun for example_xcom to 2021-01-01 00:00:00+00:00, run_after=2021-01-01 00:00:00+00:00
[2024-07-13T01:08:27.569+0000] {processor.py:183} INFO - Processing /home/airflow/.local/lib/python3.11/site-packages/airflow/example_dags/example_xcom.py took 0.126 seconds
[2024-07-13T01:09:00.380+0000] {processor.py:161} INFO - Started process (PID=1195) to work on /home/airflow/.local/lib/python3.11/site-packages/airflow/example_dags/example_xcom.py
[2024-07-13T01:09:00.383+0000] {processor.py:830} INFO - Processing file /home/airflow/.local/lib/python3.11/site-packages/airflow/example_dags/example_xcom.py for tasks to queue
[2024-07-13T01:09:00.389+0000] {logging_mixin.py:188} INFO - [2024-07-13T01:09:00.388+0000] {dagbag.py:545} INFO - Filling up the DagBag from /home/airflow/.local/lib/python3.11/site-packages/airflow/example_dags/example_xcom.py
[2024-07-13T01:09:00.410+0000] {processor.py:840} INFO - DAG(s) 'example_xcom' retrieved from /home/airflow/.local/lib/python3.11/site-packages/airflow/example_dags/example_xcom.py
[2024-07-13T01:09:00.461+0000] {logging_mixin.py:188} INFO - [2024-07-13T01:09:00.461+0000] {dag.py:3096} INFO - Sync 1 DAGs
[2024-07-13T01:09:00.507+0000] {logging_mixin.py:188} INFO - [2024-07-13T01:09:00.507+0000] {dag.py:3954} INFO - Setting next_dagrun for example_xcom to 2021-01-01 00:00:00+00:00, run_after=2021-01-01 00:00:00+00:00
[2024-07-13T01:09:00.537+0000] {processor.py:183} INFO - Processing /home/airflow/.local/lib/python3.11/site-packages/airflow/example_dags/example_xcom.py took 0.173 seconds
[2024-07-13T01:11:19.834+0000] {processor.py:161} INFO - Started process (PID=61) to work on /home/airflow/.local/lib/python3.11/site-packages/airflow/example_dags/example_xcom.py
[2024-07-13T01:11:19.837+0000] {processor.py:830} INFO - Processing file /home/airflow/.local/lib/python3.11/site-packages/airflow/example_dags/example_xcom.py for tasks to queue
[2024-07-13T01:11:19.841+0000] {logging_mixin.py:188} INFO - [2024-07-13T01:11:19.840+0000] {dagbag.py:545} INFO - Filling up the DagBag from /home/airflow/.local/lib/python3.11/site-packages/airflow/example_dags/example_xcom.py
[2024-07-13T01:11:19.861+0000] {processor.py:840} INFO - DAG(s) 'example_xcom' retrieved from /home/airflow/.local/lib/python3.11/site-packages/airflow/example_dags/example_xcom.py
[2024-07-13T01:11:20.095+0000] {logging_mixin.py:188} INFO - [2024-07-13T01:11:20.095+0000] {dag.py:3096} INFO - Sync 1 DAGs
[2024-07-13T01:11:20.138+0000] {logging_mixin.py:188} INFO - [2024-07-13T01:11:20.137+0000] {dag.py:3954} INFO - Setting next_dagrun for example_xcom to 2021-01-01 00:00:00+00:00, run_after=2021-01-01 00:00:00+00:00
[2024-07-13T01:11:20.176+0000] {processor.py:183} INFO - Processing /home/airflow/.local/lib/python3.11/site-packages/airflow/example_dags/example_xcom.py took 0.357 seconds
[2024-07-13T01:11:50.685+0000] {processor.py:161} INFO - Started process (PID=122) to work on /home/airflow/.local/lib/python3.11/site-packages/airflow/example_dags/example_xcom.py
[2024-07-13T01:11:50.687+0000] {processor.py:830} INFO - Processing file /home/airflow/.local/lib/python3.11/site-packages/airflow/example_dags/example_xcom.py for tasks to queue
[2024-07-13T01:11:50.691+0000] {logging_mixin.py:188} INFO - [2024-07-13T01:11:50.690+0000] {dagbag.py:545} INFO - Filling up the DagBag from /home/airflow/.local/lib/python3.11/site-packages/airflow/example_dags/example_xcom.py
[2024-07-13T01:11:50.710+0000] {processor.py:840} INFO - DAG(s) 'example_xcom' retrieved from /home/airflow/.local/lib/python3.11/site-packages/airflow/example_dags/example_xcom.py
[2024-07-13T01:11:50.748+0000] {logging_mixin.py:188} INFO - [2024-07-13T01:11:50.748+0000] {dag.py:3096} INFO - Sync 1 DAGs
[2024-07-13T01:11:50.779+0000] {logging_mixin.py:188} INFO - [2024-07-13T01:11:50.779+0000] {dag.py:3954} INFO - Setting next_dagrun for example_xcom to 2021-01-01 00:00:00+00:00, run_after=2021-01-01 00:00:00+00:00
[2024-07-13T01:11:50.811+0000] {processor.py:183} INFO - Processing /home/airflow/.local/lib/python3.11/site-packages/airflow/example_dags/example_xcom.py took 0.142 seconds
[2024-07-13T01:12:24.677+0000] {processor.py:161} INFO - Started process (PID=184) to work on /home/airflow/.local/lib/python3.11/site-packages/airflow/example_dags/example_xcom.py
[2024-07-13T01:12:24.679+0000] {processor.py:830} INFO - Processing file /home/airflow/.local/lib/python3.11/site-packages/airflow/example_dags/example_xcom.py for tasks to queue
[2024-07-13T01:12:24.683+0000] {logging_mixin.py:188} INFO - [2024-07-13T01:12:24.682+0000] {dagbag.py:545} INFO - Filling up the DagBag from /home/airflow/.local/lib/python3.11/site-packages/airflow/example_dags/example_xcom.py
[2024-07-13T01:12:24.698+0000] {processor.py:840} INFO - DAG(s) 'example_xcom' retrieved from /home/airflow/.local/lib/python3.11/site-packages/airflow/example_dags/example_xcom.py
[2024-07-13T01:12:24.741+0000] {logging_mixin.py:188} INFO - [2024-07-13T01:12:24.740+0000] {dag.py:3096} INFO - Sync 1 DAGs
[2024-07-13T01:12:24.781+0000] {logging_mixin.py:188} INFO - [2024-07-13T01:12:24.780+0000] {dag.py:3954} INFO - Setting next_dagrun for example_xcom to 2021-01-01 00:00:00+00:00, run_after=2021-01-01 00:00:00+00:00
[2024-07-13T01:12:24.813+0000] {processor.py:183} INFO - Processing /home/airflow/.local/lib/python3.11/site-packages/airflow/example_dags/example_xcom.py took 0.148 seconds
[2024-07-13T01:12:57.326+0000] {processor.py:161} INFO - Started process (PID=252) to work on /home/airflow/.local/lib/python3.11/site-packages/airflow/example_dags/example_xcom.py
[2024-07-13T01:12:57.328+0000] {processor.py:830} INFO - Processing file /home/airflow/.local/lib/python3.11/site-packages/airflow/example_dags/example_xcom.py for tasks to queue
[2024-07-13T01:12:57.333+0000] {logging_mixin.py:188} INFO - [2024-07-13T01:12:57.332+0000] {dagbag.py:545} INFO - Filling up the DagBag from /home/airflow/.local/lib/python3.11/site-packages/airflow/example_dags/example_xcom.py
[2024-07-13T01:12:57.350+0000] {processor.py:840} INFO - DAG(s) 'example_xcom' retrieved from /home/airflow/.local/lib/python3.11/site-packages/airflow/example_dags/example_xcom.py
[2024-07-13T01:12:57.391+0000] {logging_mixin.py:188} INFO - [2024-07-13T01:12:57.390+0000] {dag.py:3096} INFO - Sync 1 DAGs
[2024-07-13T01:12:57.434+0000] {logging_mixin.py:188} INFO - [2024-07-13T01:12:57.433+0000] {dag.py:3954} INFO - Setting next_dagrun for example_xcom to 2021-01-01 00:00:00+00:00, run_after=2021-01-01 00:00:00+00:00
[2024-07-13T01:12:57.477+0000] {processor.py:183} INFO - Processing /home/airflow/.local/lib/python3.11/site-packages/airflow/example_dags/example_xcom.py took 0.171 seconds
[2024-07-13T01:13:32.385+0000] {processor.py:161} INFO - Started process (PID=315) to work on /home/airflow/.local/lib/python3.11/site-packages/airflow/example_dags/example_xcom.py
[2024-07-13T01:13:32.388+0000] {processor.py:830} INFO - Processing file /home/airflow/.local/lib/python3.11/site-packages/airflow/example_dags/example_xcom.py for tasks to queue
[2024-07-13T01:13:32.393+0000] {logging_mixin.py:188} INFO - [2024-07-13T01:13:32.392+0000] {dagbag.py:545} INFO - Filling up the DagBag from /home/airflow/.local/lib/python3.11/site-packages/airflow/example_dags/example_xcom.py
[2024-07-13T01:13:32.417+0000] {processor.py:840} INFO - DAG(s) 'example_xcom' retrieved from /home/airflow/.local/lib/python3.11/site-packages/airflow/example_dags/example_xcom.py
[2024-07-13T01:13:32.471+0000] {logging_mixin.py:188} INFO - [2024-07-13T01:13:32.471+0000] {dag.py:3096} INFO - Sync 1 DAGs
[2024-07-13T01:13:32.567+0000] {logging_mixin.py:188} INFO - [2024-07-13T01:13:32.566+0000] {dag.py:3954} INFO - Setting next_dagrun for example_xcom to 2021-01-01 00:00:00+00:00, run_after=2021-01-01 00:00:00+00:00
[2024-07-13T01:13:32.626+0000] {processor.py:183} INFO - Processing /home/airflow/.local/lib/python3.11/site-packages/airflow/example_dags/example_xcom.py took 0.258 seconds
[2024-07-13T01:14:04.612+0000] {processor.py:161} INFO - Started process (PID=377) to work on /home/airflow/.local/lib/python3.11/site-packages/airflow/example_dags/example_xcom.py
[2024-07-13T01:14:04.613+0000] {processor.py:830} INFO - Processing file /home/airflow/.local/lib/python3.11/site-packages/airflow/example_dags/example_xcom.py for tasks to queue
[2024-07-13T01:14:04.617+0000] {logging_mixin.py:188} INFO - [2024-07-13T01:14:04.616+0000] {dagbag.py:545} INFO - Filling up the DagBag from /home/airflow/.local/lib/python3.11/site-packages/airflow/example_dags/example_xcom.py
[2024-07-13T01:14:04.634+0000] {processor.py:840} INFO - DAG(s) 'example_xcom' retrieved from /home/airflow/.local/lib/python3.11/site-packages/airflow/example_dags/example_xcom.py
[2024-07-13T01:14:04.676+0000] {logging_mixin.py:188} INFO - [2024-07-13T01:14:04.676+0000] {dag.py:3096} INFO - Sync 1 DAGs
[2024-07-13T01:14:04.717+0000] {logging_mixin.py:188} INFO - [2024-07-13T01:14:04.716+0000] {dag.py:3954} INFO - Setting next_dagrun for example_xcom to 2021-01-01 00:00:00+00:00, run_after=2021-01-01 00:00:00+00:00
[2024-07-13T01:14:04.747+0000] {processor.py:183} INFO - Processing /home/airflow/.local/lib/python3.11/site-packages/airflow/example_dags/example_xcom.py took 0.148 seconds
[2024-07-13T01:14:38.597+0000] {processor.py:161} INFO - Started process (PID=439) to work on /home/airflow/.local/lib/python3.11/site-packages/airflow/example_dags/example_xcom.py
[2024-07-13T01:14:38.600+0000] {processor.py:830} INFO - Processing file /home/airflow/.local/lib/python3.11/site-packages/airflow/example_dags/example_xcom.py for tasks to queue
[2024-07-13T01:14:38.604+0000] {logging_mixin.py:188} INFO - [2024-07-13T01:14:38.603+0000] {dagbag.py:545} INFO - Filling up the DagBag from /home/airflow/.local/lib/python3.11/site-packages/airflow/example_dags/example_xcom.py
[2024-07-13T01:14:38.621+0000] {processor.py:840} INFO - DAG(s) 'example_xcom' retrieved from /home/airflow/.local/lib/python3.11/site-packages/airflow/example_dags/example_xcom.py
[2024-07-13T01:14:38.667+0000] {logging_mixin.py:188} INFO - [2024-07-13T01:14:38.666+0000] {dag.py:3096} INFO - Sync 1 DAGs
[2024-07-13T01:14:38.726+0000] {logging_mixin.py:188} INFO - [2024-07-13T01:14:38.725+0000] {dag.py:3954} INFO - Setting next_dagrun for example_xcom to 2021-01-01 00:00:00+00:00, run_after=2021-01-01 00:00:00+00:00
[2024-07-13T01:14:38.775+0000] {processor.py:183} INFO - Processing /home/airflow/.local/lib/python3.11/site-packages/airflow/example_dags/example_xcom.py took 0.191 seconds
[2024-07-13T01:15:12.649+0000] {processor.py:161} INFO - Started process (PID=501) to work on /home/airflow/.local/lib/python3.11/site-packages/airflow/example_dags/example_xcom.py
[2024-07-13T01:15:12.650+0000] {processor.py:830} INFO - Processing file /home/airflow/.local/lib/python3.11/site-packages/airflow/example_dags/example_xcom.py for tasks to queue
[2024-07-13T01:15:12.653+0000] {logging_mixin.py:188} INFO - [2024-07-13T01:15:12.653+0000] {dagbag.py:545} INFO - Filling up the DagBag from /home/airflow/.local/lib/python3.11/site-packages/airflow/example_dags/example_xcom.py
[2024-07-13T01:15:12.669+0000] {processor.py:840} INFO - DAG(s) 'example_xcom' retrieved from /home/airflow/.local/lib/python3.11/site-packages/airflow/example_dags/example_xcom.py
[2024-07-13T01:15:12.713+0000] {logging_mixin.py:188} INFO - [2024-07-13T01:15:12.713+0000] {dag.py:3096} INFO - Sync 1 DAGs
[2024-07-13T01:15:12.756+0000] {logging_mixin.py:188} INFO - [2024-07-13T01:15:12.755+0000] {dag.py:3954} INFO - Setting next_dagrun for example_xcom to 2021-01-01 00:00:00+00:00, run_after=2021-01-01 00:00:00+00:00
[2024-07-13T01:15:12.786+0000] {processor.py:183} INFO - Processing /home/airflow/.local/lib/python3.11/site-packages/airflow/example_dags/example_xcom.py took 0.150 seconds
[2024-07-13T01:15:47.169+0000] {processor.py:161} INFO - Started process (PID=562) to work on /home/airflow/.local/lib/python3.11/site-packages/airflow/example_dags/example_xcom.py
[2024-07-13T01:15:47.171+0000] {processor.py:830} INFO - Processing file /home/airflow/.local/lib/python3.11/site-packages/airflow/example_dags/example_xcom.py for tasks to queue
[2024-07-13T01:15:47.174+0000] {logging_mixin.py:188} INFO - [2024-07-13T01:15:47.173+0000] {dagbag.py:545} INFO - Filling up the DagBag from /home/airflow/.local/lib/python3.11/site-packages/airflow/example_dags/example_xcom.py
[2024-07-13T01:15:47.192+0000] {processor.py:840} INFO - DAG(s) 'example_xcom' retrieved from /home/airflow/.local/lib/python3.11/site-packages/airflow/example_dags/example_xcom.py
[2024-07-13T01:15:47.249+0000] {logging_mixin.py:188} INFO - [2024-07-13T01:15:47.249+0000] {dag.py:3096} INFO - Sync 1 DAGs
[2024-07-13T01:15:47.294+0000] {logging_mixin.py:188} INFO - [2024-07-13T01:15:47.294+0000] {dag.py:3954} INFO - Setting next_dagrun for example_xcom to 2021-01-01 00:00:00+00:00, run_after=2021-01-01 00:00:00+00:00
[2024-07-13T01:15:47.327+0000] {processor.py:183} INFO - Processing /home/airflow/.local/lib/python3.11/site-packages/airflow/example_dags/example_xcom.py took 0.170 seconds
[2024-07-13T01:16:21.117+0000] {processor.py:161} INFO - Started process (PID=627) to work on /home/airflow/.local/lib/python3.11/site-packages/airflow/example_dags/example_xcom.py
[2024-07-13T01:16:21.120+0000] {processor.py:830} INFO - Processing file /home/airflow/.local/lib/python3.11/site-packages/airflow/example_dags/example_xcom.py for tasks to queue
[2024-07-13T01:16:21.124+0000] {logging_mixin.py:188} INFO - [2024-07-13T01:16:21.124+0000] {dagbag.py:545} INFO - Filling up the DagBag from /home/airflow/.local/lib/python3.11/site-packages/airflow/example_dags/example_xcom.py
[2024-07-13T01:16:21.146+0000] {processor.py:840} INFO - DAG(s) 'example_xcom' retrieved from /home/airflow/.local/lib/python3.11/site-packages/airflow/example_dags/example_xcom.py
[2024-07-13T01:16:21.197+0000] {logging_mixin.py:188} INFO - [2024-07-13T01:16:21.196+0000] {dag.py:3096} INFO - Sync 1 DAGs
[2024-07-13T01:16:21.243+0000] {logging_mixin.py:188} INFO - [2024-07-13T01:16:21.243+0000] {dag.py:3954} INFO - Setting next_dagrun for example_xcom to 2021-01-01 00:00:00+00:00, run_after=2021-01-01 00:00:00+00:00
[2024-07-13T01:16:21.280+0000] {processor.py:183} INFO - Processing /home/airflow/.local/lib/python3.11/site-packages/airflow/example_dags/example_xcom.py took 0.182 seconds
