[2024-07-13T00:28:01.056+0000] {processor.py:161} INFO - Started process (PID=55) to work on /home/airflow/.local/lib/python3.11/site-packages/airflow/example_dags/example_task_group.py
[2024-07-13T00:28:01.058+0000] {processor.py:830} INFO - Processing file /home/airflow/.local/lib/python3.11/site-packages/airflow/example_dags/example_task_group.py for tasks to queue
[2024-07-13T00:28:01.060+0000] {logging_mixin.py:188} INFO - [2024-07-13T00:28:01.059+0000] {dagbag.py:545} INFO - Filling up the DagBag from /home/airflow/.local/lib/python3.11/site-packages/airflow/example_dags/example_task_group.py
[2024-07-13T00:28:01.083+0000] {processor.py:840} INFO - DAG(s) 'example_task_group' retrieved from /home/airflow/.local/lib/python3.11/site-packages/airflow/example_dags/example_task_group.py
[2024-07-13T00:28:01.312+0000] {logging_mixin.py:188} INFO - [2024-07-13T00:28:01.311+0000] {dag.py:3096} INFO - Sync 1 DAGs
[2024-07-13T00:28:01.358+0000] {logging_mixin.py:188} INFO - [2024-07-13T00:28:01.358+0000] {dag.py:3954} INFO - Setting next_dagrun for example_task_group to 2024-07-12 00:00:00+00:00, run_after=2024-07-13 00:00:00+00:00
[2024-07-13T00:28:01.401+0000] {processor.py:183} INFO - Processing /home/airflow/.local/lib/python3.11/site-packages/airflow/example_dags/example_task_group.py took 0.359 seconds
[2024-07-13T00:28:33.083+0000] {processor.py:161} INFO - Started process (PID=117) to work on /home/airflow/.local/lib/python3.11/site-packages/airflow/example_dags/example_task_group.py
[2024-07-13T00:28:33.085+0000] {processor.py:830} INFO - Processing file /home/airflow/.local/lib/python3.11/site-packages/airflow/example_dags/example_task_group.py for tasks to queue
[2024-07-13T00:28:33.086+0000] {logging_mixin.py:188} INFO - [2024-07-13T00:28:33.086+0000] {dagbag.py:545} INFO - Filling up the DagBag from /home/airflow/.local/lib/python3.11/site-packages/airflow/example_dags/example_task_group.py
[2024-07-13T00:28:33.102+0000] {processor.py:840} INFO - DAG(s) 'example_task_group' retrieved from /home/airflow/.local/lib/python3.11/site-packages/airflow/example_dags/example_task_group.py
[2024-07-13T00:28:33.137+0000] {logging_mixin.py:188} INFO - [2024-07-13T00:28:33.137+0000] {dag.py:3096} INFO - Sync 1 DAGs
[2024-07-13T00:28:33.170+0000] {logging_mixin.py:188} INFO - [2024-07-13T00:28:33.170+0000] {dag.py:3954} INFO - Setting next_dagrun for example_task_group to 2024-07-12 00:00:00+00:00, run_after=2024-07-13 00:00:00+00:00
[2024-07-13T00:28:33.195+0000] {processor.py:183} INFO - Processing /home/airflow/.local/lib/python3.11/site-packages/airflow/example_dags/example_task_group.py took 0.124 seconds
[2024-07-13T00:29:05.986+0000] {processor.py:161} INFO - Started process (PID=179) to work on /home/airflow/.local/lib/python3.11/site-packages/airflow/example_dags/example_task_group.py
[2024-07-13T00:29:05.987+0000] {processor.py:830} INFO - Processing file /home/airflow/.local/lib/python3.11/site-packages/airflow/example_dags/example_task_group.py for tasks to queue
[2024-07-13T00:29:05.988+0000] {logging_mixin.py:188} INFO - [2024-07-13T00:29:05.988+0000] {dagbag.py:545} INFO - Filling up the DagBag from /home/airflow/.local/lib/python3.11/site-packages/airflow/example_dags/example_task_group.py
[2024-07-13T00:29:06.003+0000] {processor.py:840} INFO - DAG(s) 'example_task_group' retrieved from /home/airflow/.local/lib/python3.11/site-packages/airflow/example_dags/example_task_group.py
[2024-07-13T00:29:06.039+0000] {logging_mixin.py:188} INFO - [2024-07-13T00:29:06.039+0000] {dag.py:3096} INFO - Sync 1 DAGs
[2024-07-13T00:29:06.072+0000] {logging_mixin.py:188} INFO - [2024-07-13T00:29:06.072+0000] {dag.py:3954} INFO - Setting next_dagrun for example_task_group to 2024-07-12 00:00:00+00:00, run_after=2024-07-13 00:00:00+00:00
[2024-07-13T00:29:06.099+0000] {processor.py:183} INFO - Processing /home/airflow/.local/lib/python3.11/site-packages/airflow/example_dags/example_task_group.py took 0.124 seconds
[2024-07-13T00:29:39.134+0000] {processor.py:161} INFO - Started process (PID=241) to work on /home/airflow/.local/lib/python3.11/site-packages/airflow/example_dags/example_task_group.py
[2024-07-13T00:29:39.136+0000] {processor.py:830} INFO - Processing file /home/airflow/.local/lib/python3.11/site-packages/airflow/example_dags/example_task_group.py for tasks to queue
[2024-07-13T00:29:39.137+0000] {logging_mixin.py:188} INFO - [2024-07-13T00:29:39.137+0000] {dagbag.py:545} INFO - Filling up the DagBag from /home/airflow/.local/lib/python3.11/site-packages/airflow/example_dags/example_task_group.py
[2024-07-13T00:29:39.154+0000] {processor.py:840} INFO - DAG(s) 'example_task_group' retrieved from /home/airflow/.local/lib/python3.11/site-packages/airflow/example_dags/example_task_group.py
[2024-07-13T00:29:39.196+0000] {logging_mixin.py:188} INFO - [2024-07-13T00:29:39.196+0000] {dag.py:3096} INFO - Sync 1 DAGs
[2024-07-13T00:29:39.235+0000] {logging_mixin.py:188} INFO - [2024-07-13T00:29:39.234+0000] {dag.py:3954} INFO - Setting next_dagrun for example_task_group to 2024-07-12 00:00:00+00:00, run_after=2024-07-13 00:00:00+00:00
[2024-07-13T00:29:39.270+0000] {processor.py:183} INFO - Processing /home/airflow/.local/lib/python3.11/site-packages/airflow/example_dags/example_task_group.py took 0.154 seconds
[2024-07-13T00:30:11.991+0000] {processor.py:161} INFO - Started process (PID=309) to work on /home/airflow/.local/lib/python3.11/site-packages/airflow/example_dags/example_task_group.py
[2024-07-13T00:30:11.993+0000] {processor.py:830} INFO - Processing file /home/airflow/.local/lib/python3.11/site-packages/airflow/example_dags/example_task_group.py for tasks to queue
[2024-07-13T00:30:11.994+0000] {logging_mixin.py:188} INFO - [2024-07-13T00:30:11.994+0000] {dagbag.py:545} INFO - Filling up the DagBag from /home/airflow/.local/lib/python3.11/site-packages/airflow/example_dags/example_task_group.py
[2024-07-13T00:30:12.015+0000] {processor.py:840} INFO - DAG(s) 'example_task_group' retrieved from /home/airflow/.local/lib/python3.11/site-packages/airflow/example_dags/example_task_group.py
[2024-07-13T00:30:12.070+0000] {logging_mixin.py:188} INFO - [2024-07-13T00:30:12.069+0000] {dag.py:3096} INFO - Sync 1 DAGs
[2024-07-13T00:30:12.138+0000] {logging_mixin.py:188} INFO - [2024-07-13T00:30:12.138+0000] {dag.py:3954} INFO - Setting next_dagrun for example_task_group to 2024-07-12 00:00:00+00:00, run_after=2024-07-13 00:00:00+00:00
[2024-07-13T00:30:12.189+0000] {processor.py:183} INFO - Processing /home/airflow/.local/lib/python3.11/site-packages/airflow/example_dags/example_task_group.py took 0.213 seconds
[2024-07-13T00:30:45.003+0000] {processor.py:161} INFO - Started process (PID=372) to work on /home/airflow/.local/lib/python3.11/site-packages/airflow/example_dags/example_task_group.py
[2024-07-13T00:30:45.005+0000] {processor.py:830} INFO - Processing file /home/airflow/.local/lib/python3.11/site-packages/airflow/example_dags/example_task_group.py for tasks to queue
[2024-07-13T00:30:45.006+0000] {logging_mixin.py:188} INFO - [2024-07-13T00:30:45.006+0000] {dagbag.py:545} INFO - Filling up the DagBag from /home/airflow/.local/lib/python3.11/site-packages/airflow/example_dags/example_task_group.py
[2024-07-13T00:30:45.022+0000] {processor.py:840} INFO - DAG(s) 'example_task_group' retrieved from /home/airflow/.local/lib/python3.11/site-packages/airflow/example_dags/example_task_group.py
[2024-07-13T00:30:45.070+0000] {logging_mixin.py:188} INFO - [2024-07-13T00:30:45.069+0000] {dag.py:3096} INFO - Sync 1 DAGs
[2024-07-13T00:30:45.108+0000] {logging_mixin.py:188} INFO - [2024-07-13T00:30:45.108+0000] {dag.py:3954} INFO - Setting next_dagrun for example_task_group to 2024-07-12 00:00:00+00:00, run_after=2024-07-13 00:00:00+00:00
[2024-07-13T00:30:45.138+0000] {processor.py:183} INFO - Processing /home/airflow/.local/lib/python3.11/site-packages/airflow/example_dags/example_task_group.py took 0.146 seconds
[2024-07-13T00:31:18.325+0000] {processor.py:161} INFO - Started process (PID=434) to work on /home/airflow/.local/lib/python3.11/site-packages/airflow/example_dags/example_task_group.py
[2024-07-13T00:31:18.327+0000] {processor.py:830} INFO - Processing file /home/airflow/.local/lib/python3.11/site-packages/airflow/example_dags/example_task_group.py for tasks to queue
[2024-07-13T00:31:18.329+0000] {logging_mixin.py:188} INFO - [2024-07-13T00:31:18.328+0000] {dagbag.py:545} INFO - Filling up the DagBag from /home/airflow/.local/lib/python3.11/site-packages/airflow/example_dags/example_task_group.py
[2024-07-13T00:31:18.348+0000] {processor.py:840} INFO - DAG(s) 'example_task_group' retrieved from /home/airflow/.local/lib/python3.11/site-packages/airflow/example_dags/example_task_group.py
[2024-07-13T00:31:18.392+0000] {logging_mixin.py:188} INFO - [2024-07-13T00:31:18.392+0000] {dag.py:3096} INFO - Sync 1 DAGs
[2024-07-13T00:31:18.433+0000] {logging_mixin.py:188} INFO - [2024-07-13T00:31:18.433+0000] {dag.py:3954} INFO - Setting next_dagrun for example_task_group to 2024-07-12 00:00:00+00:00, run_after=2024-07-13 00:00:00+00:00
[2024-07-13T00:31:18.466+0000] {processor.py:183} INFO - Processing /home/airflow/.local/lib/python3.11/site-packages/airflow/example_dags/example_task_group.py took 0.154 seconds
[2024-07-13T00:31:52.596+0000] {processor.py:161} INFO - Started process (PID=496) to work on /home/airflow/.local/lib/python3.11/site-packages/airflow/example_dags/example_task_group.py
[2024-07-13T00:31:52.598+0000] {processor.py:830} INFO - Processing file /home/airflow/.local/lib/python3.11/site-packages/airflow/example_dags/example_task_group.py for tasks to queue
[2024-07-13T00:31:52.600+0000] {logging_mixin.py:188} INFO - [2024-07-13T00:31:52.599+0000] {dagbag.py:545} INFO - Filling up the DagBag from /home/airflow/.local/lib/python3.11/site-packages/airflow/example_dags/example_task_group.py
[2024-07-13T00:31:52.622+0000] {processor.py:840} INFO - DAG(s) 'example_task_group' retrieved from /home/airflow/.local/lib/python3.11/site-packages/airflow/example_dags/example_task_group.py
[2024-07-13T00:31:52.673+0000] {logging_mixin.py:188} INFO - [2024-07-13T00:31:52.672+0000] {dag.py:3096} INFO - Sync 1 DAGs
[2024-07-13T00:31:52.721+0000] {logging_mixin.py:188} INFO - [2024-07-13T00:31:52.720+0000] {dag.py:3954} INFO - Setting next_dagrun for example_task_group to 2024-07-12 00:00:00+00:00, run_after=2024-07-13 00:00:00+00:00
[2024-07-13T00:31:52.748+0000] {processor.py:183} INFO - Processing /home/airflow/.local/lib/python3.11/site-packages/airflow/example_dags/example_task_group.py took 0.168 seconds
[2024-07-13T00:32:26.914+0000] {processor.py:161} INFO - Started process (PID=558) to work on /home/airflow/.local/lib/python3.11/site-packages/airflow/example_dags/example_task_group.py
[2024-07-13T00:32:26.917+0000] {processor.py:830} INFO - Processing file /home/airflow/.local/lib/python3.11/site-packages/airflow/example_dags/example_task_group.py for tasks to queue
[2024-07-13T00:32:26.918+0000] {logging_mixin.py:188} INFO - [2024-07-13T00:32:26.917+0000] {dagbag.py:545} INFO - Filling up the DagBag from /home/airflow/.local/lib/python3.11/site-packages/airflow/example_dags/example_task_group.py
[2024-07-13T00:32:26.934+0000] {processor.py:840} INFO - DAG(s) 'example_task_group' retrieved from /home/airflow/.local/lib/python3.11/site-packages/airflow/example_dags/example_task_group.py
[2024-07-13T00:32:26.987+0000] {logging_mixin.py:188} INFO - [2024-07-13T00:32:26.987+0000] {dag.py:3096} INFO - Sync 1 DAGs
[2024-07-13T00:32:27.031+0000] {logging_mixin.py:188} INFO - [2024-07-13T00:32:27.030+0000] {dag.py:3954} INFO - Setting next_dagrun for example_task_group to 2024-07-12 00:00:00+00:00, run_after=2024-07-13 00:00:00+00:00
[2024-07-13T00:32:27.067+0000] {processor.py:183} INFO - Processing /home/airflow/.local/lib/python3.11/site-packages/airflow/example_dags/example_task_group.py took 0.164 seconds
[2024-07-13T00:33:01.038+0000] {processor.py:161} INFO - Started process (PID=620) to work on /home/airflow/.local/lib/python3.11/site-packages/airflow/example_dags/example_task_group.py
[2024-07-13T00:33:01.045+0000] {processor.py:830} INFO - Processing file /home/airflow/.local/lib/python3.11/site-packages/airflow/example_dags/example_task_group.py for tasks to queue
[2024-07-13T00:33:01.046+0000] {logging_mixin.py:188} INFO - [2024-07-13T00:33:01.046+0000] {dagbag.py:545} INFO - Filling up the DagBag from /home/airflow/.local/lib/python3.11/site-packages/airflow/example_dags/example_task_group.py
[2024-07-13T00:33:01.069+0000] {processor.py:840} INFO - DAG(s) 'example_task_group' retrieved from /home/airflow/.local/lib/python3.11/site-packages/airflow/example_dags/example_task_group.py
[2024-07-13T00:33:01.118+0000] {logging_mixin.py:188} INFO - [2024-07-13T00:33:01.117+0000] {dag.py:3096} INFO - Sync 1 DAGs
[2024-07-13T00:33:01.165+0000] {logging_mixin.py:188} INFO - [2024-07-13T00:33:01.165+0000] {dag.py:3954} INFO - Setting next_dagrun for example_task_group to 2024-07-12 00:00:00+00:00, run_after=2024-07-13 00:00:00+00:00
[2024-07-13T00:33:01.263+0000] {processor.py:183} INFO - Processing /home/airflow/.local/lib/python3.11/site-packages/airflow/example_dags/example_task_group.py took 0.244 seconds
[2024-07-13T00:33:33.688+0000] {processor.py:161} INFO - Started process (PID=682) to work on /home/airflow/.local/lib/python3.11/site-packages/airflow/example_dags/example_task_group.py
[2024-07-13T00:33:33.690+0000] {processor.py:830} INFO - Processing file /home/airflow/.local/lib/python3.11/site-packages/airflow/example_dags/example_task_group.py for tasks to queue
[2024-07-13T00:33:33.692+0000] {logging_mixin.py:188} INFO - [2024-07-13T00:33:33.691+0000] {dagbag.py:545} INFO - Filling up the DagBag from /home/airflow/.local/lib/python3.11/site-packages/airflow/example_dags/example_task_group.py
[2024-07-13T00:33:33.712+0000] {processor.py:840} INFO - DAG(s) 'example_task_group' retrieved from /home/airflow/.local/lib/python3.11/site-packages/airflow/example_dags/example_task_group.py
[2024-07-13T00:33:33.763+0000] {logging_mixin.py:188} INFO - [2024-07-13T00:33:33.763+0000] {dag.py:3096} INFO - Sync 1 DAGs
[2024-07-13T00:33:33.807+0000] {logging_mixin.py:188} INFO - [2024-07-13T00:33:33.806+0000] {dag.py:3954} INFO - Setting next_dagrun for example_task_group to 2024-07-12 00:00:00+00:00, run_after=2024-07-13 00:00:00+00:00
[2024-07-13T00:33:33.839+0000] {processor.py:183} INFO - Processing /home/airflow/.local/lib/python3.11/site-packages/airflow/example_dags/example_task_group.py took 0.166 seconds
[2024-07-13T00:35:48.849+0000] {processor.py:161} INFO - Started process (PID=56) to work on /home/airflow/.local/lib/python3.11/site-packages/airflow/example_dags/example_task_group.py
[2024-07-13T00:35:48.851+0000] {processor.py:830} INFO - Processing file /home/airflow/.local/lib/python3.11/site-packages/airflow/example_dags/example_task_group.py for tasks to queue
[2024-07-13T00:35:48.854+0000] {logging_mixin.py:188} INFO - [2024-07-13T00:35:48.854+0000] {dagbag.py:545} INFO - Filling up the DagBag from /home/airflow/.local/lib/python3.11/site-packages/airflow/example_dags/example_task_group.py
[2024-07-13T00:35:48.870+0000] {processor.py:840} INFO - DAG(s) 'example_task_group' retrieved from /home/airflow/.local/lib/python3.11/site-packages/airflow/example_dags/example_task_group.py
[2024-07-13T00:35:49.082+0000] {logging_mixin.py:188} INFO - [2024-07-13T00:35:49.082+0000] {dag.py:3096} INFO - Sync 1 DAGs
[2024-07-13T00:35:49.124+0000] {logging_mixin.py:188} INFO - [2024-07-13T00:35:49.124+0000] {dag.py:3954} INFO - Setting next_dagrun for example_task_group to 2024-07-12 00:00:00+00:00, run_after=2024-07-13 00:00:00+00:00
[2024-07-13T00:35:49.160+0000] {processor.py:183} INFO - Processing /home/airflow/.local/lib/python3.11/site-packages/airflow/example_dags/example_task_group.py took 0.322 seconds
[2024-07-13T00:36:20.752+0000] {processor.py:161} INFO - Started process (PID=118) to work on /home/airflow/.local/lib/python3.11/site-packages/airflow/example_dags/example_task_group.py
[2024-07-13T00:36:20.754+0000] {processor.py:830} INFO - Processing file /home/airflow/.local/lib/python3.11/site-packages/airflow/example_dags/example_task_group.py for tasks to queue
[2024-07-13T00:36:20.757+0000] {logging_mixin.py:188} INFO - [2024-07-13T00:36:20.756+0000] {dagbag.py:545} INFO - Filling up the DagBag from /home/airflow/.local/lib/python3.11/site-packages/airflow/example_dags/example_task_group.py
[2024-07-13T00:36:20.771+0000] {processor.py:840} INFO - DAG(s) 'example_task_group' retrieved from /home/airflow/.local/lib/python3.11/site-packages/airflow/example_dags/example_task_group.py
[2024-07-13T00:36:20.816+0000] {logging_mixin.py:188} INFO - [2024-07-13T00:36:20.816+0000] {dag.py:3096} INFO - Sync 1 DAGs
[2024-07-13T00:36:20.858+0000] {logging_mixin.py:188} INFO - [2024-07-13T00:36:20.857+0000] {dag.py:3954} INFO - Setting next_dagrun for example_task_group to 2024-07-12 00:00:00+00:00, run_after=2024-07-13 00:00:00+00:00
[2024-07-13T00:36:20.892+0000] {processor.py:183} INFO - Processing /home/airflow/.local/lib/python3.11/site-packages/airflow/example_dags/example_task_group.py took 0.151 seconds
[2024-07-13T00:38:19.893+0000] {processor.py:161} INFO - Started process (PID=54) to work on /home/airflow/.local/lib/python3.11/site-packages/airflow/example_dags/example_task_group.py
[2024-07-13T00:38:19.896+0000] {processor.py:830} INFO - Processing file /home/airflow/.local/lib/python3.11/site-packages/airflow/example_dags/example_task_group.py for tasks to queue
[2024-07-13T00:38:19.899+0000] {logging_mixin.py:188} INFO - [2024-07-13T00:38:19.898+0000] {dagbag.py:545} INFO - Filling up the DagBag from /home/airflow/.local/lib/python3.11/site-packages/airflow/example_dags/example_task_group.py
[2024-07-13T00:38:19.918+0000] {processor.py:840} INFO - DAG(s) 'example_task_group' retrieved from /home/airflow/.local/lib/python3.11/site-packages/airflow/example_dags/example_task_group.py
[2024-07-13T00:38:20.144+0000] {logging_mixin.py:188} INFO - [2024-07-13T00:38:20.143+0000] {dag.py:3096} INFO - Sync 1 DAGs
[2024-07-13T00:38:20.190+0000] {logging_mixin.py:188} INFO - [2024-07-13T00:38:20.190+0000] {dag.py:3954} INFO - Setting next_dagrun for example_task_group to 2024-07-12 00:00:00+00:00, run_after=2024-07-13 00:00:00+00:00
[2024-07-13T00:38:20.225+0000] {processor.py:183} INFO - Processing /home/airflow/.local/lib/python3.11/site-packages/airflow/example_dags/example_task_group.py took 0.345 seconds
[2024-07-13T00:38:51.011+0000] {processor.py:161} INFO - Started process (PID=116) to work on /home/airflow/.local/lib/python3.11/site-packages/airflow/example_dags/example_task_group.py
[2024-07-13T00:38:51.013+0000] {processor.py:830} INFO - Processing file /home/airflow/.local/lib/python3.11/site-packages/airflow/example_dags/example_task_group.py for tasks to queue
[2024-07-13T00:38:51.017+0000] {logging_mixin.py:188} INFO - [2024-07-13T00:38:51.016+0000] {dagbag.py:545} INFO - Filling up the DagBag from /home/airflow/.local/lib/python3.11/site-packages/airflow/example_dags/example_task_group.py
[2024-07-13T00:38:51.032+0000] {processor.py:840} INFO - DAG(s) 'example_task_group' retrieved from /home/airflow/.local/lib/python3.11/site-packages/airflow/example_dags/example_task_group.py
[2024-07-13T00:38:51.070+0000] {logging_mixin.py:188} INFO - [2024-07-13T00:38:51.069+0000] {dag.py:3096} INFO - Sync 1 DAGs
[2024-07-13T00:38:51.106+0000] {logging_mixin.py:188} INFO - [2024-07-13T00:38:51.106+0000] {dag.py:3954} INFO - Setting next_dagrun for example_task_group to 2024-07-12 00:00:00+00:00, run_after=2024-07-13 00:00:00+00:00
[2024-07-13T00:38:51.135+0000] {processor.py:183} INFO - Processing /home/airflow/.local/lib/python3.11/site-packages/airflow/example_dags/example_task_group.py took 0.138 seconds
[2024-07-13T00:39:24.166+0000] {processor.py:161} INFO - Started process (PID=178) to work on /home/airflow/.local/lib/python3.11/site-packages/airflow/example_dags/example_task_group.py
[2024-07-13T00:39:24.169+0000] {processor.py:830} INFO - Processing file /home/airflow/.local/lib/python3.11/site-packages/airflow/example_dags/example_task_group.py for tasks to queue
[2024-07-13T00:39:24.172+0000] {logging_mixin.py:188} INFO - [2024-07-13T00:39:24.171+0000] {dagbag.py:545} INFO - Filling up the DagBag from /home/airflow/.local/lib/python3.11/site-packages/airflow/example_dags/example_task_group.py
[2024-07-13T00:39:24.186+0000] {processor.py:840} INFO - DAG(s) 'example_task_group' retrieved from /home/airflow/.local/lib/python3.11/site-packages/airflow/example_dags/example_task_group.py
[2024-07-13T00:39:24.229+0000] {logging_mixin.py:188} INFO - [2024-07-13T00:39:24.229+0000] {dag.py:3096} INFO - Sync 1 DAGs
[2024-07-13T00:39:24.261+0000] {logging_mixin.py:188} INFO - [2024-07-13T00:39:24.260+0000] {dag.py:3954} INFO - Setting next_dagrun for example_task_group to 2024-07-12 00:00:00+00:00, run_after=2024-07-13 00:00:00+00:00
[2024-07-13T00:39:24.287+0000] {processor.py:183} INFO - Processing /home/airflow/.local/lib/python3.11/site-packages/airflow/example_dags/example_task_group.py took 0.132 seconds
[2024-07-13T00:39:57.112+0000] {processor.py:161} INFO - Started process (PID=240) to work on /home/airflow/.local/lib/python3.11/site-packages/airflow/example_dags/example_task_group.py
[2024-07-13T00:39:57.114+0000] {processor.py:830} INFO - Processing file /home/airflow/.local/lib/python3.11/site-packages/airflow/example_dags/example_task_group.py for tasks to queue
[2024-07-13T00:39:57.119+0000] {logging_mixin.py:188} INFO - [2024-07-13T00:39:57.118+0000] {dagbag.py:545} INFO - Filling up the DagBag from /home/airflow/.local/lib/python3.11/site-packages/airflow/example_dags/example_task_group.py
[2024-07-13T00:39:57.132+0000] {processor.py:840} INFO - DAG(s) 'example_task_group' retrieved from /home/airflow/.local/lib/python3.11/site-packages/airflow/example_dags/example_task_group.py
[2024-07-13T00:39:57.174+0000] {logging_mixin.py:188} INFO - [2024-07-13T00:39:57.173+0000] {dag.py:3096} INFO - Sync 1 DAGs
[2024-07-13T00:39:57.211+0000] {logging_mixin.py:188} INFO - [2024-07-13T00:39:57.211+0000] {dag.py:3954} INFO - Setting next_dagrun for example_task_group to 2024-07-12 00:00:00+00:00, run_after=2024-07-13 00:00:00+00:00
[2024-07-13T00:39:57.237+0000] {processor.py:183} INFO - Processing /home/airflow/.local/lib/python3.11/site-packages/airflow/example_dags/example_task_group.py took 0.139 seconds
[2024-07-13T00:40:29.966+0000] {processor.py:161} INFO - Started process (PID=302) to work on /home/airflow/.local/lib/python3.11/site-packages/airflow/example_dags/example_task_group.py
[2024-07-13T00:40:29.969+0000] {processor.py:830} INFO - Processing file /home/airflow/.local/lib/python3.11/site-packages/airflow/example_dags/example_task_group.py for tasks to queue
[2024-07-13T00:40:29.972+0000] {logging_mixin.py:188} INFO - [2024-07-13T00:40:29.971+0000] {dagbag.py:545} INFO - Filling up the DagBag from /home/airflow/.local/lib/python3.11/site-packages/airflow/example_dags/example_task_group.py
[2024-07-13T00:40:29.986+0000] {processor.py:840} INFO - DAG(s) 'example_task_group' retrieved from /home/airflow/.local/lib/python3.11/site-packages/airflow/example_dags/example_task_group.py
[2024-07-13T00:40:30.022+0000] {logging_mixin.py:188} INFO - [2024-07-13T00:40:30.021+0000] {dag.py:3096} INFO - Sync 1 DAGs
[2024-07-13T00:40:30.056+0000] {logging_mixin.py:188} INFO - [2024-07-13T00:40:30.056+0000] {dag.py:3954} INFO - Setting next_dagrun for example_task_group to 2024-07-12 00:00:00+00:00, run_after=2024-07-13 00:00:00+00:00
[2024-07-13T00:40:30.083+0000] {processor.py:183} INFO - Processing /home/airflow/.local/lib/python3.11/site-packages/airflow/example_dags/example_task_group.py took 0.129 seconds
[2024-07-13T00:41:09.766+0000] {processor.py:161} INFO - Started process (PID=368) to work on /home/airflow/.local/lib/python3.11/site-packages/airflow/example_dags/example_task_group.py
[2024-07-13T00:41:09.772+0000] {processor.py:830} INFO - Processing file /home/airflow/.local/lib/python3.11/site-packages/airflow/example_dags/example_task_group.py for tasks to queue
[2024-07-13T00:41:09.782+0000] {logging_mixin.py:188} INFO - [2024-07-13T00:41:09.781+0000] {dagbag.py:545} INFO - Filling up the DagBag from /home/airflow/.local/lib/python3.11/site-packages/airflow/example_dags/example_task_group.py
[2024-07-13T00:41:09.837+0000] {processor.py:840} INFO - DAG(s) 'example_task_group' retrieved from /home/airflow/.local/lib/python3.11/site-packages/airflow/example_dags/example_task_group.py
[2024-07-13T00:41:09.932+0000] {logging_mixin.py:188} INFO - [2024-07-13T00:41:09.932+0000] {dag.py:3096} INFO - Sync 1 DAGs
[2024-07-13T00:41:10.004+0000] {logging_mixin.py:188} INFO - [2024-07-13T00:41:10.004+0000] {dag.py:3954} INFO - Setting next_dagrun for example_task_group to 2024-07-12 00:00:00+00:00, run_after=2024-07-13 00:00:00+00:00
[2024-07-13T00:41:10.052+0000] {processor.py:183} INFO - Processing /home/airflow/.local/lib/python3.11/site-packages/airflow/example_dags/example_task_group.py took 0.313 seconds
[2024-07-13T00:41:41.860+0000] {processor.py:161} INFO - Started process (PID=429) to work on /home/airflow/.local/lib/python3.11/site-packages/airflow/example_dags/example_task_group.py
[2024-07-13T00:41:41.863+0000] {processor.py:830} INFO - Processing file /home/airflow/.local/lib/python3.11/site-packages/airflow/example_dags/example_task_group.py for tasks to queue
[2024-07-13T00:41:41.866+0000] {logging_mixin.py:188} INFO - [2024-07-13T00:41:41.865+0000] {dagbag.py:545} INFO - Filling up the DagBag from /home/airflow/.local/lib/python3.11/site-packages/airflow/example_dags/example_task_group.py
[2024-07-13T00:41:41.880+0000] {processor.py:840} INFO - DAG(s) 'example_task_group' retrieved from /home/airflow/.local/lib/python3.11/site-packages/airflow/example_dags/example_task_group.py
[2024-07-13T00:41:41.927+0000] {logging_mixin.py:188} INFO - [2024-07-13T00:41:41.927+0000] {dag.py:3096} INFO - Sync 1 DAGs
[2024-07-13T00:41:41.968+0000] {logging_mixin.py:188} INFO - [2024-07-13T00:41:41.968+0000] {dag.py:3954} INFO - Setting next_dagrun for example_task_group to 2024-07-12 00:00:00+00:00, run_after=2024-07-13 00:00:00+00:00
[2024-07-13T00:41:41.997+0000] {processor.py:183} INFO - Processing /home/airflow/.local/lib/python3.11/site-packages/airflow/example_dags/example_task_group.py took 0.152 seconds
[2024-07-13T00:42:15.845+0000] {processor.py:161} INFO - Started process (PID=491) to work on /home/airflow/.local/lib/python3.11/site-packages/airflow/example_dags/example_task_group.py
[2024-07-13T00:42:15.847+0000] {processor.py:830} INFO - Processing file /home/airflow/.local/lib/python3.11/site-packages/airflow/example_dags/example_task_group.py for tasks to queue
[2024-07-13T00:42:15.850+0000] {logging_mixin.py:188} INFO - [2024-07-13T00:42:15.849+0000] {dagbag.py:545} INFO - Filling up the DagBag from /home/airflow/.local/lib/python3.11/site-packages/airflow/example_dags/example_task_group.py
[2024-07-13T00:42:15.865+0000] {processor.py:840} INFO - DAG(s) 'example_task_group' retrieved from /home/airflow/.local/lib/python3.11/site-packages/airflow/example_dags/example_task_group.py
[2024-07-13T00:42:15.911+0000] {logging_mixin.py:188} INFO - [2024-07-13T00:42:15.910+0000] {dag.py:3096} INFO - Sync 1 DAGs
[2024-07-13T00:42:15.956+0000] {logging_mixin.py:188} INFO - [2024-07-13T00:42:15.956+0000] {dag.py:3954} INFO - Setting next_dagrun for example_task_group to 2024-07-12 00:00:00+00:00, run_after=2024-07-13 00:00:00+00:00
[2024-07-13T00:42:16.001+0000] {processor.py:183} INFO - Processing /home/airflow/.local/lib/python3.11/site-packages/airflow/example_dags/example_task_group.py took 0.169 seconds
[2024-07-13T00:44:03.258+0000] {processor.py:161} INFO - Started process (PID=55) to work on /home/airflow/.local/lib/python3.11/site-packages/airflow/example_dags/example_task_group.py
[2024-07-13T00:44:03.261+0000] {processor.py:830} INFO - Processing file /home/airflow/.local/lib/python3.11/site-packages/airflow/example_dags/example_task_group.py for tasks to queue
[2024-07-13T00:44:03.264+0000] {logging_mixin.py:188} INFO - [2024-07-13T00:44:03.264+0000] {dagbag.py:545} INFO - Filling up the DagBag from /home/airflow/.local/lib/python3.11/site-packages/airflow/example_dags/example_task_group.py
[2024-07-13T00:44:03.282+0000] {processor.py:840} INFO - DAG(s) 'example_task_group' retrieved from /home/airflow/.local/lib/python3.11/site-packages/airflow/example_dags/example_task_group.py
[2024-07-13T00:44:03.536+0000] {logging_mixin.py:188} INFO - [2024-07-13T00:44:03.536+0000] {dag.py:3096} INFO - Sync 1 DAGs
[2024-07-13T00:44:03.571+0000] {logging_mixin.py:188} INFO - [2024-07-13T00:44:03.570+0000] {dag.py:3954} INFO - Setting next_dagrun for example_task_group to 2024-07-12 00:00:00+00:00, run_after=2024-07-13 00:00:00+00:00
[2024-07-13T00:44:03.603+0000] {processor.py:183} INFO - Processing /home/airflow/.local/lib/python3.11/site-packages/airflow/example_dags/example_task_group.py took 0.361 seconds
[2024-07-13T00:44:34.057+0000] {processor.py:161} INFO - Started process (PID=117) to work on /home/airflow/.local/lib/python3.11/site-packages/airflow/example_dags/example_task_group.py
[2024-07-13T00:44:34.059+0000] {processor.py:830} INFO - Processing file /home/airflow/.local/lib/python3.11/site-packages/airflow/example_dags/example_task_group.py for tasks to queue
[2024-07-13T00:44:34.062+0000] {logging_mixin.py:188} INFO - [2024-07-13T00:44:34.062+0000] {dagbag.py:545} INFO - Filling up the DagBag from /home/airflow/.local/lib/python3.11/site-packages/airflow/example_dags/example_task_group.py
[2024-07-13T00:44:34.076+0000] {processor.py:840} INFO - DAG(s) 'example_task_group' retrieved from /home/airflow/.local/lib/python3.11/site-packages/airflow/example_dags/example_task_group.py
[2024-07-13T00:44:34.122+0000] {logging_mixin.py:188} INFO - [2024-07-13T00:44:34.121+0000] {dag.py:3096} INFO - Sync 1 DAGs
[2024-07-13T00:44:34.166+0000] {logging_mixin.py:188} INFO - [2024-07-13T00:44:34.165+0000] {dag.py:3954} INFO - Setting next_dagrun for example_task_group to 2024-07-12 00:00:00+00:00, run_after=2024-07-13 00:00:00+00:00
[2024-07-13T00:44:34.198+0000] {processor.py:183} INFO - Processing /home/airflow/.local/lib/python3.11/site-packages/airflow/example_dags/example_task_group.py took 0.153 seconds
[2024-07-13T00:45:06.639+0000] {processor.py:161} INFO - Started process (PID=178) to work on /home/airflow/.local/lib/python3.11/site-packages/airflow/example_dags/example_task_group.py
[2024-07-13T00:45:06.642+0000] {processor.py:830} INFO - Processing file /home/airflow/.local/lib/python3.11/site-packages/airflow/example_dags/example_task_group.py for tasks to queue
[2024-07-13T00:45:06.646+0000] {logging_mixin.py:188} INFO - [2024-07-13T00:45:06.645+0000] {dagbag.py:545} INFO - Filling up the DagBag from /home/airflow/.local/lib/python3.11/site-packages/airflow/example_dags/example_task_group.py
[2024-07-13T00:45:06.664+0000] {processor.py:840} INFO - DAG(s) 'example_task_group' retrieved from /home/airflow/.local/lib/python3.11/site-packages/airflow/example_dags/example_task_group.py
[2024-07-13T00:45:06.710+0000] {logging_mixin.py:188} INFO - [2024-07-13T00:45:06.710+0000] {dag.py:3096} INFO - Sync 1 DAGs
[2024-07-13T00:45:06.747+0000] {logging_mixin.py:188} INFO - [2024-07-13T00:45:06.747+0000] {dag.py:3954} INFO - Setting next_dagrun for example_task_group to 2024-07-12 00:00:00+00:00, run_after=2024-07-13 00:00:00+00:00
[2024-07-13T00:45:06.774+0000] {processor.py:183} INFO - Processing /home/airflow/.local/lib/python3.11/site-packages/airflow/example_dags/example_task_group.py took 0.149 seconds
[2024-07-13T00:45:39.600+0000] {processor.py:161} INFO - Started process (PID=240) to work on /home/airflow/.local/lib/python3.11/site-packages/airflow/example_dags/example_task_group.py
[2024-07-13T00:45:39.602+0000] {processor.py:830} INFO - Processing file /home/airflow/.local/lib/python3.11/site-packages/airflow/example_dags/example_task_group.py for tasks to queue
[2024-07-13T00:45:39.605+0000] {logging_mixin.py:188} INFO - [2024-07-13T00:45:39.605+0000] {dagbag.py:545} INFO - Filling up the DagBag from /home/airflow/.local/lib/python3.11/site-packages/airflow/example_dags/example_task_group.py
[2024-07-13T00:45:39.621+0000] {processor.py:840} INFO - DAG(s) 'example_task_group' retrieved from /home/airflow/.local/lib/python3.11/site-packages/airflow/example_dags/example_task_group.py
[2024-07-13T00:45:39.660+0000] {logging_mixin.py:188} INFO - [2024-07-13T00:45:39.659+0000] {dag.py:3096} INFO - Sync 1 DAGs
[2024-07-13T00:45:39.696+0000] {logging_mixin.py:188} INFO - [2024-07-13T00:45:39.695+0000] {dag.py:3954} INFO - Setting next_dagrun for example_task_group to 2024-07-12 00:00:00+00:00, run_after=2024-07-13 00:00:00+00:00
[2024-07-13T00:45:39.722+0000] {processor.py:183} INFO - Processing /home/airflow/.local/lib/python3.11/site-packages/airflow/example_dags/example_task_group.py took 0.135 seconds
[2024-07-13T00:46:12.307+0000] {processor.py:161} INFO - Started process (PID=301) to work on /home/airflow/.local/lib/python3.11/site-packages/airflow/example_dags/example_task_group.py
[2024-07-13T00:46:12.309+0000] {processor.py:830} INFO - Processing file /home/airflow/.local/lib/python3.11/site-packages/airflow/example_dags/example_task_group.py for tasks to queue
[2024-07-13T00:46:12.312+0000] {logging_mixin.py:188} INFO - [2024-07-13T00:46:12.312+0000] {dagbag.py:545} INFO - Filling up the DagBag from /home/airflow/.local/lib/python3.11/site-packages/airflow/example_dags/example_task_group.py
[2024-07-13T00:46:12.328+0000] {processor.py:840} INFO - DAG(s) 'example_task_group' retrieved from /home/airflow/.local/lib/python3.11/site-packages/airflow/example_dags/example_task_group.py
[2024-07-13T00:46:12.366+0000] {logging_mixin.py:188} INFO - [2024-07-13T00:46:12.366+0000] {dag.py:3096} INFO - Sync 1 DAGs
[2024-07-13T00:46:12.398+0000] {logging_mixin.py:188} INFO - [2024-07-13T00:46:12.398+0000] {dag.py:3954} INFO - Setting next_dagrun for example_task_group to 2024-07-12 00:00:00+00:00, run_after=2024-07-13 00:00:00+00:00
[2024-07-13T00:46:12.426+0000] {processor.py:183} INFO - Processing /home/airflow/.local/lib/python3.11/site-packages/airflow/example_dags/example_task_group.py took 0.132 seconds
[2024-07-13T00:46:45.795+0000] {processor.py:161} INFO - Started process (PID=369) to work on /home/airflow/.local/lib/python3.11/site-packages/airflow/example_dags/example_task_group.py
[2024-07-13T00:46:45.797+0000] {processor.py:830} INFO - Processing file /home/airflow/.local/lib/python3.11/site-packages/airflow/example_dags/example_task_group.py for tasks to queue
[2024-07-13T00:46:45.801+0000] {logging_mixin.py:188} INFO - [2024-07-13T00:46:45.800+0000] {dagbag.py:545} INFO - Filling up the DagBag from /home/airflow/.local/lib/python3.11/site-packages/airflow/example_dags/example_task_group.py
[2024-07-13T00:46:45.816+0000] {processor.py:840} INFO - DAG(s) 'example_task_group' retrieved from /home/airflow/.local/lib/python3.11/site-packages/airflow/example_dags/example_task_group.py
[2024-07-13T00:46:45.851+0000] {logging_mixin.py:188} INFO - [2024-07-13T00:46:45.850+0000] {dag.py:3096} INFO - Sync 1 DAGs
[2024-07-13T00:46:45.885+0000] {logging_mixin.py:188} INFO - [2024-07-13T00:46:45.884+0000] {dag.py:3954} INFO - Setting next_dagrun for example_task_group to 2024-07-12 00:00:00+00:00, run_after=2024-07-13 00:00:00+00:00
[2024-07-13T00:46:45.912+0000] {processor.py:183} INFO - Processing /home/airflow/.local/lib/python3.11/site-packages/airflow/example_dags/example_task_group.py took 0.132 seconds
[2024-07-13T00:47:19.314+0000] {processor.py:161} INFO - Started process (PID=430) to work on /home/airflow/.local/lib/python3.11/site-packages/airflow/example_dags/example_task_group.py
[2024-07-13T00:47:19.316+0000] {processor.py:830} INFO - Processing file /home/airflow/.local/lib/python3.11/site-packages/airflow/example_dags/example_task_group.py for tasks to queue
[2024-07-13T00:47:19.319+0000] {logging_mixin.py:188} INFO - [2024-07-13T00:47:19.318+0000] {dagbag.py:545} INFO - Filling up the DagBag from /home/airflow/.local/lib/python3.11/site-packages/airflow/example_dags/example_task_group.py
[2024-07-13T00:47:19.335+0000] {processor.py:840} INFO - DAG(s) 'example_task_group' retrieved from /home/airflow/.local/lib/python3.11/site-packages/airflow/example_dags/example_task_group.py
[2024-07-13T00:47:19.378+0000] {logging_mixin.py:188} INFO - [2024-07-13T00:47:19.377+0000] {dag.py:3096} INFO - Sync 1 DAGs
[2024-07-13T00:47:19.413+0000] {logging_mixin.py:188} INFO - [2024-07-13T00:47:19.413+0000] {dag.py:3954} INFO - Setting next_dagrun for example_task_group to 2024-07-12 00:00:00+00:00, run_after=2024-07-13 00:00:00+00:00
[2024-07-13T00:47:19.440+0000] {processor.py:183} INFO - Processing /home/airflow/.local/lib/python3.11/site-packages/airflow/example_dags/example_task_group.py took 0.139 seconds
[2024-07-13T00:47:56.244+0000] {processor.py:161} INFO - Started process (PID=491) to work on /home/airflow/.local/lib/python3.11/site-packages/airflow/example_dags/example_task_group.py
[2024-07-13T00:47:56.246+0000] {processor.py:830} INFO - Processing file /home/airflow/.local/lib/python3.11/site-packages/airflow/example_dags/example_task_group.py for tasks to queue
[2024-07-13T00:47:56.249+0000] {logging_mixin.py:188} INFO - [2024-07-13T00:47:56.249+0000] {dagbag.py:545} INFO - Filling up the DagBag from /home/airflow/.local/lib/python3.11/site-packages/airflow/example_dags/example_task_group.py
[2024-07-13T00:47:56.266+0000] {processor.py:840} INFO - DAG(s) 'example_task_group' retrieved from /home/airflow/.local/lib/python3.11/site-packages/airflow/example_dags/example_task_group.py
[2024-07-13T00:47:56.314+0000] {logging_mixin.py:188} INFO - [2024-07-13T00:47:56.314+0000] {dag.py:3096} INFO - Sync 1 DAGs
[2024-07-13T00:47:56.358+0000] {logging_mixin.py:188} INFO - [2024-07-13T00:47:56.358+0000] {dag.py:3954} INFO - Setting next_dagrun for example_task_group to 2024-07-12 00:00:00+00:00, run_after=2024-07-13 00:00:00+00:00
[2024-07-13T00:47:56.387+0000] {processor.py:183} INFO - Processing /home/airflow/.local/lib/python3.11/site-packages/airflow/example_dags/example_task_group.py took 0.156 seconds
[2024-07-13T00:48:30.830+0000] {processor.py:161} INFO - Started process (PID=553) to work on /home/airflow/.local/lib/python3.11/site-packages/airflow/example_dags/example_task_group.py
[2024-07-13T00:48:30.832+0000] {processor.py:830} INFO - Processing file /home/airflow/.local/lib/python3.11/site-packages/airflow/example_dags/example_task_group.py for tasks to queue
[2024-07-13T00:48:30.835+0000] {logging_mixin.py:188} INFO - [2024-07-13T00:48:30.835+0000] {dagbag.py:545} INFO - Filling up the DagBag from /home/airflow/.local/lib/python3.11/site-packages/airflow/example_dags/example_task_group.py
[2024-07-13T00:48:30.851+0000] {processor.py:840} INFO - DAG(s) 'example_task_group' retrieved from /home/airflow/.local/lib/python3.11/site-packages/airflow/example_dags/example_task_group.py
[2024-07-13T00:48:30.892+0000] {logging_mixin.py:188} INFO - [2024-07-13T00:48:30.892+0000] {dag.py:3096} INFO - Sync 1 DAGs
[2024-07-13T00:48:30.928+0000] {logging_mixin.py:188} INFO - [2024-07-13T00:48:30.928+0000] {dag.py:3954} INFO - Setting next_dagrun for example_task_group to 2024-07-12 00:00:00+00:00, run_after=2024-07-13 00:00:00+00:00
[2024-07-13T00:48:30.959+0000] {processor.py:183} INFO - Processing /home/airflow/.local/lib/python3.11/site-packages/airflow/example_dags/example_task_group.py took 0.141 seconds
[2024-07-13T00:49:05.673+0000] {processor.py:161} INFO - Started process (PID=617) to work on /home/airflow/.local/lib/python3.11/site-packages/airflow/example_dags/example_task_group.py
[2024-07-13T00:49:05.675+0000] {processor.py:830} INFO - Processing file /home/airflow/.local/lib/python3.11/site-packages/airflow/example_dags/example_task_group.py for tasks to queue
[2024-07-13T00:49:05.679+0000] {logging_mixin.py:188} INFO - [2024-07-13T00:49:05.678+0000] {dagbag.py:545} INFO - Filling up the DagBag from /home/airflow/.local/lib/python3.11/site-packages/airflow/example_dags/example_task_group.py
[2024-07-13T00:49:05.696+0000] {processor.py:840} INFO - DAG(s) 'example_task_group' retrieved from /home/airflow/.local/lib/python3.11/site-packages/airflow/example_dags/example_task_group.py
[2024-07-13T00:49:05.737+0000] {logging_mixin.py:188} INFO - [2024-07-13T00:49:05.737+0000] {dag.py:3096} INFO - Sync 1 DAGs
[2024-07-13T00:49:05.774+0000] {logging_mixin.py:188} INFO - [2024-07-13T00:49:05.774+0000] {dag.py:3954} INFO - Setting next_dagrun for example_task_group to 2024-07-12 00:00:00+00:00, run_after=2024-07-13 00:00:00+00:00
[2024-07-13T00:49:05.805+0000] {processor.py:183} INFO - Processing /home/airflow/.local/lib/python3.11/site-packages/airflow/example_dags/example_task_group.py took 0.147 seconds
[2024-07-13T00:49:39.440+0000] {processor.py:161} INFO - Started process (PID=679) to work on /home/airflow/.local/lib/python3.11/site-packages/airflow/example_dags/example_task_group.py
[2024-07-13T00:49:39.442+0000] {processor.py:830} INFO - Processing file /home/airflow/.local/lib/python3.11/site-packages/airflow/example_dags/example_task_group.py for tasks to queue
[2024-07-13T00:49:39.446+0000] {logging_mixin.py:188} INFO - [2024-07-13T00:49:39.445+0000] {dagbag.py:545} INFO - Filling up the DagBag from /home/airflow/.local/lib/python3.11/site-packages/airflow/example_dags/example_task_group.py
[2024-07-13T00:49:39.471+0000] {processor.py:840} INFO - DAG(s) 'example_task_group' retrieved from /home/airflow/.local/lib/python3.11/site-packages/airflow/example_dags/example_task_group.py
[2024-07-13T00:49:39.510+0000] {logging_mixin.py:188} INFO - [2024-07-13T00:49:39.510+0000] {dag.py:3096} INFO - Sync 1 DAGs
[2024-07-13T00:49:39.543+0000] {logging_mixin.py:188} INFO - [2024-07-13T00:49:39.543+0000] {dag.py:3954} INFO - Setting next_dagrun for example_task_group to 2024-07-12 00:00:00+00:00, run_after=2024-07-13 00:00:00+00:00
[2024-07-13T00:49:39.572+0000] {processor.py:183} INFO - Processing /home/airflow/.local/lib/python3.11/site-packages/airflow/example_dags/example_task_group.py took 0.147 seconds
[2024-07-13T00:50:13.744+0000] {processor.py:161} INFO - Started process (PID=745) to work on /home/airflow/.local/lib/python3.11/site-packages/airflow/example_dags/example_task_group.py
[2024-07-13T00:50:13.747+0000] {processor.py:830} INFO - Processing file /home/airflow/.local/lib/python3.11/site-packages/airflow/example_dags/example_task_group.py for tasks to queue
[2024-07-13T00:50:13.751+0000] {logging_mixin.py:188} INFO - [2024-07-13T00:50:13.750+0000] {dagbag.py:545} INFO - Filling up the DagBag from /home/airflow/.local/lib/python3.11/site-packages/airflow/example_dags/example_task_group.py
[2024-07-13T00:50:13.769+0000] {processor.py:840} INFO - DAG(s) 'example_task_group' retrieved from /home/airflow/.local/lib/python3.11/site-packages/airflow/example_dags/example_task_group.py
[2024-07-13T00:50:13.813+0000] {logging_mixin.py:188} INFO - [2024-07-13T00:50:13.812+0000] {dag.py:3096} INFO - Sync 1 DAGs
[2024-07-13T00:50:13.849+0000] {logging_mixin.py:188} INFO - [2024-07-13T00:50:13.849+0000] {dag.py:3954} INFO - Setting next_dagrun for example_task_group to 2024-07-12 00:00:00+00:00, run_after=2024-07-13 00:00:00+00:00
[2024-07-13T00:50:13.875+0000] {processor.py:183} INFO - Processing /home/airflow/.local/lib/python3.11/site-packages/airflow/example_dags/example_task_group.py took 0.145 seconds
[2024-07-13T00:50:46.685+0000] {processor.py:161} INFO - Started process (PID=813) to work on /home/airflow/.local/lib/python3.11/site-packages/airflow/example_dags/example_task_group.py
[2024-07-13T00:50:46.687+0000] {processor.py:830} INFO - Processing file /home/airflow/.local/lib/python3.11/site-packages/airflow/example_dags/example_task_group.py for tasks to queue
[2024-07-13T00:50:46.690+0000] {logging_mixin.py:188} INFO - [2024-07-13T00:50:46.690+0000] {dagbag.py:545} INFO - Filling up the DagBag from /home/airflow/.local/lib/python3.11/site-packages/airflow/example_dags/example_task_group.py
[2024-07-13T00:50:46.708+0000] {processor.py:840} INFO - DAG(s) 'example_task_group' retrieved from /home/airflow/.local/lib/python3.11/site-packages/airflow/example_dags/example_task_group.py
[2024-07-13T00:50:46.755+0000] {logging_mixin.py:188} INFO - [2024-07-13T00:50:46.754+0000] {dag.py:3096} INFO - Sync 1 DAGs
[2024-07-13T00:50:46.791+0000] {logging_mixin.py:188} INFO - [2024-07-13T00:50:46.790+0000] {dag.py:3954} INFO - Setting next_dagrun for example_task_group to 2024-07-12 00:00:00+00:00, run_after=2024-07-13 00:00:00+00:00
[2024-07-13T00:50:47.101+0000] {processor.py:183} INFO - Processing /home/airflow/.local/lib/python3.11/site-packages/airflow/example_dags/example_task_group.py took 0.428 seconds
[2024-07-13T00:51:20.369+0000] {processor.py:161} INFO - Started process (PID=875) to work on /home/airflow/.local/lib/python3.11/site-packages/airflow/example_dags/example_task_group.py
[2024-07-13T00:51:20.371+0000] {processor.py:830} INFO - Processing file /home/airflow/.local/lib/python3.11/site-packages/airflow/example_dags/example_task_group.py for tasks to queue
[2024-07-13T00:51:20.374+0000] {logging_mixin.py:188} INFO - [2024-07-13T00:51:20.374+0000] {dagbag.py:545} INFO - Filling up the DagBag from /home/airflow/.local/lib/python3.11/site-packages/airflow/example_dags/example_task_group.py
[2024-07-13T00:51:20.390+0000] {processor.py:840} INFO - DAG(s) 'example_task_group' retrieved from /home/airflow/.local/lib/python3.11/site-packages/airflow/example_dags/example_task_group.py
[2024-07-13T00:51:20.428+0000] {logging_mixin.py:188} INFO - [2024-07-13T00:51:20.428+0000] {dag.py:3096} INFO - Sync 1 DAGs
[2024-07-13T00:51:20.462+0000] {logging_mixin.py:188} INFO - [2024-07-13T00:51:20.462+0000] {dag.py:3954} INFO - Setting next_dagrun for example_task_group to 2024-07-12 00:00:00+00:00, run_after=2024-07-13 00:00:00+00:00
[2024-07-13T00:51:20.489+0000] {processor.py:183} INFO - Processing /home/airflow/.local/lib/python3.11/site-packages/airflow/example_dags/example_task_group.py took 0.130 seconds
[2024-07-13T00:51:53.507+0000] {processor.py:161} INFO - Started process (PID=937) to work on /home/airflow/.local/lib/python3.11/site-packages/airflow/example_dags/example_task_group.py
[2024-07-13T00:51:53.510+0000] {processor.py:830} INFO - Processing file /home/airflow/.local/lib/python3.11/site-packages/airflow/example_dags/example_task_group.py for tasks to queue
[2024-07-13T00:51:53.513+0000] {logging_mixin.py:188} INFO - [2024-07-13T00:51:53.513+0000] {dagbag.py:545} INFO - Filling up the DagBag from /home/airflow/.local/lib/python3.11/site-packages/airflow/example_dags/example_task_group.py
[2024-07-13T00:51:53.528+0000] {processor.py:840} INFO - DAG(s) 'example_task_group' retrieved from /home/airflow/.local/lib/python3.11/site-packages/airflow/example_dags/example_task_group.py
[2024-07-13T00:51:53.565+0000] {logging_mixin.py:188} INFO - [2024-07-13T00:51:53.564+0000] {dag.py:3096} INFO - Sync 1 DAGs
[2024-07-13T00:51:53.601+0000] {logging_mixin.py:188} INFO - [2024-07-13T00:51:53.601+0000] {dag.py:3954} INFO - Setting next_dagrun for example_task_group to 2024-07-12 00:00:00+00:00, run_after=2024-07-13 00:00:00+00:00
[2024-07-13T00:51:53.633+0000] {processor.py:183} INFO - Processing /home/airflow/.local/lib/python3.11/site-packages/airflow/example_dags/example_task_group.py took 0.140 seconds
[2024-07-13T00:52:26.560+0000] {processor.py:161} INFO - Started process (PID=1000) to work on /home/airflow/.local/lib/python3.11/site-packages/airflow/example_dags/example_task_group.py
[2024-07-13T00:52:26.561+0000] {processor.py:830} INFO - Processing file /home/airflow/.local/lib/python3.11/site-packages/airflow/example_dags/example_task_group.py for tasks to queue
[2024-07-13T00:52:26.565+0000] {logging_mixin.py:188} INFO - [2024-07-13T00:52:26.564+0000] {dagbag.py:545} INFO - Filling up the DagBag from /home/airflow/.local/lib/python3.11/site-packages/airflow/example_dags/example_task_group.py
[2024-07-13T00:52:26.584+0000] {processor.py:840} INFO - DAG(s) 'example_task_group' retrieved from /home/airflow/.local/lib/python3.11/site-packages/airflow/example_dags/example_task_group.py
[2024-07-13T00:52:26.628+0000] {logging_mixin.py:188} INFO - [2024-07-13T00:52:26.628+0000] {dag.py:3096} INFO - Sync 1 DAGs
[2024-07-13T00:52:26.672+0000] {logging_mixin.py:188} INFO - [2024-07-13T00:52:26.672+0000] {dag.py:3954} INFO - Setting next_dagrun for example_task_group to 2024-07-12 00:00:00+00:00, run_after=2024-07-13 00:00:00+00:00
[2024-07-13T00:52:26.707+0000] {processor.py:183} INFO - Processing /home/airflow/.local/lib/python3.11/site-packages/airflow/example_dags/example_task_group.py took 0.161 seconds
[2024-07-13T00:52:59.168+0000] {processor.py:161} INFO - Started process (PID=1063) to work on /home/airflow/.local/lib/python3.11/site-packages/airflow/example_dags/example_task_group.py
[2024-07-13T00:52:59.170+0000] {processor.py:830} INFO - Processing file /home/airflow/.local/lib/python3.11/site-packages/airflow/example_dags/example_task_group.py for tasks to queue
[2024-07-13T00:52:59.174+0000] {logging_mixin.py:188} INFO - [2024-07-13T00:52:59.173+0000] {dagbag.py:545} INFO - Filling up the DagBag from /home/airflow/.local/lib/python3.11/site-packages/airflow/example_dags/example_task_group.py
[2024-07-13T00:52:59.191+0000] {processor.py:840} INFO - DAG(s) 'example_task_group' retrieved from /home/airflow/.local/lib/python3.11/site-packages/airflow/example_dags/example_task_group.py
[2024-07-13T00:52:59.241+0000] {logging_mixin.py:188} INFO - [2024-07-13T00:52:59.240+0000] {dag.py:3096} INFO - Sync 1 DAGs
[2024-07-13T00:52:59.284+0000] {logging_mixin.py:188} INFO - [2024-07-13T00:52:59.284+0000] {dag.py:3954} INFO - Setting next_dagrun for example_task_group to 2024-07-12 00:00:00+00:00, run_after=2024-07-13 00:00:00+00:00
[2024-07-13T00:52:59.317+0000] {processor.py:183} INFO - Processing /home/airflow/.local/lib/python3.11/site-packages/airflow/example_dags/example_task_group.py took 0.163 seconds
[2024-07-13T00:53:32.156+0000] {processor.py:161} INFO - Started process (PID=1125) to work on /home/airflow/.local/lib/python3.11/site-packages/airflow/example_dags/example_task_group.py
[2024-07-13T00:53:32.159+0000] {processor.py:830} INFO - Processing file /home/airflow/.local/lib/python3.11/site-packages/airflow/example_dags/example_task_group.py for tasks to queue
[2024-07-13T00:53:32.163+0000] {logging_mixin.py:188} INFO - [2024-07-13T00:53:32.162+0000] {dagbag.py:545} INFO - Filling up the DagBag from /home/airflow/.local/lib/python3.11/site-packages/airflow/example_dags/example_task_group.py
[2024-07-13T00:53:32.179+0000] {processor.py:840} INFO - DAG(s) 'example_task_group' retrieved from /home/airflow/.local/lib/python3.11/site-packages/airflow/example_dags/example_task_group.py
[2024-07-13T00:53:32.223+0000] {logging_mixin.py:188} INFO - [2024-07-13T00:53:32.223+0000] {dag.py:3096} INFO - Sync 1 DAGs
[2024-07-13T00:53:32.262+0000] {logging_mixin.py:188} INFO - [2024-07-13T00:53:32.262+0000] {dag.py:3954} INFO - Setting next_dagrun for example_task_group to 2024-07-12 00:00:00+00:00, run_after=2024-07-13 00:00:00+00:00
[2024-07-13T00:53:32.295+0000] {processor.py:183} INFO - Processing /home/airflow/.local/lib/python3.11/site-packages/airflow/example_dags/example_task_group.py took 0.153 seconds
[2024-07-13T00:54:04.851+0000] {processor.py:161} INFO - Started process (PID=1187) to work on /home/airflow/.local/lib/python3.11/site-packages/airflow/example_dags/example_task_group.py
[2024-07-13T00:54:04.854+0000] {processor.py:830} INFO - Processing file /home/airflow/.local/lib/python3.11/site-packages/airflow/example_dags/example_task_group.py for tasks to queue
[2024-07-13T00:54:04.857+0000] {logging_mixin.py:188} INFO - [2024-07-13T00:54:04.857+0000] {dagbag.py:545} INFO - Filling up the DagBag from /home/airflow/.local/lib/python3.11/site-packages/airflow/example_dags/example_task_group.py
[2024-07-13T00:54:04.873+0000] {processor.py:840} INFO - DAG(s) 'example_task_group' retrieved from /home/airflow/.local/lib/python3.11/site-packages/airflow/example_dags/example_task_group.py
[2024-07-13T00:54:04.915+0000] {logging_mixin.py:188} INFO - [2024-07-13T00:54:04.914+0000] {dag.py:3096} INFO - Sync 1 DAGs
[2024-07-13T00:54:04.947+0000] {logging_mixin.py:188} INFO - [2024-07-13T00:54:04.947+0000] {dag.py:3954} INFO - Setting next_dagrun for example_task_group to 2024-07-12 00:00:00+00:00, run_after=2024-07-13 00:00:00+00:00
[2024-07-13T00:54:04.974+0000] {processor.py:183} INFO - Processing /home/airflow/.local/lib/python3.11/site-packages/airflow/example_dags/example_task_group.py took 0.136 seconds
[2024-07-13T00:54:37.981+0000] {processor.py:161} INFO - Started process (PID=1249) to work on /home/airflow/.local/lib/python3.11/site-packages/airflow/example_dags/example_task_group.py
[2024-07-13T00:54:37.984+0000] {processor.py:830} INFO - Processing file /home/airflow/.local/lib/python3.11/site-packages/airflow/example_dags/example_task_group.py for tasks to queue
[2024-07-13T00:54:37.987+0000] {logging_mixin.py:188} INFO - [2024-07-13T00:54:37.987+0000] {dagbag.py:545} INFO - Filling up the DagBag from /home/airflow/.local/lib/python3.11/site-packages/airflow/example_dags/example_task_group.py
[2024-07-13T00:54:38.004+0000] {processor.py:840} INFO - DAG(s) 'example_task_group' retrieved from /home/airflow/.local/lib/python3.11/site-packages/airflow/example_dags/example_task_group.py
[2024-07-13T00:54:38.045+0000] {logging_mixin.py:188} INFO - [2024-07-13T00:54:38.045+0000] {dag.py:3096} INFO - Sync 1 DAGs
[2024-07-13T00:54:38.085+0000] {logging_mixin.py:188} INFO - [2024-07-13T00:54:38.084+0000] {dag.py:3954} INFO - Setting next_dagrun for example_task_group to 2024-07-12 00:00:00+00:00, run_after=2024-07-13 00:00:00+00:00
[2024-07-13T00:54:38.118+0000] {processor.py:183} INFO - Processing /home/airflow/.local/lib/python3.11/site-packages/airflow/example_dags/example_task_group.py took 0.150 seconds
[2024-07-13T00:55:10.679+0000] {processor.py:161} INFO - Started process (PID=1311) to work on /home/airflow/.local/lib/python3.11/site-packages/airflow/example_dags/example_task_group.py
[2024-07-13T00:55:10.680+0000] {processor.py:830} INFO - Processing file /home/airflow/.local/lib/python3.11/site-packages/airflow/example_dags/example_task_group.py for tasks to queue
[2024-07-13T00:55:10.684+0000] {logging_mixin.py:188} INFO - [2024-07-13T00:55:10.683+0000] {dagbag.py:545} INFO - Filling up the DagBag from /home/airflow/.local/lib/python3.11/site-packages/airflow/example_dags/example_task_group.py
[2024-07-13T00:55:10.700+0000] {processor.py:840} INFO - DAG(s) 'example_task_group' retrieved from /home/airflow/.local/lib/python3.11/site-packages/airflow/example_dags/example_task_group.py
[2024-07-13T00:55:10.740+0000] {logging_mixin.py:188} INFO - [2024-07-13T00:55:10.739+0000] {dag.py:3096} INFO - Sync 1 DAGs
[2024-07-13T00:55:10.785+0000] {logging_mixin.py:188} INFO - [2024-07-13T00:55:10.784+0000] {dag.py:3954} INFO - Setting next_dagrun for example_task_group to 2024-07-12 00:00:00+00:00, run_after=2024-07-13 00:00:00+00:00
[2024-07-13T00:55:10.819+0000] {processor.py:183} INFO - Processing /home/airflow/.local/lib/python3.11/site-packages/airflow/example_dags/example_task_group.py took 0.154 seconds
[2024-07-13T00:58:59.651+0000] {processor.py:161} INFO - Started process (PID=56) to work on /home/airflow/.local/lib/python3.11/site-packages/airflow/example_dags/example_task_group.py
[2024-07-13T00:58:59.654+0000] {processor.py:830} INFO - Processing file /home/airflow/.local/lib/python3.11/site-packages/airflow/example_dags/example_task_group.py for tasks to queue
[2024-07-13T00:58:59.657+0000] {logging_mixin.py:188} INFO - [2024-07-13T00:58:59.657+0000] {dagbag.py:545} INFO - Filling up the DagBag from /home/airflow/.local/lib/python3.11/site-packages/airflow/example_dags/example_task_group.py
[2024-07-13T00:58:59.673+0000] {processor.py:840} INFO - DAG(s) 'example_task_group' retrieved from /home/airflow/.local/lib/python3.11/site-packages/airflow/example_dags/example_task_group.py
[2024-07-13T00:58:59.858+0000] {logging_mixin.py:188} INFO - [2024-07-13T00:58:59.858+0000] {dag.py:3096} INFO - Sync 1 DAGs
[2024-07-13T00:58:59.899+0000] {logging_mixin.py:188} INFO - [2024-07-13T00:58:59.899+0000] {dag.py:3954} INFO - Setting next_dagrun for example_task_group to 2024-07-12 00:00:00+00:00, run_after=2024-07-13 00:00:00+00:00
[2024-07-13T00:58:59.946+0000] {processor.py:183} INFO - Processing /home/airflow/.local/lib/python3.11/site-packages/airflow/example_dags/example_task_group.py took 0.307 seconds
[2024-07-13T00:59:30.653+0000] {processor.py:161} INFO - Started process (PID=118) to work on /home/airflow/.local/lib/python3.11/site-packages/airflow/example_dags/example_task_group.py
[2024-07-13T00:59:30.655+0000] {processor.py:830} INFO - Processing file /home/airflow/.local/lib/python3.11/site-packages/airflow/example_dags/example_task_group.py for tasks to queue
[2024-07-13T00:59:30.659+0000] {logging_mixin.py:188} INFO - [2024-07-13T00:59:30.659+0000] {dagbag.py:545} INFO - Filling up the DagBag from /home/airflow/.local/lib/python3.11/site-packages/airflow/example_dags/example_task_group.py
[2024-07-13T00:59:30.677+0000] {processor.py:840} INFO - DAG(s) 'example_task_group' retrieved from /home/airflow/.local/lib/python3.11/site-packages/airflow/example_dags/example_task_group.py
[2024-07-13T00:59:30.725+0000] {logging_mixin.py:188} INFO - [2024-07-13T00:59:30.725+0000] {dag.py:3096} INFO - Sync 1 DAGs
[2024-07-13T00:59:30.764+0000] {logging_mixin.py:188} INFO - [2024-07-13T00:59:30.763+0000] {dag.py:3954} INFO - Setting next_dagrun for example_task_group to 2024-07-12 00:00:00+00:00, run_after=2024-07-13 00:00:00+00:00
[2024-07-13T00:59:30.796+0000] {processor.py:183} INFO - Processing /home/airflow/.local/lib/python3.11/site-packages/airflow/example_dags/example_task_group.py took 0.158 seconds
[2024-07-13T01:00:03.478+0000] {processor.py:161} INFO - Started process (PID=179) to work on /home/airflow/.local/lib/python3.11/site-packages/airflow/example_dags/example_task_group.py
[2024-07-13T01:00:03.481+0000] {processor.py:830} INFO - Processing file /home/airflow/.local/lib/python3.11/site-packages/airflow/example_dags/example_task_group.py for tasks to queue
[2024-07-13T01:00:03.486+0000] {logging_mixin.py:188} INFO - [2024-07-13T01:00:03.485+0000] {dagbag.py:545} INFO - Filling up the DagBag from /home/airflow/.local/lib/python3.11/site-packages/airflow/example_dags/example_task_group.py
[2024-07-13T01:00:03.505+0000] {processor.py:840} INFO - DAG(s) 'example_task_group' retrieved from /home/airflow/.local/lib/python3.11/site-packages/airflow/example_dags/example_task_group.py
[2024-07-13T01:00:03.550+0000] {logging_mixin.py:188} INFO - [2024-07-13T01:00:03.549+0000] {dag.py:3096} INFO - Sync 1 DAGs
[2024-07-13T01:00:03.589+0000] {logging_mixin.py:188} INFO - [2024-07-13T01:00:03.588+0000] {dag.py:3954} INFO - Setting next_dagrun for example_task_group to 2024-07-12 00:00:00+00:00, run_after=2024-07-13 00:00:00+00:00
[2024-07-13T01:00:03.626+0000] {processor.py:183} INFO - Processing /home/airflow/.local/lib/python3.11/site-packages/airflow/example_dags/example_task_group.py took 0.162 seconds
[2024-07-13T01:00:36.400+0000] {processor.py:161} INFO - Started process (PID=241) to work on /home/airflow/.local/lib/python3.11/site-packages/airflow/example_dags/example_task_group.py
[2024-07-13T01:00:36.403+0000] {processor.py:830} INFO - Processing file /home/airflow/.local/lib/python3.11/site-packages/airflow/example_dags/example_task_group.py for tasks to queue
[2024-07-13T01:00:36.408+0000] {logging_mixin.py:188} INFO - [2024-07-13T01:00:36.407+0000] {dagbag.py:545} INFO - Filling up the DagBag from /home/airflow/.local/lib/python3.11/site-packages/airflow/example_dags/example_task_group.py
[2024-07-13T01:00:36.428+0000] {processor.py:840} INFO - DAG(s) 'example_task_group' retrieved from /home/airflow/.local/lib/python3.11/site-packages/airflow/example_dags/example_task_group.py
[2024-07-13T01:00:36.471+0000] {logging_mixin.py:188} INFO - [2024-07-13T01:00:36.471+0000] {dag.py:3096} INFO - Sync 1 DAGs
[2024-07-13T01:00:36.509+0000] {logging_mixin.py:188} INFO - [2024-07-13T01:00:36.508+0000] {dag.py:3954} INFO - Setting next_dagrun for example_task_group to 2024-07-12 00:00:00+00:00, run_after=2024-07-13 00:00:00+00:00
[2024-07-13T01:00:36.541+0000] {processor.py:183} INFO - Processing /home/airflow/.local/lib/python3.11/site-packages/airflow/example_dags/example_task_group.py took 0.156 seconds
[2024-07-13T01:01:09.682+0000] {processor.py:161} INFO - Started process (PID=309) to work on /home/airflow/.local/lib/python3.11/site-packages/airflow/example_dags/example_task_group.py
[2024-07-13T01:01:09.684+0000] {processor.py:830} INFO - Processing file /home/airflow/.local/lib/python3.11/site-packages/airflow/example_dags/example_task_group.py for tasks to queue
[2024-07-13T01:01:09.688+0000] {logging_mixin.py:188} INFO - [2024-07-13T01:01:09.688+0000] {dagbag.py:545} INFO - Filling up the DagBag from /home/airflow/.local/lib/python3.11/site-packages/airflow/example_dags/example_task_group.py
[2024-07-13T01:01:09.707+0000] {processor.py:840} INFO - DAG(s) 'example_task_group' retrieved from /home/airflow/.local/lib/python3.11/site-packages/airflow/example_dags/example_task_group.py
[2024-07-13T01:01:09.761+0000] {logging_mixin.py:188} INFO - [2024-07-13T01:01:09.760+0000] {dag.py:3096} INFO - Sync 1 DAGs
[2024-07-13T01:01:09.802+0000] {logging_mixin.py:188} INFO - [2024-07-13T01:01:09.802+0000] {dag.py:3954} INFO - Setting next_dagrun for example_task_group to 2024-07-12 00:00:00+00:00, run_after=2024-07-13 00:00:00+00:00
[2024-07-13T01:01:09.838+0000] {processor.py:183} INFO - Processing /home/airflow/.local/lib/python3.11/site-packages/airflow/example_dags/example_task_group.py took 0.171 seconds
[2024-07-13T01:01:43.142+0000] {processor.py:161} INFO - Started process (PID=371) to work on /home/airflow/.local/lib/python3.11/site-packages/airflow/example_dags/example_task_group.py
[2024-07-13T01:01:43.145+0000] {processor.py:830} INFO - Processing file /home/airflow/.local/lib/python3.11/site-packages/airflow/example_dags/example_task_group.py for tasks to queue
[2024-07-13T01:01:43.149+0000] {logging_mixin.py:188} INFO - [2024-07-13T01:01:43.148+0000] {dagbag.py:545} INFO - Filling up the DagBag from /home/airflow/.local/lib/python3.11/site-packages/airflow/example_dags/example_task_group.py
[2024-07-13T01:01:43.166+0000] {processor.py:840} INFO - DAG(s) 'example_task_group' retrieved from /home/airflow/.local/lib/python3.11/site-packages/airflow/example_dags/example_task_group.py
[2024-07-13T01:01:43.214+0000] {logging_mixin.py:188} INFO - [2024-07-13T01:01:43.213+0000] {dag.py:3096} INFO - Sync 1 DAGs
[2024-07-13T01:01:43.262+0000] {logging_mixin.py:188} INFO - [2024-07-13T01:01:43.262+0000] {dag.py:3954} INFO - Setting next_dagrun for example_task_group to 2024-07-12 00:00:00+00:00, run_after=2024-07-13 00:00:00+00:00
[2024-07-13T01:01:43.301+0000] {processor.py:183} INFO - Processing /home/airflow/.local/lib/python3.11/site-packages/airflow/example_dags/example_task_group.py took 0.172 seconds
[2024-07-13T01:02:17.269+0000] {processor.py:161} INFO - Started process (PID=432) to work on /home/airflow/.local/lib/python3.11/site-packages/airflow/example_dags/example_task_group.py
[2024-07-13T01:02:17.272+0000] {processor.py:830} INFO - Processing file /home/airflow/.local/lib/python3.11/site-packages/airflow/example_dags/example_task_group.py for tasks to queue
[2024-07-13T01:02:17.278+0000] {logging_mixin.py:188} INFO - [2024-07-13T01:02:17.277+0000] {dagbag.py:545} INFO - Filling up the DagBag from /home/airflow/.local/lib/python3.11/site-packages/airflow/example_dags/example_task_group.py
[2024-07-13T01:02:17.313+0000] {processor.py:840} INFO - DAG(s) 'example_task_group' retrieved from /home/airflow/.local/lib/python3.11/site-packages/airflow/example_dags/example_task_group.py
[2024-07-13T01:02:17.380+0000] {logging_mixin.py:188} INFO - [2024-07-13T01:02:17.379+0000] {dag.py:3096} INFO - Sync 1 DAGs
[2024-07-13T01:02:17.459+0000] {logging_mixin.py:188} INFO - [2024-07-13T01:02:17.459+0000] {dag.py:3954} INFO - Setting next_dagrun for example_task_group to 2024-07-12 00:00:00+00:00, run_after=2024-07-13 00:00:00+00:00
[2024-07-13T01:02:17.496+0000] {processor.py:183} INFO - Processing /home/airflow/.local/lib/python3.11/site-packages/airflow/example_dags/example_task_group.py took 0.245 seconds
[2024-07-13T01:02:51.020+0000] {processor.py:161} INFO - Started process (PID=494) to work on /home/airflow/.local/lib/python3.11/site-packages/airflow/example_dags/example_task_group.py
[2024-07-13T01:02:51.022+0000] {processor.py:830} INFO - Processing file /home/airflow/.local/lib/python3.11/site-packages/airflow/example_dags/example_task_group.py for tasks to queue
[2024-07-13T01:02:51.026+0000] {logging_mixin.py:188} INFO - [2024-07-13T01:02:51.025+0000] {dagbag.py:545} INFO - Filling up the DagBag from /home/airflow/.local/lib/python3.11/site-packages/airflow/example_dags/example_task_group.py
[2024-07-13T01:02:51.044+0000] {processor.py:840} INFO - DAG(s) 'example_task_group' retrieved from /home/airflow/.local/lib/python3.11/site-packages/airflow/example_dags/example_task_group.py
[2024-07-13T01:02:51.092+0000] {logging_mixin.py:188} INFO - [2024-07-13T01:02:51.092+0000] {dag.py:3096} INFO - Sync 1 DAGs
[2024-07-13T01:02:51.144+0000] {logging_mixin.py:188} INFO - [2024-07-13T01:02:51.143+0000] {dag.py:3954} INFO - Setting next_dagrun for example_task_group to 2024-07-12 00:00:00+00:00, run_after=2024-07-13 00:00:00+00:00
[2024-07-13T01:02:51.186+0000] {processor.py:183} INFO - Processing /home/airflow/.local/lib/python3.11/site-packages/airflow/example_dags/example_task_group.py took 0.180 seconds
[2024-07-13T01:03:26.086+0000] {processor.py:161} INFO - Started process (PID=556) to work on /home/airflow/.local/lib/python3.11/site-packages/airflow/example_dags/example_task_group.py
[2024-07-13T01:03:26.090+0000] {processor.py:830} INFO - Processing file /home/airflow/.local/lib/python3.11/site-packages/airflow/example_dags/example_task_group.py for tasks to queue
[2024-07-13T01:03:26.095+0000] {logging_mixin.py:188} INFO - [2024-07-13T01:03:26.094+0000] {dagbag.py:545} INFO - Filling up the DagBag from /home/airflow/.local/lib/python3.11/site-packages/airflow/example_dags/example_task_group.py
[2024-07-13T01:03:26.124+0000] {processor.py:840} INFO - DAG(s) 'example_task_group' retrieved from /home/airflow/.local/lib/python3.11/site-packages/airflow/example_dags/example_task_group.py
[2024-07-13T01:03:26.179+0000] {logging_mixin.py:188} INFO - [2024-07-13T01:03:26.178+0000] {dag.py:3096} INFO - Sync 1 DAGs
[2024-07-13T01:03:26.234+0000] {logging_mixin.py:188} INFO - [2024-07-13T01:03:26.233+0000] {dag.py:3954} INFO - Setting next_dagrun for example_task_group to 2024-07-12 00:00:00+00:00, run_after=2024-07-13 00:00:00+00:00
[2024-07-13T01:03:26.275+0000] {processor.py:183} INFO - Processing /home/airflow/.local/lib/python3.11/site-packages/airflow/example_dags/example_task_group.py took 0.203 seconds
[2024-07-13T01:03:59.985+0000] {processor.py:161} INFO - Started process (PID=619) to work on /home/airflow/.local/lib/python3.11/site-packages/airflow/example_dags/example_task_group.py
[2024-07-13T01:03:59.988+0000] {processor.py:830} INFO - Processing file /home/airflow/.local/lib/python3.11/site-packages/airflow/example_dags/example_task_group.py for tasks to queue
[2024-07-13T01:03:59.994+0000] {logging_mixin.py:188} INFO - [2024-07-13T01:03:59.993+0000] {dagbag.py:545} INFO - Filling up the DagBag from /home/airflow/.local/lib/python3.11/site-packages/airflow/example_dags/example_task_group.py
[2024-07-13T01:04:00.015+0000] {processor.py:840} INFO - DAG(s) 'example_task_group' retrieved from /home/airflow/.local/lib/python3.11/site-packages/airflow/example_dags/example_task_group.py
[2024-07-13T01:04:00.070+0000] {logging_mixin.py:188} INFO - [2024-07-13T01:04:00.069+0000] {dag.py:3096} INFO - Sync 1 DAGs
[2024-07-13T01:04:00.117+0000] {logging_mixin.py:188} INFO - [2024-07-13T01:04:00.117+0000] {dag.py:3954} INFO - Setting next_dagrun for example_task_group to 2024-07-12 00:00:00+00:00, run_after=2024-07-13 00:00:00+00:00
[2024-07-13T01:04:00.157+0000] {processor.py:183} INFO - Processing /home/airflow/.local/lib/python3.11/site-packages/airflow/example_dags/example_task_group.py took 0.190 seconds
[2024-07-13T01:04:33.512+0000] {processor.py:161} INFO - Started process (PID=681) to work on /home/airflow/.local/lib/python3.11/site-packages/airflow/example_dags/example_task_group.py
[2024-07-13T01:04:33.515+0000] {processor.py:830} INFO - Processing file /home/airflow/.local/lib/python3.11/site-packages/airflow/example_dags/example_task_group.py for tasks to queue
[2024-07-13T01:04:33.519+0000] {logging_mixin.py:188} INFO - [2024-07-13T01:04:33.518+0000] {dagbag.py:545} INFO - Filling up the DagBag from /home/airflow/.local/lib/python3.11/site-packages/airflow/example_dags/example_task_group.py
[2024-07-13T01:04:33.534+0000] {processor.py:840} INFO - DAG(s) 'example_task_group' retrieved from /home/airflow/.local/lib/python3.11/site-packages/airflow/example_dags/example_task_group.py
[2024-07-13T01:04:33.579+0000] {logging_mixin.py:188} INFO - [2024-07-13T01:04:33.578+0000] {dag.py:3096} INFO - Sync 1 DAGs
[2024-07-13T01:04:33.624+0000] {logging_mixin.py:188} INFO - [2024-07-13T01:04:33.624+0000] {dag.py:3954} INFO - Setting next_dagrun for example_task_group to 2024-07-12 00:00:00+00:00, run_after=2024-07-13 00:00:00+00:00
[2024-07-13T01:04:33.652+0000] {processor.py:183} INFO - Processing /home/airflow/.local/lib/python3.11/site-packages/airflow/example_dags/example_task_group.py took 0.152 seconds
[2024-07-13T01:05:06.646+0000] {processor.py:161} INFO - Started process (PID=743) to work on /home/airflow/.local/lib/python3.11/site-packages/airflow/example_dags/example_task_group.py
[2024-07-13T01:05:06.647+0000] {processor.py:830} INFO - Processing file /home/airflow/.local/lib/python3.11/site-packages/airflow/example_dags/example_task_group.py for tasks to queue
[2024-07-13T01:05:06.651+0000] {logging_mixin.py:188} INFO - [2024-07-13T01:05:06.650+0000] {dagbag.py:545} INFO - Filling up the DagBag from /home/airflow/.local/lib/python3.11/site-packages/airflow/example_dags/example_task_group.py
[2024-07-13T01:05:06.667+0000] {processor.py:840} INFO - DAG(s) 'example_task_group' retrieved from /home/airflow/.local/lib/python3.11/site-packages/airflow/example_dags/example_task_group.py
[2024-07-13T01:05:06.710+0000] {logging_mixin.py:188} INFO - [2024-07-13T01:05:06.710+0000] {dag.py:3096} INFO - Sync 1 DAGs
[2024-07-13T01:05:06.751+0000] {logging_mixin.py:188} INFO - [2024-07-13T01:05:06.750+0000] {dag.py:3954} INFO - Setting next_dagrun for example_task_group to 2024-07-12 00:00:00+00:00, run_after=2024-07-13 00:00:00+00:00
[2024-07-13T01:05:06.784+0000] {processor.py:183} INFO - Processing /home/airflow/.local/lib/python3.11/site-packages/airflow/example_dags/example_task_group.py took 0.152 seconds
[2024-07-13T01:05:42.718+0000] {processor.py:161} INFO - Started process (PID=812) to work on /home/airflow/.local/lib/python3.11/site-packages/airflow/example_dags/example_task_group.py
[2024-07-13T01:05:42.721+0000] {processor.py:830} INFO - Processing file /home/airflow/.local/lib/python3.11/site-packages/airflow/example_dags/example_task_group.py for tasks to queue
[2024-07-13T01:05:42.725+0000] {logging_mixin.py:188} INFO - [2024-07-13T01:05:42.724+0000] {dagbag.py:545} INFO - Filling up the DagBag from /home/airflow/.local/lib/python3.11/site-packages/airflow/example_dags/example_task_group.py
[2024-07-13T01:05:42.744+0000] {processor.py:840} INFO - DAG(s) 'example_task_group' retrieved from /home/airflow/.local/lib/python3.11/site-packages/airflow/example_dags/example_task_group.py
[2024-07-13T01:05:42.781+0000] {logging_mixin.py:188} INFO - [2024-07-13T01:05:42.781+0000] {dag.py:3096} INFO - Sync 1 DAGs
[2024-07-13T01:05:43.106+0000] {logging_mixin.py:188} INFO - [2024-07-13T01:05:43.105+0000] {dag.py:3954} INFO - Setting next_dagrun for example_task_group to 2024-07-12 00:00:00+00:00, run_after=2024-07-13 00:00:00+00:00
[2024-07-13T01:05:43.130+0000] {processor.py:183} INFO - Processing /home/airflow/.local/lib/python3.11/site-packages/airflow/example_dags/example_task_group.py took 0.430 seconds
[2024-07-13T01:06:13.768+0000] {processor.py:161} INFO - Started process (PID=874) to work on /home/airflow/.local/lib/python3.11/site-packages/airflow/example_dags/example_task_group.py
[2024-07-13T01:06:13.771+0000] {processor.py:830} INFO - Processing file /home/airflow/.local/lib/python3.11/site-packages/airflow/example_dags/example_task_group.py for tasks to queue
[2024-07-13T01:06:13.775+0000] {logging_mixin.py:188} INFO - [2024-07-13T01:06:13.774+0000] {dagbag.py:545} INFO - Filling up the DagBag from /home/airflow/.local/lib/python3.11/site-packages/airflow/example_dags/example_task_group.py
[2024-07-13T01:06:13.796+0000] {processor.py:840} INFO - DAG(s) 'example_task_group' retrieved from /home/airflow/.local/lib/python3.11/site-packages/airflow/example_dags/example_task_group.py
[2024-07-13T01:06:13.852+0000] {logging_mixin.py:188} INFO - [2024-07-13T01:06:13.852+0000] {dag.py:3096} INFO - Sync 1 DAGs
[2024-07-13T01:06:13.906+0000] {logging_mixin.py:188} INFO - [2024-07-13T01:06:13.905+0000] {dag.py:3954} INFO - Setting next_dagrun for example_task_group to 2024-07-12 00:00:00+00:00, run_after=2024-07-13 00:00:00+00:00
[2024-07-13T01:06:13.944+0000] {processor.py:183} INFO - Processing /home/airflow/.local/lib/python3.11/site-packages/airflow/example_dags/example_task_group.py took 0.192 seconds
[2024-07-13T01:06:46.272+0000] {processor.py:161} INFO - Started process (PID=936) to work on /home/airflow/.local/lib/python3.11/site-packages/airflow/example_dags/example_task_group.py
[2024-07-13T01:06:46.274+0000] {processor.py:830} INFO - Processing file /home/airflow/.local/lib/python3.11/site-packages/airflow/example_dags/example_task_group.py for tasks to queue
[2024-07-13T01:06:46.278+0000] {logging_mixin.py:188} INFO - [2024-07-13T01:06:46.277+0000] {dagbag.py:545} INFO - Filling up the DagBag from /home/airflow/.local/lib/python3.11/site-packages/airflow/example_dags/example_task_group.py
[2024-07-13T01:06:46.298+0000] {processor.py:840} INFO - DAG(s) 'example_task_group' retrieved from /home/airflow/.local/lib/python3.11/site-packages/airflow/example_dags/example_task_group.py
[2024-07-13T01:06:46.349+0000] {logging_mixin.py:188} INFO - [2024-07-13T01:06:46.348+0000] {dag.py:3096} INFO - Sync 1 DAGs
[2024-07-13T01:06:46.392+0000] {logging_mixin.py:188} INFO - [2024-07-13T01:06:46.392+0000] {dag.py:3954} INFO - Setting next_dagrun for example_task_group to 2024-07-12 00:00:00+00:00, run_after=2024-07-13 00:00:00+00:00
[2024-07-13T01:06:46.429+0000] {processor.py:183} INFO - Processing /home/airflow/.local/lib/python3.11/site-packages/airflow/example_dags/example_task_group.py took 0.171 seconds
[2024-07-13T01:07:19.528+0000] {processor.py:161} INFO - Started process (PID=998) to work on /home/airflow/.local/lib/python3.11/site-packages/airflow/example_dags/example_task_group.py
[2024-07-13T01:07:19.530+0000] {processor.py:830} INFO - Processing file /home/airflow/.local/lib/python3.11/site-packages/airflow/example_dags/example_task_group.py for tasks to queue
[2024-07-13T01:07:19.534+0000] {logging_mixin.py:188} INFO - [2024-07-13T01:07:19.533+0000] {dagbag.py:545} INFO - Filling up the DagBag from /home/airflow/.local/lib/python3.11/site-packages/airflow/example_dags/example_task_group.py
[2024-07-13T01:07:19.553+0000] {processor.py:840} INFO - DAG(s) 'example_task_group' retrieved from /home/airflow/.local/lib/python3.11/site-packages/airflow/example_dags/example_task_group.py
[2024-07-13T01:07:19.593+0000] {logging_mixin.py:188} INFO - [2024-07-13T01:07:19.593+0000] {dag.py:3096} INFO - Sync 1 DAGs
[2024-07-13T01:07:19.631+0000] {logging_mixin.py:188} INFO - [2024-07-13T01:07:19.631+0000] {dag.py:3954} INFO - Setting next_dagrun for example_task_group to 2024-07-12 00:00:00+00:00, run_after=2024-07-13 00:00:00+00:00
[2024-07-13T01:07:19.662+0000] {processor.py:183} INFO - Processing /home/airflow/.local/lib/python3.11/site-packages/airflow/example_dags/example_task_group.py took 0.146 seconds
[2024-07-13T01:07:53.137+0000] {processor.py:161} INFO - Started process (PID=1064) to work on /home/airflow/.local/lib/python3.11/site-packages/airflow/example_dags/example_task_group.py
[2024-07-13T01:07:53.139+0000] {processor.py:830} INFO - Processing file /home/airflow/.local/lib/python3.11/site-packages/airflow/example_dags/example_task_group.py for tasks to queue
[2024-07-13T01:07:53.142+0000] {logging_mixin.py:188} INFO - [2024-07-13T01:07:53.141+0000] {dagbag.py:545} INFO - Filling up the DagBag from /home/airflow/.local/lib/python3.11/site-packages/airflow/example_dags/example_task_group.py
[2024-07-13T01:07:53.155+0000] {processor.py:840} INFO - DAG(s) 'example_task_group' retrieved from /home/airflow/.local/lib/python3.11/site-packages/airflow/example_dags/example_task_group.py
[2024-07-13T01:07:53.193+0000] {logging_mixin.py:188} INFO - [2024-07-13T01:07:53.193+0000] {dag.py:3096} INFO - Sync 1 DAGs
[2024-07-13T01:07:53.231+0000] {logging_mixin.py:188} INFO - [2024-07-13T01:07:53.231+0000] {dag.py:3954} INFO - Setting next_dagrun for example_task_group to 2024-07-12 00:00:00+00:00, run_after=2024-07-13 00:00:00+00:00
[2024-07-13T01:07:53.255+0000] {processor.py:183} INFO - Processing /home/airflow/.local/lib/python3.11/site-packages/airflow/example_dags/example_task_group.py took 0.130 seconds
[2024-07-13T01:08:26.750+0000] {processor.py:161} INFO - Started process (PID=1126) to work on /home/airflow/.local/lib/python3.11/site-packages/airflow/example_dags/example_task_group.py
[2024-07-13T01:08:26.753+0000] {processor.py:830} INFO - Processing file /home/airflow/.local/lib/python3.11/site-packages/airflow/example_dags/example_task_group.py for tasks to queue
[2024-07-13T01:08:26.757+0000] {logging_mixin.py:188} INFO - [2024-07-13T01:08:26.757+0000] {dagbag.py:545} INFO - Filling up the DagBag from /home/airflow/.local/lib/python3.11/site-packages/airflow/example_dags/example_task_group.py
[2024-07-13T01:08:26.776+0000] {processor.py:840} INFO - DAG(s) 'example_task_group' retrieved from /home/airflow/.local/lib/python3.11/site-packages/airflow/example_dags/example_task_group.py
[2024-07-13T01:08:26.826+0000] {logging_mixin.py:188} INFO - [2024-07-13T01:08:26.826+0000] {dag.py:3096} INFO - Sync 1 DAGs
[2024-07-13T01:08:26.874+0000] {logging_mixin.py:188} INFO - [2024-07-13T01:08:26.874+0000] {dag.py:3954} INFO - Setting next_dagrun for example_task_group to 2024-07-12 00:00:00+00:00, run_after=2024-07-13 00:00:00+00:00
[2024-07-13T01:08:26.912+0000] {processor.py:183} INFO - Processing /home/airflow/.local/lib/python3.11/site-packages/airflow/example_dags/example_task_group.py took 0.175 seconds
[2024-07-13T01:08:59.569+0000] {processor.py:161} INFO - Started process (PID=1188) to work on /home/airflow/.local/lib/python3.11/site-packages/airflow/example_dags/example_task_group.py
[2024-07-13T01:08:59.572+0000] {processor.py:830} INFO - Processing file /home/airflow/.local/lib/python3.11/site-packages/airflow/example_dags/example_task_group.py for tasks to queue
[2024-07-13T01:08:59.575+0000] {logging_mixin.py:188} INFO - [2024-07-13T01:08:59.575+0000] {dagbag.py:545} INFO - Filling up the DagBag from /home/airflow/.local/lib/python3.11/site-packages/airflow/example_dags/example_task_group.py
[2024-07-13T01:08:59.592+0000] {processor.py:840} INFO - DAG(s) 'example_task_group' retrieved from /home/airflow/.local/lib/python3.11/site-packages/airflow/example_dags/example_task_group.py
[2024-07-13T01:08:59.639+0000] {logging_mixin.py:188} INFO - [2024-07-13T01:08:59.638+0000] {dag.py:3096} INFO - Sync 1 DAGs
[2024-07-13T01:08:59.681+0000] {logging_mixin.py:188} INFO - [2024-07-13T01:08:59.681+0000] {dag.py:3954} INFO - Setting next_dagrun for example_task_group to 2024-07-12 00:00:00+00:00, run_after=2024-07-13 00:00:00+00:00
[2024-07-13T01:08:59.715+0000] {processor.py:183} INFO - Processing /home/airflow/.local/lib/python3.11/site-packages/airflow/example_dags/example_task_group.py took 0.160 seconds
[2024-07-13T01:11:18.423+0000] {processor.py:161} INFO - Started process (PID=54) to work on /home/airflow/.local/lib/python3.11/site-packages/airflow/example_dags/example_task_group.py
[2024-07-13T01:11:18.425+0000] {processor.py:830} INFO - Processing file /home/airflow/.local/lib/python3.11/site-packages/airflow/example_dags/example_task_group.py for tasks to queue
[2024-07-13T01:11:18.429+0000] {logging_mixin.py:188} INFO - [2024-07-13T01:11:18.429+0000] {dagbag.py:545} INFO - Filling up the DagBag from /home/airflow/.local/lib/python3.11/site-packages/airflow/example_dags/example_task_group.py
[2024-07-13T01:11:18.449+0000] {processor.py:840} INFO - DAG(s) 'example_task_group' retrieved from /home/airflow/.local/lib/python3.11/site-packages/airflow/example_dags/example_task_group.py
[2024-07-13T01:11:18.707+0000] {logging_mixin.py:188} INFO - [2024-07-13T01:11:18.706+0000] {dag.py:3096} INFO - Sync 1 DAGs
[2024-07-13T01:11:18.754+0000] {logging_mixin.py:188} INFO - [2024-07-13T01:11:18.753+0000] {dag.py:3954} INFO - Setting next_dagrun for example_task_group to 2024-07-12 00:00:00+00:00, run_after=2024-07-13 00:00:00+00:00
[2024-07-13T01:11:18.789+0000] {processor.py:183} INFO - Processing /home/airflow/.local/lib/python3.11/site-packages/airflow/example_dags/example_task_group.py took 0.381 seconds
[2024-07-13T01:11:49.966+0000] {processor.py:161} INFO - Started process (PID=115) to work on /home/airflow/.local/lib/python3.11/site-packages/airflow/example_dags/example_task_group.py
[2024-07-13T01:11:49.967+0000] {processor.py:830} INFO - Processing file /home/airflow/.local/lib/python3.11/site-packages/airflow/example_dags/example_task_group.py for tasks to queue
[2024-07-13T01:11:49.971+0000] {logging_mixin.py:188} INFO - [2024-07-13T01:11:49.970+0000] {dagbag.py:545} INFO - Filling up the DagBag from /home/airflow/.local/lib/python3.11/site-packages/airflow/example_dags/example_task_group.py
[2024-07-13T01:11:49.988+0000] {processor.py:840} INFO - DAG(s) 'example_task_group' retrieved from /home/airflow/.local/lib/python3.11/site-packages/airflow/example_dags/example_task_group.py
[2024-07-13T01:11:50.032+0000] {logging_mixin.py:188} INFO - [2024-07-13T01:11:50.031+0000] {dag.py:3096} INFO - Sync 1 DAGs
[2024-07-13T01:11:50.069+0000] {logging_mixin.py:188} INFO - [2024-07-13T01:11:50.068+0000] {dag.py:3954} INFO - Setting next_dagrun for example_task_group to 2024-07-12 00:00:00+00:00, run_after=2024-07-13 00:00:00+00:00
[2024-07-13T01:11:50.098+0000] {processor.py:183} INFO - Processing /home/airflow/.local/lib/python3.11/site-packages/airflow/example_dags/example_task_group.py took 0.145 seconds
[2024-07-13T01:12:23.880+0000] {processor.py:161} INFO - Started process (PID=177) to work on /home/airflow/.local/lib/python3.11/site-packages/airflow/example_dags/example_task_group.py
[2024-07-13T01:12:23.885+0000] {processor.py:830} INFO - Processing file /home/airflow/.local/lib/python3.11/site-packages/airflow/example_dags/example_task_group.py for tasks to queue
[2024-07-13T01:12:23.889+0000] {logging_mixin.py:188} INFO - [2024-07-13T01:12:23.889+0000] {dagbag.py:545} INFO - Filling up the DagBag from /home/airflow/.local/lib/python3.11/site-packages/airflow/example_dags/example_task_group.py
[2024-07-13T01:12:23.914+0000] {processor.py:840} INFO - DAG(s) 'example_task_group' retrieved from /home/airflow/.local/lib/python3.11/site-packages/airflow/example_dags/example_task_group.py
[2024-07-13T01:12:23.964+0000] {logging_mixin.py:188} INFO - [2024-07-13T01:12:23.963+0000] {dag.py:3096} INFO - Sync 1 DAGs
[2024-07-13T01:12:24.015+0000] {logging_mixin.py:188} INFO - [2024-07-13T01:12:24.015+0000] {dag.py:3954} INFO - Setting next_dagrun for example_task_group to 2024-07-12 00:00:00+00:00, run_after=2024-07-13 00:00:00+00:00
[2024-07-13T01:12:24.056+0000] {processor.py:183} INFO - Processing /home/airflow/.local/lib/python3.11/site-packages/airflow/example_dags/example_task_group.py took 0.193 seconds
[2024-07-13T01:12:56.559+0000] {processor.py:161} INFO - Started process (PID=245) to work on /home/airflow/.local/lib/python3.11/site-packages/airflow/example_dags/example_task_group.py
[2024-07-13T01:12:56.562+0000] {processor.py:830} INFO - Processing file /home/airflow/.local/lib/python3.11/site-packages/airflow/example_dags/example_task_group.py for tasks to queue
[2024-07-13T01:12:56.565+0000] {logging_mixin.py:188} INFO - [2024-07-13T01:12:56.565+0000] {dagbag.py:545} INFO - Filling up the DagBag from /home/airflow/.local/lib/python3.11/site-packages/airflow/example_dags/example_task_group.py
[2024-07-13T01:12:56.589+0000] {processor.py:840} INFO - DAG(s) 'example_task_group' retrieved from /home/airflow/.local/lib/python3.11/site-packages/airflow/example_dags/example_task_group.py
[2024-07-13T01:12:56.632+0000] {logging_mixin.py:188} INFO - [2024-07-13T01:12:56.631+0000] {dag.py:3096} INFO - Sync 1 DAGs
[2024-07-13T01:12:56.676+0000] {logging_mixin.py:188} INFO - [2024-07-13T01:12:56.676+0000] {dag.py:3954} INFO - Setting next_dagrun for example_task_group to 2024-07-12 00:00:00+00:00, run_after=2024-07-13 00:00:00+00:00
[2024-07-13T01:12:56.709+0000] {processor.py:183} INFO - Processing /home/airflow/.local/lib/python3.11/site-packages/airflow/example_dags/example_task_group.py took 0.167 seconds
[2024-07-13T01:13:31.242+0000] {processor.py:161} INFO - Started process (PID=308) to work on /home/airflow/.local/lib/python3.11/site-packages/airflow/example_dags/example_task_group.py
[2024-07-13T01:13:31.244+0000] {processor.py:830} INFO - Processing file /home/airflow/.local/lib/python3.11/site-packages/airflow/example_dags/example_task_group.py for tasks to queue
[2024-07-13T01:13:31.248+0000] {logging_mixin.py:188} INFO - [2024-07-13T01:13:31.247+0000] {dagbag.py:545} INFO - Filling up the DagBag from /home/airflow/.local/lib/python3.11/site-packages/airflow/example_dags/example_task_group.py
[2024-07-13T01:13:31.266+0000] {processor.py:840} INFO - DAG(s) 'example_task_group' retrieved from /home/airflow/.local/lib/python3.11/site-packages/airflow/example_dags/example_task_group.py
[2024-07-13T01:13:31.316+0000] {logging_mixin.py:188} INFO - [2024-07-13T01:13:31.316+0000] {dag.py:3096} INFO - Sync 1 DAGs
[2024-07-13T01:13:31.359+0000] {logging_mixin.py:188} INFO - [2024-07-13T01:13:31.359+0000] {dag.py:3954} INFO - Setting next_dagrun for example_task_group to 2024-07-12 00:00:00+00:00, run_after=2024-07-13 00:00:00+00:00
[2024-07-13T01:13:31.393+0000] {processor.py:183} INFO - Processing /home/airflow/.local/lib/python3.11/site-packages/airflow/example_dags/example_task_group.py took 0.166 seconds
[2024-07-13T01:14:03.692+0000] {processor.py:161} INFO - Started process (PID=370) to work on /home/airflow/.local/lib/python3.11/site-packages/airflow/example_dags/example_task_group.py
[2024-07-13T01:14:03.694+0000] {processor.py:830} INFO - Processing file /home/airflow/.local/lib/python3.11/site-packages/airflow/example_dags/example_task_group.py for tasks to queue
[2024-07-13T01:14:03.697+0000] {logging_mixin.py:188} INFO - [2024-07-13T01:14:03.696+0000] {dagbag.py:545} INFO - Filling up the DagBag from /home/airflow/.local/lib/python3.11/site-packages/airflow/example_dags/example_task_group.py
[2024-07-13T01:14:03.712+0000] {processor.py:840} INFO - DAG(s) 'example_task_group' retrieved from /home/airflow/.local/lib/python3.11/site-packages/airflow/example_dags/example_task_group.py
[2024-07-13T01:14:03.752+0000] {logging_mixin.py:188} INFO - [2024-07-13T01:14:03.751+0000] {dag.py:3096} INFO - Sync 1 DAGs
[2024-07-13T01:14:03.785+0000] {logging_mixin.py:188} INFO - [2024-07-13T01:14:03.784+0000] {dag.py:3954} INFO - Setting next_dagrun for example_task_group to 2024-07-12 00:00:00+00:00, run_after=2024-07-13 00:00:00+00:00
[2024-07-13T01:14:03.811+0000] {processor.py:183} INFO - Processing /home/airflow/.local/lib/python3.11/site-packages/airflow/example_dags/example_task_group.py took 0.132 seconds
[2024-07-13T01:14:37.947+0000] {processor.py:161} INFO - Started process (PID=432) to work on /home/airflow/.local/lib/python3.11/site-packages/airflow/example_dags/example_task_group.py
[2024-07-13T01:14:37.950+0000] {processor.py:830} INFO - Processing file /home/airflow/.local/lib/python3.11/site-packages/airflow/example_dags/example_task_group.py for tasks to queue
[2024-07-13T01:14:37.955+0000] {logging_mixin.py:188} INFO - [2024-07-13T01:14:37.954+0000] {dagbag.py:545} INFO - Filling up the DagBag from /home/airflow/.local/lib/python3.11/site-packages/airflow/example_dags/example_task_group.py
[2024-07-13T01:14:37.972+0000] {processor.py:840} INFO - DAG(s) 'example_task_group' retrieved from /home/airflow/.local/lib/python3.11/site-packages/airflow/example_dags/example_task_group.py
[2024-07-13T01:14:38.017+0000] {logging_mixin.py:188} INFO - [2024-07-13T01:14:38.016+0000] {dag.py:3096} INFO - Sync 1 DAGs
[2024-07-13T01:14:38.058+0000] {logging_mixin.py:188} INFO - [2024-07-13T01:14:38.058+0000] {dag.py:3954} INFO - Setting next_dagrun for example_task_group to 2024-07-12 00:00:00+00:00, run_after=2024-07-13 00:00:00+00:00
[2024-07-13T01:14:38.092+0000] {processor.py:183} INFO - Processing /home/airflow/.local/lib/python3.11/site-packages/airflow/example_dags/example_task_group.py took 0.162 seconds
[2024-07-13T01:15:11.992+0000] {processor.py:161} INFO - Started process (PID=494) to work on /home/airflow/.local/lib/python3.11/site-packages/airflow/example_dags/example_task_group.py
[2024-07-13T01:15:11.993+0000] {processor.py:830} INFO - Processing file /home/airflow/.local/lib/python3.11/site-packages/airflow/example_dags/example_task_group.py for tasks to queue
[2024-07-13T01:15:11.997+0000] {logging_mixin.py:188} INFO - [2024-07-13T01:15:11.997+0000] {dagbag.py:545} INFO - Filling up the DagBag from /home/airflow/.local/lib/python3.11/site-packages/airflow/example_dags/example_task_group.py
[2024-07-13T01:15:12.016+0000] {processor.py:840} INFO - DAG(s) 'example_task_group' retrieved from /home/airflow/.local/lib/python3.11/site-packages/airflow/example_dags/example_task_group.py
[2024-07-13T01:15:12.052+0000] {logging_mixin.py:188} INFO - [2024-07-13T01:15:12.051+0000] {dag.py:3096} INFO - Sync 1 DAGs
[2024-07-13T01:15:12.087+0000] {logging_mixin.py:188} INFO - [2024-07-13T01:15:12.086+0000] {dag.py:3954} INFO - Setting next_dagrun for example_task_group to 2024-07-12 00:00:00+00:00, run_after=2024-07-13 00:00:00+00:00
[2024-07-13T01:15:12.114+0000] {processor.py:183} INFO - Processing /home/airflow/.local/lib/python3.11/site-packages/airflow/example_dags/example_task_group.py took 0.135 seconds
[2024-07-13T01:15:46.263+0000] {processor.py:161} INFO - Started process (PID=555) to work on /home/airflow/.local/lib/python3.11/site-packages/airflow/example_dags/example_task_group.py
[2024-07-13T01:15:46.266+0000] {processor.py:830} INFO - Processing file /home/airflow/.local/lib/python3.11/site-packages/airflow/example_dags/example_task_group.py for tasks to queue
[2024-07-13T01:15:46.270+0000] {logging_mixin.py:188} INFO - [2024-07-13T01:15:46.269+0000] {dagbag.py:545} INFO - Filling up the DagBag from /home/airflow/.local/lib/python3.11/site-packages/airflow/example_dags/example_task_group.py
[2024-07-13T01:15:46.288+0000] {processor.py:840} INFO - DAG(s) 'example_task_group' retrieved from /home/airflow/.local/lib/python3.11/site-packages/airflow/example_dags/example_task_group.py
[2024-07-13T01:15:46.333+0000] {logging_mixin.py:188} INFO - [2024-07-13T01:15:46.332+0000] {dag.py:3096} INFO - Sync 1 DAGs
[2024-07-13T01:15:46.377+0000] {logging_mixin.py:188} INFO - [2024-07-13T01:15:46.376+0000] {dag.py:3954} INFO - Setting next_dagrun for example_task_group to 2024-07-12 00:00:00+00:00, run_after=2024-07-13 00:00:00+00:00
[2024-07-13T01:15:46.408+0000] {processor.py:183} INFO - Processing /home/airflow/.local/lib/python3.11/site-packages/airflow/example_dags/example_task_group.py took 0.162 seconds
[2024-07-13T01:16:19.616+0000] {processor.py:161} INFO - Started process (PID=618) to work on /home/airflow/.local/lib/python3.11/site-packages/airflow/example_dags/example_task_group.py
[2024-07-13T01:16:19.631+0000] {processor.py:830} INFO - Processing file /home/airflow/.local/lib/python3.11/site-packages/airflow/example_dags/example_task_group.py for tasks to queue
[2024-07-13T01:16:19.647+0000] {logging_mixin.py:188} INFO - [2024-07-13T01:16:19.638+0000] {dagbag.py:545} INFO - Filling up the DagBag from /home/airflow/.local/lib/python3.11/site-packages/airflow/example_dags/example_task_group.py
[2024-07-13T01:16:19.674+0000] {processor.py:840} INFO - DAG(s) 'example_task_group' retrieved from /home/airflow/.local/lib/python3.11/site-packages/airflow/example_dags/example_task_group.py
[2024-07-13T01:16:19.750+0000] {logging_mixin.py:188} INFO - [2024-07-13T01:16:19.749+0000] {dag.py:3096} INFO - Sync 1 DAGs
[2024-07-13T01:16:19.870+0000] {logging_mixin.py:188} INFO - [2024-07-13T01:16:19.869+0000] {dag.py:3954} INFO - Setting next_dagrun for example_task_group to 2024-07-12 00:00:00+00:00, run_after=2024-07-13 00:00:00+00:00
[2024-07-13T01:16:19.949+0000] {processor.py:183} INFO - Processing /home/airflow/.local/lib/python3.11/site-packages/airflow/example_dags/example_task_group.py took 0.377 seconds
