[2024-07-13T00:28:04.245+0000] {processor.py:161} INFO - Started process (PID=72) to work on /home/airflow/.local/lib/python3.11/site-packages/airflow/example_dags/example_skip_dag.py
[2024-07-13T00:28:04.246+0000] {processor.py:830} INFO - Processing file /home/airflow/.local/lib/python3.11/site-packages/airflow/example_dags/example_skip_dag.py for tasks to queue
[2024-07-13T00:28:04.248+0000] {logging_mixin.py:188} INFO - [2024-07-13T00:28:04.248+0000] {dagbag.py:545} INFO - Filling up the DagBag from /home/airflow/.local/lib/python3.11/site-packages/airflow/example_dags/example_skip_dag.py
[2024-07-13T00:28:04.263+0000] {processor.py:840} INFO - DAG(s) 'example_skip_dag' retrieved from /home/airflow/.local/lib/python3.11/site-packages/airflow/example_dags/example_skip_dag.py
[2024-07-13T00:28:04.485+0000] {logging_mixin.py:188} INFO - [2024-07-13T00:28:04.484+0000] {dag.py:3096} INFO - Sync 1 DAGs
[2024-07-13T00:28:04.528+0000] {logging_mixin.py:188} INFO - [2024-07-13T00:28:04.528+0000] {dag.py:3954} INFO - Setting next_dagrun for example_skip_dag to 2024-07-12 00:00:00+00:00, run_after=2024-07-13 00:00:00+00:00
[2024-07-13T00:28:04.564+0000] {processor.py:183} INFO - Processing /home/airflow/.local/lib/python3.11/site-packages/airflow/example_dags/example_skip_dag.py took 0.335 seconds
[2024-07-13T00:28:34.899+0000] {processor.py:161} INFO - Started process (PID=134) to work on /home/airflow/.local/lib/python3.11/site-packages/airflow/example_dags/example_skip_dag.py
[2024-07-13T00:28:34.901+0000] {processor.py:830} INFO - Processing file /home/airflow/.local/lib/python3.11/site-packages/airflow/example_dags/example_skip_dag.py for tasks to queue
[2024-07-13T00:28:34.902+0000] {logging_mixin.py:188} INFO - [2024-07-13T00:28:34.902+0000] {dagbag.py:545} INFO - Filling up the DagBag from /home/airflow/.local/lib/python3.11/site-packages/airflow/example_dags/example_skip_dag.py
[2024-07-13T00:28:34.915+0000] {processor.py:840} INFO - DAG(s) 'example_skip_dag' retrieved from /home/airflow/.local/lib/python3.11/site-packages/airflow/example_dags/example_skip_dag.py
[2024-07-13T00:28:34.958+0000] {logging_mixin.py:188} INFO - [2024-07-13T00:28:34.957+0000] {dag.py:3096} INFO - Sync 1 DAGs
[2024-07-13T00:28:35.001+0000] {logging_mixin.py:188} INFO - [2024-07-13T00:28:35.000+0000] {dag.py:3954} INFO - Setting next_dagrun for example_skip_dag to 2024-07-12 00:00:00+00:00, run_after=2024-07-13 00:00:00+00:00
[2024-07-13T00:28:35.031+0000] {processor.py:183} INFO - Processing /home/airflow/.local/lib/python3.11/site-packages/airflow/example_dags/example_skip_dag.py took 0.143 seconds
[2024-07-13T00:29:07.715+0000] {processor.py:161} INFO - Started process (PID=196) to work on /home/airflow/.local/lib/python3.11/site-packages/airflow/example_dags/example_skip_dag.py
[2024-07-13T00:29:07.718+0000] {processor.py:830} INFO - Processing file /home/airflow/.local/lib/python3.11/site-packages/airflow/example_dags/example_skip_dag.py for tasks to queue
[2024-07-13T00:29:07.719+0000] {logging_mixin.py:188} INFO - [2024-07-13T00:29:07.718+0000] {dagbag.py:545} INFO - Filling up the DagBag from /home/airflow/.local/lib/python3.11/site-packages/airflow/example_dags/example_skip_dag.py
[2024-07-13T00:29:07.733+0000] {processor.py:840} INFO - DAG(s) 'example_skip_dag' retrieved from /home/airflow/.local/lib/python3.11/site-packages/airflow/example_dags/example_skip_dag.py
[2024-07-13T00:29:07.776+0000] {logging_mixin.py:188} INFO - [2024-07-13T00:29:07.776+0000] {dag.py:3096} INFO - Sync 1 DAGs
[2024-07-13T00:29:07.814+0000] {logging_mixin.py:188} INFO - [2024-07-13T00:29:07.814+0000] {dag.py:3954} INFO - Setting next_dagrun for example_skip_dag to 2024-07-12 00:00:00+00:00, run_after=2024-07-13 00:00:00+00:00
[2024-07-13T00:29:07.844+0000] {processor.py:183} INFO - Processing /home/airflow/.local/lib/python3.11/site-packages/airflow/example_dags/example_skip_dag.py took 0.142 seconds
[2024-07-13T00:29:41.309+0000] {processor.py:161} INFO - Started process (PID=264) to work on /home/airflow/.local/lib/python3.11/site-packages/airflow/example_dags/example_skip_dag.py
[2024-07-13T00:29:41.311+0000] {processor.py:830} INFO - Processing file /home/airflow/.local/lib/python3.11/site-packages/airflow/example_dags/example_skip_dag.py for tasks to queue
[2024-07-13T00:29:41.313+0000] {logging_mixin.py:188} INFO - [2024-07-13T00:29:41.312+0000] {dagbag.py:545} INFO - Filling up the DagBag from /home/airflow/.local/lib/python3.11/site-packages/airflow/example_dags/example_skip_dag.py
[2024-07-13T00:29:41.327+0000] {processor.py:840} INFO - DAG(s) 'example_skip_dag' retrieved from /home/airflow/.local/lib/python3.11/site-packages/airflow/example_dags/example_skip_dag.py
[2024-07-13T00:29:41.368+0000] {logging_mixin.py:188} INFO - [2024-07-13T00:29:41.367+0000] {dag.py:3096} INFO - Sync 1 DAGs
[2024-07-13T00:29:41.406+0000] {logging_mixin.py:188} INFO - [2024-07-13T00:29:41.406+0000] {dag.py:3954} INFO - Setting next_dagrun for example_skip_dag to 2024-07-12 00:00:00+00:00, run_after=2024-07-13 00:00:00+00:00
[2024-07-13T00:29:41.437+0000] {processor.py:183} INFO - Processing /home/airflow/.local/lib/python3.11/site-packages/airflow/example_dags/example_skip_dag.py took 0.143 seconds
[2024-07-13T00:30:14.012+0000] {processor.py:161} INFO - Started process (PID=327) to work on /home/airflow/.local/lib/python3.11/site-packages/airflow/example_dags/example_skip_dag.py
[2024-07-13T00:30:14.013+0000] {processor.py:830} INFO - Processing file /home/airflow/.local/lib/python3.11/site-packages/airflow/example_dags/example_skip_dag.py for tasks to queue
[2024-07-13T00:30:14.014+0000] {logging_mixin.py:188} INFO - [2024-07-13T00:30:14.014+0000] {dagbag.py:545} INFO - Filling up the DagBag from /home/airflow/.local/lib/python3.11/site-packages/airflow/example_dags/example_skip_dag.py
[2024-07-13T00:30:14.030+0000] {processor.py:840} INFO - DAG(s) 'example_skip_dag' retrieved from /home/airflow/.local/lib/python3.11/site-packages/airflow/example_dags/example_skip_dag.py
[2024-07-13T00:30:14.067+0000] {logging_mixin.py:188} INFO - [2024-07-13T00:30:14.067+0000] {dag.py:3096} INFO - Sync 1 DAGs
[2024-07-13T00:30:14.101+0000] {logging_mixin.py:188} INFO - [2024-07-13T00:30:14.100+0000] {dag.py:3954} INFO - Setting next_dagrun for example_skip_dag to 2024-07-12 00:00:00+00:00, run_after=2024-07-13 00:00:00+00:00
[2024-07-13T00:30:14.128+0000] {processor.py:183} INFO - Processing /home/airflow/.local/lib/python3.11/site-packages/airflow/example_dags/example_skip_dag.py took 0.128 seconds
[2024-07-13T00:30:46.638+0000] {processor.py:161} INFO - Started process (PID=389) to work on /home/airflow/.local/lib/python3.11/site-packages/airflow/example_dags/example_skip_dag.py
[2024-07-13T00:30:46.641+0000] {processor.py:830} INFO - Processing file /home/airflow/.local/lib/python3.11/site-packages/airflow/example_dags/example_skip_dag.py for tasks to queue
[2024-07-13T00:30:46.642+0000] {logging_mixin.py:188} INFO - [2024-07-13T00:30:46.641+0000] {dagbag.py:545} INFO - Filling up the DagBag from /home/airflow/.local/lib/python3.11/site-packages/airflow/example_dags/example_skip_dag.py
[2024-07-13T00:30:46.659+0000] {processor.py:840} INFO - DAG(s) 'example_skip_dag' retrieved from /home/airflow/.local/lib/python3.11/site-packages/airflow/example_dags/example_skip_dag.py
[2024-07-13T00:30:46.700+0000] {logging_mixin.py:188} INFO - [2024-07-13T00:30:46.700+0000] {dag.py:3096} INFO - Sync 1 DAGs
[2024-07-13T00:30:46.738+0000] {logging_mixin.py:188} INFO - [2024-07-13T00:30:46.737+0000] {dag.py:3954} INFO - Setting next_dagrun for example_skip_dag to 2024-07-12 00:00:00+00:00, run_after=2024-07-13 00:00:00+00:00
[2024-07-13T00:30:46.768+0000] {processor.py:183} INFO - Processing /home/airflow/.local/lib/python3.11/site-packages/airflow/example_dags/example_skip_dag.py took 0.144 seconds
[2024-07-13T00:31:20.171+0000] {processor.py:161} INFO - Started process (PID=451) to work on /home/airflow/.local/lib/python3.11/site-packages/airflow/example_dags/example_skip_dag.py
[2024-07-13T00:31:20.173+0000] {processor.py:830} INFO - Processing file /home/airflow/.local/lib/python3.11/site-packages/airflow/example_dags/example_skip_dag.py for tasks to queue
[2024-07-13T00:31:20.174+0000] {logging_mixin.py:188} INFO - [2024-07-13T00:31:20.174+0000] {dagbag.py:545} INFO - Filling up the DagBag from /home/airflow/.local/lib/python3.11/site-packages/airflow/example_dags/example_skip_dag.py
[2024-07-13T00:31:20.190+0000] {processor.py:840} INFO - DAG(s) 'example_skip_dag' retrieved from /home/airflow/.local/lib/python3.11/site-packages/airflow/example_dags/example_skip_dag.py
[2024-07-13T00:31:20.231+0000] {logging_mixin.py:188} INFO - [2024-07-13T00:31:20.230+0000] {dag.py:3096} INFO - Sync 1 DAGs
[2024-07-13T00:31:20.268+0000] {logging_mixin.py:188} INFO - [2024-07-13T00:31:20.267+0000] {dag.py:3954} INFO - Setting next_dagrun for example_skip_dag to 2024-07-12 00:00:00+00:00, run_after=2024-07-13 00:00:00+00:00
[2024-07-13T00:31:20.296+0000] {processor.py:183} INFO - Processing /home/airflow/.local/lib/python3.11/site-packages/airflow/example_dags/example_skip_dag.py took 0.138 seconds
[2024-07-13T00:31:54.358+0000] {processor.py:161} INFO - Started process (PID=513) to work on /home/airflow/.local/lib/python3.11/site-packages/airflow/example_dags/example_skip_dag.py
[2024-07-13T00:31:54.361+0000] {processor.py:830} INFO - Processing file /home/airflow/.local/lib/python3.11/site-packages/airflow/example_dags/example_skip_dag.py for tasks to queue
[2024-07-13T00:31:54.363+0000] {logging_mixin.py:188} INFO - [2024-07-13T00:31:54.362+0000] {dagbag.py:545} INFO - Filling up the DagBag from /home/airflow/.local/lib/python3.11/site-packages/airflow/example_dags/example_skip_dag.py
[2024-07-13T00:31:54.380+0000] {processor.py:840} INFO - DAG(s) 'example_skip_dag' retrieved from /home/airflow/.local/lib/python3.11/site-packages/airflow/example_dags/example_skip_dag.py
[2024-07-13T00:31:54.430+0000] {logging_mixin.py:188} INFO - [2024-07-13T00:31:54.429+0000] {dag.py:3096} INFO - Sync 1 DAGs
[2024-07-13T00:31:54.479+0000] {logging_mixin.py:188} INFO - [2024-07-13T00:31:54.478+0000] {dag.py:3954} INFO - Setting next_dagrun for example_skip_dag to 2024-07-12 00:00:00+00:00, run_after=2024-07-13 00:00:00+00:00
[2024-07-13T00:31:54.514+0000] {processor.py:183} INFO - Processing /home/airflow/.local/lib/python3.11/site-packages/airflow/example_dags/example_skip_dag.py took 0.171 seconds
[2024-07-13T00:32:28.874+0000] {processor.py:161} INFO - Started process (PID=575) to work on /home/airflow/.local/lib/python3.11/site-packages/airflow/example_dags/example_skip_dag.py
[2024-07-13T00:32:28.876+0000] {processor.py:830} INFO - Processing file /home/airflow/.local/lib/python3.11/site-packages/airflow/example_dags/example_skip_dag.py for tasks to queue
[2024-07-13T00:32:28.878+0000] {logging_mixin.py:188} INFO - [2024-07-13T00:32:28.877+0000] {dagbag.py:545} INFO - Filling up the DagBag from /home/airflow/.local/lib/python3.11/site-packages/airflow/example_dags/example_skip_dag.py
[2024-07-13T00:32:28.896+0000] {processor.py:840} INFO - DAG(s) 'example_skip_dag' retrieved from /home/airflow/.local/lib/python3.11/site-packages/airflow/example_dags/example_skip_dag.py
[2024-07-13T00:32:28.933+0000] {logging_mixin.py:188} INFO - [2024-07-13T00:32:28.933+0000] {dag.py:3096} INFO - Sync 1 DAGs
[2024-07-13T00:32:28.970+0000] {logging_mixin.py:188} INFO - [2024-07-13T00:32:28.970+0000] {dag.py:3954} INFO - Setting next_dagrun for example_skip_dag to 2024-07-12 00:00:00+00:00, run_after=2024-07-13 00:00:00+00:00
[2024-07-13T00:32:28.996+0000] {processor.py:183} INFO - Processing /home/airflow/.local/lib/python3.11/site-packages/airflow/example_dags/example_skip_dag.py took 0.136 seconds
[2024-07-13T00:33:03.284+0000] {processor.py:161} INFO - Started process (PID=637) to work on /home/airflow/.local/lib/python3.11/site-packages/airflow/example_dags/example_skip_dag.py
[2024-07-13T00:33:03.286+0000] {processor.py:830} INFO - Processing file /home/airflow/.local/lib/python3.11/site-packages/airflow/example_dags/example_skip_dag.py for tasks to queue
[2024-07-13T00:33:03.287+0000] {logging_mixin.py:188} INFO - [2024-07-13T00:33:03.287+0000] {dagbag.py:545} INFO - Filling up the DagBag from /home/airflow/.local/lib/python3.11/site-packages/airflow/example_dags/example_skip_dag.py
[2024-07-13T00:33:03.301+0000] {processor.py:840} INFO - DAG(s) 'example_skip_dag' retrieved from /home/airflow/.local/lib/python3.11/site-packages/airflow/example_dags/example_skip_dag.py
[2024-07-13T00:33:03.350+0000] {logging_mixin.py:188} INFO - [2024-07-13T00:33:03.349+0000] {dag.py:3096} INFO - Sync 1 DAGs
[2024-07-13T00:33:03.396+0000] {logging_mixin.py:188} INFO - [2024-07-13T00:33:03.396+0000] {dag.py:3954} INFO - Setting next_dagrun for example_skip_dag to 2024-07-12 00:00:00+00:00, run_after=2024-07-13 00:00:00+00:00
[2024-07-13T00:33:03.430+0000] {processor.py:183} INFO - Processing /home/airflow/.local/lib/python3.11/site-packages/airflow/example_dags/example_skip_dag.py took 0.158 seconds
[2024-07-13T00:33:35.751+0000] {processor.py:161} INFO - Started process (PID=699) to work on /home/airflow/.local/lib/python3.11/site-packages/airflow/example_dags/example_skip_dag.py
[2024-07-13T00:33:35.763+0000] {processor.py:830} INFO - Processing file /home/airflow/.local/lib/python3.11/site-packages/airflow/example_dags/example_skip_dag.py for tasks to queue
[2024-07-13T00:33:35.765+0000] {logging_mixin.py:188} INFO - [2024-07-13T00:33:35.764+0000] {dagbag.py:545} INFO - Filling up the DagBag from /home/airflow/.local/lib/python3.11/site-packages/airflow/example_dags/example_skip_dag.py
[2024-07-13T00:33:35.792+0000] {processor.py:840} INFO - DAG(s) 'example_skip_dag' retrieved from /home/airflow/.local/lib/python3.11/site-packages/airflow/example_dags/example_skip_dag.py
[2024-07-13T00:33:35.877+0000] {logging_mixin.py:188} INFO - [2024-07-13T00:33:35.877+0000] {dag.py:3096} INFO - Sync 1 DAGs
[2024-07-13T00:33:35.921+0000] {logging_mixin.py:188} INFO - [2024-07-13T00:33:35.921+0000] {dag.py:3954} INFO - Setting next_dagrun for example_skip_dag to 2024-07-12 00:00:00+00:00, run_after=2024-07-13 00:00:00+00:00
[2024-07-13T00:33:35.955+0000] {processor.py:183} INFO - Processing /home/airflow/.local/lib/python3.11/site-packages/airflow/example_dags/example_skip_dag.py took 0.220 seconds
[2024-07-13T00:35:52.152+0000] {processor.py:161} INFO - Started process (PID=73) to work on /home/airflow/.local/lib/python3.11/site-packages/airflow/example_dags/example_skip_dag.py
[2024-07-13T00:35:52.155+0000] {processor.py:830} INFO - Processing file /home/airflow/.local/lib/python3.11/site-packages/airflow/example_dags/example_skip_dag.py for tasks to queue
[2024-07-13T00:35:52.159+0000] {logging_mixin.py:188} INFO - [2024-07-13T00:35:52.158+0000] {dagbag.py:545} INFO - Filling up the DagBag from /home/airflow/.local/lib/python3.11/site-packages/airflow/example_dags/example_skip_dag.py
[2024-07-13T00:35:52.175+0000] {processor.py:840} INFO - DAG(s) 'example_skip_dag' retrieved from /home/airflow/.local/lib/python3.11/site-packages/airflow/example_dags/example_skip_dag.py
[2024-07-13T00:35:52.344+0000] {logging_mixin.py:188} INFO - [2024-07-13T00:35:52.343+0000] {dag.py:3096} INFO - Sync 1 DAGs
[2024-07-13T00:35:52.374+0000] {logging_mixin.py:188} INFO - [2024-07-13T00:35:52.373+0000] {dag.py:3954} INFO - Setting next_dagrun for example_skip_dag to 2024-07-12 00:00:00+00:00, run_after=2024-07-13 00:00:00+00:00
[2024-07-13T00:35:52.399+0000] {processor.py:183} INFO - Processing /home/airflow/.local/lib/python3.11/site-packages/airflow/example_dags/example_skip_dag.py took 0.261 seconds
[2024-07-13T00:36:22.752+0000] {processor.py:161} INFO - Started process (PID=135) to work on /home/airflow/.local/lib/python3.11/site-packages/airflow/example_dags/example_skip_dag.py
[2024-07-13T00:36:22.753+0000] {processor.py:830} INFO - Processing file /home/airflow/.local/lib/python3.11/site-packages/airflow/example_dags/example_skip_dag.py for tasks to queue
[2024-07-13T00:36:22.756+0000] {logging_mixin.py:188} INFO - [2024-07-13T00:36:22.756+0000] {dagbag.py:545} INFO - Filling up the DagBag from /home/airflow/.local/lib/python3.11/site-packages/airflow/example_dags/example_skip_dag.py
[2024-07-13T00:36:22.770+0000] {processor.py:840} INFO - DAG(s) 'example_skip_dag' retrieved from /home/airflow/.local/lib/python3.11/site-packages/airflow/example_dags/example_skip_dag.py
[2024-07-13T00:36:22.810+0000] {logging_mixin.py:188} INFO - [2024-07-13T00:36:22.809+0000] {dag.py:3096} INFO - Sync 1 DAGs
[2024-07-13T00:36:22.846+0000] {logging_mixin.py:188} INFO - [2024-07-13T00:36:22.846+0000] {dag.py:3954} INFO - Setting next_dagrun for example_skip_dag to 2024-07-12 00:00:00+00:00, run_after=2024-07-13 00:00:00+00:00
[2024-07-13T00:36:22.875+0000] {processor.py:183} INFO - Processing /home/airflow/.local/lib/python3.11/site-packages/airflow/example_dags/example_skip_dag.py took 0.135 seconds
[2024-07-13T00:38:23.491+0000] {processor.py:161} INFO - Started process (PID=71) to work on /home/airflow/.local/lib/python3.11/site-packages/airflow/example_dags/example_skip_dag.py
[2024-07-13T00:38:23.494+0000] {processor.py:830} INFO - Processing file /home/airflow/.local/lib/python3.11/site-packages/airflow/example_dags/example_skip_dag.py for tasks to queue
[2024-07-13T00:38:23.498+0000] {logging_mixin.py:188} INFO - [2024-07-13T00:38:23.497+0000] {dagbag.py:545} INFO - Filling up the DagBag from /home/airflow/.local/lib/python3.11/site-packages/airflow/example_dags/example_skip_dag.py
[2024-07-13T00:38:23.514+0000] {processor.py:840} INFO - DAG(s) 'example_skip_dag' retrieved from /home/airflow/.local/lib/python3.11/site-packages/airflow/example_dags/example_skip_dag.py
[2024-07-13T00:38:23.739+0000] {logging_mixin.py:188} INFO - [2024-07-13T00:38:23.738+0000] {dag.py:3096} INFO - Sync 1 DAGs
[2024-07-13T00:38:23.780+0000] {logging_mixin.py:188} INFO - [2024-07-13T00:38:23.780+0000] {dag.py:3954} INFO - Setting next_dagrun for example_skip_dag to 2024-07-12 00:00:00+00:00, run_after=2024-07-13 00:00:00+00:00
[2024-07-13T00:38:23.815+0000] {processor.py:183} INFO - Processing /home/airflow/.local/lib/python3.11/site-packages/airflow/example_dags/example_skip_dag.py took 0.338 seconds
[2024-07-13T00:38:53.872+0000] {processor.py:161} INFO - Started process (PID=133) to work on /home/airflow/.local/lib/python3.11/site-packages/airflow/example_dags/example_skip_dag.py
[2024-07-13T00:38:53.873+0000] {processor.py:830} INFO - Processing file /home/airflow/.local/lib/python3.11/site-packages/airflow/example_dags/example_skip_dag.py for tasks to queue
[2024-07-13T00:38:53.876+0000] {logging_mixin.py:188} INFO - [2024-07-13T00:38:53.875+0000] {dagbag.py:545} INFO - Filling up the DagBag from /home/airflow/.local/lib/python3.11/site-packages/airflow/example_dags/example_skip_dag.py
[2024-07-13T00:38:53.887+0000] {processor.py:840} INFO - DAG(s) 'example_skip_dag' retrieved from /home/airflow/.local/lib/python3.11/site-packages/airflow/example_dags/example_skip_dag.py
[2024-07-13T00:38:53.931+0000] {logging_mixin.py:188} INFO - [2024-07-13T00:38:53.930+0000] {dag.py:3096} INFO - Sync 1 DAGs
[2024-07-13T00:38:53.973+0000] {logging_mixin.py:188} INFO - [2024-07-13T00:38:53.972+0000] {dag.py:3954} INFO - Setting next_dagrun for example_skip_dag to 2024-07-12 00:00:00+00:00, run_after=2024-07-13 00:00:00+00:00
[2024-07-13T00:38:54.000+0000] {processor.py:183} INFO - Processing /home/airflow/.local/lib/python3.11/site-packages/airflow/example_dags/example_skip_dag.py took 0.139 seconds
[2024-07-13T00:39:25.792+0000] {processor.py:161} INFO - Started process (PID=195) to work on /home/airflow/.local/lib/python3.11/site-packages/airflow/example_dags/example_skip_dag.py
[2024-07-13T00:39:25.796+0000] {processor.py:830} INFO - Processing file /home/airflow/.local/lib/python3.11/site-packages/airflow/example_dags/example_skip_dag.py for tasks to queue
[2024-07-13T00:39:25.799+0000] {logging_mixin.py:188} INFO - [2024-07-13T00:39:25.799+0000] {dagbag.py:545} INFO - Filling up the DagBag from /home/airflow/.local/lib/python3.11/site-packages/airflow/example_dags/example_skip_dag.py
[2024-07-13T00:39:25.816+0000] {processor.py:840} INFO - DAG(s) 'example_skip_dag' retrieved from /home/airflow/.local/lib/python3.11/site-packages/airflow/example_dags/example_skip_dag.py
[2024-07-13T00:39:25.856+0000] {logging_mixin.py:188} INFO - [2024-07-13T00:39:25.855+0000] {dag.py:3096} INFO - Sync 1 DAGs
[2024-07-13T00:39:25.895+0000] {logging_mixin.py:188} INFO - [2024-07-13T00:39:25.894+0000] {dag.py:3954} INFO - Setting next_dagrun for example_skip_dag to 2024-07-12 00:00:00+00:00, run_after=2024-07-13 00:00:00+00:00
[2024-07-13T00:39:25.926+0000] {processor.py:183} INFO - Processing /home/airflow/.local/lib/python3.11/site-packages/airflow/example_dags/example_skip_dag.py took 0.146 seconds
[2024-07-13T00:39:59.105+0000] {processor.py:161} INFO - Started process (PID=257) to work on /home/airflow/.local/lib/python3.11/site-packages/airflow/example_dags/example_skip_dag.py
[2024-07-13T00:39:59.108+0000] {processor.py:830} INFO - Processing file /home/airflow/.local/lib/python3.11/site-packages/airflow/example_dags/example_skip_dag.py for tasks to queue
[2024-07-13T00:39:59.113+0000] {logging_mixin.py:188} INFO - [2024-07-13T00:39:59.112+0000] {dagbag.py:545} INFO - Filling up the DagBag from /home/airflow/.local/lib/python3.11/site-packages/airflow/example_dags/example_skip_dag.py
[2024-07-13T00:39:59.127+0000] {processor.py:840} INFO - DAG(s) 'example_skip_dag' retrieved from /home/airflow/.local/lib/python3.11/site-packages/airflow/example_dags/example_skip_dag.py
[2024-07-13T00:39:59.166+0000] {logging_mixin.py:188} INFO - [2024-07-13T00:39:59.165+0000] {dag.py:3096} INFO - Sync 1 DAGs
[2024-07-13T00:39:59.209+0000] {logging_mixin.py:188} INFO - [2024-07-13T00:39:59.209+0000] {dag.py:3954} INFO - Setting next_dagrun for example_skip_dag to 2024-07-12 00:00:00+00:00, run_after=2024-07-13 00:00:00+00:00
[2024-07-13T00:39:59.239+0000] {processor.py:183} INFO - Processing /home/airflow/.local/lib/python3.11/site-packages/airflow/example_dags/example_skip_dag.py took 0.147 seconds
[2024-07-13T00:40:31.610+0000] {processor.py:161} INFO - Started process (PID=324) to work on /home/airflow/.local/lib/python3.11/site-packages/airflow/example_dags/example_skip_dag.py
[2024-07-13T00:40:31.612+0000] {processor.py:830} INFO - Processing file /home/airflow/.local/lib/python3.11/site-packages/airflow/example_dags/example_skip_dag.py for tasks to queue
[2024-07-13T00:40:31.615+0000] {logging_mixin.py:188} INFO - [2024-07-13T00:40:31.614+0000] {dagbag.py:545} INFO - Filling up the DagBag from /home/airflow/.local/lib/python3.11/site-packages/airflow/example_dags/example_skip_dag.py
[2024-07-13T00:40:31.627+0000] {processor.py:840} INFO - DAG(s) 'example_skip_dag' retrieved from /home/airflow/.local/lib/python3.11/site-packages/airflow/example_dags/example_skip_dag.py
[2024-07-13T00:40:31.668+0000] {logging_mixin.py:188} INFO - [2024-07-13T00:40:31.667+0000] {dag.py:3096} INFO - Sync 1 DAGs
[2024-07-13T00:40:31.705+0000] {logging_mixin.py:188} INFO - [2024-07-13T00:40:31.705+0000] {dag.py:3954} INFO - Setting next_dagrun for example_skip_dag to 2024-07-12 00:00:00+00:00, run_after=2024-07-13 00:00:00+00:00
[2024-07-13T00:40:31.732+0000] {processor.py:183} INFO - Processing /home/airflow/.local/lib/python3.11/site-packages/airflow/example_dags/example_skip_dag.py took 0.134 seconds
[2024-07-13T00:41:13.924+0000] {processor.py:161} INFO - Started process (PID=385) to work on /home/airflow/.local/lib/python3.11/site-packages/airflow/example_dags/example_skip_dag.py
[2024-07-13T00:41:13.931+0000] {processor.py:830} INFO - Processing file /home/airflow/.local/lib/python3.11/site-packages/airflow/example_dags/example_skip_dag.py for tasks to queue
[2024-07-13T00:41:13.941+0000] {logging_mixin.py:188} INFO - [2024-07-13T00:41:13.940+0000] {dagbag.py:545} INFO - Filling up the DagBag from /home/airflow/.local/lib/python3.11/site-packages/airflow/example_dags/example_skip_dag.py
[2024-07-13T00:41:13.984+0000] {processor.py:840} INFO - DAG(s) 'example_skip_dag' retrieved from /home/airflow/.local/lib/python3.11/site-packages/airflow/example_dags/example_skip_dag.py
[2024-07-13T00:41:14.093+0000] {logging_mixin.py:188} INFO - [2024-07-13T00:41:14.091+0000] {dag.py:3096} INFO - Sync 1 DAGs
[2024-07-13T00:41:14.187+0000] {logging_mixin.py:188} INFO - [2024-07-13T00:41:14.187+0000] {dag.py:3954} INFO - Setting next_dagrun for example_skip_dag to 2024-07-12 00:00:00+00:00, run_after=2024-07-13 00:00:00+00:00
[2024-07-13T00:41:14.262+0000] {processor.py:183} INFO - Processing /home/airflow/.local/lib/python3.11/site-packages/airflow/example_dags/example_skip_dag.py took 0.373 seconds
[2024-07-13T00:41:44.601+0000] {processor.py:161} INFO - Started process (PID=446) to work on /home/airflow/.local/lib/python3.11/site-packages/airflow/example_dags/example_skip_dag.py
[2024-07-13T00:41:44.602+0000] {processor.py:830} INFO - Processing file /home/airflow/.local/lib/python3.11/site-packages/airflow/example_dags/example_skip_dag.py for tasks to queue
[2024-07-13T00:41:44.606+0000] {logging_mixin.py:188} INFO - [2024-07-13T00:41:44.605+0000] {dagbag.py:545} INFO - Filling up the DagBag from /home/airflow/.local/lib/python3.11/site-packages/airflow/example_dags/example_skip_dag.py
[2024-07-13T00:41:44.621+0000] {processor.py:840} INFO - DAG(s) 'example_skip_dag' retrieved from /home/airflow/.local/lib/python3.11/site-packages/airflow/example_dags/example_skip_dag.py
[2024-07-13T00:41:44.665+0000] {logging_mixin.py:188} INFO - [2024-07-13T00:41:44.664+0000] {dag.py:3096} INFO - Sync 1 DAGs
[2024-07-13T00:41:44.709+0000] {logging_mixin.py:188} INFO - [2024-07-13T00:41:44.709+0000] {dag.py:3954} INFO - Setting next_dagrun for example_skip_dag to 2024-07-12 00:00:00+00:00, run_after=2024-07-13 00:00:00+00:00
[2024-07-13T00:41:44.739+0000] {processor.py:183} INFO - Processing /home/airflow/.local/lib/python3.11/site-packages/airflow/example_dags/example_skip_dag.py took 0.153 seconds
[2024-07-13T00:44:06.703+0000] {processor.py:161} INFO - Started process (PID=72) to work on /home/airflow/.local/lib/python3.11/site-packages/airflow/example_dags/example_skip_dag.py
[2024-07-13T00:44:06.705+0000] {processor.py:830} INFO - Processing file /home/airflow/.local/lib/python3.11/site-packages/airflow/example_dags/example_skip_dag.py for tasks to queue
[2024-07-13T00:44:06.708+0000] {logging_mixin.py:188} INFO - [2024-07-13T00:44:06.708+0000] {dagbag.py:545} INFO - Filling up the DagBag from /home/airflow/.local/lib/python3.11/site-packages/airflow/example_dags/example_skip_dag.py
[2024-07-13T00:44:06.721+0000] {processor.py:840} INFO - DAG(s) 'example_skip_dag' retrieved from /home/airflow/.local/lib/python3.11/site-packages/airflow/example_dags/example_skip_dag.py
[2024-07-13T00:44:06.897+0000] {logging_mixin.py:188} INFO - [2024-07-13T00:44:06.896+0000] {dag.py:3096} INFO - Sync 1 DAGs
[2024-07-13T00:44:06.940+0000] {logging_mixin.py:188} INFO - [2024-07-13T00:44:06.939+0000] {dag.py:3954} INFO - Setting next_dagrun for example_skip_dag to 2024-07-12 00:00:00+00:00, run_after=2024-07-13 00:00:00+00:00
[2024-07-13T00:44:06.972+0000] {processor.py:183} INFO - Processing /home/airflow/.local/lib/python3.11/site-packages/airflow/example_dags/example_skip_dag.py took 0.282 seconds
[2024-07-13T00:44:37.157+0000] {processor.py:161} INFO - Started process (PID=134) to work on /home/airflow/.local/lib/python3.11/site-packages/airflow/example_dags/example_skip_dag.py
[2024-07-13T00:44:37.159+0000] {processor.py:830} INFO - Processing file /home/airflow/.local/lib/python3.11/site-packages/airflow/example_dags/example_skip_dag.py for tasks to queue
[2024-07-13T00:44:37.162+0000] {logging_mixin.py:188} INFO - [2024-07-13T00:44:37.161+0000] {dagbag.py:545} INFO - Filling up the DagBag from /home/airflow/.local/lib/python3.11/site-packages/airflow/example_dags/example_skip_dag.py
[2024-07-13T00:44:37.173+0000] {processor.py:840} INFO - DAG(s) 'example_skip_dag' retrieved from /home/airflow/.local/lib/python3.11/site-packages/airflow/example_dags/example_skip_dag.py
[2024-07-13T00:44:37.210+0000] {logging_mixin.py:188} INFO - [2024-07-13T00:44:37.209+0000] {dag.py:3096} INFO - Sync 1 DAGs
[2024-07-13T00:44:37.246+0000] {logging_mixin.py:188} INFO - [2024-07-13T00:44:37.245+0000] {dag.py:3954} INFO - Setting next_dagrun for example_skip_dag to 2024-07-12 00:00:00+00:00, run_after=2024-07-13 00:00:00+00:00
[2024-07-13T00:44:37.273+0000] {processor.py:183} INFO - Processing /home/airflow/.local/lib/python3.11/site-packages/airflow/example_dags/example_skip_dag.py took 0.127 seconds
[2024-07-13T00:45:08.257+0000] {processor.py:161} INFO - Started process (PID=195) to work on /home/airflow/.local/lib/python3.11/site-packages/airflow/example_dags/example_skip_dag.py
[2024-07-13T00:45:08.259+0000] {processor.py:830} INFO - Processing file /home/airflow/.local/lib/python3.11/site-packages/airflow/example_dags/example_skip_dag.py for tasks to queue
[2024-07-13T00:45:08.262+0000] {logging_mixin.py:188} INFO - [2024-07-13T00:45:08.262+0000] {dagbag.py:545} INFO - Filling up the DagBag from /home/airflow/.local/lib/python3.11/site-packages/airflow/example_dags/example_skip_dag.py
[2024-07-13T00:45:08.274+0000] {processor.py:840} INFO - DAG(s) 'example_skip_dag' retrieved from /home/airflow/.local/lib/python3.11/site-packages/airflow/example_dags/example_skip_dag.py
[2024-07-13T00:45:08.314+0000] {logging_mixin.py:188} INFO - [2024-07-13T00:45:08.313+0000] {dag.py:3096} INFO - Sync 1 DAGs
[2024-07-13T00:45:08.347+0000] {logging_mixin.py:188} INFO - [2024-07-13T00:45:08.347+0000] {dag.py:3954} INFO - Setting next_dagrun for example_skip_dag to 2024-07-12 00:00:00+00:00, run_after=2024-07-13 00:00:00+00:00
[2024-07-13T00:45:08.373+0000] {processor.py:183} INFO - Processing /home/airflow/.local/lib/python3.11/site-packages/airflow/example_dags/example_skip_dag.py took 0.128 seconds
[2024-07-13T00:45:41.134+0000] {processor.py:161} INFO - Started process (PID=256) to work on /home/airflow/.local/lib/python3.11/site-packages/airflow/example_dags/example_skip_dag.py
[2024-07-13T00:45:41.137+0000] {processor.py:830} INFO - Processing file /home/airflow/.local/lib/python3.11/site-packages/airflow/example_dags/example_skip_dag.py for tasks to queue
[2024-07-13T00:45:41.140+0000] {logging_mixin.py:188} INFO - [2024-07-13T00:45:41.140+0000] {dagbag.py:545} INFO - Filling up the DagBag from /home/airflow/.local/lib/python3.11/site-packages/airflow/example_dags/example_skip_dag.py
[2024-07-13T00:45:41.152+0000] {processor.py:840} INFO - DAG(s) 'example_skip_dag' retrieved from /home/airflow/.local/lib/python3.11/site-packages/airflow/example_dags/example_skip_dag.py
[2024-07-13T00:45:41.191+0000] {logging_mixin.py:188} INFO - [2024-07-13T00:45:41.190+0000] {dag.py:3096} INFO - Sync 1 DAGs
[2024-07-13T00:45:41.225+0000] {logging_mixin.py:188} INFO - [2024-07-13T00:45:41.224+0000] {dag.py:3954} INFO - Setting next_dagrun for example_skip_dag to 2024-07-12 00:00:00+00:00, run_after=2024-07-13 00:00:00+00:00
[2024-07-13T00:45:41.253+0000] {processor.py:183} INFO - Processing /home/airflow/.local/lib/python3.11/site-packages/airflow/example_dags/example_skip_dag.py took 0.130 seconds
[2024-07-13T00:46:14.079+0000] {processor.py:161} INFO - Started process (PID=324) to work on /home/airflow/.local/lib/python3.11/site-packages/airflow/example_dags/example_skip_dag.py
[2024-07-13T00:46:14.082+0000] {processor.py:830} INFO - Processing file /home/airflow/.local/lib/python3.11/site-packages/airflow/example_dags/example_skip_dag.py for tasks to queue
[2024-07-13T00:46:14.087+0000] {logging_mixin.py:188} INFO - [2024-07-13T00:46:14.086+0000] {dagbag.py:545} INFO - Filling up the DagBag from /home/airflow/.local/lib/python3.11/site-packages/airflow/example_dags/example_skip_dag.py
[2024-07-13T00:46:14.102+0000] {processor.py:840} INFO - DAG(s) 'example_skip_dag' retrieved from /home/airflow/.local/lib/python3.11/site-packages/airflow/example_dags/example_skip_dag.py
[2024-07-13T00:46:14.142+0000] {logging_mixin.py:188} INFO - [2024-07-13T00:46:14.141+0000] {dag.py:3096} INFO - Sync 1 DAGs
[2024-07-13T00:46:14.178+0000] {logging_mixin.py:188} INFO - [2024-07-13T00:46:14.178+0000] {dag.py:3954} INFO - Setting next_dagrun for example_skip_dag to 2024-07-12 00:00:00+00:00, run_after=2024-07-13 00:00:00+00:00
[2024-07-13T00:46:14.207+0000] {processor.py:183} INFO - Processing /home/airflow/.local/lib/python3.11/site-packages/airflow/example_dags/example_skip_dag.py took 0.142 seconds
[2024-07-13T00:46:47.406+0000] {processor.py:161} INFO - Started process (PID=386) to work on /home/airflow/.local/lib/python3.11/site-packages/airflow/example_dags/example_skip_dag.py
[2024-07-13T00:46:47.409+0000] {processor.py:830} INFO - Processing file /home/airflow/.local/lib/python3.11/site-packages/airflow/example_dags/example_skip_dag.py for tasks to queue
[2024-07-13T00:46:47.412+0000] {logging_mixin.py:188} INFO - [2024-07-13T00:46:47.412+0000] {dagbag.py:545} INFO - Filling up the DagBag from /home/airflow/.local/lib/python3.11/site-packages/airflow/example_dags/example_skip_dag.py
[2024-07-13T00:46:47.428+0000] {processor.py:840} INFO - DAG(s) 'example_skip_dag' retrieved from /home/airflow/.local/lib/python3.11/site-packages/airflow/example_dags/example_skip_dag.py
[2024-07-13T00:46:47.468+0000] {logging_mixin.py:188} INFO - [2024-07-13T00:46:47.467+0000] {dag.py:3096} INFO - Sync 1 DAGs
[2024-07-13T00:46:47.501+0000] {logging_mixin.py:188} INFO - [2024-07-13T00:46:47.501+0000] {dag.py:3954} INFO - Setting next_dagrun for example_skip_dag to 2024-07-12 00:00:00+00:00, run_after=2024-07-13 00:00:00+00:00
[2024-07-13T00:46:47.529+0000] {processor.py:183} INFO - Processing /home/airflow/.local/lib/python3.11/site-packages/airflow/example_dags/example_skip_dag.py took 0.137 seconds
[2024-07-13T00:47:20.965+0000] {processor.py:161} INFO - Started process (PID=447) to work on /home/airflow/.local/lib/python3.11/site-packages/airflow/example_dags/example_skip_dag.py
[2024-07-13T00:47:20.967+0000] {processor.py:830} INFO - Processing file /home/airflow/.local/lib/python3.11/site-packages/airflow/example_dags/example_skip_dag.py for tasks to queue
[2024-07-13T00:47:20.970+0000] {logging_mixin.py:188} INFO - [2024-07-13T00:47:20.970+0000] {dagbag.py:545} INFO - Filling up the DagBag from /home/airflow/.local/lib/python3.11/site-packages/airflow/example_dags/example_skip_dag.py
[2024-07-13T00:47:20.983+0000] {processor.py:840} INFO - DAG(s) 'example_skip_dag' retrieved from /home/airflow/.local/lib/python3.11/site-packages/airflow/example_dags/example_skip_dag.py
[2024-07-13T00:47:21.025+0000] {logging_mixin.py:188} INFO - [2024-07-13T00:47:21.024+0000] {dag.py:3096} INFO - Sync 1 DAGs
[2024-07-13T00:47:21.061+0000] {logging_mixin.py:188} INFO - [2024-07-13T00:47:21.061+0000] {dag.py:3954} INFO - Setting next_dagrun for example_skip_dag to 2024-07-12 00:00:00+00:00, run_after=2024-07-13 00:00:00+00:00
[2024-07-13T00:47:21.088+0000] {processor.py:183} INFO - Processing /home/airflow/.local/lib/python3.11/site-packages/airflow/example_dags/example_skip_dag.py took 0.135 seconds
[2024-07-13T00:47:58.498+0000] {processor.py:161} INFO - Started process (PID=508) to work on /home/airflow/.local/lib/python3.11/site-packages/airflow/example_dags/example_skip_dag.py
[2024-07-13T00:47:58.501+0000] {processor.py:830} INFO - Processing file /home/airflow/.local/lib/python3.11/site-packages/airflow/example_dags/example_skip_dag.py for tasks to queue
[2024-07-13T00:47:58.505+0000] {logging_mixin.py:188} INFO - [2024-07-13T00:47:58.504+0000] {dagbag.py:545} INFO - Filling up the DagBag from /home/airflow/.local/lib/python3.11/site-packages/airflow/example_dags/example_skip_dag.py
[2024-07-13T00:47:58.520+0000] {processor.py:840} INFO - DAG(s) 'example_skip_dag' retrieved from /home/airflow/.local/lib/python3.11/site-packages/airflow/example_dags/example_skip_dag.py
[2024-07-13T00:47:58.563+0000] {logging_mixin.py:188} INFO - [2024-07-13T00:47:58.562+0000] {dag.py:3096} INFO - Sync 1 DAGs
[2024-07-13T00:47:58.614+0000] {logging_mixin.py:188} INFO - [2024-07-13T00:47:58.614+0000] {dag.py:3954} INFO - Setting next_dagrun for example_skip_dag to 2024-07-12 00:00:00+00:00, run_after=2024-07-13 00:00:00+00:00
[2024-07-13T00:47:58.657+0000] {processor.py:183} INFO - Processing /home/airflow/.local/lib/python3.11/site-packages/airflow/example_dags/example_skip_dag.py took 0.176 seconds
[2024-07-13T00:48:32.651+0000] {processor.py:161} INFO - Started process (PID=570) to work on /home/airflow/.local/lib/python3.11/site-packages/airflow/example_dags/example_skip_dag.py
[2024-07-13T00:48:32.654+0000] {processor.py:830} INFO - Processing file /home/airflow/.local/lib/python3.11/site-packages/airflow/example_dags/example_skip_dag.py for tasks to queue
[2024-07-13T00:48:32.657+0000] {logging_mixin.py:188} INFO - [2024-07-13T00:48:32.656+0000] {dagbag.py:545} INFO - Filling up the DagBag from /home/airflow/.local/lib/python3.11/site-packages/airflow/example_dags/example_skip_dag.py
[2024-07-13T00:48:32.669+0000] {processor.py:840} INFO - DAG(s) 'example_skip_dag' retrieved from /home/airflow/.local/lib/python3.11/site-packages/airflow/example_dags/example_skip_dag.py
[2024-07-13T00:48:32.709+0000] {logging_mixin.py:188} INFO - [2024-07-13T00:48:32.708+0000] {dag.py:3096} INFO - Sync 1 DAGs
[2024-07-13T00:48:32.748+0000] {logging_mixin.py:188} INFO - [2024-07-13T00:48:32.747+0000] {dag.py:3954} INFO - Setting next_dagrun for example_skip_dag to 2024-07-12 00:00:00+00:00, run_after=2024-07-13 00:00:00+00:00
[2024-07-13T00:48:32.774+0000] {processor.py:183} INFO - Processing /home/airflow/.local/lib/python3.11/site-packages/airflow/example_dags/example_skip_dag.py took 0.136 seconds
[2024-07-13T00:49:07.328+0000] {processor.py:161} INFO - Started process (PID=634) to work on /home/airflow/.local/lib/python3.11/site-packages/airflow/example_dags/example_skip_dag.py
[2024-07-13T00:49:07.330+0000] {processor.py:830} INFO - Processing file /home/airflow/.local/lib/python3.11/site-packages/airflow/example_dags/example_skip_dag.py for tasks to queue
[2024-07-13T00:49:07.333+0000] {logging_mixin.py:188} INFO - [2024-07-13T00:49:07.333+0000] {dagbag.py:545} INFO - Filling up the DagBag from /home/airflow/.local/lib/python3.11/site-packages/airflow/example_dags/example_skip_dag.py
[2024-07-13T00:49:07.345+0000] {processor.py:840} INFO - DAG(s) 'example_skip_dag' retrieved from /home/airflow/.local/lib/python3.11/site-packages/airflow/example_dags/example_skip_dag.py
[2024-07-13T00:49:07.386+0000] {logging_mixin.py:188} INFO - [2024-07-13T00:49:07.385+0000] {dag.py:3096} INFO - Sync 1 DAGs
[2024-07-13T00:49:07.420+0000] {logging_mixin.py:188} INFO - [2024-07-13T00:49:07.420+0000] {dag.py:3954} INFO - Setting next_dagrun for example_skip_dag to 2024-07-12 00:00:00+00:00, run_after=2024-07-13 00:00:00+00:00
[2024-07-13T00:49:07.448+0000] {processor.py:183} INFO - Processing /home/airflow/.local/lib/python3.11/site-packages/airflow/example_dags/example_skip_dag.py took 0.133 seconds
[2024-07-13T00:49:41.223+0000] {processor.py:161} INFO - Started process (PID=696) to work on /home/airflow/.local/lib/python3.11/site-packages/airflow/example_dags/example_skip_dag.py
[2024-07-13T00:49:41.225+0000] {processor.py:830} INFO - Processing file /home/airflow/.local/lib/python3.11/site-packages/airflow/example_dags/example_skip_dag.py for tasks to queue
[2024-07-13T00:49:41.228+0000] {logging_mixin.py:188} INFO - [2024-07-13T00:49:41.228+0000] {dagbag.py:545} INFO - Filling up the DagBag from /home/airflow/.local/lib/python3.11/site-packages/airflow/example_dags/example_skip_dag.py
[2024-07-13T00:49:41.244+0000] {processor.py:840} INFO - DAG(s) 'example_skip_dag' retrieved from /home/airflow/.local/lib/python3.11/site-packages/airflow/example_dags/example_skip_dag.py
[2024-07-13T00:49:41.281+0000] {logging_mixin.py:188} INFO - [2024-07-13T00:49:41.281+0000] {dag.py:3096} INFO - Sync 1 DAGs
[2024-07-13T00:49:41.318+0000] {logging_mixin.py:188} INFO - [2024-07-13T00:49:41.318+0000] {dag.py:3954} INFO - Setting next_dagrun for example_skip_dag to 2024-07-12 00:00:00+00:00, run_after=2024-07-13 00:00:00+00:00
[2024-07-13T00:49:41.352+0000] {processor.py:183} INFO - Processing /home/airflow/.local/lib/python3.11/site-packages/airflow/example_dags/example_skip_dag.py took 0.140 seconds
[2024-07-13T00:50:15.628+0000] {processor.py:161} INFO - Started process (PID=768) to work on /home/airflow/.local/lib/python3.11/site-packages/airflow/example_dags/example_skip_dag.py
[2024-07-13T00:50:15.630+0000] {processor.py:830} INFO - Processing file /home/airflow/.local/lib/python3.11/site-packages/airflow/example_dags/example_skip_dag.py for tasks to queue
[2024-07-13T00:50:15.633+0000] {logging_mixin.py:188} INFO - [2024-07-13T00:50:15.632+0000] {dagbag.py:545} INFO - Filling up the DagBag from /home/airflow/.local/lib/python3.11/site-packages/airflow/example_dags/example_skip_dag.py
[2024-07-13T00:50:15.645+0000] {processor.py:840} INFO - DAG(s) 'example_skip_dag' retrieved from /home/airflow/.local/lib/python3.11/site-packages/airflow/example_dags/example_skip_dag.py
[2024-07-13T00:50:15.682+0000] {logging_mixin.py:188} INFO - [2024-07-13T00:50:15.681+0000] {dag.py:3096} INFO - Sync 1 DAGs
[2024-07-13T00:50:15.716+0000] {logging_mixin.py:188} INFO - [2024-07-13T00:50:15.716+0000] {dag.py:3954} INFO - Setting next_dagrun for example_skip_dag to 2024-07-12 00:00:00+00:00, run_after=2024-07-13 00:00:00+00:00
[2024-07-13T00:50:15.743+0000] {processor.py:183} INFO - Processing /home/airflow/.local/lib/python3.11/site-packages/airflow/example_dags/example_skip_dag.py took 0.127 seconds
[2024-07-13T00:50:50.801+0000] {processor.py:161} INFO - Started process (PID=830) to work on /home/airflow/.local/lib/python3.11/site-packages/airflow/example_dags/example_skip_dag.py
[2024-07-13T00:50:50.803+0000] {processor.py:830} INFO - Processing file /home/airflow/.local/lib/python3.11/site-packages/airflow/example_dags/example_skip_dag.py for tasks to queue
[2024-07-13T00:50:50.806+0000] {logging_mixin.py:188} INFO - [2024-07-13T00:50:50.805+0000] {dagbag.py:545} INFO - Filling up the DagBag from /home/airflow/.local/lib/python3.11/site-packages/airflow/example_dags/example_skip_dag.py
[2024-07-13T00:50:50.818+0000] {processor.py:840} INFO - DAG(s) 'example_skip_dag' retrieved from /home/airflow/.local/lib/python3.11/site-packages/airflow/example_dags/example_skip_dag.py
[2024-07-13T00:50:50.854+0000] {logging_mixin.py:188} INFO - [2024-07-13T00:50:50.853+0000] {dag.py:3096} INFO - Sync 1 DAGs
[2024-07-13T00:50:51.187+0000] {logging_mixin.py:188} INFO - [2024-07-13T00:50:51.187+0000] {dag.py:3954} INFO - Setting next_dagrun for example_skip_dag to 2024-07-12 00:00:00+00:00, run_after=2024-07-13 00:00:00+00:00
[2024-07-13T00:50:51.216+0000] {processor.py:183} INFO - Processing /home/airflow/.local/lib/python3.11/site-packages/airflow/example_dags/example_skip_dag.py took 0.427 seconds
[2024-07-13T00:51:22.556+0000] {processor.py:161} INFO - Started process (PID=892) to work on /home/airflow/.local/lib/python3.11/site-packages/airflow/example_dags/example_skip_dag.py
[2024-07-13T00:51:22.559+0000] {processor.py:830} INFO - Processing file /home/airflow/.local/lib/python3.11/site-packages/airflow/example_dags/example_skip_dag.py for tasks to queue
[2024-07-13T00:51:22.562+0000] {logging_mixin.py:188} INFO - [2024-07-13T00:51:22.562+0000] {dagbag.py:545} INFO - Filling up the DagBag from /home/airflow/.local/lib/python3.11/site-packages/airflow/example_dags/example_skip_dag.py
[2024-07-13T00:51:22.580+0000] {processor.py:840} INFO - DAG(s) 'example_skip_dag' retrieved from /home/airflow/.local/lib/python3.11/site-packages/airflow/example_dags/example_skip_dag.py
[2024-07-13T00:51:22.631+0000] {logging_mixin.py:188} INFO - [2024-07-13T00:51:22.630+0000] {dag.py:3096} INFO - Sync 1 DAGs
[2024-07-13T00:51:22.677+0000] {logging_mixin.py:188} INFO - [2024-07-13T00:51:22.676+0000] {dag.py:3954} INFO - Setting next_dagrun for example_skip_dag to 2024-07-12 00:00:00+00:00, run_after=2024-07-13 00:00:00+00:00
[2024-07-13T00:51:22.709+0000] {processor.py:183} INFO - Processing /home/airflow/.local/lib/python3.11/site-packages/airflow/example_dags/example_skip_dag.py took 0.169 seconds
[2024-07-13T00:51:55.407+0000] {processor.py:161} INFO - Started process (PID=954) to work on /home/airflow/.local/lib/python3.11/site-packages/airflow/example_dags/example_skip_dag.py
[2024-07-13T00:51:55.409+0000] {processor.py:830} INFO - Processing file /home/airflow/.local/lib/python3.11/site-packages/airflow/example_dags/example_skip_dag.py for tasks to queue
[2024-07-13T00:51:55.412+0000] {logging_mixin.py:188} INFO - [2024-07-13T00:51:55.412+0000] {dagbag.py:545} INFO - Filling up the DagBag from /home/airflow/.local/lib/python3.11/site-packages/airflow/example_dags/example_skip_dag.py
[2024-07-13T00:51:55.424+0000] {processor.py:840} INFO - DAG(s) 'example_skip_dag' retrieved from /home/airflow/.local/lib/python3.11/site-packages/airflow/example_dags/example_skip_dag.py
[2024-07-13T00:51:55.462+0000] {logging_mixin.py:188} INFO - [2024-07-13T00:51:55.461+0000] {dag.py:3096} INFO - Sync 1 DAGs
[2024-07-13T00:51:55.495+0000] {logging_mixin.py:188} INFO - [2024-07-13T00:51:55.495+0000] {dag.py:3954} INFO - Setting next_dagrun for example_skip_dag to 2024-07-12 00:00:00+00:00, run_after=2024-07-13 00:00:00+00:00
[2024-07-13T00:51:55.521+0000] {processor.py:183} INFO - Processing /home/airflow/.local/lib/python3.11/site-packages/airflow/example_dags/example_skip_dag.py took 0.126 seconds
[2024-07-13T00:52:28.566+0000] {processor.py:161} INFO - Started process (PID=1017) to work on /home/airflow/.local/lib/python3.11/site-packages/airflow/example_dags/example_skip_dag.py
[2024-07-13T00:52:28.569+0000] {processor.py:830} INFO - Processing file /home/airflow/.local/lib/python3.11/site-packages/airflow/example_dags/example_skip_dag.py for tasks to queue
[2024-07-13T00:52:28.573+0000] {logging_mixin.py:188} INFO - [2024-07-13T00:52:28.572+0000] {dagbag.py:545} INFO - Filling up the DagBag from /home/airflow/.local/lib/python3.11/site-packages/airflow/example_dags/example_skip_dag.py
[2024-07-13T00:52:28.588+0000] {processor.py:840} INFO - DAG(s) 'example_skip_dag' retrieved from /home/airflow/.local/lib/python3.11/site-packages/airflow/example_dags/example_skip_dag.py
[2024-07-13T00:52:28.636+0000] {logging_mixin.py:188} INFO - [2024-07-13T00:52:28.635+0000] {dag.py:3096} INFO - Sync 1 DAGs
[2024-07-13T00:52:28.677+0000] {logging_mixin.py:188} INFO - [2024-07-13T00:52:28.677+0000] {dag.py:3954} INFO - Setting next_dagrun for example_skip_dag to 2024-07-12 00:00:00+00:00, run_after=2024-07-13 00:00:00+00:00
[2024-07-13T00:52:28.709+0000] {processor.py:183} INFO - Processing /home/airflow/.local/lib/python3.11/site-packages/airflow/example_dags/example_skip_dag.py took 0.158 seconds
[2024-07-13T00:53:01.120+0000] {processor.py:161} INFO - Started process (PID=1080) to work on /home/airflow/.local/lib/python3.11/site-packages/airflow/example_dags/example_skip_dag.py
[2024-07-13T00:53:01.122+0000] {processor.py:830} INFO - Processing file /home/airflow/.local/lib/python3.11/site-packages/airflow/example_dags/example_skip_dag.py for tasks to queue
[2024-07-13T00:53:01.126+0000] {logging_mixin.py:188} INFO - [2024-07-13T00:53:01.125+0000] {dagbag.py:545} INFO - Filling up the DagBag from /home/airflow/.local/lib/python3.11/site-packages/airflow/example_dags/example_skip_dag.py
[2024-07-13T00:53:01.140+0000] {processor.py:840} INFO - DAG(s) 'example_skip_dag' retrieved from /home/airflow/.local/lib/python3.11/site-packages/airflow/example_dags/example_skip_dag.py
[2024-07-13T00:53:01.189+0000] {logging_mixin.py:188} INFO - [2024-07-13T00:53:01.188+0000] {dag.py:3096} INFO - Sync 1 DAGs
[2024-07-13T00:53:01.226+0000] {logging_mixin.py:188} INFO - [2024-07-13T00:53:01.225+0000] {dag.py:3954} INFO - Setting next_dagrun for example_skip_dag to 2024-07-12 00:00:00+00:00, run_after=2024-07-13 00:00:00+00:00
[2024-07-13T00:53:01.256+0000] {processor.py:183} INFO - Processing /home/airflow/.local/lib/python3.11/site-packages/airflow/example_dags/example_skip_dag.py took 0.150 seconds
[2024-07-13T00:53:34.193+0000] {processor.py:161} INFO - Started process (PID=1142) to work on /home/airflow/.local/lib/python3.11/site-packages/airflow/example_dags/example_skip_dag.py
[2024-07-13T00:53:34.195+0000] {processor.py:830} INFO - Processing file /home/airflow/.local/lib/python3.11/site-packages/airflow/example_dags/example_skip_dag.py for tasks to queue
[2024-07-13T00:53:34.199+0000] {logging_mixin.py:188} INFO - [2024-07-13T00:53:34.198+0000] {dagbag.py:545} INFO - Filling up the DagBag from /home/airflow/.local/lib/python3.11/site-packages/airflow/example_dags/example_skip_dag.py
[2024-07-13T00:53:34.215+0000] {processor.py:840} INFO - DAG(s) 'example_skip_dag' retrieved from /home/airflow/.local/lib/python3.11/site-packages/airflow/example_dags/example_skip_dag.py
[2024-07-13T00:53:34.256+0000] {logging_mixin.py:188} INFO - [2024-07-13T00:53:34.255+0000] {dag.py:3096} INFO - Sync 1 DAGs
[2024-07-13T00:53:34.291+0000] {logging_mixin.py:188} INFO - [2024-07-13T00:53:34.291+0000] {dag.py:3954} INFO - Setting next_dagrun for example_skip_dag to 2024-07-12 00:00:00+00:00, run_after=2024-07-13 00:00:00+00:00
[2024-07-13T00:53:34.320+0000] {processor.py:183} INFO - Processing /home/airflow/.local/lib/python3.11/site-packages/airflow/example_dags/example_skip_dag.py took 0.140 seconds
[2024-07-13T00:54:06.589+0000] {processor.py:161} INFO - Started process (PID=1204) to work on /home/airflow/.local/lib/python3.11/site-packages/airflow/example_dags/example_skip_dag.py
[2024-07-13T00:54:06.591+0000] {processor.py:830} INFO - Processing file /home/airflow/.local/lib/python3.11/site-packages/airflow/example_dags/example_skip_dag.py for tasks to queue
[2024-07-13T00:54:06.595+0000] {logging_mixin.py:188} INFO - [2024-07-13T00:54:06.594+0000] {dagbag.py:545} INFO - Filling up the DagBag from /home/airflow/.local/lib/python3.11/site-packages/airflow/example_dags/example_skip_dag.py
[2024-07-13T00:54:06.609+0000] {processor.py:840} INFO - DAG(s) 'example_skip_dag' retrieved from /home/airflow/.local/lib/python3.11/site-packages/airflow/example_dags/example_skip_dag.py
[2024-07-13T00:54:06.650+0000] {logging_mixin.py:188} INFO - [2024-07-13T00:54:06.650+0000] {dag.py:3096} INFO - Sync 1 DAGs
[2024-07-13T00:54:06.683+0000] {logging_mixin.py:188} INFO - [2024-07-13T00:54:06.683+0000] {dag.py:3954} INFO - Setting next_dagrun for example_skip_dag to 2024-07-12 00:00:00+00:00, run_after=2024-07-13 00:00:00+00:00
[2024-07-13T00:54:06.713+0000] {processor.py:183} INFO - Processing /home/airflow/.local/lib/python3.11/site-packages/airflow/example_dags/example_skip_dag.py took 0.137 seconds
[2024-07-13T00:54:40.184+0000] {processor.py:161} INFO - Started process (PID=1266) to work on /home/airflow/.local/lib/python3.11/site-packages/airflow/example_dags/example_skip_dag.py
[2024-07-13T00:54:40.185+0000] {processor.py:830} INFO - Processing file /home/airflow/.local/lib/python3.11/site-packages/airflow/example_dags/example_skip_dag.py for tasks to queue
[2024-07-13T00:54:40.188+0000] {logging_mixin.py:188} INFO - [2024-07-13T00:54:40.187+0000] {dagbag.py:545} INFO - Filling up the DagBag from /home/airflow/.local/lib/python3.11/site-packages/airflow/example_dags/example_skip_dag.py
[2024-07-13T00:54:40.201+0000] {processor.py:840} INFO - DAG(s) 'example_skip_dag' retrieved from /home/airflow/.local/lib/python3.11/site-packages/airflow/example_dags/example_skip_dag.py
[2024-07-13T00:54:40.242+0000] {logging_mixin.py:188} INFO - [2024-07-13T00:54:40.241+0000] {dag.py:3096} INFO - Sync 1 DAGs
[2024-07-13T00:54:40.282+0000] {logging_mixin.py:188} INFO - [2024-07-13T00:54:40.281+0000] {dag.py:3954} INFO - Setting next_dagrun for example_skip_dag to 2024-07-12 00:00:00+00:00, run_after=2024-07-13 00:00:00+00:00
[2024-07-13T00:54:40.309+0000] {processor.py:183} INFO - Processing /home/airflow/.local/lib/python3.11/site-packages/airflow/example_dags/example_skip_dag.py took 0.137 seconds
[2024-07-13T00:55:12.935+0000] {processor.py:161} INFO - Started process (PID=1328) to work on /home/airflow/.local/lib/python3.11/site-packages/airflow/example_dags/example_skip_dag.py
[2024-07-13T00:55:12.937+0000] {processor.py:830} INFO - Processing file /home/airflow/.local/lib/python3.11/site-packages/airflow/example_dags/example_skip_dag.py for tasks to queue
[2024-07-13T00:55:12.941+0000] {logging_mixin.py:188} INFO - [2024-07-13T00:55:12.940+0000] {dagbag.py:545} INFO - Filling up the DagBag from /home/airflow/.local/lib/python3.11/site-packages/airflow/example_dags/example_skip_dag.py
[2024-07-13T00:55:12.955+0000] {processor.py:840} INFO - DAG(s) 'example_skip_dag' retrieved from /home/airflow/.local/lib/python3.11/site-packages/airflow/example_dags/example_skip_dag.py
[2024-07-13T00:55:13.009+0000] {logging_mixin.py:188} INFO - [2024-07-13T00:55:13.008+0000] {dag.py:3096} INFO - Sync 1 DAGs
[2024-07-13T00:55:13.051+0000] {logging_mixin.py:188} INFO - [2024-07-13T00:55:13.051+0000] {dag.py:3954} INFO - Setting next_dagrun for example_skip_dag to 2024-07-12 00:00:00+00:00, run_after=2024-07-13 00:00:00+00:00
[2024-07-13T00:55:13.084+0000] {processor.py:183} INFO - Processing /home/airflow/.local/lib/python3.11/site-packages/airflow/example_dags/example_skip_dag.py took 0.162 seconds
[2024-07-13T00:59:03.272+0000] {processor.py:161} INFO - Started process (PID=73) to work on /home/airflow/.local/lib/python3.11/site-packages/airflow/example_dags/example_skip_dag.py
[2024-07-13T00:59:03.275+0000] {processor.py:830} INFO - Processing file /home/airflow/.local/lib/python3.11/site-packages/airflow/example_dags/example_skip_dag.py for tasks to queue
[2024-07-13T00:59:03.278+0000] {logging_mixin.py:188} INFO - [2024-07-13T00:59:03.277+0000] {dagbag.py:545} INFO - Filling up the DagBag from /home/airflow/.local/lib/python3.11/site-packages/airflow/example_dags/example_skip_dag.py
[2024-07-13T00:59:03.291+0000] {processor.py:840} INFO - DAG(s) 'example_skip_dag' retrieved from /home/airflow/.local/lib/python3.11/site-packages/airflow/example_dags/example_skip_dag.py
[2024-07-13T00:59:03.494+0000] {logging_mixin.py:188} INFO - [2024-07-13T00:59:03.493+0000] {dag.py:3096} INFO - Sync 1 DAGs
[2024-07-13T00:59:03.531+0000] {logging_mixin.py:188} INFO - [2024-07-13T00:59:03.530+0000] {dag.py:3954} INFO - Setting next_dagrun for example_skip_dag to 2024-07-12 00:00:00+00:00, run_after=2024-07-13 00:00:00+00:00
[2024-07-13T00:59:03.560+0000] {processor.py:183} INFO - Processing /home/airflow/.local/lib/python3.11/site-packages/airflow/example_dags/example_skip_dag.py took 0.299 seconds
[2024-07-13T00:59:33.802+0000] {processor.py:161} INFO - Started process (PID=135) to work on /home/airflow/.local/lib/python3.11/site-packages/airflow/example_dags/example_skip_dag.py
[2024-07-13T00:59:33.809+0000] {processor.py:830} INFO - Processing file /home/airflow/.local/lib/python3.11/site-packages/airflow/example_dags/example_skip_dag.py for tasks to queue
[2024-07-13T00:59:33.813+0000] {logging_mixin.py:188} INFO - [2024-07-13T00:59:33.812+0000] {dagbag.py:545} INFO - Filling up the DagBag from /home/airflow/.local/lib/python3.11/site-packages/airflow/example_dags/example_skip_dag.py
[2024-07-13T00:59:33.826+0000] {processor.py:840} INFO - DAG(s) 'example_skip_dag' retrieved from /home/airflow/.local/lib/python3.11/site-packages/airflow/example_dags/example_skip_dag.py
[2024-07-13T00:59:33.878+0000] {logging_mixin.py:188} INFO - [2024-07-13T00:59:33.877+0000] {dag.py:3096} INFO - Sync 1 DAGs
[2024-07-13T00:59:33.929+0000] {logging_mixin.py:188} INFO - [2024-07-13T00:59:33.928+0000] {dag.py:3954} INFO - Setting next_dagrun for example_skip_dag to 2024-07-12 00:00:00+00:00, run_after=2024-07-13 00:00:00+00:00
[2024-07-13T00:59:33.966+0000] {processor.py:183} INFO - Processing /home/airflow/.local/lib/python3.11/site-packages/airflow/example_dags/example_skip_dag.py took 0.180 seconds
[2024-07-13T01:00:05.667+0000] {processor.py:161} INFO - Started process (PID=196) to work on /home/airflow/.local/lib/python3.11/site-packages/airflow/example_dags/example_skip_dag.py
[2024-07-13T01:00:05.670+0000] {processor.py:830} INFO - Processing file /home/airflow/.local/lib/python3.11/site-packages/airflow/example_dags/example_skip_dag.py for tasks to queue
[2024-07-13T01:00:05.674+0000] {logging_mixin.py:188} INFO - [2024-07-13T01:00:05.673+0000] {dagbag.py:545} INFO - Filling up the DagBag from /home/airflow/.local/lib/python3.11/site-packages/airflow/example_dags/example_skip_dag.py
[2024-07-13T01:00:05.686+0000] {processor.py:840} INFO - DAG(s) 'example_skip_dag' retrieved from /home/airflow/.local/lib/python3.11/site-packages/airflow/example_dags/example_skip_dag.py
[2024-07-13T01:00:05.735+0000] {logging_mixin.py:188} INFO - [2024-07-13T01:00:05.734+0000] {dag.py:3096} INFO - Sync 1 DAGs
[2024-07-13T01:00:05.772+0000] {logging_mixin.py:188} INFO - [2024-07-13T01:00:05.772+0000] {dag.py:3954} INFO - Setting next_dagrun for example_skip_dag to 2024-07-12 00:00:00+00:00, run_after=2024-07-13 00:00:00+00:00
[2024-07-13T01:00:05.799+0000] {processor.py:183} INFO - Processing /home/airflow/.local/lib/python3.11/site-packages/airflow/example_dags/example_skip_dag.py took 0.147 seconds
[2024-07-13T01:00:38.416+0000] {processor.py:161} INFO - Started process (PID=264) to work on /home/airflow/.local/lib/python3.11/site-packages/airflow/example_dags/example_skip_dag.py
[2024-07-13T01:00:38.419+0000] {processor.py:830} INFO - Processing file /home/airflow/.local/lib/python3.11/site-packages/airflow/example_dags/example_skip_dag.py for tasks to queue
[2024-07-13T01:00:38.422+0000] {logging_mixin.py:188} INFO - [2024-07-13T01:00:38.421+0000] {dagbag.py:545} INFO - Filling up the DagBag from /home/airflow/.local/lib/python3.11/site-packages/airflow/example_dags/example_skip_dag.py
[2024-07-13T01:00:38.436+0000] {processor.py:840} INFO - DAG(s) 'example_skip_dag' retrieved from /home/airflow/.local/lib/python3.11/site-packages/airflow/example_dags/example_skip_dag.py
[2024-07-13T01:00:38.484+0000] {logging_mixin.py:188} INFO - [2024-07-13T01:00:38.483+0000] {dag.py:3096} INFO - Sync 1 DAGs
[2024-07-13T01:00:38.524+0000] {logging_mixin.py:188} INFO - [2024-07-13T01:00:38.523+0000] {dag.py:3954} INFO - Setting next_dagrun for example_skip_dag to 2024-07-12 00:00:00+00:00, run_after=2024-07-13 00:00:00+00:00
[2024-07-13T01:00:38.573+0000] {processor.py:183} INFO - Processing /home/airflow/.local/lib/python3.11/site-packages/airflow/example_dags/example_skip_dag.py took 0.168 seconds
[2024-07-13T01:01:11.762+0000] {processor.py:161} INFO - Started process (PID=326) to work on /home/airflow/.local/lib/python3.11/site-packages/airflow/example_dags/example_skip_dag.py
[2024-07-13T01:01:11.765+0000] {processor.py:830} INFO - Processing file /home/airflow/.local/lib/python3.11/site-packages/airflow/example_dags/example_skip_dag.py for tasks to queue
[2024-07-13T01:01:11.768+0000] {logging_mixin.py:188} INFO - [2024-07-13T01:01:11.768+0000] {dagbag.py:545} INFO - Filling up the DagBag from /home/airflow/.local/lib/python3.11/site-packages/airflow/example_dags/example_skip_dag.py
[2024-07-13T01:01:11.782+0000] {processor.py:840} INFO - DAG(s) 'example_skip_dag' retrieved from /home/airflow/.local/lib/python3.11/site-packages/airflow/example_dags/example_skip_dag.py
[2024-07-13T01:01:11.837+0000] {logging_mixin.py:188} INFO - [2024-07-13T01:01:11.836+0000] {dag.py:3096} INFO - Sync 1 DAGs
[2024-07-13T01:01:11.887+0000] {logging_mixin.py:188} INFO - [2024-07-13T01:01:11.887+0000] {dag.py:3954} INFO - Setting next_dagrun for example_skip_dag to 2024-07-12 00:00:00+00:00, run_after=2024-07-13 00:00:00+00:00
[2024-07-13T01:01:11.921+0000] {processor.py:183} INFO - Processing /home/airflow/.local/lib/python3.11/site-packages/airflow/example_dags/example_skip_dag.py took 0.173 seconds
[2024-07-13T01:01:45.038+0000] {processor.py:161} INFO - Started process (PID=388) to work on /home/airflow/.local/lib/python3.11/site-packages/airflow/example_dags/example_skip_dag.py
[2024-07-13T01:01:45.039+0000] {processor.py:830} INFO - Processing file /home/airflow/.local/lib/python3.11/site-packages/airflow/example_dags/example_skip_dag.py for tasks to queue
[2024-07-13T01:01:45.042+0000] {logging_mixin.py:188} INFO - [2024-07-13T01:01:45.042+0000] {dagbag.py:545} INFO - Filling up the DagBag from /home/airflow/.local/lib/python3.11/site-packages/airflow/example_dags/example_skip_dag.py
[2024-07-13T01:01:45.056+0000] {processor.py:840} INFO - DAG(s) 'example_skip_dag' retrieved from /home/airflow/.local/lib/python3.11/site-packages/airflow/example_dags/example_skip_dag.py
[2024-07-13T01:01:45.106+0000] {logging_mixin.py:188} INFO - [2024-07-13T01:01:45.105+0000] {dag.py:3096} INFO - Sync 1 DAGs
[2024-07-13T01:01:45.151+0000] {logging_mixin.py:188} INFO - [2024-07-13T01:01:45.151+0000] {dag.py:3954} INFO - Setting next_dagrun for example_skip_dag to 2024-07-12 00:00:00+00:00, run_after=2024-07-13 00:00:00+00:00
[2024-07-13T01:01:45.192+0000] {processor.py:183} INFO - Processing /home/airflow/.local/lib/python3.11/site-packages/airflow/example_dags/example_skip_dag.py took 0.166 seconds
[2024-07-13T01:02:19.527+0000] {processor.py:161} INFO - Started process (PID=449) to work on /home/airflow/.local/lib/python3.11/site-packages/airflow/example_dags/example_skip_dag.py
[2024-07-13T01:02:19.530+0000] {processor.py:830} INFO - Processing file /home/airflow/.local/lib/python3.11/site-packages/airflow/example_dags/example_skip_dag.py for tasks to queue
[2024-07-13T01:02:19.534+0000] {logging_mixin.py:188} INFO - [2024-07-13T01:02:19.533+0000] {dagbag.py:545} INFO - Filling up the DagBag from /home/airflow/.local/lib/python3.11/site-packages/airflow/example_dags/example_skip_dag.py
[2024-07-13T01:02:19.551+0000] {processor.py:840} INFO - DAG(s) 'example_skip_dag' retrieved from /home/airflow/.local/lib/python3.11/site-packages/airflow/example_dags/example_skip_dag.py
[2024-07-13T01:02:19.603+0000] {logging_mixin.py:188} INFO - [2024-07-13T01:02:19.602+0000] {dag.py:3096} INFO - Sync 1 DAGs
[2024-07-13T01:02:19.649+0000] {logging_mixin.py:188} INFO - [2024-07-13T01:02:19.648+0000] {dag.py:3954} INFO - Setting next_dagrun for example_skip_dag to 2024-07-12 00:00:00+00:00, run_after=2024-07-13 00:00:00+00:00
[2024-07-13T01:02:19.687+0000] {processor.py:183} INFO - Processing /home/airflow/.local/lib/python3.11/site-packages/airflow/example_dags/example_skip_dag.py took 0.175 seconds
[2024-07-13T01:02:52.913+0000] {processor.py:161} INFO - Started process (PID=511) to work on /home/airflow/.local/lib/python3.11/site-packages/airflow/example_dags/example_skip_dag.py
[2024-07-13T01:02:52.915+0000] {processor.py:830} INFO - Processing file /home/airflow/.local/lib/python3.11/site-packages/airflow/example_dags/example_skip_dag.py for tasks to queue
[2024-07-13T01:02:52.918+0000] {logging_mixin.py:188} INFO - [2024-07-13T01:02:52.918+0000] {dagbag.py:545} INFO - Filling up the DagBag from /home/airflow/.local/lib/python3.11/site-packages/airflow/example_dags/example_skip_dag.py
[2024-07-13T01:02:52.930+0000] {processor.py:840} INFO - DAG(s) 'example_skip_dag' retrieved from /home/airflow/.local/lib/python3.11/site-packages/airflow/example_dags/example_skip_dag.py
[2024-07-13T01:02:52.975+0000] {logging_mixin.py:188} INFO - [2024-07-13T01:02:52.974+0000] {dag.py:3096} INFO - Sync 1 DAGs
[2024-07-13T01:02:53.009+0000] {logging_mixin.py:188} INFO - [2024-07-13T01:02:53.008+0000] {dag.py:3954} INFO - Setting next_dagrun for example_skip_dag to 2024-07-12 00:00:00+00:00, run_after=2024-07-13 00:00:00+00:00
[2024-07-13T01:02:53.035+0000] {processor.py:183} INFO - Processing /home/airflow/.local/lib/python3.11/site-packages/airflow/example_dags/example_skip_dag.py took 0.134 seconds
[2024-07-13T01:03:28.076+0000] {processor.py:161} INFO - Started process (PID=573) to work on /home/airflow/.local/lib/python3.11/site-packages/airflow/example_dags/example_skip_dag.py
[2024-07-13T01:03:28.079+0000] {processor.py:830} INFO - Processing file /home/airflow/.local/lib/python3.11/site-packages/airflow/example_dags/example_skip_dag.py for tasks to queue
[2024-07-13T01:03:28.082+0000] {logging_mixin.py:188} INFO - [2024-07-13T01:03:28.082+0000] {dagbag.py:545} INFO - Filling up the DagBag from /home/airflow/.local/lib/python3.11/site-packages/airflow/example_dags/example_skip_dag.py
[2024-07-13T01:03:28.095+0000] {processor.py:840} INFO - DAG(s) 'example_skip_dag' retrieved from /home/airflow/.local/lib/python3.11/site-packages/airflow/example_dags/example_skip_dag.py
[2024-07-13T01:03:28.139+0000] {logging_mixin.py:188} INFO - [2024-07-13T01:03:28.138+0000] {dag.py:3096} INFO - Sync 1 DAGs
[2024-07-13T01:03:28.182+0000] {logging_mixin.py:188} INFO - [2024-07-13T01:03:28.182+0000] {dag.py:3954} INFO - Setting next_dagrun for example_skip_dag to 2024-07-12 00:00:00+00:00, run_after=2024-07-13 00:00:00+00:00
[2024-07-13T01:03:28.212+0000] {processor.py:183} INFO - Processing /home/airflow/.local/lib/python3.11/site-packages/airflow/example_dags/example_skip_dag.py took 0.149 seconds
[2024-07-13T01:04:02.288+0000] {processor.py:161} INFO - Started process (PID=636) to work on /home/airflow/.local/lib/python3.11/site-packages/airflow/example_dags/example_skip_dag.py
[2024-07-13T01:04:02.290+0000] {processor.py:830} INFO - Processing file /home/airflow/.local/lib/python3.11/site-packages/airflow/example_dags/example_skip_dag.py for tasks to queue
[2024-07-13T01:04:02.295+0000] {logging_mixin.py:188} INFO - [2024-07-13T01:04:02.294+0000] {dagbag.py:545} INFO - Filling up the DagBag from /home/airflow/.local/lib/python3.11/site-packages/airflow/example_dags/example_skip_dag.py
[2024-07-13T01:04:02.310+0000] {processor.py:840} INFO - DAG(s) 'example_skip_dag' retrieved from /home/airflow/.local/lib/python3.11/site-packages/airflow/example_dags/example_skip_dag.py
[2024-07-13T01:04:02.358+0000] {logging_mixin.py:188} INFO - [2024-07-13T01:04:02.357+0000] {dag.py:3096} INFO - Sync 1 DAGs
[2024-07-13T01:04:02.393+0000] {logging_mixin.py:188} INFO - [2024-07-13T01:04:02.393+0000] {dag.py:3954} INFO - Setting next_dagrun for example_skip_dag to 2024-07-12 00:00:00+00:00, run_after=2024-07-13 00:00:00+00:00
[2024-07-13T01:04:02.419+0000] {processor.py:183} INFO - Processing /home/airflow/.local/lib/python3.11/site-packages/airflow/example_dags/example_skip_dag.py took 0.146 seconds
[2024-07-13T01:04:36.249+0000] {processor.py:161} INFO - Started process (PID=704) to work on /home/airflow/.local/lib/python3.11/site-packages/airflow/example_dags/example_skip_dag.py
[2024-07-13T01:04:36.250+0000] {processor.py:830} INFO - Processing file /home/airflow/.local/lib/python3.11/site-packages/airflow/example_dags/example_skip_dag.py for tasks to queue
[2024-07-13T01:04:36.254+0000] {logging_mixin.py:188} INFO - [2024-07-13T01:04:36.254+0000] {dagbag.py:545} INFO - Filling up the DagBag from /home/airflow/.local/lib/python3.11/site-packages/airflow/example_dags/example_skip_dag.py
[2024-07-13T01:04:36.268+0000] {processor.py:840} INFO - DAG(s) 'example_skip_dag' retrieved from /home/airflow/.local/lib/python3.11/site-packages/airflow/example_dags/example_skip_dag.py
[2024-07-13T01:04:36.319+0000] {logging_mixin.py:188} INFO - [2024-07-13T01:04:36.318+0000] {dag.py:3096} INFO - Sync 1 DAGs
[2024-07-13T01:04:36.362+0000] {logging_mixin.py:188} INFO - [2024-07-13T01:04:36.362+0000] {dag.py:3954} INFO - Setting next_dagrun for example_skip_dag to 2024-07-12 00:00:00+00:00, run_after=2024-07-13 00:00:00+00:00
[2024-07-13T01:04:36.398+0000] {processor.py:183} INFO - Processing /home/airflow/.local/lib/python3.11/site-packages/airflow/example_dags/example_skip_dag.py took 0.162 seconds
[2024-07-13T01:05:09.476+0000] {processor.py:161} INFO - Started process (PID=771) to work on /home/airflow/.local/lib/python3.11/site-packages/airflow/example_dags/example_skip_dag.py
[2024-07-13T01:05:09.479+0000] {processor.py:830} INFO - Processing file /home/airflow/.local/lib/python3.11/site-packages/airflow/example_dags/example_skip_dag.py for tasks to queue
[2024-07-13T01:05:09.483+0000] {logging_mixin.py:188} INFO - [2024-07-13T01:05:09.482+0000] {dagbag.py:545} INFO - Filling up the DagBag from /home/airflow/.local/lib/python3.11/site-packages/airflow/example_dags/example_skip_dag.py
[2024-07-13T01:05:09.498+0000] {processor.py:840} INFO - DAG(s) 'example_skip_dag' retrieved from /home/airflow/.local/lib/python3.11/site-packages/airflow/example_dags/example_skip_dag.py
[2024-07-13T01:05:09.553+0000] {logging_mixin.py:188} INFO - [2024-07-13T01:05:09.551+0000] {dag.py:3096} INFO - Sync 1 DAGs
[2024-07-13T01:05:09.614+0000] {logging_mixin.py:188} INFO - [2024-07-13T01:05:09.614+0000] {dag.py:3954} INFO - Setting next_dagrun for example_skip_dag to 2024-07-12 00:00:00+00:00, run_after=2024-07-13 00:00:00+00:00
[2024-07-13T01:05:09.653+0000] {processor.py:183} INFO - Processing /home/airflow/.local/lib/python3.11/site-packages/airflow/example_dags/example_skip_dag.py took 0.192 seconds
[2024-07-13T01:05:47.631+0000] {processor.py:161} INFO - Started process (PID=833) to work on /home/airflow/.local/lib/python3.11/site-packages/airflow/example_dags/example_skip_dag.py
[2024-07-13T01:05:47.633+0000] {processor.py:830} INFO - Processing file /home/airflow/.local/lib/python3.11/site-packages/airflow/example_dags/example_skip_dag.py for tasks to queue
[2024-07-13T01:05:47.637+0000] {logging_mixin.py:188} INFO - [2024-07-13T01:05:47.636+0000] {dagbag.py:545} INFO - Filling up the DagBag from /home/airflow/.local/lib/python3.11/site-packages/airflow/example_dags/example_skip_dag.py
[2024-07-13T01:05:47.651+0000] {processor.py:840} INFO - DAG(s) 'example_skip_dag' retrieved from /home/airflow/.local/lib/python3.11/site-packages/airflow/example_dags/example_skip_dag.py
[2024-07-13T01:05:47.700+0000] {logging_mixin.py:188} INFO - [2024-07-13T01:05:47.699+0000] {dag.py:3096} INFO - Sync 1 DAGs
[2024-07-13T01:05:47.750+0000] {logging_mixin.py:188} INFO - [2024-07-13T01:05:47.750+0000] {dag.py:3954} INFO - Setting next_dagrun for example_skip_dag to 2024-07-12 00:00:00+00:00, run_after=2024-07-13 00:00:00+00:00
[2024-07-13T01:05:47.782+0000] {processor.py:183} INFO - Processing /home/airflow/.local/lib/python3.11/site-packages/airflow/example_dags/example_skip_dag.py took 0.163 seconds
[2024-07-13T01:06:18.923+0000] {processor.py:161} INFO - Started process (PID=895) to work on /home/airflow/.local/lib/python3.11/site-packages/airflow/example_dags/example_skip_dag.py
[2024-07-13T01:06:18.926+0000] {processor.py:830} INFO - Processing file /home/airflow/.local/lib/python3.11/site-packages/airflow/example_dags/example_skip_dag.py for tasks to queue
[2024-07-13T01:06:18.931+0000] {logging_mixin.py:188} INFO - [2024-07-13T01:06:18.930+0000] {dagbag.py:545} INFO - Filling up the DagBag from /home/airflow/.local/lib/python3.11/site-packages/airflow/example_dags/example_skip_dag.py
[2024-07-13T01:06:18.949+0000] {processor.py:840} INFO - DAG(s) 'example_skip_dag' retrieved from /home/airflow/.local/lib/python3.11/site-packages/airflow/example_dags/example_skip_dag.py
[2024-07-13T01:06:18.998+0000] {logging_mixin.py:188} INFO - [2024-07-13T01:06:18.997+0000] {dag.py:3096} INFO - Sync 1 DAGs
[2024-07-13T01:06:19.042+0000] {logging_mixin.py:188} INFO - [2024-07-13T01:06:19.042+0000] {dag.py:3954} INFO - Setting next_dagrun for example_skip_dag to 2024-07-12 00:00:00+00:00, run_after=2024-07-13 00:00:00+00:00
[2024-07-13T01:06:19.075+0000] {processor.py:183} INFO - Processing /home/airflow/.local/lib/python3.11/site-packages/airflow/example_dags/example_skip_dag.py took 0.168 seconds
[2024-07-13T01:06:49.271+0000] {processor.py:161} INFO - Started process (PID=957) to work on /home/airflow/.local/lib/python3.11/site-packages/airflow/example_dags/example_skip_dag.py
[2024-07-13T01:06:49.273+0000] {processor.py:830} INFO - Processing file /home/airflow/.local/lib/python3.11/site-packages/airflow/example_dags/example_skip_dag.py for tasks to queue
[2024-07-13T01:06:49.277+0000] {logging_mixin.py:188} INFO - [2024-07-13T01:06:49.276+0000] {dagbag.py:545} INFO - Filling up the DagBag from /home/airflow/.local/lib/python3.11/site-packages/airflow/example_dags/example_skip_dag.py
[2024-07-13T01:06:49.292+0000] {processor.py:840} INFO - DAG(s) 'example_skip_dag' retrieved from /home/airflow/.local/lib/python3.11/site-packages/airflow/example_dags/example_skip_dag.py
[2024-07-13T01:06:49.341+0000] {logging_mixin.py:188} INFO - [2024-07-13T01:06:49.340+0000] {dag.py:3096} INFO - Sync 1 DAGs
[2024-07-13T01:06:49.386+0000] {logging_mixin.py:188} INFO - [2024-07-13T01:06:49.386+0000] {dag.py:3954} INFO - Setting next_dagrun for example_skip_dag to 2024-07-12 00:00:00+00:00, run_after=2024-07-13 00:00:00+00:00
[2024-07-13T01:06:49.418+0000] {processor.py:183} INFO - Processing /home/airflow/.local/lib/python3.11/site-packages/airflow/example_dags/example_skip_dag.py took 0.164 seconds
[2024-07-13T01:07:21.899+0000] {processor.py:161} INFO - Started process (PID=1019) to work on /home/airflow/.local/lib/python3.11/site-packages/airflow/example_dags/example_skip_dag.py
[2024-07-13T01:07:21.902+0000] {processor.py:830} INFO - Processing file /home/airflow/.local/lib/python3.11/site-packages/airflow/example_dags/example_skip_dag.py for tasks to queue
[2024-07-13T01:07:21.906+0000] {logging_mixin.py:188} INFO - [2024-07-13T01:07:21.905+0000] {dagbag.py:545} INFO - Filling up the DagBag from /home/airflow/.local/lib/python3.11/site-packages/airflow/example_dags/example_skip_dag.py
[2024-07-13T01:07:21.918+0000] {processor.py:840} INFO - DAG(s) 'example_skip_dag' retrieved from /home/airflow/.local/lib/python3.11/site-packages/airflow/example_dags/example_skip_dag.py
[2024-07-13T01:07:21.964+0000] {logging_mixin.py:188} INFO - [2024-07-13T01:07:21.963+0000] {dag.py:3096} INFO - Sync 1 DAGs
[2024-07-13T01:07:22.011+0000] {logging_mixin.py:188} INFO - [2024-07-13T01:07:22.010+0000] {dag.py:3954} INFO - Setting next_dagrun for example_skip_dag to 2024-07-12 00:00:00+00:00, run_after=2024-07-13 00:00:00+00:00
[2024-07-13T01:07:22.043+0000] {processor.py:183} INFO - Processing /home/airflow/.local/lib/python3.11/site-packages/airflow/example_dags/example_skip_dag.py took 0.160 seconds
[2024-07-13T01:07:55.891+0000] {processor.py:161} INFO - Started process (PID=1081) to work on /home/airflow/.local/lib/python3.11/site-packages/airflow/example_dags/example_skip_dag.py
[2024-07-13T01:07:55.893+0000] {processor.py:830} INFO - Processing file /home/airflow/.local/lib/python3.11/site-packages/airflow/example_dags/example_skip_dag.py for tasks to queue
[2024-07-13T01:07:55.896+0000] {logging_mixin.py:188} INFO - [2024-07-13T01:07:55.895+0000] {dagbag.py:545} INFO - Filling up the DagBag from /home/airflow/.local/lib/python3.11/site-packages/airflow/example_dags/example_skip_dag.py
[2024-07-13T01:07:55.909+0000] {processor.py:840} INFO - DAG(s) 'example_skip_dag' retrieved from /home/airflow/.local/lib/python3.11/site-packages/airflow/example_dags/example_skip_dag.py
[2024-07-13T01:07:55.958+0000] {logging_mixin.py:188} INFO - [2024-07-13T01:07:55.957+0000] {dag.py:3096} INFO - Sync 1 DAGs
[2024-07-13T01:07:56.010+0000] {logging_mixin.py:188} INFO - [2024-07-13T01:07:56.010+0000] {dag.py:3954} INFO - Setting next_dagrun for example_skip_dag to 2024-07-12 00:00:00+00:00, run_after=2024-07-13 00:00:00+00:00
[2024-07-13T01:07:56.063+0000] {processor.py:183} INFO - Processing /home/airflow/.local/lib/python3.11/site-packages/airflow/example_dags/example_skip_dag.py took 0.184 seconds
[2024-07-13T01:08:29.073+0000] {processor.py:161} INFO - Started process (PID=1143) to work on /home/airflow/.local/lib/python3.11/site-packages/airflow/example_dags/example_skip_dag.py
[2024-07-13T01:08:29.076+0000] {processor.py:830} INFO - Processing file /home/airflow/.local/lib/python3.11/site-packages/airflow/example_dags/example_skip_dag.py for tasks to queue
[2024-07-13T01:08:29.079+0000] {logging_mixin.py:188} INFO - [2024-07-13T01:08:29.079+0000] {dagbag.py:545} INFO - Filling up the DagBag from /home/airflow/.local/lib/python3.11/site-packages/airflow/example_dags/example_skip_dag.py
[2024-07-13T01:08:29.092+0000] {processor.py:840} INFO - DAG(s) 'example_skip_dag' retrieved from /home/airflow/.local/lib/python3.11/site-packages/airflow/example_dags/example_skip_dag.py
[2024-07-13T01:08:29.130+0000] {logging_mixin.py:188} INFO - [2024-07-13T01:08:29.129+0000] {dag.py:3096} INFO - Sync 1 DAGs
[2024-07-13T01:08:29.162+0000] {logging_mixin.py:188} INFO - [2024-07-13T01:08:29.162+0000] {dag.py:3954} INFO - Setting next_dagrun for example_skip_dag to 2024-07-12 00:00:00+00:00, run_after=2024-07-13 00:00:00+00:00
[2024-07-13T01:08:29.187+0000] {processor.py:183} INFO - Processing /home/airflow/.local/lib/python3.11/site-packages/airflow/example_dags/example_skip_dag.py took 0.127 seconds
[2024-07-13T01:09:01.542+0000] {processor.py:161} INFO - Started process (PID=1205) to work on /home/airflow/.local/lib/python3.11/site-packages/airflow/example_dags/example_skip_dag.py
[2024-07-13T01:09:01.543+0000] {processor.py:830} INFO - Processing file /home/airflow/.local/lib/python3.11/site-packages/airflow/example_dags/example_skip_dag.py for tasks to queue
[2024-07-13T01:09:01.547+0000] {logging_mixin.py:188} INFO - [2024-07-13T01:09:01.546+0000] {dagbag.py:545} INFO - Filling up the DagBag from /home/airflow/.local/lib/python3.11/site-packages/airflow/example_dags/example_skip_dag.py
[2024-07-13T01:09:01.560+0000] {processor.py:840} INFO - DAG(s) 'example_skip_dag' retrieved from /home/airflow/.local/lib/python3.11/site-packages/airflow/example_dags/example_skip_dag.py
[2024-07-13T01:09:01.604+0000] {logging_mixin.py:188} INFO - [2024-07-13T01:09:01.603+0000] {dag.py:3096} INFO - Sync 1 DAGs
[2024-07-13T01:09:01.644+0000] {logging_mixin.py:188} INFO - [2024-07-13T01:09:01.644+0000] {dag.py:3954} INFO - Setting next_dagrun for example_skip_dag to 2024-07-12 00:00:00+00:00, run_after=2024-07-13 00:00:00+00:00
[2024-07-13T01:09:01.675+0000] {processor.py:183} INFO - Processing /home/airflow/.local/lib/python3.11/site-packages/airflow/example_dags/example_skip_dag.py took 0.146 seconds
[2024-07-13T01:11:22.093+0000] {processor.py:161} INFO - Started process (PID=71) to work on /home/airflow/.local/lib/python3.11/site-packages/airflow/example_dags/example_skip_dag.py
[2024-07-13T01:11:22.097+0000] {processor.py:830} INFO - Processing file /home/airflow/.local/lib/python3.11/site-packages/airflow/example_dags/example_skip_dag.py for tasks to queue
[2024-07-13T01:11:22.101+0000] {logging_mixin.py:188} INFO - [2024-07-13T01:11:22.100+0000] {dagbag.py:545} INFO - Filling up the DagBag from /home/airflow/.local/lib/python3.11/site-packages/airflow/example_dags/example_skip_dag.py
[2024-07-13T01:11:22.119+0000] {processor.py:840} INFO - DAG(s) 'example_skip_dag' retrieved from /home/airflow/.local/lib/python3.11/site-packages/airflow/example_dags/example_skip_dag.py
[2024-07-13T01:11:22.318+0000] {logging_mixin.py:188} INFO - [2024-07-13T01:11:22.317+0000] {dag.py:3096} INFO - Sync 1 DAGs
[2024-07-13T01:11:22.362+0000] {logging_mixin.py:188} INFO - [2024-07-13T01:11:22.361+0000] {dag.py:3954} INFO - Setting next_dagrun for example_skip_dag to 2024-07-12 00:00:00+00:00, run_after=2024-07-13 00:00:00+00:00
[2024-07-13T01:11:22.391+0000] {processor.py:183} INFO - Processing /home/airflow/.local/lib/python3.11/site-packages/airflow/example_dags/example_skip_dag.py took 0.316 seconds
[2024-07-13T01:11:52.698+0000] {processor.py:161} INFO - Started process (PID=132) to work on /home/airflow/.local/lib/python3.11/site-packages/airflow/example_dags/example_skip_dag.py
[2024-07-13T01:11:52.700+0000] {processor.py:830} INFO - Processing file /home/airflow/.local/lib/python3.11/site-packages/airflow/example_dags/example_skip_dag.py for tasks to queue
[2024-07-13T01:11:52.704+0000] {logging_mixin.py:188} INFO - [2024-07-13T01:11:52.703+0000] {dagbag.py:545} INFO - Filling up the DagBag from /home/airflow/.local/lib/python3.11/site-packages/airflow/example_dags/example_skip_dag.py
[2024-07-13T01:11:52.717+0000] {processor.py:840} INFO - DAG(s) 'example_skip_dag' retrieved from /home/airflow/.local/lib/python3.11/site-packages/airflow/example_dags/example_skip_dag.py
[2024-07-13T01:11:52.761+0000] {logging_mixin.py:188} INFO - [2024-07-13T01:11:52.760+0000] {dag.py:3096} INFO - Sync 1 DAGs
[2024-07-13T01:11:52.799+0000] {logging_mixin.py:188} INFO - [2024-07-13T01:11:52.799+0000] {dag.py:3954} INFO - Setting next_dagrun for example_skip_dag to 2024-07-12 00:00:00+00:00, run_after=2024-07-13 00:00:00+00:00
[2024-07-13T01:11:52.829+0000] {processor.py:183} INFO - Processing /home/airflow/.local/lib/python3.11/site-packages/airflow/example_dags/example_skip_dag.py took 0.144 seconds
[2024-07-13T01:12:26.035+0000] {processor.py:161} INFO - Started process (PID=194) to work on /home/airflow/.local/lib/python3.11/site-packages/airflow/example_dags/example_skip_dag.py
[2024-07-13T01:12:26.047+0000] {processor.py:830} INFO - Processing file /home/airflow/.local/lib/python3.11/site-packages/airflow/example_dags/example_skip_dag.py for tasks to queue
[2024-07-13T01:12:26.052+0000] {logging_mixin.py:188} INFO - [2024-07-13T01:12:26.051+0000] {dagbag.py:545} INFO - Filling up the DagBag from /home/airflow/.local/lib/python3.11/site-packages/airflow/example_dags/example_skip_dag.py
[2024-07-13T01:12:26.068+0000] {processor.py:840} INFO - DAG(s) 'example_skip_dag' retrieved from /home/airflow/.local/lib/python3.11/site-packages/airflow/example_dags/example_skip_dag.py
[2024-07-13T01:12:26.151+0000] {logging_mixin.py:188} INFO - [2024-07-13T01:12:26.150+0000] {dag.py:3096} INFO - Sync 1 DAGs
[2024-07-13T01:12:26.205+0000] {logging_mixin.py:188} INFO - [2024-07-13T01:12:26.205+0000] {dag.py:3954} INFO - Setting next_dagrun for example_skip_dag to 2024-07-12 00:00:00+00:00, run_after=2024-07-13 00:00:00+00:00
[2024-07-13T01:12:26.240+0000] {processor.py:183} INFO - Processing /home/airflow/.local/lib/python3.11/site-packages/airflow/example_dags/example_skip_dag.py took 0.231 seconds
[2024-07-13T01:12:58.454+0000] {processor.py:161} INFO - Started process (PID=262) to work on /home/airflow/.local/lib/python3.11/site-packages/airflow/example_dags/example_skip_dag.py
[2024-07-13T01:12:58.456+0000] {processor.py:830} INFO - Processing file /home/airflow/.local/lib/python3.11/site-packages/airflow/example_dags/example_skip_dag.py for tasks to queue
[2024-07-13T01:12:58.460+0000] {logging_mixin.py:188} INFO - [2024-07-13T01:12:58.459+0000] {dagbag.py:545} INFO - Filling up the DagBag from /home/airflow/.local/lib/python3.11/site-packages/airflow/example_dags/example_skip_dag.py
[2024-07-13T01:12:58.476+0000] {processor.py:840} INFO - DAG(s) 'example_skip_dag' retrieved from /home/airflow/.local/lib/python3.11/site-packages/airflow/example_dags/example_skip_dag.py
[2024-07-13T01:12:58.519+0000] {logging_mixin.py:188} INFO - [2024-07-13T01:12:58.518+0000] {dag.py:3096} INFO - Sync 1 DAGs
[2024-07-13T01:12:58.561+0000] {logging_mixin.py:188} INFO - [2024-07-13T01:12:58.561+0000] {dag.py:3954} INFO - Setting next_dagrun for example_skip_dag to 2024-07-12 00:00:00+00:00, run_after=2024-07-13 00:00:00+00:00
[2024-07-13T01:12:58.596+0000] {processor.py:183} INFO - Processing /home/airflow/.local/lib/python3.11/site-packages/airflow/example_dags/example_skip_dag.py took 0.157 seconds
[2024-07-13T01:13:33.798+0000] {processor.py:161} INFO - Started process (PID=325) to work on /home/airflow/.local/lib/python3.11/site-packages/airflow/example_dags/example_skip_dag.py
[2024-07-13T01:13:33.801+0000] {processor.py:830} INFO - Processing file /home/airflow/.local/lib/python3.11/site-packages/airflow/example_dags/example_skip_dag.py for tasks to queue
[2024-07-13T01:13:33.805+0000] {logging_mixin.py:188} INFO - [2024-07-13T01:13:33.804+0000] {dagbag.py:545} INFO - Filling up the DagBag from /home/airflow/.local/lib/python3.11/site-packages/airflow/example_dags/example_skip_dag.py
[2024-07-13T01:13:33.819+0000] {processor.py:840} INFO - DAG(s) 'example_skip_dag' retrieved from /home/airflow/.local/lib/python3.11/site-packages/airflow/example_dags/example_skip_dag.py
[2024-07-13T01:13:33.858+0000] {logging_mixin.py:188} INFO - [2024-07-13T01:13:33.857+0000] {dag.py:3096} INFO - Sync 1 DAGs
[2024-07-13T01:13:33.897+0000] {logging_mixin.py:188} INFO - [2024-07-13T01:13:33.896+0000] {dag.py:3954} INFO - Setting next_dagrun for example_skip_dag to 2024-07-12 00:00:00+00:00, run_after=2024-07-13 00:00:00+00:00
[2024-07-13T01:13:33.927+0000] {processor.py:183} INFO - Processing /home/airflow/.local/lib/python3.11/site-packages/airflow/example_dags/example_skip_dag.py took 0.144 seconds
[2024-07-13T01:14:05.675+0000] {processor.py:161} INFO - Started process (PID=387) to work on /home/airflow/.local/lib/python3.11/site-packages/airflow/example_dags/example_skip_dag.py
[2024-07-13T01:14:05.676+0000] {processor.py:830} INFO - Processing file /home/airflow/.local/lib/python3.11/site-packages/airflow/example_dags/example_skip_dag.py for tasks to queue
[2024-07-13T01:14:05.680+0000] {logging_mixin.py:188} INFO - [2024-07-13T01:14:05.679+0000] {dagbag.py:545} INFO - Filling up the DagBag from /home/airflow/.local/lib/python3.11/site-packages/airflow/example_dags/example_skip_dag.py
[2024-07-13T01:14:05.693+0000] {processor.py:840} INFO - DAG(s) 'example_skip_dag' retrieved from /home/airflow/.local/lib/python3.11/site-packages/airflow/example_dags/example_skip_dag.py
[2024-07-13T01:14:05.740+0000] {logging_mixin.py:188} INFO - [2024-07-13T01:14:05.739+0000] {dag.py:3096} INFO - Sync 1 DAGs
[2024-07-13T01:14:05.784+0000] {logging_mixin.py:188} INFO - [2024-07-13T01:14:05.784+0000] {dag.py:3954} INFO - Setting next_dagrun for example_skip_dag to 2024-07-12 00:00:00+00:00, run_after=2024-07-13 00:00:00+00:00
[2024-07-13T01:14:05.817+0000] {processor.py:183} INFO - Processing /home/airflow/.local/lib/python3.11/site-packages/airflow/example_dags/example_skip_dag.py took 0.158 seconds
[2024-07-13T01:14:39.791+0000] {processor.py:161} INFO - Started process (PID=449) to work on /home/airflow/.local/lib/python3.11/site-packages/airflow/example_dags/example_skip_dag.py
[2024-07-13T01:14:39.794+0000] {processor.py:830} INFO - Processing file /home/airflow/.local/lib/python3.11/site-packages/airflow/example_dags/example_skip_dag.py for tasks to queue
[2024-07-13T01:14:39.798+0000] {logging_mixin.py:188} INFO - [2024-07-13T01:14:39.798+0000] {dagbag.py:545} INFO - Filling up the DagBag from /home/airflow/.local/lib/python3.11/site-packages/airflow/example_dags/example_skip_dag.py
[2024-07-13T01:14:39.813+0000] {processor.py:840} INFO - DAG(s) 'example_skip_dag' retrieved from /home/airflow/.local/lib/python3.11/site-packages/airflow/example_dags/example_skip_dag.py
[2024-07-13T01:14:39.858+0000] {logging_mixin.py:188} INFO - [2024-07-13T01:14:39.857+0000] {dag.py:3096} INFO - Sync 1 DAGs
[2024-07-13T01:14:39.900+0000] {logging_mixin.py:188} INFO - [2024-07-13T01:14:39.900+0000] {dag.py:3954} INFO - Setting next_dagrun for example_skip_dag to 2024-07-12 00:00:00+00:00, run_after=2024-07-13 00:00:00+00:00
[2024-07-13T01:14:39.935+0000] {processor.py:183} INFO - Processing /home/airflow/.local/lib/python3.11/site-packages/airflow/example_dags/example_skip_dag.py took 0.158 seconds
[2024-07-13T01:15:13.771+0000] {processor.py:161} INFO - Started process (PID=511) to work on /home/airflow/.local/lib/python3.11/site-packages/airflow/example_dags/example_skip_dag.py
[2024-07-13T01:15:13.774+0000] {processor.py:830} INFO - Processing file /home/airflow/.local/lib/python3.11/site-packages/airflow/example_dags/example_skip_dag.py for tasks to queue
[2024-07-13T01:15:13.778+0000] {logging_mixin.py:188} INFO - [2024-07-13T01:15:13.777+0000] {dagbag.py:545} INFO - Filling up the DagBag from /home/airflow/.local/lib/python3.11/site-packages/airflow/example_dags/example_skip_dag.py
[2024-07-13T01:15:13.792+0000] {processor.py:840} INFO - DAG(s) 'example_skip_dag' retrieved from /home/airflow/.local/lib/python3.11/site-packages/airflow/example_dags/example_skip_dag.py
[2024-07-13T01:15:13.828+0000] {logging_mixin.py:188} INFO - [2024-07-13T01:15:13.828+0000] {dag.py:3096} INFO - Sync 1 DAGs
[2024-07-13T01:15:13.867+0000] {logging_mixin.py:188} INFO - [2024-07-13T01:15:13.867+0000] {dag.py:3954} INFO - Setting next_dagrun for example_skip_dag to 2024-07-12 00:00:00+00:00, run_after=2024-07-13 00:00:00+00:00
[2024-07-13T01:15:13.895+0000] {processor.py:183} INFO - Processing /home/airflow/.local/lib/python3.11/site-packages/airflow/example_dags/example_skip_dag.py took 0.139 seconds
[2024-07-13T01:15:48.584+0000] {processor.py:161} INFO - Started process (PID=574) to work on /home/airflow/.local/lib/python3.11/site-packages/airflow/example_dags/example_skip_dag.py
[2024-07-13T01:15:48.586+0000] {processor.py:830} INFO - Processing file /home/airflow/.local/lib/python3.11/site-packages/airflow/example_dags/example_skip_dag.py for tasks to queue
[2024-07-13T01:15:48.590+0000] {logging_mixin.py:188} INFO - [2024-07-13T01:15:48.589+0000] {dagbag.py:545} INFO - Filling up the DagBag from /home/airflow/.local/lib/python3.11/site-packages/airflow/example_dags/example_skip_dag.py
[2024-07-13T01:15:48.605+0000] {processor.py:840} INFO - DAG(s) 'example_skip_dag' retrieved from /home/airflow/.local/lib/python3.11/site-packages/airflow/example_dags/example_skip_dag.py
[2024-07-13T01:15:48.652+0000] {logging_mixin.py:188} INFO - [2024-07-13T01:15:48.651+0000] {dag.py:3096} INFO - Sync 1 DAGs
[2024-07-13T01:15:48.694+0000] {logging_mixin.py:188} INFO - [2024-07-13T01:15:48.693+0000] {dag.py:3954} INFO - Setting next_dagrun for example_skip_dag to 2024-07-12 00:00:00+00:00, run_after=2024-07-13 00:00:00+00:00
[2024-07-13T01:15:48.727+0000] {processor.py:183} INFO - Processing /home/airflow/.local/lib/python3.11/site-packages/airflow/example_dags/example_skip_dag.py took 0.157 seconds
[2024-07-13T01:16:22.366+0000] {processor.py:161} INFO - Started process (PID=637) to work on /home/airflow/.local/lib/python3.11/site-packages/airflow/example_dags/example_skip_dag.py
[2024-07-13T01:16:22.368+0000] {processor.py:830} INFO - Processing file /home/airflow/.local/lib/python3.11/site-packages/airflow/example_dags/example_skip_dag.py for tasks to queue
[2024-07-13T01:16:22.372+0000] {logging_mixin.py:188} INFO - [2024-07-13T01:16:22.372+0000] {dagbag.py:545} INFO - Filling up the DagBag from /home/airflow/.local/lib/python3.11/site-packages/airflow/example_dags/example_skip_dag.py
[2024-07-13T01:16:22.388+0000] {processor.py:840} INFO - DAG(s) 'example_skip_dag' retrieved from /home/airflow/.local/lib/python3.11/site-packages/airflow/example_dags/example_skip_dag.py
[2024-07-13T01:16:22.438+0000] {logging_mixin.py:188} INFO - [2024-07-13T01:16:22.437+0000] {dag.py:3096} INFO - Sync 1 DAGs
[2024-07-13T01:16:22.488+0000] {logging_mixin.py:188} INFO - [2024-07-13T01:16:22.488+0000] {dag.py:3954} INFO - Setting next_dagrun for example_skip_dag to 2024-07-12 00:00:00+00:00, run_after=2024-07-13 00:00:00+00:00
[2024-07-13T01:16:22.526+0000] {processor.py:183} INFO - Processing /home/airflow/.local/lib/python3.11/site-packages/airflow/example_dags/example_skip_dag.py took 0.176 seconds
