[2024-07-13T00:28:00.509+0000] {processor.py:161} INFO - Started process (PID=52) to work on /home/airflow/.local/lib/python3.11/site-packages/airflow/example_dags/example_display_name.py
[2024-07-13T00:28:00.510+0000] {processor.py:830} INFO - Processing file /home/airflow/.local/lib/python3.11/site-packages/airflow/example_dags/example_display_name.py for tasks to queue
[2024-07-13T00:28:00.512+0000] {logging_mixin.py:188} INFO - [2024-07-13T00:28:00.511+0000] {dagbag.py:545} INFO - Filling up the DagBag from /home/airflow/.local/lib/python3.11/site-packages/airflow/example_dags/example_display_name.py
[2024-07-13T00:28:00.524+0000] {processor.py:840} INFO - DAG(s) 'example_display_name' retrieved from /home/airflow/.local/lib/python3.11/site-packages/airflow/example_dags/example_display_name.py
[2024-07-13T00:28:00.721+0000] {logging_mixin.py:188} INFO - [2024-07-13T00:28:00.721+0000] {dag.py:3096} INFO - Sync 1 DAGs
[2024-07-13T00:28:00.736+0000] {logging_mixin.py:188} INFO - [2024-07-13T00:28:00.736+0000] {dag.py:3954} INFO - Setting next_dagrun for example_display_name to None, run_after=None
[2024-07-13T00:28:00.763+0000] {processor.py:183} INFO - Processing /home/airflow/.local/lib/python3.11/site-packages/airflow/example_dags/example_display_name.py took 0.268 seconds
[2024-07-13T00:28:32.780+0000] {processor.py:161} INFO - Started process (PID=114) to work on /home/airflow/.local/lib/python3.11/site-packages/airflow/example_dags/example_display_name.py
[2024-07-13T00:28:32.784+0000] {processor.py:830} INFO - Processing file /home/airflow/.local/lib/python3.11/site-packages/airflow/example_dags/example_display_name.py for tasks to queue
[2024-07-13T00:28:32.786+0000] {logging_mixin.py:188} INFO - [2024-07-13T00:28:32.785+0000] {dagbag.py:545} INFO - Filling up the DagBag from /home/airflow/.local/lib/python3.11/site-packages/airflow/example_dags/example_display_name.py
[2024-07-13T00:28:32.800+0000] {processor.py:840} INFO - DAG(s) 'example_display_name' retrieved from /home/airflow/.local/lib/python3.11/site-packages/airflow/example_dags/example_display_name.py
[2024-07-13T00:28:32.838+0000] {logging_mixin.py:188} INFO - [2024-07-13T00:28:32.838+0000] {dag.py:3096} INFO - Sync 1 DAGs
[2024-07-13T00:28:32.858+0000] {logging_mixin.py:188} INFO - [2024-07-13T00:28:32.857+0000] {dag.py:3954} INFO - Setting next_dagrun for example_display_name to None, run_after=None
[2024-07-13T00:28:32.885+0000] {processor.py:183} INFO - Processing /home/airflow/.local/lib/python3.11/site-packages/airflow/example_dags/example_display_name.py took 0.120 seconds
[2024-07-13T00:29:05.753+0000] {processor.py:161} INFO - Started process (PID=176) to work on /home/airflow/.local/lib/python3.11/site-packages/airflow/example_dags/example_display_name.py
[2024-07-13T00:29:05.755+0000] {processor.py:830} INFO - Processing file /home/airflow/.local/lib/python3.11/site-packages/airflow/example_dags/example_display_name.py for tasks to queue
[2024-07-13T00:29:05.756+0000] {logging_mixin.py:188} INFO - [2024-07-13T00:29:05.756+0000] {dagbag.py:545} INFO - Filling up the DagBag from /home/airflow/.local/lib/python3.11/site-packages/airflow/example_dags/example_display_name.py
[2024-07-13T00:29:05.769+0000] {processor.py:840} INFO - DAG(s) 'example_display_name' retrieved from /home/airflow/.local/lib/python3.11/site-packages/airflow/example_dags/example_display_name.py
[2024-07-13T00:29:05.812+0000] {logging_mixin.py:188} INFO - [2024-07-13T00:29:05.812+0000] {dag.py:3096} INFO - Sync 1 DAGs
[2024-07-13T00:29:05.841+0000] {logging_mixin.py:188} INFO - [2024-07-13T00:29:05.840+0000] {dag.py:3954} INFO - Setting next_dagrun for example_display_name to None, run_after=None
[2024-07-13T00:29:05.870+0000] {processor.py:183} INFO - Processing /home/airflow/.local/lib/python3.11/site-packages/airflow/example_dags/example_display_name.py took 0.130 seconds
[2024-07-13T00:29:38.897+0000] {processor.py:161} INFO - Started process (PID=238) to work on /home/airflow/.local/lib/python3.11/site-packages/airflow/example_dags/example_display_name.py
[2024-07-13T00:29:38.899+0000] {processor.py:830} INFO - Processing file /home/airflow/.local/lib/python3.11/site-packages/airflow/example_dags/example_display_name.py for tasks to queue
[2024-07-13T00:29:38.901+0000] {logging_mixin.py:188} INFO - [2024-07-13T00:29:38.900+0000] {dagbag.py:545} INFO - Filling up the DagBag from /home/airflow/.local/lib/python3.11/site-packages/airflow/example_dags/example_display_name.py
[2024-07-13T00:29:38.913+0000] {processor.py:840} INFO - DAG(s) 'example_display_name' retrieved from /home/airflow/.local/lib/python3.11/site-packages/airflow/example_dags/example_display_name.py
[2024-07-13T00:29:38.952+0000] {logging_mixin.py:188} INFO - [2024-07-13T00:29:38.951+0000] {dag.py:3096} INFO - Sync 1 DAGs
[2024-07-13T00:29:38.977+0000] {logging_mixin.py:188} INFO - [2024-07-13T00:29:38.977+0000] {dag.py:3954} INFO - Setting next_dagrun for example_display_name to None, run_after=None
[2024-07-13T00:29:39.008+0000] {processor.py:183} INFO - Processing /home/airflow/.local/lib/python3.11/site-packages/airflow/example_dags/example_display_name.py took 0.124 seconds
[2024-07-13T00:30:11.707+0000] {processor.py:161} INFO - Started process (PID=306) to work on /home/airflow/.local/lib/python3.11/site-packages/airflow/example_dags/example_display_name.py
[2024-07-13T00:30:11.709+0000] {processor.py:830} INFO - Processing file /home/airflow/.local/lib/python3.11/site-packages/airflow/example_dags/example_display_name.py for tasks to queue
[2024-07-13T00:30:11.711+0000] {logging_mixin.py:188} INFO - [2024-07-13T00:30:11.711+0000] {dagbag.py:545} INFO - Filling up the DagBag from /home/airflow/.local/lib/python3.11/site-packages/airflow/example_dags/example_display_name.py
[2024-07-13T00:30:11.727+0000] {processor.py:840} INFO - DAG(s) 'example_display_name' retrieved from /home/airflow/.local/lib/python3.11/site-packages/airflow/example_dags/example_display_name.py
[2024-07-13T00:30:11.768+0000] {logging_mixin.py:188} INFO - [2024-07-13T00:30:11.768+0000] {dag.py:3096} INFO - Sync 1 DAGs
[2024-07-13T00:30:11.796+0000] {logging_mixin.py:188} INFO - [2024-07-13T00:30:11.795+0000] {dag.py:3954} INFO - Setting next_dagrun for example_display_name to None, run_after=None
[2024-07-13T00:30:11.853+0000] {processor.py:183} INFO - Processing /home/airflow/.local/lib/python3.11/site-packages/airflow/example_dags/example_display_name.py took 0.164 seconds
[2024-07-13T00:30:44.789+0000] {processor.py:161} INFO - Started process (PID=369) to work on /home/airflow/.local/lib/python3.11/site-packages/airflow/example_dags/example_display_name.py
[2024-07-13T00:30:44.791+0000] {processor.py:830} INFO - Processing file /home/airflow/.local/lib/python3.11/site-packages/airflow/example_dags/example_display_name.py for tasks to queue
[2024-07-13T00:30:44.792+0000] {logging_mixin.py:188} INFO - [2024-07-13T00:30:44.792+0000] {dagbag.py:545} INFO - Filling up the DagBag from /home/airflow/.local/lib/python3.11/site-packages/airflow/example_dags/example_display_name.py
[2024-07-13T00:30:44.804+0000] {processor.py:840} INFO - DAG(s) 'example_display_name' retrieved from /home/airflow/.local/lib/python3.11/site-packages/airflow/example_dags/example_display_name.py
[2024-07-13T00:30:44.837+0000] {logging_mixin.py:188} INFO - [2024-07-13T00:30:44.836+0000] {dag.py:3096} INFO - Sync 1 DAGs
[2024-07-13T00:30:44.858+0000] {logging_mixin.py:188} INFO - [2024-07-13T00:30:44.857+0000] {dag.py:3954} INFO - Setting next_dagrun for example_display_name to None, run_after=None
[2024-07-13T00:30:44.885+0000] {processor.py:183} INFO - Processing /home/airflow/.local/lib/python3.11/site-packages/airflow/example_dags/example_display_name.py took 0.110 seconds
[2024-07-13T00:31:18.054+0000] {processor.py:161} INFO - Started process (PID=431) to work on /home/airflow/.local/lib/python3.11/site-packages/airflow/example_dags/example_display_name.py
[2024-07-13T00:31:18.056+0000] {processor.py:830} INFO - Processing file /home/airflow/.local/lib/python3.11/site-packages/airflow/example_dags/example_display_name.py for tasks to queue
[2024-07-13T00:31:18.058+0000] {logging_mixin.py:188} INFO - [2024-07-13T00:31:18.057+0000] {dagbag.py:545} INFO - Filling up the DagBag from /home/airflow/.local/lib/python3.11/site-packages/airflow/example_dags/example_display_name.py
[2024-07-13T00:31:18.070+0000] {processor.py:840} INFO - DAG(s) 'example_display_name' retrieved from /home/airflow/.local/lib/python3.11/site-packages/airflow/example_dags/example_display_name.py
[2024-07-13T00:31:18.113+0000] {logging_mixin.py:188} INFO - [2024-07-13T00:31:18.113+0000] {dag.py:3096} INFO - Sync 1 DAGs
[2024-07-13T00:31:18.136+0000] {logging_mixin.py:188} INFO - [2024-07-13T00:31:18.135+0000] {dag.py:3954} INFO - Setting next_dagrun for example_display_name to None, run_after=None
[2024-07-13T00:31:18.164+0000] {processor.py:183} INFO - Processing /home/airflow/.local/lib/python3.11/site-packages/airflow/example_dags/example_display_name.py took 0.123 seconds
[2024-07-13T00:31:52.270+0000] {processor.py:161} INFO - Started process (PID=493) to work on /home/airflow/.local/lib/python3.11/site-packages/airflow/example_dags/example_display_name.py
[2024-07-13T00:31:52.272+0000] {processor.py:830} INFO - Processing file /home/airflow/.local/lib/python3.11/site-packages/airflow/example_dags/example_display_name.py for tasks to queue
[2024-07-13T00:31:52.273+0000] {logging_mixin.py:188} INFO - [2024-07-13T00:31:52.273+0000] {dagbag.py:545} INFO - Filling up the DagBag from /home/airflow/.local/lib/python3.11/site-packages/airflow/example_dags/example_display_name.py
[2024-07-13T00:31:52.285+0000] {processor.py:840} INFO - DAG(s) 'example_display_name' retrieved from /home/airflow/.local/lib/python3.11/site-packages/airflow/example_dags/example_display_name.py
[2024-07-13T00:31:52.325+0000] {logging_mixin.py:188} INFO - [2024-07-13T00:31:52.324+0000] {dag.py:3096} INFO - Sync 1 DAGs
[2024-07-13T00:31:52.347+0000] {logging_mixin.py:188} INFO - [2024-07-13T00:31:52.346+0000] {dag.py:3954} INFO - Setting next_dagrun for example_display_name to None, run_after=None
[2024-07-13T00:31:52.386+0000] {processor.py:183} INFO - Processing /home/airflow/.local/lib/python3.11/site-packages/airflow/example_dags/example_display_name.py took 0.130 seconds
[2024-07-13T00:32:26.660+0000] {processor.py:161} INFO - Started process (PID=555) to work on /home/airflow/.local/lib/python3.11/site-packages/airflow/example_dags/example_display_name.py
[2024-07-13T00:32:26.662+0000] {processor.py:830} INFO - Processing file /home/airflow/.local/lib/python3.11/site-packages/airflow/example_dags/example_display_name.py for tasks to queue
[2024-07-13T00:32:26.663+0000] {logging_mixin.py:188} INFO - [2024-07-13T00:32:26.663+0000] {dagbag.py:545} INFO - Filling up the DagBag from /home/airflow/.local/lib/python3.11/site-packages/airflow/example_dags/example_display_name.py
[2024-07-13T00:32:26.678+0000] {processor.py:840} INFO - DAG(s) 'example_display_name' retrieved from /home/airflow/.local/lib/python3.11/site-packages/airflow/example_dags/example_display_name.py
[2024-07-13T00:32:26.716+0000] {logging_mixin.py:188} INFO - [2024-07-13T00:32:26.715+0000] {dag.py:3096} INFO - Sync 1 DAGs
[2024-07-13T00:32:26.737+0000] {logging_mixin.py:188} INFO - [2024-07-13T00:32:26.736+0000] {dag.py:3954} INFO - Setting next_dagrun for example_display_name to None, run_after=None
[2024-07-13T00:32:26.766+0000] {processor.py:183} INFO - Processing /home/airflow/.local/lib/python3.11/site-packages/airflow/example_dags/example_display_name.py took 0.120 seconds
[2024-07-13T00:33:00.500+0000] {processor.py:161} INFO - Started process (PID=617) to work on /home/airflow/.local/lib/python3.11/site-packages/airflow/example_dags/example_display_name.py
[2024-07-13T00:33:00.511+0000] {processor.py:830} INFO - Processing file /home/airflow/.local/lib/python3.11/site-packages/airflow/example_dags/example_display_name.py for tasks to queue
[2024-07-13T00:33:00.513+0000] {logging_mixin.py:188} INFO - [2024-07-13T00:33:00.512+0000] {dagbag.py:545} INFO - Filling up the DagBag from /home/airflow/.local/lib/python3.11/site-packages/airflow/example_dags/example_display_name.py
[2024-07-13T00:33:00.538+0000] {processor.py:840} INFO - DAG(s) 'example_display_name' retrieved from /home/airflow/.local/lib/python3.11/site-packages/airflow/example_dags/example_display_name.py
[2024-07-13T00:33:00.579+0000] {logging_mixin.py:188} INFO - [2024-07-13T00:33:00.579+0000] {dag.py:3096} INFO - Sync 1 DAGs
[2024-07-13T00:33:00.604+0000] {logging_mixin.py:188} INFO - [2024-07-13T00:33:00.603+0000] {dag.py:3954} INFO - Setting next_dagrun for example_display_name to None, run_after=None
[2024-07-13T00:33:00.703+0000] {processor.py:183} INFO - Processing /home/airflow/.local/lib/python3.11/site-packages/airflow/example_dags/example_display_name.py took 0.218 seconds
[2024-07-13T00:33:33.387+0000] {processor.py:161} INFO - Started process (PID=679) to work on /home/airflow/.local/lib/python3.11/site-packages/airflow/example_dags/example_display_name.py
[2024-07-13T00:33:33.389+0000] {processor.py:830} INFO - Processing file /home/airflow/.local/lib/python3.11/site-packages/airflow/example_dags/example_display_name.py for tasks to queue
[2024-07-13T00:33:33.391+0000] {logging_mixin.py:188} INFO - [2024-07-13T00:33:33.390+0000] {dagbag.py:545} INFO - Filling up the DagBag from /home/airflow/.local/lib/python3.11/site-packages/airflow/example_dags/example_display_name.py
[2024-07-13T00:33:33.406+0000] {processor.py:840} INFO - DAG(s) 'example_display_name' retrieved from /home/airflow/.local/lib/python3.11/site-packages/airflow/example_dags/example_display_name.py
[2024-07-13T00:33:33.469+0000] {logging_mixin.py:188} INFO - [2024-07-13T00:33:33.469+0000] {dag.py:3096} INFO - Sync 1 DAGs
[2024-07-13T00:33:33.497+0000] {logging_mixin.py:188} INFO - [2024-07-13T00:33:33.497+0000] {dag.py:3954} INFO - Setting next_dagrun for example_display_name to None, run_after=None
[2024-07-13T00:33:33.533+0000] {processor.py:183} INFO - Processing /home/airflow/.local/lib/python3.11/site-packages/airflow/example_dags/example_display_name.py took 0.160 seconds
[2024-07-13T00:35:48.304+0000] {processor.py:161} INFO - Started process (PID=53) to work on /home/airflow/.local/lib/python3.11/site-packages/airflow/example_dags/example_display_name.py
[2024-07-13T00:35:48.307+0000] {processor.py:830} INFO - Processing file /home/airflow/.local/lib/python3.11/site-packages/airflow/example_dags/example_display_name.py for tasks to queue
[2024-07-13T00:35:48.311+0000] {logging_mixin.py:188} INFO - [2024-07-13T00:35:48.310+0000] {dagbag.py:545} INFO - Filling up the DagBag from /home/airflow/.local/lib/python3.11/site-packages/airflow/example_dags/example_display_name.py
[2024-07-13T00:35:48.325+0000] {processor.py:840} INFO - DAG(s) 'example_display_name' retrieved from /home/airflow/.local/lib/python3.11/site-packages/airflow/example_dags/example_display_name.py
[2024-07-13T00:35:48.540+0000] {logging_mixin.py:188} INFO - [2024-07-13T00:35:48.539+0000] {dag.py:3096} INFO - Sync 1 DAGs
[2024-07-13T00:35:48.561+0000] {logging_mixin.py:188} INFO - [2024-07-13T00:35:48.561+0000] {dag.py:3954} INFO - Setting next_dagrun for example_display_name to None, run_after=None
[2024-07-13T00:35:48.590+0000] {processor.py:183} INFO - Processing /home/airflow/.local/lib/python3.11/site-packages/airflow/example_dags/example_display_name.py took 0.300 seconds
[2024-07-13T00:36:20.555+0000] {processor.py:161} INFO - Started process (PID=115) to work on /home/airflow/.local/lib/python3.11/site-packages/airflow/example_dags/example_display_name.py
[2024-07-13T00:36:20.556+0000] {processor.py:830} INFO - Processing file /home/airflow/.local/lib/python3.11/site-packages/airflow/example_dags/example_display_name.py for tasks to queue
[2024-07-13T00:36:20.559+0000] {logging_mixin.py:188} INFO - [2024-07-13T00:36:20.559+0000] {dagbag.py:545} INFO - Filling up the DagBag from /home/airflow/.local/lib/python3.11/site-packages/airflow/example_dags/example_display_name.py
[2024-07-13T00:36:20.570+0000] {processor.py:840} INFO - DAG(s) 'example_display_name' retrieved from /home/airflow/.local/lib/python3.11/site-packages/airflow/example_dags/example_display_name.py
[2024-07-13T00:36:20.605+0000] {logging_mixin.py:188} INFO - [2024-07-13T00:36:20.604+0000] {dag.py:3096} INFO - Sync 1 DAGs
[2024-07-13T00:36:20.626+0000] {logging_mixin.py:188} INFO - [2024-07-13T00:36:20.626+0000] {dag.py:3954} INFO - Setting next_dagrun for example_display_name to None, run_after=None
[2024-07-13T00:36:20.657+0000] {processor.py:183} INFO - Processing /home/airflow/.local/lib/python3.11/site-packages/airflow/example_dags/example_display_name.py took 0.113 seconds
[2024-07-13T00:38:19.401+0000] {processor.py:161} INFO - Started process (PID=51) to work on /home/airflow/.local/lib/python3.11/site-packages/airflow/example_dags/example_display_name.py
[2024-07-13T00:38:19.403+0000] {processor.py:830} INFO - Processing file /home/airflow/.local/lib/python3.11/site-packages/airflow/example_dags/example_display_name.py for tasks to queue
[2024-07-13T00:38:19.408+0000] {logging_mixin.py:188} INFO - [2024-07-13T00:38:19.407+0000] {dagbag.py:545} INFO - Filling up the DagBag from /home/airflow/.local/lib/python3.11/site-packages/airflow/example_dags/example_display_name.py
[2024-07-13T00:38:19.423+0000] {processor.py:840} INFO - DAG(s) 'example_display_name' retrieved from /home/airflow/.local/lib/python3.11/site-packages/airflow/example_dags/example_display_name.py
[2024-07-13T00:38:19.686+0000] {logging_mixin.py:188} INFO - [2024-07-13T00:38:19.685+0000] {dag.py:3096} INFO - Sync 1 DAGs
[2024-07-13T00:38:19.709+0000] {logging_mixin.py:188} INFO - [2024-07-13T00:38:19.708+0000] {dag.py:3954} INFO - Setting next_dagrun for example_display_name to None, run_after=None
[2024-07-13T00:38:19.743+0000] {processor.py:183} INFO - Processing /home/airflow/.local/lib/python3.11/site-packages/airflow/example_dags/example_display_name.py took 0.358 seconds
[2024-07-13T00:38:50.745+0000] {processor.py:161} INFO - Started process (PID=113) to work on /home/airflow/.local/lib/python3.11/site-packages/airflow/example_dags/example_display_name.py
[2024-07-13T00:38:50.747+0000] {processor.py:830} INFO - Processing file /home/airflow/.local/lib/python3.11/site-packages/airflow/example_dags/example_display_name.py for tasks to queue
[2024-07-13T00:38:50.750+0000] {logging_mixin.py:188} INFO - [2024-07-13T00:38:50.749+0000] {dagbag.py:545} INFO - Filling up the DagBag from /home/airflow/.local/lib/python3.11/site-packages/airflow/example_dags/example_display_name.py
[2024-07-13T00:38:50.761+0000] {processor.py:840} INFO - DAG(s) 'example_display_name' retrieved from /home/airflow/.local/lib/python3.11/site-packages/airflow/example_dags/example_display_name.py
[2024-07-13T00:38:50.801+0000] {logging_mixin.py:188} INFO - [2024-07-13T00:38:50.800+0000] {dag.py:3096} INFO - Sync 1 DAGs
[2024-07-13T00:38:50.827+0000] {logging_mixin.py:188} INFO - [2024-07-13T00:38:50.826+0000] {dag.py:3954} INFO - Setting next_dagrun for example_display_name to None, run_after=None
[2024-07-13T00:38:50.855+0000] {processor.py:183} INFO - Processing /home/airflow/.local/lib/python3.11/site-packages/airflow/example_dags/example_display_name.py took 0.122 seconds
[2024-07-13T00:39:23.962+0000] {processor.py:161} INFO - Started process (PID=175) to work on /home/airflow/.local/lib/python3.11/site-packages/airflow/example_dags/example_display_name.py
[2024-07-13T00:39:23.965+0000] {processor.py:830} INFO - Processing file /home/airflow/.local/lib/python3.11/site-packages/airflow/example_dags/example_display_name.py for tasks to queue
[2024-07-13T00:39:23.968+0000] {logging_mixin.py:188} INFO - [2024-07-13T00:39:23.968+0000] {dagbag.py:545} INFO - Filling up the DagBag from /home/airflow/.local/lib/python3.11/site-packages/airflow/example_dags/example_display_name.py
[2024-07-13T00:39:23.981+0000] {processor.py:840} INFO - DAG(s) 'example_display_name' retrieved from /home/airflow/.local/lib/python3.11/site-packages/airflow/example_dags/example_display_name.py
[2024-07-13T00:39:24.014+0000] {logging_mixin.py:188} INFO - [2024-07-13T00:39:24.013+0000] {dag.py:3096} INFO - Sync 1 DAGs
[2024-07-13T00:39:24.034+0000] {logging_mixin.py:188} INFO - [2024-07-13T00:39:24.034+0000] {dag.py:3954} INFO - Setting next_dagrun for example_display_name to None, run_after=None
[2024-07-13T00:39:24.060+0000] {processor.py:183} INFO - Processing /home/airflow/.local/lib/python3.11/site-packages/airflow/example_dags/example_display_name.py took 0.111 seconds
[2024-07-13T00:39:56.826+0000] {processor.py:161} INFO - Started process (PID=237) to work on /home/airflow/.local/lib/python3.11/site-packages/airflow/example_dags/example_display_name.py
[2024-07-13T00:39:56.828+0000] {processor.py:830} INFO - Processing file /home/airflow/.local/lib/python3.11/site-packages/airflow/example_dags/example_display_name.py for tasks to queue
[2024-07-13T00:39:56.831+0000] {logging_mixin.py:188} INFO - [2024-07-13T00:39:56.830+0000] {dagbag.py:545} INFO - Filling up the DagBag from /home/airflow/.local/lib/python3.11/site-packages/airflow/example_dags/example_display_name.py
[2024-07-13T00:39:56.842+0000] {processor.py:840} INFO - DAG(s) 'example_display_name' retrieved from /home/airflow/.local/lib/python3.11/site-packages/airflow/example_dags/example_display_name.py
[2024-07-13T00:39:56.879+0000] {logging_mixin.py:188} INFO - [2024-07-13T00:39:56.878+0000] {dag.py:3096} INFO - Sync 1 DAGs
[2024-07-13T00:39:56.904+0000] {logging_mixin.py:188} INFO - [2024-07-13T00:39:56.904+0000] {dag.py:3954} INFO - Setting next_dagrun for example_display_name to None, run_after=None
[2024-07-13T00:39:56.935+0000] {processor.py:183} INFO - Processing /home/airflow/.local/lib/python3.11/site-packages/airflow/example_dags/example_display_name.py took 0.120 seconds
[2024-07-13T00:40:29.691+0000] {processor.py:161} INFO - Started process (PID=299) to work on /home/airflow/.local/lib/python3.11/site-packages/airflow/example_dags/example_display_name.py
[2024-07-13T00:40:29.693+0000] {processor.py:830} INFO - Processing file /home/airflow/.local/lib/python3.11/site-packages/airflow/example_dags/example_display_name.py for tasks to queue
[2024-07-13T00:40:29.697+0000] {logging_mixin.py:188} INFO - [2024-07-13T00:40:29.696+0000] {dagbag.py:545} INFO - Filling up the DagBag from /home/airflow/.local/lib/python3.11/site-packages/airflow/example_dags/example_display_name.py
[2024-07-13T00:40:29.709+0000] {processor.py:840} INFO - DAG(s) 'example_display_name' retrieved from /home/airflow/.local/lib/python3.11/site-packages/airflow/example_dags/example_display_name.py
[2024-07-13T00:40:29.745+0000] {logging_mixin.py:188} INFO - [2024-07-13T00:40:29.744+0000] {dag.py:3096} INFO - Sync 1 DAGs
[2024-07-13T00:40:29.765+0000] {logging_mixin.py:188} INFO - [2024-07-13T00:40:29.765+0000] {dag.py:3954} INFO - Setting next_dagrun for example_display_name to None, run_after=None
[2024-07-13T00:40:29.794+0000] {processor.py:183} INFO - Processing /home/airflow/.local/lib/python3.11/site-packages/airflow/example_dags/example_display_name.py took 0.117 seconds
[2024-07-13T00:41:09.138+0000] {processor.py:161} INFO - Started process (PID=365) to work on /home/airflow/.local/lib/python3.11/site-packages/airflow/example_dags/example_display_name.py
[2024-07-13T00:41:09.144+0000] {processor.py:830} INFO - Processing file /home/airflow/.local/lib/python3.11/site-packages/airflow/example_dags/example_display_name.py for tasks to queue
[2024-07-13T00:41:09.156+0000] {logging_mixin.py:188} INFO - [2024-07-13T00:41:09.154+0000] {dagbag.py:545} INFO - Filling up the DagBag from /home/airflow/.local/lib/python3.11/site-packages/airflow/example_dags/example_display_name.py
[2024-07-13T00:41:09.205+0000] {processor.py:840} INFO - DAG(s) 'example_display_name' retrieved from /home/airflow/.local/lib/python3.11/site-packages/airflow/example_dags/example_display_name.py
[2024-07-13T00:41:09.296+0000] {logging_mixin.py:188} INFO - [2024-07-13T00:41:09.296+0000] {dag.py:3096} INFO - Sync 1 DAGs
[2024-07-13T00:41:09.341+0000] {logging_mixin.py:188} INFO - [2024-07-13T00:41:09.340+0000] {dag.py:3954} INFO - Setting next_dagrun for example_display_name to None, run_after=None
[2024-07-13T00:41:09.403+0000] {processor.py:183} INFO - Processing /home/airflow/.local/lib/python3.11/site-packages/airflow/example_dags/example_display_name.py took 0.301 seconds
[2024-07-13T00:41:41.573+0000] {processor.py:161} INFO - Started process (PID=426) to work on /home/airflow/.local/lib/python3.11/site-packages/airflow/example_dags/example_display_name.py
[2024-07-13T00:41:41.576+0000] {processor.py:830} INFO - Processing file /home/airflow/.local/lib/python3.11/site-packages/airflow/example_dags/example_display_name.py for tasks to queue
[2024-07-13T00:41:41.580+0000] {logging_mixin.py:188} INFO - [2024-07-13T00:41:41.579+0000] {dagbag.py:545} INFO - Filling up the DagBag from /home/airflow/.local/lib/python3.11/site-packages/airflow/example_dags/example_display_name.py
[2024-07-13T00:41:41.594+0000] {processor.py:840} INFO - DAG(s) 'example_display_name' retrieved from /home/airflow/.local/lib/python3.11/site-packages/airflow/example_dags/example_display_name.py
[2024-07-13T00:41:41.634+0000] {logging_mixin.py:188} INFO - [2024-07-13T00:41:41.633+0000] {dag.py:3096} INFO - Sync 1 DAGs
[2024-07-13T00:41:41.658+0000] {logging_mixin.py:188} INFO - [2024-07-13T00:41:41.657+0000] {dag.py:3954} INFO - Setting next_dagrun for example_display_name to None, run_after=None
[2024-07-13T00:41:41.687+0000] {processor.py:183} INFO - Processing /home/airflow/.local/lib/python3.11/site-packages/airflow/example_dags/example_display_name.py took 0.129 seconds
[2024-07-13T00:42:15.565+0000] {processor.py:161} INFO - Started process (PID=488) to work on /home/airflow/.local/lib/python3.11/site-packages/airflow/example_dags/example_display_name.py
[2024-07-13T00:42:15.566+0000] {processor.py:830} INFO - Processing file /home/airflow/.local/lib/python3.11/site-packages/airflow/example_dags/example_display_name.py for tasks to queue
[2024-07-13T00:42:15.570+0000] {logging_mixin.py:188} INFO - [2024-07-13T00:42:15.570+0000] {dagbag.py:545} INFO - Filling up the DagBag from /home/airflow/.local/lib/python3.11/site-packages/airflow/example_dags/example_display_name.py
[2024-07-13T00:42:15.585+0000] {processor.py:840} INFO - DAG(s) 'example_display_name' retrieved from /home/airflow/.local/lib/python3.11/site-packages/airflow/example_dags/example_display_name.py
[2024-07-13T00:42:15.632+0000] {logging_mixin.py:188} INFO - [2024-07-13T00:42:15.631+0000] {dag.py:3096} INFO - Sync 1 DAGs
[2024-07-13T00:42:15.669+0000] {logging_mixin.py:188} INFO - [2024-07-13T00:42:15.668+0000] {dag.py:3954} INFO - Setting next_dagrun for example_display_name to None, run_after=None
[2024-07-13T00:42:15.705+0000] {processor.py:183} INFO - Processing /home/airflow/.local/lib/python3.11/site-packages/airflow/example_dags/example_display_name.py took 0.156 seconds
[2024-07-13T00:44:02.623+0000] {processor.py:161} INFO - Started process (PID=52) to work on /home/airflow/.local/lib/python3.11/site-packages/airflow/example_dags/example_display_name.py
[2024-07-13T00:44:02.625+0000] {processor.py:830} INFO - Processing file /home/airflow/.local/lib/python3.11/site-packages/airflow/example_dags/example_display_name.py for tasks to queue
[2024-07-13T00:44:02.629+0000] {logging_mixin.py:188} INFO - [2024-07-13T00:44:02.628+0000] {dagbag.py:545} INFO - Filling up the DagBag from /home/airflow/.local/lib/python3.11/site-packages/airflow/example_dags/example_display_name.py
[2024-07-13T00:44:02.640+0000] {processor.py:840} INFO - DAG(s) 'example_display_name' retrieved from /home/airflow/.local/lib/python3.11/site-packages/airflow/example_dags/example_display_name.py
[2024-07-13T00:44:02.868+0000] {logging_mixin.py:188} INFO - [2024-07-13T00:44:02.867+0000] {dag.py:3096} INFO - Sync 1 DAGs
[2024-07-13T00:44:02.889+0000] {logging_mixin.py:188} INFO - [2024-07-13T00:44:02.889+0000] {dag.py:3954} INFO - Setting next_dagrun for example_display_name to None, run_after=None
[2024-07-13T00:44:02.923+0000] {processor.py:183} INFO - Processing /home/airflow/.local/lib/python3.11/site-packages/airflow/example_dags/example_display_name.py took 0.315 seconds
[2024-07-13T00:44:33.748+0000] {processor.py:161} INFO - Started process (PID=114) to work on /home/airflow/.local/lib/python3.11/site-packages/airflow/example_dags/example_display_name.py
[2024-07-13T00:44:33.750+0000] {processor.py:830} INFO - Processing file /home/airflow/.local/lib/python3.11/site-packages/airflow/example_dags/example_display_name.py for tasks to queue
[2024-07-13T00:44:33.753+0000] {logging_mixin.py:188} INFO - [2024-07-13T00:44:33.753+0000] {dagbag.py:545} INFO - Filling up the DagBag from /home/airflow/.local/lib/python3.11/site-packages/airflow/example_dags/example_display_name.py
[2024-07-13T00:44:33.765+0000] {processor.py:840} INFO - DAG(s) 'example_display_name' retrieved from /home/airflow/.local/lib/python3.11/site-packages/airflow/example_dags/example_display_name.py
[2024-07-13T00:44:33.811+0000] {logging_mixin.py:188} INFO - [2024-07-13T00:44:33.810+0000] {dag.py:3096} INFO - Sync 1 DAGs
[2024-07-13T00:44:33.853+0000] {logging_mixin.py:188} INFO - [2024-07-13T00:44:33.852+0000] {dag.py:3954} INFO - Setting next_dagrun for example_display_name to None, run_after=None
[2024-07-13T00:44:33.895+0000] {processor.py:183} INFO - Processing /home/airflow/.local/lib/python3.11/site-packages/airflow/example_dags/example_display_name.py took 0.158 seconds
[2024-07-13T00:45:06.406+0000] {processor.py:161} INFO - Started process (PID=175) to work on /home/airflow/.local/lib/python3.11/site-packages/airflow/example_dags/example_display_name.py
[2024-07-13T00:45:06.408+0000] {processor.py:830} INFO - Processing file /home/airflow/.local/lib/python3.11/site-packages/airflow/example_dags/example_display_name.py for tasks to queue
[2024-07-13T00:45:06.411+0000] {logging_mixin.py:188} INFO - [2024-07-13T00:45:06.411+0000] {dagbag.py:545} INFO - Filling up the DagBag from /home/airflow/.local/lib/python3.11/site-packages/airflow/example_dags/example_display_name.py
[2024-07-13T00:45:06.423+0000] {processor.py:840} INFO - DAG(s) 'example_display_name' retrieved from /home/airflow/.local/lib/python3.11/site-packages/airflow/example_dags/example_display_name.py
[2024-07-13T00:45:06.457+0000] {logging_mixin.py:188} INFO - [2024-07-13T00:45:06.456+0000] {dag.py:3096} INFO - Sync 1 DAGs
[2024-07-13T00:45:06.477+0000] {logging_mixin.py:188} INFO - [2024-07-13T00:45:06.477+0000] {dag.py:3954} INFO - Setting next_dagrun for example_display_name to None, run_after=None
[2024-07-13T00:45:06.505+0000] {processor.py:183} INFO - Processing /home/airflow/.local/lib/python3.11/site-packages/airflow/example_dags/example_display_name.py took 0.111 seconds
[2024-07-13T00:45:39.358+0000] {processor.py:161} INFO - Started process (PID=237) to work on /home/airflow/.local/lib/python3.11/site-packages/airflow/example_dags/example_display_name.py
[2024-07-13T00:45:39.360+0000] {processor.py:830} INFO - Processing file /home/airflow/.local/lib/python3.11/site-packages/airflow/example_dags/example_display_name.py for tasks to queue
[2024-07-13T00:45:39.364+0000] {logging_mixin.py:188} INFO - [2024-07-13T00:45:39.363+0000] {dagbag.py:545} INFO - Filling up the DagBag from /home/airflow/.local/lib/python3.11/site-packages/airflow/example_dags/example_display_name.py
[2024-07-13T00:45:39.377+0000] {processor.py:840} INFO - DAG(s) 'example_display_name' retrieved from /home/airflow/.local/lib/python3.11/site-packages/airflow/example_dags/example_display_name.py
[2024-07-13T00:45:39.412+0000] {logging_mixin.py:188} INFO - [2024-07-13T00:45:39.411+0000] {dag.py:3096} INFO - Sync 1 DAGs
[2024-07-13T00:45:39.431+0000] {logging_mixin.py:188} INFO - [2024-07-13T00:45:39.430+0000] {dag.py:3954} INFO - Setting next_dagrun for example_display_name to None, run_after=None
[2024-07-13T00:45:39.460+0000] {processor.py:183} INFO - Processing /home/airflow/.local/lib/python3.11/site-packages/airflow/example_dags/example_display_name.py took 0.115 seconds
[2024-07-13T00:46:12.071+0000] {processor.py:161} INFO - Started process (PID=298) to work on /home/airflow/.local/lib/python3.11/site-packages/airflow/example_dags/example_display_name.py
[2024-07-13T00:46:12.074+0000] {processor.py:830} INFO - Processing file /home/airflow/.local/lib/python3.11/site-packages/airflow/example_dags/example_display_name.py for tasks to queue
[2024-07-13T00:46:12.077+0000] {logging_mixin.py:188} INFO - [2024-07-13T00:46:12.077+0000] {dagbag.py:545} INFO - Filling up the DagBag from /home/airflow/.local/lib/python3.11/site-packages/airflow/example_dags/example_display_name.py
[2024-07-13T00:46:12.091+0000] {processor.py:840} INFO - DAG(s) 'example_display_name' retrieved from /home/airflow/.local/lib/python3.11/site-packages/airflow/example_dags/example_display_name.py
[2024-07-13T00:46:12.127+0000] {logging_mixin.py:188} INFO - [2024-07-13T00:46:12.126+0000] {dag.py:3096} INFO - Sync 1 DAGs
[2024-07-13T00:46:12.146+0000] {logging_mixin.py:188} INFO - [2024-07-13T00:46:12.146+0000] {dag.py:3954} INFO - Setting next_dagrun for example_display_name to None, run_after=None
[2024-07-13T00:46:12.175+0000] {processor.py:183} INFO - Processing /home/airflow/.local/lib/python3.11/site-packages/airflow/example_dags/example_display_name.py took 0.118 seconds
[2024-07-13T00:46:45.517+0000] {processor.py:161} INFO - Started process (PID=366) to work on /home/airflow/.local/lib/python3.11/site-packages/airflow/example_dags/example_display_name.py
[2024-07-13T00:46:45.519+0000] {processor.py:830} INFO - Processing file /home/airflow/.local/lib/python3.11/site-packages/airflow/example_dags/example_display_name.py for tasks to queue
[2024-07-13T00:46:45.522+0000] {logging_mixin.py:188} INFO - [2024-07-13T00:46:45.522+0000] {dagbag.py:545} INFO - Filling up the DagBag from /home/airflow/.local/lib/python3.11/site-packages/airflow/example_dags/example_display_name.py
[2024-07-13T00:46:45.534+0000] {processor.py:840} INFO - DAG(s) 'example_display_name' retrieved from /home/airflow/.local/lib/python3.11/site-packages/airflow/example_dags/example_display_name.py
[2024-07-13T00:46:45.572+0000] {logging_mixin.py:188} INFO - [2024-07-13T00:46:45.571+0000] {dag.py:3096} INFO - Sync 1 DAGs
[2024-07-13T00:46:45.597+0000] {logging_mixin.py:188} INFO - [2024-07-13T00:46:45.597+0000] {dag.py:3954} INFO - Setting next_dagrun for example_display_name to None, run_after=None
[2024-07-13T00:46:45.625+0000] {processor.py:183} INFO - Processing /home/airflow/.local/lib/python3.11/site-packages/airflow/example_dags/example_display_name.py took 0.121 seconds
[2024-07-13T00:47:19.068+0000] {processor.py:161} INFO - Started process (PID=427) to work on /home/airflow/.local/lib/python3.11/site-packages/airflow/example_dags/example_display_name.py
[2024-07-13T00:47:19.070+0000] {processor.py:830} INFO - Processing file /home/airflow/.local/lib/python3.11/site-packages/airflow/example_dags/example_display_name.py for tasks to queue
[2024-07-13T00:47:19.073+0000] {logging_mixin.py:188} INFO - [2024-07-13T00:47:19.072+0000] {dagbag.py:545} INFO - Filling up the DagBag from /home/airflow/.local/lib/python3.11/site-packages/airflow/example_dags/example_display_name.py
[2024-07-13T00:47:19.085+0000] {processor.py:840} INFO - DAG(s) 'example_display_name' retrieved from /home/airflow/.local/lib/python3.11/site-packages/airflow/example_dags/example_display_name.py
[2024-07-13T00:47:19.120+0000] {logging_mixin.py:188} INFO - [2024-07-13T00:47:19.119+0000] {dag.py:3096} INFO - Sync 1 DAGs
[2024-07-13T00:47:19.142+0000] {logging_mixin.py:188} INFO - [2024-07-13T00:47:19.142+0000] {dag.py:3954} INFO - Setting next_dagrun for example_display_name to None, run_after=None
[2024-07-13T00:47:19.173+0000] {processor.py:183} INFO - Processing /home/airflow/.local/lib/python3.11/site-packages/airflow/example_dags/example_display_name.py took 0.118 seconds
[2024-07-13T00:47:55.893+0000] {processor.py:161} INFO - Started process (PID=488) to work on /home/airflow/.local/lib/python3.11/site-packages/airflow/example_dags/example_display_name.py
[2024-07-13T00:47:55.895+0000] {processor.py:830} INFO - Processing file /home/airflow/.local/lib/python3.11/site-packages/airflow/example_dags/example_display_name.py for tasks to queue
[2024-07-13T00:47:55.899+0000] {logging_mixin.py:188} INFO - [2024-07-13T00:47:55.898+0000] {dagbag.py:545} INFO - Filling up the DagBag from /home/airflow/.local/lib/python3.11/site-packages/airflow/example_dags/example_display_name.py
[2024-07-13T00:47:55.912+0000] {processor.py:840} INFO - DAG(s) 'example_display_name' retrieved from /home/airflow/.local/lib/python3.11/site-packages/airflow/example_dags/example_display_name.py
[2024-07-13T00:47:55.949+0000] {logging_mixin.py:188} INFO - [2024-07-13T00:47:55.948+0000] {dag.py:3096} INFO - Sync 1 DAGs
[2024-07-13T00:47:55.970+0000] {logging_mixin.py:188} INFO - [2024-07-13T00:47:55.970+0000] {dag.py:3954} INFO - Setting next_dagrun for example_display_name to None, run_after=None
[2024-07-13T00:47:56.004+0000] {processor.py:183} INFO - Processing /home/airflow/.local/lib/python3.11/site-packages/airflow/example_dags/example_display_name.py took 0.122 seconds
[2024-07-13T00:48:30.584+0000] {processor.py:161} INFO - Started process (PID=550) to work on /home/airflow/.local/lib/python3.11/site-packages/airflow/example_dags/example_display_name.py
[2024-07-13T00:48:30.586+0000] {processor.py:830} INFO - Processing file /home/airflow/.local/lib/python3.11/site-packages/airflow/example_dags/example_display_name.py for tasks to queue
[2024-07-13T00:48:30.589+0000] {logging_mixin.py:188} INFO - [2024-07-13T00:48:30.589+0000] {dagbag.py:545} INFO - Filling up the DagBag from /home/airflow/.local/lib/python3.11/site-packages/airflow/example_dags/example_display_name.py
[2024-07-13T00:48:30.604+0000] {processor.py:840} INFO - DAG(s) 'example_display_name' retrieved from /home/airflow/.local/lib/python3.11/site-packages/airflow/example_dags/example_display_name.py
[2024-07-13T00:48:30.644+0000] {logging_mixin.py:188} INFO - [2024-07-13T00:48:30.643+0000] {dag.py:3096} INFO - Sync 1 DAGs
[2024-07-13T00:48:30.664+0000] {logging_mixin.py:188} INFO - [2024-07-13T00:48:30.664+0000] {dag.py:3954} INFO - Setting next_dagrun for example_display_name to None, run_after=None
[2024-07-13T00:48:30.693+0000] {processor.py:183} INFO - Processing /home/airflow/.local/lib/python3.11/site-packages/airflow/example_dags/example_display_name.py took 0.120 seconds
[2024-07-13T00:49:05.384+0000] {processor.py:161} INFO - Started process (PID=614) to work on /home/airflow/.local/lib/python3.11/site-packages/airflow/example_dags/example_display_name.py
[2024-07-13T00:49:05.387+0000] {processor.py:830} INFO - Processing file /home/airflow/.local/lib/python3.11/site-packages/airflow/example_dags/example_display_name.py for tasks to queue
[2024-07-13T00:49:05.390+0000] {logging_mixin.py:188} INFO - [2024-07-13T00:49:05.389+0000] {dagbag.py:545} INFO - Filling up the DagBag from /home/airflow/.local/lib/python3.11/site-packages/airflow/example_dags/example_display_name.py
[2024-07-13T00:49:05.403+0000] {processor.py:840} INFO - DAG(s) 'example_display_name' retrieved from /home/airflow/.local/lib/python3.11/site-packages/airflow/example_dags/example_display_name.py
[2024-07-13T00:49:05.441+0000] {logging_mixin.py:188} INFO - [2024-07-13T00:49:05.440+0000] {dag.py:3096} INFO - Sync 1 DAGs
[2024-07-13T00:49:05.462+0000] {logging_mixin.py:188} INFO - [2024-07-13T00:49:05.462+0000] {dag.py:3954} INFO - Setting next_dagrun for example_display_name to None, run_after=None
[2024-07-13T00:49:05.496+0000] {processor.py:183} INFO - Processing /home/airflow/.local/lib/python3.11/site-packages/airflow/example_dags/example_display_name.py took 0.124 seconds
[2024-07-13T00:49:39.178+0000] {processor.py:161} INFO - Started process (PID=676) to work on /home/airflow/.local/lib/python3.11/site-packages/airflow/example_dags/example_display_name.py
[2024-07-13T00:49:39.183+0000] {processor.py:830} INFO - Processing file /home/airflow/.local/lib/python3.11/site-packages/airflow/example_dags/example_display_name.py for tasks to queue
[2024-07-13T00:49:39.188+0000] {logging_mixin.py:188} INFO - [2024-07-13T00:49:39.187+0000] {dagbag.py:545} INFO - Filling up the DagBag from /home/airflow/.local/lib/python3.11/site-packages/airflow/example_dags/example_display_name.py
[2024-07-13T00:49:39.203+0000] {processor.py:840} INFO - DAG(s) 'example_display_name' retrieved from /home/airflow/.local/lib/python3.11/site-packages/airflow/example_dags/example_display_name.py
[2024-07-13T00:49:39.236+0000] {logging_mixin.py:188} INFO - [2024-07-13T00:49:39.236+0000] {dag.py:3096} INFO - Sync 1 DAGs
[2024-07-13T00:49:39.257+0000] {logging_mixin.py:188} INFO - [2024-07-13T00:49:39.256+0000] {dag.py:3954} INFO - Setting next_dagrun for example_display_name to None, run_after=None
[2024-07-13T00:49:39.286+0000] {processor.py:183} INFO - Processing /home/airflow/.local/lib/python3.11/site-packages/airflow/example_dags/example_display_name.py took 0.124 seconds
[2024-07-13T00:50:13.525+0000] {processor.py:161} INFO - Started process (PID=742) to work on /home/airflow/.local/lib/python3.11/site-packages/airflow/example_dags/example_display_name.py
[2024-07-13T00:50:13.527+0000] {processor.py:830} INFO - Processing file /home/airflow/.local/lib/python3.11/site-packages/airflow/example_dags/example_display_name.py for tasks to queue
[2024-07-13T00:50:13.530+0000] {logging_mixin.py:188} INFO - [2024-07-13T00:50:13.529+0000] {dagbag.py:545} INFO - Filling up the DagBag from /home/airflow/.local/lib/python3.11/site-packages/airflow/example_dags/example_display_name.py
[2024-07-13T00:50:13.543+0000] {processor.py:840} INFO - DAG(s) 'example_display_name' retrieved from /home/airflow/.local/lib/python3.11/site-packages/airflow/example_dags/example_display_name.py
[2024-07-13T00:50:13.580+0000] {logging_mixin.py:188} INFO - [2024-07-13T00:50:13.579+0000] {dag.py:3096} INFO - Sync 1 DAGs
[2024-07-13T00:50:13.602+0000] {logging_mixin.py:188} INFO - [2024-07-13T00:50:13.602+0000] {dag.py:3954} INFO - Setting next_dagrun for example_display_name to None, run_after=None
[2024-07-13T00:50:13.630+0000] {processor.py:183} INFO - Processing /home/airflow/.local/lib/python3.11/site-packages/airflow/example_dags/example_display_name.py took 0.119 seconds
[2024-07-13T00:50:46.348+0000] {processor.py:161} INFO - Started process (PID=810) to work on /home/airflow/.local/lib/python3.11/site-packages/airflow/example_dags/example_display_name.py
[2024-07-13T00:50:46.350+0000] {processor.py:830} INFO - Processing file /home/airflow/.local/lib/python3.11/site-packages/airflow/example_dags/example_display_name.py for tasks to queue
[2024-07-13T00:50:46.353+0000] {logging_mixin.py:188} INFO - [2024-07-13T00:50:46.353+0000] {dagbag.py:545} INFO - Filling up the DagBag from /home/airflow/.local/lib/python3.11/site-packages/airflow/example_dags/example_display_name.py
[2024-07-13T00:50:46.365+0000] {processor.py:840} INFO - DAG(s) 'example_display_name' retrieved from /home/airflow/.local/lib/python3.11/site-packages/airflow/example_dags/example_display_name.py
[2024-07-13T00:50:46.398+0000] {logging_mixin.py:188} INFO - [2024-07-13T00:50:46.397+0000] {dag.py:3096} INFO - Sync 1 DAGs
[2024-07-13T00:50:46.418+0000] {logging_mixin.py:188} INFO - [2024-07-13T00:50:46.418+0000] {dag.py:3954} INFO - Setting next_dagrun for example_display_name to None, run_after=None
[2024-07-13T00:50:46.445+0000] {processor.py:183} INFO - Processing /home/airflow/.local/lib/python3.11/site-packages/airflow/example_dags/example_display_name.py took 0.109 seconds
[2024-07-13T00:51:20.082+0000] {processor.py:161} INFO - Started process (PID=872) to work on /home/airflow/.local/lib/python3.11/site-packages/airflow/example_dags/example_display_name.py
[2024-07-13T00:51:20.083+0000] {processor.py:830} INFO - Processing file /home/airflow/.local/lib/python3.11/site-packages/airflow/example_dags/example_display_name.py for tasks to queue
[2024-07-13T00:51:20.086+0000] {logging_mixin.py:188} INFO - [2024-07-13T00:51:20.085+0000] {dagbag.py:545} INFO - Filling up the DagBag from /home/airflow/.local/lib/python3.11/site-packages/airflow/example_dags/example_display_name.py
[2024-07-13T00:51:20.098+0000] {processor.py:840} INFO - DAG(s) 'example_display_name' retrieved from /home/airflow/.local/lib/python3.11/site-packages/airflow/example_dags/example_display_name.py
[2024-07-13T00:51:20.132+0000] {logging_mixin.py:188} INFO - [2024-07-13T00:51:20.131+0000] {dag.py:3096} INFO - Sync 1 DAGs
[2024-07-13T00:51:20.155+0000] {logging_mixin.py:188} INFO - [2024-07-13T00:51:20.154+0000] {dag.py:3954} INFO - Setting next_dagrun for example_display_name to None, run_after=None
[2024-07-13T00:51:20.181+0000] {processor.py:183} INFO - Processing /home/airflow/.local/lib/python3.11/site-packages/airflow/example_dags/example_display_name.py took 0.111 seconds
[2024-07-13T00:51:53.288+0000] {processor.py:161} INFO - Started process (PID=934) to work on /home/airflow/.local/lib/python3.11/site-packages/airflow/example_dags/example_display_name.py
[2024-07-13T00:51:53.291+0000] {processor.py:830} INFO - Processing file /home/airflow/.local/lib/python3.11/site-packages/airflow/example_dags/example_display_name.py for tasks to queue
[2024-07-13T00:51:53.295+0000] {logging_mixin.py:188} INFO - [2024-07-13T00:51:53.294+0000] {dagbag.py:545} INFO - Filling up the DagBag from /home/airflow/.local/lib/python3.11/site-packages/airflow/example_dags/example_display_name.py
[2024-07-13T00:51:53.310+0000] {processor.py:840} INFO - DAG(s) 'example_display_name' retrieved from /home/airflow/.local/lib/python3.11/site-packages/airflow/example_dags/example_display_name.py
[2024-07-13T00:51:53.352+0000] {logging_mixin.py:188} INFO - [2024-07-13T00:51:53.351+0000] {dag.py:3096} INFO - Sync 1 DAGs
[2024-07-13T00:51:53.379+0000] {logging_mixin.py:188} INFO - [2024-07-13T00:51:53.378+0000] {dag.py:3954} INFO - Setting next_dagrun for example_display_name to None, run_after=None
[2024-07-13T00:51:53.414+0000] {processor.py:183} INFO - Processing /home/airflow/.local/lib/python3.11/site-packages/airflow/example_dags/example_display_name.py took 0.140 seconds
[2024-07-13T00:52:26.199+0000] {processor.py:161} INFO - Started process (PID=997) to work on /home/airflow/.local/lib/python3.11/site-packages/airflow/example_dags/example_display_name.py
[2024-07-13T00:52:26.200+0000] {processor.py:830} INFO - Processing file /home/airflow/.local/lib/python3.11/site-packages/airflow/example_dags/example_display_name.py for tasks to queue
[2024-07-13T00:52:26.203+0000] {logging_mixin.py:188} INFO - [2024-07-13T00:52:26.202+0000] {dagbag.py:545} INFO - Filling up the DagBag from /home/airflow/.local/lib/python3.11/site-packages/airflow/example_dags/example_display_name.py
[2024-07-13T00:52:26.214+0000] {processor.py:840} INFO - DAG(s) 'example_display_name' retrieved from /home/airflow/.local/lib/python3.11/site-packages/airflow/example_dags/example_display_name.py
[2024-07-13T00:52:26.246+0000] {logging_mixin.py:188} INFO - [2024-07-13T00:52:26.245+0000] {dag.py:3096} INFO - Sync 1 DAGs
[2024-07-13T00:52:26.265+0000] {logging_mixin.py:188} INFO - [2024-07-13T00:52:26.265+0000] {dag.py:3954} INFO - Setting next_dagrun for example_display_name to None, run_after=None
[2024-07-13T00:52:26.290+0000] {processor.py:183} INFO - Processing /home/airflow/.local/lib/python3.11/site-packages/airflow/example_dags/example_display_name.py took 0.102 seconds
[2024-07-13T00:52:58.885+0000] {processor.py:161} INFO - Started process (PID=1060) to work on /home/airflow/.local/lib/python3.11/site-packages/airflow/example_dags/example_display_name.py
[2024-07-13T00:52:58.887+0000] {processor.py:830} INFO - Processing file /home/airflow/.local/lib/python3.11/site-packages/airflow/example_dags/example_display_name.py for tasks to queue
[2024-07-13T00:52:58.891+0000] {logging_mixin.py:188} INFO - [2024-07-13T00:52:58.890+0000] {dagbag.py:545} INFO - Filling up the DagBag from /home/airflow/.local/lib/python3.11/site-packages/airflow/example_dags/example_display_name.py
[2024-07-13T00:52:58.903+0000] {processor.py:840} INFO - DAG(s) 'example_display_name' retrieved from /home/airflow/.local/lib/python3.11/site-packages/airflow/example_dags/example_display_name.py
[2024-07-13T00:52:58.944+0000] {logging_mixin.py:188} INFO - [2024-07-13T00:52:58.943+0000] {dag.py:3096} INFO - Sync 1 DAGs
[2024-07-13T00:52:58.968+0000] {logging_mixin.py:188} INFO - [2024-07-13T00:52:58.968+0000] {dag.py:3954} INFO - Setting next_dagrun for example_display_name to None, run_after=None
[2024-07-13T00:52:58.995+0000] {processor.py:183} INFO - Processing /home/airflow/.local/lib/python3.11/site-packages/airflow/example_dags/example_display_name.py took 0.123 seconds
[2024-07-13T00:53:31.836+0000] {processor.py:161} INFO - Started process (PID=1122) to work on /home/airflow/.local/lib/python3.11/site-packages/airflow/example_dags/example_display_name.py
[2024-07-13T00:53:31.839+0000] {processor.py:830} INFO - Processing file /home/airflow/.local/lib/python3.11/site-packages/airflow/example_dags/example_display_name.py for tasks to queue
[2024-07-13T00:53:31.842+0000] {logging_mixin.py:188} INFO - [2024-07-13T00:53:31.841+0000] {dagbag.py:545} INFO - Filling up the DagBag from /home/airflow/.local/lib/python3.11/site-packages/airflow/example_dags/example_display_name.py
[2024-07-13T00:53:31.854+0000] {processor.py:840} INFO - DAG(s) 'example_display_name' retrieved from /home/airflow/.local/lib/python3.11/site-packages/airflow/example_dags/example_display_name.py
[2024-07-13T00:53:31.898+0000] {logging_mixin.py:188} INFO - [2024-07-13T00:53:31.897+0000] {dag.py:3096} INFO - Sync 1 DAGs
[2024-07-13T00:53:31.919+0000] {logging_mixin.py:188} INFO - [2024-07-13T00:53:31.919+0000] {dag.py:3954} INFO - Setting next_dagrun for example_display_name to None, run_after=None
[2024-07-13T00:53:31.951+0000] {processor.py:183} INFO - Processing /home/airflow/.local/lib/python3.11/site-packages/airflow/example_dags/example_display_name.py took 0.127 seconds
[2024-07-13T00:54:04.576+0000] {processor.py:161} INFO - Started process (PID=1184) to work on /home/airflow/.local/lib/python3.11/site-packages/airflow/example_dags/example_display_name.py
[2024-07-13T00:54:04.578+0000] {processor.py:830} INFO - Processing file /home/airflow/.local/lib/python3.11/site-packages/airflow/example_dags/example_display_name.py for tasks to queue
[2024-07-13T00:54:04.581+0000] {logging_mixin.py:188} INFO - [2024-07-13T00:54:04.581+0000] {dagbag.py:545} INFO - Filling up the DagBag from /home/airflow/.local/lib/python3.11/site-packages/airflow/example_dags/example_display_name.py
[2024-07-13T00:54:04.594+0000] {processor.py:840} INFO - DAG(s) 'example_display_name' retrieved from /home/airflow/.local/lib/python3.11/site-packages/airflow/example_dags/example_display_name.py
[2024-07-13T00:54:04.636+0000] {logging_mixin.py:188} INFO - [2024-07-13T00:54:04.635+0000] {dag.py:3096} INFO - Sync 1 DAGs
[2024-07-13T00:54:04.657+0000] {logging_mixin.py:188} INFO - [2024-07-13T00:54:04.656+0000] {dag.py:3954} INFO - Setting next_dagrun for example_display_name to None, run_after=None
[2024-07-13T00:54:04.684+0000] {processor.py:183} INFO - Processing /home/airflow/.local/lib/python3.11/site-packages/airflow/example_dags/example_display_name.py took 0.121 seconds
[2024-07-13T00:54:37.643+0000] {processor.py:161} INFO - Started process (PID=1246) to work on /home/airflow/.local/lib/python3.11/site-packages/airflow/example_dags/example_display_name.py
[2024-07-13T00:54:37.645+0000] {processor.py:830} INFO - Processing file /home/airflow/.local/lib/python3.11/site-packages/airflow/example_dags/example_display_name.py for tasks to queue
[2024-07-13T00:54:37.648+0000] {logging_mixin.py:188} INFO - [2024-07-13T00:54:37.648+0000] {dagbag.py:545} INFO - Filling up the DagBag from /home/airflow/.local/lib/python3.11/site-packages/airflow/example_dags/example_display_name.py
[2024-07-13T00:54:37.660+0000] {processor.py:840} INFO - DAG(s) 'example_display_name' retrieved from /home/airflow/.local/lib/python3.11/site-packages/airflow/example_dags/example_display_name.py
[2024-07-13T00:54:37.696+0000] {logging_mixin.py:188} INFO - [2024-07-13T00:54:37.695+0000] {dag.py:3096} INFO - Sync 1 DAGs
[2024-07-13T00:54:37.715+0000] {logging_mixin.py:188} INFO - [2024-07-13T00:54:37.714+0000] {dag.py:3954} INFO - Setting next_dagrun for example_display_name to None, run_after=None
[2024-07-13T00:54:37.742+0000] {processor.py:183} INFO - Processing /home/airflow/.local/lib/python3.11/site-packages/airflow/example_dags/example_display_name.py took 0.111 seconds
[2024-07-13T00:55:10.333+0000] {processor.py:161} INFO - Started process (PID=1308) to work on /home/airflow/.local/lib/python3.11/site-packages/airflow/example_dags/example_display_name.py
[2024-07-13T00:55:10.335+0000] {processor.py:830} INFO - Processing file /home/airflow/.local/lib/python3.11/site-packages/airflow/example_dags/example_display_name.py for tasks to queue
[2024-07-13T00:55:10.339+0000] {logging_mixin.py:188} INFO - [2024-07-13T00:55:10.338+0000] {dagbag.py:545} INFO - Filling up the DagBag from /home/airflow/.local/lib/python3.11/site-packages/airflow/example_dags/example_display_name.py
[2024-07-13T00:55:10.354+0000] {processor.py:840} INFO - DAG(s) 'example_display_name' retrieved from /home/airflow/.local/lib/python3.11/site-packages/airflow/example_dags/example_display_name.py
[2024-07-13T00:55:10.392+0000] {logging_mixin.py:188} INFO - [2024-07-13T00:55:10.391+0000] {dag.py:3096} INFO - Sync 1 DAGs
[2024-07-13T00:55:10.411+0000] {logging_mixin.py:188} INFO - [2024-07-13T00:55:10.411+0000] {dag.py:3954} INFO - Setting next_dagrun for example_display_name to None, run_after=None
[2024-07-13T00:55:10.438+0000] {processor.py:183} INFO - Processing /home/airflow/.local/lib/python3.11/site-packages/airflow/example_dags/example_display_name.py took 0.119 seconds
[2024-07-13T00:58:59.109+0000] {processor.py:161} INFO - Started process (PID=53) to work on /home/airflow/.local/lib/python3.11/site-packages/airflow/example_dags/example_display_name.py
[2024-07-13T00:58:59.112+0000] {processor.py:830} INFO - Processing file /home/airflow/.local/lib/python3.11/site-packages/airflow/example_dags/example_display_name.py for tasks to queue
[2024-07-13T00:58:59.118+0000] {logging_mixin.py:188} INFO - [2024-07-13T00:58:59.117+0000] {dagbag.py:545} INFO - Filling up the DagBag from /home/airflow/.local/lib/python3.11/site-packages/airflow/example_dags/example_display_name.py
[2024-07-13T00:58:59.135+0000] {processor.py:840} INFO - DAG(s) 'example_display_name' retrieved from /home/airflow/.local/lib/python3.11/site-packages/airflow/example_dags/example_display_name.py
[2024-07-13T00:58:59.363+0000] {logging_mixin.py:188} INFO - [2024-07-13T00:58:59.362+0000] {dag.py:3096} INFO - Sync 1 DAGs
[2024-07-13T00:58:59.385+0000] {logging_mixin.py:188} INFO - [2024-07-13T00:58:59.384+0000] {dag.py:3954} INFO - Setting next_dagrun for example_display_name to None, run_after=None
[2024-07-13T00:58:59.430+0000] {processor.py:183} INFO - Processing /home/airflow/.local/lib/python3.11/site-packages/airflow/example_dags/example_display_name.py took 0.340 seconds
[2024-07-13T00:59:30.381+0000] {processor.py:161} INFO - Started process (PID=115) to work on /home/airflow/.local/lib/python3.11/site-packages/airflow/example_dags/example_display_name.py
[2024-07-13T00:59:30.382+0000] {processor.py:830} INFO - Processing file /home/airflow/.local/lib/python3.11/site-packages/airflow/example_dags/example_display_name.py for tasks to queue
[2024-07-13T00:59:30.387+0000] {logging_mixin.py:188} INFO - [2024-07-13T00:59:30.386+0000] {dagbag.py:545} INFO - Filling up the DagBag from /home/airflow/.local/lib/python3.11/site-packages/airflow/example_dags/example_display_name.py
[2024-07-13T00:59:30.406+0000] {processor.py:840} INFO - DAG(s) 'example_display_name' retrieved from /home/airflow/.local/lib/python3.11/site-packages/airflow/example_dags/example_display_name.py
[2024-07-13T00:59:30.450+0000] {logging_mixin.py:188} INFO - [2024-07-13T00:59:30.448+0000] {dag.py:3096} INFO - Sync 1 DAGs
[2024-07-13T00:59:30.477+0000] {logging_mixin.py:188} INFO - [2024-07-13T00:59:30.477+0000] {dag.py:3954} INFO - Setting next_dagrun for example_display_name to None, run_after=None
[2024-07-13T00:59:30.519+0000] {processor.py:183} INFO - Processing /home/airflow/.local/lib/python3.11/site-packages/airflow/example_dags/example_display_name.py took 0.152 seconds
[2024-07-13T01:00:03.091+0000] {processor.py:161} INFO - Started process (PID=176) to work on /home/airflow/.local/lib/python3.11/site-packages/airflow/example_dags/example_display_name.py
[2024-07-13T01:00:03.094+0000] {processor.py:830} INFO - Processing file /home/airflow/.local/lib/python3.11/site-packages/airflow/example_dags/example_display_name.py for tasks to queue
[2024-07-13T01:00:03.099+0000] {logging_mixin.py:188} INFO - [2024-07-13T01:00:03.098+0000] {dagbag.py:545} INFO - Filling up the DagBag from /home/airflow/.local/lib/python3.11/site-packages/airflow/example_dags/example_display_name.py
[2024-07-13T01:00:03.115+0000] {processor.py:840} INFO - DAG(s) 'example_display_name' retrieved from /home/airflow/.local/lib/python3.11/site-packages/airflow/example_dags/example_display_name.py
[2024-07-13T01:00:03.156+0000] {logging_mixin.py:188} INFO - [2024-07-13T01:00:03.155+0000] {dag.py:3096} INFO - Sync 1 DAGs
[2024-07-13T01:00:03.177+0000] {logging_mixin.py:188} INFO - [2024-07-13T01:00:03.177+0000] {dag.py:3954} INFO - Setting next_dagrun for example_display_name to None, run_after=None
[2024-07-13T01:00:03.214+0000] {processor.py:183} INFO - Processing /home/airflow/.local/lib/python3.11/site-packages/airflow/example_dags/example_display_name.py took 0.137 seconds
[2024-07-13T01:00:36.089+0000] {processor.py:161} INFO - Started process (PID=238) to work on /home/airflow/.local/lib/python3.11/site-packages/airflow/example_dags/example_display_name.py
[2024-07-13T01:00:36.092+0000] {processor.py:830} INFO - Processing file /home/airflow/.local/lib/python3.11/site-packages/airflow/example_dags/example_display_name.py for tasks to queue
[2024-07-13T01:00:36.097+0000] {logging_mixin.py:188} INFO - [2024-07-13T01:00:36.096+0000] {dagbag.py:545} INFO - Filling up the DagBag from /home/airflow/.local/lib/python3.11/site-packages/airflow/example_dags/example_display_name.py
[2024-07-13T01:00:36.113+0000] {processor.py:840} INFO - DAG(s) 'example_display_name' retrieved from /home/airflow/.local/lib/python3.11/site-packages/airflow/example_dags/example_display_name.py
[2024-07-13T01:00:36.163+0000] {logging_mixin.py:188} INFO - [2024-07-13T01:00:36.162+0000] {dag.py:3096} INFO - Sync 1 DAGs
[2024-07-13T01:00:36.189+0000] {logging_mixin.py:188} INFO - [2024-07-13T01:00:36.189+0000] {dag.py:3954} INFO - Setting next_dagrun for example_display_name to None, run_after=None
[2024-07-13T01:00:36.229+0000] {processor.py:183} INFO - Processing /home/airflow/.local/lib/python3.11/site-packages/airflow/example_dags/example_display_name.py took 0.158 seconds
[2024-07-13T01:01:09.401+0000] {processor.py:161} INFO - Started process (PID=306) to work on /home/airflow/.local/lib/python3.11/site-packages/airflow/example_dags/example_display_name.py
[2024-07-13T01:01:09.402+0000] {processor.py:830} INFO - Processing file /home/airflow/.local/lib/python3.11/site-packages/airflow/example_dags/example_display_name.py for tasks to queue
[2024-07-13T01:01:09.405+0000] {logging_mixin.py:188} INFO - [2024-07-13T01:01:09.405+0000] {dagbag.py:545} INFO - Filling up the DagBag from /home/airflow/.local/lib/python3.11/site-packages/airflow/example_dags/example_display_name.py
[2024-07-13T01:01:09.418+0000] {processor.py:840} INFO - DAG(s) 'example_display_name' retrieved from /home/airflow/.local/lib/python3.11/site-packages/airflow/example_dags/example_display_name.py
[2024-07-13T01:01:09.460+0000] {logging_mixin.py:188} INFO - [2024-07-13T01:01:09.459+0000] {dag.py:3096} INFO - Sync 1 DAGs
[2024-07-13T01:01:09.484+0000] {logging_mixin.py:188} INFO - [2024-07-13T01:01:09.484+0000] {dag.py:3954} INFO - Setting next_dagrun for example_display_name to None, run_after=None
[2024-07-13T01:01:09.521+0000] {processor.py:183} INFO - Processing /home/airflow/.local/lib/python3.11/site-packages/airflow/example_dags/example_display_name.py took 0.132 seconds
[2024-07-13T01:01:42.871+0000] {processor.py:161} INFO - Started process (PID=368) to work on /home/airflow/.local/lib/python3.11/site-packages/airflow/example_dags/example_display_name.py
[2024-07-13T01:01:42.874+0000] {processor.py:830} INFO - Processing file /home/airflow/.local/lib/python3.11/site-packages/airflow/example_dags/example_display_name.py for tasks to queue
[2024-07-13T01:01:42.877+0000] {logging_mixin.py:188} INFO - [2024-07-13T01:01:42.876+0000] {dagbag.py:545} INFO - Filling up the DagBag from /home/airflow/.local/lib/python3.11/site-packages/airflow/example_dags/example_display_name.py
[2024-07-13T01:01:42.890+0000] {processor.py:840} INFO - DAG(s) 'example_display_name' retrieved from /home/airflow/.local/lib/python3.11/site-packages/airflow/example_dags/example_display_name.py
[2024-07-13T01:01:42.933+0000] {logging_mixin.py:188} INFO - [2024-07-13T01:01:42.932+0000] {dag.py:3096} INFO - Sync 1 DAGs
[2024-07-13T01:01:42.957+0000] {logging_mixin.py:188} INFO - [2024-07-13T01:01:42.957+0000] {dag.py:3954} INFO - Setting next_dagrun for example_display_name to None, run_after=None
[2024-07-13T01:01:42.997+0000] {processor.py:183} INFO - Processing /home/airflow/.local/lib/python3.11/site-packages/airflow/example_dags/example_display_name.py took 0.138 seconds
[2024-07-13T01:02:16.948+0000] {processor.py:161} INFO - Started process (PID=429) to work on /home/airflow/.local/lib/python3.11/site-packages/airflow/example_dags/example_display_name.py
[2024-07-13T01:02:16.950+0000] {processor.py:830} INFO - Processing file /home/airflow/.local/lib/python3.11/site-packages/airflow/example_dags/example_display_name.py for tasks to queue
[2024-07-13T01:02:16.954+0000] {logging_mixin.py:188} INFO - [2024-07-13T01:02:16.953+0000] {dagbag.py:545} INFO - Filling up the DagBag from /home/airflow/.local/lib/python3.11/site-packages/airflow/example_dags/example_display_name.py
[2024-07-13T01:02:16.969+0000] {processor.py:840} INFO - DAG(s) 'example_display_name' retrieved from /home/airflow/.local/lib/python3.11/site-packages/airflow/example_dags/example_display_name.py
[2024-07-13T01:02:17.014+0000] {logging_mixin.py:188} INFO - [2024-07-13T01:02:17.013+0000] {dag.py:3096} INFO - Sync 1 DAGs
[2024-07-13T01:02:17.040+0000] {logging_mixin.py:188} INFO - [2024-07-13T01:02:17.040+0000] {dag.py:3954} INFO - Setting next_dagrun for example_display_name to None, run_after=None
[2024-07-13T01:02:17.077+0000] {processor.py:183} INFO - Processing /home/airflow/.local/lib/python3.11/site-packages/airflow/example_dags/example_display_name.py took 0.145 seconds
[2024-07-13T01:02:50.726+0000] {processor.py:161} INFO - Started process (PID=491) to work on /home/airflow/.local/lib/python3.11/site-packages/airflow/example_dags/example_display_name.py
[2024-07-13T01:02:50.729+0000] {processor.py:830} INFO - Processing file /home/airflow/.local/lib/python3.11/site-packages/airflow/example_dags/example_display_name.py for tasks to queue
[2024-07-13T01:02:50.733+0000] {logging_mixin.py:188} INFO - [2024-07-13T01:02:50.732+0000] {dagbag.py:545} INFO - Filling up the DagBag from /home/airflow/.local/lib/python3.11/site-packages/airflow/example_dags/example_display_name.py
[2024-07-13T01:02:50.746+0000] {processor.py:840} INFO - DAG(s) 'example_display_name' retrieved from /home/airflow/.local/lib/python3.11/site-packages/airflow/example_dags/example_display_name.py
[2024-07-13T01:02:50.782+0000] {logging_mixin.py:188} INFO - [2024-07-13T01:02:50.781+0000] {dag.py:3096} INFO - Sync 1 DAGs
[2024-07-13T01:02:50.810+0000] {logging_mixin.py:188} INFO - [2024-07-13T01:02:50.810+0000] {dag.py:3954} INFO - Setting next_dagrun for example_display_name to None, run_after=None
[2024-07-13T01:02:50.849+0000] {processor.py:183} INFO - Processing /home/airflow/.local/lib/python3.11/site-packages/airflow/example_dags/example_display_name.py took 0.136 seconds
[2024-07-13T01:03:25.692+0000] {processor.py:161} INFO - Started process (PID=553) to work on /home/airflow/.local/lib/python3.11/site-packages/airflow/example_dags/example_display_name.py
[2024-07-13T01:03:25.696+0000] {processor.py:830} INFO - Processing file /home/airflow/.local/lib/python3.11/site-packages/airflow/example_dags/example_display_name.py for tasks to queue
[2024-07-13T01:03:25.703+0000] {logging_mixin.py:188} INFO - [2024-07-13T01:03:25.701+0000] {dagbag.py:545} INFO - Filling up the DagBag from /home/airflow/.local/lib/python3.11/site-packages/airflow/example_dags/example_display_name.py
[2024-07-13T01:03:25.728+0000] {processor.py:840} INFO - DAG(s) 'example_display_name' retrieved from /home/airflow/.local/lib/python3.11/site-packages/airflow/example_dags/example_display_name.py
[2024-07-13T01:03:25.785+0000] {logging_mixin.py:188} INFO - [2024-07-13T01:03:25.783+0000] {dag.py:3096} INFO - Sync 1 DAGs
[2024-07-13T01:03:25.819+0000] {logging_mixin.py:188} INFO - [2024-07-13T01:03:25.819+0000] {dag.py:3954} INFO - Setting next_dagrun for example_display_name to None, run_after=None
[2024-07-13T01:03:25.874+0000] {processor.py:183} INFO - Processing /home/airflow/.local/lib/python3.11/site-packages/airflow/example_dags/example_display_name.py took 0.243 seconds
[2024-07-13T01:03:59.601+0000] {processor.py:161} INFO - Started process (PID=616) to work on /home/airflow/.local/lib/python3.11/site-packages/airflow/example_dags/example_display_name.py
[2024-07-13T01:03:59.604+0000] {processor.py:830} INFO - Processing file /home/airflow/.local/lib/python3.11/site-packages/airflow/example_dags/example_display_name.py for tasks to queue
[2024-07-13T01:03:59.608+0000] {logging_mixin.py:188} INFO - [2024-07-13T01:03:59.607+0000] {dagbag.py:545} INFO - Filling up the DagBag from /home/airflow/.local/lib/python3.11/site-packages/airflow/example_dags/example_display_name.py
[2024-07-13T01:03:59.621+0000] {processor.py:840} INFO - DAG(s) 'example_display_name' retrieved from /home/airflow/.local/lib/python3.11/site-packages/airflow/example_dags/example_display_name.py
[2024-07-13T01:03:59.662+0000] {logging_mixin.py:188} INFO - [2024-07-13T01:03:59.661+0000] {dag.py:3096} INFO - Sync 1 DAGs
[2024-07-13T01:03:59.686+0000] {logging_mixin.py:188} INFO - [2024-07-13T01:03:59.685+0000] {dag.py:3954} INFO - Setting next_dagrun for example_display_name to None, run_after=None
[2024-07-13T01:03:59.719+0000] {processor.py:183} INFO - Processing /home/airflow/.local/lib/python3.11/site-packages/airflow/example_dags/example_display_name.py took 0.133 seconds
[2024-07-13T01:04:33.178+0000] {processor.py:161} INFO - Started process (PID=678) to work on /home/airflow/.local/lib/python3.11/site-packages/airflow/example_dags/example_display_name.py
[2024-07-13T01:04:33.181+0000] {processor.py:830} INFO - Processing file /home/airflow/.local/lib/python3.11/site-packages/airflow/example_dags/example_display_name.py for tasks to queue
[2024-07-13T01:04:33.184+0000] {logging_mixin.py:188} INFO - [2024-07-13T01:04:33.183+0000] {dagbag.py:545} INFO - Filling up the DagBag from /home/airflow/.local/lib/python3.11/site-packages/airflow/example_dags/example_display_name.py
[2024-07-13T01:04:33.194+0000] {processor.py:840} INFO - DAG(s) 'example_display_name' retrieved from /home/airflow/.local/lib/python3.11/site-packages/airflow/example_dags/example_display_name.py
[2024-07-13T01:04:33.232+0000] {logging_mixin.py:188} INFO - [2024-07-13T01:04:33.231+0000] {dag.py:3096} INFO - Sync 1 DAGs
[2024-07-13T01:04:33.254+0000] {logging_mixin.py:188} INFO - [2024-07-13T01:04:33.253+0000] {dag.py:3954} INFO - Setting next_dagrun for example_display_name to None, run_after=None
[2024-07-13T01:04:33.284+0000] {processor.py:183} INFO - Processing /home/airflow/.local/lib/python3.11/site-packages/airflow/example_dags/example_display_name.py took 0.117 seconds
[2024-07-13T01:05:06.345+0000] {processor.py:161} INFO - Started process (PID=740) to work on /home/airflow/.local/lib/python3.11/site-packages/airflow/example_dags/example_display_name.py
[2024-07-13T01:05:06.347+0000] {processor.py:830} INFO - Processing file /home/airflow/.local/lib/python3.11/site-packages/airflow/example_dags/example_display_name.py for tasks to queue
[2024-07-13T01:05:06.350+0000] {logging_mixin.py:188} INFO - [2024-07-13T01:05:06.350+0000] {dagbag.py:545} INFO - Filling up the DagBag from /home/airflow/.local/lib/python3.11/site-packages/airflow/example_dags/example_display_name.py
[2024-07-13T01:05:06.362+0000] {processor.py:840} INFO - DAG(s) 'example_display_name' retrieved from /home/airflow/.local/lib/python3.11/site-packages/airflow/example_dags/example_display_name.py
[2024-07-13T01:05:06.404+0000] {logging_mixin.py:188} INFO - [2024-07-13T01:05:06.402+0000] {dag.py:3096} INFO - Sync 1 DAGs
[2024-07-13T01:05:06.425+0000] {logging_mixin.py:188} INFO - [2024-07-13T01:05:06.425+0000] {dag.py:3954} INFO - Setting next_dagrun for example_display_name to None, run_after=None
[2024-07-13T01:05:06.452+0000] {processor.py:183} INFO - Processing /home/airflow/.local/lib/python3.11/site-packages/airflow/example_dags/example_display_name.py took 0.119 seconds
[2024-07-13T01:05:41.949+0000] {processor.py:161} INFO - Started process (PID=809) to work on /home/airflow/.local/lib/python3.11/site-packages/airflow/example_dags/example_display_name.py
[2024-07-13T01:05:41.951+0000] {processor.py:830} INFO - Processing file /home/airflow/.local/lib/python3.11/site-packages/airflow/example_dags/example_display_name.py for tasks to queue
[2024-07-13T01:05:41.955+0000] {logging_mixin.py:188} INFO - [2024-07-13T01:05:41.954+0000] {dagbag.py:545} INFO - Filling up the DagBag from /home/airflow/.local/lib/python3.11/site-packages/airflow/example_dags/example_display_name.py
[2024-07-13T01:05:41.968+0000] {processor.py:840} INFO - DAG(s) 'example_display_name' retrieved from /home/airflow/.local/lib/python3.11/site-packages/airflow/example_dags/example_display_name.py
[2024-07-13T01:05:42.010+0000] {logging_mixin.py:188} INFO - [2024-07-13T01:05:42.009+0000] {dag.py:3096} INFO - Sync 1 DAGs
[2024-07-13T01:05:42.450+0000] {logging_mixin.py:188} INFO - [2024-07-13T01:05:42.450+0000] {dag.py:3954} INFO - Setting next_dagrun for example_display_name to None, run_after=None
[2024-07-13T01:05:42.481+0000] {processor.py:183} INFO - Processing /home/airflow/.local/lib/python3.11/site-packages/airflow/example_dags/example_display_name.py took 0.545 seconds
[2024-07-13T01:06:13.461+0000] {processor.py:161} INFO - Started process (PID=871) to work on /home/airflow/.local/lib/python3.11/site-packages/airflow/example_dags/example_display_name.py
[2024-07-13T01:06:13.463+0000] {processor.py:830} INFO - Processing file /home/airflow/.local/lib/python3.11/site-packages/airflow/example_dags/example_display_name.py for tasks to queue
[2024-07-13T01:06:13.467+0000] {logging_mixin.py:188} INFO - [2024-07-13T01:06:13.466+0000] {dagbag.py:545} INFO - Filling up the DagBag from /home/airflow/.local/lib/python3.11/site-packages/airflow/example_dags/example_display_name.py
[2024-07-13T01:06:13.481+0000] {processor.py:840} INFO - DAG(s) 'example_display_name' retrieved from /home/airflow/.local/lib/python3.11/site-packages/airflow/example_dags/example_display_name.py
[2024-07-13T01:06:13.540+0000] {logging_mixin.py:188} INFO - [2024-07-13T01:06:13.539+0000] {dag.py:3096} INFO - Sync 1 DAGs
[2024-07-13T01:06:13.573+0000] {logging_mixin.py:188} INFO - [2024-07-13T01:06:13.572+0000] {dag.py:3954} INFO - Setting next_dagrun for example_display_name to None, run_after=None
[2024-07-13T01:06:13.612+0000] {processor.py:183} INFO - Processing /home/airflow/.local/lib/python3.11/site-packages/airflow/example_dags/example_display_name.py took 0.166 seconds
[2024-07-13T01:06:46.017+0000] {processor.py:161} INFO - Started process (PID=933) to work on /home/airflow/.local/lib/python3.11/site-packages/airflow/example_dags/example_display_name.py
[2024-07-13T01:06:46.019+0000] {processor.py:830} INFO - Processing file /home/airflow/.local/lib/python3.11/site-packages/airflow/example_dags/example_display_name.py for tasks to queue
[2024-07-13T01:06:46.022+0000] {logging_mixin.py:188} INFO - [2024-07-13T01:06:46.021+0000] {dagbag.py:545} INFO - Filling up the DagBag from /home/airflow/.local/lib/python3.11/site-packages/airflow/example_dags/example_display_name.py
[2024-07-13T01:06:46.033+0000] {processor.py:840} INFO - DAG(s) 'example_display_name' retrieved from /home/airflow/.local/lib/python3.11/site-packages/airflow/example_dags/example_display_name.py
[2024-07-13T01:06:46.073+0000] {logging_mixin.py:188} INFO - [2024-07-13T01:06:46.072+0000] {dag.py:3096} INFO - Sync 1 DAGs
[2024-07-13T01:06:46.092+0000] {logging_mixin.py:188} INFO - [2024-07-13T01:06:46.092+0000] {dag.py:3954} INFO - Setting next_dagrun for example_display_name to None, run_after=None
[2024-07-13T01:06:46.125+0000] {processor.py:183} INFO - Processing /home/airflow/.local/lib/python3.11/site-packages/airflow/example_dags/example_display_name.py took 0.120 seconds
[2024-07-13T01:07:19.230+0000] {processor.py:161} INFO - Started process (PID=995) to work on /home/airflow/.local/lib/python3.11/site-packages/airflow/example_dags/example_display_name.py
[2024-07-13T01:07:19.232+0000] {processor.py:830} INFO - Processing file /home/airflow/.local/lib/python3.11/site-packages/airflow/example_dags/example_display_name.py for tasks to queue
[2024-07-13T01:07:19.236+0000] {logging_mixin.py:188} INFO - [2024-07-13T01:07:19.235+0000] {dagbag.py:545} INFO - Filling up the DagBag from /home/airflow/.local/lib/python3.11/site-packages/airflow/example_dags/example_display_name.py
[2024-07-13T01:07:19.250+0000] {processor.py:840} INFO - DAG(s) 'example_display_name' retrieved from /home/airflow/.local/lib/python3.11/site-packages/airflow/example_dags/example_display_name.py
[2024-07-13T01:07:19.293+0000] {logging_mixin.py:188} INFO - [2024-07-13T01:07:19.292+0000] {dag.py:3096} INFO - Sync 1 DAGs
[2024-07-13T01:07:19.316+0000] {logging_mixin.py:188} INFO - [2024-07-13T01:07:19.316+0000] {dag.py:3954} INFO - Setting next_dagrun for example_display_name to None, run_after=None
[2024-07-13T01:07:19.351+0000] {processor.py:183} INFO - Processing /home/airflow/.local/lib/python3.11/site-packages/airflow/example_dags/example_display_name.py took 0.135 seconds
[2024-07-13T01:07:52.906+0000] {processor.py:161} INFO - Started process (PID=1061) to work on /home/airflow/.local/lib/python3.11/site-packages/airflow/example_dags/example_display_name.py
[2024-07-13T01:07:52.909+0000] {processor.py:830} INFO - Processing file /home/airflow/.local/lib/python3.11/site-packages/airflow/example_dags/example_display_name.py for tasks to queue
[2024-07-13T01:07:52.913+0000] {logging_mixin.py:188} INFO - [2024-07-13T01:07:52.912+0000] {dagbag.py:545} INFO - Filling up the DagBag from /home/airflow/.local/lib/python3.11/site-packages/airflow/example_dags/example_display_name.py
[2024-07-13T01:07:52.927+0000] {processor.py:840} INFO - DAG(s) 'example_display_name' retrieved from /home/airflow/.local/lib/python3.11/site-packages/airflow/example_dags/example_display_name.py
[2024-07-13T01:07:52.964+0000] {logging_mixin.py:188} INFO - [2024-07-13T01:07:52.963+0000] {dag.py:3096} INFO - Sync 1 DAGs
[2024-07-13T01:07:52.993+0000] {logging_mixin.py:188} INFO - [2024-07-13T01:07:52.992+0000] {dag.py:3954} INFO - Setting next_dagrun for example_display_name to None, run_after=None
[2024-07-13T01:07:53.029+0000] {processor.py:183} INFO - Processing /home/airflow/.local/lib/python3.11/site-packages/airflow/example_dags/example_display_name.py took 0.140 seconds
[2024-07-13T01:08:26.510+0000] {processor.py:161} INFO - Started process (PID=1123) to work on /home/airflow/.local/lib/python3.11/site-packages/airflow/example_dags/example_display_name.py
[2024-07-13T01:08:26.512+0000] {processor.py:830} INFO - Processing file /home/airflow/.local/lib/python3.11/site-packages/airflow/example_dags/example_display_name.py for tasks to queue
[2024-07-13T01:08:26.515+0000] {logging_mixin.py:188} INFO - [2024-07-13T01:08:26.515+0000] {dagbag.py:545} INFO - Filling up the DagBag from /home/airflow/.local/lib/python3.11/site-packages/airflow/example_dags/example_display_name.py
[2024-07-13T01:08:26.526+0000] {processor.py:840} INFO - DAG(s) 'example_display_name' retrieved from /home/airflow/.local/lib/python3.11/site-packages/airflow/example_dags/example_display_name.py
[2024-07-13T01:08:26.562+0000] {logging_mixin.py:188} INFO - [2024-07-13T01:08:26.561+0000] {dag.py:3096} INFO - Sync 1 DAGs
[2024-07-13T01:08:26.584+0000] {logging_mixin.py:188} INFO - [2024-07-13T01:08:26.584+0000] {dag.py:3954} INFO - Setting next_dagrun for example_display_name to None, run_after=None
[2024-07-13T01:08:26.618+0000] {processor.py:183} INFO - Processing /home/airflow/.local/lib/python3.11/site-packages/airflow/example_dags/example_display_name.py took 0.121 seconds
[2024-07-13T01:08:59.300+0000] {processor.py:161} INFO - Started process (PID=1185) to work on /home/airflow/.local/lib/python3.11/site-packages/airflow/example_dags/example_display_name.py
[2024-07-13T01:08:59.303+0000] {processor.py:830} INFO - Processing file /home/airflow/.local/lib/python3.11/site-packages/airflow/example_dags/example_display_name.py for tasks to queue
[2024-07-13T01:08:59.306+0000] {logging_mixin.py:188} INFO - [2024-07-13T01:08:59.306+0000] {dagbag.py:545} INFO - Filling up the DagBag from /home/airflow/.local/lib/python3.11/site-packages/airflow/example_dags/example_display_name.py
[2024-07-13T01:08:59.323+0000] {processor.py:840} INFO - DAG(s) 'example_display_name' retrieved from /home/airflow/.local/lib/python3.11/site-packages/airflow/example_dags/example_display_name.py
[2024-07-13T01:08:59.362+0000] {logging_mixin.py:188} INFO - [2024-07-13T01:08:59.361+0000] {dag.py:3096} INFO - Sync 1 DAGs
[2024-07-13T01:08:59.387+0000] {logging_mixin.py:188} INFO - [2024-07-13T01:08:59.386+0000] {dag.py:3954} INFO - Setting next_dagrun for example_display_name to None, run_after=None
[2024-07-13T01:08:59.420+0000] {processor.py:183} INFO - Processing /home/airflow/.local/lib/python3.11/site-packages/airflow/example_dags/example_display_name.py took 0.132 seconds
[2024-07-13T01:11:17.825+0000] {processor.py:161} INFO - Started process (PID=51) to work on /home/airflow/.local/lib/python3.11/site-packages/airflow/example_dags/example_display_name.py
[2024-07-13T01:11:17.828+0000] {processor.py:830} INFO - Processing file /home/airflow/.local/lib/python3.11/site-packages/airflow/example_dags/example_display_name.py for tasks to queue
[2024-07-13T01:11:17.832+0000] {logging_mixin.py:188} INFO - [2024-07-13T01:11:17.831+0000] {dagbag.py:545} INFO - Filling up the DagBag from /home/airflow/.local/lib/python3.11/site-packages/airflow/example_dags/example_display_name.py
[2024-07-13T01:11:17.845+0000] {processor.py:840} INFO - DAG(s) 'example_display_name' retrieved from /home/airflow/.local/lib/python3.11/site-packages/airflow/example_dags/example_display_name.py
[2024-07-13T01:11:18.044+0000] {logging_mixin.py:188} INFO - [2024-07-13T01:11:18.043+0000] {dag.py:3096} INFO - Sync 1 DAGs
[2024-07-13T01:11:18.069+0000] {logging_mixin.py:188} INFO - [2024-07-13T01:11:18.069+0000] {dag.py:3954} INFO - Setting next_dagrun for example_display_name to None, run_after=None
[2024-07-13T01:11:18.104+0000] {processor.py:183} INFO - Processing /home/airflow/.local/lib/python3.11/site-packages/airflow/example_dags/example_display_name.py took 0.292 seconds
[2024-07-13T01:11:49.713+0000] {processor.py:161} INFO - Started process (PID=112) to work on /home/airflow/.local/lib/python3.11/site-packages/airflow/example_dags/example_display_name.py
[2024-07-13T01:11:49.715+0000] {processor.py:830} INFO - Processing file /home/airflow/.local/lib/python3.11/site-packages/airflow/example_dags/example_display_name.py for tasks to queue
[2024-07-13T01:11:49.718+0000] {logging_mixin.py:188} INFO - [2024-07-13T01:11:49.717+0000] {dagbag.py:545} INFO - Filling up the DagBag from /home/airflow/.local/lib/python3.11/site-packages/airflow/example_dags/example_display_name.py
[2024-07-13T01:11:49.730+0000] {processor.py:840} INFO - DAG(s) 'example_display_name' retrieved from /home/airflow/.local/lib/python3.11/site-packages/airflow/example_dags/example_display_name.py
[2024-07-13T01:11:49.772+0000] {logging_mixin.py:188} INFO - [2024-07-13T01:11:49.770+0000] {dag.py:3096} INFO - Sync 1 DAGs
[2024-07-13T01:11:49.794+0000] {logging_mixin.py:188} INFO - [2024-07-13T01:11:49.793+0000] {dag.py:3954} INFO - Setting next_dagrun for example_display_name to None, run_after=None
[2024-07-13T01:11:49.826+0000] {processor.py:183} INFO - Processing /home/airflow/.local/lib/python3.11/site-packages/airflow/example_dags/example_display_name.py took 0.126 seconds
[2024-07-13T01:12:23.622+0000] {processor.py:161} INFO - Started process (PID=174) to work on /home/airflow/.local/lib/python3.11/site-packages/airflow/example_dags/example_display_name.py
[2024-07-13T01:12:23.625+0000] {processor.py:830} INFO - Processing file /home/airflow/.local/lib/python3.11/site-packages/airflow/example_dags/example_display_name.py for tasks to queue
[2024-07-13T01:12:23.631+0000] {logging_mixin.py:188} INFO - [2024-07-13T01:12:23.629+0000] {dagbag.py:545} INFO - Filling up the DagBag from /home/airflow/.local/lib/python3.11/site-packages/airflow/example_dags/example_display_name.py
[2024-07-13T01:12:23.644+0000] {processor.py:840} INFO - DAG(s) 'example_display_name' retrieved from /home/airflow/.local/lib/python3.11/site-packages/airflow/example_dags/example_display_name.py
[2024-07-13T01:12:23.680+0000] {logging_mixin.py:188} INFO - [2024-07-13T01:12:23.679+0000] {dag.py:3096} INFO - Sync 1 DAGs
[2024-07-13T01:12:23.706+0000] {logging_mixin.py:188} INFO - [2024-07-13T01:12:23.706+0000] {dag.py:3954} INFO - Setting next_dagrun for example_display_name to None, run_after=None
[2024-07-13T01:12:23.734+0000] {processor.py:183} INFO - Processing /home/airflow/.local/lib/python3.11/site-packages/airflow/example_dags/example_display_name.py took 0.129 seconds
[2024-07-13T01:12:56.143+0000] {processor.py:161} INFO - Started process (PID=236) to work on /home/airflow/.local/lib/python3.11/site-packages/airflow/example_dags/example_display_name.py
[2024-07-13T01:12:56.146+0000] {processor.py:830} INFO - Processing file /home/airflow/.local/lib/python3.11/site-packages/airflow/example_dags/example_display_name.py for tasks to queue
[2024-07-13T01:12:56.154+0000] {logging_mixin.py:188} INFO - [2024-07-13T01:12:56.153+0000] {dagbag.py:545} INFO - Filling up the DagBag from /home/airflow/.local/lib/python3.11/site-packages/airflow/example_dags/example_display_name.py
[2024-07-13T01:12:56.175+0000] {processor.py:840} INFO - DAG(s) 'example_display_name' retrieved from /home/airflow/.local/lib/python3.11/site-packages/airflow/example_dags/example_display_name.py
[2024-07-13T01:12:56.278+0000] {logging_mixin.py:188} INFO - [2024-07-13T01:12:56.277+0000] {dag.py:3096} INFO - Sync 1 DAGs
[2024-07-13T01:12:56.312+0000] {logging_mixin.py:188} INFO - [2024-07-13T01:12:56.312+0000] {dag.py:3954} INFO - Setting next_dagrun for example_display_name to None, run_after=None
[2024-07-13T01:12:56.344+0000] {processor.py:183} INFO - Processing /home/airflow/.local/lib/python3.11/site-packages/airflow/example_dags/example_display_name.py took 0.228 seconds
[2024-07-13T01:13:30.803+0000] {processor.py:161} INFO - Started process (PID=305) to work on /home/airflow/.local/lib/python3.11/site-packages/airflow/example_dags/example_display_name.py
[2024-07-13T01:13:30.812+0000] {processor.py:830} INFO - Processing file /home/airflow/.local/lib/python3.11/site-packages/airflow/example_dags/example_display_name.py for tasks to queue
[2024-07-13T01:13:30.816+0000] {logging_mixin.py:188} INFO - [2024-07-13T01:13:30.815+0000] {dagbag.py:545} INFO - Filling up the DagBag from /home/airflow/.local/lib/python3.11/site-packages/airflow/example_dags/example_display_name.py
[2024-07-13T01:13:30.830+0000] {processor.py:840} INFO - DAG(s) 'example_display_name' retrieved from /home/airflow/.local/lib/python3.11/site-packages/airflow/example_dags/example_display_name.py
[2024-07-13T01:13:30.882+0000] {logging_mixin.py:188} INFO - [2024-07-13T01:13:30.880+0000] {dag.py:3096} INFO - Sync 1 DAGs
[2024-07-13T01:13:30.907+0000] {logging_mixin.py:188} INFO - [2024-07-13T01:13:30.906+0000] {dag.py:3954} INFO - Setting next_dagrun for example_display_name to None, run_after=None
[2024-07-13T01:13:30.938+0000] {processor.py:183} INFO - Processing /home/airflow/.local/lib/python3.11/site-packages/airflow/example_dags/example_display_name.py took 0.149 seconds
[2024-07-13T01:14:03.465+0000] {processor.py:161} INFO - Started process (PID=367) to work on /home/airflow/.local/lib/python3.11/site-packages/airflow/example_dags/example_display_name.py
[2024-07-13T01:14:03.469+0000] {processor.py:830} INFO - Processing file /home/airflow/.local/lib/python3.11/site-packages/airflow/example_dags/example_display_name.py for tasks to queue
[2024-07-13T01:14:03.473+0000] {logging_mixin.py:188} INFO - [2024-07-13T01:14:03.472+0000] {dagbag.py:545} INFO - Filling up the DagBag from /home/airflow/.local/lib/python3.11/site-packages/airflow/example_dags/example_display_name.py
[2024-07-13T01:14:03.485+0000] {processor.py:840} INFO - DAG(s) 'example_display_name' retrieved from /home/airflow/.local/lib/python3.11/site-packages/airflow/example_dags/example_display_name.py
[2024-07-13T01:14:03.525+0000] {logging_mixin.py:188} INFO - [2024-07-13T01:14:03.523+0000] {dag.py:3096} INFO - Sync 1 DAGs
[2024-07-13T01:14:03.553+0000] {logging_mixin.py:188} INFO - [2024-07-13T01:14:03.552+0000] {dag.py:3954} INFO - Setting next_dagrun for example_display_name to None, run_after=None
[2024-07-13T01:14:03.588+0000] {processor.py:183} INFO - Processing /home/airflow/.local/lib/python3.11/site-packages/airflow/example_dags/example_display_name.py took 0.138 seconds
[2024-07-13T01:14:37.580+0000] {processor.py:161} INFO - Started process (PID=429) to work on /home/airflow/.local/lib/python3.11/site-packages/airflow/example_dags/example_display_name.py
[2024-07-13T01:14:37.582+0000] {processor.py:830} INFO - Processing file /home/airflow/.local/lib/python3.11/site-packages/airflow/example_dags/example_display_name.py for tasks to queue
[2024-07-13T01:14:37.585+0000] {logging_mixin.py:188} INFO - [2024-07-13T01:14:37.585+0000] {dagbag.py:545} INFO - Filling up the DagBag from /home/airflow/.local/lib/python3.11/site-packages/airflow/example_dags/example_display_name.py
[2024-07-13T01:14:37.597+0000] {processor.py:840} INFO - DAG(s) 'example_display_name' retrieved from /home/airflow/.local/lib/python3.11/site-packages/airflow/example_dags/example_display_name.py
[2024-07-13T01:14:37.639+0000] {logging_mixin.py:188} INFO - [2024-07-13T01:14:37.638+0000] {dag.py:3096} INFO - Sync 1 DAGs
[2024-07-13T01:14:37.664+0000] {logging_mixin.py:188} INFO - [2024-07-13T01:14:37.664+0000] {dag.py:3954} INFO - Setting next_dagrun for example_display_name to None, run_after=None
[2024-07-13T01:14:37.699+0000] {processor.py:183} INFO - Processing /home/airflow/.local/lib/python3.11/site-packages/airflow/example_dags/example_display_name.py took 0.131 seconds
[2024-07-13T01:15:11.677+0000] {processor.py:161} INFO - Started process (PID=491) to work on /home/airflow/.local/lib/python3.11/site-packages/airflow/example_dags/example_display_name.py
[2024-07-13T01:15:11.679+0000] {processor.py:830} INFO - Processing file /home/airflow/.local/lib/python3.11/site-packages/airflow/example_dags/example_display_name.py for tasks to queue
[2024-07-13T01:15:11.682+0000] {logging_mixin.py:188} INFO - [2024-07-13T01:15:11.681+0000] {dagbag.py:545} INFO - Filling up the DagBag from /home/airflow/.local/lib/python3.11/site-packages/airflow/example_dags/example_display_name.py
[2024-07-13T01:15:11.693+0000] {processor.py:840} INFO - DAG(s) 'example_display_name' retrieved from /home/airflow/.local/lib/python3.11/site-packages/airflow/example_dags/example_display_name.py
[2024-07-13T01:15:11.734+0000] {logging_mixin.py:188} INFO - [2024-07-13T01:15:11.734+0000] {dag.py:3096} INFO - Sync 1 DAGs
[2024-07-13T01:15:11.759+0000] {logging_mixin.py:188} INFO - [2024-07-13T01:15:11.758+0000] {dag.py:3954} INFO - Setting next_dagrun for example_display_name to None, run_after=None
[2024-07-13T01:15:11.790+0000] {processor.py:183} INFO - Processing /home/airflow/.local/lib/python3.11/site-packages/airflow/example_dags/example_display_name.py took 0.126 seconds
[2024-07-13T01:15:46.000+0000] {processor.py:161} INFO - Started process (PID=552) to work on /home/airflow/.local/lib/python3.11/site-packages/airflow/example_dags/example_display_name.py
[2024-07-13T01:15:46.003+0000] {processor.py:830} INFO - Processing file /home/airflow/.local/lib/python3.11/site-packages/airflow/example_dags/example_display_name.py for tasks to queue
[2024-07-13T01:15:46.007+0000] {logging_mixin.py:188} INFO - [2024-07-13T01:15:46.006+0000] {dagbag.py:545} INFO - Filling up the DagBag from /home/airflow/.local/lib/python3.11/site-packages/airflow/example_dags/example_display_name.py
[2024-07-13T01:15:46.023+0000] {processor.py:840} INFO - DAG(s) 'example_display_name' retrieved from /home/airflow/.local/lib/python3.11/site-packages/airflow/example_dags/example_display_name.py
[2024-07-13T01:15:46.072+0000] {logging_mixin.py:188} INFO - [2024-07-13T01:15:46.070+0000] {dag.py:3096} INFO - Sync 1 DAGs
[2024-07-13T01:15:46.104+0000] {logging_mixin.py:188} INFO - [2024-07-13T01:15:46.103+0000] {dag.py:3954} INFO - Setting next_dagrun for example_display_name to None, run_after=None
[2024-07-13T01:15:46.144+0000] {processor.py:183} INFO - Processing /home/airflow/.local/lib/python3.11/site-packages/airflow/example_dags/example_display_name.py took 0.176 seconds
[2024-07-13T01:16:19.048+0000] {processor.py:161} INFO - Started process (PID=615) to work on /home/airflow/.local/lib/python3.11/site-packages/airflow/example_dags/example_display_name.py
[2024-07-13T01:16:19.050+0000] {processor.py:830} INFO - Processing file /home/airflow/.local/lib/python3.11/site-packages/airflow/example_dags/example_display_name.py for tasks to queue
[2024-07-13T01:16:19.066+0000] {logging_mixin.py:188} INFO - [2024-07-13T01:16:19.065+0000] {dagbag.py:545} INFO - Filling up the DagBag from /home/airflow/.local/lib/python3.11/site-packages/airflow/example_dags/example_display_name.py
[2024-07-13T01:16:19.080+0000] {processor.py:840} INFO - DAG(s) 'example_display_name' retrieved from /home/airflow/.local/lib/python3.11/site-packages/airflow/example_dags/example_display_name.py
[2024-07-13T01:16:19.120+0000] {logging_mixin.py:188} INFO - [2024-07-13T01:16:19.119+0000] {dag.py:3096} INFO - Sync 1 DAGs
[2024-07-13T01:16:19.144+0000] {logging_mixin.py:188} INFO - [2024-07-13T01:16:19.144+0000] {dag.py:3954} INFO - Setting next_dagrun for example_display_name to None, run_after=None
[2024-07-13T01:16:19.205+0000] {processor.py:183} INFO - Processing /home/airflow/.local/lib/python3.11/site-packages/airflow/example_dags/example_display_name.py took 0.199 seconds
