[2024-07-13T00:00:17.469+0000] {processor.py:161} INFO - Started process (PID=483) to work on /home/airflow/.local/lib/python3.11/site-packages/airflow/example_dags/example_complex.py
[2024-07-13T00:00:17.471+0000] {processor.py:830} INFO - Processing file /home/airflow/.local/lib/python3.11/site-packages/airflow/example_dags/example_complex.py for tasks to queue
[2024-07-13T00:00:17.491+0000] {logging_mixin.py:188} INFO - [2024-07-13T00:00:17.490+0000] {dagbag.py:545} INFO - Filling up the DagBag from /home/airflow/.local/lib/python3.11/site-packages/airflow/example_dags/example_complex.py
[2024-07-13T00:00:17.558+0000] {processor.py:840} INFO - DAG(s) 'example_complex' retrieved from /home/airflow/.local/lib/python3.11/site-packages/airflow/example_dags/example_complex.py
[2024-07-13T00:00:17.670+0000] {logging_mixin.py:188} INFO - [2024-07-13T00:00:17.669+0000] {dag.py:3096} INFO - Sync 1 DAGs
[2024-07-13T00:00:17.705+0000] {logging_mixin.py:188} INFO - [2024-07-13T00:00:17.705+0000] {dag.py:3954} INFO - Setting next_dagrun for example_complex to None, run_after=None
[2024-07-13T00:00:17.826+0000] {processor.py:183} INFO - Processing /home/airflow/.local/lib/python3.11/site-packages/airflow/example_dags/example_complex.py took 0.398 seconds
[2024-07-13T00:27:58.806+0000] {processor.py:161} INFO - Started process (PID=43) to work on /home/airflow/.local/lib/python3.11/site-packages/airflow/example_dags/example_complex.py
[2024-07-13T00:27:58.808+0000] {processor.py:830} INFO - Processing file /home/airflow/.local/lib/python3.11/site-packages/airflow/example_dags/example_complex.py for tasks to queue
[2024-07-13T00:27:58.809+0000] {logging_mixin.py:188} INFO - [2024-07-13T00:27:58.809+0000] {dagbag.py:545} INFO - Filling up the DagBag from /home/airflow/.local/lib/python3.11/site-packages/airflow/example_dags/example_complex.py
[2024-07-13T00:27:58.834+0000] {processor.py:840} INFO - DAG(s) 'example_complex' retrieved from /home/airflow/.local/lib/python3.11/site-packages/airflow/example_dags/example_complex.py
[2024-07-13T00:27:59.067+0000] {logging_mixin.py:188} INFO - [2024-07-13T00:27:59.067+0000] {dag.py:3096} INFO - Sync 1 DAGs
[2024-07-13T00:27:59.089+0000] {logging_mixin.py:188} INFO - [2024-07-13T00:27:59.088+0000] {dag.py:3954} INFO - Setting next_dagrun for example_complex to None, run_after=None
[2024-07-13T00:27:59.126+0000] {processor.py:183} INFO - Processing /home/airflow/.local/lib/python3.11/site-packages/airflow/example_dags/example_complex.py took 0.331 seconds
[2024-07-13T00:28:31.848+0000] {processor.py:161} INFO - Started process (PID=105) to work on /home/airflow/.local/lib/python3.11/site-packages/airflow/example_dags/example_complex.py
[2024-07-13T00:28:31.853+0000] {processor.py:830} INFO - Processing file /home/airflow/.local/lib/python3.11/site-packages/airflow/example_dags/example_complex.py for tasks to queue
[2024-07-13T00:28:31.855+0000] {logging_mixin.py:188} INFO - [2024-07-13T00:28:31.854+0000] {dagbag.py:545} INFO - Filling up the DagBag from /home/airflow/.local/lib/python3.11/site-packages/airflow/example_dags/example_complex.py
[2024-07-13T00:28:31.876+0000] {processor.py:840} INFO - DAG(s) 'example_complex' retrieved from /home/airflow/.local/lib/python3.11/site-packages/airflow/example_dags/example_complex.py
[2024-07-13T00:28:31.932+0000] {logging_mixin.py:188} INFO - [2024-07-13T00:28:31.932+0000] {dag.py:3096} INFO - Sync 1 DAGs
[2024-07-13T00:28:31.951+0000] {logging_mixin.py:188} INFO - [2024-07-13T00:28:31.950+0000] {dag.py:3954} INFO - Setting next_dagrun for example_complex to None, run_after=None
[2024-07-13T00:28:31.977+0000] {processor.py:183} INFO - Processing /home/airflow/.local/lib/python3.11/site-packages/airflow/example_dags/example_complex.py took 0.142 seconds
[2024-07-13T00:29:04.912+0000] {processor.py:161} INFO - Started process (PID=167) to work on /home/airflow/.local/lib/python3.11/site-packages/airflow/example_dags/example_complex.py
[2024-07-13T00:29:04.914+0000] {processor.py:830} INFO - Processing file /home/airflow/.local/lib/python3.11/site-packages/airflow/example_dags/example_complex.py for tasks to queue
[2024-07-13T00:29:04.916+0000] {logging_mixin.py:188} INFO - [2024-07-13T00:29:04.915+0000] {dagbag.py:545} INFO - Filling up the DagBag from /home/airflow/.local/lib/python3.11/site-packages/airflow/example_dags/example_complex.py
[2024-07-13T00:29:04.937+0000] {processor.py:840} INFO - DAG(s) 'example_complex' retrieved from /home/airflow/.local/lib/python3.11/site-packages/airflow/example_dags/example_complex.py
[2024-07-13T00:29:04.991+0000] {logging_mixin.py:188} INFO - [2024-07-13T00:29:04.991+0000] {dag.py:3096} INFO - Sync 1 DAGs
[2024-07-13T00:29:05.011+0000] {logging_mixin.py:188} INFO - [2024-07-13T00:29:05.010+0000] {dag.py:3954} INFO - Setting next_dagrun for example_complex to None, run_after=None
[2024-07-13T00:29:05.039+0000] {processor.py:183} INFO - Processing /home/airflow/.local/lib/python3.11/site-packages/airflow/example_dags/example_complex.py took 0.139 seconds
[2024-07-13T00:29:37.932+0000] {processor.py:161} INFO - Started process (PID=229) to work on /home/airflow/.local/lib/python3.11/site-packages/airflow/example_dags/example_complex.py
[2024-07-13T00:29:37.935+0000] {processor.py:830} INFO - Processing file /home/airflow/.local/lib/python3.11/site-packages/airflow/example_dags/example_complex.py for tasks to queue
[2024-07-13T00:29:37.936+0000] {logging_mixin.py:188} INFO - [2024-07-13T00:29:37.935+0000] {dagbag.py:545} INFO - Filling up the DagBag from /home/airflow/.local/lib/python3.11/site-packages/airflow/example_dags/example_complex.py
[2024-07-13T00:29:37.956+0000] {processor.py:840} INFO - DAG(s) 'example_complex' retrieved from /home/airflow/.local/lib/python3.11/site-packages/airflow/example_dags/example_complex.py
[2024-07-13T00:29:38.016+0000] {logging_mixin.py:188} INFO - [2024-07-13T00:29:38.016+0000] {dag.py:3096} INFO - Sync 1 DAGs
[2024-07-13T00:29:38.038+0000] {logging_mixin.py:188} INFO - [2024-07-13T00:29:38.037+0000] {dag.py:3954} INFO - Setting next_dagrun for example_complex to None, run_after=None
[2024-07-13T00:29:38.068+0000] {processor.py:183} INFO - Processing /home/airflow/.local/lib/python3.11/site-packages/airflow/example_dags/example_complex.py took 0.149 seconds
[2024-07-13T00:30:10.759+0000] {processor.py:161} INFO - Started process (PID=297) to work on /home/airflow/.local/lib/python3.11/site-packages/airflow/example_dags/example_complex.py
[2024-07-13T00:30:10.761+0000] {processor.py:830} INFO - Processing file /home/airflow/.local/lib/python3.11/site-packages/airflow/example_dags/example_complex.py for tasks to queue
[2024-07-13T00:30:10.763+0000] {logging_mixin.py:188} INFO - [2024-07-13T00:30:10.762+0000] {dagbag.py:545} INFO - Filling up the DagBag from /home/airflow/.local/lib/python3.11/site-packages/airflow/example_dags/example_complex.py
[2024-07-13T00:30:10.790+0000] {processor.py:840} INFO - DAG(s) 'example_complex' retrieved from /home/airflow/.local/lib/python3.11/site-packages/airflow/example_dags/example_complex.py
[2024-07-13T00:30:10.851+0000] {logging_mixin.py:188} INFO - [2024-07-13T00:30:10.850+0000] {dag.py:3096} INFO - Sync 1 DAGs
[2024-07-13T00:30:10.872+0000] {logging_mixin.py:188} INFO - [2024-07-13T00:30:10.872+0000] {dag.py:3954} INFO - Setting next_dagrun for example_complex to None, run_after=None
[2024-07-13T00:30:10.909+0000] {processor.py:183} INFO - Processing /home/airflow/.local/lib/python3.11/site-packages/airflow/example_dags/example_complex.py took 0.165 seconds
[2024-07-13T00:30:43.900+0000] {processor.py:161} INFO - Started process (PID=360) to work on /home/airflow/.local/lib/python3.11/site-packages/airflow/example_dags/example_complex.py
[2024-07-13T00:30:43.902+0000] {processor.py:830} INFO - Processing file /home/airflow/.local/lib/python3.11/site-packages/airflow/example_dags/example_complex.py for tasks to queue
[2024-07-13T00:30:43.903+0000] {logging_mixin.py:188} INFO - [2024-07-13T00:30:43.902+0000] {dagbag.py:545} INFO - Filling up the DagBag from /home/airflow/.local/lib/python3.11/site-packages/airflow/example_dags/example_complex.py
[2024-07-13T00:30:43.923+0000] {processor.py:840} INFO - DAG(s) 'example_complex' retrieved from /home/airflow/.local/lib/python3.11/site-packages/airflow/example_dags/example_complex.py
[2024-07-13T00:30:43.988+0000] {logging_mixin.py:188} INFO - [2024-07-13T00:30:43.988+0000] {dag.py:3096} INFO - Sync 1 DAGs
[2024-07-13T00:30:44.008+0000] {logging_mixin.py:188} INFO - [2024-07-13T00:30:44.007+0000] {dag.py:3954} INFO - Setting next_dagrun for example_complex to None, run_after=None
[2024-07-13T00:30:44.036+0000] {processor.py:183} INFO - Processing /home/airflow/.local/lib/python3.11/site-packages/airflow/example_dags/example_complex.py took 0.147 seconds
[2024-07-13T00:31:17.218+0000] {processor.py:161} INFO - Started process (PID=422) to work on /home/airflow/.local/lib/python3.11/site-packages/airflow/example_dags/example_complex.py
[2024-07-13T00:31:17.221+0000] {processor.py:830} INFO - Processing file /home/airflow/.local/lib/python3.11/site-packages/airflow/example_dags/example_complex.py for tasks to queue
[2024-07-13T00:31:17.222+0000] {logging_mixin.py:188} INFO - [2024-07-13T00:31:17.222+0000] {dagbag.py:545} INFO - Filling up the DagBag from /home/airflow/.local/lib/python3.11/site-packages/airflow/example_dags/example_complex.py
[2024-07-13T00:31:17.245+0000] {processor.py:840} INFO - DAG(s) 'example_complex' retrieved from /home/airflow/.local/lib/python3.11/site-packages/airflow/example_dags/example_complex.py
[2024-07-13T00:31:17.303+0000] {logging_mixin.py:188} INFO - [2024-07-13T00:31:17.303+0000] {dag.py:3096} INFO - Sync 1 DAGs
[2024-07-13T00:31:17.323+0000] {logging_mixin.py:188} INFO - [2024-07-13T00:31:17.322+0000] {dag.py:3954} INFO - Setting next_dagrun for example_complex to None, run_after=None
[2024-07-13T00:31:17.352+0000] {processor.py:183} INFO - Processing /home/airflow/.local/lib/python3.11/site-packages/airflow/example_dags/example_complex.py took 0.149 seconds
[2024-07-13T00:31:51.241+0000] {processor.py:161} INFO - Started process (PID=484) to work on /home/airflow/.local/lib/python3.11/site-packages/airflow/example_dags/example_complex.py
[2024-07-13T00:31:51.243+0000] {processor.py:830} INFO - Processing file /home/airflow/.local/lib/python3.11/site-packages/airflow/example_dags/example_complex.py for tasks to queue
[2024-07-13T00:31:51.244+0000] {logging_mixin.py:188} INFO - [2024-07-13T00:31:51.243+0000] {dagbag.py:545} INFO - Filling up the DagBag from /home/airflow/.local/lib/python3.11/site-packages/airflow/example_dags/example_complex.py
[2024-07-13T00:31:51.264+0000] {processor.py:840} INFO - DAG(s) 'example_complex' retrieved from /home/airflow/.local/lib/python3.11/site-packages/airflow/example_dags/example_complex.py
[2024-07-13T00:31:51.328+0000] {logging_mixin.py:188} INFO - [2024-07-13T00:31:51.327+0000] {dag.py:3096} INFO - Sync 1 DAGs
[2024-07-13T00:31:51.348+0000] {logging_mixin.py:188} INFO - [2024-07-13T00:31:51.348+0000] {dag.py:3954} INFO - Setting next_dagrun for example_complex to None, run_after=None
[2024-07-13T00:31:51.375+0000] {processor.py:183} INFO - Processing /home/airflow/.local/lib/python3.11/site-packages/airflow/example_dags/example_complex.py took 0.146 seconds
[2024-07-13T00:32:25.577+0000] {processor.py:161} INFO - Started process (PID=546) to work on /home/airflow/.local/lib/python3.11/site-packages/airflow/example_dags/example_complex.py
[2024-07-13T00:32:25.579+0000] {processor.py:830} INFO - Processing file /home/airflow/.local/lib/python3.11/site-packages/airflow/example_dags/example_complex.py for tasks to queue
[2024-07-13T00:32:25.581+0000] {logging_mixin.py:188} INFO - [2024-07-13T00:32:25.581+0000] {dagbag.py:545} INFO - Filling up the DagBag from /home/airflow/.local/lib/python3.11/site-packages/airflow/example_dags/example_complex.py
[2024-07-13T00:32:25.609+0000] {processor.py:840} INFO - DAG(s) 'example_complex' retrieved from /home/airflow/.local/lib/python3.11/site-packages/airflow/example_dags/example_complex.py
[2024-07-13T00:32:25.684+0000] {logging_mixin.py:188} INFO - [2024-07-13T00:32:25.683+0000] {dag.py:3096} INFO - Sync 1 DAGs
[2024-07-13T00:32:25.710+0000] {logging_mixin.py:188} INFO - [2024-07-13T00:32:25.710+0000] {dag.py:3954} INFO - Setting next_dagrun for example_complex to None, run_after=None
[2024-07-13T00:32:25.749+0000] {processor.py:183} INFO - Processing /home/airflow/.local/lib/python3.11/site-packages/airflow/example_dags/example_complex.py took 0.188 seconds
[2024-07-13T00:32:59.342+0000] {processor.py:161} INFO - Started process (PID=608) to work on /home/airflow/.local/lib/python3.11/site-packages/airflow/example_dags/example_complex.py
[2024-07-13T00:32:59.345+0000] {processor.py:830} INFO - Processing file /home/airflow/.local/lib/python3.11/site-packages/airflow/example_dags/example_complex.py for tasks to queue
[2024-07-13T00:32:59.347+0000] {logging_mixin.py:188} INFO - [2024-07-13T00:32:59.346+0000] {dagbag.py:545} INFO - Filling up the DagBag from /home/airflow/.local/lib/python3.11/site-packages/airflow/example_dags/example_complex.py
[2024-07-13T00:32:59.378+0000] {processor.py:840} INFO - DAG(s) 'example_complex' retrieved from /home/airflow/.local/lib/python3.11/site-packages/airflow/example_dags/example_complex.py
[2024-07-13T00:32:59.452+0000] {logging_mixin.py:188} INFO - [2024-07-13T00:32:59.452+0000] {dag.py:3096} INFO - Sync 1 DAGs
[2024-07-13T00:32:59.479+0000] {logging_mixin.py:188} INFO - [2024-07-13T00:32:59.479+0000] {dag.py:3954} INFO - Setting next_dagrun for example_complex to None, run_after=None
[2024-07-13T00:32:59.514+0000] {processor.py:183} INFO - Processing /home/airflow/.local/lib/python3.11/site-packages/airflow/example_dags/example_complex.py took 0.187 seconds
[2024-07-13T00:33:32.508+0000] {processor.py:161} INFO - Started process (PID=670) to work on /home/airflow/.local/lib/python3.11/site-packages/airflow/example_dags/example_complex.py
[2024-07-13T00:33:32.509+0000] {processor.py:830} INFO - Processing file /home/airflow/.local/lib/python3.11/site-packages/airflow/example_dags/example_complex.py for tasks to queue
[2024-07-13T00:33:32.510+0000] {logging_mixin.py:188} INFO - [2024-07-13T00:33:32.510+0000] {dagbag.py:545} INFO - Filling up the DagBag from /home/airflow/.local/lib/python3.11/site-packages/airflow/example_dags/example_complex.py
[2024-07-13T00:33:32.529+0000] {processor.py:840} INFO - DAG(s) 'example_complex' retrieved from /home/airflow/.local/lib/python3.11/site-packages/airflow/example_dags/example_complex.py
[2024-07-13T00:33:32.590+0000] {logging_mixin.py:188} INFO - [2024-07-13T00:33:32.589+0000] {dag.py:3096} INFO - Sync 1 DAGs
[2024-07-13T00:33:32.610+0000] {logging_mixin.py:188} INFO - [2024-07-13T00:33:32.609+0000] {dag.py:3954} INFO - Setting next_dagrun for example_complex to None, run_after=None
[2024-07-13T00:33:32.638+0000] {processor.py:183} INFO - Processing /home/airflow/.local/lib/python3.11/site-packages/airflow/example_dags/example_complex.py took 0.145 seconds
[2024-07-13T00:35:46.729+0000] {processor.py:161} INFO - Started process (PID=44) to work on /home/airflow/.local/lib/python3.11/site-packages/airflow/example_dags/example_complex.py
[2024-07-13T00:35:46.731+0000] {processor.py:830} INFO - Processing file /home/airflow/.local/lib/python3.11/site-packages/airflow/example_dags/example_complex.py for tasks to queue
[2024-07-13T00:35:46.734+0000] {logging_mixin.py:188} INFO - [2024-07-13T00:35:46.733+0000] {dagbag.py:545} INFO - Filling up the DagBag from /home/airflow/.local/lib/python3.11/site-packages/airflow/example_dags/example_complex.py
[2024-07-13T00:35:46.771+0000] {processor.py:840} INFO - DAG(s) 'example_complex' retrieved from /home/airflow/.local/lib/python3.11/site-packages/airflow/example_dags/example_complex.py
[2024-07-13T00:35:46.969+0000] {logging_mixin.py:188} INFO - [2024-07-13T00:35:46.969+0000] {dag.py:3096} INFO - Sync 1 DAGs
[2024-07-13T00:35:46.985+0000] {logging_mixin.py:188} INFO - [2024-07-13T00:35:46.984+0000] {dag.py:3954} INFO - Setting next_dagrun for example_complex to None, run_after=None
[2024-07-13T00:35:47.011+0000] {processor.py:183} INFO - Processing /home/airflow/.local/lib/python3.11/site-packages/airflow/example_dags/example_complex.py took 0.295 seconds
[2024-07-13T00:36:19.375+0000] {processor.py:161} INFO - Started process (PID=106) to work on /home/airflow/.local/lib/python3.11/site-packages/airflow/example_dags/example_complex.py
[2024-07-13T00:36:19.376+0000] {processor.py:830} INFO - Processing file /home/airflow/.local/lib/python3.11/site-packages/airflow/example_dags/example_complex.py for tasks to queue
[2024-07-13T00:36:19.380+0000] {logging_mixin.py:188} INFO - [2024-07-13T00:36:19.379+0000] {dagbag.py:545} INFO - Filling up the DagBag from /home/airflow/.local/lib/python3.11/site-packages/airflow/example_dags/example_complex.py
[2024-07-13T00:36:19.407+0000] {processor.py:840} INFO - DAG(s) 'example_complex' retrieved from /home/airflow/.local/lib/python3.11/site-packages/airflow/example_dags/example_complex.py
[2024-07-13T00:36:19.474+0000] {logging_mixin.py:188} INFO - [2024-07-13T00:36:19.473+0000] {dag.py:3096} INFO - Sync 1 DAGs
[2024-07-13T00:36:19.498+0000] {logging_mixin.py:188} INFO - [2024-07-13T00:36:19.497+0000] {dag.py:3954} INFO - Setting next_dagrun for example_complex to None, run_after=None
[2024-07-13T00:36:19.530+0000] {processor.py:183} INFO - Processing /home/airflow/.local/lib/python3.11/site-packages/airflow/example_dags/example_complex.py took 0.169 seconds
[2024-07-13T00:38:17.318+0000] {processor.py:161} INFO - Started process (PID=42) to work on /home/airflow/.local/lib/python3.11/site-packages/airflow/example_dags/example_complex.py
[2024-07-13T00:38:17.322+0000] {processor.py:830} INFO - Processing file /home/airflow/.local/lib/python3.11/site-packages/airflow/example_dags/example_complex.py for tasks to queue
[2024-07-13T00:38:17.326+0000] {logging_mixin.py:188} INFO - [2024-07-13T00:38:17.325+0000] {dagbag.py:545} INFO - Filling up the DagBag from /home/airflow/.local/lib/python3.11/site-packages/airflow/example_dags/example_complex.py
[2024-07-13T00:38:17.353+0000] {processor.py:840} INFO - DAG(s) 'example_complex' retrieved from /home/airflow/.local/lib/python3.11/site-packages/airflow/example_dags/example_complex.py
[2024-07-13T00:38:17.543+0000] {logging_mixin.py:188} INFO - [2024-07-13T00:38:17.543+0000] {dag.py:3096} INFO - Sync 1 DAGs
[2024-07-13T00:38:17.559+0000] {logging_mixin.py:188} INFO - [2024-07-13T00:38:17.559+0000] {dag.py:3954} INFO - Setting next_dagrun for example_complex to None, run_after=None
[2024-07-13T00:38:17.588+0000] {processor.py:183} INFO - Processing /home/airflow/.local/lib/python3.11/site-packages/airflow/example_dags/example_complex.py took 0.282 seconds
[2024-07-13T00:38:49.798+0000] {processor.py:161} INFO - Started process (PID=104) to work on /home/airflow/.local/lib/python3.11/site-packages/airflow/example_dags/example_complex.py
[2024-07-13T00:38:49.800+0000] {processor.py:830} INFO - Processing file /home/airflow/.local/lib/python3.11/site-packages/airflow/example_dags/example_complex.py for tasks to queue
[2024-07-13T00:38:49.803+0000] {logging_mixin.py:188} INFO - [2024-07-13T00:38:49.803+0000] {dagbag.py:545} INFO - Filling up the DagBag from /home/airflow/.local/lib/python3.11/site-packages/airflow/example_dags/example_complex.py
[2024-07-13T00:38:49.822+0000] {processor.py:840} INFO - DAG(s) 'example_complex' retrieved from /home/airflow/.local/lib/python3.11/site-packages/airflow/example_dags/example_complex.py
[2024-07-13T00:38:49.878+0000] {logging_mixin.py:188} INFO - [2024-07-13T00:38:49.877+0000] {dag.py:3096} INFO - Sync 1 DAGs
[2024-07-13T00:38:49.898+0000] {logging_mixin.py:188} INFO - [2024-07-13T00:38:49.898+0000] {dag.py:3954} INFO - Setting next_dagrun for example_complex to None, run_after=None
[2024-07-13T00:38:49.925+0000] {processor.py:183} INFO - Processing /home/airflow/.local/lib/python3.11/site-packages/airflow/example_dags/example_complex.py took 0.139 seconds
[2024-07-13T00:39:22.836+0000] {processor.py:161} INFO - Started process (PID=166) to work on /home/airflow/.local/lib/python3.11/site-packages/airflow/example_dags/example_complex.py
[2024-07-13T00:39:22.838+0000] {processor.py:830} INFO - Processing file /home/airflow/.local/lib/python3.11/site-packages/airflow/example_dags/example_complex.py for tasks to queue
[2024-07-13T00:39:22.841+0000] {logging_mixin.py:188} INFO - [2024-07-13T00:39:22.840+0000] {dagbag.py:545} INFO - Filling up the DagBag from /home/airflow/.local/lib/python3.11/site-packages/airflow/example_dags/example_complex.py
[2024-07-13T00:39:22.867+0000] {processor.py:840} INFO - DAG(s) 'example_complex' retrieved from /home/airflow/.local/lib/python3.11/site-packages/airflow/example_dags/example_complex.py
[2024-07-13T00:39:22.952+0000] {logging_mixin.py:188} INFO - [2024-07-13T00:39:22.952+0000] {dag.py:3096} INFO - Sync 1 DAGs
[2024-07-13T00:39:22.983+0000] {logging_mixin.py:188} INFO - [2024-07-13T00:39:22.983+0000] {dag.py:3954} INFO - Setting next_dagrun for example_complex to None, run_after=None
[2024-07-13T00:39:23.011+0000] {processor.py:183} INFO - Processing /home/airflow/.local/lib/python3.11/site-packages/airflow/example_dags/example_complex.py took 0.186 seconds
[2024-07-13T00:39:55.708+0000] {processor.py:161} INFO - Started process (PID=227) to work on /home/airflow/.local/lib/python3.11/site-packages/airflow/example_dags/example_complex.py
[2024-07-13T00:39:55.710+0000] {processor.py:830} INFO - Processing file /home/airflow/.local/lib/python3.11/site-packages/airflow/example_dags/example_complex.py for tasks to queue
[2024-07-13T00:39:55.713+0000] {logging_mixin.py:188} INFO - [2024-07-13T00:39:55.713+0000] {dagbag.py:545} INFO - Filling up the DagBag from /home/airflow/.local/lib/python3.11/site-packages/airflow/example_dags/example_complex.py
[2024-07-13T00:39:55.733+0000] {processor.py:840} INFO - DAG(s) 'example_complex' retrieved from /home/airflow/.local/lib/python3.11/site-packages/airflow/example_dags/example_complex.py
[2024-07-13T00:39:55.785+0000] {logging_mixin.py:188} INFO - [2024-07-13T00:39:55.784+0000] {dag.py:3096} INFO - Sync 1 DAGs
[2024-07-13T00:39:55.804+0000] {logging_mixin.py:188} INFO - [2024-07-13T00:39:55.803+0000] {dag.py:3954} INFO - Setting next_dagrun for example_complex to None, run_after=None
[2024-07-13T00:39:55.833+0000] {processor.py:183} INFO - Processing /home/airflow/.local/lib/python3.11/site-packages/airflow/example_dags/example_complex.py took 0.140 seconds
[2024-07-13T00:40:28.526+0000] {processor.py:161} INFO - Started process (PID=290) to work on /home/airflow/.local/lib/python3.11/site-packages/airflow/example_dags/example_complex.py
[2024-07-13T00:40:28.528+0000] {processor.py:830} INFO - Processing file /home/airflow/.local/lib/python3.11/site-packages/airflow/example_dags/example_complex.py for tasks to queue
[2024-07-13T00:40:28.531+0000] {logging_mixin.py:188} INFO - [2024-07-13T00:40:28.531+0000] {dagbag.py:545} INFO - Filling up the DagBag from /home/airflow/.local/lib/python3.11/site-packages/airflow/example_dags/example_complex.py
[2024-07-13T00:40:28.558+0000] {processor.py:840} INFO - DAG(s) 'example_complex' retrieved from /home/airflow/.local/lib/python3.11/site-packages/airflow/example_dags/example_complex.py
[2024-07-13T00:40:28.629+0000] {logging_mixin.py:188} INFO - [2024-07-13T00:40:28.629+0000] {dag.py:3096} INFO - Sync 1 DAGs
[2024-07-13T00:40:28.654+0000] {logging_mixin.py:188} INFO - [2024-07-13T00:40:28.654+0000] {dag.py:3954} INFO - Setting next_dagrun for example_complex to None, run_after=None
[2024-07-13T00:40:28.688+0000] {processor.py:183} INFO - Processing /home/airflow/.local/lib/python3.11/site-packages/airflow/example_dags/example_complex.py took 0.177 seconds
[2024-07-13T00:41:06.742+0000] {processor.py:161} INFO - Started process (PID=356) to work on /home/airflow/.local/lib/python3.11/site-packages/airflow/example_dags/example_complex.py
[2024-07-13T00:41:06.746+0000] {processor.py:830} INFO - Processing file /home/airflow/.local/lib/python3.11/site-packages/airflow/example_dags/example_complex.py for tasks to queue
[2024-07-13T00:41:06.756+0000] {logging_mixin.py:188} INFO - [2024-07-13T00:41:06.755+0000] {dagbag.py:545} INFO - Filling up the DagBag from /home/airflow/.local/lib/python3.11/site-packages/airflow/example_dags/example_complex.py
[2024-07-13T00:41:06.798+0000] {processor.py:840} INFO - DAG(s) 'example_complex' retrieved from /home/airflow/.local/lib/python3.11/site-packages/airflow/example_dags/example_complex.py
[2024-07-13T00:41:06.933+0000] {logging_mixin.py:188} INFO - [2024-07-13T00:41:06.933+0000] {dag.py:3096} INFO - Sync 1 DAGs
[2024-07-13T00:41:06.995+0000] {logging_mixin.py:188} INFO - [2024-07-13T00:41:06.995+0000] {dag.py:3954} INFO - Setting next_dagrun for example_complex to None, run_after=None
[2024-07-13T00:41:07.049+0000] {processor.py:183} INFO - Processing /home/airflow/.local/lib/python3.11/site-packages/airflow/example_dags/example_complex.py took 0.338 seconds
[2024-07-13T00:41:40.588+0000] {processor.py:161} INFO - Started process (PID=417) to work on /home/airflow/.local/lib/python3.11/site-packages/airflow/example_dags/example_complex.py
[2024-07-13T00:41:40.589+0000] {processor.py:830} INFO - Processing file /home/airflow/.local/lib/python3.11/site-packages/airflow/example_dags/example_complex.py for tasks to queue
[2024-07-13T00:41:40.593+0000] {logging_mixin.py:188} INFO - [2024-07-13T00:41:40.592+0000] {dagbag.py:545} INFO - Filling up the DagBag from /home/airflow/.local/lib/python3.11/site-packages/airflow/example_dags/example_complex.py
[2024-07-13T00:41:40.622+0000] {processor.py:840} INFO - DAG(s) 'example_complex' retrieved from /home/airflow/.local/lib/python3.11/site-packages/airflow/example_dags/example_complex.py
[2024-07-13T00:41:40.699+0000] {logging_mixin.py:188} INFO - [2024-07-13T00:41:40.699+0000] {dag.py:3096} INFO - Sync 1 DAGs
[2024-07-13T00:41:40.726+0000] {logging_mixin.py:188} INFO - [2024-07-13T00:41:40.725+0000] {dag.py:3954} INFO - Setting next_dagrun for example_complex to None, run_after=None
[2024-07-13T00:41:40.761+0000] {processor.py:183} INFO - Processing /home/airflow/.local/lib/python3.11/site-packages/airflow/example_dags/example_complex.py took 0.185 seconds
[2024-07-13T00:42:14.505+0000] {processor.py:161} INFO - Started process (PID=479) to work on /home/airflow/.local/lib/python3.11/site-packages/airflow/example_dags/example_complex.py
[2024-07-13T00:42:14.508+0000] {processor.py:830} INFO - Processing file /home/airflow/.local/lib/python3.11/site-packages/airflow/example_dags/example_complex.py for tasks to queue
[2024-07-13T00:42:14.512+0000] {logging_mixin.py:188} INFO - [2024-07-13T00:42:14.511+0000] {dagbag.py:545} INFO - Filling up the DagBag from /home/airflow/.local/lib/python3.11/site-packages/airflow/example_dags/example_complex.py
[2024-07-13T00:42:14.541+0000] {processor.py:840} INFO - DAG(s) 'example_complex' retrieved from /home/airflow/.local/lib/python3.11/site-packages/airflow/example_dags/example_complex.py
[2024-07-13T00:42:14.610+0000] {logging_mixin.py:188} INFO - [2024-07-13T00:42:14.609+0000] {dag.py:3096} INFO - Sync 1 DAGs
[2024-07-13T00:42:14.636+0000] {logging_mixin.py:188} INFO - [2024-07-13T00:42:14.636+0000] {dag.py:3954} INFO - Setting next_dagrun for example_complex to None, run_after=None
[2024-07-13T00:42:14.672+0000] {processor.py:183} INFO - Processing /home/airflow/.local/lib/python3.11/site-packages/airflow/example_dags/example_complex.py took 0.180 seconds
[2024-07-13T00:44:00.788+0000] {processor.py:161} INFO - Started process (PID=43) to work on /home/airflow/.local/lib/python3.11/site-packages/airflow/example_dags/example_complex.py
[2024-07-13T00:44:00.790+0000] {processor.py:830} INFO - Processing file /home/airflow/.local/lib/python3.11/site-packages/airflow/example_dags/example_complex.py for tasks to queue
[2024-07-13T00:44:00.794+0000] {logging_mixin.py:188} INFO - [2024-07-13T00:44:00.793+0000] {dagbag.py:545} INFO - Filling up the DagBag from /home/airflow/.local/lib/python3.11/site-packages/airflow/example_dags/example_complex.py
[2024-07-13T00:44:00.820+0000] {processor.py:840} INFO - DAG(s) 'example_complex' retrieved from /home/airflow/.local/lib/python3.11/site-packages/airflow/example_dags/example_complex.py
[2024-07-13T00:44:01.018+0000] {logging_mixin.py:188} INFO - [2024-07-13T00:44:01.017+0000] {dag.py:3096} INFO - Sync 1 DAGs
[2024-07-13T00:44:01.034+0000] {logging_mixin.py:188} INFO - [2024-07-13T00:44:01.034+0000] {dag.py:3954} INFO - Setting next_dagrun for example_complex to None, run_after=None
[2024-07-13T00:44:01.069+0000] {processor.py:183} INFO - Processing /home/airflow/.local/lib/python3.11/site-packages/airflow/example_dags/example_complex.py took 0.293 seconds
[2024-07-13T00:44:32.640+0000] {processor.py:161} INFO - Started process (PID=105) to work on /home/airflow/.local/lib/python3.11/site-packages/airflow/example_dags/example_complex.py
[2024-07-13T00:44:32.642+0000] {processor.py:830} INFO - Processing file /home/airflow/.local/lib/python3.11/site-packages/airflow/example_dags/example_complex.py for tasks to queue
[2024-07-13T00:44:32.645+0000] {logging_mixin.py:188} INFO - [2024-07-13T00:44:32.644+0000] {dagbag.py:545} INFO - Filling up the DagBag from /home/airflow/.local/lib/python3.11/site-packages/airflow/example_dags/example_complex.py
[2024-07-13T00:44:32.664+0000] {processor.py:840} INFO - DAG(s) 'example_complex' retrieved from /home/airflow/.local/lib/python3.11/site-packages/airflow/example_dags/example_complex.py
[2024-07-13T00:44:32.738+0000] {logging_mixin.py:188} INFO - [2024-07-13T00:44:32.737+0000] {dag.py:3096} INFO - Sync 1 DAGs
[2024-07-13T00:44:32.764+0000] {logging_mixin.py:188} INFO - [2024-07-13T00:44:32.764+0000] {dag.py:3954} INFO - Setting next_dagrun for example_complex to None, run_after=None
[2024-07-13T00:44:32.792+0000] {processor.py:183} INFO - Processing /home/airflow/.local/lib/python3.11/site-packages/airflow/example_dags/example_complex.py took 0.163 seconds
[2024-07-13T00:45:05.500+0000] {processor.py:161} INFO - Started process (PID=166) to work on /home/airflow/.local/lib/python3.11/site-packages/airflow/example_dags/example_complex.py
[2024-07-13T00:45:05.505+0000] {processor.py:830} INFO - Processing file /home/airflow/.local/lib/python3.11/site-packages/airflow/example_dags/example_complex.py for tasks to queue
[2024-07-13T00:45:05.509+0000] {logging_mixin.py:188} INFO - [2024-07-13T00:45:05.508+0000] {dagbag.py:545} INFO - Filling up the DagBag from /home/airflow/.local/lib/python3.11/site-packages/airflow/example_dags/example_complex.py
[2024-07-13T00:45:05.530+0000] {processor.py:840} INFO - DAG(s) 'example_complex' retrieved from /home/airflow/.local/lib/python3.11/site-packages/airflow/example_dags/example_complex.py
[2024-07-13T00:45:05.593+0000] {logging_mixin.py:188} INFO - [2024-07-13T00:45:05.593+0000] {dag.py:3096} INFO - Sync 1 DAGs
[2024-07-13T00:45:05.616+0000] {logging_mixin.py:188} INFO - [2024-07-13T00:45:05.615+0000] {dag.py:3954} INFO - Setting next_dagrun for example_complex to None, run_after=None
[2024-07-13T00:45:05.646+0000] {processor.py:183} INFO - Processing /home/airflow/.local/lib/python3.11/site-packages/airflow/example_dags/example_complex.py took 0.158 seconds
[2024-07-13T00:45:38.507+0000] {processor.py:161} INFO - Started process (PID=228) to work on /home/airflow/.local/lib/python3.11/site-packages/airflow/example_dags/example_complex.py
[2024-07-13T00:45:38.509+0000] {processor.py:830} INFO - Processing file /home/airflow/.local/lib/python3.11/site-packages/airflow/example_dags/example_complex.py for tasks to queue
[2024-07-13T00:45:38.512+0000] {logging_mixin.py:188} INFO - [2024-07-13T00:45:38.512+0000] {dagbag.py:545} INFO - Filling up the DagBag from /home/airflow/.local/lib/python3.11/site-packages/airflow/example_dags/example_complex.py
[2024-07-13T00:45:38.530+0000] {processor.py:840} INFO - DAG(s) 'example_complex' retrieved from /home/airflow/.local/lib/python3.11/site-packages/airflow/example_dags/example_complex.py
[2024-07-13T00:45:38.586+0000] {logging_mixin.py:188} INFO - [2024-07-13T00:45:38.585+0000] {dag.py:3096} INFO - Sync 1 DAGs
[2024-07-13T00:45:38.605+0000] {logging_mixin.py:188} INFO - [2024-07-13T00:45:38.604+0000] {dag.py:3954} INFO - Setting next_dagrun for example_complex to None, run_after=None
[2024-07-13T00:45:38.631+0000] {processor.py:183} INFO - Processing /home/airflow/.local/lib/python3.11/site-packages/airflow/example_dags/example_complex.py took 0.136 seconds
[2024-07-13T00:46:11.207+0000] {processor.py:161} INFO - Started process (PID=289) to work on /home/airflow/.local/lib/python3.11/site-packages/airflow/example_dags/example_complex.py
[2024-07-13T00:46:11.209+0000] {processor.py:830} INFO - Processing file /home/airflow/.local/lib/python3.11/site-packages/airflow/example_dags/example_complex.py for tasks to queue
[2024-07-13T00:46:11.213+0000] {logging_mixin.py:188} INFO - [2024-07-13T00:46:11.212+0000] {dagbag.py:545} INFO - Filling up the DagBag from /home/airflow/.local/lib/python3.11/site-packages/airflow/example_dags/example_complex.py
[2024-07-13T00:46:11.232+0000] {processor.py:840} INFO - DAG(s) 'example_complex' retrieved from /home/airflow/.local/lib/python3.11/site-packages/airflow/example_dags/example_complex.py
[2024-07-13T00:46:11.288+0000] {logging_mixin.py:188} INFO - [2024-07-13T00:46:11.288+0000] {dag.py:3096} INFO - Sync 1 DAGs
[2024-07-13T00:46:11.308+0000] {logging_mixin.py:188} INFO - [2024-07-13T00:46:11.308+0000] {dag.py:3954} INFO - Setting next_dagrun for example_complex to None, run_after=None
[2024-07-13T00:46:11.338+0000] {processor.py:183} INFO - Processing /home/airflow/.local/lib/python3.11/site-packages/airflow/example_dags/example_complex.py took 0.142 seconds
[2024-07-13T00:46:44.599+0000] {processor.py:161} INFO - Started process (PID=357) to work on /home/airflow/.local/lib/python3.11/site-packages/airflow/example_dags/example_complex.py
[2024-07-13T00:46:44.602+0000] {processor.py:830} INFO - Processing file /home/airflow/.local/lib/python3.11/site-packages/airflow/example_dags/example_complex.py for tasks to queue
[2024-07-13T00:46:44.605+0000] {logging_mixin.py:188} INFO - [2024-07-13T00:46:44.604+0000] {dagbag.py:545} INFO - Filling up the DagBag from /home/airflow/.local/lib/python3.11/site-packages/airflow/example_dags/example_complex.py
[2024-07-13T00:46:44.627+0000] {processor.py:840} INFO - DAG(s) 'example_complex' retrieved from /home/airflow/.local/lib/python3.11/site-packages/airflow/example_dags/example_complex.py
[2024-07-13T00:46:44.699+0000] {logging_mixin.py:188} INFO - [2024-07-13T00:46:44.698+0000] {dag.py:3096} INFO - Sync 1 DAGs
[2024-07-13T00:46:44.724+0000] {logging_mixin.py:188} INFO - [2024-07-13T00:46:44.723+0000] {dag.py:3954} INFO - Setting next_dagrun for example_complex to None, run_after=None
[2024-07-13T00:46:44.752+0000] {processor.py:183} INFO - Processing /home/airflow/.local/lib/python3.11/site-packages/airflow/example_dags/example_complex.py took 0.165 seconds
[2024-07-13T00:47:18.194+0000] {processor.py:161} INFO - Started process (PID=418) to work on /home/airflow/.local/lib/python3.11/site-packages/airflow/example_dags/example_complex.py
[2024-07-13T00:47:18.197+0000] {processor.py:830} INFO - Processing file /home/airflow/.local/lib/python3.11/site-packages/airflow/example_dags/example_complex.py for tasks to queue
[2024-07-13T00:47:18.201+0000] {logging_mixin.py:188} INFO - [2024-07-13T00:47:18.200+0000] {dagbag.py:545} INFO - Filling up the DagBag from /home/airflow/.local/lib/python3.11/site-packages/airflow/example_dags/example_complex.py
[2024-07-13T00:47:18.224+0000] {processor.py:840} INFO - DAG(s) 'example_complex' retrieved from /home/airflow/.local/lib/python3.11/site-packages/airflow/example_dags/example_complex.py
[2024-07-13T00:47:18.281+0000] {logging_mixin.py:188} INFO - [2024-07-13T00:47:18.281+0000] {dag.py:3096} INFO - Sync 1 DAGs
[2024-07-13T00:47:18.300+0000] {logging_mixin.py:188} INFO - [2024-07-13T00:47:18.300+0000] {dag.py:3954} INFO - Setting next_dagrun for example_complex to None, run_after=None
[2024-07-13T00:47:18.329+0000] {processor.py:183} INFO - Processing /home/airflow/.local/lib/python3.11/site-packages/airflow/example_dags/example_complex.py took 0.149 seconds
[2024-07-13T00:47:54.959+0000] {processor.py:161} INFO - Started process (PID=479) to work on /home/airflow/.local/lib/python3.11/site-packages/airflow/example_dags/example_complex.py
[2024-07-13T00:47:54.961+0000] {processor.py:830} INFO - Processing file /home/airflow/.local/lib/python3.11/site-packages/airflow/example_dags/example_complex.py for tasks to queue
[2024-07-13T00:47:54.964+0000] {logging_mixin.py:188} INFO - [2024-07-13T00:47:54.964+0000] {dagbag.py:545} INFO - Filling up the DagBag from /home/airflow/.local/lib/python3.11/site-packages/airflow/example_dags/example_complex.py
[2024-07-13T00:47:54.983+0000] {processor.py:840} INFO - DAG(s) 'example_complex' retrieved from /home/airflow/.local/lib/python3.11/site-packages/airflow/example_dags/example_complex.py
[2024-07-13T00:47:55.039+0000] {logging_mixin.py:188} INFO - [2024-07-13T00:47:55.039+0000] {dag.py:3096} INFO - Sync 1 DAGs
[2024-07-13T00:47:55.058+0000] {logging_mixin.py:188} INFO - [2024-07-13T00:47:55.058+0000] {dag.py:3954} INFO - Setting next_dagrun for example_complex to None, run_after=None
[2024-07-13T00:47:55.084+0000] {processor.py:183} INFO - Processing /home/airflow/.local/lib/python3.11/site-packages/airflow/example_dags/example_complex.py took 0.140 seconds
[2024-07-13T00:48:29.733+0000] {processor.py:161} INFO - Started process (PID=541) to work on /home/airflow/.local/lib/python3.11/site-packages/airflow/example_dags/example_complex.py
[2024-07-13T00:48:29.737+0000] {processor.py:830} INFO - Processing file /home/airflow/.local/lib/python3.11/site-packages/airflow/example_dags/example_complex.py for tasks to queue
[2024-07-13T00:48:29.740+0000] {logging_mixin.py:188} INFO - [2024-07-13T00:48:29.740+0000] {dagbag.py:545} INFO - Filling up the DagBag from /home/airflow/.local/lib/python3.11/site-packages/airflow/example_dags/example_complex.py
[2024-07-13T00:48:29.760+0000] {processor.py:840} INFO - DAG(s) 'example_complex' retrieved from /home/airflow/.local/lib/python3.11/site-packages/airflow/example_dags/example_complex.py
[2024-07-13T00:48:29.816+0000] {logging_mixin.py:188} INFO - [2024-07-13T00:48:29.816+0000] {dag.py:3096} INFO - Sync 1 DAGs
[2024-07-13T00:48:29.837+0000] {logging_mixin.py:188} INFO - [2024-07-13T00:48:29.837+0000] {dag.py:3954} INFO - Setting next_dagrun for example_complex to None, run_after=None
[2024-07-13T00:48:29.866+0000] {processor.py:183} INFO - Processing /home/airflow/.local/lib/python3.11/site-packages/airflow/example_dags/example_complex.py took 0.144 seconds
[2024-07-13T00:49:04.114+0000] {processor.py:161} INFO - Started process (PID=603) to work on /home/airflow/.local/lib/python3.11/site-packages/airflow/example_dags/example_complex.py
[2024-07-13T00:49:04.116+0000] {processor.py:830} INFO - Processing file /home/airflow/.local/lib/python3.11/site-packages/airflow/example_dags/example_complex.py for tasks to queue
[2024-07-13T00:49:04.120+0000] {logging_mixin.py:188} INFO - [2024-07-13T00:49:04.119+0000] {dagbag.py:545} INFO - Filling up the DagBag from /home/airflow/.local/lib/python3.11/site-packages/airflow/example_dags/example_complex.py
[2024-07-13T00:49:04.144+0000] {processor.py:840} INFO - DAG(s) 'example_complex' retrieved from /home/airflow/.local/lib/python3.11/site-packages/airflow/example_dags/example_complex.py
[2024-07-13T00:49:04.200+0000] {logging_mixin.py:188} INFO - [2024-07-13T00:49:04.200+0000] {dag.py:3096} INFO - Sync 1 DAGs
[2024-07-13T00:49:04.221+0000] {logging_mixin.py:188} INFO - [2024-07-13T00:49:04.221+0000] {dag.py:3954} INFO - Setting next_dagrun for example_complex to None, run_after=None
[2024-07-13T00:49:04.254+0000] {processor.py:183} INFO - Processing /home/airflow/.local/lib/python3.11/site-packages/airflow/example_dags/example_complex.py took 0.152 seconds
[2024-07-13T00:49:38.184+0000] {processor.py:161} INFO - Started process (PID=667) to work on /home/airflow/.local/lib/python3.11/site-packages/airflow/example_dags/example_complex.py
[2024-07-13T00:49:38.186+0000] {processor.py:830} INFO - Processing file /home/airflow/.local/lib/python3.11/site-packages/airflow/example_dags/example_complex.py for tasks to queue
[2024-07-13T00:49:38.191+0000] {logging_mixin.py:188} INFO - [2024-07-13T00:49:38.190+0000] {dagbag.py:545} INFO - Filling up the DagBag from /home/airflow/.local/lib/python3.11/site-packages/airflow/example_dags/example_complex.py
[2024-07-13T00:49:38.216+0000] {processor.py:840} INFO - DAG(s) 'example_complex' retrieved from /home/airflow/.local/lib/python3.11/site-packages/airflow/example_dags/example_complex.py
[2024-07-13T00:49:38.268+0000] {logging_mixin.py:188} INFO - [2024-07-13T00:49:38.268+0000] {dag.py:3096} INFO - Sync 1 DAGs
[2024-07-13T00:49:38.290+0000] {logging_mixin.py:188} INFO - [2024-07-13T00:49:38.290+0000] {dag.py:3954} INFO - Setting next_dagrun for example_complex to None, run_after=None
[2024-07-13T00:49:38.319+0000] {processor.py:183} INFO - Processing /home/airflow/.local/lib/python3.11/site-packages/airflow/example_dags/example_complex.py took 0.148 seconds
[2024-07-13T00:50:11.949+0000] {processor.py:161} INFO - Started process (PID=729) to work on /home/airflow/.local/lib/python3.11/site-packages/airflow/example_dags/example_complex.py
[2024-07-13T00:50:11.952+0000] {processor.py:830} INFO - Processing file /home/airflow/.local/lib/python3.11/site-packages/airflow/example_dags/example_complex.py for tasks to queue
[2024-07-13T00:50:11.955+0000] {logging_mixin.py:188} INFO - [2024-07-13T00:50:11.954+0000] {dagbag.py:545} INFO - Filling up the DagBag from /home/airflow/.local/lib/python3.11/site-packages/airflow/example_dags/example_complex.py
[2024-07-13T00:50:11.984+0000] {processor.py:840} INFO - DAG(s) 'example_complex' retrieved from /home/airflow/.local/lib/python3.11/site-packages/airflow/example_dags/example_complex.py
[2024-07-13T00:50:12.061+0000] {logging_mixin.py:188} INFO - [2024-07-13T00:50:12.060+0000] {dag.py:3096} INFO - Sync 1 DAGs
[2024-07-13T00:50:12.089+0000] {logging_mixin.py:188} INFO - [2024-07-13T00:50:12.088+0000] {dag.py:3954} INFO - Setting next_dagrun for example_complex to None, run_after=None
[2024-07-13T00:50:12.125+0000] {processor.py:183} INFO - Processing /home/airflow/.local/lib/python3.11/site-packages/airflow/example_dags/example_complex.py took 0.187 seconds
[2024-07-13T00:50:45.405+0000] {processor.py:161} INFO - Started process (PID=801) to work on /home/airflow/.local/lib/python3.11/site-packages/airflow/example_dags/example_complex.py
[2024-07-13T00:50:45.410+0000] {processor.py:830} INFO - Processing file /home/airflow/.local/lib/python3.11/site-packages/airflow/example_dags/example_complex.py for tasks to queue
[2024-07-13T00:50:45.416+0000] {logging_mixin.py:188} INFO - [2024-07-13T00:50:45.415+0000] {dagbag.py:545} INFO - Filling up the DagBag from /home/airflow/.local/lib/python3.11/site-packages/airflow/example_dags/example_complex.py
[2024-07-13T00:50:45.440+0000] {processor.py:840} INFO - DAG(s) 'example_complex' retrieved from /home/airflow/.local/lib/python3.11/site-packages/airflow/example_dags/example_complex.py
[2024-07-13T00:50:45.501+0000] {logging_mixin.py:188} INFO - [2024-07-13T00:50:45.500+0000] {dag.py:3096} INFO - Sync 1 DAGs
[2024-07-13T00:50:45.527+0000] {logging_mixin.py:188} INFO - [2024-07-13T00:50:45.526+0000] {dag.py:3954} INFO - Setting next_dagrun for example_complex to None, run_after=None
[2024-07-13T00:50:45.555+0000] {processor.py:183} INFO - Processing /home/airflow/.local/lib/python3.11/site-packages/airflow/example_dags/example_complex.py took 0.166 seconds
[2024-07-13T00:51:19.074+0000] {processor.py:161} INFO - Started process (PID=863) to work on /home/airflow/.local/lib/python3.11/site-packages/airflow/example_dags/example_complex.py
[2024-07-13T00:51:19.077+0000] {processor.py:830} INFO - Processing file /home/airflow/.local/lib/python3.11/site-packages/airflow/example_dags/example_complex.py for tasks to queue
[2024-07-13T00:51:19.080+0000] {logging_mixin.py:188} INFO - [2024-07-13T00:51:19.080+0000] {dagbag.py:545} INFO - Filling up the DagBag from /home/airflow/.local/lib/python3.11/site-packages/airflow/example_dags/example_complex.py
[2024-07-13T00:51:19.109+0000] {processor.py:840} INFO - DAG(s) 'example_complex' retrieved from /home/airflow/.local/lib/python3.11/site-packages/airflow/example_dags/example_complex.py
[2024-07-13T00:51:19.188+0000] {logging_mixin.py:188} INFO - [2024-07-13T00:51:19.188+0000] {dag.py:3096} INFO - Sync 1 DAGs
[2024-07-13T00:51:19.217+0000] {logging_mixin.py:188} INFO - [2024-07-13T00:51:19.216+0000] {dag.py:3954} INFO - Setting next_dagrun for example_complex to None, run_after=None
[2024-07-13T00:51:19.254+0000] {processor.py:183} INFO - Processing /home/airflow/.local/lib/python3.11/site-packages/airflow/example_dags/example_complex.py took 0.195 seconds
[2024-07-13T00:51:52.345+0000] {processor.py:161} INFO - Started process (PID=925) to work on /home/airflow/.local/lib/python3.11/site-packages/airflow/example_dags/example_complex.py
[2024-07-13T00:51:52.347+0000] {processor.py:830} INFO - Processing file /home/airflow/.local/lib/python3.11/site-packages/airflow/example_dags/example_complex.py for tasks to queue
[2024-07-13T00:51:52.351+0000] {logging_mixin.py:188} INFO - [2024-07-13T00:51:52.350+0000] {dagbag.py:545} INFO - Filling up the DagBag from /home/airflow/.local/lib/python3.11/site-packages/airflow/example_dags/example_complex.py
[2024-07-13T00:51:52.372+0000] {processor.py:840} INFO - DAG(s) 'example_complex' retrieved from /home/airflow/.local/lib/python3.11/site-packages/airflow/example_dags/example_complex.py
[2024-07-13T00:51:52.441+0000] {logging_mixin.py:188} INFO - [2024-07-13T00:51:52.440+0000] {dag.py:3096} INFO - Sync 1 DAGs
[2024-07-13T00:51:52.460+0000] {logging_mixin.py:188} INFO - [2024-07-13T00:51:52.460+0000] {dag.py:3954} INFO - Setting next_dagrun for example_complex to None, run_after=None
[2024-07-13T00:51:52.487+0000] {processor.py:183} INFO - Processing /home/airflow/.local/lib/python3.11/site-packages/airflow/example_dags/example_complex.py took 0.157 seconds
[2024-07-13T00:52:25.138+0000] {processor.py:161} INFO - Started process (PID=988) to work on /home/airflow/.local/lib/python3.11/site-packages/airflow/example_dags/example_complex.py
[2024-07-13T00:52:25.141+0000] {processor.py:830} INFO - Processing file /home/airflow/.local/lib/python3.11/site-packages/airflow/example_dags/example_complex.py for tasks to queue
[2024-07-13T00:52:25.144+0000] {logging_mixin.py:188} INFO - [2024-07-13T00:52:25.144+0000] {dagbag.py:545} INFO - Filling up the DagBag from /home/airflow/.local/lib/python3.11/site-packages/airflow/example_dags/example_complex.py
[2024-07-13T00:52:25.171+0000] {processor.py:840} INFO - DAG(s) 'example_complex' retrieved from /home/airflow/.local/lib/python3.11/site-packages/airflow/example_dags/example_complex.py
[2024-07-13T00:52:25.244+0000] {logging_mixin.py:188} INFO - [2024-07-13T00:52:25.244+0000] {dag.py:3096} INFO - Sync 1 DAGs
[2024-07-13T00:52:25.265+0000] {logging_mixin.py:188} INFO - [2024-07-13T00:52:25.264+0000] {dag.py:3954} INFO - Setting next_dagrun for example_complex to None, run_after=None
[2024-07-13T00:52:25.290+0000] {processor.py:183} INFO - Processing /home/airflow/.local/lib/python3.11/site-packages/airflow/example_dags/example_complex.py took 0.167 seconds
[2024-07-13T00:52:57.974+0000] {processor.py:161} INFO - Started process (PID=1051) to work on /home/airflow/.local/lib/python3.11/site-packages/airflow/example_dags/example_complex.py
[2024-07-13T00:52:57.976+0000] {processor.py:830} INFO - Processing file /home/airflow/.local/lib/python3.11/site-packages/airflow/example_dags/example_complex.py for tasks to queue
[2024-07-13T00:52:57.980+0000] {logging_mixin.py:188} INFO - [2024-07-13T00:52:57.979+0000] {dagbag.py:545} INFO - Filling up the DagBag from /home/airflow/.local/lib/python3.11/site-packages/airflow/example_dags/example_complex.py
[2024-07-13T00:52:58.006+0000] {processor.py:840} INFO - DAG(s) 'example_complex' retrieved from /home/airflow/.local/lib/python3.11/site-packages/airflow/example_dags/example_complex.py
[2024-07-13T00:52:58.064+0000] {logging_mixin.py:188} INFO - [2024-07-13T00:52:58.063+0000] {dag.py:3096} INFO - Sync 1 DAGs
[2024-07-13T00:52:58.086+0000] {logging_mixin.py:188} INFO - [2024-07-13T00:52:58.086+0000] {dag.py:3954} INFO - Setting next_dagrun for example_complex to None, run_after=None
[2024-07-13T00:52:58.117+0000] {processor.py:183} INFO - Processing /home/airflow/.local/lib/python3.11/site-packages/airflow/example_dags/example_complex.py took 0.159 seconds
[2024-07-13T00:53:30.775+0000] {processor.py:161} INFO - Started process (PID=1113) to work on /home/airflow/.local/lib/python3.11/site-packages/airflow/example_dags/example_complex.py
[2024-07-13T00:53:30.778+0000] {processor.py:830} INFO - Processing file /home/airflow/.local/lib/python3.11/site-packages/airflow/example_dags/example_complex.py for tasks to queue
[2024-07-13T00:53:30.783+0000] {logging_mixin.py:188} INFO - [2024-07-13T00:53:30.782+0000] {dagbag.py:545} INFO - Filling up the DagBag from /home/airflow/.local/lib/python3.11/site-packages/airflow/example_dags/example_complex.py
[2024-07-13T00:53:30.804+0000] {processor.py:840} INFO - DAG(s) 'example_complex' retrieved from /home/airflow/.local/lib/python3.11/site-packages/airflow/example_dags/example_complex.py
[2024-07-13T00:53:30.864+0000] {logging_mixin.py:188} INFO - [2024-07-13T00:53:30.864+0000] {dag.py:3096} INFO - Sync 1 DAGs
[2024-07-13T00:53:30.886+0000] {logging_mixin.py:188} INFO - [2024-07-13T00:53:30.886+0000] {dag.py:3954} INFO - Setting next_dagrun for example_complex to None, run_after=None
[2024-07-13T00:53:30.921+0000] {processor.py:183} INFO - Processing /home/airflow/.local/lib/python3.11/site-packages/airflow/example_dags/example_complex.py took 0.159 seconds
[2024-07-13T00:54:00.991+0000] {processor.py:161} INFO - Started process (PID=1174) to work on /home/airflow/.local/lib/python3.11/site-packages/airflow/example_dags/example_complex.py
[2024-07-13T00:54:00.993+0000] {processor.py:830} INFO - Processing file /home/airflow/.local/lib/python3.11/site-packages/airflow/example_dags/example_complex.py for tasks to queue
[2024-07-13T00:54:00.996+0000] {logging_mixin.py:188} INFO - [2024-07-13T00:54:00.995+0000] {dagbag.py:545} INFO - Filling up the DagBag from /home/airflow/.local/lib/python3.11/site-packages/airflow/example_dags/example_complex.py
[2024-07-13T00:54:01.016+0000] {processor.py:840} INFO - DAG(s) 'example_complex' retrieved from /home/airflow/.local/lib/python3.11/site-packages/airflow/example_dags/example_complex.py
[2024-07-13T00:54:01.077+0000] {logging_mixin.py:188} INFO - [2024-07-13T00:54:01.076+0000] {dag.py:3096} INFO - Sync 1 DAGs
[2024-07-13T00:54:01.099+0000] {logging_mixin.py:188} INFO - [2024-07-13T00:54:01.099+0000] {dag.py:3954} INFO - Setting next_dagrun for example_complex to None, run_after=None
[2024-07-13T00:54:01.132+0000] {processor.py:183} INFO - Processing /home/airflow/.local/lib/python3.11/site-packages/airflow/example_dags/example_complex.py took 0.153 seconds
[2024-07-13T00:54:31.284+0000] {processor.py:161} INFO - Started process (PID=1236) to work on /home/airflow/.local/lib/python3.11/site-packages/airflow/example_dags/example_complex.py
[2024-07-13T00:54:31.285+0000] {processor.py:830} INFO - Processing file /home/airflow/.local/lib/python3.11/site-packages/airflow/example_dags/example_complex.py for tasks to queue
[2024-07-13T00:54:31.288+0000] {logging_mixin.py:188} INFO - [2024-07-13T00:54:31.288+0000] {dagbag.py:545} INFO - Filling up the DagBag from /home/airflow/.local/lib/python3.11/site-packages/airflow/example_dags/example_complex.py
[2024-07-13T00:54:31.308+0000] {processor.py:840} INFO - DAG(s) 'example_complex' retrieved from /home/airflow/.local/lib/python3.11/site-packages/airflow/example_dags/example_complex.py
[2024-07-13T00:54:31.364+0000] {logging_mixin.py:188} INFO - [2024-07-13T00:54:31.363+0000] {dag.py:3096} INFO - Sync 1 DAGs
[2024-07-13T00:54:31.382+0000] {logging_mixin.py:188} INFO - [2024-07-13T00:54:31.382+0000] {dag.py:3954} INFO - Setting next_dagrun for example_complex to None, run_after=None
[2024-07-13T00:54:31.408+0000] {processor.py:183} INFO - Processing /home/airflow/.local/lib/python3.11/site-packages/airflow/example_dags/example_complex.py took 0.137 seconds
[2024-07-13T00:55:01.516+0000] {processor.py:161} INFO - Started process (PID=1298) to work on /home/airflow/.local/lib/python3.11/site-packages/airflow/example_dags/example_complex.py
[2024-07-13T00:55:01.519+0000] {processor.py:830} INFO - Processing file /home/airflow/.local/lib/python3.11/site-packages/airflow/example_dags/example_complex.py for tasks to queue
[2024-07-13T00:55:01.523+0000] {logging_mixin.py:188} INFO - [2024-07-13T00:55:01.522+0000] {dagbag.py:545} INFO - Filling up the DagBag from /home/airflow/.local/lib/python3.11/site-packages/airflow/example_dags/example_complex.py
[2024-07-13T00:55:01.545+0000] {processor.py:840} INFO - DAG(s) 'example_complex' retrieved from /home/airflow/.local/lib/python3.11/site-packages/airflow/example_dags/example_complex.py
[2024-07-13T00:55:01.612+0000] {logging_mixin.py:188} INFO - [2024-07-13T00:55:01.612+0000] {dag.py:3096} INFO - Sync 1 DAGs
[2024-07-13T00:55:01.641+0000] {logging_mixin.py:188} INFO - [2024-07-13T00:55:01.640+0000] {dag.py:3954} INFO - Setting next_dagrun for example_complex to None, run_after=None
[2024-07-13T00:55:01.686+0000] {processor.py:183} INFO - Processing /home/airflow/.local/lib/python3.11/site-packages/airflow/example_dags/example_complex.py took 0.186 seconds
[2024-07-13T00:55:31.804+0000] {processor.py:161} INFO - Started process (PID=1359) to work on /home/airflow/.local/lib/python3.11/site-packages/airflow/example_dags/example_complex.py
[2024-07-13T00:55:31.806+0000] {processor.py:830} INFO - Processing file /home/airflow/.local/lib/python3.11/site-packages/airflow/example_dags/example_complex.py for tasks to queue
[2024-07-13T00:55:31.811+0000] {logging_mixin.py:188} INFO - [2024-07-13T00:55:31.810+0000] {dagbag.py:545} INFO - Filling up the DagBag from /home/airflow/.local/lib/python3.11/site-packages/airflow/example_dags/example_complex.py
[2024-07-13T00:55:31.839+0000] {processor.py:840} INFO - DAG(s) 'example_complex' retrieved from /home/airflow/.local/lib/python3.11/site-packages/airflow/example_dags/example_complex.py
[2024-07-13T00:55:31.906+0000] {logging_mixin.py:188} INFO - [2024-07-13T00:55:31.905+0000] {dag.py:3096} INFO - Sync 1 DAGs
[2024-07-13T00:55:31.940+0000] {logging_mixin.py:188} INFO - [2024-07-13T00:55:31.939+0000] {dag.py:3954} INFO - Setting next_dagrun for example_complex to None, run_after=None
[2024-07-13T00:55:31.978+0000] {processor.py:183} INFO - Processing /home/airflow/.local/lib/python3.11/site-packages/airflow/example_dags/example_complex.py took 0.193 seconds
[2024-07-13T00:58:57.161+0000] {processor.py:161} INFO - Started process (PID=44) to work on /home/airflow/.local/lib/python3.11/site-packages/airflow/example_dags/example_complex.py
[2024-07-13T00:58:57.164+0000] {processor.py:830} INFO - Processing file /home/airflow/.local/lib/python3.11/site-packages/airflow/example_dags/example_complex.py for tasks to queue
[2024-07-13T00:58:57.168+0000] {logging_mixin.py:188} INFO - [2024-07-13T00:58:57.168+0000] {dagbag.py:545} INFO - Filling up the DagBag from /home/airflow/.local/lib/python3.11/site-packages/airflow/example_dags/example_complex.py
[2024-07-13T00:58:57.210+0000] {processor.py:840} INFO - DAG(s) 'example_complex' retrieved from /home/airflow/.local/lib/python3.11/site-packages/airflow/example_dags/example_complex.py
[2024-07-13T00:58:57.449+0000] {logging_mixin.py:188} INFO - [2024-07-13T00:58:57.448+0000] {dag.py:3096} INFO - Sync 1 DAGs
[2024-07-13T00:58:57.467+0000] {logging_mixin.py:188} INFO - [2024-07-13T00:58:57.467+0000] {dag.py:3954} INFO - Setting next_dagrun for example_complex to None, run_after=None
[2024-07-13T00:58:57.505+0000] {processor.py:183} INFO - Processing /home/airflow/.local/lib/python3.11/site-packages/airflow/example_dags/example_complex.py took 0.361 seconds
[2024-07-13T00:59:29.246+0000] {processor.py:161} INFO - Started process (PID=106) to work on /home/airflow/.local/lib/python3.11/site-packages/airflow/example_dags/example_complex.py
[2024-07-13T00:59:29.255+0000] {processor.py:830} INFO - Processing file /home/airflow/.local/lib/python3.11/site-packages/airflow/example_dags/example_complex.py for tasks to queue
[2024-07-13T00:59:29.260+0000] {logging_mixin.py:188} INFO - [2024-07-13T00:59:29.259+0000] {dagbag.py:545} INFO - Filling up the DagBag from /home/airflow/.local/lib/python3.11/site-packages/airflow/example_dags/example_complex.py
[2024-07-13T00:59:29.286+0000] {processor.py:840} INFO - DAG(s) 'example_complex' retrieved from /home/airflow/.local/lib/python3.11/site-packages/airflow/example_dags/example_complex.py
[2024-07-13T00:59:29.352+0000] {logging_mixin.py:188} INFO - [2024-07-13T00:59:29.351+0000] {dag.py:3096} INFO - Sync 1 DAGs
[2024-07-13T00:59:29.374+0000] {logging_mixin.py:188} INFO - [2024-07-13T00:59:29.374+0000] {dag.py:3954} INFO - Setting next_dagrun for example_complex to None, run_after=None
[2024-07-13T00:59:29.408+0000] {processor.py:183} INFO - Processing /home/airflow/.local/lib/python3.11/site-packages/airflow/example_dags/example_complex.py took 0.179 seconds
[2024-07-13T01:00:02.110+0000] {processor.py:161} INFO - Started process (PID=167) to work on /home/airflow/.local/lib/python3.11/site-packages/airflow/example_dags/example_complex.py
[2024-07-13T01:00:02.113+0000] {processor.py:830} INFO - Processing file /home/airflow/.local/lib/python3.11/site-packages/airflow/example_dags/example_complex.py for tasks to queue
[2024-07-13T01:00:02.117+0000] {logging_mixin.py:188} INFO - [2024-07-13T01:00:02.116+0000] {dagbag.py:545} INFO - Filling up the DagBag from /home/airflow/.local/lib/python3.11/site-packages/airflow/example_dags/example_complex.py
[2024-07-13T01:00:02.142+0000] {processor.py:840} INFO - DAG(s) 'example_complex' retrieved from /home/airflow/.local/lib/python3.11/site-packages/airflow/example_dags/example_complex.py
[2024-07-13T01:00:02.210+0000] {logging_mixin.py:188} INFO - [2024-07-13T01:00:02.210+0000] {dag.py:3096} INFO - Sync 1 DAGs
[2024-07-13T01:00:02.238+0000] {logging_mixin.py:188} INFO - [2024-07-13T01:00:02.237+0000] {dag.py:3954} INFO - Setting next_dagrun for example_complex to None, run_after=None
[2024-07-13T01:00:02.279+0000] {processor.py:183} INFO - Processing /home/airflow/.local/lib/python3.11/site-packages/airflow/example_dags/example_complex.py took 0.183 seconds
[2024-07-13T01:00:35.141+0000] {processor.py:161} INFO - Started process (PID=229) to work on /home/airflow/.local/lib/python3.11/site-packages/airflow/example_dags/example_complex.py
[2024-07-13T01:00:35.144+0000] {processor.py:830} INFO - Processing file /home/airflow/.local/lib/python3.11/site-packages/airflow/example_dags/example_complex.py for tasks to queue
[2024-07-13T01:00:35.148+0000] {logging_mixin.py:188} INFO - [2024-07-13T01:00:35.148+0000] {dagbag.py:545} INFO - Filling up the DagBag from /home/airflow/.local/lib/python3.11/site-packages/airflow/example_dags/example_complex.py
[2024-07-13T01:00:35.172+0000] {processor.py:840} INFO - DAG(s) 'example_complex' retrieved from /home/airflow/.local/lib/python3.11/site-packages/airflow/example_dags/example_complex.py
[2024-07-13T01:00:35.231+0000] {logging_mixin.py:188} INFO - [2024-07-13T01:00:35.231+0000] {dag.py:3096} INFO - Sync 1 DAGs
[2024-07-13T01:00:35.254+0000] {logging_mixin.py:188} INFO - [2024-07-13T01:00:35.254+0000] {dag.py:3954} INFO - Setting next_dagrun for example_complex to None, run_after=None
[2024-07-13T01:00:35.287+0000] {processor.py:183} INFO - Processing /home/airflow/.local/lib/python3.11/site-packages/airflow/example_dags/example_complex.py took 0.160 seconds
[2024-07-13T01:01:08.410+0000] {processor.py:161} INFO - Started process (PID=297) to work on /home/airflow/.local/lib/python3.11/site-packages/airflow/example_dags/example_complex.py
[2024-07-13T01:01:08.412+0000] {processor.py:830} INFO - Processing file /home/airflow/.local/lib/python3.11/site-packages/airflow/example_dags/example_complex.py for tasks to queue
[2024-07-13T01:01:08.415+0000] {logging_mixin.py:188} INFO - [2024-07-13T01:01:08.414+0000] {dagbag.py:545} INFO - Filling up the DagBag from /home/airflow/.local/lib/python3.11/site-packages/airflow/example_dags/example_complex.py
[2024-07-13T01:01:08.436+0000] {processor.py:840} INFO - DAG(s) 'example_complex' retrieved from /home/airflow/.local/lib/python3.11/site-packages/airflow/example_dags/example_complex.py
[2024-07-13T01:01:08.497+0000] {logging_mixin.py:188} INFO - [2024-07-13T01:01:08.496+0000] {dag.py:3096} INFO - Sync 1 DAGs
[2024-07-13T01:01:08.521+0000] {logging_mixin.py:188} INFO - [2024-07-13T01:01:08.520+0000] {dag.py:3954} INFO - Setting next_dagrun for example_complex to None, run_after=None
[2024-07-13T01:01:08.556+0000] {processor.py:183} INFO - Processing /home/airflow/.local/lib/python3.11/site-packages/airflow/example_dags/example_complex.py took 0.158 seconds
[2024-07-13T01:01:41.886+0000] {processor.py:161} INFO - Started process (PID=359) to work on /home/airflow/.local/lib/python3.11/site-packages/airflow/example_dags/example_complex.py
[2024-07-13T01:01:41.889+0000] {processor.py:830} INFO - Processing file /home/airflow/.local/lib/python3.11/site-packages/airflow/example_dags/example_complex.py for tasks to queue
[2024-07-13T01:01:41.894+0000] {logging_mixin.py:188} INFO - [2024-07-13T01:01:41.893+0000] {dagbag.py:545} INFO - Filling up the DagBag from /home/airflow/.local/lib/python3.11/site-packages/airflow/example_dags/example_complex.py
[2024-07-13T01:01:41.924+0000] {processor.py:840} INFO - DAG(s) 'example_complex' retrieved from /home/airflow/.local/lib/python3.11/site-packages/airflow/example_dags/example_complex.py
[2024-07-13T01:01:41.994+0000] {logging_mixin.py:188} INFO - [2024-07-13T01:01:41.993+0000] {dag.py:3096} INFO - Sync 1 DAGs
[2024-07-13T01:01:42.023+0000] {logging_mixin.py:188} INFO - [2024-07-13T01:01:42.022+0000] {dag.py:3954} INFO - Setting next_dagrun for example_complex to None, run_after=None
[2024-07-13T01:01:42.062+0000] {processor.py:183} INFO - Processing /home/airflow/.local/lib/python3.11/site-packages/airflow/example_dags/example_complex.py took 0.195 seconds
[2024-07-13T01:02:15.795+0000] {processor.py:161} INFO - Started process (PID=420) to work on /home/airflow/.local/lib/python3.11/site-packages/airflow/example_dags/example_complex.py
[2024-07-13T01:02:15.797+0000] {processor.py:830} INFO - Processing file /home/airflow/.local/lib/python3.11/site-packages/airflow/example_dags/example_complex.py for tasks to queue
[2024-07-13T01:02:15.801+0000] {logging_mixin.py:188} INFO - [2024-07-13T01:02:15.801+0000] {dagbag.py:545} INFO - Filling up the DagBag from /home/airflow/.local/lib/python3.11/site-packages/airflow/example_dags/example_complex.py
[2024-07-13T01:02:15.828+0000] {processor.py:840} INFO - DAG(s) 'example_complex' retrieved from /home/airflow/.local/lib/python3.11/site-packages/airflow/example_dags/example_complex.py
[2024-07-13T01:02:15.902+0000] {logging_mixin.py:188} INFO - [2024-07-13T01:02:15.901+0000] {dag.py:3096} INFO - Sync 1 DAGs
[2024-07-13T01:02:15.930+0000] {logging_mixin.py:188} INFO - [2024-07-13T01:02:15.929+0000] {dag.py:3954} INFO - Setting next_dagrun for example_complex to None, run_after=None
[2024-07-13T01:02:15.967+0000] {processor.py:183} INFO - Processing /home/airflow/.local/lib/python3.11/site-packages/airflow/example_dags/example_complex.py took 0.188 seconds
[2024-07-13T01:02:49.622+0000] {processor.py:161} INFO - Started process (PID=482) to work on /home/airflow/.local/lib/python3.11/site-packages/airflow/example_dags/example_complex.py
[2024-07-13T01:02:49.624+0000] {processor.py:830} INFO - Processing file /home/airflow/.local/lib/python3.11/site-packages/airflow/example_dags/example_complex.py for tasks to queue
[2024-07-13T01:02:49.628+0000] {logging_mixin.py:188} INFO - [2024-07-13T01:02:49.627+0000] {dagbag.py:545} INFO - Filling up the DagBag from /home/airflow/.local/lib/python3.11/site-packages/airflow/example_dags/example_complex.py
[2024-07-13T01:02:49.647+0000] {processor.py:840} INFO - DAG(s) 'example_complex' retrieved from /home/airflow/.local/lib/python3.11/site-packages/airflow/example_dags/example_complex.py
[2024-07-13T01:02:49.717+0000] {logging_mixin.py:188} INFO - [2024-07-13T01:02:49.717+0000] {dag.py:3096} INFO - Sync 1 DAGs
[2024-07-13T01:02:49.741+0000] {logging_mixin.py:188} INFO - [2024-07-13T01:02:49.740+0000] {dag.py:3954} INFO - Setting next_dagrun for example_complex to None, run_after=None
[2024-07-13T01:02:49.779+0000] {processor.py:183} INFO - Processing /home/airflow/.local/lib/python3.11/site-packages/airflow/example_dags/example_complex.py took 0.169 seconds
[2024-07-13T01:03:24.377+0000] {processor.py:161} INFO - Started process (PID=544) to work on /home/airflow/.local/lib/python3.11/site-packages/airflow/example_dags/example_complex.py
[2024-07-13T01:03:24.379+0000] {processor.py:830} INFO - Processing file /home/airflow/.local/lib/python3.11/site-packages/airflow/example_dags/example_complex.py for tasks to queue
[2024-07-13T01:03:24.383+0000] {logging_mixin.py:188} INFO - [2024-07-13T01:03:24.382+0000] {dagbag.py:545} INFO - Filling up the DagBag from /home/airflow/.local/lib/python3.11/site-packages/airflow/example_dags/example_complex.py
[2024-07-13T01:03:24.402+0000] {processor.py:840} INFO - DAG(s) 'example_complex' retrieved from /home/airflow/.local/lib/python3.11/site-packages/airflow/example_dags/example_complex.py
[2024-07-13T01:03:24.487+0000] {logging_mixin.py:188} INFO - [2024-07-13T01:03:24.486+0000] {dag.py:3096} INFO - Sync 1 DAGs
[2024-07-13T01:03:24.517+0000] {logging_mixin.py:188} INFO - [2024-07-13T01:03:24.516+0000] {dag.py:3954} INFO - Setting next_dagrun for example_complex to None, run_after=None
[2024-07-13T01:03:24.562+0000] {processor.py:183} INFO - Processing /home/airflow/.local/lib/python3.11/site-packages/airflow/example_dags/example_complex.py took 0.198 seconds
[2024-07-13T01:03:58.317+0000] {processor.py:161} INFO - Started process (PID=607) to work on /home/airflow/.local/lib/python3.11/site-packages/airflow/example_dags/example_complex.py
[2024-07-13T01:03:58.320+0000] {processor.py:830} INFO - Processing file /home/airflow/.local/lib/python3.11/site-packages/airflow/example_dags/example_complex.py for tasks to queue
[2024-07-13T01:03:58.324+0000] {logging_mixin.py:188} INFO - [2024-07-13T01:03:58.323+0000] {dagbag.py:545} INFO - Filling up the DagBag from /home/airflow/.local/lib/python3.11/site-packages/airflow/example_dags/example_complex.py
[2024-07-13T01:03:58.346+0000] {processor.py:840} INFO - DAG(s) 'example_complex' retrieved from /home/airflow/.local/lib/python3.11/site-packages/airflow/example_dags/example_complex.py
[2024-07-13T01:03:58.407+0000] {logging_mixin.py:188} INFO - [2024-07-13T01:03:58.406+0000] {dag.py:3096} INFO - Sync 1 DAGs
[2024-07-13T01:03:58.430+0000] {logging_mixin.py:188} INFO - [2024-07-13T01:03:58.429+0000] {dag.py:3954} INFO - Setting next_dagrun for example_complex to None, run_after=None
[2024-07-13T01:03:58.471+0000] {processor.py:183} INFO - Processing /home/airflow/.local/lib/python3.11/site-packages/airflow/example_dags/example_complex.py took 0.168 seconds
[2024-07-13T01:04:32.050+0000] {processor.py:161} INFO - Started process (PID=669) to work on /home/airflow/.local/lib/python3.11/site-packages/airflow/example_dags/example_complex.py
[2024-07-13T01:04:32.052+0000] {processor.py:830} INFO - Processing file /home/airflow/.local/lib/python3.11/site-packages/airflow/example_dags/example_complex.py for tasks to queue
[2024-07-13T01:04:32.056+0000] {logging_mixin.py:188} INFO - [2024-07-13T01:04:32.055+0000] {dagbag.py:545} INFO - Filling up the DagBag from /home/airflow/.local/lib/python3.11/site-packages/airflow/example_dags/example_complex.py
[2024-07-13T01:04:32.088+0000] {processor.py:840} INFO - DAG(s) 'example_complex' retrieved from /home/airflow/.local/lib/python3.11/site-packages/airflow/example_dags/example_complex.py
[2024-07-13T01:04:32.164+0000] {logging_mixin.py:188} INFO - [2024-07-13T01:04:32.163+0000] {dag.py:3096} INFO - Sync 1 DAGs
[2024-07-13T01:04:32.192+0000] {logging_mixin.py:188} INFO - [2024-07-13T01:04:32.191+0000] {dag.py:3954} INFO - Setting next_dagrun for example_complex to None, run_after=None
[2024-07-13T01:04:32.227+0000] {processor.py:183} INFO - Processing /home/airflow/.local/lib/python3.11/site-packages/airflow/example_dags/example_complex.py took 0.194 seconds
[2024-07-13T01:05:05.343+0000] {processor.py:161} INFO - Started process (PID=731) to work on /home/airflow/.local/lib/python3.11/site-packages/airflow/example_dags/example_complex.py
[2024-07-13T01:05:05.346+0000] {processor.py:830} INFO - Processing file /home/airflow/.local/lib/python3.11/site-packages/airflow/example_dags/example_complex.py for tasks to queue
[2024-07-13T01:05:05.350+0000] {logging_mixin.py:188} INFO - [2024-07-13T01:05:05.349+0000] {dagbag.py:545} INFO - Filling up the DagBag from /home/airflow/.local/lib/python3.11/site-packages/airflow/example_dags/example_complex.py
[2024-07-13T01:05:05.376+0000] {processor.py:840} INFO - DAG(s) 'example_complex' retrieved from /home/airflow/.local/lib/python3.11/site-packages/airflow/example_dags/example_complex.py
[2024-07-13T01:05:05.440+0000] {logging_mixin.py:188} INFO - [2024-07-13T01:05:05.440+0000] {dag.py:3096} INFO - Sync 1 DAGs
[2024-07-13T01:05:05.458+0000] {logging_mixin.py:188} INFO - [2024-07-13T01:05:05.458+0000] {dag.py:3954} INFO - Setting next_dagrun for example_complex to None, run_after=None
[2024-07-13T01:05:05.485+0000] {processor.py:183} INFO - Processing /home/airflow/.local/lib/python3.11/site-packages/airflow/example_dags/example_complex.py took 0.156 seconds
[2024-07-13T01:05:39.231+0000] {processor.py:161} INFO - Started process (PID=800) to work on /home/airflow/.local/lib/python3.11/site-packages/airflow/example_dags/example_complex.py
[2024-07-13T01:05:39.233+0000] {processor.py:830} INFO - Processing file /home/airflow/.local/lib/python3.11/site-packages/airflow/example_dags/example_complex.py for tasks to queue
[2024-07-13T01:05:39.237+0000] {logging_mixin.py:188} INFO - [2024-07-13T01:05:39.236+0000] {dagbag.py:545} INFO - Filling up the DagBag from /home/airflow/.local/lib/python3.11/site-packages/airflow/example_dags/example_complex.py
[2024-07-13T01:05:39.261+0000] {processor.py:840} INFO - DAG(s) 'example_complex' retrieved from /home/airflow/.local/lib/python3.11/site-packages/airflow/example_dags/example_complex.py
[2024-07-13T01:05:39.319+0000] {logging_mixin.py:188} INFO - [2024-07-13T01:05:39.319+0000] {dag.py:3096} INFO - Sync 1 DAGs
[2024-07-13T01:05:39.341+0000] {logging_mixin.py:188} INFO - [2024-07-13T01:05:39.341+0000] {dag.py:3954} INFO - Setting next_dagrun for example_complex to None, run_after=None
[2024-07-13T01:05:39.753+0000] {processor.py:183} INFO - Processing /home/airflow/.local/lib/python3.11/site-packages/airflow/example_dags/example_complex.py took 0.536 seconds
[2024-07-13T01:06:12.396+0000] {processor.py:161} INFO - Started process (PID=862) to work on /home/airflow/.local/lib/python3.11/site-packages/airflow/example_dags/example_complex.py
[2024-07-13T01:06:12.398+0000] {processor.py:830} INFO - Processing file /home/airflow/.local/lib/python3.11/site-packages/airflow/example_dags/example_complex.py for tasks to queue
[2024-07-13T01:06:12.404+0000] {logging_mixin.py:188} INFO - [2024-07-13T01:06:12.403+0000] {dagbag.py:545} INFO - Filling up the DagBag from /home/airflow/.local/lib/python3.11/site-packages/airflow/example_dags/example_complex.py
[2024-07-13T01:06:12.438+0000] {processor.py:840} INFO - DAG(s) 'example_complex' retrieved from /home/airflow/.local/lib/python3.11/site-packages/airflow/example_dags/example_complex.py
[2024-07-13T01:06:12.528+0000] {logging_mixin.py:188} INFO - [2024-07-13T01:06:12.528+0000] {dag.py:3096} INFO - Sync 1 DAGs
[2024-07-13T01:06:12.586+0000] {logging_mixin.py:188} INFO - [2024-07-13T01:06:12.585+0000] {dag.py:3954} INFO - Setting next_dagrun for example_complex to None, run_after=None
[2024-07-13T01:06:12.636+0000] {processor.py:183} INFO - Processing /home/airflow/.local/lib/python3.11/site-packages/airflow/example_dags/example_complex.py took 0.257 seconds
[2024-07-13T01:06:45.041+0000] {processor.py:161} INFO - Started process (PID=924) to work on /home/airflow/.local/lib/python3.11/site-packages/airflow/example_dags/example_complex.py
[2024-07-13T01:06:45.044+0000] {processor.py:830} INFO - Processing file /home/airflow/.local/lib/python3.11/site-packages/airflow/example_dags/example_complex.py for tasks to queue
[2024-07-13T01:06:45.048+0000] {logging_mixin.py:188} INFO - [2024-07-13T01:06:45.047+0000] {dagbag.py:545} INFO - Filling up the DagBag from /home/airflow/.local/lib/python3.11/site-packages/airflow/example_dags/example_complex.py
[2024-07-13T01:06:45.070+0000] {processor.py:840} INFO - DAG(s) 'example_complex' retrieved from /home/airflow/.local/lib/python3.11/site-packages/airflow/example_dags/example_complex.py
[2024-07-13T01:06:45.143+0000] {logging_mixin.py:188} INFO - [2024-07-13T01:06:45.143+0000] {dag.py:3096} INFO - Sync 1 DAGs
[2024-07-13T01:06:45.174+0000] {logging_mixin.py:188} INFO - [2024-07-13T01:06:45.174+0000] {dag.py:3954} INFO - Setting next_dagrun for example_complex to None, run_after=None
[2024-07-13T01:06:45.215+0000] {processor.py:183} INFO - Processing /home/airflow/.local/lib/python3.11/site-packages/airflow/example_dags/example_complex.py took 0.187 seconds
[2024-07-13T01:07:18.296+0000] {processor.py:161} INFO - Started process (PID=986) to work on /home/airflow/.local/lib/python3.11/site-packages/airflow/example_dags/example_complex.py
[2024-07-13T01:07:18.299+0000] {processor.py:830} INFO - Processing file /home/airflow/.local/lib/python3.11/site-packages/airflow/example_dags/example_complex.py for tasks to queue
[2024-07-13T01:07:18.303+0000] {logging_mixin.py:188} INFO - [2024-07-13T01:07:18.302+0000] {dagbag.py:545} INFO - Filling up the DagBag from /home/airflow/.local/lib/python3.11/site-packages/airflow/example_dags/example_complex.py
[2024-07-13T01:07:18.324+0000] {processor.py:840} INFO - DAG(s) 'example_complex' retrieved from /home/airflow/.local/lib/python3.11/site-packages/airflow/example_dags/example_complex.py
[2024-07-13T01:07:18.393+0000] {logging_mixin.py:188} INFO - [2024-07-13T01:07:18.393+0000] {dag.py:3096} INFO - Sync 1 DAGs
[2024-07-13T01:07:18.415+0000] {logging_mixin.py:188} INFO - [2024-07-13T01:07:18.415+0000] {dag.py:3954} INFO - Setting next_dagrun for example_complex to None, run_after=None
[2024-07-13T01:07:18.449+0000] {processor.py:183} INFO - Processing /home/airflow/.local/lib/python3.11/site-packages/airflow/example_dags/example_complex.py took 0.166 seconds
[2024-07-13T01:07:51.524+0000] {processor.py:161} INFO - Started process (PID=1048) to work on /home/airflow/.local/lib/python3.11/site-packages/airflow/example_dags/example_complex.py
[2024-07-13T01:07:51.527+0000] {processor.py:830} INFO - Processing file /home/airflow/.local/lib/python3.11/site-packages/airflow/example_dags/example_complex.py for tasks to queue
[2024-07-13T01:07:51.531+0000] {logging_mixin.py:188} INFO - [2024-07-13T01:07:51.530+0000] {dagbag.py:545} INFO - Filling up the DagBag from /home/airflow/.local/lib/python3.11/site-packages/airflow/example_dags/example_complex.py
[2024-07-13T01:07:51.550+0000] {processor.py:840} INFO - DAG(s) 'example_complex' retrieved from /home/airflow/.local/lib/python3.11/site-packages/airflow/example_dags/example_complex.py
[2024-07-13T01:07:51.609+0000] {logging_mixin.py:188} INFO - [2024-07-13T01:07:51.609+0000] {dag.py:3096} INFO - Sync 1 DAGs
[2024-07-13T01:07:51.633+0000] {logging_mixin.py:188} INFO - [2024-07-13T01:07:51.632+0000] {dag.py:3954} INFO - Setting next_dagrun for example_complex to None, run_after=None
[2024-07-13T01:07:51.659+0000] {processor.py:183} INFO - Processing /home/airflow/.local/lib/python3.11/site-packages/airflow/example_dags/example_complex.py took 0.152 seconds
[2024-07-13T01:08:25.164+0000] {processor.py:161} INFO - Started process (PID=1110) to work on /home/airflow/.local/lib/python3.11/site-packages/airflow/example_dags/example_complex.py
[2024-07-13T01:08:25.166+0000] {processor.py:830} INFO - Processing file /home/airflow/.local/lib/python3.11/site-packages/airflow/example_dags/example_complex.py for tasks to queue
[2024-07-13T01:08:25.170+0000] {logging_mixin.py:188} INFO - [2024-07-13T01:08:25.169+0000] {dagbag.py:545} INFO - Filling up the DagBag from /home/airflow/.local/lib/python3.11/site-packages/airflow/example_dags/example_complex.py
[2024-07-13T01:08:25.190+0000] {processor.py:840} INFO - DAG(s) 'example_complex' retrieved from /home/airflow/.local/lib/python3.11/site-packages/airflow/example_dags/example_complex.py
[2024-07-13T01:08:25.248+0000] {logging_mixin.py:188} INFO - [2024-07-13T01:08:25.248+0000] {dag.py:3096} INFO - Sync 1 DAGs
[2024-07-13T01:08:25.272+0000] {logging_mixin.py:188} INFO - [2024-07-13T01:08:25.272+0000] {dag.py:3954} INFO - Setting next_dagrun for example_complex to None, run_after=None
[2024-07-13T01:08:25.302+0000] {processor.py:183} INFO - Processing /home/airflow/.local/lib/python3.11/site-packages/airflow/example_dags/example_complex.py took 0.154 seconds
[2024-07-13T01:08:58.334+0000] {processor.py:161} INFO - Started process (PID=1176) to work on /home/airflow/.local/lib/python3.11/site-packages/airflow/example_dags/example_complex.py
[2024-07-13T01:08:58.335+0000] {processor.py:830} INFO - Processing file /home/airflow/.local/lib/python3.11/site-packages/airflow/example_dags/example_complex.py for tasks to queue
[2024-07-13T01:08:58.338+0000] {logging_mixin.py:188} INFO - [2024-07-13T01:08:58.338+0000] {dagbag.py:545} INFO - Filling up the DagBag from /home/airflow/.local/lib/python3.11/site-packages/airflow/example_dags/example_complex.py
[2024-07-13T01:08:58.359+0000] {processor.py:840} INFO - DAG(s) 'example_complex' retrieved from /home/airflow/.local/lib/python3.11/site-packages/airflow/example_dags/example_complex.py
[2024-07-13T01:08:58.418+0000] {logging_mixin.py:188} INFO - [2024-07-13T01:08:58.418+0000] {dag.py:3096} INFO - Sync 1 DAGs
[2024-07-13T01:08:58.437+0000] {logging_mixin.py:188} INFO - [2024-07-13T01:08:58.437+0000] {dag.py:3954} INFO - Setting next_dagrun for example_complex to None, run_after=None
[2024-07-13T01:08:58.465+0000] {processor.py:183} INFO - Processing /home/airflow/.local/lib/python3.11/site-packages/airflow/example_dags/example_complex.py took 0.142 seconds
[2024-07-13T01:11:16.049+0000] {processor.py:161} INFO - Started process (PID=42) to work on /home/airflow/.local/lib/python3.11/site-packages/airflow/example_dags/example_complex.py
[2024-07-13T01:11:16.052+0000] {processor.py:830} INFO - Processing file /home/airflow/.local/lib/python3.11/site-packages/airflow/example_dags/example_complex.py for tasks to queue
[2024-07-13T01:11:16.057+0000] {logging_mixin.py:188} INFO - [2024-07-13T01:11:16.056+0000] {dagbag.py:545} INFO - Filling up the DagBag from /home/airflow/.local/lib/python3.11/site-packages/airflow/example_dags/example_complex.py
[2024-07-13T01:11:16.093+0000] {processor.py:840} INFO - DAG(s) 'example_complex' retrieved from /home/airflow/.local/lib/python3.11/site-packages/airflow/example_dags/example_complex.py
[2024-07-13T01:11:16.312+0000] {logging_mixin.py:188} INFO - [2024-07-13T01:11:16.312+0000] {dag.py:3096} INFO - Sync 1 DAGs
[2024-07-13T01:11:16.336+0000] {logging_mixin.py:188} INFO - [2024-07-13T01:11:16.335+0000] {dag.py:3954} INFO - Setting next_dagrun for example_complex to None, run_after=None
[2024-07-13T01:11:16.374+0000] {processor.py:183} INFO - Processing /home/airflow/.local/lib/python3.11/site-packages/airflow/example_dags/example_complex.py took 0.341 seconds
[2024-07-13T01:11:48.650+0000] {processor.py:161} INFO - Started process (PID=103) to work on /home/airflow/.local/lib/python3.11/site-packages/airflow/example_dags/example_complex.py
[2024-07-13T01:11:48.652+0000] {processor.py:830} INFO - Processing file /home/airflow/.local/lib/python3.11/site-packages/airflow/example_dags/example_complex.py for tasks to queue
[2024-07-13T01:11:48.657+0000] {logging_mixin.py:188} INFO - [2024-07-13T01:11:48.656+0000] {dagbag.py:545} INFO - Filling up the DagBag from /home/airflow/.local/lib/python3.11/site-packages/airflow/example_dags/example_complex.py
[2024-07-13T01:11:48.678+0000] {processor.py:840} INFO - DAG(s) 'example_complex' retrieved from /home/airflow/.local/lib/python3.11/site-packages/airflow/example_dags/example_complex.py
[2024-07-13T01:11:48.740+0000] {logging_mixin.py:188} INFO - [2024-07-13T01:11:48.739+0000] {dag.py:3096} INFO - Sync 1 DAGs
[2024-07-13T01:11:48.762+0000] {logging_mixin.py:188} INFO - [2024-07-13T01:11:48.762+0000] {dag.py:3954} INFO - Setting next_dagrun for example_complex to None, run_after=None
[2024-07-13T01:11:48.795+0000] {processor.py:183} INFO - Processing /home/airflow/.local/lib/python3.11/site-packages/airflow/example_dags/example_complex.py took 0.160 seconds
[2024-07-13T01:12:22.451+0000] {processor.py:161} INFO - Started process (PID=165) to work on /home/airflow/.local/lib/python3.11/site-packages/airflow/example_dags/example_complex.py
[2024-07-13T01:12:22.454+0000] {processor.py:830} INFO - Processing file /home/airflow/.local/lib/python3.11/site-packages/airflow/example_dags/example_complex.py for tasks to queue
[2024-07-13T01:12:22.465+0000] {logging_mixin.py:188} INFO - [2024-07-13T01:12:22.464+0000] {dagbag.py:545} INFO - Filling up the DagBag from /home/airflow/.local/lib/python3.11/site-packages/airflow/example_dags/example_complex.py
[2024-07-13T01:12:22.510+0000] {processor.py:840} INFO - DAG(s) 'example_complex' retrieved from /home/airflow/.local/lib/python3.11/site-packages/airflow/example_dags/example_complex.py
[2024-07-13T01:12:22.588+0000] {logging_mixin.py:188} INFO - [2024-07-13T01:12:22.588+0000] {dag.py:3096} INFO - Sync 1 DAGs
[2024-07-13T01:12:22.617+0000] {logging_mixin.py:188} INFO - [2024-07-13T01:12:22.616+0000] {dag.py:3954} INFO - Setting next_dagrun for example_complex to None, run_after=None
[2024-07-13T01:12:22.653+0000] {processor.py:183} INFO - Processing /home/airflow/.local/lib/python3.11/site-packages/airflow/example_dags/example_complex.py took 0.235 seconds
[2024-07-13T01:12:55.148+0000] {processor.py:161} INFO - Started process (PID=227) to work on /home/airflow/.local/lib/python3.11/site-packages/airflow/example_dags/example_complex.py
[2024-07-13T01:12:55.151+0000] {processor.py:830} INFO - Processing file /home/airflow/.local/lib/python3.11/site-packages/airflow/example_dags/example_complex.py for tasks to queue
[2024-07-13T01:12:55.154+0000] {logging_mixin.py:188} INFO - [2024-07-13T01:12:55.153+0000] {dagbag.py:545} INFO - Filling up the DagBag from /home/airflow/.local/lib/python3.11/site-packages/airflow/example_dags/example_complex.py
[2024-07-13T01:12:55.174+0000] {processor.py:840} INFO - DAG(s) 'example_complex' retrieved from /home/airflow/.local/lib/python3.11/site-packages/airflow/example_dags/example_complex.py
[2024-07-13T01:12:55.233+0000] {logging_mixin.py:188} INFO - [2024-07-13T01:12:55.233+0000] {dag.py:3096} INFO - Sync 1 DAGs
[2024-07-13T01:12:55.254+0000] {logging_mixin.py:188} INFO - [2024-07-13T01:12:55.254+0000] {dag.py:3954} INFO - Setting next_dagrun for example_complex to None, run_after=None
[2024-07-13T01:12:55.293+0000] {processor.py:183} INFO - Processing /home/airflow/.local/lib/python3.11/site-packages/airflow/example_dags/example_complex.py took 0.157 seconds
[2024-07-13T01:13:29.522+0000] {processor.py:161} INFO - Started process (PID=296) to work on /home/airflow/.local/lib/python3.11/site-packages/airflow/example_dags/example_complex.py
[2024-07-13T01:13:29.524+0000] {processor.py:830} INFO - Processing file /home/airflow/.local/lib/python3.11/site-packages/airflow/example_dags/example_complex.py for tasks to queue
[2024-07-13T01:13:29.529+0000] {logging_mixin.py:188} INFO - [2024-07-13T01:13:29.528+0000] {dagbag.py:545} INFO - Filling up the DagBag from /home/airflow/.local/lib/python3.11/site-packages/airflow/example_dags/example_complex.py
[2024-07-13T01:13:29.561+0000] {processor.py:840} INFO - DAG(s) 'example_complex' retrieved from /home/airflow/.local/lib/python3.11/site-packages/airflow/example_dags/example_complex.py
[2024-07-13T01:13:29.650+0000] {logging_mixin.py:188} INFO - [2024-07-13T01:13:29.649+0000] {dag.py:3096} INFO - Sync 1 DAGs
[2024-07-13T01:13:29.681+0000] {logging_mixin.py:188} INFO - [2024-07-13T01:13:29.680+0000] {dag.py:3954} INFO - Setting next_dagrun for example_complex to None, run_after=None
[2024-07-13T01:13:29.723+0000] {processor.py:183} INFO - Processing /home/airflow/.local/lib/python3.11/site-packages/airflow/example_dags/example_complex.py took 0.218 seconds
[2024-07-13T01:14:02.480+0000] {processor.py:161} INFO - Started process (PID=358) to work on /home/airflow/.local/lib/python3.11/site-packages/airflow/example_dags/example_complex.py
[2024-07-13T01:14:02.482+0000] {processor.py:830} INFO - Processing file /home/airflow/.local/lib/python3.11/site-packages/airflow/example_dags/example_complex.py for tasks to queue
[2024-07-13T01:14:02.486+0000] {logging_mixin.py:188} INFO - [2024-07-13T01:14:02.485+0000] {dagbag.py:545} INFO - Filling up the DagBag from /home/airflow/.local/lib/python3.11/site-packages/airflow/example_dags/example_complex.py
[2024-07-13T01:14:02.512+0000] {processor.py:840} INFO - DAG(s) 'example_complex' retrieved from /home/airflow/.local/lib/python3.11/site-packages/airflow/example_dags/example_complex.py
[2024-07-13T01:14:02.576+0000] {logging_mixin.py:188} INFO - [2024-07-13T01:14:02.576+0000] {dag.py:3096} INFO - Sync 1 DAGs
[2024-07-13T01:14:02.600+0000] {logging_mixin.py:188} INFO - [2024-07-13T01:14:02.600+0000] {dag.py:3954} INFO - Setting next_dagrun for example_complex to None, run_after=None
[2024-07-13T01:14:02.637+0000] {processor.py:183} INFO - Processing /home/airflow/.local/lib/python3.11/site-packages/airflow/example_dags/example_complex.py took 0.169 seconds
[2024-07-13T01:14:36.475+0000] {processor.py:161} INFO - Started process (PID=420) to work on /home/airflow/.local/lib/python3.11/site-packages/airflow/example_dags/example_complex.py
[2024-07-13T01:14:36.477+0000] {processor.py:830} INFO - Processing file /home/airflow/.local/lib/python3.11/site-packages/airflow/example_dags/example_complex.py for tasks to queue
[2024-07-13T01:14:36.481+0000] {logging_mixin.py:188} INFO - [2024-07-13T01:14:36.481+0000] {dagbag.py:545} INFO - Filling up the DagBag from /home/airflow/.local/lib/python3.11/site-packages/airflow/example_dags/example_complex.py
[2024-07-13T01:14:36.505+0000] {processor.py:840} INFO - DAG(s) 'example_complex' retrieved from /home/airflow/.local/lib/python3.11/site-packages/airflow/example_dags/example_complex.py
[2024-07-13T01:14:36.577+0000] {logging_mixin.py:188} INFO - [2024-07-13T01:14:36.576+0000] {dag.py:3096} INFO - Sync 1 DAGs
[2024-07-13T01:14:36.603+0000] {logging_mixin.py:188} INFO - [2024-07-13T01:14:36.602+0000] {dag.py:3954} INFO - Setting next_dagrun for example_complex to None, run_after=None
[2024-07-13T01:14:36.638+0000] {processor.py:183} INFO - Processing /home/airflow/.local/lib/python3.11/site-packages/airflow/example_dags/example_complex.py took 0.180 seconds
[2024-07-13T01:15:10.681+0000] {processor.py:161} INFO - Started process (PID=482) to work on /home/airflow/.local/lib/python3.11/site-packages/airflow/example_dags/example_complex.py
[2024-07-13T01:15:10.683+0000] {processor.py:830} INFO - Processing file /home/airflow/.local/lib/python3.11/site-packages/airflow/example_dags/example_complex.py for tasks to queue
[2024-07-13T01:15:10.687+0000] {logging_mixin.py:188} INFO - [2024-07-13T01:15:10.687+0000] {dagbag.py:545} INFO - Filling up the DagBag from /home/airflow/.local/lib/python3.11/site-packages/airflow/example_dags/example_complex.py
[2024-07-13T01:15:10.713+0000] {processor.py:840} INFO - DAG(s) 'example_complex' retrieved from /home/airflow/.local/lib/python3.11/site-packages/airflow/example_dags/example_complex.py
[2024-07-13T01:15:10.790+0000] {logging_mixin.py:188} INFO - [2024-07-13T01:15:10.790+0000] {dag.py:3096} INFO - Sync 1 DAGs
[2024-07-13T01:15:10.822+0000] {logging_mixin.py:188} INFO - [2024-07-13T01:15:10.821+0000] {dag.py:3954} INFO - Setting next_dagrun for example_complex to None, run_after=None
[2024-07-13T01:15:10.862+0000] {processor.py:183} INFO - Processing /home/airflow/.local/lib/python3.11/site-packages/airflow/example_dags/example_complex.py took 0.198 seconds
[2024-07-13T01:15:44.377+0000] {processor.py:161} INFO - Started process (PID=543) to work on /home/airflow/.local/lib/python3.11/site-packages/airflow/example_dags/example_complex.py
[2024-07-13T01:15:44.379+0000] {processor.py:830} INFO - Processing file /home/airflow/.local/lib/python3.11/site-packages/airflow/example_dags/example_complex.py for tasks to queue
[2024-07-13T01:15:44.383+0000] {logging_mixin.py:188} INFO - [2024-07-13T01:15:44.383+0000] {dagbag.py:545} INFO - Filling up the DagBag from /home/airflow/.local/lib/python3.11/site-packages/airflow/example_dags/example_complex.py
[2024-07-13T01:15:44.417+0000] {processor.py:840} INFO - DAG(s) 'example_complex' retrieved from /home/airflow/.local/lib/python3.11/site-packages/airflow/example_dags/example_complex.py
[2024-07-13T01:15:44.493+0000] {logging_mixin.py:188} INFO - [2024-07-13T01:15:44.492+0000] {dag.py:3096} INFO - Sync 1 DAGs
[2024-07-13T01:15:44.525+0000] {logging_mixin.py:188} INFO - [2024-07-13T01:15:44.524+0000] {dag.py:3954} INFO - Setting next_dagrun for example_complex to None, run_after=None
[2024-07-13T01:15:44.569+0000] {processor.py:183} INFO - Processing /home/airflow/.local/lib/python3.11/site-packages/airflow/example_dags/example_complex.py took 0.207 seconds
[2024-07-13T01:16:17.328+0000] {processor.py:161} INFO - Started process (PID=606) to work on /home/airflow/.local/lib/python3.11/site-packages/airflow/example_dags/example_complex.py
[2024-07-13T01:16:17.329+0000] {processor.py:830} INFO - Processing file /home/airflow/.local/lib/python3.11/site-packages/airflow/example_dags/example_complex.py for tasks to queue
[2024-07-13T01:16:17.332+0000] {logging_mixin.py:188} INFO - [2024-07-13T01:16:17.332+0000] {dagbag.py:545} INFO - Filling up the DagBag from /home/airflow/.local/lib/python3.11/site-packages/airflow/example_dags/example_complex.py
[2024-07-13T01:16:17.359+0000] {processor.py:840} INFO - DAG(s) 'example_complex' retrieved from /home/airflow/.local/lib/python3.11/site-packages/airflow/example_dags/example_complex.py
[2024-07-13T01:16:17.434+0000] {logging_mixin.py:188} INFO - [2024-07-13T01:16:17.434+0000] {dag.py:3096} INFO - Sync 1 DAGs
[2024-07-13T01:16:17.458+0000] {logging_mixin.py:188} INFO - [2024-07-13T01:16:17.458+0000] {dag.py:3954} INFO - Setting next_dagrun for example_complex to None, run_after=None
[2024-07-13T01:16:17.494+0000] {processor.py:183} INFO - Processing /home/airflow/.local/lib/python3.11/site-packages/airflow/example_dags/example_complex.py took 0.180 seconds
