[2024-07-13T00:28:05.473+0000] {processor.py:161} INFO - Started process (PID=79) to work on /home/airflow/.local/lib/python3.11/site-packages/airflow/example_dags/example_sla_dag.py
[2024-07-13T00:28:05.475+0000] {processor.py:830} INFO - Processing file /home/airflow/.local/lib/python3.11/site-packages/airflow/example_dags/example_sla_dag.py for tasks to queue
[2024-07-13T00:28:05.477+0000] {logging_mixin.py:188} INFO - [2024-07-13T00:28:05.476+0000] {dagbag.py:545} INFO - Filling up the DagBag from /home/airflow/.local/lib/python3.11/site-packages/airflow/example_dags/example_sla_dag.py
[2024-07-13T00:28:05.500+0000] {processor.py:840} INFO - DAG(s) 'example_sla_dag' retrieved from /home/airflow/.local/lib/python3.11/site-packages/airflow/example_dags/example_sla_dag.py
[2024-07-13T00:28:05.704+0000] {logging_mixin.py:188} INFO - [2024-07-13T00:28:05.704+0000] {dag.py:3096} INFO - Sync 1 DAGs
[2024-07-13T00:28:05.747+0000] {logging_mixin.py:188} INFO - [2024-07-13T00:28:05.747+0000] {dag.py:3954} INFO - Setting next_dagrun for example_sla_dag to 2024-07-13 00:26:00+00:00, run_after=2024-07-13 00:28:00+00:00
[2024-07-13T00:28:05.783+0000] {processor.py:183} INFO - Processing /home/airflow/.local/lib/python3.11/site-packages/airflow/example_dags/example_sla_dag.py took 0.326 seconds
[2024-07-13T00:28:35.827+0000] {processor.py:161} INFO - Started process (PID=141) to work on /home/airflow/.local/lib/python3.11/site-packages/airflow/example_dags/example_sla_dag.py
[2024-07-13T00:28:35.829+0000] {processor.py:830} INFO - Processing file /home/airflow/.local/lib/python3.11/site-packages/airflow/example_dags/example_sla_dag.py for tasks to queue
[2024-07-13T00:28:35.830+0000] {logging_mixin.py:188} INFO - [2024-07-13T00:28:35.829+0000] {dagbag.py:545} INFO - Filling up the DagBag from /home/airflow/.local/lib/python3.11/site-packages/airflow/example_dags/example_sla_dag.py
[2024-07-13T00:28:35.845+0000] {processor.py:840} INFO - DAG(s) 'example_sla_dag' retrieved from /home/airflow/.local/lib/python3.11/site-packages/airflow/example_dags/example_sla_dag.py
[2024-07-13T00:28:35.879+0000] {logging_mixin.py:188} INFO - [2024-07-13T00:28:35.879+0000] {dag.py:3096} INFO - Sync 1 DAGs
[2024-07-13T00:28:35.916+0000] {logging_mixin.py:188} INFO - [2024-07-13T00:28:35.916+0000] {dag.py:3954} INFO - Setting next_dagrun for example_sla_dag to 2024-07-13 00:26:00+00:00, run_after=2024-07-13 00:28:00+00:00
[2024-07-13T00:28:35.941+0000] {processor.py:183} INFO - Processing /home/airflow/.local/lib/python3.11/site-packages/airflow/example_dags/example_sla_dag.py took 0.124 seconds
[2024-07-13T00:29:08.390+0000] {processor.py:161} INFO - Started process (PID=203) to work on /home/airflow/.local/lib/python3.11/site-packages/airflow/example_dags/example_sla_dag.py
[2024-07-13T00:29:08.395+0000] {processor.py:830} INFO - Processing file /home/airflow/.local/lib/python3.11/site-packages/airflow/example_dags/example_sla_dag.py for tasks to queue
[2024-07-13T00:29:08.396+0000] {logging_mixin.py:188} INFO - [2024-07-13T00:29:08.396+0000] {dagbag.py:545} INFO - Filling up the DagBag from /home/airflow/.local/lib/python3.11/site-packages/airflow/example_dags/example_sla_dag.py
[2024-07-13T00:29:08.413+0000] {processor.py:840} INFO - DAG(s) 'example_sla_dag' retrieved from /home/airflow/.local/lib/python3.11/site-packages/airflow/example_dags/example_sla_dag.py
[2024-07-13T00:29:08.449+0000] {logging_mixin.py:188} INFO - [2024-07-13T00:29:08.448+0000] {dag.py:3096} INFO - Sync 1 DAGs
[2024-07-13T00:29:08.488+0000] {logging_mixin.py:188} INFO - [2024-07-13T00:29:08.488+0000] {dag.py:3954} INFO - Setting next_dagrun for example_sla_dag to 2024-07-13 00:26:00+00:00, run_after=2024-07-13 00:28:00+00:00
[2024-07-13T00:29:08.516+0000] {processor.py:183} INFO - Processing /home/airflow/.local/lib/python3.11/site-packages/airflow/example_dags/example_sla_dag.py took 0.137 seconds
[2024-07-13T00:29:41.998+0000] {processor.py:161} INFO - Started process (PID=271) to work on /home/airflow/.local/lib/python3.11/site-packages/airflow/example_dags/example_sla_dag.py
[2024-07-13T00:29:42.000+0000] {processor.py:830} INFO - Processing file /home/airflow/.local/lib/python3.11/site-packages/airflow/example_dags/example_sla_dag.py for tasks to queue
[2024-07-13T00:29:42.002+0000] {logging_mixin.py:188} INFO - [2024-07-13T00:29:42.001+0000] {dagbag.py:545} INFO - Filling up the DagBag from /home/airflow/.local/lib/python3.11/site-packages/airflow/example_dags/example_sla_dag.py
[2024-07-13T00:29:42.021+0000] {processor.py:840} INFO - DAG(s) 'example_sla_dag' retrieved from /home/airflow/.local/lib/python3.11/site-packages/airflow/example_dags/example_sla_dag.py
[2024-07-13T00:29:42.056+0000] {logging_mixin.py:188} INFO - [2024-07-13T00:29:42.055+0000] {dag.py:3096} INFO - Sync 1 DAGs
[2024-07-13T00:29:42.100+0000] {logging_mixin.py:188} INFO - [2024-07-13T00:29:42.100+0000] {dag.py:3954} INFO - Setting next_dagrun for example_sla_dag to 2024-07-13 00:26:00+00:00, run_after=2024-07-13 00:28:00+00:00
[2024-07-13T00:29:42.130+0000] {processor.py:183} INFO - Processing /home/airflow/.local/lib/python3.11/site-packages/airflow/example_dags/example_sla_dag.py took 0.144 seconds
[2024-07-13T00:30:14.585+0000] {processor.py:161} INFO - Started process (PID=334) to work on /home/airflow/.local/lib/python3.11/site-packages/airflow/example_dags/example_sla_dag.py
[2024-07-13T00:30:14.588+0000] {processor.py:830} INFO - Processing file /home/airflow/.local/lib/python3.11/site-packages/airflow/example_dags/example_sla_dag.py for tasks to queue
[2024-07-13T00:30:14.589+0000] {logging_mixin.py:188} INFO - [2024-07-13T00:30:14.588+0000] {dagbag.py:545} INFO - Filling up the DagBag from /home/airflow/.local/lib/python3.11/site-packages/airflow/example_dags/example_sla_dag.py
[2024-07-13T00:30:14.605+0000] {processor.py:840} INFO - DAG(s) 'example_sla_dag' retrieved from /home/airflow/.local/lib/python3.11/site-packages/airflow/example_dags/example_sla_dag.py
[2024-07-13T00:30:14.639+0000] {logging_mixin.py:188} INFO - [2024-07-13T00:30:14.639+0000] {dag.py:3096} INFO - Sync 1 DAGs
[2024-07-13T00:30:14.678+0000] {logging_mixin.py:188} INFO - [2024-07-13T00:30:14.677+0000] {dag.py:3954} INFO - Setting next_dagrun for example_sla_dag to 2024-07-13 00:28:00+00:00, run_after=2024-07-13 00:30:00+00:00
[2024-07-13T00:30:14.706+0000] {processor.py:183} INFO - Processing /home/airflow/.local/lib/python3.11/site-packages/airflow/example_dags/example_sla_dag.py took 0.132 seconds
[2024-07-13T00:30:47.210+0000] {processor.py:161} INFO - Started process (PID=396) to work on /home/airflow/.local/lib/python3.11/site-packages/airflow/example_dags/example_sla_dag.py
[2024-07-13T00:30:47.212+0000] {processor.py:830} INFO - Processing file /home/airflow/.local/lib/python3.11/site-packages/airflow/example_dags/example_sla_dag.py for tasks to queue
[2024-07-13T00:30:47.213+0000] {logging_mixin.py:188} INFO - [2024-07-13T00:30:47.213+0000] {dagbag.py:545} INFO - Filling up the DagBag from /home/airflow/.local/lib/python3.11/site-packages/airflow/example_dags/example_sla_dag.py
[2024-07-13T00:30:47.230+0000] {processor.py:840} INFO - DAG(s) 'example_sla_dag' retrieved from /home/airflow/.local/lib/python3.11/site-packages/airflow/example_dags/example_sla_dag.py
[2024-07-13T00:30:47.272+0000] {logging_mixin.py:188} INFO - [2024-07-13T00:30:47.272+0000] {dag.py:3096} INFO - Sync 1 DAGs
[2024-07-13T00:30:47.313+0000] {logging_mixin.py:188} INFO - [2024-07-13T00:30:47.313+0000] {dag.py:3954} INFO - Setting next_dagrun for example_sla_dag to 2024-07-13 00:28:00+00:00, run_after=2024-07-13 00:30:00+00:00
[2024-07-13T00:30:47.339+0000] {processor.py:183} INFO - Processing /home/airflow/.local/lib/python3.11/site-packages/airflow/example_dags/example_sla_dag.py took 0.141 seconds
[2024-07-13T00:31:20.785+0000] {processor.py:161} INFO - Started process (PID=458) to work on /home/airflow/.local/lib/python3.11/site-packages/airflow/example_dags/example_sla_dag.py
[2024-07-13T00:31:20.787+0000] {processor.py:830} INFO - Processing file /home/airflow/.local/lib/python3.11/site-packages/airflow/example_dags/example_sla_dag.py for tasks to queue
[2024-07-13T00:31:20.788+0000] {logging_mixin.py:188} INFO - [2024-07-13T00:31:20.788+0000] {dagbag.py:545} INFO - Filling up the DagBag from /home/airflow/.local/lib/python3.11/site-packages/airflow/example_dags/example_sla_dag.py
[2024-07-13T00:31:20.804+0000] {processor.py:840} INFO - DAG(s) 'example_sla_dag' retrieved from /home/airflow/.local/lib/python3.11/site-packages/airflow/example_dags/example_sla_dag.py
[2024-07-13T00:31:20.844+0000] {logging_mixin.py:188} INFO - [2024-07-13T00:31:20.844+0000] {dag.py:3096} INFO - Sync 1 DAGs
[2024-07-13T00:31:20.884+0000] {logging_mixin.py:188} INFO - [2024-07-13T00:31:20.884+0000] {dag.py:3954} INFO - Setting next_dagrun for example_sla_dag to 2024-07-13 00:28:00+00:00, run_after=2024-07-13 00:30:00+00:00
[2024-07-13T00:31:20.917+0000] {processor.py:183} INFO - Processing /home/airflow/.local/lib/python3.11/site-packages/airflow/example_dags/example_sla_dag.py took 0.144 seconds
[2024-07-13T00:31:55.049+0000] {processor.py:161} INFO - Started process (PID=520) to work on /home/airflow/.local/lib/python3.11/site-packages/airflow/example_dags/example_sla_dag.py
[2024-07-13T00:31:55.052+0000] {processor.py:830} INFO - Processing file /home/airflow/.local/lib/python3.11/site-packages/airflow/example_dags/example_sla_dag.py for tasks to queue
[2024-07-13T00:31:55.054+0000] {logging_mixin.py:188} INFO - [2024-07-13T00:31:55.053+0000] {dagbag.py:545} INFO - Filling up the DagBag from /home/airflow/.local/lib/python3.11/site-packages/airflow/example_dags/example_sla_dag.py
[2024-07-13T00:31:55.076+0000] {processor.py:840} INFO - DAG(s) 'example_sla_dag' retrieved from /home/airflow/.local/lib/python3.11/site-packages/airflow/example_dags/example_sla_dag.py
[2024-07-13T00:31:55.116+0000] {logging_mixin.py:188} INFO - [2024-07-13T00:31:55.115+0000] {dag.py:3096} INFO - Sync 1 DAGs
[2024-07-13T00:31:55.157+0000] {logging_mixin.py:188} INFO - [2024-07-13T00:31:55.157+0000] {dag.py:3954} INFO - Setting next_dagrun for example_sla_dag to 2024-07-13 00:28:00+00:00, run_after=2024-07-13 00:30:00+00:00
[2024-07-13T00:31:55.186+0000] {processor.py:183} INFO - Processing /home/airflow/.local/lib/python3.11/site-packages/airflow/example_dags/example_sla_dag.py took 0.149 seconds
[2024-07-13T00:32:29.504+0000] {processor.py:161} INFO - Started process (PID=582) to work on /home/airflow/.local/lib/python3.11/site-packages/airflow/example_dags/example_sla_dag.py
[2024-07-13T00:32:29.507+0000] {processor.py:830} INFO - Processing file /home/airflow/.local/lib/python3.11/site-packages/airflow/example_dags/example_sla_dag.py for tasks to queue
[2024-07-13T00:32:29.508+0000] {logging_mixin.py:188} INFO - [2024-07-13T00:32:29.508+0000] {dagbag.py:545} INFO - Filling up the DagBag from /home/airflow/.local/lib/python3.11/site-packages/airflow/example_dags/example_sla_dag.py
[2024-07-13T00:32:29.527+0000] {processor.py:840} INFO - DAG(s) 'example_sla_dag' retrieved from /home/airflow/.local/lib/python3.11/site-packages/airflow/example_dags/example_sla_dag.py
[2024-07-13T00:32:29.577+0000] {logging_mixin.py:188} INFO - [2024-07-13T00:32:29.576+0000] {dag.py:3096} INFO - Sync 1 DAGs
[2024-07-13T00:32:29.618+0000] {logging_mixin.py:188} INFO - [2024-07-13T00:32:29.618+0000] {dag.py:3954} INFO - Setting next_dagrun for example_sla_dag to 2024-07-13 00:30:00+00:00, run_after=2024-07-13 00:32:00+00:00
[2024-07-13T00:32:29.647+0000] {processor.py:183} INFO - Processing /home/airflow/.local/lib/python3.11/site-packages/airflow/example_dags/example_sla_dag.py took 0.155 seconds
[2024-07-13T00:33:03.986+0000] {processor.py:161} INFO - Started process (PID=644) to work on /home/airflow/.local/lib/python3.11/site-packages/airflow/example_dags/example_sla_dag.py
[2024-07-13T00:33:03.989+0000] {processor.py:830} INFO - Processing file /home/airflow/.local/lib/python3.11/site-packages/airflow/example_dags/example_sla_dag.py for tasks to queue
[2024-07-13T00:33:03.990+0000] {logging_mixin.py:188} INFO - [2024-07-13T00:33:03.990+0000] {dagbag.py:545} INFO - Filling up the DagBag from /home/airflow/.local/lib/python3.11/site-packages/airflow/example_dags/example_sla_dag.py
[2024-07-13T00:33:04.008+0000] {processor.py:840} INFO - DAG(s) 'example_sla_dag' retrieved from /home/airflow/.local/lib/python3.11/site-packages/airflow/example_dags/example_sla_dag.py
[2024-07-13T00:33:04.049+0000] {logging_mixin.py:188} INFO - [2024-07-13T00:33:04.048+0000] {dag.py:3096} INFO - Sync 1 DAGs
[2024-07-13T00:33:04.099+0000] {logging_mixin.py:188} INFO - [2024-07-13T00:33:04.099+0000] {dag.py:3954} INFO - Setting next_dagrun for example_sla_dag to 2024-07-13 00:30:00+00:00, run_after=2024-07-13 00:32:00+00:00
[2024-07-13T00:33:04.135+0000] {processor.py:183} INFO - Processing /home/airflow/.local/lib/python3.11/site-packages/airflow/example_dags/example_sla_dag.py took 0.163 seconds
[2024-07-13T00:33:36.622+0000] {processor.py:161} INFO - Started process (PID=706) to work on /home/airflow/.local/lib/python3.11/site-packages/airflow/example_dags/example_sla_dag.py
[2024-07-13T00:33:36.624+0000] {processor.py:830} INFO - Processing file /home/airflow/.local/lib/python3.11/site-packages/airflow/example_dags/example_sla_dag.py for tasks to queue
[2024-07-13T00:33:36.626+0000] {logging_mixin.py:188} INFO - [2024-07-13T00:33:36.625+0000] {dagbag.py:545} INFO - Filling up the DagBag from /home/airflow/.local/lib/python3.11/site-packages/airflow/example_dags/example_sla_dag.py
[2024-07-13T00:33:36.649+0000] {processor.py:840} INFO - DAG(s) 'example_sla_dag' retrieved from /home/airflow/.local/lib/python3.11/site-packages/airflow/example_dags/example_sla_dag.py
[2024-07-13T00:33:36.695+0000] {logging_mixin.py:188} INFO - [2024-07-13T00:33:36.694+0000] {dag.py:3096} INFO - Sync 1 DAGs
[2024-07-13T00:33:36.751+0000] {logging_mixin.py:188} INFO - [2024-07-13T00:33:36.750+0000] {dag.py:3954} INFO - Setting next_dagrun for example_sla_dag to 2024-07-13 00:30:00+00:00, run_after=2024-07-13 00:32:00+00:00
[2024-07-13T00:33:36.787+0000] {processor.py:183} INFO - Processing /home/airflow/.local/lib/python3.11/site-packages/airflow/example_dags/example_sla_dag.py took 0.181 seconds
[2024-07-13T00:35:53.444+0000] {processor.py:161} INFO - Started process (PID=80) to work on /home/airflow/.local/lib/python3.11/site-packages/airflow/example_dags/example_sla_dag.py
[2024-07-13T00:35:53.447+0000] {processor.py:830} INFO - Processing file /home/airflow/.local/lib/python3.11/site-packages/airflow/example_dags/example_sla_dag.py for tasks to queue
[2024-07-13T00:35:53.450+0000] {logging_mixin.py:188} INFO - [2024-07-13T00:35:53.449+0000] {dagbag.py:545} INFO - Filling up the DagBag from /home/airflow/.local/lib/python3.11/site-packages/airflow/example_dags/example_sla_dag.py
[2024-07-13T00:35:53.468+0000] {processor.py:840} INFO - DAG(s) 'example_sla_dag' retrieved from /home/airflow/.local/lib/python3.11/site-packages/airflow/example_dags/example_sla_dag.py
[2024-07-13T00:35:53.653+0000] {logging_mixin.py:188} INFO - [2024-07-13T00:35:53.652+0000] {dag.py:3096} INFO - Sync 1 DAGs
[2024-07-13T00:35:53.700+0000] {logging_mixin.py:188} INFO - [2024-07-13T00:35:53.700+0000] {dag.py:3954} INFO - Setting next_dagrun for example_sla_dag to 2024-07-13 00:32:00+00:00, run_after=2024-07-13 00:34:00+00:00
[2024-07-13T00:35:53.737+0000] {processor.py:183} INFO - Processing /home/airflow/.local/lib/python3.11/site-packages/airflow/example_dags/example_sla_dag.py took 0.304 seconds
[2024-07-13T00:36:24.397+0000] {processor.py:161} INFO - Started process (PID=142) to work on /home/airflow/.local/lib/python3.11/site-packages/airflow/example_dags/example_sla_dag.py
[2024-07-13T00:36:24.399+0000] {processor.py:830} INFO - Processing file /home/airflow/.local/lib/python3.11/site-packages/airflow/example_dags/example_sla_dag.py for tasks to queue
[2024-07-13T00:36:24.403+0000] {logging_mixin.py:188} INFO - [2024-07-13T00:36:24.402+0000] {dagbag.py:545} INFO - Filling up the DagBag from /home/airflow/.local/lib/python3.11/site-packages/airflow/example_dags/example_sla_dag.py
[2024-07-13T00:36:24.419+0000] {processor.py:840} INFO - DAG(s) 'example_sla_dag' retrieved from /home/airflow/.local/lib/python3.11/site-packages/airflow/example_dags/example_sla_dag.py
[2024-07-13T00:36:24.453+0000] {logging_mixin.py:188} INFO - [2024-07-13T00:36:24.451+0000] {dag.py:3096} INFO - Sync 1 DAGs
[2024-07-13T00:36:24.488+0000] {logging_mixin.py:188} INFO - [2024-07-13T00:36:24.488+0000] {dag.py:3954} INFO - Setting next_dagrun for example_sla_dag to 2024-07-13 00:34:00+00:00, run_after=2024-07-13 00:36:00+00:00
[2024-07-13T00:36:24.514+0000] {processor.py:183} INFO - Processing /home/airflow/.local/lib/python3.11/site-packages/airflow/example_dags/example_sla_dag.py took 0.130 seconds
[2024-07-13T00:38:24.632+0000] {processor.py:161} INFO - Started process (PID=78) to work on /home/airflow/.local/lib/python3.11/site-packages/airflow/example_dags/example_sla_dag.py
[2024-07-13T00:38:24.634+0000] {processor.py:830} INFO - Processing file /home/airflow/.local/lib/python3.11/site-packages/airflow/example_dags/example_sla_dag.py for tasks to queue
[2024-07-13T00:38:24.639+0000] {logging_mixin.py:188} INFO - [2024-07-13T00:38:24.638+0000] {dagbag.py:545} INFO - Filling up the DagBag from /home/airflow/.local/lib/python3.11/site-packages/airflow/example_dags/example_sla_dag.py
[2024-07-13T00:38:24.661+0000] {processor.py:840} INFO - DAG(s) 'example_sla_dag' retrieved from /home/airflow/.local/lib/python3.11/site-packages/airflow/example_dags/example_sla_dag.py
[2024-07-13T00:38:24.886+0000] {logging_mixin.py:188} INFO - [2024-07-13T00:38:24.886+0000] {dag.py:3096} INFO - Sync 1 DAGs
[2024-07-13T00:38:24.933+0000] {logging_mixin.py:188} INFO - [2024-07-13T00:38:24.933+0000] {dag.py:3954} INFO - Setting next_dagrun for example_sla_dag to 2024-07-13 00:36:00+00:00, run_after=2024-07-13 00:38:00+00:00
[2024-07-13T00:38:24.961+0000] {processor.py:183} INFO - Processing /home/airflow/.local/lib/python3.11/site-packages/airflow/example_dags/example_sla_dag.py took 0.345 seconds
[2024-07-13T00:38:55.609+0000] {processor.py:161} INFO - Started process (PID=140) to work on /home/airflow/.local/lib/python3.11/site-packages/airflow/example_dags/example_sla_dag.py
[2024-07-13T00:38:55.611+0000] {processor.py:830} INFO - Processing file /home/airflow/.local/lib/python3.11/site-packages/airflow/example_dags/example_sla_dag.py for tasks to queue
[2024-07-13T00:38:55.615+0000] {logging_mixin.py:188} INFO - [2024-07-13T00:38:55.614+0000] {dagbag.py:545} INFO - Filling up the DagBag from /home/airflow/.local/lib/python3.11/site-packages/airflow/example_dags/example_sla_dag.py
[2024-07-13T00:38:55.633+0000] {processor.py:840} INFO - DAG(s) 'example_sla_dag' retrieved from /home/airflow/.local/lib/python3.11/site-packages/airflow/example_dags/example_sla_dag.py
[2024-07-13T00:38:55.669+0000] {logging_mixin.py:188} INFO - [2024-07-13T00:38:55.668+0000] {dag.py:3096} INFO - Sync 1 DAGs
[2024-07-13T00:38:55.708+0000] {logging_mixin.py:188} INFO - [2024-07-13T00:38:55.707+0000] {dag.py:3954} INFO - Setting next_dagrun for example_sla_dag to 2024-07-13 00:36:00+00:00, run_after=2024-07-13 00:38:00+00:00
[2024-07-13T00:38:55.734+0000] {processor.py:183} INFO - Processing /home/airflow/.local/lib/python3.11/site-packages/airflow/example_dags/example_sla_dag.py took 0.138 seconds
[2024-07-13T00:39:26.354+0000] {processor.py:161} INFO - Started process (PID=202) to work on /home/airflow/.local/lib/python3.11/site-packages/airflow/example_dags/example_sla_dag.py
[2024-07-13T00:39:26.356+0000] {processor.py:830} INFO - Processing file /home/airflow/.local/lib/python3.11/site-packages/airflow/example_dags/example_sla_dag.py for tasks to queue
[2024-07-13T00:39:26.359+0000] {logging_mixin.py:188} INFO - [2024-07-13T00:39:26.359+0000] {dagbag.py:545} INFO - Filling up the DagBag from /home/airflow/.local/lib/python3.11/site-packages/airflow/example_dags/example_sla_dag.py
[2024-07-13T00:39:26.376+0000] {processor.py:840} INFO - DAG(s) 'example_sla_dag' retrieved from /home/airflow/.local/lib/python3.11/site-packages/airflow/example_dags/example_sla_dag.py
[2024-07-13T00:39:26.411+0000] {logging_mixin.py:188} INFO - [2024-07-13T00:39:26.410+0000] {dag.py:3096} INFO - Sync 1 DAGs
[2024-07-13T00:39:26.455+0000] {logging_mixin.py:188} INFO - [2024-07-13T00:39:26.455+0000] {dag.py:3954} INFO - Setting next_dagrun for example_sla_dag to 2024-07-13 00:36:00+00:00, run_after=2024-07-13 00:38:00+00:00
[2024-07-13T00:39:26.482+0000] {processor.py:183} INFO - Processing /home/airflow/.local/lib/python3.11/site-packages/airflow/example_dags/example_sla_dag.py took 0.141 seconds
[2024-07-13T00:39:59.806+0000] {processor.py:161} INFO - Started process (PID=264) to work on /home/airflow/.local/lib/python3.11/site-packages/airflow/example_dags/example_sla_dag.py
[2024-07-13T00:39:59.809+0000] {processor.py:830} INFO - Processing file /home/airflow/.local/lib/python3.11/site-packages/airflow/example_dags/example_sla_dag.py for tasks to queue
[2024-07-13T00:39:59.813+0000] {logging_mixin.py:188} INFO - [2024-07-13T00:39:59.812+0000] {dagbag.py:545} INFO - Filling up the DagBag from /home/airflow/.local/lib/python3.11/site-packages/airflow/example_dags/example_sla_dag.py
[2024-07-13T00:39:59.831+0000] {processor.py:840} INFO - DAG(s) 'example_sla_dag' retrieved from /home/airflow/.local/lib/python3.11/site-packages/airflow/example_dags/example_sla_dag.py
[2024-07-13T00:39:59.869+0000] {logging_mixin.py:188} INFO - [2024-07-13T00:39:59.869+0000] {dag.py:3096} INFO - Sync 1 DAGs
[2024-07-13T00:39:59.908+0000] {logging_mixin.py:188} INFO - [2024-07-13T00:39:59.908+0000] {dag.py:3954} INFO - Setting next_dagrun for example_sla_dag to 2024-07-13 00:36:00+00:00, run_after=2024-07-13 00:38:00+00:00
[2024-07-13T00:39:59.939+0000] {processor.py:183} INFO - Processing /home/airflow/.local/lib/python3.11/site-packages/airflow/example_dags/example_sla_dag.py took 0.148 seconds
[2024-07-13T00:40:32.269+0000] {processor.py:161} INFO - Started process (PID=331) to work on /home/airflow/.local/lib/python3.11/site-packages/airflow/example_dags/example_sla_dag.py
[2024-07-13T00:40:32.271+0000] {processor.py:830} INFO - Processing file /home/airflow/.local/lib/python3.11/site-packages/airflow/example_dags/example_sla_dag.py for tasks to queue
[2024-07-13T00:40:32.274+0000] {logging_mixin.py:188} INFO - [2024-07-13T00:40:32.273+0000] {dagbag.py:545} INFO - Filling up the DagBag from /home/airflow/.local/lib/python3.11/site-packages/airflow/example_dags/example_sla_dag.py
[2024-07-13T00:40:32.288+0000] {processor.py:840} INFO - DAG(s) 'example_sla_dag' retrieved from /home/airflow/.local/lib/python3.11/site-packages/airflow/example_dags/example_sla_dag.py
[2024-07-13T00:40:32.320+0000] {logging_mixin.py:188} INFO - [2024-07-13T00:40:32.319+0000] {dag.py:3096} INFO - Sync 1 DAGs
[2024-07-13T00:40:32.366+0000] {logging_mixin.py:188} INFO - [2024-07-13T00:40:32.366+0000] {dag.py:3954} INFO - Setting next_dagrun for example_sla_dag to 2024-07-13 00:38:00+00:00, run_after=2024-07-13 00:40:00+00:00
[2024-07-13T00:40:32.394+0000] {processor.py:183} INFO - Processing /home/airflow/.local/lib/python3.11/site-packages/airflow/example_dags/example_sla_dag.py took 0.137 seconds
[2024-07-13T00:41:15.636+0000] {processor.py:161} INFO - Started process (PID=392) to work on /home/airflow/.local/lib/python3.11/site-packages/airflow/example_dags/example_sla_dag.py
[2024-07-13T00:41:15.642+0000] {processor.py:830} INFO - Processing file /home/airflow/.local/lib/python3.11/site-packages/airflow/example_dags/example_sla_dag.py for tasks to queue
[2024-07-13T00:41:15.650+0000] {logging_mixin.py:188} INFO - [2024-07-13T00:41:15.649+0000] {dagbag.py:545} INFO - Filling up the DagBag from /home/airflow/.local/lib/python3.11/site-packages/airflow/example_dags/example_sla_dag.py
[2024-07-13T00:41:15.691+0000] {processor.py:840} INFO - DAG(s) 'example_sla_dag' retrieved from /home/airflow/.local/lib/python3.11/site-packages/airflow/example_dags/example_sla_dag.py
[2024-07-13T00:41:15.771+0000] {logging_mixin.py:188} INFO - [2024-07-13T00:41:15.770+0000] {dag.py:3096} INFO - Sync 1 DAGs
[2024-07-13T00:41:15.844+0000] {logging_mixin.py:188} INFO - [2024-07-13T00:41:15.844+0000] {dag.py:3954} INFO - Setting next_dagrun for example_sla_dag to 2024-07-13 00:38:00+00:00, run_after=2024-07-13 00:40:00+00:00
[2024-07-13T00:41:15.887+0000] {processor.py:183} INFO - Processing /home/airflow/.local/lib/python3.11/site-packages/airflow/example_dags/example_sla_dag.py took 0.279 seconds
[2024-07-13T00:41:46.485+0000] {processor.py:161} INFO - Started process (PID=453) to work on /home/airflow/.local/lib/python3.11/site-packages/airflow/example_dags/example_sla_dag.py
[2024-07-13T00:41:46.487+0000] {processor.py:830} INFO - Processing file /home/airflow/.local/lib/python3.11/site-packages/airflow/example_dags/example_sla_dag.py for tasks to queue
[2024-07-13T00:41:46.491+0000] {logging_mixin.py:188} INFO - [2024-07-13T00:41:46.490+0000] {dagbag.py:545} INFO - Filling up the DagBag from /home/airflow/.local/lib/python3.11/site-packages/airflow/example_dags/example_sla_dag.py
[2024-07-13T00:41:46.510+0000] {processor.py:840} INFO - DAG(s) 'example_sla_dag' retrieved from /home/airflow/.local/lib/python3.11/site-packages/airflow/example_dags/example_sla_dag.py
[2024-07-13T00:41:46.549+0000] {logging_mixin.py:188} INFO - [2024-07-13T00:41:46.548+0000] {dag.py:3096} INFO - Sync 1 DAGs
[2024-07-13T00:41:46.600+0000] {logging_mixin.py:188} INFO - [2024-07-13T00:41:46.599+0000] {dag.py:3954} INFO - Setting next_dagrun for example_sla_dag to 2024-07-13 00:38:00+00:00, run_after=2024-07-13 00:40:00+00:00
[2024-07-13T00:41:46.635+0000] {processor.py:183} INFO - Processing /home/airflow/.local/lib/python3.11/site-packages/airflow/example_dags/example_sla_dag.py took 0.168 seconds
[2024-07-13T00:44:07.883+0000] {processor.py:161} INFO - Started process (PID=79) to work on /home/airflow/.local/lib/python3.11/site-packages/airflow/example_dags/example_sla_dag.py
[2024-07-13T00:44:07.886+0000] {processor.py:830} INFO - Processing file /home/airflow/.local/lib/python3.11/site-packages/airflow/example_dags/example_sla_dag.py for tasks to queue
[2024-07-13T00:44:07.890+0000] {logging_mixin.py:188} INFO - [2024-07-13T00:44:07.889+0000] {dagbag.py:545} INFO - Filling up the DagBag from /home/airflow/.local/lib/python3.11/site-packages/airflow/example_dags/example_sla_dag.py
[2024-07-13T00:44:07.914+0000] {processor.py:840} INFO - DAG(s) 'example_sla_dag' retrieved from /home/airflow/.local/lib/python3.11/site-packages/airflow/example_dags/example_sla_dag.py
[2024-07-13T00:44:08.130+0000] {logging_mixin.py:188} INFO - [2024-07-13T00:44:08.129+0000] {dag.py:3096} INFO - Sync 1 DAGs
[2024-07-13T00:44:08.179+0000] {logging_mixin.py:188} INFO - [2024-07-13T00:44:08.179+0000] {dag.py:3954} INFO - Setting next_dagrun for example_sla_dag to 2024-07-13 00:42:00+00:00, run_after=2024-07-13 00:44:00+00:00
[2024-07-13T00:44:08.214+0000] {processor.py:183} INFO - Processing /home/airflow/.local/lib/python3.11/site-packages/airflow/example_dags/example_sla_dag.py took 0.346 seconds
[2024-07-13T00:44:38.875+0000] {processor.py:161} INFO - Started process (PID=141) to work on /home/airflow/.local/lib/python3.11/site-packages/airflow/example_dags/example_sla_dag.py
[2024-07-13T00:44:38.877+0000] {processor.py:830} INFO - Processing file /home/airflow/.local/lib/python3.11/site-packages/airflow/example_dags/example_sla_dag.py for tasks to queue
[2024-07-13T00:44:38.880+0000] {logging_mixin.py:188} INFO - [2024-07-13T00:44:38.880+0000] {dagbag.py:545} INFO - Filling up the DagBag from /home/airflow/.local/lib/python3.11/site-packages/airflow/example_dags/example_sla_dag.py
[2024-07-13T00:44:38.898+0000] {processor.py:840} INFO - DAG(s) 'example_sla_dag' retrieved from /home/airflow/.local/lib/python3.11/site-packages/airflow/example_dags/example_sla_dag.py
[2024-07-13T00:44:38.941+0000] {logging_mixin.py:188} INFO - [2024-07-13T00:44:38.939+0000] {dag.py:3096} INFO - Sync 1 DAGs
[2024-07-13T00:44:38.987+0000] {logging_mixin.py:188} INFO - [2024-07-13T00:44:38.987+0000] {dag.py:3954} INFO - Setting next_dagrun for example_sla_dag to 2024-07-13 00:42:00+00:00, run_after=2024-07-13 00:44:00+00:00
[2024-07-13T00:44:39.020+0000] {processor.py:183} INFO - Processing /home/airflow/.local/lib/python3.11/site-packages/airflow/example_dags/example_sla_dag.py took 0.157 seconds
[2024-07-13T00:45:09.843+0000] {processor.py:161} INFO - Started process (PID=202) to work on /home/airflow/.local/lib/python3.11/site-packages/airflow/example_dags/example_sla_dag.py
[2024-07-13T00:45:09.845+0000] {processor.py:830} INFO - Processing file /home/airflow/.local/lib/python3.11/site-packages/airflow/example_dags/example_sla_dag.py for tasks to queue
[2024-07-13T00:45:09.849+0000] {logging_mixin.py:188} INFO - [2024-07-13T00:45:09.849+0000] {dagbag.py:545} INFO - Filling up the DagBag from /home/airflow/.local/lib/python3.11/site-packages/airflow/example_dags/example_sla_dag.py
[2024-07-13T00:45:09.865+0000] {processor.py:840} INFO - DAG(s) 'example_sla_dag' retrieved from /home/airflow/.local/lib/python3.11/site-packages/airflow/example_dags/example_sla_dag.py
[2024-07-13T00:45:09.900+0000] {logging_mixin.py:188} INFO - [2024-07-13T00:45:09.900+0000] {dag.py:3096} INFO - Sync 1 DAGs
[2024-07-13T00:45:09.943+0000] {logging_mixin.py:188} INFO - [2024-07-13T00:45:09.942+0000] {dag.py:3954} INFO - Setting next_dagrun for example_sla_dag to 2024-07-13 00:42:00+00:00, run_after=2024-07-13 00:44:00+00:00
[2024-07-13T00:45:09.970+0000] {processor.py:183} INFO - Processing /home/airflow/.local/lib/python3.11/site-packages/airflow/example_dags/example_sla_dag.py took 0.138 seconds
[2024-07-13T00:45:41.810+0000] {processor.py:161} INFO - Started process (PID=264) to work on /home/airflow/.local/lib/python3.11/site-packages/airflow/example_dags/example_sla_dag.py
[2024-07-13T00:45:41.813+0000] {processor.py:830} INFO - Processing file /home/airflow/.local/lib/python3.11/site-packages/airflow/example_dags/example_sla_dag.py for tasks to queue
[2024-07-13T00:45:41.816+0000] {logging_mixin.py:188} INFO - [2024-07-13T00:45:41.816+0000] {dagbag.py:545} INFO - Filling up the DagBag from /home/airflow/.local/lib/python3.11/site-packages/airflow/example_dags/example_sla_dag.py
[2024-07-13T00:45:41.832+0000] {processor.py:840} INFO - DAG(s) 'example_sla_dag' retrieved from /home/airflow/.local/lib/python3.11/site-packages/airflow/example_dags/example_sla_dag.py
[2024-07-13T00:45:41.869+0000] {logging_mixin.py:188} INFO - [2024-07-13T00:45:41.868+0000] {dag.py:3096} INFO - Sync 1 DAGs
[2024-07-13T00:45:41.906+0000] {logging_mixin.py:188} INFO - [2024-07-13T00:45:41.905+0000] {dag.py:3954} INFO - Setting next_dagrun for example_sla_dag to 2024-07-13 00:42:00+00:00, run_after=2024-07-13 00:44:00+00:00
[2024-07-13T00:45:41.935+0000] {processor.py:183} INFO - Processing /home/airflow/.local/lib/python3.11/site-packages/airflow/example_dags/example_sla_dag.py took 0.136 seconds
[2024-07-13T00:46:14.749+0000] {processor.py:161} INFO - Started process (PID=331) to work on /home/airflow/.local/lib/python3.11/site-packages/airflow/example_dags/example_sla_dag.py
[2024-07-13T00:46:14.751+0000] {processor.py:830} INFO - Processing file /home/airflow/.local/lib/python3.11/site-packages/airflow/example_dags/example_sla_dag.py for tasks to queue
[2024-07-13T00:46:14.755+0000] {logging_mixin.py:188} INFO - [2024-07-13T00:46:14.754+0000] {dagbag.py:545} INFO - Filling up the DagBag from /home/airflow/.local/lib/python3.11/site-packages/airflow/example_dags/example_sla_dag.py
[2024-07-13T00:46:14.770+0000] {processor.py:840} INFO - DAG(s) 'example_sla_dag' retrieved from /home/airflow/.local/lib/python3.11/site-packages/airflow/example_dags/example_sla_dag.py
[2024-07-13T00:46:14.804+0000] {logging_mixin.py:188} INFO - [2024-07-13T00:46:14.803+0000] {dag.py:3096} INFO - Sync 1 DAGs
[2024-07-13T00:46:14.841+0000] {logging_mixin.py:188} INFO - [2024-07-13T00:46:14.841+0000] {dag.py:3954} INFO - Setting next_dagrun for example_sla_dag to 2024-07-13 00:44:00+00:00, run_after=2024-07-13 00:46:00+00:00
[2024-07-13T00:46:14.867+0000] {processor.py:183} INFO - Processing /home/airflow/.local/lib/python3.11/site-packages/airflow/example_dags/example_sla_dag.py took 0.129 seconds
[2024-07-13T00:46:48.045+0000] {processor.py:161} INFO - Started process (PID=393) to work on /home/airflow/.local/lib/python3.11/site-packages/airflow/example_dags/example_sla_dag.py
[2024-07-13T00:46:48.047+0000] {processor.py:830} INFO - Processing file /home/airflow/.local/lib/python3.11/site-packages/airflow/example_dags/example_sla_dag.py for tasks to queue
[2024-07-13T00:46:48.051+0000] {logging_mixin.py:188} INFO - [2024-07-13T00:46:48.050+0000] {dagbag.py:545} INFO - Filling up the DagBag from /home/airflow/.local/lib/python3.11/site-packages/airflow/example_dags/example_sla_dag.py
[2024-07-13T00:46:48.071+0000] {processor.py:840} INFO - DAG(s) 'example_sla_dag' retrieved from /home/airflow/.local/lib/python3.11/site-packages/airflow/example_dags/example_sla_dag.py
[2024-07-13T00:46:48.114+0000] {logging_mixin.py:188} INFO - [2024-07-13T00:46:48.113+0000] {dag.py:3096} INFO - Sync 1 DAGs
[2024-07-13T00:46:48.156+0000] {logging_mixin.py:188} INFO - [2024-07-13T00:46:48.155+0000] {dag.py:3954} INFO - Setting next_dagrun for example_sla_dag to 2024-07-13 00:44:00+00:00, run_after=2024-07-13 00:46:00+00:00
[2024-07-13T00:46:48.182+0000] {processor.py:183} INFO - Processing /home/airflow/.local/lib/python3.11/site-packages/airflow/example_dags/example_sla_dag.py took 0.151 seconds
[2024-07-13T00:47:21.603+0000] {processor.py:161} INFO - Started process (PID=454) to work on /home/airflow/.local/lib/python3.11/site-packages/airflow/example_dags/example_sla_dag.py
[2024-07-13T00:47:21.605+0000] {processor.py:830} INFO - Processing file /home/airflow/.local/lib/python3.11/site-packages/airflow/example_dags/example_sla_dag.py for tasks to queue
[2024-07-13T00:47:21.610+0000] {logging_mixin.py:188} INFO - [2024-07-13T00:47:21.609+0000] {dagbag.py:545} INFO - Filling up the DagBag from /home/airflow/.local/lib/python3.11/site-packages/airflow/example_dags/example_sla_dag.py
[2024-07-13T00:47:21.632+0000] {processor.py:840} INFO - DAG(s) 'example_sla_dag' retrieved from /home/airflow/.local/lib/python3.11/site-packages/airflow/example_dags/example_sla_dag.py
[2024-07-13T00:47:21.667+0000] {logging_mixin.py:188} INFO - [2024-07-13T00:47:21.666+0000] {dag.py:3096} INFO - Sync 1 DAGs
[2024-07-13T00:47:21.705+0000] {logging_mixin.py:188} INFO - [2024-07-13T00:47:21.705+0000] {dag.py:3954} INFO - Setting next_dagrun for example_sla_dag to 2024-07-13 00:44:00+00:00, run_after=2024-07-13 00:46:00+00:00
[2024-07-13T00:47:21.731+0000] {processor.py:183} INFO - Processing /home/airflow/.local/lib/python3.11/site-packages/airflow/example_dags/example_sla_dag.py took 0.139 seconds
[2024-07-13T00:47:59.208+0000] {processor.py:161} INFO - Started process (PID=515) to work on /home/airflow/.local/lib/python3.11/site-packages/airflow/example_dags/example_sla_dag.py
[2024-07-13T00:47:59.210+0000] {processor.py:830} INFO - Processing file /home/airflow/.local/lib/python3.11/site-packages/airflow/example_dags/example_sla_dag.py for tasks to queue
[2024-07-13T00:47:59.214+0000] {logging_mixin.py:188} INFO - [2024-07-13T00:47:59.213+0000] {dagbag.py:545} INFO - Filling up the DagBag from /home/airflow/.local/lib/python3.11/site-packages/airflow/example_dags/example_sla_dag.py
[2024-07-13T00:47:59.230+0000] {processor.py:840} INFO - DAG(s) 'example_sla_dag' retrieved from /home/airflow/.local/lib/python3.11/site-packages/airflow/example_dags/example_sla_dag.py
[2024-07-13T00:47:59.267+0000] {logging_mixin.py:188} INFO - [2024-07-13T00:47:59.266+0000] {dag.py:3096} INFO - Sync 1 DAGs
[2024-07-13T00:47:59.308+0000] {logging_mixin.py:188} INFO - [2024-07-13T00:47:59.308+0000] {dag.py:3954} INFO - Setting next_dagrun for example_sla_dag to 2024-07-13 00:44:00+00:00, run_after=2024-07-13 00:46:00+00:00
[2024-07-13T00:47:59.335+0000] {processor.py:183} INFO - Processing /home/airflow/.local/lib/python3.11/site-packages/airflow/example_dags/example_sla_dag.py took 0.139 seconds
[2024-07-13T00:48:33.285+0000] {processor.py:161} INFO - Started process (PID=577) to work on /home/airflow/.local/lib/python3.11/site-packages/airflow/example_dags/example_sla_dag.py
[2024-07-13T00:48:33.287+0000] {processor.py:830} INFO - Processing file /home/airflow/.local/lib/python3.11/site-packages/airflow/example_dags/example_sla_dag.py for tasks to queue
[2024-07-13T00:48:33.290+0000] {logging_mixin.py:188} INFO - [2024-07-13T00:48:33.289+0000] {dagbag.py:545} INFO - Filling up the DagBag from /home/airflow/.local/lib/python3.11/site-packages/airflow/example_dags/example_sla_dag.py
[2024-07-13T00:48:33.310+0000] {processor.py:840} INFO - DAG(s) 'example_sla_dag' retrieved from /home/airflow/.local/lib/python3.11/site-packages/airflow/example_dags/example_sla_dag.py
[2024-07-13T00:48:33.345+0000] {logging_mixin.py:188} INFO - [2024-07-13T00:48:33.344+0000] {dag.py:3096} INFO - Sync 1 DAGs
[2024-07-13T00:48:33.386+0000] {logging_mixin.py:188} INFO - [2024-07-13T00:48:33.386+0000] {dag.py:3954} INFO - Setting next_dagrun for example_sla_dag to 2024-07-13 00:46:00+00:00, run_after=2024-07-13 00:48:00+00:00
[2024-07-13T00:48:33.419+0000] {processor.py:183} INFO - Processing /home/airflow/.local/lib/python3.11/site-packages/airflow/example_dags/example_sla_dag.py took 0.145 seconds
[2024-07-13T00:49:08.136+0000] {processor.py:161} INFO - Started process (PID=641) to work on /home/airflow/.local/lib/python3.11/site-packages/airflow/example_dags/example_sla_dag.py
[2024-07-13T00:49:08.139+0000] {processor.py:830} INFO - Processing file /home/airflow/.local/lib/python3.11/site-packages/airflow/example_dags/example_sla_dag.py for tasks to queue
[2024-07-13T00:49:08.143+0000] {logging_mixin.py:188} INFO - [2024-07-13T00:49:08.142+0000] {dagbag.py:545} INFO - Filling up the DagBag from /home/airflow/.local/lib/python3.11/site-packages/airflow/example_dags/example_sla_dag.py
[2024-07-13T00:49:08.160+0000] {processor.py:840} INFO - DAG(s) 'example_sla_dag' retrieved from /home/airflow/.local/lib/python3.11/site-packages/airflow/example_dags/example_sla_dag.py
[2024-07-13T00:49:08.199+0000] {logging_mixin.py:188} INFO - [2024-07-13T00:49:08.198+0000] {dag.py:3096} INFO - Sync 1 DAGs
[2024-07-13T00:49:08.236+0000] {logging_mixin.py:188} INFO - [2024-07-13T00:49:08.236+0000] {dag.py:3954} INFO - Setting next_dagrun for example_sla_dag to 2024-07-13 00:46:00+00:00, run_after=2024-07-13 00:48:00+00:00
[2024-07-13T00:49:08.262+0000] {processor.py:183} INFO - Processing /home/airflow/.local/lib/python3.11/site-packages/airflow/example_dags/example_sla_dag.py took 0.140 seconds
[2024-07-13T00:49:42.155+0000] {processor.py:161} INFO - Started process (PID=707) to work on /home/airflow/.local/lib/python3.11/site-packages/airflow/example_dags/example_sla_dag.py
[2024-07-13T00:49:42.157+0000] {processor.py:830} INFO - Processing file /home/airflow/.local/lib/python3.11/site-packages/airflow/example_dags/example_sla_dag.py for tasks to queue
[2024-07-13T00:49:42.160+0000] {logging_mixin.py:188} INFO - [2024-07-13T00:49:42.160+0000] {dagbag.py:545} INFO - Filling up the DagBag from /home/airflow/.local/lib/python3.11/site-packages/airflow/example_dags/example_sla_dag.py
[2024-07-13T00:49:42.177+0000] {processor.py:840} INFO - DAG(s) 'example_sla_dag' retrieved from /home/airflow/.local/lib/python3.11/site-packages/airflow/example_dags/example_sla_dag.py
[2024-07-13T00:49:42.214+0000] {logging_mixin.py:188} INFO - [2024-07-13T00:49:42.213+0000] {dag.py:3096} INFO - Sync 1 DAGs
[2024-07-13T00:49:42.252+0000] {logging_mixin.py:188} INFO - [2024-07-13T00:49:42.252+0000] {dag.py:3954} INFO - Setting next_dagrun for example_sla_dag to 2024-07-13 00:46:00+00:00, run_after=2024-07-13 00:48:00+00:00
[2024-07-13T00:49:42.281+0000] {processor.py:183} INFO - Processing /home/airflow/.local/lib/python3.11/site-packages/airflow/example_dags/example_sla_dag.py took 0.139 seconds
[2024-07-13T00:50:16.451+0000] {processor.py:161} INFO - Started process (PID=775) to work on /home/airflow/.local/lib/python3.11/site-packages/airflow/example_dags/example_sla_dag.py
[2024-07-13T00:50:16.453+0000] {processor.py:830} INFO - Processing file /home/airflow/.local/lib/python3.11/site-packages/airflow/example_dags/example_sla_dag.py for tasks to queue
[2024-07-13T00:50:16.457+0000] {logging_mixin.py:188} INFO - [2024-07-13T00:50:16.457+0000] {dagbag.py:545} INFO - Filling up the DagBag from /home/airflow/.local/lib/python3.11/site-packages/airflow/example_dags/example_sla_dag.py
[2024-07-13T00:50:16.477+0000] {processor.py:840} INFO - DAG(s) 'example_sla_dag' retrieved from /home/airflow/.local/lib/python3.11/site-packages/airflow/example_dags/example_sla_dag.py
[2024-07-13T00:50:16.511+0000] {logging_mixin.py:188} INFO - [2024-07-13T00:50:16.510+0000] {dag.py:3096} INFO - Sync 1 DAGs
[2024-07-13T00:50:16.547+0000] {logging_mixin.py:188} INFO - [2024-07-13T00:50:16.547+0000] {dag.py:3954} INFO - Setting next_dagrun for example_sla_dag to 2024-07-13 00:48:00+00:00, run_after=2024-07-13 00:50:00+00:00
[2024-07-13T00:50:16.572+0000] {processor.py:183} INFO - Processing /home/airflow/.local/lib/python3.11/site-packages/airflow/example_dags/example_sla_dag.py took 0.136 seconds
[2024-07-13T00:50:52.712+0000] {processor.py:161} INFO - Started process (PID=837) to work on /home/airflow/.local/lib/python3.11/site-packages/airflow/example_dags/example_sla_dag.py
[2024-07-13T00:50:52.714+0000] {processor.py:830} INFO - Processing file /home/airflow/.local/lib/python3.11/site-packages/airflow/example_dags/example_sla_dag.py for tasks to queue
[2024-07-13T00:50:52.718+0000] {logging_mixin.py:188} INFO - [2024-07-13T00:50:52.717+0000] {dagbag.py:545} INFO - Filling up the DagBag from /home/airflow/.local/lib/python3.11/site-packages/airflow/example_dags/example_sla_dag.py
[2024-07-13T00:50:52.736+0000] {processor.py:840} INFO - DAG(s) 'example_sla_dag' retrieved from /home/airflow/.local/lib/python3.11/site-packages/airflow/example_dags/example_sla_dag.py
[2024-07-13T00:50:52.784+0000] {logging_mixin.py:188} INFO - [2024-07-13T00:50:52.783+0000] {dag.py:3096} INFO - Sync 1 DAGs
[2024-07-13T00:50:53.120+0000] {logging_mixin.py:188} INFO - [2024-07-13T00:50:53.120+0000] {dag.py:3954} INFO - Setting next_dagrun for example_sla_dag to 2024-07-13 00:48:00+00:00, run_after=2024-07-13 00:50:00+00:00
[2024-07-13T00:50:53.142+0000] {processor.py:183} INFO - Processing /home/airflow/.local/lib/python3.11/site-packages/airflow/example_dags/example_sla_dag.py took 0.444 seconds
[2024-07-13T00:51:23.389+0000] {processor.py:161} INFO - Started process (PID=899) to work on /home/airflow/.local/lib/python3.11/site-packages/airflow/example_dags/example_sla_dag.py
[2024-07-13T00:51:23.391+0000] {processor.py:830} INFO - Processing file /home/airflow/.local/lib/python3.11/site-packages/airflow/example_dags/example_sla_dag.py for tasks to queue
[2024-07-13T00:51:23.394+0000] {logging_mixin.py:188} INFO - [2024-07-13T00:51:23.394+0000] {dagbag.py:545} INFO - Filling up the DagBag from /home/airflow/.local/lib/python3.11/site-packages/airflow/example_dags/example_sla_dag.py
[2024-07-13T00:51:23.415+0000] {processor.py:840} INFO - DAG(s) 'example_sla_dag' retrieved from /home/airflow/.local/lib/python3.11/site-packages/airflow/example_dags/example_sla_dag.py
[2024-07-13T00:51:23.458+0000] {logging_mixin.py:188} INFO - [2024-07-13T00:51:23.457+0000] {dag.py:3096} INFO - Sync 1 DAGs
[2024-07-13T00:51:23.509+0000] {logging_mixin.py:188} INFO - [2024-07-13T00:51:23.508+0000] {dag.py:3954} INFO - Setting next_dagrun for example_sla_dag to 2024-07-13 00:48:00+00:00, run_after=2024-07-13 00:50:00+00:00
[2024-07-13T00:51:23.542+0000] {processor.py:183} INFO - Processing /home/airflow/.local/lib/python3.11/site-packages/airflow/example_dags/example_sla_dag.py took 0.167 seconds
[2024-07-13T00:51:55.999+0000] {processor.py:161} INFO - Started process (PID=961) to work on /home/airflow/.local/lib/python3.11/site-packages/airflow/example_dags/example_sla_dag.py
[2024-07-13T00:51:56.001+0000] {processor.py:830} INFO - Processing file /home/airflow/.local/lib/python3.11/site-packages/airflow/example_dags/example_sla_dag.py for tasks to queue
[2024-07-13T00:51:56.004+0000] {logging_mixin.py:188} INFO - [2024-07-13T00:51:56.004+0000] {dagbag.py:545} INFO - Filling up the DagBag from /home/airflow/.local/lib/python3.11/site-packages/airflow/example_dags/example_sla_dag.py
[2024-07-13T00:51:56.020+0000] {processor.py:840} INFO - DAG(s) 'example_sla_dag' retrieved from /home/airflow/.local/lib/python3.11/site-packages/airflow/example_dags/example_sla_dag.py
[2024-07-13T00:51:56.059+0000] {logging_mixin.py:188} INFO - [2024-07-13T00:51:56.058+0000] {dag.py:3096} INFO - Sync 1 DAGs
[2024-07-13T00:51:56.099+0000] {logging_mixin.py:188} INFO - [2024-07-13T00:51:56.099+0000] {dag.py:3954} INFO - Setting next_dagrun for example_sla_dag to 2024-07-13 00:48:00+00:00, run_after=2024-07-13 00:50:00+00:00
[2024-07-13T00:51:56.126+0000] {processor.py:183} INFO - Processing /home/airflow/.local/lib/python3.11/site-packages/airflow/example_dags/example_sla_dag.py took 0.139 seconds
[2024-07-13T00:52:29.290+0000] {processor.py:161} INFO - Started process (PID=1024) to work on /home/airflow/.local/lib/python3.11/site-packages/airflow/example_dags/example_sla_dag.py
[2024-07-13T00:52:29.292+0000] {processor.py:830} INFO - Processing file /home/airflow/.local/lib/python3.11/site-packages/airflow/example_dags/example_sla_dag.py for tasks to queue
[2024-07-13T00:52:29.295+0000] {logging_mixin.py:188} INFO - [2024-07-13T00:52:29.294+0000] {dagbag.py:545} INFO - Filling up the DagBag from /home/airflow/.local/lib/python3.11/site-packages/airflow/example_dags/example_sla_dag.py
[2024-07-13T00:52:29.310+0000] {processor.py:840} INFO - DAG(s) 'example_sla_dag' retrieved from /home/airflow/.local/lib/python3.11/site-packages/airflow/example_dags/example_sla_dag.py
[2024-07-13T00:52:29.343+0000] {logging_mixin.py:188} INFO - [2024-07-13T00:52:29.342+0000] {dag.py:3096} INFO - Sync 1 DAGs
[2024-07-13T00:52:29.380+0000] {logging_mixin.py:188} INFO - [2024-07-13T00:52:29.380+0000] {dag.py:3954} INFO - Setting next_dagrun for example_sla_dag to 2024-07-13 00:50:00+00:00, run_after=2024-07-13 00:52:00+00:00
[2024-07-13T00:52:29.407+0000] {processor.py:183} INFO - Processing /home/airflow/.local/lib/python3.11/site-packages/airflow/example_dags/example_sla_dag.py took 0.129 seconds
[2024-07-13T00:53:02.037+0000] {processor.py:161} INFO - Started process (PID=1087) to work on /home/airflow/.local/lib/python3.11/site-packages/airflow/example_dags/example_sla_dag.py
[2024-07-13T00:53:02.039+0000] {processor.py:830} INFO - Processing file /home/airflow/.local/lib/python3.11/site-packages/airflow/example_dags/example_sla_dag.py for tasks to queue
[2024-07-13T00:53:02.042+0000] {logging_mixin.py:188} INFO - [2024-07-13T00:53:02.042+0000] {dagbag.py:545} INFO - Filling up the DagBag from /home/airflow/.local/lib/python3.11/site-packages/airflow/example_dags/example_sla_dag.py
[2024-07-13T00:53:02.060+0000] {processor.py:840} INFO - DAG(s) 'example_sla_dag' retrieved from /home/airflow/.local/lib/python3.11/site-packages/airflow/example_dags/example_sla_dag.py
[2024-07-13T00:53:02.100+0000] {logging_mixin.py:188} INFO - [2024-07-13T00:53:02.099+0000] {dag.py:3096} INFO - Sync 1 DAGs
[2024-07-13T00:53:02.145+0000] {logging_mixin.py:188} INFO - [2024-07-13T00:53:02.144+0000] {dag.py:3954} INFO - Setting next_dagrun for example_sla_dag to 2024-07-13 00:50:00+00:00, run_after=2024-07-13 00:52:00+00:00
[2024-07-13T00:53:02.177+0000] {processor.py:183} INFO - Processing /home/airflow/.local/lib/python3.11/site-packages/airflow/example_dags/example_sla_dag.py took 0.153 seconds
[2024-07-13T00:53:34.843+0000] {processor.py:161} INFO - Started process (PID=1149) to work on /home/airflow/.local/lib/python3.11/site-packages/airflow/example_dags/example_sla_dag.py
[2024-07-13T00:53:34.846+0000] {processor.py:830} INFO - Processing file /home/airflow/.local/lib/python3.11/site-packages/airflow/example_dags/example_sla_dag.py for tasks to queue
[2024-07-13T00:53:34.849+0000] {logging_mixin.py:188} INFO - [2024-07-13T00:53:34.849+0000] {dagbag.py:545} INFO - Filling up the DagBag from /home/airflow/.local/lib/python3.11/site-packages/airflow/example_dags/example_sla_dag.py
[2024-07-13T00:53:34.870+0000] {processor.py:840} INFO - DAG(s) 'example_sla_dag' retrieved from /home/airflow/.local/lib/python3.11/site-packages/airflow/example_dags/example_sla_dag.py
[2024-07-13T00:53:34.915+0000] {logging_mixin.py:188} INFO - [2024-07-13T00:53:34.914+0000] {dag.py:3096} INFO - Sync 1 DAGs
[2024-07-13T00:53:34.967+0000] {logging_mixin.py:188} INFO - [2024-07-13T00:53:34.967+0000] {dag.py:3954} INFO - Setting next_dagrun for example_sla_dag to 2024-07-13 00:50:00+00:00, run_after=2024-07-13 00:52:00+00:00
[2024-07-13T00:53:35.000+0000] {processor.py:183} INFO - Processing /home/airflow/.local/lib/python3.11/site-packages/airflow/example_dags/example_sla_dag.py took 0.171 seconds
[2024-07-13T00:54:07.281+0000] {processor.py:161} INFO - Started process (PID=1211) to work on /home/airflow/.local/lib/python3.11/site-packages/airflow/example_dags/example_sla_dag.py
[2024-07-13T00:54:07.283+0000] {processor.py:830} INFO - Processing file /home/airflow/.local/lib/python3.11/site-packages/airflow/example_dags/example_sla_dag.py for tasks to queue
[2024-07-13T00:54:07.288+0000] {logging_mixin.py:188} INFO - [2024-07-13T00:54:07.287+0000] {dagbag.py:545} INFO - Filling up the DagBag from /home/airflow/.local/lib/python3.11/site-packages/airflow/example_dags/example_sla_dag.py
[2024-07-13T00:54:07.311+0000] {processor.py:840} INFO - DAG(s) 'example_sla_dag' retrieved from /home/airflow/.local/lib/python3.11/site-packages/airflow/example_dags/example_sla_dag.py
[2024-07-13T00:54:07.352+0000] {logging_mixin.py:188} INFO - [2024-07-13T00:54:07.351+0000] {dag.py:3096} INFO - Sync 1 DAGs
[2024-07-13T00:54:07.398+0000] {logging_mixin.py:188} INFO - [2024-07-13T00:54:07.398+0000] {dag.py:3954} INFO - Setting next_dagrun for example_sla_dag to 2024-07-13 00:52:00+00:00, run_after=2024-07-13 00:54:00+00:00
[2024-07-13T00:54:07.431+0000] {processor.py:183} INFO - Processing /home/airflow/.local/lib/python3.11/site-packages/airflow/example_dags/example_sla_dag.py took 0.165 seconds
[2024-07-13T00:54:40.864+0000] {processor.py:161} INFO - Started process (PID=1273) to work on /home/airflow/.local/lib/python3.11/site-packages/airflow/example_dags/example_sla_dag.py
[2024-07-13T00:54:40.866+0000] {processor.py:830} INFO - Processing file /home/airflow/.local/lib/python3.11/site-packages/airflow/example_dags/example_sla_dag.py for tasks to queue
[2024-07-13T00:54:40.869+0000] {logging_mixin.py:188} INFO - [2024-07-13T00:54:40.868+0000] {dagbag.py:545} INFO - Filling up the DagBag from /home/airflow/.local/lib/python3.11/site-packages/airflow/example_dags/example_sla_dag.py
[2024-07-13T00:54:40.887+0000] {processor.py:840} INFO - DAG(s) 'example_sla_dag' retrieved from /home/airflow/.local/lib/python3.11/site-packages/airflow/example_dags/example_sla_dag.py
[2024-07-13T00:54:40.926+0000] {logging_mixin.py:188} INFO - [2024-07-13T00:54:40.925+0000] {dag.py:3096} INFO - Sync 1 DAGs
[2024-07-13T00:54:40.968+0000] {logging_mixin.py:188} INFO - [2024-07-13T00:54:40.968+0000] {dag.py:3954} INFO - Setting next_dagrun for example_sla_dag to 2024-07-13 00:52:00+00:00, run_after=2024-07-13 00:54:00+00:00
[2024-07-13T00:54:40.997+0000] {processor.py:183} INFO - Processing /home/airflow/.local/lib/python3.11/site-packages/airflow/example_dags/example_sla_dag.py took 0.145 seconds
[2024-07-13T00:55:13.778+0000] {processor.py:161} INFO - Started process (PID=1335) to work on /home/airflow/.local/lib/python3.11/site-packages/airflow/example_dags/example_sla_dag.py
[2024-07-13T00:55:13.781+0000] {processor.py:830} INFO - Processing file /home/airflow/.local/lib/python3.11/site-packages/airflow/example_dags/example_sla_dag.py for tasks to queue
[2024-07-13T00:55:13.784+0000] {logging_mixin.py:188} INFO - [2024-07-13T00:55:13.783+0000] {dagbag.py:545} INFO - Filling up the DagBag from /home/airflow/.local/lib/python3.11/site-packages/airflow/example_dags/example_sla_dag.py
[2024-07-13T00:55:13.806+0000] {processor.py:840} INFO - DAG(s) 'example_sla_dag' retrieved from /home/airflow/.local/lib/python3.11/site-packages/airflow/example_dags/example_sla_dag.py
[2024-07-13T00:55:13.853+0000] {logging_mixin.py:188} INFO - [2024-07-13T00:55:13.852+0000] {dag.py:3096} INFO - Sync 1 DAGs
[2024-07-13T00:55:13.896+0000] {logging_mixin.py:188} INFO - [2024-07-13T00:55:13.895+0000] {dag.py:3954} INFO - Setting next_dagrun for example_sla_dag to 2024-07-13 00:52:00+00:00, run_after=2024-07-13 00:54:00+00:00
[2024-07-13T00:55:13.929+0000] {processor.py:183} INFO - Processing /home/airflow/.local/lib/python3.11/site-packages/airflow/example_dags/example_sla_dag.py took 0.164 seconds
[2024-07-13T00:59:04.717+0000] {processor.py:161} INFO - Started process (PID=80) to work on /home/airflow/.local/lib/python3.11/site-packages/airflow/example_dags/example_sla_dag.py
[2024-07-13T00:59:04.720+0000] {processor.py:830} INFO - Processing file /home/airflow/.local/lib/python3.11/site-packages/airflow/example_dags/example_sla_dag.py for tasks to queue
[2024-07-13T00:59:04.724+0000] {logging_mixin.py:188} INFO - [2024-07-13T00:59:04.724+0000] {dagbag.py:545} INFO - Filling up the DagBag from /home/airflow/.local/lib/python3.11/site-packages/airflow/example_dags/example_sla_dag.py
[2024-07-13T00:59:04.748+0000] {processor.py:840} INFO - DAG(s) 'example_sla_dag' retrieved from /home/airflow/.local/lib/python3.11/site-packages/airflow/example_dags/example_sla_dag.py
[2024-07-13T00:59:05.010+0000] {logging_mixin.py:188} INFO - [2024-07-13T00:59:05.009+0000] {dag.py:3096} INFO - Sync 1 DAGs
[2024-07-13T00:59:05.061+0000] {logging_mixin.py:188} INFO - [2024-07-13T00:59:05.060+0000] {dag.py:3954} INFO - Setting next_dagrun for example_sla_dag to 2024-07-13 00:56:00+00:00, run_after=2024-07-13 00:58:00+00:00
[2024-07-13T00:59:05.099+0000] {processor.py:183} INFO - Processing /home/airflow/.local/lib/python3.11/site-packages/airflow/example_dags/example_sla_dag.py took 0.397 seconds
[2024-07-13T00:59:35.532+0000] {processor.py:161} INFO - Started process (PID=142) to work on /home/airflow/.local/lib/python3.11/site-packages/airflow/example_dags/example_sla_dag.py
[2024-07-13T00:59:35.533+0000] {processor.py:830} INFO - Processing file /home/airflow/.local/lib/python3.11/site-packages/airflow/example_dags/example_sla_dag.py for tasks to queue
[2024-07-13T00:59:35.537+0000] {logging_mixin.py:188} INFO - [2024-07-13T00:59:35.537+0000] {dagbag.py:545} INFO - Filling up the DagBag from /home/airflow/.local/lib/python3.11/site-packages/airflow/example_dags/example_sla_dag.py
[2024-07-13T00:59:35.556+0000] {processor.py:840} INFO - DAG(s) 'example_sla_dag' retrieved from /home/airflow/.local/lib/python3.11/site-packages/airflow/example_dags/example_sla_dag.py
[2024-07-13T00:59:35.592+0000] {logging_mixin.py:188} INFO - [2024-07-13T00:59:35.591+0000] {dag.py:3096} INFO - Sync 1 DAGs
[2024-07-13T00:59:35.632+0000] {logging_mixin.py:188} INFO - [2024-07-13T00:59:35.632+0000] {dag.py:3954} INFO - Setting next_dagrun for example_sla_dag to 2024-07-13 00:56:00+00:00, run_after=2024-07-13 00:58:00+00:00
[2024-07-13T00:59:35.660+0000] {processor.py:183} INFO - Processing /home/airflow/.local/lib/python3.11/site-packages/airflow/example_dags/example_sla_dag.py took 0.141 seconds
[2024-07-13T01:00:06.348+0000] {processor.py:161} INFO - Started process (PID=203) to work on /home/airflow/.local/lib/python3.11/site-packages/airflow/example_dags/example_sla_dag.py
[2024-07-13T01:00:06.351+0000] {processor.py:830} INFO - Processing file /home/airflow/.local/lib/python3.11/site-packages/airflow/example_dags/example_sla_dag.py for tasks to queue
[2024-07-13T01:00:06.354+0000] {logging_mixin.py:188} INFO - [2024-07-13T01:00:06.354+0000] {dagbag.py:545} INFO - Filling up the DagBag from /home/airflow/.local/lib/python3.11/site-packages/airflow/example_dags/example_sla_dag.py
[2024-07-13T01:00:06.371+0000] {processor.py:840} INFO - DAG(s) 'example_sla_dag' retrieved from /home/airflow/.local/lib/python3.11/site-packages/airflow/example_dags/example_sla_dag.py
[2024-07-13T01:00:06.411+0000] {logging_mixin.py:188} INFO - [2024-07-13T01:00:06.410+0000] {dag.py:3096} INFO - Sync 1 DAGs
[2024-07-13T01:00:06.448+0000] {logging_mixin.py:188} INFO - [2024-07-13T01:00:06.448+0000] {dag.py:3954} INFO - Setting next_dagrun for example_sla_dag to 2024-07-13 00:58:00+00:00, run_after=2024-07-13 01:00:00+00:00
[2024-07-13T01:00:06.479+0000] {processor.py:183} INFO - Processing /home/airflow/.local/lib/python3.11/site-packages/airflow/example_dags/example_sla_dag.py took 0.144 seconds
[2024-07-13T01:00:39.375+0000] {processor.py:161} INFO - Started process (PID=271) to work on /home/airflow/.local/lib/python3.11/site-packages/airflow/example_dags/example_sla_dag.py
[2024-07-13T01:00:39.380+0000] {processor.py:830} INFO - Processing file /home/airflow/.local/lib/python3.11/site-packages/airflow/example_dags/example_sla_dag.py for tasks to queue
[2024-07-13T01:00:39.385+0000] {logging_mixin.py:188} INFO - [2024-07-13T01:00:39.384+0000] {dagbag.py:545} INFO - Filling up the DagBag from /home/airflow/.local/lib/python3.11/site-packages/airflow/example_dags/example_sla_dag.py
[2024-07-13T01:00:39.404+0000] {processor.py:840} INFO - DAG(s) 'example_sla_dag' retrieved from /home/airflow/.local/lib/python3.11/site-packages/airflow/example_dags/example_sla_dag.py
[2024-07-13T01:00:39.452+0000] {logging_mixin.py:188} INFO - [2024-07-13T01:00:39.450+0000] {dag.py:3096} INFO - Sync 1 DAGs
[2024-07-13T01:00:39.499+0000] {logging_mixin.py:188} INFO - [2024-07-13T01:00:39.498+0000] {dag.py:3954} INFO - Setting next_dagrun for example_sla_dag to 2024-07-13 00:58:00+00:00, run_after=2024-07-13 01:00:00+00:00
[2024-07-13T01:00:39.538+0000] {processor.py:183} INFO - Processing /home/airflow/.local/lib/python3.11/site-packages/airflow/example_dags/example_sla_dag.py took 0.179 seconds
[2024-07-13T01:01:12.506+0000] {processor.py:161} INFO - Started process (PID=333) to work on /home/airflow/.local/lib/python3.11/site-packages/airflow/example_dags/example_sla_dag.py
[2024-07-13T01:01:12.508+0000] {processor.py:830} INFO - Processing file /home/airflow/.local/lib/python3.11/site-packages/airflow/example_dags/example_sla_dag.py for tasks to queue
[2024-07-13T01:01:12.512+0000] {logging_mixin.py:188} INFO - [2024-07-13T01:01:12.512+0000] {dagbag.py:545} INFO - Filling up the DagBag from /home/airflow/.local/lib/python3.11/site-packages/airflow/example_dags/example_sla_dag.py
[2024-07-13T01:01:12.531+0000] {processor.py:840} INFO - DAG(s) 'example_sla_dag' retrieved from /home/airflow/.local/lib/python3.11/site-packages/airflow/example_dags/example_sla_dag.py
[2024-07-13T01:01:12.573+0000] {logging_mixin.py:188} INFO - [2024-07-13T01:01:12.572+0000] {dag.py:3096} INFO - Sync 1 DAGs
[2024-07-13T01:01:12.618+0000] {logging_mixin.py:188} INFO - [2024-07-13T01:01:12.618+0000] {dag.py:3954} INFO - Setting next_dagrun for example_sla_dag to 2024-07-13 00:58:00+00:00, run_after=2024-07-13 01:00:00+00:00
[2024-07-13T01:01:12.653+0000] {processor.py:183} INFO - Processing /home/airflow/.local/lib/python3.11/site-packages/airflow/example_dags/example_sla_dag.py took 0.160 seconds
[2024-07-13T01:01:45.828+0000] {processor.py:161} INFO - Started process (PID=395) to work on /home/airflow/.local/lib/python3.11/site-packages/airflow/example_dags/example_sla_dag.py
[2024-07-13T01:01:45.829+0000] {processor.py:830} INFO - Processing file /home/airflow/.local/lib/python3.11/site-packages/airflow/example_dags/example_sla_dag.py for tasks to queue
[2024-07-13T01:01:45.833+0000] {logging_mixin.py:188} INFO - [2024-07-13T01:01:45.832+0000] {dagbag.py:545} INFO - Filling up the DagBag from /home/airflow/.local/lib/python3.11/site-packages/airflow/example_dags/example_sla_dag.py
[2024-07-13T01:01:45.850+0000] {processor.py:840} INFO - DAG(s) 'example_sla_dag' retrieved from /home/airflow/.local/lib/python3.11/site-packages/airflow/example_dags/example_sla_dag.py
[2024-07-13T01:01:45.889+0000] {logging_mixin.py:188} INFO - [2024-07-13T01:01:45.888+0000] {dag.py:3096} INFO - Sync 1 DAGs
[2024-07-13T01:01:45.927+0000] {logging_mixin.py:188} INFO - [2024-07-13T01:01:45.927+0000] {dag.py:3954} INFO - Setting next_dagrun for example_sla_dag to 2024-07-13 00:58:00+00:00, run_after=2024-07-13 01:00:00+00:00
[2024-07-13T01:01:45.953+0000] {processor.py:183} INFO - Processing /home/airflow/.local/lib/python3.11/site-packages/airflow/example_dags/example_sla_dag.py took 0.138 seconds
[2024-07-13T01:02:20.335+0000] {processor.py:161} INFO - Started process (PID=456) to work on /home/airflow/.local/lib/python3.11/site-packages/airflow/example_dags/example_sla_dag.py
[2024-07-13T01:02:20.338+0000] {processor.py:830} INFO - Processing file /home/airflow/.local/lib/python3.11/site-packages/airflow/example_dags/example_sla_dag.py for tasks to queue
[2024-07-13T01:02:20.343+0000] {logging_mixin.py:188} INFO - [2024-07-13T01:02:20.342+0000] {dagbag.py:545} INFO - Filling up the DagBag from /home/airflow/.local/lib/python3.11/site-packages/airflow/example_dags/example_sla_dag.py
[2024-07-13T01:02:20.366+0000] {processor.py:840} INFO - DAG(s) 'example_sla_dag' retrieved from /home/airflow/.local/lib/python3.11/site-packages/airflow/example_dags/example_sla_dag.py
[2024-07-13T01:02:20.411+0000] {logging_mixin.py:188} INFO - [2024-07-13T01:02:20.410+0000] {dag.py:3096} INFO - Sync 1 DAGs
[2024-07-13T01:02:20.472+0000] {logging_mixin.py:188} INFO - [2024-07-13T01:02:20.471+0000] {dag.py:3954} INFO - Setting next_dagrun for example_sla_dag to 2024-07-13 01:00:00+00:00, run_after=2024-07-13 01:02:00+00:00
[2024-07-13T01:02:20.512+0000] {processor.py:183} INFO - Processing /home/airflow/.local/lib/python3.11/site-packages/airflow/example_dags/example_sla_dag.py took 0.194 seconds
[2024-07-13T01:02:53.673+0000] {processor.py:161} INFO - Started process (PID=518) to work on /home/airflow/.local/lib/python3.11/site-packages/airflow/example_dags/example_sla_dag.py
[2024-07-13T01:02:53.675+0000] {processor.py:830} INFO - Processing file /home/airflow/.local/lib/python3.11/site-packages/airflow/example_dags/example_sla_dag.py for tasks to queue
[2024-07-13T01:02:53.679+0000] {logging_mixin.py:188} INFO - [2024-07-13T01:02:53.679+0000] {dagbag.py:545} INFO - Filling up the DagBag from /home/airflow/.local/lib/python3.11/site-packages/airflow/example_dags/example_sla_dag.py
[2024-07-13T01:02:53.699+0000] {processor.py:840} INFO - DAG(s) 'example_sla_dag' retrieved from /home/airflow/.local/lib/python3.11/site-packages/airflow/example_dags/example_sla_dag.py
[2024-07-13T01:02:53.744+0000] {logging_mixin.py:188} INFO - [2024-07-13T01:02:53.742+0000] {dag.py:3096} INFO - Sync 1 DAGs
[2024-07-13T01:02:53.785+0000] {logging_mixin.py:188} INFO - [2024-07-13T01:02:53.785+0000] {dag.py:3954} INFO - Setting next_dagrun for example_sla_dag to 2024-07-13 01:00:00+00:00, run_after=2024-07-13 01:02:00+00:00
[2024-07-13T01:02:53.812+0000] {processor.py:183} INFO - Processing /home/airflow/.local/lib/python3.11/site-packages/airflow/example_dags/example_sla_dag.py took 0.157 seconds
[2024-07-13T01:03:28.812+0000] {processor.py:161} INFO - Started process (PID=580) to work on /home/airflow/.local/lib/python3.11/site-packages/airflow/example_dags/example_sla_dag.py
[2024-07-13T01:03:28.814+0000] {processor.py:830} INFO - Processing file /home/airflow/.local/lib/python3.11/site-packages/airflow/example_dags/example_sla_dag.py for tasks to queue
[2024-07-13T01:03:28.818+0000] {logging_mixin.py:188} INFO - [2024-07-13T01:03:28.818+0000] {dagbag.py:545} INFO - Filling up the DagBag from /home/airflow/.local/lib/python3.11/site-packages/airflow/example_dags/example_sla_dag.py
[2024-07-13T01:03:28.834+0000] {processor.py:840} INFO - DAG(s) 'example_sla_dag' retrieved from /home/airflow/.local/lib/python3.11/site-packages/airflow/example_dags/example_sla_dag.py
[2024-07-13T01:03:28.879+0000] {logging_mixin.py:188} INFO - [2024-07-13T01:03:28.878+0000] {dag.py:3096} INFO - Sync 1 DAGs
[2024-07-13T01:03:28.925+0000] {logging_mixin.py:188} INFO - [2024-07-13T01:03:28.925+0000] {dag.py:3954} INFO - Setting next_dagrun for example_sla_dag to 2024-07-13 01:00:00+00:00, run_after=2024-07-13 01:02:00+00:00
[2024-07-13T01:03:28.958+0000] {processor.py:183} INFO - Processing /home/airflow/.local/lib/python3.11/site-packages/airflow/example_dags/example_sla_dag.py took 0.159 seconds
[2024-07-13T01:04:03.563+0000] {processor.py:161} INFO - Started process (PID=649) to work on /home/airflow/.local/lib/python3.11/site-packages/airflow/example_dags/example_sla_dag.py
[2024-07-13T01:04:03.566+0000] {processor.py:830} INFO - Processing file /home/airflow/.local/lib/python3.11/site-packages/airflow/example_dags/example_sla_dag.py for tasks to queue
[2024-07-13T01:04:03.570+0000] {logging_mixin.py:188} INFO - [2024-07-13T01:04:03.569+0000] {dagbag.py:545} INFO - Filling up the DagBag from /home/airflow/.local/lib/python3.11/site-packages/airflow/example_dags/example_sla_dag.py
[2024-07-13T01:04:03.589+0000] {processor.py:840} INFO - DAG(s) 'example_sla_dag' retrieved from /home/airflow/.local/lib/python3.11/site-packages/airflow/example_dags/example_sla_dag.py
[2024-07-13T01:04:03.630+0000] {logging_mixin.py:188} INFO - [2024-07-13T01:04:03.629+0000] {dag.py:3096} INFO - Sync 1 DAGs
[2024-07-13T01:04:03.672+0000] {logging_mixin.py:188} INFO - [2024-07-13T01:04:03.672+0000] {dag.py:3954} INFO - Setting next_dagrun for example_sla_dag to 2024-07-13 01:02:00+00:00, run_after=2024-07-13 01:04:00+00:00
[2024-07-13T01:04:03.705+0000] {processor.py:183} INFO - Processing /home/airflow/.local/lib/python3.11/site-packages/airflow/example_dags/example_sla_dag.py took 0.156 seconds
[2024-07-13T01:04:37.023+0000] {processor.py:161} INFO - Started process (PID=711) to work on /home/airflow/.local/lib/python3.11/site-packages/airflow/example_dags/example_sla_dag.py
[2024-07-13T01:04:37.025+0000] {processor.py:830} INFO - Processing file /home/airflow/.local/lib/python3.11/site-packages/airflow/example_dags/example_sla_dag.py for tasks to queue
[2024-07-13T01:04:37.029+0000] {logging_mixin.py:188} INFO - [2024-07-13T01:04:37.028+0000] {dagbag.py:545} INFO - Filling up the DagBag from /home/airflow/.local/lib/python3.11/site-packages/airflow/example_dags/example_sla_dag.py
[2024-07-13T01:04:37.050+0000] {processor.py:840} INFO - DAG(s) 'example_sla_dag' retrieved from /home/airflow/.local/lib/python3.11/site-packages/airflow/example_dags/example_sla_dag.py
[2024-07-13T01:04:37.091+0000] {logging_mixin.py:188} INFO - [2024-07-13T01:04:37.090+0000] {dag.py:3096} INFO - Sync 1 DAGs
[2024-07-13T01:04:37.127+0000] {logging_mixin.py:188} INFO - [2024-07-13T01:04:37.127+0000] {dag.py:3954} INFO - Setting next_dagrun for example_sla_dag to 2024-07-13 01:02:00+00:00, run_after=2024-07-13 01:04:00+00:00
[2024-07-13T01:04:37.162+0000] {processor.py:183} INFO - Processing /home/airflow/.local/lib/python3.11/site-packages/airflow/example_dags/example_sla_dag.py took 0.153 seconds
[2024-07-13T01:05:10.375+0000] {processor.py:161} INFO - Started process (PID=778) to work on /home/airflow/.local/lib/python3.11/site-packages/airflow/example_dags/example_sla_dag.py
[2024-07-13T01:05:10.378+0000] {processor.py:830} INFO - Processing file /home/airflow/.local/lib/python3.11/site-packages/airflow/example_dags/example_sla_dag.py for tasks to queue
[2024-07-13T01:05:10.381+0000] {logging_mixin.py:188} INFO - [2024-07-13T01:05:10.380+0000] {dagbag.py:545} INFO - Filling up the DagBag from /home/airflow/.local/lib/python3.11/site-packages/airflow/example_dags/example_sla_dag.py
[2024-07-13T01:05:10.400+0000] {processor.py:840} INFO - DAG(s) 'example_sla_dag' retrieved from /home/airflow/.local/lib/python3.11/site-packages/airflow/example_dags/example_sla_dag.py
[2024-07-13T01:05:10.448+0000] {logging_mixin.py:188} INFO - [2024-07-13T01:05:10.447+0000] {dag.py:3096} INFO - Sync 1 DAGs
[2024-07-13T01:05:10.502+0000] {logging_mixin.py:188} INFO - [2024-07-13T01:05:10.502+0000] {dag.py:3954} INFO - Setting next_dagrun for example_sla_dag to 2024-07-13 01:02:00+00:00, run_after=2024-07-13 01:04:00+00:00
[2024-07-13T01:05:10.536+0000] {processor.py:183} INFO - Processing /home/airflow/.local/lib/python3.11/site-packages/airflow/example_dags/example_sla_dag.py took 0.172 seconds
[2024-07-13T01:05:48.329+0000] {processor.py:161} INFO - Started process (PID=840) to work on /home/airflow/.local/lib/python3.11/site-packages/airflow/example_dags/example_sla_dag.py
[2024-07-13T01:05:48.332+0000] {processor.py:830} INFO - Processing file /home/airflow/.local/lib/python3.11/site-packages/airflow/example_dags/example_sla_dag.py for tasks to queue
[2024-07-13T01:05:48.336+0000] {logging_mixin.py:188} INFO - [2024-07-13T01:05:48.335+0000] {dagbag.py:545} INFO - Filling up the DagBag from /home/airflow/.local/lib/python3.11/site-packages/airflow/example_dags/example_sla_dag.py
[2024-07-13T01:05:48.359+0000] {processor.py:840} INFO - DAG(s) 'example_sla_dag' retrieved from /home/airflow/.local/lib/python3.11/site-packages/airflow/example_dags/example_sla_dag.py
[2024-07-13T01:05:48.407+0000] {logging_mixin.py:188} INFO - [2024-07-13T01:05:48.406+0000] {dag.py:3096} INFO - Sync 1 DAGs
[2024-07-13T01:05:48.451+0000] {logging_mixin.py:188} INFO - [2024-07-13T01:05:48.451+0000] {dag.py:3954} INFO - Setting next_dagrun for example_sla_dag to 2024-07-13 01:02:00+00:00, run_after=2024-07-13 01:04:00+00:00
[2024-07-13T01:05:48.488+0000] {processor.py:183} INFO - Processing /home/airflow/.local/lib/python3.11/site-packages/airflow/example_dags/example_sla_dag.py took 0.175 seconds
[2024-07-13T01:06:19.830+0000] {processor.py:161} INFO - Started process (PID=902) to work on /home/airflow/.local/lib/python3.11/site-packages/airflow/example_dags/example_sla_dag.py
[2024-07-13T01:06:19.833+0000] {processor.py:830} INFO - Processing file /home/airflow/.local/lib/python3.11/site-packages/airflow/example_dags/example_sla_dag.py for tasks to queue
[2024-07-13T01:06:19.838+0000] {logging_mixin.py:188} INFO - [2024-07-13T01:06:19.837+0000] {dagbag.py:545} INFO - Filling up the DagBag from /home/airflow/.local/lib/python3.11/site-packages/airflow/example_dags/example_sla_dag.py
[2024-07-13T01:06:19.860+0000] {processor.py:840} INFO - DAG(s) 'example_sla_dag' retrieved from /home/airflow/.local/lib/python3.11/site-packages/airflow/example_dags/example_sla_dag.py
[2024-07-13T01:06:19.913+0000] {logging_mixin.py:188} INFO - [2024-07-13T01:06:19.911+0000] {dag.py:3096} INFO - Sync 1 DAGs
[2024-07-13T01:06:19.971+0000] {logging_mixin.py:188} INFO - [2024-07-13T01:06:19.970+0000] {dag.py:3954} INFO - Setting next_dagrun for example_sla_dag to 2024-07-13 01:04:00+00:00, run_after=2024-07-13 01:06:00+00:00
[2024-07-13T01:06:20.012+0000] {processor.py:183} INFO - Processing /home/airflow/.local/lib/python3.11/site-packages/airflow/example_dags/example_sla_dag.py took 0.198 seconds
[2024-07-13T01:06:50.371+0000] {processor.py:161} INFO - Started process (PID=964) to work on /home/airflow/.local/lib/python3.11/site-packages/airflow/example_dags/example_sla_dag.py
[2024-07-13T01:06:50.373+0000] {processor.py:830} INFO - Processing file /home/airflow/.local/lib/python3.11/site-packages/airflow/example_dags/example_sla_dag.py for tasks to queue
[2024-07-13T01:06:50.378+0000] {logging_mixin.py:188} INFO - [2024-07-13T01:06:50.378+0000] {dagbag.py:545} INFO - Filling up the DagBag from /home/airflow/.local/lib/python3.11/site-packages/airflow/example_dags/example_sla_dag.py
[2024-07-13T01:06:50.403+0000] {processor.py:840} INFO - DAG(s) 'example_sla_dag' retrieved from /home/airflow/.local/lib/python3.11/site-packages/airflow/example_dags/example_sla_dag.py
[2024-07-13T01:06:50.450+0000] {logging_mixin.py:188} INFO - [2024-07-13T01:06:50.449+0000] {dag.py:3096} INFO - Sync 1 DAGs
[2024-07-13T01:06:50.505+0000] {logging_mixin.py:188} INFO - [2024-07-13T01:06:50.505+0000] {dag.py:3954} INFO - Setting next_dagrun for example_sla_dag to 2024-07-13 01:04:00+00:00, run_after=2024-07-13 01:06:00+00:00
[2024-07-13T01:06:50.541+0000] {processor.py:183} INFO - Processing /home/airflow/.local/lib/python3.11/site-packages/airflow/example_dags/example_sla_dag.py took 0.186 seconds
[2024-07-13T01:07:22.588+0000] {processor.py:161} INFO - Started process (PID=1026) to work on /home/airflow/.local/lib/python3.11/site-packages/airflow/example_dags/example_sla_dag.py
[2024-07-13T01:07:22.591+0000] {processor.py:830} INFO - Processing file /home/airflow/.local/lib/python3.11/site-packages/airflow/example_dags/example_sla_dag.py for tasks to queue
[2024-07-13T01:07:22.596+0000] {logging_mixin.py:188} INFO - [2024-07-13T01:07:22.596+0000] {dagbag.py:545} INFO - Filling up the DagBag from /home/airflow/.local/lib/python3.11/site-packages/airflow/example_dags/example_sla_dag.py
[2024-07-13T01:07:22.619+0000] {processor.py:840} INFO - DAG(s) 'example_sla_dag' retrieved from /home/airflow/.local/lib/python3.11/site-packages/airflow/example_dags/example_sla_dag.py
[2024-07-13T01:07:22.660+0000] {logging_mixin.py:188} INFO - [2024-07-13T01:07:22.659+0000] {dag.py:3096} INFO - Sync 1 DAGs
[2024-07-13T01:07:22.713+0000] {logging_mixin.py:188} INFO - [2024-07-13T01:07:22.713+0000] {dag.py:3954} INFO - Setting next_dagrun for example_sla_dag to 2024-07-13 01:04:00+00:00, run_after=2024-07-13 01:06:00+00:00
[2024-07-13T01:07:22.749+0000] {processor.py:183} INFO - Processing /home/airflow/.local/lib/python3.11/site-packages/airflow/example_dags/example_sla_dag.py took 0.177 seconds
[2024-07-13T01:07:56.783+0000] {processor.py:161} INFO - Started process (PID=1088) to work on /home/airflow/.local/lib/python3.11/site-packages/airflow/example_dags/example_sla_dag.py
[2024-07-13T01:07:56.785+0000] {processor.py:830} INFO - Processing file /home/airflow/.local/lib/python3.11/site-packages/airflow/example_dags/example_sla_dag.py for tasks to queue
[2024-07-13T01:07:56.789+0000] {logging_mixin.py:188} INFO - [2024-07-13T01:07:56.788+0000] {dagbag.py:545} INFO - Filling up the DagBag from /home/airflow/.local/lib/python3.11/site-packages/airflow/example_dags/example_sla_dag.py
[2024-07-13T01:07:56.808+0000] {processor.py:840} INFO - DAG(s) 'example_sla_dag' retrieved from /home/airflow/.local/lib/python3.11/site-packages/airflow/example_dags/example_sla_dag.py
[2024-07-13T01:07:56.845+0000] {logging_mixin.py:188} INFO - [2024-07-13T01:07:56.844+0000] {dag.py:3096} INFO - Sync 1 DAGs
[2024-07-13T01:07:56.886+0000] {logging_mixin.py:188} INFO - [2024-07-13T01:07:56.886+0000] {dag.py:3954} INFO - Setting next_dagrun for example_sla_dag to 2024-07-13 01:04:00+00:00, run_after=2024-07-13 01:06:00+00:00
[2024-07-13T01:07:56.915+0000] {processor.py:183} INFO - Processing /home/airflow/.local/lib/python3.11/site-packages/airflow/example_dags/example_sla_dag.py took 0.146 seconds
[2024-07-13T01:08:29.788+0000] {processor.py:161} INFO - Started process (PID=1150) to work on /home/airflow/.local/lib/python3.11/site-packages/airflow/example_dags/example_sla_dag.py
[2024-07-13T01:08:29.790+0000] {processor.py:830} INFO - Processing file /home/airflow/.local/lib/python3.11/site-packages/airflow/example_dags/example_sla_dag.py for tasks to queue
[2024-07-13T01:08:29.794+0000] {logging_mixin.py:188} INFO - [2024-07-13T01:08:29.794+0000] {dagbag.py:545} INFO - Filling up the DagBag from /home/airflow/.local/lib/python3.11/site-packages/airflow/example_dags/example_sla_dag.py
[2024-07-13T01:08:29.813+0000] {processor.py:840} INFO - DAG(s) 'example_sla_dag' retrieved from /home/airflow/.local/lib/python3.11/site-packages/airflow/example_dags/example_sla_dag.py
[2024-07-13T01:08:29.851+0000] {logging_mixin.py:188} INFO - [2024-07-13T01:08:29.850+0000] {dag.py:3096} INFO - Sync 1 DAGs
[2024-07-13T01:08:29.893+0000] {logging_mixin.py:188} INFO - [2024-07-13T01:08:29.892+0000] {dag.py:3954} INFO - Setting next_dagrun for example_sla_dag to 2024-07-13 01:06:00+00:00, run_after=2024-07-13 01:08:00+00:00
[2024-07-13T01:08:29.921+0000] {processor.py:183} INFO - Processing /home/airflow/.local/lib/python3.11/site-packages/airflow/example_dags/example_sla_dag.py took 0.146 seconds
[2024-07-13T01:09:02.419+0000] {processor.py:161} INFO - Started process (PID=1212) to work on /home/airflow/.local/lib/python3.11/site-packages/airflow/example_dags/example_sla_dag.py
[2024-07-13T01:09:02.421+0000] {processor.py:830} INFO - Processing file /home/airflow/.local/lib/python3.11/site-packages/airflow/example_dags/example_sla_dag.py for tasks to queue
[2024-07-13T01:09:02.425+0000] {logging_mixin.py:188} INFO - [2024-07-13T01:09:02.424+0000] {dagbag.py:545} INFO - Filling up the DagBag from /home/airflow/.local/lib/python3.11/site-packages/airflow/example_dags/example_sla_dag.py
[2024-07-13T01:09:02.443+0000] {processor.py:840} INFO - DAG(s) 'example_sla_dag' retrieved from /home/airflow/.local/lib/python3.11/site-packages/airflow/example_dags/example_sla_dag.py
[2024-07-13T01:09:02.483+0000] {logging_mixin.py:188} INFO - [2024-07-13T01:09:02.482+0000] {dag.py:3096} INFO - Sync 1 DAGs
[2024-07-13T01:09:02.521+0000] {logging_mixin.py:188} INFO - [2024-07-13T01:09:02.521+0000] {dag.py:3954} INFO - Setting next_dagrun for example_sla_dag to 2024-07-13 01:06:00+00:00, run_after=2024-07-13 01:08:00+00:00
[2024-07-13T01:09:02.547+0000] {processor.py:183} INFO - Processing /home/airflow/.local/lib/python3.11/site-packages/airflow/example_dags/example_sla_dag.py took 0.141 seconds
[2024-07-13T01:11:23.308+0000] {processor.py:161} INFO - Started process (PID=78) to work on /home/airflow/.local/lib/python3.11/site-packages/airflow/example_dags/example_sla_dag.py
[2024-07-13T01:11:23.311+0000] {processor.py:830} INFO - Processing file /home/airflow/.local/lib/python3.11/site-packages/airflow/example_dags/example_sla_dag.py for tasks to queue
[2024-07-13T01:11:23.315+0000] {logging_mixin.py:188} INFO - [2024-07-13T01:11:23.314+0000] {dagbag.py:545} INFO - Filling up the DagBag from /home/airflow/.local/lib/python3.11/site-packages/airflow/example_dags/example_sla_dag.py
[2024-07-13T01:11:23.336+0000] {processor.py:840} INFO - DAG(s) 'example_sla_dag' retrieved from /home/airflow/.local/lib/python3.11/site-packages/airflow/example_dags/example_sla_dag.py
[2024-07-13T01:11:23.571+0000] {logging_mixin.py:188} INFO - [2024-07-13T01:11:23.570+0000] {dag.py:3096} INFO - Sync 1 DAGs
[2024-07-13T01:11:23.624+0000] {logging_mixin.py:188} INFO - [2024-07-13T01:11:23.623+0000] {dag.py:3954} INFO - Setting next_dagrun for example_sla_dag to 2024-07-13 01:08:00+00:00, run_after=2024-07-13 01:10:00+00:00
[2024-07-13T01:11:23.658+0000] {processor.py:183} INFO - Processing /home/airflow/.local/lib/python3.11/site-packages/airflow/example_dags/example_sla_dag.py took 0.365 seconds
[2024-07-13T01:11:54.312+0000] {processor.py:161} INFO - Started process (PID=139) to work on /home/airflow/.local/lib/python3.11/site-packages/airflow/example_dags/example_sla_dag.py
[2024-07-13T01:11:54.313+0000] {processor.py:830} INFO - Processing file /home/airflow/.local/lib/python3.11/site-packages/airflow/example_dags/example_sla_dag.py for tasks to queue
[2024-07-13T01:11:54.317+0000] {logging_mixin.py:188} INFO - [2024-07-13T01:11:54.317+0000] {dagbag.py:545} INFO - Filling up the DagBag from /home/airflow/.local/lib/python3.11/site-packages/airflow/example_dags/example_sla_dag.py
[2024-07-13T01:11:54.335+0000] {processor.py:840} INFO - DAG(s) 'example_sla_dag' retrieved from /home/airflow/.local/lib/python3.11/site-packages/airflow/example_dags/example_sla_dag.py
[2024-07-13T01:11:54.377+0000] {logging_mixin.py:188} INFO - [2024-07-13T01:11:54.376+0000] {dag.py:3096} INFO - Sync 1 DAGs
[2024-07-13T01:11:54.425+0000] {logging_mixin.py:188} INFO - [2024-07-13T01:11:54.425+0000] {dag.py:3954} INFO - Setting next_dagrun for example_sla_dag to 2024-07-13 01:08:00+00:00, run_after=2024-07-13 01:10:00+00:00
[2024-07-13T01:11:54.457+0000] {processor.py:183} INFO - Processing /home/airflow/.local/lib/python3.11/site-packages/airflow/example_dags/example_sla_dag.py took 0.157 seconds
[2024-07-13T01:12:27.098+0000] {processor.py:161} INFO - Started process (PID=207) to work on /home/airflow/.local/lib/python3.11/site-packages/airflow/example_dags/example_sla_dag.py
[2024-07-13T01:12:27.101+0000] {processor.py:830} INFO - Processing file /home/airflow/.local/lib/python3.11/site-packages/airflow/example_dags/example_sla_dag.py for tasks to queue
[2024-07-13T01:12:27.105+0000] {logging_mixin.py:188} INFO - [2024-07-13T01:12:27.104+0000] {dagbag.py:545} INFO - Filling up the DagBag from /home/airflow/.local/lib/python3.11/site-packages/airflow/example_dags/example_sla_dag.py
[2024-07-13T01:12:27.123+0000] {processor.py:840} INFO - DAG(s) 'example_sla_dag' retrieved from /home/airflow/.local/lib/python3.11/site-packages/airflow/example_dags/example_sla_dag.py
[2024-07-13T01:12:27.163+0000] {logging_mixin.py:188} INFO - [2024-07-13T01:12:27.162+0000] {dag.py:3096} INFO - Sync 1 DAGs
[2024-07-13T01:12:27.217+0000] {logging_mixin.py:188} INFO - [2024-07-13T01:12:27.216+0000] {dag.py:3954} INFO - Setting next_dagrun for example_sla_dag to 2024-07-13 01:10:00+00:00, run_after=2024-07-13 01:12:00+00:00
[2024-07-13T01:12:27.251+0000] {processor.py:183} INFO - Processing /home/airflow/.local/lib/python3.11/site-packages/airflow/example_dags/example_sla_dag.py took 0.166 seconds
[2024-07-13T01:12:59.123+0000] {processor.py:161} INFO - Started process (PID=269) to work on /home/airflow/.local/lib/python3.11/site-packages/airflow/example_dags/example_sla_dag.py
[2024-07-13T01:12:59.125+0000] {processor.py:830} INFO - Processing file /home/airflow/.local/lib/python3.11/site-packages/airflow/example_dags/example_sla_dag.py for tasks to queue
[2024-07-13T01:12:59.130+0000] {logging_mixin.py:188} INFO - [2024-07-13T01:12:59.129+0000] {dagbag.py:545} INFO - Filling up the DagBag from /home/airflow/.local/lib/python3.11/site-packages/airflow/example_dags/example_sla_dag.py
[2024-07-13T01:12:59.150+0000] {processor.py:840} INFO - DAG(s) 'example_sla_dag' retrieved from /home/airflow/.local/lib/python3.11/site-packages/airflow/example_dags/example_sla_dag.py
[2024-07-13T01:12:59.191+0000] {logging_mixin.py:188} INFO - [2024-07-13T01:12:59.190+0000] {dag.py:3096} INFO - Sync 1 DAGs
[2024-07-13T01:12:59.244+0000] {logging_mixin.py:188} INFO - [2024-07-13T01:12:59.243+0000] {dag.py:3954} INFO - Setting next_dagrun for example_sla_dag to 2024-07-13 01:10:00+00:00, run_after=2024-07-13 01:12:00+00:00
[2024-07-13T01:12:59.281+0000] {processor.py:183} INFO - Processing /home/airflow/.local/lib/python3.11/site-packages/airflow/example_dags/example_sla_dag.py took 0.172 seconds
[2024-07-13T01:13:34.577+0000] {processor.py:161} INFO - Started process (PID=332) to work on /home/airflow/.local/lib/python3.11/site-packages/airflow/example_dags/example_sla_dag.py
[2024-07-13T01:13:34.579+0000] {processor.py:830} INFO - Processing file /home/airflow/.local/lib/python3.11/site-packages/airflow/example_dags/example_sla_dag.py for tasks to queue
[2024-07-13T01:13:34.582+0000] {logging_mixin.py:188} INFO - [2024-07-13T01:13:34.582+0000] {dagbag.py:545} INFO - Filling up the DagBag from /home/airflow/.local/lib/python3.11/site-packages/airflow/example_dags/example_sla_dag.py
[2024-07-13T01:13:34.602+0000] {processor.py:840} INFO - DAG(s) 'example_sla_dag' retrieved from /home/airflow/.local/lib/python3.11/site-packages/airflow/example_dags/example_sla_dag.py
[2024-07-13T01:13:34.639+0000] {logging_mixin.py:188} INFO - [2024-07-13T01:13:34.638+0000] {dag.py:3096} INFO - Sync 1 DAGs
[2024-07-13T01:13:34.677+0000] {logging_mixin.py:188} INFO - [2024-07-13T01:13:34.677+0000] {dag.py:3954} INFO - Setting next_dagrun for example_sla_dag to 2024-07-13 01:10:00+00:00, run_after=2024-07-13 01:12:00+00:00
[2024-07-13T01:13:34.715+0000] {processor.py:183} INFO - Processing /home/airflow/.local/lib/python3.11/site-packages/airflow/example_dags/example_sla_dag.py took 0.152 seconds
[2024-07-13T01:14:06.417+0000] {processor.py:161} INFO - Started process (PID=394) to work on /home/airflow/.local/lib/python3.11/site-packages/airflow/example_dags/example_sla_dag.py
[2024-07-13T01:14:06.420+0000] {processor.py:830} INFO - Processing file /home/airflow/.local/lib/python3.11/site-packages/airflow/example_dags/example_sla_dag.py for tasks to queue
[2024-07-13T01:14:06.425+0000] {logging_mixin.py:188} INFO - [2024-07-13T01:14:06.424+0000] {dagbag.py:545} INFO - Filling up the DagBag from /home/airflow/.local/lib/python3.11/site-packages/airflow/example_dags/example_sla_dag.py
[2024-07-13T01:14:06.444+0000] {processor.py:840} INFO - DAG(s) 'example_sla_dag' retrieved from /home/airflow/.local/lib/python3.11/site-packages/airflow/example_dags/example_sla_dag.py
[2024-07-13T01:14:06.485+0000] {logging_mixin.py:188} INFO - [2024-07-13T01:14:06.483+0000] {dag.py:3096} INFO - Sync 1 DAGs
[2024-07-13T01:14:06.528+0000] {logging_mixin.py:188} INFO - [2024-07-13T01:14:06.528+0000] {dag.py:3954} INFO - Setting next_dagrun for example_sla_dag to 2024-07-13 01:12:00+00:00, run_after=2024-07-13 01:14:00+00:00
[2024-07-13T01:14:06.559+0000] {processor.py:183} INFO - Processing /home/airflow/.local/lib/python3.11/site-packages/airflow/example_dags/example_sla_dag.py took 0.158 seconds
[2024-07-13T01:14:40.703+0000] {processor.py:161} INFO - Started process (PID=456) to work on /home/airflow/.local/lib/python3.11/site-packages/airflow/example_dags/example_sla_dag.py
[2024-07-13T01:14:40.706+0000] {processor.py:830} INFO - Processing file /home/airflow/.local/lib/python3.11/site-packages/airflow/example_dags/example_sla_dag.py for tasks to queue
[2024-07-13T01:14:40.709+0000] {logging_mixin.py:188} INFO - [2024-07-13T01:14:40.708+0000] {dagbag.py:545} INFO - Filling up the DagBag from /home/airflow/.local/lib/python3.11/site-packages/airflow/example_dags/example_sla_dag.py
[2024-07-13T01:14:40.725+0000] {processor.py:840} INFO - DAG(s) 'example_sla_dag' retrieved from /home/airflow/.local/lib/python3.11/site-packages/airflow/example_dags/example_sla_dag.py
[2024-07-13T01:14:40.768+0000] {logging_mixin.py:188} INFO - [2024-07-13T01:14:40.766+0000] {dag.py:3096} INFO - Sync 1 DAGs
[2024-07-13T01:14:40.819+0000] {logging_mixin.py:188} INFO - [2024-07-13T01:14:40.819+0000] {dag.py:3954} INFO - Setting next_dagrun for example_sla_dag to 2024-07-13 01:12:00+00:00, run_after=2024-07-13 01:14:00+00:00
[2024-07-13T01:14:40.856+0000] {processor.py:183} INFO - Processing /home/airflow/.local/lib/python3.11/site-packages/airflow/example_dags/example_sla_dag.py took 0.165 seconds
[2024-07-13T01:15:14.510+0000] {processor.py:161} INFO - Started process (PID=518) to work on /home/airflow/.local/lib/python3.11/site-packages/airflow/example_dags/example_sla_dag.py
[2024-07-13T01:15:14.512+0000] {processor.py:830} INFO - Processing file /home/airflow/.local/lib/python3.11/site-packages/airflow/example_dags/example_sla_dag.py for tasks to queue
[2024-07-13T01:15:14.516+0000] {logging_mixin.py:188} INFO - [2024-07-13T01:15:14.515+0000] {dagbag.py:545} INFO - Filling up the DagBag from /home/airflow/.local/lib/python3.11/site-packages/airflow/example_dags/example_sla_dag.py
[2024-07-13T01:15:14.536+0000] {processor.py:840} INFO - DAG(s) 'example_sla_dag' retrieved from /home/airflow/.local/lib/python3.11/site-packages/airflow/example_dags/example_sla_dag.py
[2024-07-13T01:15:14.582+0000] {logging_mixin.py:188} INFO - [2024-07-13T01:15:14.581+0000] {dag.py:3096} INFO - Sync 1 DAGs
[2024-07-13T01:15:14.643+0000] {logging_mixin.py:188} INFO - [2024-07-13T01:15:14.643+0000] {dag.py:3954} INFO - Setting next_dagrun for example_sla_dag to 2024-07-13 01:12:00+00:00, run_after=2024-07-13 01:14:00+00:00
[2024-07-13T01:15:14.683+0000] {processor.py:183} INFO - Processing /home/airflow/.local/lib/python3.11/site-packages/airflow/example_dags/example_sla_dag.py took 0.188 seconds
[2024-07-13T01:15:49.303+0000] {processor.py:161} INFO - Started process (PID=581) to work on /home/airflow/.local/lib/python3.11/site-packages/airflow/example_dags/example_sla_dag.py
[2024-07-13T01:15:49.305+0000] {processor.py:830} INFO - Processing file /home/airflow/.local/lib/python3.11/site-packages/airflow/example_dags/example_sla_dag.py for tasks to queue
[2024-07-13T01:15:49.309+0000] {logging_mixin.py:188} INFO - [2024-07-13T01:15:49.309+0000] {dagbag.py:545} INFO - Filling up the DagBag from /home/airflow/.local/lib/python3.11/site-packages/airflow/example_dags/example_sla_dag.py
[2024-07-13T01:15:49.327+0000] {processor.py:840} INFO - DAG(s) 'example_sla_dag' retrieved from /home/airflow/.local/lib/python3.11/site-packages/airflow/example_dags/example_sla_dag.py
[2024-07-13T01:15:49.369+0000] {logging_mixin.py:188} INFO - [2024-07-13T01:15:49.368+0000] {dag.py:3096} INFO - Sync 1 DAGs
[2024-07-13T01:15:49.425+0000] {logging_mixin.py:188} INFO - [2024-07-13T01:15:49.425+0000] {dag.py:3954} INFO - Setting next_dagrun for example_sla_dag to 2024-07-13 01:12:00+00:00, run_after=2024-07-13 01:14:00+00:00
[2024-07-13T01:15:49.464+0000] {processor.py:183} INFO - Processing /home/airflow/.local/lib/python3.11/site-packages/airflow/example_dags/example_sla_dag.py took 0.174 seconds
[2024-07-13T01:16:23.144+0000] {processor.py:161} INFO - Started process (PID=644) to work on /home/airflow/.local/lib/python3.11/site-packages/airflow/example_dags/example_sla_dag.py
[2024-07-13T01:16:23.146+0000] {processor.py:830} INFO - Processing file /home/airflow/.local/lib/python3.11/site-packages/airflow/example_dags/example_sla_dag.py for tasks to queue
[2024-07-13T01:16:23.150+0000] {logging_mixin.py:188} INFO - [2024-07-13T01:16:23.149+0000] {dagbag.py:545} INFO - Filling up the DagBag from /home/airflow/.local/lib/python3.11/site-packages/airflow/example_dags/example_sla_dag.py
[2024-07-13T01:16:23.171+0000] {processor.py:840} INFO - DAG(s) 'example_sla_dag' retrieved from /home/airflow/.local/lib/python3.11/site-packages/airflow/example_dags/example_sla_dag.py
[2024-07-13T01:16:23.216+0000] {logging_mixin.py:188} INFO - [2024-07-13T01:16:23.216+0000] {dag.py:3096} INFO - Sync 1 DAGs
[2024-07-13T01:16:23.253+0000] {logging_mixin.py:188} INFO - [2024-07-13T01:16:23.253+0000] {dag.py:3954} INFO - Setting next_dagrun for example_sla_dag to 2024-07-13 01:14:00+00:00, run_after=2024-07-13 01:16:00+00:00
[2024-07-13T01:16:23.281+0000] {processor.py:183} INFO - Processing /home/airflow/.local/lib/python3.11/site-packages/airflow/example_dags/example_sla_dag.py took 0.152 seconds
