[2024-07-13T00:28:01.461+0000] {processor.py:161} INFO - Started process (PID=57) to work on /home/airflow/.local/lib/python3.11/site-packages/airflow/example_dags/example_time_delta_sensor_async.py
[2024-07-13T00:28:01.463+0000] {processor.py:830} INFO - Processing file /home/airflow/.local/lib/python3.11/site-packages/airflow/example_dags/example_time_delta_sensor_async.py for tasks to queue
[2024-07-13T00:28:01.465+0000] {logging_mixin.py:188} INFO - [2024-07-13T00:28:01.464+0000] {dagbag.py:545} INFO - Filling up the DagBag from /home/airflow/.local/lib/python3.11/site-packages/airflow/example_dags/example_time_delta_sensor_async.py
[2024-07-13T00:28:01.476+0000] {processor.py:840} INFO - DAG(s) 'example_time_delta_sensor_async' retrieved from /home/airflow/.local/lib/python3.11/site-packages/airflow/example_dags/example_time_delta_sensor_async.py
[2024-07-13T00:28:01.650+0000] {logging_mixin.py:188} INFO - [2024-07-13T00:28:01.649+0000] {dag.py:3096} INFO - Sync 1 DAGs
[2024-07-13T00:28:01.664+0000] {logging_mixin.py:188} INFO - [2024-07-13T00:28:01.664+0000] {dag.py:3954} INFO - Setting next_dagrun for example_time_delta_sensor_async to None, run_after=None
[2024-07-13T00:28:01.690+0000] {processor.py:183} INFO - Processing /home/airflow/.local/lib/python3.11/site-packages/airflow/example_dags/example_time_delta_sensor_async.py took 0.244 seconds
[2024-07-13T00:28:33.248+0000] {processor.py:161} INFO - Started process (PID=119) to work on /home/airflow/.local/lib/python3.11/site-packages/airflow/example_dags/example_time_delta_sensor_async.py
[2024-07-13T00:28:33.253+0000] {processor.py:830} INFO - Processing file /home/airflow/.local/lib/python3.11/site-packages/airflow/example_dags/example_time_delta_sensor_async.py for tasks to queue
[2024-07-13T00:28:33.254+0000] {logging_mixin.py:188} INFO - [2024-07-13T00:28:33.253+0000] {dagbag.py:545} INFO - Filling up the DagBag from /home/airflow/.local/lib/python3.11/site-packages/airflow/example_dags/example_time_delta_sensor_async.py
[2024-07-13T00:28:33.262+0000] {processor.py:840} INFO - DAG(s) 'example_time_delta_sensor_async' retrieved from /home/airflow/.local/lib/python3.11/site-packages/airflow/example_dags/example_time_delta_sensor_async.py
[2024-07-13T00:28:33.306+0000] {logging_mixin.py:188} INFO - [2024-07-13T00:28:33.306+0000] {dag.py:3096} INFO - Sync 1 DAGs
[2024-07-13T00:28:33.333+0000] {logging_mixin.py:188} INFO - [2024-07-13T00:28:33.333+0000] {dag.py:3954} INFO - Setting next_dagrun for example_time_delta_sensor_async to None, run_after=None
[2024-07-13T00:28:33.365+0000] {processor.py:183} INFO - Processing /home/airflow/.local/lib/python3.11/site-packages/airflow/example_dags/example_time_delta_sensor_async.py took 0.129 seconds
[2024-07-13T00:29:06.143+0000] {processor.py:161} INFO - Started process (PID=181) to work on /home/airflow/.local/lib/python3.11/site-packages/airflow/example_dags/example_time_delta_sensor_async.py
[2024-07-13T00:29:06.145+0000] {processor.py:830} INFO - Processing file /home/airflow/.local/lib/python3.11/site-packages/airflow/example_dags/example_time_delta_sensor_async.py for tasks to queue
[2024-07-13T00:29:06.146+0000] {logging_mixin.py:188} INFO - [2024-07-13T00:29:06.145+0000] {dagbag.py:545} INFO - Filling up the DagBag from /home/airflow/.local/lib/python3.11/site-packages/airflow/example_dags/example_time_delta_sensor_async.py
[2024-07-13T00:29:06.154+0000] {processor.py:840} INFO - DAG(s) 'example_time_delta_sensor_async' retrieved from /home/airflow/.local/lib/python3.11/site-packages/airflow/example_dags/example_time_delta_sensor_async.py
[2024-07-13T00:29:06.198+0000] {logging_mixin.py:188} INFO - [2024-07-13T00:29:06.197+0000] {dag.py:3096} INFO - Sync 1 DAGs
[2024-07-13T00:29:06.218+0000] {logging_mixin.py:188} INFO - [2024-07-13T00:29:06.218+0000] {dag.py:3954} INFO - Setting next_dagrun for example_time_delta_sensor_async to None, run_after=None
[2024-07-13T00:29:06.246+0000] {processor.py:183} INFO - Processing /home/airflow/.local/lib/python3.11/site-packages/airflow/example_dags/example_time_delta_sensor_async.py took 0.114 seconds
[2024-07-13T00:29:39.330+0000] {processor.py:161} INFO - Started process (PID=243) to work on /home/airflow/.local/lib/python3.11/site-packages/airflow/example_dags/example_time_delta_sensor_async.py
[2024-07-13T00:29:39.334+0000] {processor.py:830} INFO - Processing file /home/airflow/.local/lib/python3.11/site-packages/airflow/example_dags/example_time_delta_sensor_async.py for tasks to queue
[2024-07-13T00:29:39.336+0000] {logging_mixin.py:188} INFO - [2024-07-13T00:29:39.335+0000] {dagbag.py:545} INFO - Filling up the DagBag from /home/airflow/.local/lib/python3.11/site-packages/airflow/example_dags/example_time_delta_sensor_async.py
[2024-07-13T00:29:39.346+0000] {processor.py:840} INFO - DAG(s) 'example_time_delta_sensor_async' retrieved from /home/airflow/.local/lib/python3.11/site-packages/airflow/example_dags/example_time_delta_sensor_async.py
[2024-07-13T00:29:39.390+0000] {logging_mixin.py:188} INFO - [2024-07-13T00:29:39.389+0000] {dag.py:3096} INFO - Sync 1 DAGs
[2024-07-13T00:29:39.414+0000] {logging_mixin.py:188} INFO - [2024-07-13T00:29:39.414+0000] {dag.py:3954} INFO - Setting next_dagrun for example_time_delta_sensor_async to None, run_after=None
[2024-07-13T00:29:39.445+0000] {processor.py:183} INFO - Processing /home/airflow/.local/lib/python3.11/site-packages/airflow/example_dags/example_time_delta_sensor_async.py took 0.130 seconds
[2024-07-13T00:30:12.258+0000] {processor.py:161} INFO - Started process (PID=311) to work on /home/airflow/.local/lib/python3.11/site-packages/airflow/example_dags/example_time_delta_sensor_async.py
[2024-07-13T00:30:12.259+0000] {processor.py:830} INFO - Processing file /home/airflow/.local/lib/python3.11/site-packages/airflow/example_dags/example_time_delta_sensor_async.py for tasks to queue
[2024-07-13T00:30:12.260+0000] {logging_mixin.py:188} INFO - [2024-07-13T00:30:12.260+0000] {dagbag.py:545} INFO - Filling up the DagBag from /home/airflow/.local/lib/python3.11/site-packages/airflow/example_dags/example_time_delta_sensor_async.py
[2024-07-13T00:30:12.271+0000] {processor.py:840} INFO - DAG(s) 'example_time_delta_sensor_async' retrieved from /home/airflow/.local/lib/python3.11/site-packages/airflow/example_dags/example_time_delta_sensor_async.py
[2024-07-13T00:30:12.318+0000] {logging_mixin.py:188} INFO - [2024-07-13T00:30:12.318+0000] {dag.py:3096} INFO - Sync 1 DAGs
[2024-07-13T00:30:12.346+0000] {logging_mixin.py:188} INFO - [2024-07-13T00:30:12.345+0000] {dag.py:3954} INFO - Setting next_dagrun for example_time_delta_sensor_async to None, run_after=None
[2024-07-13T00:30:12.381+0000] {processor.py:183} INFO - Processing /home/airflow/.local/lib/python3.11/site-packages/airflow/example_dags/example_time_delta_sensor_async.py took 0.138 seconds
[2024-07-13T00:30:45.186+0000] {processor.py:161} INFO - Started process (PID=374) to work on /home/airflow/.local/lib/python3.11/site-packages/airflow/example_dags/example_time_delta_sensor_async.py
[2024-07-13T00:30:45.188+0000] {processor.py:830} INFO - Processing file /home/airflow/.local/lib/python3.11/site-packages/airflow/example_dags/example_time_delta_sensor_async.py for tasks to queue
[2024-07-13T00:30:45.189+0000] {logging_mixin.py:188} INFO - [2024-07-13T00:30:45.189+0000] {dagbag.py:545} INFO - Filling up the DagBag from /home/airflow/.local/lib/python3.11/site-packages/airflow/example_dags/example_time_delta_sensor_async.py
[2024-07-13T00:30:45.199+0000] {processor.py:840} INFO - DAG(s) 'example_time_delta_sensor_async' retrieved from /home/airflow/.local/lib/python3.11/site-packages/airflow/example_dags/example_time_delta_sensor_async.py
[2024-07-13T00:30:45.242+0000] {logging_mixin.py:188} INFO - [2024-07-13T00:30:45.241+0000] {dag.py:3096} INFO - Sync 1 DAGs
[2024-07-13T00:30:45.270+0000] {logging_mixin.py:188} INFO - [2024-07-13T00:30:45.270+0000] {dag.py:3954} INFO - Setting next_dagrun for example_time_delta_sensor_async to None, run_after=None
[2024-07-13T00:30:45.301+0000] {processor.py:183} INFO - Processing /home/airflow/.local/lib/python3.11/site-packages/airflow/example_dags/example_time_delta_sensor_async.py took 0.127 seconds
[2024-07-13T00:31:18.524+0000] {processor.py:161} INFO - Started process (PID=436) to work on /home/airflow/.local/lib/python3.11/site-packages/airflow/example_dags/example_time_delta_sensor_async.py
[2024-07-13T00:31:18.526+0000] {processor.py:830} INFO - Processing file /home/airflow/.local/lib/python3.11/site-packages/airflow/example_dags/example_time_delta_sensor_async.py for tasks to queue
[2024-07-13T00:31:18.527+0000] {logging_mixin.py:188} INFO - [2024-07-13T00:31:18.527+0000] {dagbag.py:545} INFO - Filling up the DagBag from /home/airflow/.local/lib/python3.11/site-packages/airflow/example_dags/example_time_delta_sensor_async.py
[2024-07-13T00:31:18.538+0000] {processor.py:840} INFO - DAG(s) 'example_time_delta_sensor_async' retrieved from /home/airflow/.local/lib/python3.11/site-packages/airflow/example_dags/example_time_delta_sensor_async.py
[2024-07-13T00:31:18.581+0000] {logging_mixin.py:188} INFO - [2024-07-13T00:31:18.580+0000] {dag.py:3096} INFO - Sync 1 DAGs
[2024-07-13T00:31:18.607+0000] {logging_mixin.py:188} INFO - [2024-07-13T00:31:18.606+0000] {dag.py:3954} INFO - Setting next_dagrun for example_time_delta_sensor_async to None, run_after=None
[2024-07-13T00:31:18.638+0000] {processor.py:183} INFO - Processing /home/airflow/.local/lib/python3.11/site-packages/airflow/example_dags/example_time_delta_sensor_async.py took 0.127 seconds
[2024-07-13T00:31:52.794+0000] {processor.py:161} INFO - Started process (PID=498) to work on /home/airflow/.local/lib/python3.11/site-packages/airflow/example_dags/example_time_delta_sensor_async.py
[2024-07-13T00:31:52.796+0000] {processor.py:830} INFO - Processing file /home/airflow/.local/lib/python3.11/site-packages/airflow/example_dags/example_time_delta_sensor_async.py for tasks to queue
[2024-07-13T00:31:52.798+0000] {logging_mixin.py:188} INFO - [2024-07-13T00:31:52.797+0000] {dagbag.py:545} INFO - Filling up the DagBag from /home/airflow/.local/lib/python3.11/site-packages/airflow/example_dags/example_time_delta_sensor_async.py
[2024-07-13T00:31:52.806+0000] {processor.py:840} INFO - DAG(s) 'example_time_delta_sensor_async' retrieved from /home/airflow/.local/lib/python3.11/site-packages/airflow/example_dags/example_time_delta_sensor_async.py
[2024-07-13T00:31:52.844+0000] {logging_mixin.py:188} INFO - [2024-07-13T00:31:52.843+0000] {dag.py:3096} INFO - Sync 1 DAGs
[2024-07-13T00:31:52.864+0000] {logging_mixin.py:188} INFO - [2024-07-13T00:31:52.863+0000] {dag.py:3954} INFO - Setting next_dagrun for example_time_delta_sensor_async to None, run_after=None
[2024-07-13T00:31:52.893+0000] {processor.py:183} INFO - Processing /home/airflow/.local/lib/python3.11/site-packages/airflow/example_dags/example_time_delta_sensor_async.py took 0.110 seconds
[2024-07-13T00:32:27.131+0000] {processor.py:161} INFO - Started process (PID=560) to work on /home/airflow/.local/lib/python3.11/site-packages/airflow/example_dags/example_time_delta_sensor_async.py
[2024-07-13T00:32:27.134+0000] {processor.py:830} INFO - Processing file /home/airflow/.local/lib/python3.11/site-packages/airflow/example_dags/example_time_delta_sensor_async.py for tasks to queue
[2024-07-13T00:32:27.135+0000] {logging_mixin.py:188} INFO - [2024-07-13T00:32:27.135+0000] {dagbag.py:545} INFO - Filling up the DagBag from /home/airflow/.local/lib/python3.11/site-packages/airflow/example_dags/example_time_delta_sensor_async.py
[2024-07-13T00:32:27.149+0000] {processor.py:840} INFO - DAG(s) 'example_time_delta_sensor_async' retrieved from /home/airflow/.local/lib/python3.11/site-packages/airflow/example_dags/example_time_delta_sensor_async.py
[2024-07-13T00:32:27.209+0000] {logging_mixin.py:188} INFO - [2024-07-13T00:32:27.209+0000] {dag.py:3096} INFO - Sync 1 DAGs
[2024-07-13T00:32:27.240+0000] {logging_mixin.py:188} INFO - [2024-07-13T00:32:27.240+0000] {dag.py:3954} INFO - Setting next_dagrun for example_time_delta_sensor_async to None, run_after=None
[2024-07-13T00:32:27.285+0000] {processor.py:183} INFO - Processing /home/airflow/.local/lib/python3.11/site-packages/airflow/example_dags/example_time_delta_sensor_async.py took 0.173 seconds
[2024-07-13T00:33:01.365+0000] {processor.py:161} INFO - Started process (PID=622) to work on /home/airflow/.local/lib/python3.11/site-packages/airflow/example_dags/example_time_delta_sensor_async.py
[2024-07-13T00:33:01.376+0000] {processor.py:830} INFO - Processing file /home/airflow/.local/lib/python3.11/site-packages/airflow/example_dags/example_time_delta_sensor_async.py for tasks to queue
[2024-07-13T00:33:01.380+0000] {logging_mixin.py:188} INFO - [2024-07-13T00:33:01.380+0000] {dagbag.py:545} INFO - Filling up the DagBag from /home/airflow/.local/lib/python3.11/site-packages/airflow/example_dags/example_time_delta_sensor_async.py
[2024-07-13T00:33:01.411+0000] {processor.py:840} INFO - DAG(s) 'example_time_delta_sensor_async' retrieved from /home/airflow/.local/lib/python3.11/site-packages/airflow/example_dags/example_time_delta_sensor_async.py
[2024-07-13T00:33:01.516+0000] {logging_mixin.py:188} INFO - [2024-07-13T00:33:01.516+0000] {dag.py:3096} INFO - Sync 1 DAGs
[2024-07-13T00:33:01.571+0000] {logging_mixin.py:188} INFO - [2024-07-13T00:33:01.559+0000] {dag.py:3954} INFO - Setting next_dagrun for example_time_delta_sensor_async to None, run_after=None
[2024-07-13T00:33:01.655+0000] {processor.py:183} INFO - Processing /home/airflow/.local/lib/python3.11/site-packages/airflow/example_dags/example_time_delta_sensor_async.py took 0.331 seconds
[2024-07-13T00:33:33.893+0000] {processor.py:161} INFO - Started process (PID=684) to work on /home/airflow/.local/lib/python3.11/site-packages/airflow/example_dags/example_time_delta_sensor_async.py
[2024-07-13T00:33:33.894+0000] {processor.py:830} INFO - Processing file /home/airflow/.local/lib/python3.11/site-packages/airflow/example_dags/example_time_delta_sensor_async.py for tasks to queue
[2024-07-13T00:33:33.896+0000] {logging_mixin.py:188} INFO - [2024-07-13T00:33:33.895+0000] {dagbag.py:545} INFO - Filling up the DagBag from /home/airflow/.local/lib/python3.11/site-packages/airflow/example_dags/example_time_delta_sensor_async.py
[2024-07-13T00:33:33.907+0000] {processor.py:840} INFO - DAG(s) 'example_time_delta_sensor_async' retrieved from /home/airflow/.local/lib/python3.11/site-packages/airflow/example_dags/example_time_delta_sensor_async.py
[2024-07-13T00:33:33.952+0000] {logging_mixin.py:188} INFO - [2024-07-13T00:33:33.952+0000] {dag.py:3096} INFO - Sync 1 DAGs
[2024-07-13T00:33:33.971+0000] {logging_mixin.py:188} INFO - [2024-07-13T00:33:33.971+0000] {dag.py:3954} INFO - Setting next_dagrun for example_time_delta_sensor_async to None, run_after=None
[2024-07-13T00:33:33.998+0000] {processor.py:183} INFO - Processing /home/airflow/.local/lib/python3.11/site-packages/airflow/example_dags/example_time_delta_sensor_async.py took 0.120 seconds
[2024-07-13T00:35:49.219+0000] {processor.py:161} INFO - Started process (PID=58) to work on /home/airflow/.local/lib/python3.11/site-packages/airflow/example_dags/example_time_delta_sensor_async.py
[2024-07-13T00:35:49.222+0000] {processor.py:830} INFO - Processing file /home/airflow/.local/lib/python3.11/site-packages/airflow/example_dags/example_time_delta_sensor_async.py for tasks to queue
[2024-07-13T00:35:49.226+0000] {logging_mixin.py:188} INFO - [2024-07-13T00:35:49.225+0000] {dagbag.py:545} INFO - Filling up the DagBag from /home/airflow/.local/lib/python3.11/site-packages/airflow/example_dags/example_time_delta_sensor_async.py
[2024-07-13T00:35:49.239+0000] {processor.py:840} INFO - DAG(s) 'example_time_delta_sensor_async' retrieved from /home/airflow/.local/lib/python3.11/site-packages/airflow/example_dags/example_time_delta_sensor_async.py
[2024-07-13T00:35:49.465+0000] {logging_mixin.py:188} INFO - [2024-07-13T00:35:49.464+0000] {dag.py:3096} INFO - Sync 1 DAGs
[2024-07-13T00:35:49.487+0000] {logging_mixin.py:188} INFO - [2024-07-13T00:35:49.486+0000] {dag.py:3954} INFO - Setting next_dagrun for example_time_delta_sensor_async to None, run_after=None
[2024-07-13T00:35:49.520+0000] {processor.py:183} INFO - Processing /home/airflow/.local/lib/python3.11/site-packages/airflow/example_dags/example_time_delta_sensor_async.py took 0.316 seconds
[2024-07-13T00:36:20.946+0000] {processor.py:161} INFO - Started process (PID=120) to work on /home/airflow/.local/lib/python3.11/site-packages/airflow/example_dags/example_time_delta_sensor_async.py
[2024-07-13T00:36:20.947+0000] {processor.py:830} INFO - Processing file /home/airflow/.local/lib/python3.11/site-packages/airflow/example_dags/example_time_delta_sensor_async.py for tasks to queue
[2024-07-13T00:36:20.951+0000] {logging_mixin.py:188} INFO - [2024-07-13T00:36:20.950+0000] {dagbag.py:545} INFO - Filling up the DagBag from /home/airflow/.local/lib/python3.11/site-packages/airflow/example_dags/example_time_delta_sensor_async.py
[2024-07-13T00:36:20.959+0000] {processor.py:840} INFO - DAG(s) 'example_time_delta_sensor_async' retrieved from /home/airflow/.local/lib/python3.11/site-packages/airflow/example_dags/example_time_delta_sensor_async.py
[2024-07-13T00:36:20.995+0000] {logging_mixin.py:188} INFO - [2024-07-13T00:36:20.993+0000] {dag.py:3096} INFO - Sync 1 DAGs
[2024-07-13T00:36:21.015+0000] {logging_mixin.py:188} INFO - [2024-07-13T00:36:21.014+0000] {dag.py:3954} INFO - Setting next_dagrun for example_time_delta_sensor_async to None, run_after=None
[2024-07-13T00:36:21.046+0000] {processor.py:183} INFO - Processing /home/airflow/.local/lib/python3.11/site-packages/airflow/example_dags/example_time_delta_sensor_async.py took 0.112 seconds
[2024-07-13T00:38:20.299+0000] {processor.py:161} INFO - Started process (PID=56) to work on /home/airflow/.local/lib/python3.11/site-packages/airflow/example_dags/example_time_delta_sensor_async.py
[2024-07-13T00:38:20.302+0000] {processor.py:830} INFO - Processing file /home/airflow/.local/lib/python3.11/site-packages/airflow/example_dags/example_time_delta_sensor_async.py for tasks to queue
[2024-07-13T00:38:20.305+0000] {logging_mixin.py:188} INFO - [2024-07-13T00:38:20.305+0000] {dagbag.py:545} INFO - Filling up the DagBag from /home/airflow/.local/lib/python3.11/site-packages/airflow/example_dags/example_time_delta_sensor_async.py
[2024-07-13T00:38:20.319+0000] {processor.py:840} INFO - DAG(s) 'example_time_delta_sensor_async' retrieved from /home/airflow/.local/lib/python3.11/site-packages/airflow/example_dags/example_time_delta_sensor_async.py
[2024-07-13T00:38:20.575+0000] {logging_mixin.py:188} INFO - [2024-07-13T00:38:20.574+0000] {dag.py:3096} INFO - Sync 1 DAGs
[2024-07-13T00:38:20.596+0000] {logging_mixin.py:188} INFO - [2024-07-13T00:38:20.595+0000] {dag.py:3954} INFO - Setting next_dagrun for example_time_delta_sensor_async to None, run_after=None
[2024-07-13T00:38:20.628+0000] {processor.py:183} INFO - Processing /home/airflow/.local/lib/python3.11/site-packages/airflow/example_dags/example_time_delta_sensor_async.py took 0.342 seconds
[2024-07-13T00:38:51.184+0000] {processor.py:161} INFO - Started process (PID=118) to work on /home/airflow/.local/lib/python3.11/site-packages/airflow/example_dags/example_time_delta_sensor_async.py
[2024-07-13T00:38:51.185+0000] {processor.py:830} INFO - Processing file /home/airflow/.local/lib/python3.11/site-packages/airflow/example_dags/example_time_delta_sensor_async.py for tasks to queue
[2024-07-13T00:38:51.188+0000] {logging_mixin.py:188} INFO - [2024-07-13T00:38:51.188+0000] {dagbag.py:545} INFO - Filling up the DagBag from /home/airflow/.local/lib/python3.11/site-packages/airflow/example_dags/example_time_delta_sensor_async.py
[2024-07-13T00:38:51.196+0000] {processor.py:840} INFO - DAG(s) 'example_time_delta_sensor_async' retrieved from /home/airflow/.local/lib/python3.11/site-packages/airflow/example_dags/example_time_delta_sensor_async.py
[2024-07-13T00:38:51.237+0000] {logging_mixin.py:188} INFO - [2024-07-13T00:38:51.236+0000] {dag.py:3096} INFO - Sync 1 DAGs
[2024-07-13T00:38:51.258+0000] {logging_mixin.py:188} INFO - [2024-07-13T00:38:51.258+0000] {dag.py:3954} INFO - Setting next_dagrun for example_time_delta_sensor_async to None, run_after=None
[2024-07-13T00:38:51.284+0000] {processor.py:183} INFO - Processing /home/airflow/.local/lib/python3.11/site-packages/airflow/example_dags/example_time_delta_sensor_async.py took 0.111 seconds
[2024-07-13T00:39:24.334+0000] {processor.py:161} INFO - Started process (PID=180) to work on /home/airflow/.local/lib/python3.11/site-packages/airflow/example_dags/example_time_delta_sensor_async.py
[2024-07-13T00:39:24.336+0000] {processor.py:830} INFO - Processing file /home/airflow/.local/lib/python3.11/site-packages/airflow/example_dags/example_time_delta_sensor_async.py for tasks to queue
[2024-07-13T00:39:24.339+0000] {logging_mixin.py:188} INFO - [2024-07-13T00:39:24.339+0000] {dagbag.py:545} INFO - Filling up the DagBag from /home/airflow/.local/lib/python3.11/site-packages/airflow/example_dags/example_time_delta_sensor_async.py
[2024-07-13T00:39:24.348+0000] {processor.py:840} INFO - DAG(s) 'example_time_delta_sensor_async' retrieved from /home/airflow/.local/lib/python3.11/site-packages/airflow/example_dags/example_time_delta_sensor_async.py
[2024-07-13T00:39:24.387+0000] {logging_mixin.py:188} INFO - [2024-07-13T00:39:24.386+0000] {dag.py:3096} INFO - Sync 1 DAGs
[2024-07-13T00:39:24.407+0000] {logging_mixin.py:188} INFO - [2024-07-13T00:39:24.407+0000] {dag.py:3954} INFO - Setting next_dagrun for example_time_delta_sensor_async to None, run_after=None
[2024-07-13T00:39:24.439+0000] {processor.py:183} INFO - Processing /home/airflow/.local/lib/python3.11/site-packages/airflow/example_dags/example_time_delta_sensor_async.py took 0.116 seconds
[2024-07-13T00:39:57.285+0000] {processor.py:161} INFO - Started process (PID=242) to work on /home/airflow/.local/lib/python3.11/site-packages/airflow/example_dags/example_time_delta_sensor_async.py
[2024-07-13T00:39:57.287+0000] {processor.py:830} INFO - Processing file /home/airflow/.local/lib/python3.11/site-packages/airflow/example_dags/example_time_delta_sensor_async.py for tasks to queue
[2024-07-13T00:39:57.291+0000] {logging_mixin.py:188} INFO - [2024-07-13T00:39:57.290+0000] {dagbag.py:545} INFO - Filling up the DagBag from /home/airflow/.local/lib/python3.11/site-packages/airflow/example_dags/example_time_delta_sensor_async.py
[2024-07-13T00:39:57.301+0000] {processor.py:840} INFO - DAG(s) 'example_time_delta_sensor_async' retrieved from /home/airflow/.local/lib/python3.11/site-packages/airflow/example_dags/example_time_delta_sensor_async.py
[2024-07-13T00:39:57.345+0000] {logging_mixin.py:188} INFO - [2024-07-13T00:39:57.344+0000] {dag.py:3096} INFO - Sync 1 DAGs
[2024-07-13T00:39:57.365+0000] {logging_mixin.py:188} INFO - [2024-07-13T00:39:57.365+0000] {dag.py:3954} INFO - Setting next_dagrun for example_time_delta_sensor_async to None, run_after=None
[2024-07-13T00:39:57.393+0000] {processor.py:183} INFO - Processing /home/airflow/.local/lib/python3.11/site-packages/airflow/example_dags/example_time_delta_sensor_async.py took 0.120 seconds
[2024-07-13T00:40:30.129+0000] {processor.py:161} INFO - Started process (PID=304) to work on /home/airflow/.local/lib/python3.11/site-packages/airflow/example_dags/example_time_delta_sensor_async.py
[2024-07-13T00:40:30.131+0000] {processor.py:830} INFO - Processing file /home/airflow/.local/lib/python3.11/site-packages/airflow/example_dags/example_time_delta_sensor_async.py for tasks to queue
[2024-07-13T00:40:30.135+0000] {logging_mixin.py:188} INFO - [2024-07-13T00:40:30.134+0000] {dagbag.py:545} INFO - Filling up the DagBag from /home/airflow/.local/lib/python3.11/site-packages/airflow/example_dags/example_time_delta_sensor_async.py
[2024-07-13T00:40:30.145+0000] {processor.py:840} INFO - DAG(s) 'example_time_delta_sensor_async' retrieved from /home/airflow/.local/lib/python3.11/site-packages/airflow/example_dags/example_time_delta_sensor_async.py
[2024-07-13T00:40:30.182+0000] {logging_mixin.py:188} INFO - [2024-07-13T00:40:30.181+0000] {dag.py:3096} INFO - Sync 1 DAGs
[2024-07-13T00:40:30.202+0000] {logging_mixin.py:188} INFO - [2024-07-13T00:40:30.201+0000] {dag.py:3954} INFO - Setting next_dagrun for example_time_delta_sensor_async to None, run_after=None
[2024-07-13T00:40:30.233+0000] {processor.py:183} INFO - Processing /home/airflow/.local/lib/python3.11/site-packages/airflow/example_dags/example_time_delta_sensor_async.py took 0.115 seconds
[2024-07-13T00:41:10.178+0000] {processor.py:161} INFO - Started process (PID=370) to work on /home/airflow/.local/lib/python3.11/site-packages/airflow/example_dags/example_time_delta_sensor_async.py
[2024-07-13T00:41:10.184+0000] {processor.py:830} INFO - Processing file /home/airflow/.local/lib/python3.11/site-packages/airflow/example_dags/example_time_delta_sensor_async.py for tasks to queue
[2024-07-13T00:41:10.194+0000] {logging_mixin.py:188} INFO - [2024-07-13T00:41:10.192+0000] {dagbag.py:545} INFO - Filling up the DagBag from /home/airflow/.local/lib/python3.11/site-packages/airflow/example_dags/example_time_delta_sensor_async.py
[2024-07-13T00:41:10.219+0000] {processor.py:840} INFO - DAG(s) 'example_time_delta_sensor_async' retrieved from /home/airflow/.local/lib/python3.11/site-packages/airflow/example_dags/example_time_delta_sensor_async.py
[2024-07-13T00:41:10.325+0000] {logging_mixin.py:188} INFO - [2024-07-13T00:41:10.323+0000] {dag.py:3096} INFO - Sync 1 DAGs
[2024-07-13T00:41:10.384+0000] {logging_mixin.py:188} INFO - [2024-07-13T00:41:10.383+0000] {dag.py:3954} INFO - Setting next_dagrun for example_time_delta_sensor_async to None, run_after=None
[2024-07-13T00:41:10.442+0000] {processor.py:183} INFO - Processing /home/airflow/.local/lib/python3.11/site-packages/airflow/example_dags/example_time_delta_sensor_async.py took 0.302 seconds
[2024-07-13T00:41:42.050+0000] {processor.py:161} INFO - Started process (PID=431) to work on /home/airflow/.local/lib/python3.11/site-packages/airflow/example_dags/example_time_delta_sensor_async.py
[2024-07-13T00:41:42.052+0000] {processor.py:830} INFO - Processing file /home/airflow/.local/lib/python3.11/site-packages/airflow/example_dags/example_time_delta_sensor_async.py for tasks to queue
[2024-07-13T00:41:42.056+0000] {logging_mixin.py:188} INFO - [2024-07-13T00:41:42.055+0000] {dagbag.py:545} INFO - Filling up the DagBag from /home/airflow/.local/lib/python3.11/site-packages/airflow/example_dags/example_time_delta_sensor_async.py
[2024-07-13T00:41:42.066+0000] {processor.py:840} INFO - DAG(s) 'example_time_delta_sensor_async' retrieved from /home/airflow/.local/lib/python3.11/site-packages/airflow/example_dags/example_time_delta_sensor_async.py
[2024-07-13T00:41:42.107+0000] {logging_mixin.py:188} INFO - [2024-07-13T00:41:42.106+0000] {dag.py:3096} INFO - Sync 1 DAGs
[2024-07-13T00:41:42.129+0000] {logging_mixin.py:188} INFO - [2024-07-13T00:41:42.128+0000] {dag.py:3954} INFO - Setting next_dagrun for example_time_delta_sensor_async to None, run_after=None
[2024-07-13T00:41:42.161+0000] {processor.py:183} INFO - Processing /home/airflow/.local/lib/python3.11/site-packages/airflow/example_dags/example_time_delta_sensor_async.py took 0.126 seconds
[2024-07-13T00:42:16.058+0000] {processor.py:161} INFO - Started process (PID=493) to work on /home/airflow/.local/lib/python3.11/site-packages/airflow/example_dags/example_time_delta_sensor_async.py
[2024-07-13T00:42:16.060+0000] {processor.py:830} INFO - Processing file /home/airflow/.local/lib/python3.11/site-packages/airflow/example_dags/example_time_delta_sensor_async.py for tasks to queue
[2024-07-13T00:42:16.063+0000] {logging_mixin.py:188} INFO - [2024-07-13T00:42:16.062+0000] {dagbag.py:545} INFO - Filling up the DagBag from /home/airflow/.local/lib/python3.11/site-packages/airflow/example_dags/example_time_delta_sensor_async.py
[2024-07-13T00:42:16.073+0000] {processor.py:840} INFO - DAG(s) 'example_time_delta_sensor_async' retrieved from /home/airflow/.local/lib/python3.11/site-packages/airflow/example_dags/example_time_delta_sensor_async.py
[2024-07-13T00:42:16.119+0000] {logging_mixin.py:188} INFO - [2024-07-13T00:42:16.118+0000] {dag.py:3096} INFO - Sync 1 DAGs
[2024-07-13T00:42:16.147+0000] {logging_mixin.py:188} INFO - [2024-07-13T00:42:16.146+0000] {dag.py:3954} INFO - Setting next_dagrun for example_time_delta_sensor_async to None, run_after=None
[2024-07-13T00:42:16.185+0000] {processor.py:183} INFO - Processing /home/airflow/.local/lib/python3.11/site-packages/airflow/example_dags/example_time_delta_sensor_async.py took 0.139 seconds
[2024-07-13T00:44:03.666+0000] {processor.py:161} INFO - Started process (PID=57) to work on /home/airflow/.local/lib/python3.11/site-packages/airflow/example_dags/example_time_delta_sensor_async.py
[2024-07-13T00:44:03.669+0000] {processor.py:830} INFO - Processing file /home/airflow/.local/lib/python3.11/site-packages/airflow/example_dags/example_time_delta_sensor_async.py for tasks to queue
[2024-07-13T00:44:03.673+0000] {logging_mixin.py:188} INFO - [2024-07-13T00:44:03.672+0000] {dagbag.py:545} INFO - Filling up the DagBag from /home/airflow/.local/lib/python3.11/site-packages/airflow/example_dags/example_time_delta_sensor_async.py
[2024-07-13T00:44:03.685+0000] {processor.py:840} INFO - DAG(s) 'example_time_delta_sensor_async' retrieved from /home/airflow/.local/lib/python3.11/site-packages/airflow/example_dags/example_time_delta_sensor_async.py
[2024-07-13T00:44:03.922+0000] {logging_mixin.py:188} INFO - [2024-07-13T00:44:03.921+0000] {dag.py:3096} INFO - Sync 1 DAGs
[2024-07-13T00:44:03.944+0000] {logging_mixin.py:188} INFO - [2024-07-13T00:44:03.944+0000] {dag.py:3954} INFO - Setting next_dagrun for example_time_delta_sensor_async to None, run_after=None
[2024-07-13T00:44:03.982+0000] {processor.py:183} INFO - Processing /home/airflow/.local/lib/python3.11/site-packages/airflow/example_dags/example_time_delta_sensor_async.py took 0.331 seconds
[2024-07-13T00:44:34.246+0000] {processor.py:161} INFO - Started process (PID=119) to work on /home/airflow/.local/lib/python3.11/site-packages/airflow/example_dags/example_time_delta_sensor_async.py
[2024-07-13T00:44:34.247+0000] {processor.py:830} INFO - Processing file /home/airflow/.local/lib/python3.11/site-packages/airflow/example_dags/example_time_delta_sensor_async.py for tasks to queue
[2024-07-13T00:44:34.250+0000] {logging_mixin.py:188} INFO - [2024-07-13T00:44:34.250+0000] {dagbag.py:545} INFO - Filling up the DagBag from /home/airflow/.local/lib/python3.11/site-packages/airflow/example_dags/example_time_delta_sensor_async.py
[2024-07-13T00:44:34.259+0000] {processor.py:840} INFO - DAG(s) 'example_time_delta_sensor_async' retrieved from /home/airflow/.local/lib/python3.11/site-packages/airflow/example_dags/example_time_delta_sensor_async.py
[2024-07-13T00:44:34.297+0000] {logging_mixin.py:188} INFO - [2024-07-13T00:44:34.296+0000] {dag.py:3096} INFO - Sync 1 DAGs
[2024-07-13T00:44:34.318+0000] {logging_mixin.py:188} INFO - [2024-07-13T00:44:34.318+0000] {dag.py:3954} INFO - Setting next_dagrun for example_time_delta_sensor_async to None, run_after=None
[2024-07-13T00:44:34.346+0000] {processor.py:183} INFO - Processing /home/airflow/.local/lib/python3.11/site-packages/airflow/example_dags/example_time_delta_sensor_async.py took 0.112 seconds
[2024-07-13T00:45:06.822+0000] {processor.py:161} INFO - Started process (PID=180) to work on /home/airflow/.local/lib/python3.11/site-packages/airflow/example_dags/example_time_delta_sensor_async.py
[2024-07-13T00:45:06.824+0000] {processor.py:830} INFO - Processing file /home/airflow/.local/lib/python3.11/site-packages/airflow/example_dags/example_time_delta_sensor_async.py for tasks to queue
[2024-07-13T00:45:06.827+0000] {logging_mixin.py:188} INFO - [2024-07-13T00:45:06.826+0000] {dagbag.py:545} INFO - Filling up the DagBag from /home/airflow/.local/lib/python3.11/site-packages/airflow/example_dags/example_time_delta_sensor_async.py
[2024-07-13T00:45:06.837+0000] {processor.py:840} INFO - DAG(s) 'example_time_delta_sensor_async' retrieved from /home/airflow/.local/lib/python3.11/site-packages/airflow/example_dags/example_time_delta_sensor_async.py
[2024-07-13T00:45:06.872+0000] {logging_mixin.py:188} INFO - [2024-07-13T00:45:06.871+0000] {dag.py:3096} INFO - Sync 1 DAGs
[2024-07-13T00:45:06.898+0000] {logging_mixin.py:188} INFO - [2024-07-13T00:45:06.898+0000] {dag.py:3954} INFO - Setting next_dagrun for example_time_delta_sensor_async to None, run_after=None
[2024-07-13T00:45:06.925+0000] {processor.py:183} INFO - Processing /home/airflow/.local/lib/python3.11/site-packages/airflow/example_dags/example_time_delta_sensor_async.py took 0.115 seconds
[2024-07-13T00:45:39.773+0000] {processor.py:161} INFO - Started process (PID=242) to work on /home/airflow/.local/lib/python3.11/site-packages/airflow/example_dags/example_time_delta_sensor_async.py
[2024-07-13T00:45:39.775+0000] {processor.py:830} INFO - Processing file /home/airflow/.local/lib/python3.11/site-packages/airflow/example_dags/example_time_delta_sensor_async.py for tasks to queue
[2024-07-13T00:45:39.778+0000] {logging_mixin.py:188} INFO - [2024-07-13T00:45:39.778+0000] {dagbag.py:545} INFO - Filling up the DagBag from /home/airflow/.local/lib/python3.11/site-packages/airflow/example_dags/example_time_delta_sensor_async.py
[2024-07-13T00:45:39.787+0000] {processor.py:840} INFO - DAG(s) 'example_time_delta_sensor_async' retrieved from /home/airflow/.local/lib/python3.11/site-packages/airflow/example_dags/example_time_delta_sensor_async.py
[2024-07-13T00:45:39.824+0000] {logging_mixin.py:188} INFO - [2024-07-13T00:45:39.823+0000] {dag.py:3096} INFO - Sync 1 DAGs
[2024-07-13T00:45:39.844+0000] {logging_mixin.py:188} INFO - [2024-07-13T00:45:39.843+0000] {dag.py:3954} INFO - Setting next_dagrun for example_time_delta_sensor_async to None, run_after=None
[2024-07-13T00:45:39.869+0000] {processor.py:183} INFO - Processing /home/airflow/.local/lib/python3.11/site-packages/airflow/example_dags/example_time_delta_sensor_async.py took 0.110 seconds
[2024-07-13T00:46:12.475+0000] {processor.py:161} INFO - Started process (PID=303) to work on /home/airflow/.local/lib/python3.11/site-packages/airflow/example_dags/example_time_delta_sensor_async.py
[2024-07-13T00:46:12.477+0000] {processor.py:830} INFO - Processing file /home/airflow/.local/lib/python3.11/site-packages/airflow/example_dags/example_time_delta_sensor_async.py for tasks to queue
[2024-07-13T00:46:12.480+0000] {logging_mixin.py:188} INFO - [2024-07-13T00:46:12.479+0000] {dagbag.py:545} INFO - Filling up the DagBag from /home/airflow/.local/lib/python3.11/site-packages/airflow/example_dags/example_time_delta_sensor_async.py
[2024-07-13T00:46:12.488+0000] {processor.py:840} INFO - DAG(s) 'example_time_delta_sensor_async' retrieved from /home/airflow/.local/lib/python3.11/site-packages/airflow/example_dags/example_time_delta_sensor_async.py
[2024-07-13T00:46:12.522+0000] {logging_mixin.py:188} INFO - [2024-07-13T00:46:12.522+0000] {dag.py:3096} INFO - Sync 1 DAGs
[2024-07-13T00:46:12.541+0000] {logging_mixin.py:188} INFO - [2024-07-13T00:46:12.541+0000] {dag.py:3954} INFO - Setting next_dagrun for example_time_delta_sensor_async to None, run_after=None
[2024-07-13T00:46:12.569+0000] {processor.py:183} INFO - Processing /home/airflow/.local/lib/python3.11/site-packages/airflow/example_dags/example_time_delta_sensor_async.py took 0.105 seconds
[2024-07-13T00:46:45.955+0000] {processor.py:161} INFO - Started process (PID=371) to work on /home/airflow/.local/lib/python3.11/site-packages/airflow/example_dags/example_time_delta_sensor_async.py
[2024-07-13T00:46:45.957+0000] {processor.py:830} INFO - Processing file /home/airflow/.local/lib/python3.11/site-packages/airflow/example_dags/example_time_delta_sensor_async.py for tasks to queue
[2024-07-13T00:46:45.960+0000] {logging_mixin.py:188} INFO - [2024-07-13T00:46:45.960+0000] {dagbag.py:545} INFO - Filling up the DagBag from /home/airflow/.local/lib/python3.11/site-packages/airflow/example_dags/example_time_delta_sensor_async.py
[2024-07-13T00:46:45.968+0000] {processor.py:840} INFO - DAG(s) 'example_time_delta_sensor_async' retrieved from /home/airflow/.local/lib/python3.11/site-packages/airflow/example_dags/example_time_delta_sensor_async.py
[2024-07-13T00:46:46.002+0000] {logging_mixin.py:188} INFO - [2024-07-13T00:46:46.001+0000] {dag.py:3096} INFO - Sync 1 DAGs
[2024-07-13T00:46:46.021+0000] {logging_mixin.py:188} INFO - [2024-07-13T00:46:46.020+0000] {dag.py:3954} INFO - Setting next_dagrun for example_time_delta_sensor_async to None, run_after=None
[2024-07-13T00:46:46.046+0000] {processor.py:183} INFO - Processing /home/airflow/.local/lib/python3.11/site-packages/airflow/example_dags/example_time_delta_sensor_async.py took 0.103 seconds
[2024-07-13T00:47:19.487+0000] {processor.py:161} INFO - Started process (PID=432) to work on /home/airflow/.local/lib/python3.11/site-packages/airflow/example_dags/example_time_delta_sensor_async.py
[2024-07-13T00:47:19.490+0000] {processor.py:830} INFO - Processing file /home/airflow/.local/lib/python3.11/site-packages/airflow/example_dags/example_time_delta_sensor_async.py for tasks to queue
[2024-07-13T00:47:19.493+0000] {logging_mixin.py:188} INFO - [2024-07-13T00:47:19.492+0000] {dagbag.py:545} INFO - Filling up the DagBag from /home/airflow/.local/lib/python3.11/site-packages/airflow/example_dags/example_time_delta_sensor_async.py
[2024-07-13T00:47:19.502+0000] {processor.py:840} INFO - DAG(s) 'example_time_delta_sensor_async' retrieved from /home/airflow/.local/lib/python3.11/site-packages/airflow/example_dags/example_time_delta_sensor_async.py
[2024-07-13T00:47:19.542+0000] {logging_mixin.py:188} INFO - [2024-07-13T00:47:19.541+0000] {dag.py:3096} INFO - Sync 1 DAGs
[2024-07-13T00:47:19.565+0000] {logging_mixin.py:188} INFO - [2024-07-13T00:47:19.565+0000] {dag.py:3954} INFO - Setting next_dagrun for example_time_delta_sensor_async to None, run_after=None
[2024-07-13T00:47:19.593+0000] {processor.py:183} INFO - Processing /home/airflow/.local/lib/python3.11/site-packages/airflow/example_dags/example_time_delta_sensor_async.py took 0.118 seconds
[2024-07-13T00:47:56.449+0000] {processor.py:161} INFO - Started process (PID=493) to work on /home/airflow/.local/lib/python3.11/site-packages/airflow/example_dags/example_time_delta_sensor_async.py
[2024-07-13T00:47:56.451+0000] {processor.py:830} INFO - Processing file /home/airflow/.local/lib/python3.11/site-packages/airflow/example_dags/example_time_delta_sensor_async.py for tasks to queue
[2024-07-13T00:47:56.455+0000] {logging_mixin.py:188} INFO - [2024-07-13T00:47:56.454+0000] {dagbag.py:545} INFO - Filling up the DagBag from /home/airflow/.local/lib/python3.11/site-packages/airflow/example_dags/example_time_delta_sensor_async.py
[2024-07-13T00:47:56.467+0000] {processor.py:840} INFO - DAG(s) 'example_time_delta_sensor_async' retrieved from /home/airflow/.local/lib/python3.11/site-packages/airflow/example_dags/example_time_delta_sensor_async.py
[2024-07-13T00:47:56.515+0000] {logging_mixin.py:188} INFO - [2024-07-13T00:47:56.514+0000] {dag.py:3096} INFO - Sync 1 DAGs
[2024-07-13T00:47:56.541+0000] {logging_mixin.py:188} INFO - [2024-07-13T00:47:56.540+0000] {dag.py:3954} INFO - Setting next_dagrun for example_time_delta_sensor_async to None, run_after=None
[2024-07-13T00:47:56.576+0000] {processor.py:183} INFO - Processing /home/airflow/.local/lib/python3.11/site-packages/airflow/example_dags/example_time_delta_sensor_async.py took 0.141 seconds
[2024-07-13T00:48:31.005+0000] {processor.py:161} INFO - Started process (PID=555) to work on /home/airflow/.local/lib/python3.11/site-packages/airflow/example_dags/example_time_delta_sensor_async.py
[2024-07-13T00:48:31.007+0000] {processor.py:830} INFO - Processing file /home/airflow/.local/lib/python3.11/site-packages/airflow/example_dags/example_time_delta_sensor_async.py for tasks to queue
[2024-07-13T00:48:31.010+0000] {logging_mixin.py:188} INFO - [2024-07-13T00:48:31.009+0000] {dagbag.py:545} INFO - Filling up the DagBag from /home/airflow/.local/lib/python3.11/site-packages/airflow/example_dags/example_time_delta_sensor_async.py
[2024-07-13T00:48:31.020+0000] {processor.py:840} INFO - DAG(s) 'example_time_delta_sensor_async' retrieved from /home/airflow/.local/lib/python3.11/site-packages/airflow/example_dags/example_time_delta_sensor_async.py
[2024-07-13T00:48:31.055+0000] {logging_mixin.py:188} INFO - [2024-07-13T00:48:31.055+0000] {dag.py:3096} INFO - Sync 1 DAGs
[2024-07-13T00:48:31.078+0000] {logging_mixin.py:188} INFO - [2024-07-13T00:48:31.078+0000] {dag.py:3954} INFO - Setting next_dagrun for example_time_delta_sensor_async to None, run_after=None
[2024-07-13T00:48:31.108+0000] {processor.py:183} INFO - Processing /home/airflow/.local/lib/python3.11/site-packages/airflow/example_dags/example_time_delta_sensor_async.py took 0.115 seconds
[2024-07-13T00:49:05.853+0000] {processor.py:161} INFO - Started process (PID=619) to work on /home/airflow/.local/lib/python3.11/site-packages/airflow/example_dags/example_time_delta_sensor_async.py
[2024-07-13T00:49:05.855+0000] {processor.py:830} INFO - Processing file /home/airflow/.local/lib/python3.11/site-packages/airflow/example_dags/example_time_delta_sensor_async.py for tasks to queue
[2024-07-13T00:49:05.858+0000] {logging_mixin.py:188} INFO - [2024-07-13T00:49:05.857+0000] {dagbag.py:545} INFO - Filling up the DagBag from /home/airflow/.local/lib/python3.11/site-packages/airflow/example_dags/example_time_delta_sensor_async.py
[2024-07-13T00:49:05.866+0000] {processor.py:840} INFO - DAG(s) 'example_time_delta_sensor_async' retrieved from /home/airflow/.local/lib/python3.11/site-packages/airflow/example_dags/example_time_delta_sensor_async.py
[2024-07-13T00:49:05.908+0000] {logging_mixin.py:188} INFO - [2024-07-13T00:49:05.908+0000] {dag.py:3096} INFO - Sync 1 DAGs
[2024-07-13T00:49:05.929+0000] {logging_mixin.py:188} INFO - [2024-07-13T00:49:05.929+0000] {dag.py:3954} INFO - Setting next_dagrun for example_time_delta_sensor_async to None, run_after=None
[2024-07-13T00:49:05.959+0000] {processor.py:183} INFO - Processing /home/airflow/.local/lib/python3.11/site-packages/airflow/example_dags/example_time_delta_sensor_async.py took 0.118 seconds
[2024-07-13T00:49:39.628+0000] {processor.py:161} INFO - Started process (PID=681) to work on /home/airflow/.local/lib/python3.11/site-packages/airflow/example_dags/example_time_delta_sensor_async.py
[2024-07-13T00:49:39.631+0000] {processor.py:830} INFO - Processing file /home/airflow/.local/lib/python3.11/site-packages/airflow/example_dags/example_time_delta_sensor_async.py for tasks to queue
[2024-07-13T00:49:39.634+0000] {logging_mixin.py:188} INFO - [2024-07-13T00:49:39.634+0000] {dagbag.py:545} INFO - Filling up the DagBag from /home/airflow/.local/lib/python3.11/site-packages/airflow/example_dags/example_time_delta_sensor_async.py
[2024-07-13T00:49:39.645+0000] {processor.py:840} INFO - DAG(s) 'example_time_delta_sensor_async' retrieved from /home/airflow/.local/lib/python3.11/site-packages/airflow/example_dags/example_time_delta_sensor_async.py
[2024-07-13T00:49:39.690+0000] {logging_mixin.py:188} INFO - [2024-07-13T00:49:39.689+0000] {dag.py:3096} INFO - Sync 1 DAGs
[2024-07-13T00:49:39.716+0000] {logging_mixin.py:188} INFO - [2024-07-13T00:49:39.716+0000] {dag.py:3954} INFO - Setting next_dagrun for example_time_delta_sensor_async to None, run_after=None
[2024-07-13T00:49:39.752+0000] {processor.py:183} INFO - Processing /home/airflow/.local/lib/python3.11/site-packages/airflow/example_dags/example_time_delta_sensor_async.py took 0.139 seconds
[2024-07-13T00:50:13.927+0000] {processor.py:161} INFO - Started process (PID=747) to work on /home/airflow/.local/lib/python3.11/site-packages/airflow/example_dags/example_time_delta_sensor_async.py
[2024-07-13T00:50:13.928+0000] {processor.py:830} INFO - Processing file /home/airflow/.local/lib/python3.11/site-packages/airflow/example_dags/example_time_delta_sensor_async.py for tasks to queue
[2024-07-13T00:50:13.933+0000] {logging_mixin.py:188} INFO - [2024-07-13T00:50:13.932+0000] {dagbag.py:545} INFO - Filling up the DagBag from /home/airflow/.local/lib/python3.11/site-packages/airflow/example_dags/example_time_delta_sensor_async.py
[2024-07-13T00:50:13.944+0000] {processor.py:840} INFO - DAG(s) 'example_time_delta_sensor_async' retrieved from /home/airflow/.local/lib/python3.11/site-packages/airflow/example_dags/example_time_delta_sensor_async.py
[2024-07-13T00:50:13.990+0000] {logging_mixin.py:188} INFO - [2024-07-13T00:50:13.989+0000] {dag.py:3096} INFO - Sync 1 DAGs
[2024-07-13T00:50:14.014+0000] {logging_mixin.py:188} INFO - [2024-07-13T00:50:14.014+0000] {dag.py:3954} INFO - Setting next_dagrun for example_time_delta_sensor_async to None, run_after=None
[2024-07-13T00:50:14.048+0000] {processor.py:183} INFO - Processing /home/airflow/.local/lib/python3.11/site-packages/airflow/example_dags/example_time_delta_sensor_async.py took 0.136 seconds
[2024-07-13T00:50:47.169+0000] {processor.py:161} INFO - Started process (PID=815) to work on /home/airflow/.local/lib/python3.11/site-packages/airflow/example_dags/example_time_delta_sensor_async.py
[2024-07-13T00:50:47.171+0000] {processor.py:830} INFO - Processing file /home/airflow/.local/lib/python3.11/site-packages/airflow/example_dags/example_time_delta_sensor_async.py for tasks to queue
[2024-07-13T00:50:47.175+0000] {logging_mixin.py:188} INFO - [2024-07-13T00:50:47.174+0000] {dagbag.py:545} INFO - Filling up the DagBag from /home/airflow/.local/lib/python3.11/site-packages/airflow/example_dags/example_time_delta_sensor_async.py
[2024-07-13T00:50:47.186+0000] {processor.py:840} INFO - DAG(s) 'example_time_delta_sensor_async' retrieved from /home/airflow/.local/lib/python3.11/site-packages/airflow/example_dags/example_time_delta_sensor_async.py
[2024-07-13T00:50:47.230+0000] {logging_mixin.py:188} INFO - [2024-07-13T00:50:47.229+0000] {dag.py:3096} INFO - Sync 1 DAGs
[2024-07-13T00:50:47.253+0000] {logging_mixin.py:188} INFO - [2024-07-13T00:50:47.253+0000] {dag.py:3954} INFO - Setting next_dagrun for example_time_delta_sensor_async to None, run_after=None
[2024-07-13T00:50:47.279+0000] {processor.py:183} INFO - Processing /home/airflow/.local/lib/python3.11/site-packages/airflow/example_dags/example_time_delta_sensor_async.py took 0.125 seconds
[2024-07-13T00:51:20.542+0000] {processor.py:161} INFO - Started process (PID=877) to work on /home/airflow/.local/lib/python3.11/site-packages/airflow/example_dags/example_time_delta_sensor_async.py
[2024-07-13T00:51:20.544+0000] {processor.py:830} INFO - Processing file /home/airflow/.local/lib/python3.11/site-packages/airflow/example_dags/example_time_delta_sensor_async.py for tasks to queue
[2024-07-13T00:51:20.547+0000] {logging_mixin.py:188} INFO - [2024-07-13T00:51:20.547+0000] {dagbag.py:545} INFO - Filling up the DagBag from /home/airflow/.local/lib/python3.11/site-packages/airflow/example_dags/example_time_delta_sensor_async.py
[2024-07-13T00:51:20.557+0000] {processor.py:840} INFO - DAG(s) 'example_time_delta_sensor_async' retrieved from /home/airflow/.local/lib/python3.11/site-packages/airflow/example_dags/example_time_delta_sensor_async.py
[2024-07-13T00:51:20.599+0000] {logging_mixin.py:188} INFO - [2024-07-13T00:51:20.598+0000] {dag.py:3096} INFO - Sync 1 DAGs
[2024-07-13T00:51:20.620+0000] {logging_mixin.py:188} INFO - [2024-07-13T00:51:20.620+0000] {dag.py:3954} INFO - Setting next_dagrun for example_time_delta_sensor_async to None, run_after=None
[2024-07-13T00:51:20.649+0000] {processor.py:183} INFO - Processing /home/airflow/.local/lib/python3.11/site-packages/airflow/example_dags/example_time_delta_sensor_async.py took 0.118 seconds
[2024-07-13T00:51:53.691+0000] {processor.py:161} INFO - Started process (PID=939) to work on /home/airflow/.local/lib/python3.11/site-packages/airflow/example_dags/example_time_delta_sensor_async.py
[2024-07-13T00:51:53.693+0000] {processor.py:830} INFO - Processing file /home/airflow/.local/lib/python3.11/site-packages/airflow/example_dags/example_time_delta_sensor_async.py for tasks to queue
[2024-07-13T00:51:53.696+0000] {logging_mixin.py:188} INFO - [2024-07-13T00:51:53.696+0000] {dagbag.py:545} INFO - Filling up the DagBag from /home/airflow/.local/lib/python3.11/site-packages/airflow/example_dags/example_time_delta_sensor_async.py
[2024-07-13T00:51:53.705+0000] {processor.py:840} INFO - DAG(s) 'example_time_delta_sensor_async' retrieved from /home/airflow/.local/lib/python3.11/site-packages/airflow/example_dags/example_time_delta_sensor_async.py
[2024-07-13T00:51:53.740+0000] {logging_mixin.py:188} INFO - [2024-07-13T00:51:53.739+0000] {dag.py:3096} INFO - Sync 1 DAGs
[2024-07-13T00:51:53.761+0000] {logging_mixin.py:188} INFO - [2024-07-13T00:51:53.760+0000] {dag.py:3954} INFO - Setting next_dagrun for example_time_delta_sensor_async to None, run_after=None
[2024-07-13T00:51:53.787+0000] {processor.py:183} INFO - Processing /home/airflow/.local/lib/python3.11/site-packages/airflow/example_dags/example_time_delta_sensor_async.py took 0.111 seconds
[2024-07-13T00:52:26.769+0000] {processor.py:161} INFO - Started process (PID=1002) to work on /home/airflow/.local/lib/python3.11/site-packages/airflow/example_dags/example_time_delta_sensor_async.py
[2024-07-13T00:52:26.771+0000] {processor.py:830} INFO - Processing file /home/airflow/.local/lib/python3.11/site-packages/airflow/example_dags/example_time_delta_sensor_async.py for tasks to queue
[2024-07-13T00:52:26.775+0000] {logging_mixin.py:188} INFO - [2024-07-13T00:52:26.774+0000] {dagbag.py:545} INFO - Filling up the DagBag from /home/airflow/.local/lib/python3.11/site-packages/airflow/example_dags/example_time_delta_sensor_async.py
[2024-07-13T00:52:26.786+0000] {processor.py:840} INFO - DAG(s) 'example_time_delta_sensor_async' retrieved from /home/airflow/.local/lib/python3.11/site-packages/airflow/example_dags/example_time_delta_sensor_async.py
[2024-07-13T00:52:26.827+0000] {logging_mixin.py:188} INFO - [2024-07-13T00:52:26.826+0000] {dag.py:3096} INFO - Sync 1 DAGs
[2024-07-13T00:52:26.853+0000] {logging_mixin.py:188} INFO - [2024-07-13T00:52:26.852+0000] {dag.py:3954} INFO - Setting next_dagrun for example_time_delta_sensor_async to None, run_after=None
[2024-07-13T00:52:26.885+0000] {processor.py:183} INFO - Processing /home/airflow/.local/lib/python3.11/site-packages/airflow/example_dags/example_time_delta_sensor_async.py took 0.130 seconds
[2024-07-13T00:52:59.370+0000] {processor.py:161} INFO - Started process (PID=1065) to work on /home/airflow/.local/lib/python3.11/site-packages/airflow/example_dags/example_time_delta_sensor_async.py
[2024-07-13T00:52:59.372+0000] {processor.py:830} INFO - Processing file /home/airflow/.local/lib/python3.11/site-packages/airflow/example_dags/example_time_delta_sensor_async.py for tasks to queue
[2024-07-13T00:52:59.376+0000] {logging_mixin.py:188} INFO - [2024-07-13T00:52:59.375+0000] {dagbag.py:545} INFO - Filling up the DagBag from /home/airflow/.local/lib/python3.11/site-packages/airflow/example_dags/example_time_delta_sensor_async.py
[2024-07-13T00:52:59.385+0000] {processor.py:840} INFO - DAG(s) 'example_time_delta_sensor_async' retrieved from /home/airflow/.local/lib/python3.11/site-packages/airflow/example_dags/example_time_delta_sensor_async.py
[2024-07-13T00:52:59.427+0000] {logging_mixin.py:188} INFO - [2024-07-13T00:52:59.426+0000] {dag.py:3096} INFO - Sync 1 DAGs
[2024-07-13T00:52:59.452+0000] {logging_mixin.py:188} INFO - [2024-07-13T00:52:59.452+0000] {dag.py:3954} INFO - Setting next_dagrun for example_time_delta_sensor_async to None, run_after=None
[2024-07-13T00:52:59.483+0000] {processor.py:183} INFO - Processing /home/airflow/.local/lib/python3.11/site-packages/airflow/example_dags/example_time_delta_sensor_async.py took 0.127 seconds
[2024-07-13T00:53:32.363+0000] {processor.py:161} INFO - Started process (PID=1127) to work on /home/airflow/.local/lib/python3.11/site-packages/airflow/example_dags/example_time_delta_sensor_async.py
[2024-07-13T00:53:32.366+0000] {processor.py:830} INFO - Processing file /home/airflow/.local/lib/python3.11/site-packages/airflow/example_dags/example_time_delta_sensor_async.py for tasks to queue
[2024-07-13T00:53:32.371+0000] {logging_mixin.py:188} INFO - [2024-07-13T00:53:32.370+0000] {dagbag.py:545} INFO - Filling up the DagBag from /home/airflow/.local/lib/python3.11/site-packages/airflow/example_dags/example_time_delta_sensor_async.py
[2024-07-13T00:53:32.385+0000] {processor.py:840} INFO - DAG(s) 'example_time_delta_sensor_async' retrieved from /home/airflow/.local/lib/python3.11/site-packages/airflow/example_dags/example_time_delta_sensor_async.py
[2024-07-13T00:53:32.439+0000] {logging_mixin.py:188} INFO - [2024-07-13T00:53:32.438+0000] {dag.py:3096} INFO - Sync 1 DAGs
[2024-07-13T00:53:32.467+0000] {logging_mixin.py:188} INFO - [2024-07-13T00:53:32.466+0000] {dag.py:3954} INFO - Setting next_dagrun for example_time_delta_sensor_async to None, run_after=None
[2024-07-13T00:53:32.504+0000] {processor.py:183} INFO - Processing /home/airflow/.local/lib/python3.11/site-packages/airflow/example_dags/example_time_delta_sensor_async.py took 0.159 seconds
[2024-07-13T00:54:05.027+0000] {processor.py:161} INFO - Started process (PID=1189) to work on /home/airflow/.local/lib/python3.11/site-packages/airflow/example_dags/example_time_delta_sensor_async.py
[2024-07-13T00:54:05.029+0000] {processor.py:830} INFO - Processing file /home/airflow/.local/lib/python3.11/site-packages/airflow/example_dags/example_time_delta_sensor_async.py for tasks to queue
[2024-07-13T00:54:05.033+0000] {logging_mixin.py:188} INFO - [2024-07-13T00:54:05.032+0000] {dagbag.py:545} INFO - Filling up the DagBag from /home/airflow/.local/lib/python3.11/site-packages/airflow/example_dags/example_time_delta_sensor_async.py
[2024-07-13T00:54:05.042+0000] {processor.py:840} INFO - DAG(s) 'example_time_delta_sensor_async' retrieved from /home/airflow/.local/lib/python3.11/site-packages/airflow/example_dags/example_time_delta_sensor_async.py
[2024-07-13T00:54:05.082+0000] {logging_mixin.py:188} INFO - [2024-07-13T00:54:05.081+0000] {dag.py:3096} INFO - Sync 1 DAGs
[2024-07-13T00:54:05.105+0000] {logging_mixin.py:188} INFO - [2024-07-13T00:54:05.104+0000] {dag.py:3954} INFO - Setting next_dagrun for example_time_delta_sensor_async to None, run_after=None
[2024-07-13T00:54:05.140+0000] {processor.py:183} INFO - Processing /home/airflow/.local/lib/python3.11/site-packages/airflow/example_dags/example_time_delta_sensor_async.py took 0.124 seconds
[2024-07-13T00:54:38.189+0000] {processor.py:161} INFO - Started process (PID=1251) to work on /home/airflow/.local/lib/python3.11/site-packages/airflow/example_dags/example_time_delta_sensor_async.py
[2024-07-13T00:54:38.191+0000] {processor.py:830} INFO - Processing file /home/airflow/.local/lib/python3.11/site-packages/airflow/example_dags/example_time_delta_sensor_async.py for tasks to queue
[2024-07-13T00:54:38.195+0000] {logging_mixin.py:188} INFO - [2024-07-13T00:54:38.194+0000] {dagbag.py:545} INFO - Filling up the DagBag from /home/airflow/.local/lib/python3.11/site-packages/airflow/example_dags/example_time_delta_sensor_async.py
[2024-07-13T00:54:38.204+0000] {processor.py:840} INFO - DAG(s) 'example_time_delta_sensor_async' retrieved from /home/airflow/.local/lib/python3.11/site-packages/airflow/example_dags/example_time_delta_sensor_async.py
[2024-07-13T00:54:38.245+0000] {logging_mixin.py:188} INFO - [2024-07-13T00:54:38.244+0000] {dag.py:3096} INFO - Sync 1 DAGs
[2024-07-13T00:54:38.266+0000] {logging_mixin.py:188} INFO - [2024-07-13T00:54:38.266+0000] {dag.py:3954} INFO - Setting next_dagrun for example_time_delta_sensor_async to None, run_after=None
[2024-07-13T00:54:38.301+0000] {processor.py:183} INFO - Processing /home/airflow/.local/lib/python3.11/site-packages/airflow/example_dags/example_time_delta_sensor_async.py took 0.125 seconds
[2024-07-13T00:55:10.880+0000] {processor.py:161} INFO - Started process (PID=1313) to work on /home/airflow/.local/lib/python3.11/site-packages/airflow/example_dags/example_time_delta_sensor_async.py
[2024-07-13T00:55:10.881+0000] {processor.py:830} INFO - Processing file /home/airflow/.local/lib/python3.11/site-packages/airflow/example_dags/example_time_delta_sensor_async.py for tasks to queue
[2024-07-13T00:55:10.885+0000] {logging_mixin.py:188} INFO - [2024-07-13T00:55:10.884+0000] {dagbag.py:545} INFO - Filling up the DagBag from /home/airflow/.local/lib/python3.11/site-packages/airflow/example_dags/example_time_delta_sensor_async.py
[2024-07-13T00:55:10.895+0000] {processor.py:840} INFO - DAG(s) 'example_time_delta_sensor_async' retrieved from /home/airflow/.local/lib/python3.11/site-packages/airflow/example_dags/example_time_delta_sensor_async.py
[2024-07-13T00:55:10.931+0000] {logging_mixin.py:188} INFO - [2024-07-13T00:55:10.930+0000] {dag.py:3096} INFO - Sync 1 DAGs
[2024-07-13T00:55:10.950+0000] {logging_mixin.py:188} INFO - [2024-07-13T00:55:10.950+0000] {dag.py:3954} INFO - Setting next_dagrun for example_time_delta_sensor_async to None, run_after=None
[2024-07-13T00:55:10.977+0000] {processor.py:183} INFO - Processing /home/airflow/.local/lib/python3.11/site-packages/airflow/example_dags/example_time_delta_sensor_async.py took 0.109 seconds
[2024-07-13T00:59:00.006+0000] {processor.py:161} INFO - Started process (PID=58) to work on /home/airflow/.local/lib/python3.11/site-packages/airflow/example_dags/example_time_delta_sensor_async.py
[2024-07-13T00:59:00.009+0000] {processor.py:830} INFO - Processing file /home/airflow/.local/lib/python3.11/site-packages/airflow/example_dags/example_time_delta_sensor_async.py for tasks to queue
[2024-07-13T00:59:00.014+0000] {logging_mixin.py:188} INFO - [2024-07-13T00:59:00.013+0000] {dagbag.py:545} INFO - Filling up the DagBag from /home/airflow/.local/lib/python3.11/site-packages/airflow/example_dags/example_time_delta_sensor_async.py
[2024-07-13T00:59:00.028+0000] {processor.py:840} INFO - DAG(s) 'example_time_delta_sensor_async' retrieved from /home/airflow/.local/lib/python3.11/site-packages/airflow/example_dags/example_time_delta_sensor_async.py
[2024-07-13T00:59:00.281+0000] {logging_mixin.py:188} INFO - [2024-07-13T00:59:00.280+0000] {dag.py:3096} INFO - Sync 1 DAGs
[2024-07-13T00:59:00.303+0000] {logging_mixin.py:188} INFO - [2024-07-13T00:59:00.303+0000] {dag.py:3954} INFO - Setting next_dagrun for example_time_delta_sensor_async to None, run_after=None
[2024-07-13T00:59:00.349+0000] {processor.py:183} INFO - Processing /home/airflow/.local/lib/python3.11/site-packages/airflow/example_dags/example_time_delta_sensor_async.py took 0.359 seconds
[2024-07-13T00:59:30.855+0000] {processor.py:161} INFO - Started process (PID=120) to work on /home/airflow/.local/lib/python3.11/site-packages/airflow/example_dags/example_time_delta_sensor_async.py
[2024-07-13T00:59:30.857+0000] {processor.py:830} INFO - Processing file /home/airflow/.local/lib/python3.11/site-packages/airflow/example_dags/example_time_delta_sensor_async.py for tasks to queue
[2024-07-13T00:59:30.860+0000] {logging_mixin.py:188} INFO - [2024-07-13T00:59:30.859+0000] {dagbag.py:545} INFO - Filling up the DagBag from /home/airflow/.local/lib/python3.11/site-packages/airflow/example_dags/example_time_delta_sensor_async.py
[2024-07-13T00:59:30.869+0000] {processor.py:840} INFO - DAG(s) 'example_time_delta_sensor_async' retrieved from /home/airflow/.local/lib/python3.11/site-packages/airflow/example_dags/example_time_delta_sensor_async.py
[2024-07-13T00:59:30.912+0000] {logging_mixin.py:188} INFO - [2024-07-13T00:59:30.911+0000] {dag.py:3096} INFO - Sync 1 DAGs
[2024-07-13T00:59:30.937+0000] {logging_mixin.py:188} INFO - [2024-07-13T00:59:30.937+0000] {dag.py:3954} INFO - Setting next_dagrun for example_time_delta_sensor_async to None, run_after=None
[2024-07-13T00:59:30.976+0000] {processor.py:183} INFO - Processing /home/airflow/.local/lib/python3.11/site-packages/airflow/example_dags/example_time_delta_sensor_async.py took 0.133 seconds
[2024-07-13T01:00:03.683+0000] {processor.py:161} INFO - Started process (PID=181) to work on /home/airflow/.local/lib/python3.11/site-packages/airflow/example_dags/example_time_delta_sensor_async.py
[2024-07-13T01:00:03.685+0000] {processor.py:830} INFO - Processing file /home/airflow/.local/lib/python3.11/site-packages/airflow/example_dags/example_time_delta_sensor_async.py for tasks to queue
[2024-07-13T01:00:03.689+0000] {logging_mixin.py:188} INFO - [2024-07-13T01:00:03.688+0000] {dagbag.py:545} INFO - Filling up the DagBag from /home/airflow/.local/lib/python3.11/site-packages/airflow/example_dags/example_time_delta_sensor_async.py
[2024-07-13T01:00:03.698+0000] {processor.py:840} INFO - DAG(s) 'example_time_delta_sensor_async' retrieved from /home/airflow/.local/lib/python3.11/site-packages/airflow/example_dags/example_time_delta_sensor_async.py
[2024-07-13T01:00:03.734+0000] {logging_mixin.py:188} INFO - [2024-07-13T01:00:03.733+0000] {dag.py:3096} INFO - Sync 1 DAGs
[2024-07-13T01:00:03.756+0000] {logging_mixin.py:188} INFO - [2024-07-13T01:00:03.755+0000] {dag.py:3954} INFO - Setting next_dagrun for example_time_delta_sensor_async to None, run_after=None
[2024-07-13T01:00:03.785+0000] {processor.py:183} INFO - Processing /home/airflow/.local/lib/python3.11/site-packages/airflow/example_dags/example_time_delta_sensor_async.py took 0.116 seconds
[2024-07-13T01:00:36.590+0000] {processor.py:161} INFO - Started process (PID=243) to work on /home/airflow/.local/lib/python3.11/site-packages/airflow/example_dags/example_time_delta_sensor_async.py
[2024-07-13T01:00:36.592+0000] {processor.py:830} INFO - Processing file /home/airflow/.local/lib/python3.11/site-packages/airflow/example_dags/example_time_delta_sensor_async.py for tasks to queue
[2024-07-13T01:00:36.595+0000] {logging_mixin.py:188} INFO - [2024-07-13T01:00:36.595+0000] {dagbag.py:545} INFO - Filling up the DagBag from /home/airflow/.local/lib/python3.11/site-packages/airflow/example_dags/example_time_delta_sensor_async.py
[2024-07-13T01:00:36.604+0000] {processor.py:840} INFO - DAG(s) 'example_time_delta_sensor_async' retrieved from /home/airflow/.local/lib/python3.11/site-packages/airflow/example_dags/example_time_delta_sensor_async.py
[2024-07-13T01:00:36.649+0000] {logging_mixin.py:188} INFO - [2024-07-13T01:00:36.648+0000] {dag.py:3096} INFO - Sync 1 DAGs
[2024-07-13T01:00:36.674+0000] {logging_mixin.py:188} INFO - [2024-07-13T01:00:36.674+0000] {dag.py:3954} INFO - Setting next_dagrun for example_time_delta_sensor_async to None, run_after=None
[2024-07-13T01:00:36.713+0000] {processor.py:183} INFO - Processing /home/airflow/.local/lib/python3.11/site-packages/airflow/example_dags/example_time_delta_sensor_async.py took 0.136 seconds
[2024-07-13T01:01:09.886+0000] {processor.py:161} INFO - Started process (PID=311) to work on /home/airflow/.local/lib/python3.11/site-packages/airflow/example_dags/example_time_delta_sensor_async.py
[2024-07-13T01:01:09.888+0000] {processor.py:830} INFO - Processing file /home/airflow/.local/lib/python3.11/site-packages/airflow/example_dags/example_time_delta_sensor_async.py for tasks to queue
[2024-07-13T01:01:09.891+0000] {logging_mixin.py:188} INFO - [2024-07-13T01:01:09.891+0000] {dagbag.py:545} INFO - Filling up the DagBag from /home/airflow/.local/lib/python3.11/site-packages/airflow/example_dags/example_time_delta_sensor_async.py
[2024-07-13T01:01:09.900+0000] {processor.py:840} INFO - DAG(s) 'example_time_delta_sensor_async' retrieved from /home/airflow/.local/lib/python3.11/site-packages/airflow/example_dags/example_time_delta_sensor_async.py
[2024-07-13T01:01:09.949+0000] {logging_mixin.py:188} INFO - [2024-07-13T01:01:09.948+0000] {dag.py:3096} INFO - Sync 1 DAGs
[2024-07-13T01:01:09.974+0000] {logging_mixin.py:188} INFO - [2024-07-13T01:01:09.974+0000] {dag.py:3954} INFO - Setting next_dagrun for example_time_delta_sensor_async to None, run_after=None
[2024-07-13T01:01:10.009+0000] {processor.py:183} INFO - Processing /home/airflow/.local/lib/python3.11/site-packages/airflow/example_dags/example_time_delta_sensor_async.py took 0.135 seconds
[2024-07-13T01:01:43.358+0000] {processor.py:161} INFO - Started process (PID=373) to work on /home/airflow/.local/lib/python3.11/site-packages/airflow/example_dags/example_time_delta_sensor_async.py
[2024-07-13T01:01:43.360+0000] {processor.py:830} INFO - Processing file /home/airflow/.local/lib/python3.11/site-packages/airflow/example_dags/example_time_delta_sensor_async.py for tasks to queue
[2024-07-13T01:01:43.364+0000] {logging_mixin.py:188} INFO - [2024-07-13T01:01:43.363+0000] {dagbag.py:545} INFO - Filling up the DagBag from /home/airflow/.local/lib/python3.11/site-packages/airflow/example_dags/example_time_delta_sensor_async.py
[2024-07-13T01:01:43.373+0000] {processor.py:840} INFO - DAG(s) 'example_time_delta_sensor_async' retrieved from /home/airflow/.local/lib/python3.11/site-packages/airflow/example_dags/example_time_delta_sensor_async.py
[2024-07-13T01:01:43.421+0000] {logging_mixin.py:188} INFO - [2024-07-13T01:01:43.420+0000] {dag.py:3096} INFO - Sync 1 DAGs
[2024-07-13T01:01:43.452+0000] {logging_mixin.py:188} INFO - [2024-07-13T01:01:43.452+0000] {dag.py:3954} INFO - Setting next_dagrun for example_time_delta_sensor_async to None, run_after=None
[2024-07-13T01:01:43.487+0000] {processor.py:183} INFO - Processing /home/airflow/.local/lib/python3.11/site-packages/airflow/example_dags/example_time_delta_sensor_async.py took 0.141 seconds
[2024-07-13T01:02:17.563+0000] {processor.py:161} INFO - Started process (PID=434) to work on /home/airflow/.local/lib/python3.11/site-packages/airflow/example_dags/example_time_delta_sensor_async.py
[2024-07-13T01:02:17.566+0000] {processor.py:830} INFO - Processing file /home/airflow/.local/lib/python3.11/site-packages/airflow/example_dags/example_time_delta_sensor_async.py for tasks to queue
[2024-07-13T01:02:17.570+0000] {logging_mixin.py:188} INFO - [2024-07-13T01:02:17.570+0000] {dagbag.py:545} INFO - Filling up the DagBag from /home/airflow/.local/lib/python3.11/site-packages/airflow/example_dags/example_time_delta_sensor_async.py
[2024-07-13T01:02:17.582+0000] {processor.py:840} INFO - DAG(s) 'example_time_delta_sensor_async' retrieved from /home/airflow/.local/lib/python3.11/site-packages/airflow/example_dags/example_time_delta_sensor_async.py
[2024-07-13T01:02:17.631+0000] {logging_mixin.py:188} INFO - [2024-07-13T01:02:17.630+0000] {dag.py:3096} INFO - Sync 1 DAGs
[2024-07-13T01:02:17.666+0000] {logging_mixin.py:188} INFO - [2024-07-13T01:02:17.666+0000] {dag.py:3954} INFO - Setting next_dagrun for example_time_delta_sensor_async to None, run_after=None
[2024-07-13T01:02:17.710+0000] {processor.py:183} INFO - Processing /home/airflow/.local/lib/python3.11/site-packages/airflow/example_dags/example_time_delta_sensor_async.py took 0.162 seconds
[2024-07-13T01:02:51.248+0000] {processor.py:161} INFO - Started process (PID=496) to work on /home/airflow/.local/lib/python3.11/site-packages/airflow/example_dags/example_time_delta_sensor_async.py
[2024-07-13T01:02:51.251+0000] {processor.py:830} INFO - Processing file /home/airflow/.local/lib/python3.11/site-packages/airflow/example_dags/example_time_delta_sensor_async.py for tasks to queue
[2024-07-13T01:02:51.256+0000] {logging_mixin.py:188} INFO - [2024-07-13T01:02:51.255+0000] {dagbag.py:545} INFO - Filling up the DagBag from /home/airflow/.local/lib/python3.11/site-packages/airflow/example_dags/example_time_delta_sensor_async.py
[2024-07-13T01:02:51.265+0000] {processor.py:840} INFO - DAG(s) 'example_time_delta_sensor_async' retrieved from /home/airflow/.local/lib/python3.11/site-packages/airflow/example_dags/example_time_delta_sensor_async.py
[2024-07-13T01:02:51.311+0000] {logging_mixin.py:188} INFO - [2024-07-13T01:02:51.310+0000] {dag.py:3096} INFO - Sync 1 DAGs
[2024-07-13T01:02:51.333+0000] {logging_mixin.py:188} INFO - [2024-07-13T01:02:51.333+0000] {dag.py:3954} INFO - Setting next_dagrun for example_time_delta_sensor_async to None, run_after=None
[2024-07-13T01:02:51.367+0000] {processor.py:183} INFO - Processing /home/airflow/.local/lib/python3.11/site-packages/airflow/example_dags/example_time_delta_sensor_async.py took 0.134 seconds
[2024-07-13T01:03:26.332+0000] {processor.py:161} INFO - Started process (PID=558) to work on /home/airflow/.local/lib/python3.11/site-packages/airflow/example_dags/example_time_delta_sensor_async.py
[2024-07-13T01:03:26.335+0000] {processor.py:830} INFO - Processing file /home/airflow/.local/lib/python3.11/site-packages/airflow/example_dags/example_time_delta_sensor_async.py for tasks to queue
[2024-07-13T01:03:26.339+0000] {logging_mixin.py:188} INFO - [2024-07-13T01:03:26.338+0000] {dagbag.py:545} INFO - Filling up the DagBag from /home/airflow/.local/lib/python3.11/site-packages/airflow/example_dags/example_time_delta_sensor_async.py
[2024-07-13T01:03:26.352+0000] {processor.py:840} INFO - DAG(s) 'example_time_delta_sensor_async' retrieved from /home/airflow/.local/lib/python3.11/site-packages/airflow/example_dags/example_time_delta_sensor_async.py
[2024-07-13T01:03:26.405+0000] {logging_mixin.py:188} INFO - [2024-07-13T01:03:26.404+0000] {dag.py:3096} INFO - Sync 1 DAGs
[2024-07-13T01:03:26.440+0000] {logging_mixin.py:188} INFO - [2024-07-13T01:03:26.440+0000] {dag.py:3954} INFO - Setting next_dagrun for example_time_delta_sensor_async to None, run_after=None
[2024-07-13T01:03:26.481+0000] {processor.py:183} INFO - Processing /home/airflow/.local/lib/python3.11/site-packages/airflow/example_dags/example_time_delta_sensor_async.py took 0.163 seconds
[2024-07-13T01:04:00.229+0000] {processor.py:161} INFO - Started process (PID=621) to work on /home/airflow/.local/lib/python3.11/site-packages/airflow/example_dags/example_time_delta_sensor_async.py
[2024-07-13T01:04:00.232+0000] {processor.py:830} INFO - Processing file /home/airflow/.local/lib/python3.11/site-packages/airflow/example_dags/example_time_delta_sensor_async.py for tasks to queue
[2024-07-13T01:04:00.236+0000] {logging_mixin.py:188} INFO - [2024-07-13T01:04:00.236+0000] {dagbag.py:545} INFO - Filling up the DagBag from /home/airflow/.local/lib/python3.11/site-packages/airflow/example_dags/example_time_delta_sensor_async.py
[2024-07-13T01:04:00.249+0000] {processor.py:840} INFO - DAG(s) 'example_time_delta_sensor_async' retrieved from /home/airflow/.local/lib/python3.11/site-packages/airflow/example_dags/example_time_delta_sensor_async.py
[2024-07-13T01:04:00.296+0000] {logging_mixin.py:188} INFO - [2024-07-13T01:04:00.295+0000] {dag.py:3096} INFO - Sync 1 DAGs
[2024-07-13T01:04:00.317+0000] {logging_mixin.py:188} INFO - [2024-07-13T01:04:00.316+0000] {dag.py:3954} INFO - Setting next_dagrun for example_time_delta_sensor_async to None, run_after=None
[2024-07-13T01:04:00.348+0000] {processor.py:183} INFO - Processing /home/airflow/.local/lib/python3.11/site-packages/airflow/example_dags/example_time_delta_sensor_async.py took 0.136 seconds
[2024-07-13T01:04:33.698+0000] {processor.py:161} INFO - Started process (PID=683) to work on /home/airflow/.local/lib/python3.11/site-packages/airflow/example_dags/example_time_delta_sensor_async.py
[2024-07-13T01:04:33.700+0000] {processor.py:830} INFO - Processing file /home/airflow/.local/lib/python3.11/site-packages/airflow/example_dags/example_time_delta_sensor_async.py for tasks to queue
[2024-07-13T01:04:33.704+0000] {logging_mixin.py:188} INFO - [2024-07-13T01:04:33.704+0000] {dagbag.py:545} INFO - Filling up the DagBag from /home/airflow/.local/lib/python3.11/site-packages/airflow/example_dags/example_time_delta_sensor_async.py
[2024-07-13T01:04:33.713+0000] {processor.py:840} INFO - DAG(s) 'example_time_delta_sensor_async' retrieved from /home/airflow/.local/lib/python3.11/site-packages/airflow/example_dags/example_time_delta_sensor_async.py
[2024-07-13T01:04:33.750+0000] {logging_mixin.py:188} INFO - [2024-07-13T01:04:33.750+0000] {dag.py:3096} INFO - Sync 1 DAGs
[2024-07-13T01:04:33.773+0000] {logging_mixin.py:188} INFO - [2024-07-13T01:04:33.773+0000] {dag.py:3954} INFO - Setting next_dagrun for example_time_delta_sensor_async to None, run_after=None
[2024-07-13T01:04:33.805+0000] {processor.py:183} INFO - Processing /home/airflow/.local/lib/python3.11/site-packages/airflow/example_dags/example_time_delta_sensor_async.py took 0.120 seconds
[2024-07-13T01:05:06.855+0000] {processor.py:161} INFO - Started process (PID=745) to work on /home/airflow/.local/lib/python3.11/site-packages/airflow/example_dags/example_time_delta_sensor_async.py
[2024-07-13T01:05:06.857+0000] {processor.py:830} INFO - Processing file /home/airflow/.local/lib/python3.11/site-packages/airflow/example_dags/example_time_delta_sensor_async.py for tasks to queue
[2024-07-13T01:05:06.861+0000] {logging_mixin.py:188} INFO - [2024-07-13T01:05:06.860+0000] {dagbag.py:545} INFO - Filling up the DagBag from /home/airflow/.local/lib/python3.11/site-packages/airflow/example_dags/example_time_delta_sensor_async.py
[2024-07-13T01:05:06.872+0000] {processor.py:840} INFO - DAG(s) 'example_time_delta_sensor_async' retrieved from /home/airflow/.local/lib/python3.11/site-packages/airflow/example_dags/example_time_delta_sensor_async.py
[2024-07-13T01:05:06.909+0000] {logging_mixin.py:188} INFO - [2024-07-13T01:05:06.909+0000] {dag.py:3096} INFO - Sync 1 DAGs
[2024-07-13T01:05:06.929+0000] {logging_mixin.py:188} INFO - [2024-07-13T01:05:06.928+0000] {dag.py:3954} INFO - Setting next_dagrun for example_time_delta_sensor_async to None, run_after=None
[2024-07-13T01:05:06.957+0000] {processor.py:183} INFO - Processing /home/airflow/.local/lib/python3.11/site-packages/airflow/example_dags/example_time_delta_sensor_async.py took 0.117 seconds
[2024-07-13T01:05:43.231+0000] {processor.py:161} INFO - Started process (PID=814) to work on /home/airflow/.local/lib/python3.11/site-packages/airflow/example_dags/example_time_delta_sensor_async.py
[2024-07-13T01:05:43.236+0000] {processor.py:830} INFO - Processing file /home/airflow/.local/lib/python3.11/site-packages/airflow/example_dags/example_time_delta_sensor_async.py for tasks to queue
[2024-07-13T01:05:43.240+0000] {logging_mixin.py:188} INFO - [2024-07-13T01:05:43.239+0000] {dagbag.py:545} INFO - Filling up the DagBag from /home/airflow/.local/lib/python3.11/site-packages/airflow/example_dags/example_time_delta_sensor_async.py
[2024-07-13T01:05:43.252+0000] {processor.py:840} INFO - DAG(s) 'example_time_delta_sensor_async' retrieved from /home/airflow/.local/lib/python3.11/site-packages/airflow/example_dags/example_time_delta_sensor_async.py
[2024-07-13T01:05:43.287+0000] {logging_mixin.py:188} INFO - [2024-07-13T01:05:43.286+0000] {dag.py:3096} INFO - Sync 1 DAGs
[2024-07-13T01:05:43.307+0000] {logging_mixin.py:188} INFO - [2024-07-13T01:05:43.306+0000] {dag.py:3954} INFO - Setting next_dagrun for example_time_delta_sensor_async to None, run_after=None
[2024-07-13T01:05:43.639+0000] {processor.py:183} INFO - Processing /home/airflow/.local/lib/python3.11/site-packages/airflow/example_dags/example_time_delta_sensor_async.py took 0.422 seconds
[2024-07-13T01:06:14.006+0000] {processor.py:161} INFO - Started process (PID=876) to work on /home/airflow/.local/lib/python3.11/site-packages/airflow/example_dags/example_time_delta_sensor_async.py
[2024-07-13T01:06:14.009+0000] {processor.py:830} INFO - Processing file /home/airflow/.local/lib/python3.11/site-packages/airflow/example_dags/example_time_delta_sensor_async.py for tasks to queue
[2024-07-13T01:06:14.014+0000] {logging_mixin.py:188} INFO - [2024-07-13T01:06:14.013+0000] {dagbag.py:545} INFO - Filling up the DagBag from /home/airflow/.local/lib/python3.11/site-packages/airflow/example_dags/example_time_delta_sensor_async.py
[2024-07-13T01:06:14.027+0000] {processor.py:840} INFO - DAG(s) 'example_time_delta_sensor_async' retrieved from /home/airflow/.local/lib/python3.11/site-packages/airflow/example_dags/example_time_delta_sensor_async.py
[2024-07-13T01:06:14.077+0000] {logging_mixin.py:188} INFO - [2024-07-13T01:06:14.076+0000] {dag.py:3096} INFO - Sync 1 DAGs
[2024-07-13T01:06:14.104+0000] {logging_mixin.py:188} INFO - [2024-07-13T01:06:14.104+0000] {dag.py:3954} INFO - Setting next_dagrun for example_time_delta_sensor_async to None, run_after=None
[2024-07-13T01:06:14.138+0000] {processor.py:183} INFO - Processing /home/airflow/.local/lib/python3.11/site-packages/airflow/example_dags/example_time_delta_sensor_async.py took 0.149 seconds
[2024-07-13T01:06:46.484+0000] {processor.py:161} INFO - Started process (PID=938) to work on /home/airflow/.local/lib/python3.11/site-packages/airflow/example_dags/example_time_delta_sensor_async.py
[2024-07-13T01:06:46.486+0000] {processor.py:830} INFO - Processing file /home/airflow/.local/lib/python3.11/site-packages/airflow/example_dags/example_time_delta_sensor_async.py for tasks to queue
[2024-07-13T01:06:46.489+0000] {logging_mixin.py:188} INFO - [2024-07-13T01:06:46.488+0000] {dagbag.py:545} INFO - Filling up the DagBag from /home/airflow/.local/lib/python3.11/site-packages/airflow/example_dags/example_time_delta_sensor_async.py
[2024-07-13T01:06:46.498+0000] {processor.py:840} INFO - DAG(s) 'example_time_delta_sensor_async' retrieved from /home/airflow/.local/lib/python3.11/site-packages/airflow/example_dags/example_time_delta_sensor_async.py
[2024-07-13T01:06:46.534+0000] {logging_mixin.py:188} INFO - [2024-07-13T01:06:46.534+0000] {dag.py:3096} INFO - Sync 1 DAGs
[2024-07-13T01:06:46.562+0000] {logging_mixin.py:188} INFO - [2024-07-13T01:06:46.562+0000] {dag.py:3954} INFO - Setting next_dagrun for example_time_delta_sensor_async to None, run_after=None
[2024-07-13T01:06:46.594+0000] {processor.py:183} INFO - Processing /home/airflow/.local/lib/python3.11/site-packages/airflow/example_dags/example_time_delta_sensor_async.py took 0.122 seconds
[2024-07-13T01:07:19.722+0000] {processor.py:161} INFO - Started process (PID=1000) to work on /home/airflow/.local/lib/python3.11/site-packages/airflow/example_dags/example_time_delta_sensor_async.py
[2024-07-13T01:07:19.724+0000] {processor.py:830} INFO - Processing file /home/airflow/.local/lib/python3.11/site-packages/airflow/example_dags/example_time_delta_sensor_async.py for tasks to queue
[2024-07-13T01:07:19.728+0000] {logging_mixin.py:188} INFO - [2024-07-13T01:07:19.727+0000] {dagbag.py:545} INFO - Filling up the DagBag from /home/airflow/.local/lib/python3.11/site-packages/airflow/example_dags/example_time_delta_sensor_async.py
[2024-07-13T01:07:19.738+0000] {processor.py:840} INFO - DAG(s) 'example_time_delta_sensor_async' retrieved from /home/airflow/.local/lib/python3.11/site-packages/airflow/example_dags/example_time_delta_sensor_async.py
[2024-07-13T01:07:19.783+0000] {logging_mixin.py:188} INFO - [2024-07-13T01:07:19.782+0000] {dag.py:3096} INFO - Sync 1 DAGs
[2024-07-13T01:07:19.807+0000] {logging_mixin.py:188} INFO - [2024-07-13T01:07:19.806+0000] {dag.py:3954} INFO - Setting next_dagrun for example_time_delta_sensor_async to None, run_after=None
[2024-07-13T01:07:19.844+0000] {processor.py:183} INFO - Processing /home/airflow/.local/lib/python3.11/site-packages/airflow/example_dags/example_time_delta_sensor_async.py took 0.136 seconds
[2024-07-13T01:07:53.309+0000] {processor.py:161} INFO - Started process (PID=1066) to work on /home/airflow/.local/lib/python3.11/site-packages/airflow/example_dags/example_time_delta_sensor_async.py
[2024-07-13T01:07:53.312+0000] {processor.py:830} INFO - Processing file /home/airflow/.local/lib/python3.11/site-packages/airflow/example_dags/example_time_delta_sensor_async.py for tasks to queue
[2024-07-13T01:07:53.316+0000] {logging_mixin.py:188} INFO - [2024-07-13T01:07:53.315+0000] {dagbag.py:545} INFO - Filling up the DagBag from /home/airflow/.local/lib/python3.11/site-packages/airflow/example_dags/example_time_delta_sensor_async.py
[2024-07-13T01:07:53.328+0000] {processor.py:840} INFO - DAG(s) 'example_time_delta_sensor_async' retrieved from /home/airflow/.local/lib/python3.11/site-packages/airflow/example_dags/example_time_delta_sensor_async.py
[2024-07-13T01:07:53.369+0000] {logging_mixin.py:188} INFO - [2024-07-13T01:07:53.368+0000] {dag.py:3096} INFO - Sync 1 DAGs
[2024-07-13T01:07:53.390+0000] {logging_mixin.py:188} INFO - [2024-07-13T01:07:53.390+0000] {dag.py:3954} INFO - Setting next_dagrun for example_time_delta_sensor_async to None, run_after=None
[2024-07-13T01:07:53.421+0000] {processor.py:183} INFO - Processing /home/airflow/.local/lib/python3.11/site-packages/airflow/example_dags/example_time_delta_sensor_async.py took 0.129 seconds
[2024-07-13T01:08:26.974+0000] {processor.py:161} INFO - Started process (PID=1128) to work on /home/airflow/.local/lib/python3.11/site-packages/airflow/example_dags/example_time_delta_sensor_async.py
[2024-07-13T01:08:26.977+0000] {processor.py:830} INFO - Processing file /home/airflow/.local/lib/python3.11/site-packages/airflow/example_dags/example_time_delta_sensor_async.py for tasks to queue
[2024-07-13T01:08:26.981+0000] {logging_mixin.py:188} INFO - [2024-07-13T01:08:26.980+0000] {dagbag.py:545} INFO - Filling up the DagBag from /home/airflow/.local/lib/python3.11/site-packages/airflow/example_dags/example_time_delta_sensor_async.py
[2024-07-13T01:08:26.992+0000] {processor.py:840} INFO - DAG(s) 'example_time_delta_sensor_async' retrieved from /home/airflow/.local/lib/python3.11/site-packages/airflow/example_dags/example_time_delta_sensor_async.py
[2024-07-13T01:08:27.045+0000] {logging_mixin.py:188} INFO - [2024-07-13T01:08:27.044+0000] {dag.py:3096} INFO - Sync 1 DAGs
[2024-07-13T01:08:27.072+0000] {logging_mixin.py:188} INFO - [2024-07-13T01:08:27.072+0000] {dag.py:3954} INFO - Setting next_dagrun for example_time_delta_sensor_async to None, run_after=None
[2024-07-13T01:08:27.109+0000] {processor.py:183} INFO - Processing /home/airflow/.local/lib/python3.11/site-packages/airflow/example_dags/example_time_delta_sensor_async.py took 0.148 seconds
[2024-07-13T01:08:59.772+0000] {processor.py:161} INFO - Started process (PID=1190) to work on /home/airflow/.local/lib/python3.11/site-packages/airflow/example_dags/example_time_delta_sensor_async.py
[2024-07-13T01:08:59.774+0000] {processor.py:830} INFO - Processing file /home/airflow/.local/lib/python3.11/site-packages/airflow/example_dags/example_time_delta_sensor_async.py for tasks to queue
[2024-07-13T01:08:59.778+0000] {logging_mixin.py:188} INFO - [2024-07-13T01:08:59.777+0000] {dagbag.py:545} INFO - Filling up the DagBag from /home/airflow/.local/lib/python3.11/site-packages/airflow/example_dags/example_time_delta_sensor_async.py
[2024-07-13T01:08:59.789+0000] {processor.py:840} INFO - DAG(s) 'example_time_delta_sensor_async' retrieved from /home/airflow/.local/lib/python3.11/site-packages/airflow/example_dags/example_time_delta_sensor_async.py
[2024-07-13T01:08:59.831+0000] {logging_mixin.py:188} INFO - [2024-07-13T01:08:59.830+0000] {dag.py:3096} INFO - Sync 1 DAGs
[2024-07-13T01:08:59.857+0000] {logging_mixin.py:188} INFO - [2024-07-13T01:08:59.856+0000] {dag.py:3954} INFO - Setting next_dagrun for example_time_delta_sensor_async to None, run_after=None
[2024-07-13T01:08:59.896+0000] {processor.py:183} INFO - Processing /home/airflow/.local/lib/python3.11/site-packages/airflow/example_dags/example_time_delta_sensor_async.py took 0.137 seconds
[2024-07-13T01:11:18.853+0000] {processor.py:161} INFO - Started process (PID=56) to work on /home/airflow/.local/lib/python3.11/site-packages/airflow/example_dags/example_time_delta_sensor_async.py
[2024-07-13T01:11:18.857+0000] {processor.py:830} INFO - Processing file /home/airflow/.local/lib/python3.11/site-packages/airflow/example_dags/example_time_delta_sensor_async.py for tasks to queue
[2024-07-13T01:11:18.861+0000] {logging_mixin.py:188} INFO - [2024-07-13T01:11:18.860+0000] {dagbag.py:545} INFO - Filling up the DagBag from /home/airflow/.local/lib/python3.11/site-packages/airflow/example_dags/example_time_delta_sensor_async.py
[2024-07-13T01:11:18.875+0000] {processor.py:840} INFO - DAG(s) 'example_time_delta_sensor_async' retrieved from /home/airflow/.local/lib/python3.11/site-packages/airflow/example_dags/example_time_delta_sensor_async.py
[2024-07-13T01:11:19.129+0000] {logging_mixin.py:188} INFO - [2024-07-13T01:11:19.127+0000] {dag.py:3096} INFO - Sync 1 DAGs
[2024-07-13T01:11:19.153+0000] {logging_mixin.py:188} INFO - [2024-07-13T01:11:19.153+0000] {dag.py:3954} INFO - Setting next_dagrun for example_time_delta_sensor_async to None, run_after=None
[2024-07-13T01:11:19.195+0000] {processor.py:183} INFO - Processing /home/airflow/.local/lib/python3.11/site-packages/airflow/example_dags/example_time_delta_sensor_async.py took 0.359 seconds
[2024-07-13T01:11:50.146+0000] {processor.py:161} INFO - Started process (PID=117) to work on /home/airflow/.local/lib/python3.11/site-packages/airflow/example_dags/example_time_delta_sensor_async.py
[2024-07-13T01:11:50.148+0000] {processor.py:830} INFO - Processing file /home/airflow/.local/lib/python3.11/site-packages/airflow/example_dags/example_time_delta_sensor_async.py for tasks to queue
[2024-07-13T01:11:50.151+0000] {logging_mixin.py:188} INFO - [2024-07-13T01:11:50.151+0000] {dagbag.py:545} INFO - Filling up the DagBag from /home/airflow/.local/lib/python3.11/site-packages/airflow/example_dags/example_time_delta_sensor_async.py
[2024-07-13T01:11:50.160+0000] {processor.py:840} INFO - DAG(s) 'example_time_delta_sensor_async' retrieved from /home/airflow/.local/lib/python3.11/site-packages/airflow/example_dags/example_time_delta_sensor_async.py
[2024-07-13T01:11:50.197+0000] {logging_mixin.py:188} INFO - [2024-07-13T01:11:50.196+0000] {dag.py:3096} INFO - Sync 1 DAGs
[2024-07-13T01:11:50.220+0000] {logging_mixin.py:188} INFO - [2024-07-13T01:11:50.220+0000] {dag.py:3954} INFO - Setting next_dagrun for example_time_delta_sensor_async to None, run_after=None
[2024-07-13T01:11:50.255+0000] {processor.py:183} INFO - Processing /home/airflow/.local/lib/python3.11/site-packages/airflow/example_dags/example_time_delta_sensor_async.py took 0.120 seconds
[2024-07-13T01:12:24.120+0000] {processor.py:161} INFO - Started process (PID=179) to work on /home/airflow/.local/lib/python3.11/site-packages/airflow/example_dags/example_time_delta_sensor_async.py
[2024-07-13T01:12:24.123+0000] {processor.py:830} INFO - Processing file /home/airflow/.local/lib/python3.11/site-packages/airflow/example_dags/example_time_delta_sensor_async.py for tasks to queue
[2024-07-13T01:12:24.128+0000] {logging_mixin.py:188} INFO - [2024-07-13T01:12:24.127+0000] {dagbag.py:545} INFO - Filling up the DagBag from /home/airflow/.local/lib/python3.11/site-packages/airflow/example_dags/example_time_delta_sensor_async.py
[2024-07-13T01:12:24.140+0000] {processor.py:840} INFO - DAG(s) 'example_time_delta_sensor_async' retrieved from /home/airflow/.local/lib/python3.11/site-packages/airflow/example_dags/example_time_delta_sensor_async.py
[2024-07-13T01:12:24.201+0000] {logging_mixin.py:188} INFO - [2024-07-13T01:12:24.200+0000] {dag.py:3096} INFO - Sync 1 DAGs
[2024-07-13T01:12:24.228+0000] {logging_mixin.py:188} INFO - [2024-07-13T01:12:24.228+0000] {dag.py:3954} INFO - Setting next_dagrun for example_time_delta_sensor_async to None, run_after=None
[2024-07-13T01:12:24.268+0000] {processor.py:183} INFO - Processing /home/airflow/.local/lib/python3.11/site-packages/airflow/example_dags/example_time_delta_sensor_async.py took 0.166 seconds
[2024-07-13T01:12:56.768+0000] {processor.py:161} INFO - Started process (PID=247) to work on /home/airflow/.local/lib/python3.11/site-packages/airflow/example_dags/example_time_delta_sensor_async.py
[2024-07-13T01:12:56.769+0000] {processor.py:830} INFO - Processing file /home/airflow/.local/lib/python3.11/site-packages/airflow/example_dags/example_time_delta_sensor_async.py for tasks to queue
[2024-07-13T01:12:56.774+0000] {logging_mixin.py:188} INFO - [2024-07-13T01:12:56.773+0000] {dagbag.py:545} INFO - Filling up the DagBag from /home/airflow/.local/lib/python3.11/site-packages/airflow/example_dags/example_time_delta_sensor_async.py
[2024-07-13T01:12:56.784+0000] {processor.py:840} INFO - DAG(s) 'example_time_delta_sensor_async' retrieved from /home/airflow/.local/lib/python3.11/site-packages/airflow/example_dags/example_time_delta_sensor_async.py
[2024-07-13T01:12:56.830+0000] {logging_mixin.py:188} INFO - [2024-07-13T01:12:56.828+0000] {dag.py:3096} INFO - Sync 1 DAGs
[2024-07-13T01:12:56.864+0000] {logging_mixin.py:188} INFO - [2024-07-13T01:12:56.864+0000] {dag.py:3954} INFO - Setting next_dagrun for example_time_delta_sensor_async to None, run_after=None
[2024-07-13T01:12:56.915+0000] {processor.py:183} INFO - Processing /home/airflow/.local/lib/python3.11/site-packages/airflow/example_dags/example_time_delta_sensor_async.py took 0.162 seconds
[2024-07-13T01:13:31.481+0000] {processor.py:161} INFO - Started process (PID=310) to work on /home/airflow/.local/lib/python3.11/site-packages/airflow/example_dags/example_time_delta_sensor_async.py
[2024-07-13T01:13:31.484+0000] {processor.py:830} INFO - Processing file /home/airflow/.local/lib/python3.11/site-packages/airflow/example_dags/example_time_delta_sensor_async.py for tasks to queue
[2024-07-13T01:13:31.489+0000] {logging_mixin.py:188} INFO - [2024-07-13T01:13:31.488+0000] {dagbag.py:545} INFO - Filling up the DagBag from /home/airflow/.local/lib/python3.11/site-packages/airflow/example_dags/example_time_delta_sensor_async.py
[2024-07-13T01:13:31.502+0000] {processor.py:840} INFO - DAG(s) 'example_time_delta_sensor_async' retrieved from /home/airflow/.local/lib/python3.11/site-packages/airflow/example_dags/example_time_delta_sensor_async.py
[2024-07-13T01:13:31.557+0000] {logging_mixin.py:188} INFO - [2024-07-13T01:13:31.555+0000] {dag.py:3096} INFO - Sync 1 DAGs
[2024-07-13T01:13:31.588+0000] {logging_mixin.py:188} INFO - [2024-07-13T01:13:31.587+0000] {dag.py:3954} INFO - Setting next_dagrun for example_time_delta_sensor_async to None, run_after=None
[2024-07-13T01:13:31.656+0000] {processor.py:183} INFO - Processing /home/airflow/.local/lib/python3.11/site-packages/airflow/example_dags/example_time_delta_sensor_async.py took 0.192 seconds
[2024-07-13T01:14:03.861+0000] {processor.py:161} INFO - Started process (PID=372) to work on /home/airflow/.local/lib/python3.11/site-packages/airflow/example_dags/example_time_delta_sensor_async.py
[2024-07-13T01:14:03.862+0000] {processor.py:830} INFO - Processing file /home/airflow/.local/lib/python3.11/site-packages/airflow/example_dags/example_time_delta_sensor_async.py for tasks to queue
[2024-07-13T01:14:03.866+0000] {logging_mixin.py:188} INFO - [2024-07-13T01:14:03.865+0000] {dagbag.py:545} INFO - Filling up the DagBag from /home/airflow/.local/lib/python3.11/site-packages/airflow/example_dags/example_time_delta_sensor_async.py
[2024-07-13T01:14:03.877+0000] {processor.py:840} INFO - DAG(s) 'example_time_delta_sensor_async' retrieved from /home/airflow/.local/lib/python3.11/site-packages/airflow/example_dags/example_time_delta_sensor_async.py
[2024-07-13T01:14:03.917+0000] {logging_mixin.py:188} INFO - [2024-07-13T01:14:03.916+0000] {dag.py:3096} INFO - Sync 1 DAGs
[2024-07-13T01:14:03.938+0000] {logging_mixin.py:188} INFO - [2024-07-13T01:14:03.938+0000] {dag.py:3954} INFO - Setting next_dagrun for example_time_delta_sensor_async to None, run_after=None
[2024-07-13T01:14:03.965+0000] {processor.py:183} INFO - Processing /home/airflow/.local/lib/python3.11/site-packages/airflow/example_dags/example_time_delta_sensor_async.py took 0.116 seconds
[2024-07-13T01:14:38.152+0000] {processor.py:161} INFO - Started process (PID=434) to work on /home/airflow/.local/lib/python3.11/site-packages/airflow/example_dags/example_time_delta_sensor_async.py
[2024-07-13T01:14:38.155+0000] {processor.py:830} INFO - Processing file /home/airflow/.local/lib/python3.11/site-packages/airflow/example_dags/example_time_delta_sensor_async.py for tasks to queue
[2024-07-13T01:14:38.160+0000] {logging_mixin.py:188} INFO - [2024-07-13T01:14:38.159+0000] {dagbag.py:545} INFO - Filling up the DagBag from /home/airflow/.local/lib/python3.11/site-packages/airflow/example_dags/example_time_delta_sensor_async.py
[2024-07-13T01:14:38.172+0000] {processor.py:840} INFO - DAG(s) 'example_time_delta_sensor_async' retrieved from /home/airflow/.local/lib/python3.11/site-packages/airflow/example_dags/example_time_delta_sensor_async.py
[2024-07-13T01:14:38.213+0000] {logging_mixin.py:188} INFO - [2024-07-13T01:14:38.212+0000] {dag.py:3096} INFO - Sync 1 DAGs
[2024-07-13T01:14:38.238+0000] {logging_mixin.py:188} INFO - [2024-07-13T01:14:38.238+0000] {dag.py:3954} INFO - Setting next_dagrun for example_time_delta_sensor_async to None, run_after=None
[2024-07-13T01:14:38.272+0000] {processor.py:183} INFO - Processing /home/airflow/.local/lib/python3.11/site-packages/airflow/example_dags/example_time_delta_sensor_async.py took 0.137 seconds
[2024-07-13T01:15:12.161+0000] {processor.py:161} INFO - Started process (PID=496) to work on /home/airflow/.local/lib/python3.11/site-packages/airflow/example_dags/example_time_delta_sensor_async.py
[2024-07-13T01:15:12.163+0000] {processor.py:830} INFO - Processing file /home/airflow/.local/lib/python3.11/site-packages/airflow/example_dags/example_time_delta_sensor_async.py for tasks to queue
[2024-07-13T01:15:12.166+0000] {logging_mixin.py:188} INFO - [2024-07-13T01:15:12.165+0000] {dagbag.py:545} INFO - Filling up the DagBag from /home/airflow/.local/lib/python3.11/site-packages/airflow/example_dags/example_time_delta_sensor_async.py
[2024-07-13T01:15:12.175+0000] {processor.py:840} INFO - DAG(s) 'example_time_delta_sensor_async' retrieved from /home/airflow/.local/lib/python3.11/site-packages/airflow/example_dags/example_time_delta_sensor_async.py
[2024-07-13T01:15:12.216+0000] {logging_mixin.py:188} INFO - [2024-07-13T01:15:12.215+0000] {dag.py:3096} INFO - Sync 1 DAGs
[2024-07-13T01:15:12.239+0000] {logging_mixin.py:188} INFO - [2024-07-13T01:15:12.239+0000] {dag.py:3954} INFO - Setting next_dagrun for example_time_delta_sensor_async to None, run_after=None
[2024-07-13T01:15:12.277+0000] {processor.py:183} INFO - Processing /home/airflow/.local/lib/python3.11/site-packages/airflow/example_dags/example_time_delta_sensor_async.py took 0.128 seconds
[2024-07-13T01:15:46.488+0000] {processor.py:161} INFO - Started process (PID=557) to work on /home/airflow/.local/lib/python3.11/site-packages/airflow/example_dags/example_time_delta_sensor_async.py
[2024-07-13T01:15:46.491+0000] {processor.py:830} INFO - Processing file /home/airflow/.local/lib/python3.11/site-packages/airflow/example_dags/example_time_delta_sensor_async.py for tasks to queue
[2024-07-13T01:15:46.505+0000] {logging_mixin.py:188} INFO - [2024-07-13T01:15:46.504+0000] {dagbag.py:545} INFO - Filling up the DagBag from /home/airflow/.local/lib/python3.11/site-packages/airflow/example_dags/example_time_delta_sensor_async.py
[2024-07-13T01:15:46.521+0000] {processor.py:840} INFO - DAG(s) 'example_time_delta_sensor_async' retrieved from /home/airflow/.local/lib/python3.11/site-packages/airflow/example_dags/example_time_delta_sensor_async.py
[2024-07-13T01:15:46.566+0000] {logging_mixin.py:188} INFO - [2024-07-13T01:15:46.565+0000] {dag.py:3096} INFO - Sync 1 DAGs
[2024-07-13T01:15:46.594+0000] {logging_mixin.py:188} INFO - [2024-07-13T01:15:46.594+0000] {dag.py:3954} INFO - Setting next_dagrun for example_time_delta_sensor_async to None, run_after=None
[2024-07-13T01:15:46.633+0000] {processor.py:183} INFO - Processing /home/airflow/.local/lib/python3.11/site-packages/airflow/example_dags/example_time_delta_sensor_async.py took 0.165 seconds
[2024-07-13T01:16:20.023+0000] {processor.py:161} INFO - Started process (PID=620) to work on /home/airflow/.local/lib/python3.11/site-packages/airflow/example_dags/example_time_delta_sensor_async.py
[2024-07-13T01:16:20.035+0000] {processor.py:830} INFO - Processing file /home/airflow/.local/lib/python3.11/site-packages/airflow/example_dags/example_time_delta_sensor_async.py for tasks to queue
[2024-07-13T01:16:20.052+0000] {logging_mixin.py:188} INFO - [2024-07-13T01:16:20.050+0000] {dagbag.py:545} INFO - Filling up the DagBag from /home/airflow/.local/lib/python3.11/site-packages/airflow/example_dags/example_time_delta_sensor_async.py
[2024-07-13T01:16:20.106+0000] {processor.py:840} INFO - DAG(s) 'example_time_delta_sensor_async' retrieved from /home/airflow/.local/lib/python3.11/site-packages/airflow/example_dags/example_time_delta_sensor_async.py
[2024-07-13T01:16:20.222+0000] {logging_mixin.py:188} INFO - [2024-07-13T01:16:20.221+0000] {dag.py:3096} INFO - Sync 1 DAGs
[2024-07-13T01:16:20.258+0000] {logging_mixin.py:188} INFO - [2024-07-13T01:16:20.257+0000] {dag.py:3954} INFO - Setting next_dagrun for example_time_delta_sensor_async to None, run_after=None
[2024-07-13T01:16:20.305+0000] {processor.py:183} INFO - Processing /home/airflow/.local/lib/python3.11/site-packages/airflow/example_dags/example_time_delta_sensor_async.py took 0.303 seconds
