[2024-07-13T00:00:17.642+0000] {processor.py:161} INFO - Started process (PID=484) to work on /home/airflow/.local/lib/python3.11/site-packages/airflow/example_dags/example_bash_decorator.py
[2024-07-13T00:00:17.660+0000] {processor.py:830} INFO - Processing file /home/airflow/.local/lib/python3.11/site-packages/airflow/example_dags/example_bash_decorator.py for tasks to queue
[2024-07-13T00:00:17.679+0000] {logging_mixin.py:188} INFO - [2024-07-13T00:00:17.665+0000] {dagbag.py:545} INFO - Filling up the DagBag from /home/airflow/.local/lib/python3.11/site-packages/airflow/example_dags/example_bash_decorator.py
[2024-07-13T00:00:17.736+0000] {processor.py:840} INFO - DAG(s) 'example_bash_decorator' retrieved from /home/airflow/.local/lib/python3.11/site-packages/airflow/example_dags/example_bash_decorator.py
[2024-07-13T00:00:19.069+0000] {logging_mixin.py:188} INFO - [2024-07-13T00:00:19.069+0000] {process_utils.py:263} INFO - Waiting up to 5 seconds for processes to exit...
[2024-07-13T00:27:58.957+0000] {processor.py:161} INFO - Started process (PID=44) to work on /home/airflow/.local/lib/python3.11/site-packages/airflow/example_dags/example_bash_decorator.py
[2024-07-13T00:27:58.959+0000] {processor.py:830} INFO - Processing file /home/airflow/.local/lib/python3.11/site-packages/airflow/example_dags/example_bash_decorator.py for tasks to queue
[2024-07-13T00:27:58.961+0000] {logging_mixin.py:188} INFO - [2024-07-13T00:27:58.960+0000] {dagbag.py:545} INFO - Filling up the DagBag from /home/airflow/.local/lib/python3.11/site-packages/airflow/example_dags/example_bash_decorator.py
[2024-07-13T00:27:58.989+0000] {processor.py:840} INFO - DAG(s) 'example_bash_decorator' retrieved from /home/airflow/.local/lib/python3.11/site-packages/airflow/example_dags/example_bash_decorator.py
[2024-07-13T00:27:59.194+0000] {logging_mixin.py:188} INFO - [2024-07-13T00:27:59.194+0000] {dag.py:3096} INFO - Sync 1 DAGs
[2024-07-13T00:27:59.223+0000] {logging_mixin.py:188} INFO - [2024-07-13T00:27:59.222+0000] {dag.py:3954} INFO - Setting next_dagrun for example_bash_decorator to None, run_after=None
[2024-07-13T00:27:59.253+0000] {processor.py:183} INFO - Processing /home/airflow/.local/lib/python3.11/site-packages/airflow/example_dags/example_bash_decorator.py took 0.307 seconds
[2024-07-13T00:28:32.018+0000] {processor.py:161} INFO - Started process (PID=106) to work on /home/airflow/.local/lib/python3.11/site-packages/airflow/example_dags/example_bash_decorator.py
[2024-07-13T00:28:32.020+0000] {processor.py:830} INFO - Processing file /home/airflow/.local/lib/python3.11/site-packages/airflow/example_dags/example_bash_decorator.py for tasks to queue
[2024-07-13T00:28:32.021+0000] {logging_mixin.py:188} INFO - [2024-07-13T00:28:32.021+0000] {dagbag.py:545} INFO - Filling up the DagBag from /home/airflow/.local/lib/python3.11/site-packages/airflow/example_dags/example_bash_decorator.py
[2024-07-13T00:28:32.045+0000] {processor.py:840} INFO - DAG(s) 'example_bash_decorator' retrieved from /home/airflow/.local/lib/python3.11/site-packages/airflow/example_dags/example_bash_decorator.py
[2024-07-13T00:28:32.093+0000] {logging_mixin.py:188} INFO - [2024-07-13T00:28:32.092+0000] {dag.py:3096} INFO - Sync 1 DAGs
[2024-07-13T00:28:32.118+0000] {logging_mixin.py:188} INFO - [2024-07-13T00:28:32.118+0000] {dag.py:3954} INFO - Setting next_dagrun for example_bash_decorator to None, run_after=None
[2024-07-13T00:28:32.149+0000] {processor.py:183} INFO - Processing /home/airflow/.local/lib/python3.11/site-packages/airflow/example_dags/example_bash_decorator.py took 0.143 seconds
[2024-07-13T00:29:04.984+0000] {processor.py:161} INFO - Started process (PID=168) to work on /home/airflow/.local/lib/python3.11/site-packages/airflow/example_dags/example_bash_decorator.py
[2024-07-13T00:29:04.986+0000] {processor.py:830} INFO - Processing file /home/airflow/.local/lib/python3.11/site-packages/airflow/example_dags/example_bash_decorator.py for tasks to queue
[2024-07-13T00:29:04.987+0000] {logging_mixin.py:188} INFO - [2024-07-13T00:29:04.987+0000] {dagbag.py:545} INFO - Filling up the DagBag from /home/airflow/.local/lib/python3.11/site-packages/airflow/example_dags/example_bash_decorator.py
[2024-07-13T00:29:05.011+0000] {processor.py:840} INFO - DAG(s) 'example_bash_decorator' retrieved from /home/airflow/.local/lib/python3.11/site-packages/airflow/example_dags/example_bash_decorator.py
[2024-07-13T00:29:05.056+0000] {logging_mixin.py:188} INFO - [2024-07-13T00:29:05.056+0000] {dag.py:3096} INFO - Sync 1 DAGs
[2024-07-13T00:29:05.075+0000] {logging_mixin.py:188} INFO - [2024-07-13T00:29:05.075+0000] {dag.py:3954} INFO - Setting next_dagrun for example_bash_decorator to None, run_after=None
[2024-07-13T00:29:05.099+0000] {processor.py:183} INFO - Processing /home/airflow/.local/lib/python3.11/site-packages/airflow/example_dags/example_bash_decorator.py took 0.127 seconds
[2024-07-13T00:29:38.100+0000] {processor.py:161} INFO - Started process (PID=230) to work on /home/airflow/.local/lib/python3.11/site-packages/airflow/example_dags/example_bash_decorator.py
[2024-07-13T00:29:38.102+0000] {processor.py:830} INFO - Processing file /home/airflow/.local/lib/python3.11/site-packages/airflow/example_dags/example_bash_decorator.py for tasks to queue
[2024-07-13T00:29:38.104+0000] {logging_mixin.py:188} INFO - [2024-07-13T00:29:38.103+0000] {dagbag.py:545} INFO - Filling up the DagBag from /home/airflow/.local/lib/python3.11/site-packages/airflow/example_dags/example_bash_decorator.py
[2024-07-13T00:29:38.129+0000] {processor.py:840} INFO - DAG(s) 'example_bash_decorator' retrieved from /home/airflow/.local/lib/python3.11/site-packages/airflow/example_dags/example_bash_decorator.py
[2024-07-13T00:29:38.172+0000] {logging_mixin.py:188} INFO - [2024-07-13T00:29:38.171+0000] {dag.py:3096} INFO - Sync 1 DAGs
[2024-07-13T00:29:38.191+0000] {logging_mixin.py:188} INFO - [2024-07-13T00:29:38.190+0000] {dag.py:3954} INFO - Setting next_dagrun for example_bash_decorator to None, run_after=None
[2024-07-13T00:29:38.220+0000] {processor.py:183} INFO - Processing /home/airflow/.local/lib/python3.11/site-packages/airflow/example_dags/example_bash_decorator.py took 0.136 seconds
[2024-07-13T00:30:10.855+0000] {processor.py:161} INFO - Started process (PID=298) to work on /home/airflow/.local/lib/python3.11/site-packages/airflow/example_dags/example_bash_decorator.py
[2024-07-13T00:30:10.857+0000] {processor.py:830} INFO - Processing file /home/airflow/.local/lib/python3.11/site-packages/airflow/example_dags/example_bash_decorator.py for tasks to queue
[2024-07-13T00:30:10.858+0000] {logging_mixin.py:188} INFO - [2024-07-13T00:30:10.858+0000] {dagbag.py:545} INFO - Filling up the DagBag from /home/airflow/.local/lib/python3.11/site-packages/airflow/example_dags/example_bash_decorator.py
[2024-07-13T00:30:10.899+0000] {processor.py:840} INFO - DAG(s) 'example_bash_decorator' retrieved from /home/airflow/.local/lib/python3.11/site-packages/airflow/example_dags/example_bash_decorator.py
[2024-07-13T00:30:10.950+0000] {logging_mixin.py:188} INFO - [2024-07-13T00:30:10.950+0000] {dag.py:3096} INFO - Sync 1 DAGs
[2024-07-13T00:30:10.978+0000] {logging_mixin.py:188} INFO - [2024-07-13T00:30:10.978+0000] {dag.py:3954} INFO - Setting next_dagrun for example_bash_decorator to None, run_after=None
[2024-07-13T00:30:11.005+0000] {processor.py:183} INFO - Processing /home/airflow/.local/lib/python3.11/site-packages/airflow/example_dags/example_bash_decorator.py took 0.163 seconds
[2024-07-13T00:30:44.006+0000] {processor.py:161} INFO - Started process (PID=361) to work on /home/airflow/.local/lib/python3.11/site-packages/airflow/example_dags/example_bash_decorator.py
[2024-07-13T00:30:44.008+0000] {processor.py:830} INFO - Processing file /home/airflow/.local/lib/python3.11/site-packages/airflow/example_dags/example_bash_decorator.py for tasks to queue
[2024-07-13T00:30:44.009+0000] {logging_mixin.py:188} INFO - [2024-07-13T00:30:44.009+0000] {dagbag.py:545} INFO - Filling up the DagBag from /home/airflow/.local/lib/python3.11/site-packages/airflow/example_dags/example_bash_decorator.py
[2024-07-13T00:30:44.033+0000] {processor.py:840} INFO - DAG(s) 'example_bash_decorator' retrieved from /home/airflow/.local/lib/python3.11/site-packages/airflow/example_dags/example_bash_decorator.py
[2024-07-13T00:30:44.077+0000] {logging_mixin.py:188} INFO - [2024-07-13T00:30:44.077+0000] {dag.py:3096} INFO - Sync 1 DAGs
[2024-07-13T00:30:44.097+0000] {logging_mixin.py:188} INFO - [2024-07-13T00:30:44.097+0000] {dag.py:3954} INFO - Setting next_dagrun for example_bash_decorator to None, run_after=None
[2024-07-13T00:30:44.130+0000] {processor.py:183} INFO - Processing /home/airflow/.local/lib/python3.11/site-packages/airflow/example_dags/example_bash_decorator.py took 0.135 seconds
[2024-07-13T00:31:17.247+0000] {processor.py:161} INFO - Started process (PID=423) to work on /home/airflow/.local/lib/python3.11/site-packages/airflow/example_dags/example_bash_decorator.py
[2024-07-13T00:31:17.249+0000] {processor.py:830} INFO - Processing file /home/airflow/.local/lib/python3.11/site-packages/airflow/example_dags/example_bash_decorator.py for tasks to queue
[2024-07-13T00:31:17.251+0000] {logging_mixin.py:188} INFO - [2024-07-13T00:31:17.250+0000] {dagbag.py:545} INFO - Filling up the DagBag from /home/airflow/.local/lib/python3.11/site-packages/airflow/example_dags/example_bash_decorator.py
[2024-07-13T00:31:17.276+0000] {processor.py:840} INFO - DAG(s) 'example_bash_decorator' retrieved from /home/airflow/.local/lib/python3.11/site-packages/airflow/example_dags/example_bash_decorator.py
[2024-07-13T00:31:17.319+0000] {logging_mixin.py:188} INFO - [2024-07-13T00:31:17.319+0000] {dag.py:3096} INFO - Sync 1 DAGs
[2024-07-13T00:31:17.338+0000] {logging_mixin.py:188} INFO - [2024-07-13T00:31:17.338+0000] {dag.py:3954} INFO - Setting next_dagrun for example_bash_decorator to None, run_after=None
[2024-07-13T00:31:17.370+0000] {processor.py:183} INFO - Processing /home/airflow/.local/lib/python3.11/site-packages/airflow/example_dags/example_bash_decorator.py took 0.135 seconds
[2024-07-13T00:31:51.422+0000] {processor.py:161} INFO - Started process (PID=485) to work on /home/airflow/.local/lib/python3.11/site-packages/airflow/example_dags/example_bash_decorator.py
[2024-07-13T00:31:51.424+0000] {processor.py:830} INFO - Processing file /home/airflow/.local/lib/python3.11/site-packages/airflow/example_dags/example_bash_decorator.py for tasks to queue
[2024-07-13T00:31:51.425+0000] {logging_mixin.py:188} INFO - [2024-07-13T00:31:51.424+0000] {dagbag.py:545} INFO - Filling up the DagBag from /home/airflow/.local/lib/python3.11/site-packages/airflow/example_dags/example_bash_decorator.py
[2024-07-13T00:31:51.449+0000] {processor.py:840} INFO - DAG(s) 'example_bash_decorator' retrieved from /home/airflow/.local/lib/python3.11/site-packages/airflow/example_dags/example_bash_decorator.py
[2024-07-13T00:31:51.502+0000] {logging_mixin.py:188} INFO - [2024-07-13T00:31:51.502+0000] {dag.py:3096} INFO - Sync 1 DAGs
[2024-07-13T00:31:51.526+0000] {logging_mixin.py:188} INFO - [2024-07-13T00:31:51.526+0000] {dag.py:3954} INFO - Setting next_dagrun for example_bash_decorator to None, run_after=None
[2024-07-13T00:31:51.554+0000] {processor.py:183} INFO - Processing /home/airflow/.local/lib/python3.11/site-packages/airflow/example_dags/example_bash_decorator.py took 0.146 seconds
[2024-07-13T00:32:25.686+0000] {processor.py:161} INFO - Started process (PID=547) to work on /home/airflow/.local/lib/python3.11/site-packages/airflow/example_dags/example_bash_decorator.py
[2024-07-13T00:32:25.689+0000] {processor.py:830} INFO - Processing file /home/airflow/.local/lib/python3.11/site-packages/airflow/example_dags/example_bash_decorator.py for tasks to queue
[2024-07-13T00:32:25.690+0000] {logging_mixin.py:188} INFO - [2024-07-13T00:32:25.690+0000] {dagbag.py:545} INFO - Filling up the DagBag from /home/airflow/.local/lib/python3.11/site-packages/airflow/example_dags/example_bash_decorator.py
[2024-07-13T00:32:25.725+0000] {processor.py:840} INFO - DAG(s) 'example_bash_decorator' retrieved from /home/airflow/.local/lib/python3.11/site-packages/airflow/example_dags/example_bash_decorator.py
[2024-07-13T00:32:25.819+0000] {logging_mixin.py:188} INFO - [2024-07-13T00:32:25.819+0000] {dag.py:3096} INFO - Sync 1 DAGs
[2024-07-13T00:32:25.847+0000] {logging_mixin.py:188} INFO - [2024-07-13T00:32:25.846+0000] {dag.py:3954} INFO - Setting next_dagrun for example_bash_decorator to None, run_after=None
[2024-07-13T00:32:25.882+0000] {processor.py:183} INFO - Processing /home/airflow/.local/lib/python3.11/site-packages/airflow/example_dags/example_bash_decorator.py took 0.212 seconds
[2024-07-13T00:32:59.404+0000] {processor.py:161} INFO - Started process (PID=609) to work on /home/airflow/.local/lib/python3.11/site-packages/airflow/example_dags/example_bash_decorator.py
[2024-07-13T00:32:59.407+0000] {processor.py:830} INFO - Processing file /home/airflow/.local/lib/python3.11/site-packages/airflow/example_dags/example_bash_decorator.py for tasks to queue
[2024-07-13T00:32:59.409+0000] {logging_mixin.py:188} INFO - [2024-07-13T00:32:59.408+0000] {dagbag.py:545} INFO - Filling up the DagBag from /home/airflow/.local/lib/python3.11/site-packages/airflow/example_dags/example_bash_decorator.py
[2024-07-13T00:32:59.441+0000] {processor.py:840} INFO - DAG(s) 'example_bash_decorator' retrieved from /home/airflow/.local/lib/python3.11/site-packages/airflow/example_dags/example_bash_decorator.py
[2024-07-13T00:32:59.502+0000] {logging_mixin.py:188} INFO - [2024-07-13T00:32:59.501+0000] {dag.py:3096} INFO - Sync 1 DAGs
[2024-07-13T00:32:59.527+0000] {logging_mixin.py:188} INFO - [2024-07-13T00:32:59.527+0000] {dag.py:3954} INFO - Setting next_dagrun for example_bash_decorator to None, run_after=None
[2024-07-13T00:32:59.563+0000] {processor.py:183} INFO - Processing /home/airflow/.local/lib/python3.11/site-packages/airflow/example_dags/example_bash_decorator.py took 0.173 seconds
[2024-07-13T00:33:32.525+0000] {processor.py:161} INFO - Started process (PID=671) to work on /home/airflow/.local/lib/python3.11/site-packages/airflow/example_dags/example_bash_decorator.py
[2024-07-13T00:33:32.527+0000] {processor.py:830} INFO - Processing file /home/airflow/.local/lib/python3.11/site-packages/airflow/example_dags/example_bash_decorator.py for tasks to queue
[2024-07-13T00:33:32.528+0000] {logging_mixin.py:188} INFO - [2024-07-13T00:33:32.528+0000] {dagbag.py:545} INFO - Filling up the DagBag from /home/airflow/.local/lib/python3.11/site-packages/airflow/example_dags/example_bash_decorator.py
[2024-07-13T00:33:32.560+0000] {processor.py:840} INFO - DAG(s) 'example_bash_decorator' retrieved from /home/airflow/.local/lib/python3.11/site-packages/airflow/example_dags/example_bash_decorator.py
[2024-07-13T00:33:32.615+0000] {logging_mixin.py:188} INFO - [2024-07-13T00:33:32.614+0000] {dag.py:3096} INFO - Sync 1 DAGs
[2024-07-13T00:33:32.640+0000] {logging_mixin.py:188} INFO - [2024-07-13T00:33:32.640+0000] {dag.py:3954} INFO - Setting next_dagrun for example_bash_decorator to None, run_after=None
[2024-07-13T00:33:32.678+0000] {processor.py:183} INFO - Processing /home/airflow/.local/lib/python3.11/site-packages/airflow/example_dags/example_bash_decorator.py took 0.168 seconds
[2024-07-13T00:35:46.764+0000] {processor.py:161} INFO - Started process (PID=45) to work on /home/airflow/.local/lib/python3.11/site-packages/airflow/example_dags/example_bash_decorator.py
[2024-07-13T00:35:46.767+0000] {processor.py:830} INFO - Processing file /home/airflow/.local/lib/python3.11/site-packages/airflow/example_dags/example_bash_decorator.py for tasks to queue
[2024-07-13T00:35:46.771+0000] {logging_mixin.py:188} INFO - [2024-07-13T00:35:46.770+0000] {dagbag.py:545} INFO - Filling up the DagBag from /home/airflow/.local/lib/python3.11/site-packages/airflow/example_dags/example_bash_decorator.py
[2024-07-13T00:35:46.819+0000] {processor.py:840} INFO - DAG(s) 'example_bash_decorator' retrieved from /home/airflow/.local/lib/python3.11/site-packages/airflow/example_dags/example_bash_decorator.py
[2024-07-13T00:35:47.041+0000] {logging_mixin.py:188} INFO - [2024-07-13T00:35:47.041+0000] {dag.py:3096} INFO - Sync 1 DAGs
[2024-07-13T00:35:47.064+0000] {logging_mixin.py:188} INFO - [2024-07-13T00:35:47.064+0000] {dag.py:3954} INFO - Setting next_dagrun for example_bash_decorator to None, run_after=None
[2024-07-13T00:35:47.101+0000] {processor.py:183} INFO - Processing /home/airflow/.local/lib/python3.11/site-packages/airflow/example_dags/example_bash_decorator.py took 0.351 seconds
[2024-07-13T00:36:19.406+0000] {processor.py:161} INFO - Started process (PID=107) to work on /home/airflow/.local/lib/python3.11/site-packages/airflow/example_dags/example_bash_decorator.py
[2024-07-13T00:36:19.407+0000] {processor.py:830} INFO - Processing file /home/airflow/.local/lib/python3.11/site-packages/airflow/example_dags/example_bash_decorator.py for tasks to queue
[2024-07-13T00:36:19.411+0000] {logging_mixin.py:188} INFO - [2024-07-13T00:36:19.410+0000] {dagbag.py:545} INFO - Filling up the DagBag from /home/airflow/.local/lib/python3.11/site-packages/airflow/example_dags/example_bash_decorator.py
[2024-07-13T00:36:19.438+0000] {processor.py:840} INFO - DAG(s) 'example_bash_decorator' retrieved from /home/airflow/.local/lib/python3.11/site-packages/airflow/example_dags/example_bash_decorator.py
[2024-07-13T00:36:19.478+0000] {logging_mixin.py:188} INFO - [2024-07-13T00:36:19.478+0000] {dag.py:3096} INFO - Sync 1 DAGs
[2024-07-13T00:36:19.499+0000] {logging_mixin.py:188} INFO - [2024-07-13T00:36:19.498+0000] {dag.py:3954} INFO - Setting next_dagrun for example_bash_decorator to None, run_after=None
[2024-07-13T00:36:19.528+0000] {processor.py:183} INFO - Processing /home/airflow/.local/lib/python3.11/site-packages/airflow/example_dags/example_bash_decorator.py took 0.134 seconds
[2024-07-13T00:38:17.633+0000] {processor.py:161} INFO - Started process (PID=43) to work on /home/airflow/.local/lib/python3.11/site-packages/airflow/example_dags/example_bash_decorator.py
[2024-07-13T00:38:17.635+0000] {processor.py:830} INFO - Processing file /home/airflow/.local/lib/python3.11/site-packages/airflow/example_dags/example_bash_decorator.py for tasks to queue
[2024-07-13T00:38:17.638+0000] {logging_mixin.py:188} INFO - [2024-07-13T00:38:17.638+0000] {dagbag.py:545} INFO - Filling up the DagBag from /home/airflow/.local/lib/python3.11/site-packages/airflow/example_dags/example_bash_decorator.py
[2024-07-13T00:38:17.667+0000] {processor.py:840} INFO - DAG(s) 'example_bash_decorator' retrieved from /home/airflow/.local/lib/python3.11/site-packages/airflow/example_dags/example_bash_decorator.py
[2024-07-13T00:38:17.836+0000] {logging_mixin.py:188} INFO - [2024-07-13T00:38:17.835+0000] {dag.py:3096} INFO - Sync 1 DAGs
[2024-07-13T00:38:17.851+0000] {logging_mixin.py:188} INFO - [2024-07-13T00:38:17.851+0000] {dag.py:3954} INFO - Setting next_dagrun for example_bash_decorator to None, run_after=None
[2024-07-13T00:38:17.882+0000] {processor.py:183} INFO - Processing /home/airflow/.local/lib/python3.11/site-packages/airflow/example_dags/example_bash_decorator.py took 0.260 seconds
[2024-07-13T00:38:49.968+0000] {processor.py:161} INFO - Started process (PID=105) to work on /home/airflow/.local/lib/python3.11/site-packages/airflow/example_dags/example_bash_decorator.py
[2024-07-13T00:38:49.970+0000] {processor.py:830} INFO - Processing file /home/airflow/.local/lib/python3.11/site-packages/airflow/example_dags/example_bash_decorator.py for tasks to queue
[2024-07-13T00:38:49.973+0000] {logging_mixin.py:188} INFO - [2024-07-13T00:38:49.972+0000] {dagbag.py:545} INFO - Filling up the DagBag from /home/airflow/.local/lib/python3.11/site-packages/airflow/example_dags/example_bash_decorator.py
[2024-07-13T00:38:49.997+0000] {processor.py:840} INFO - DAG(s) 'example_bash_decorator' retrieved from /home/airflow/.local/lib/python3.11/site-packages/airflow/example_dags/example_bash_decorator.py
[2024-07-13T00:38:50.038+0000] {logging_mixin.py:188} INFO - [2024-07-13T00:38:50.037+0000] {dag.py:3096} INFO - Sync 1 DAGs
[2024-07-13T00:38:50.060+0000] {logging_mixin.py:188} INFO - [2024-07-13T00:38:50.060+0000] {dag.py:3954} INFO - Setting next_dagrun for example_bash_decorator to None, run_after=None
[2024-07-13T00:38:50.096+0000] {processor.py:183} INFO - Processing /home/airflow/.local/lib/python3.11/site-packages/airflow/example_dags/example_bash_decorator.py took 0.139 seconds
[2024-07-13T00:39:23.054+0000] {processor.py:161} INFO - Started process (PID=167) to work on /home/airflow/.local/lib/python3.11/site-packages/airflow/example_dags/example_bash_decorator.py
[2024-07-13T00:39:23.056+0000] {processor.py:830} INFO - Processing file /home/airflow/.local/lib/python3.11/site-packages/airflow/example_dags/example_bash_decorator.py for tasks to queue
[2024-07-13T00:39:23.059+0000] {logging_mixin.py:188} INFO - [2024-07-13T00:39:23.059+0000] {dagbag.py:545} INFO - Filling up the DagBag from /home/airflow/.local/lib/python3.11/site-packages/airflow/example_dags/example_bash_decorator.py
[2024-07-13T00:39:23.083+0000] {processor.py:840} INFO - DAG(s) 'example_bash_decorator' retrieved from /home/airflow/.local/lib/python3.11/site-packages/airflow/example_dags/example_bash_decorator.py
[2024-07-13T00:39:23.125+0000] {logging_mixin.py:188} INFO - [2024-07-13T00:39:23.125+0000] {dag.py:3096} INFO - Sync 1 DAGs
[2024-07-13T00:39:23.146+0000] {logging_mixin.py:188} INFO - [2024-07-13T00:39:23.146+0000] {dag.py:3954} INFO - Setting next_dagrun for example_bash_decorator to None, run_after=None
[2024-07-13T00:39:23.174+0000] {processor.py:183} INFO - Processing /home/airflow/.local/lib/python3.11/site-packages/airflow/example_dags/example_bash_decorator.py took 0.131 seconds
[2024-07-13T00:39:55.885+0000] {processor.py:161} INFO - Started process (PID=229) to work on /home/airflow/.local/lib/python3.11/site-packages/airflow/example_dags/example_bash_decorator.py
[2024-07-13T00:39:55.887+0000] {processor.py:830} INFO - Processing file /home/airflow/.local/lib/python3.11/site-packages/airflow/example_dags/example_bash_decorator.py for tasks to queue
[2024-07-13T00:39:55.890+0000] {logging_mixin.py:188} INFO - [2024-07-13T00:39:55.889+0000] {dagbag.py:545} INFO - Filling up the DagBag from /home/airflow/.local/lib/python3.11/site-packages/airflow/example_dags/example_bash_decorator.py
[2024-07-13T00:39:55.916+0000] {processor.py:840} INFO - DAG(s) 'example_bash_decorator' retrieved from /home/airflow/.local/lib/python3.11/site-packages/airflow/example_dags/example_bash_decorator.py
[2024-07-13T00:39:55.959+0000] {logging_mixin.py:188} INFO - [2024-07-13T00:39:55.959+0000] {dag.py:3096} INFO - Sync 1 DAGs
[2024-07-13T00:39:55.978+0000] {logging_mixin.py:188} INFO - [2024-07-13T00:39:55.977+0000] {dag.py:3954} INFO - Setting next_dagrun for example_bash_decorator to None, run_after=None
[2024-07-13T00:39:56.003+0000] {processor.py:183} INFO - Processing /home/airflow/.local/lib/python3.11/site-packages/airflow/example_dags/example_bash_decorator.py took 0.130 seconds
[2024-07-13T00:40:28.744+0000] {processor.py:161} INFO - Started process (PID=291) to work on /home/airflow/.local/lib/python3.11/site-packages/airflow/example_dags/example_bash_decorator.py
[2024-07-13T00:40:28.746+0000] {processor.py:830} INFO - Processing file /home/airflow/.local/lib/python3.11/site-packages/airflow/example_dags/example_bash_decorator.py for tasks to queue
[2024-07-13T00:40:28.749+0000] {logging_mixin.py:188} INFO - [2024-07-13T00:40:28.749+0000] {dagbag.py:545} INFO - Filling up the DagBag from /home/airflow/.local/lib/python3.11/site-packages/airflow/example_dags/example_bash_decorator.py
[2024-07-13T00:40:28.783+0000] {processor.py:840} INFO - DAG(s) 'example_bash_decorator' retrieved from /home/airflow/.local/lib/python3.11/site-packages/airflow/example_dags/example_bash_decorator.py
[2024-07-13T00:40:28.832+0000] {logging_mixin.py:188} INFO - [2024-07-13T00:40:28.831+0000] {dag.py:3096} INFO - Sync 1 DAGs
[2024-07-13T00:40:28.856+0000] {logging_mixin.py:188} INFO - [2024-07-13T00:40:28.856+0000] {dag.py:3954} INFO - Setting next_dagrun for example_bash_decorator to None, run_after=None
[2024-07-13T00:40:28.890+0000] {processor.py:183} INFO - Processing /home/airflow/.local/lib/python3.11/site-packages/airflow/example_dags/example_bash_decorator.py took 0.162 seconds
[2024-07-13T00:41:07.016+0000] {processor.py:161} INFO - Started process (PID=357) to work on /home/airflow/.local/lib/python3.11/site-packages/airflow/example_dags/example_bash_decorator.py
[2024-07-13T00:41:07.021+0000] {processor.py:830} INFO - Processing file /home/airflow/.local/lib/python3.11/site-packages/airflow/example_dags/example_bash_decorator.py for tasks to queue
[2024-07-13T00:41:07.030+0000] {logging_mixin.py:188} INFO - [2024-07-13T00:41:07.029+0000] {dagbag.py:545} INFO - Filling up the DagBag from /home/airflow/.local/lib/python3.11/site-packages/airflow/example_dags/example_bash_decorator.py
[2024-07-13T00:41:07.099+0000] {processor.py:840} INFO - DAG(s) 'example_bash_decorator' retrieved from /home/airflow/.local/lib/python3.11/site-packages/airflow/example_dags/example_bash_decorator.py
[2024-07-13T00:41:07.213+0000] {logging_mixin.py:188} INFO - [2024-07-13T00:41:07.211+0000] {dag.py:3096} INFO - Sync 1 DAGs
[2024-07-13T00:41:07.266+0000] {logging_mixin.py:188} INFO - [2024-07-13T00:41:07.266+0000] {dag.py:3954} INFO - Setting next_dagrun for example_bash_decorator to None, run_after=None
[2024-07-13T00:41:07.328+0000] {processor.py:183} INFO - Processing /home/airflow/.local/lib/python3.11/site-packages/airflow/example_dags/example_bash_decorator.py took 0.348 seconds
[2024-07-13T00:41:40.674+0000] {processor.py:161} INFO - Started process (PID=418) to work on /home/airflow/.local/lib/python3.11/site-packages/airflow/example_dags/example_bash_decorator.py
[2024-07-13T00:41:40.676+0000] {processor.py:830} INFO - Processing file /home/airflow/.local/lib/python3.11/site-packages/airflow/example_dags/example_bash_decorator.py for tasks to queue
[2024-07-13T00:41:40.679+0000] {logging_mixin.py:188} INFO - [2024-07-13T00:41:40.678+0000] {dagbag.py:545} INFO - Filling up the DagBag from /home/airflow/.local/lib/python3.11/site-packages/airflow/example_dags/example_bash_decorator.py
[2024-07-13T00:41:40.704+0000] {processor.py:840} INFO - DAG(s) 'example_bash_decorator' retrieved from /home/airflow/.local/lib/python3.11/site-packages/airflow/example_dags/example_bash_decorator.py
[2024-07-13T00:41:40.750+0000] {logging_mixin.py:188} INFO - [2024-07-13T00:41:40.749+0000] {dag.py:3096} INFO - Sync 1 DAGs
[2024-07-13T00:41:40.773+0000] {logging_mixin.py:188} INFO - [2024-07-13T00:41:40.772+0000] {dag.py:3954} INFO - Setting next_dagrun for example_bash_decorator to None, run_after=None
[2024-07-13T00:41:40.805+0000] {processor.py:183} INFO - Processing /home/airflow/.local/lib/python3.11/site-packages/airflow/example_dags/example_bash_decorator.py took 0.143 seconds
[2024-07-13T00:42:14.586+0000] {processor.py:161} INFO - Started process (PID=480) to work on /home/airflow/.local/lib/python3.11/site-packages/airflow/example_dags/example_bash_decorator.py
[2024-07-13T00:42:14.588+0000] {processor.py:830} INFO - Processing file /home/airflow/.local/lib/python3.11/site-packages/airflow/example_dags/example_bash_decorator.py for tasks to queue
[2024-07-13T00:42:14.591+0000] {logging_mixin.py:188} INFO - [2024-07-13T00:42:14.591+0000] {dagbag.py:545} INFO - Filling up the DagBag from /home/airflow/.local/lib/python3.11/site-packages/airflow/example_dags/example_bash_decorator.py
[2024-07-13T00:42:14.616+0000] {processor.py:840} INFO - DAG(s) 'example_bash_decorator' retrieved from /home/airflow/.local/lib/python3.11/site-packages/airflow/example_dags/example_bash_decorator.py
[2024-07-13T00:42:14.657+0000] {logging_mixin.py:188} INFO - [2024-07-13T00:42:14.657+0000] {dag.py:3096} INFO - Sync 1 DAGs
[2024-07-13T00:42:14.680+0000] {logging_mixin.py:188} INFO - [2024-07-13T00:42:14.680+0000] {dag.py:3954} INFO - Setting next_dagrun for example_bash_decorator to None, run_after=None
[2024-07-13T00:42:14.710+0000] {processor.py:183} INFO - Processing /home/airflow/.local/lib/python3.11/site-packages/airflow/example_dags/example_bash_decorator.py took 0.136 seconds
[2024-07-13T00:44:01.121+0000] {processor.py:161} INFO - Started process (PID=44) to work on /home/airflow/.local/lib/python3.11/site-packages/airflow/example_dags/example_bash_decorator.py
[2024-07-13T00:44:01.123+0000] {processor.py:830} INFO - Processing file /home/airflow/.local/lib/python3.11/site-packages/airflow/example_dags/example_bash_decorator.py for tasks to queue
[2024-07-13T00:44:01.127+0000] {logging_mixin.py:188} INFO - [2024-07-13T00:44:01.126+0000] {dagbag.py:545} INFO - Filling up the DagBag from /home/airflow/.local/lib/python3.11/site-packages/airflow/example_dags/example_bash_decorator.py
[2024-07-13T00:44:01.158+0000] {processor.py:840} INFO - DAG(s) 'example_bash_decorator' retrieved from /home/airflow/.local/lib/python3.11/site-packages/airflow/example_dags/example_bash_decorator.py
[2024-07-13T00:44:01.377+0000] {logging_mixin.py:188} INFO - [2024-07-13T00:44:01.377+0000] {dag.py:3096} INFO - Sync 1 DAGs
[2024-07-13T00:44:01.398+0000] {logging_mixin.py:188} INFO - [2024-07-13T00:44:01.397+0000] {dag.py:3954} INFO - Setting next_dagrun for example_bash_decorator to None, run_after=None
[2024-07-13T00:44:01.434+0000] {processor.py:183} INFO - Processing /home/airflow/.local/lib/python3.11/site-packages/airflow/example_dags/example_bash_decorator.py took 0.327 seconds
[2024-07-13T00:44:32.838+0000] {processor.py:161} INFO - Started process (PID=106) to work on /home/airflow/.local/lib/python3.11/site-packages/airflow/example_dags/example_bash_decorator.py
[2024-07-13T00:44:32.840+0000] {processor.py:830} INFO - Processing file /home/airflow/.local/lib/python3.11/site-packages/airflow/example_dags/example_bash_decorator.py for tasks to queue
[2024-07-13T00:44:32.843+0000] {logging_mixin.py:188} INFO - [2024-07-13T00:44:32.842+0000] {dagbag.py:545} INFO - Filling up the DagBag from /home/airflow/.local/lib/python3.11/site-packages/airflow/example_dags/example_bash_decorator.py
[2024-07-13T00:44:32.869+0000] {processor.py:840} INFO - DAG(s) 'example_bash_decorator' retrieved from /home/airflow/.local/lib/python3.11/site-packages/airflow/example_dags/example_bash_decorator.py
[2024-07-13T00:44:32.915+0000] {logging_mixin.py:188} INFO - [2024-07-13T00:44:32.914+0000] {dag.py:3096} INFO - Sync 1 DAGs
[2024-07-13T00:44:32.936+0000] {logging_mixin.py:188} INFO - [2024-07-13T00:44:32.936+0000] {dag.py:3954} INFO - Setting next_dagrun for example_bash_decorator to None, run_after=None
[2024-07-13T00:44:32.972+0000] {processor.py:183} INFO - Processing /home/airflow/.local/lib/python3.11/site-packages/airflow/example_dags/example_bash_decorator.py took 0.144 seconds
[2024-07-13T00:45:05.591+0000] {processor.py:161} INFO - Started process (PID=167) to work on /home/airflow/.local/lib/python3.11/site-packages/airflow/example_dags/example_bash_decorator.py
[2024-07-13T00:45:05.593+0000] {processor.py:830} INFO - Processing file /home/airflow/.local/lib/python3.11/site-packages/airflow/example_dags/example_bash_decorator.py for tasks to queue
[2024-07-13T00:45:05.596+0000] {logging_mixin.py:188} INFO - [2024-07-13T00:45:05.596+0000] {dagbag.py:545} INFO - Filling up the DagBag from /home/airflow/.local/lib/python3.11/site-packages/airflow/example_dags/example_bash_decorator.py
[2024-07-13T00:45:05.623+0000] {processor.py:840} INFO - DAG(s) 'example_bash_decorator' retrieved from /home/airflow/.local/lib/python3.11/site-packages/airflow/example_dags/example_bash_decorator.py
[2024-07-13T00:45:05.670+0000] {logging_mixin.py:188} INFO - [2024-07-13T00:45:05.670+0000] {dag.py:3096} INFO - Sync 1 DAGs
[2024-07-13T00:45:05.691+0000] {logging_mixin.py:188} INFO - [2024-07-13T00:45:05.690+0000] {dag.py:3954} INFO - Setting next_dagrun for example_bash_decorator to None, run_after=None
[2024-07-13T00:45:05.719+0000] {processor.py:183} INFO - Processing /home/airflow/.local/lib/python3.11/site-packages/airflow/example_dags/example_bash_decorator.py took 0.140 seconds
[2024-07-13T00:45:38.582+0000] {processor.py:161} INFO - Started process (PID=229) to work on /home/airflow/.local/lib/python3.11/site-packages/airflow/example_dags/example_bash_decorator.py
[2024-07-13T00:45:38.584+0000] {processor.py:830} INFO - Processing file /home/airflow/.local/lib/python3.11/site-packages/airflow/example_dags/example_bash_decorator.py for tasks to queue
[2024-07-13T00:45:38.587+0000] {logging_mixin.py:188} INFO - [2024-07-13T00:45:38.587+0000] {dagbag.py:545} INFO - Filling up the DagBag from /home/airflow/.local/lib/python3.11/site-packages/airflow/example_dags/example_bash_decorator.py
[2024-07-13T00:45:38.611+0000] {processor.py:840} INFO - DAG(s) 'example_bash_decorator' retrieved from /home/airflow/.local/lib/python3.11/site-packages/airflow/example_dags/example_bash_decorator.py
[2024-07-13T00:45:38.654+0000] {logging_mixin.py:188} INFO - [2024-07-13T00:45:38.654+0000] {dag.py:3096} INFO - Sync 1 DAGs
[2024-07-13T00:45:38.678+0000] {logging_mixin.py:188} INFO - [2024-07-13T00:45:38.677+0000] {dag.py:3954} INFO - Setting next_dagrun for example_bash_decorator to None, run_after=None
[2024-07-13T00:45:38.706+0000] {processor.py:183} INFO - Processing /home/airflow/.local/lib/python3.11/site-packages/airflow/example_dags/example_bash_decorator.py took 0.136 seconds
[2024-07-13T00:46:11.286+0000] {processor.py:161} INFO - Started process (PID=290) to work on /home/airflow/.local/lib/python3.11/site-packages/airflow/example_dags/example_bash_decorator.py
[2024-07-13T00:46:11.288+0000] {processor.py:830} INFO - Processing file /home/airflow/.local/lib/python3.11/site-packages/airflow/example_dags/example_bash_decorator.py for tasks to queue
[2024-07-13T00:46:11.292+0000] {logging_mixin.py:188} INFO - [2024-07-13T00:46:11.291+0000] {dagbag.py:545} INFO - Filling up the DagBag from /home/airflow/.local/lib/python3.11/site-packages/airflow/example_dags/example_bash_decorator.py
[2024-07-13T00:46:11.317+0000] {processor.py:840} INFO - DAG(s) 'example_bash_decorator' retrieved from /home/airflow/.local/lib/python3.11/site-packages/airflow/example_dags/example_bash_decorator.py
[2024-07-13T00:46:11.363+0000] {logging_mixin.py:188} INFO - [2024-07-13T00:46:11.362+0000] {dag.py:3096} INFO - Sync 1 DAGs
[2024-07-13T00:46:11.383+0000] {logging_mixin.py:188} INFO - [2024-07-13T00:46:11.382+0000] {dag.py:3954} INFO - Setting next_dagrun for example_bash_decorator to None, run_after=None
[2024-07-13T00:46:11.408+0000] {processor.py:183} INFO - Processing /home/airflow/.local/lib/python3.11/site-packages/airflow/example_dags/example_bash_decorator.py took 0.134 seconds
[2024-07-13T00:46:44.656+0000] {processor.py:161} INFO - Started process (PID=358) to work on /home/airflow/.local/lib/python3.11/site-packages/airflow/example_dags/example_bash_decorator.py
[2024-07-13T00:46:44.659+0000] {processor.py:830} INFO - Processing file /home/airflow/.local/lib/python3.11/site-packages/airflow/example_dags/example_bash_decorator.py for tasks to queue
[2024-07-13T00:46:44.663+0000] {logging_mixin.py:188} INFO - [2024-07-13T00:46:44.662+0000] {dagbag.py:545} INFO - Filling up the DagBag from /home/airflow/.local/lib/python3.11/site-packages/airflow/example_dags/example_bash_decorator.py
[2024-07-13T00:46:44.695+0000] {processor.py:840} INFO - DAG(s) 'example_bash_decorator' retrieved from /home/airflow/.local/lib/python3.11/site-packages/airflow/example_dags/example_bash_decorator.py
[2024-07-13T00:46:44.742+0000] {logging_mixin.py:188} INFO - [2024-07-13T00:46:44.741+0000] {dag.py:3096} INFO - Sync 1 DAGs
[2024-07-13T00:46:44.764+0000] {logging_mixin.py:188} INFO - [2024-07-13T00:46:44.764+0000] {dag.py:3954} INFO - Setting next_dagrun for example_bash_decorator to None, run_after=None
[2024-07-13T00:46:44.794+0000] {processor.py:183} INFO - Processing /home/airflow/.local/lib/python3.11/site-packages/airflow/example_dags/example_bash_decorator.py took 0.153 seconds
[2024-07-13T00:47:18.275+0000] {processor.py:161} INFO - Started process (PID=419) to work on /home/airflow/.local/lib/python3.11/site-packages/airflow/example_dags/example_bash_decorator.py
[2024-07-13T00:47:18.277+0000] {processor.py:830} INFO - Processing file /home/airflow/.local/lib/python3.11/site-packages/airflow/example_dags/example_bash_decorator.py for tasks to queue
[2024-07-13T00:47:18.280+0000] {logging_mixin.py:188} INFO - [2024-07-13T00:47:18.280+0000] {dagbag.py:545} INFO - Filling up the DagBag from /home/airflow/.local/lib/python3.11/site-packages/airflow/example_dags/example_bash_decorator.py
[2024-07-13T00:47:18.304+0000] {processor.py:840} INFO - DAG(s) 'example_bash_decorator' retrieved from /home/airflow/.local/lib/python3.11/site-packages/airflow/example_dags/example_bash_decorator.py
[2024-07-13T00:47:18.348+0000] {logging_mixin.py:188} INFO - [2024-07-13T00:47:18.348+0000] {dag.py:3096} INFO - Sync 1 DAGs
[2024-07-13T00:47:18.372+0000] {logging_mixin.py:188} INFO - [2024-07-13T00:47:18.372+0000] {dag.py:3954} INFO - Setting next_dagrun for example_bash_decorator to None, run_after=None
[2024-07-13T00:47:18.399+0000] {processor.py:183} INFO - Processing /home/airflow/.local/lib/python3.11/site-packages/airflow/example_dags/example_bash_decorator.py took 0.135 seconds
[2024-07-13T00:47:54.977+0000] {processor.py:161} INFO - Started process (PID=480) to work on /home/airflow/.local/lib/python3.11/site-packages/airflow/example_dags/example_bash_decorator.py
[2024-07-13T00:47:54.979+0000] {processor.py:830} INFO - Processing file /home/airflow/.local/lib/python3.11/site-packages/airflow/example_dags/example_bash_decorator.py for tasks to queue
[2024-07-13T00:47:54.983+0000] {logging_mixin.py:188} INFO - [2024-07-13T00:47:54.982+0000] {dagbag.py:545} INFO - Filling up the DagBag from /home/airflow/.local/lib/python3.11/site-packages/airflow/example_dags/example_bash_decorator.py
[2024-07-13T00:47:55.015+0000] {processor.py:840} INFO - DAG(s) 'example_bash_decorator' retrieved from /home/airflow/.local/lib/python3.11/site-packages/airflow/example_dags/example_bash_decorator.py
[2024-07-13T00:47:55.065+0000] {logging_mixin.py:188} INFO - [2024-07-13T00:47:55.064+0000] {dag.py:3096} INFO - Sync 1 DAGs
[2024-07-13T00:47:55.089+0000] {logging_mixin.py:188} INFO - [2024-07-13T00:47:55.089+0000] {dag.py:3954} INFO - Setting next_dagrun for example_bash_decorator to None, run_after=None
[2024-07-13T00:47:55.123+0000] {processor.py:183} INFO - Processing /home/airflow/.local/lib/python3.11/site-packages/airflow/example_dags/example_bash_decorator.py took 0.161 seconds
[2024-07-13T00:48:29.799+0000] {processor.py:161} INFO - Started process (PID=542) to work on /home/airflow/.local/lib/python3.11/site-packages/airflow/example_dags/example_bash_decorator.py
[2024-07-13T00:48:29.801+0000] {processor.py:830} INFO - Processing file /home/airflow/.local/lib/python3.11/site-packages/airflow/example_dags/example_bash_decorator.py for tasks to queue
[2024-07-13T00:48:29.805+0000] {logging_mixin.py:188} INFO - [2024-07-13T00:48:29.804+0000] {dagbag.py:545} INFO - Filling up the DagBag from /home/airflow/.local/lib/python3.11/site-packages/airflow/example_dags/example_bash_decorator.py
[2024-07-13T00:48:29.834+0000] {processor.py:840} INFO - DAG(s) 'example_bash_decorator' retrieved from /home/airflow/.local/lib/python3.11/site-packages/airflow/example_dags/example_bash_decorator.py
[2024-07-13T00:48:29.879+0000] {logging_mixin.py:188} INFO - [2024-07-13T00:48:29.878+0000] {dag.py:3096} INFO - Sync 1 DAGs
[2024-07-13T00:48:29.905+0000] {logging_mixin.py:188} INFO - [2024-07-13T00:48:29.905+0000] {dag.py:3954} INFO - Setting next_dagrun for example_bash_decorator to None, run_after=None
[2024-07-13T00:48:29.934+0000] {processor.py:183} INFO - Processing /home/airflow/.local/lib/python3.11/site-packages/airflow/example_dags/example_bash_decorator.py took 0.148 seconds
[2024-07-13T00:49:04.278+0000] {processor.py:161} INFO - Started process (PID=604) to work on /home/airflow/.local/lib/python3.11/site-packages/airflow/example_dags/example_bash_decorator.py
[2024-07-13T00:49:04.280+0000] {processor.py:830} INFO - Processing file /home/airflow/.local/lib/python3.11/site-packages/airflow/example_dags/example_bash_decorator.py for tasks to queue
[2024-07-13T00:49:04.285+0000] {logging_mixin.py:188} INFO - [2024-07-13T00:49:04.284+0000] {dagbag.py:545} INFO - Filling up the DagBag from /home/airflow/.local/lib/python3.11/site-packages/airflow/example_dags/example_bash_decorator.py
[2024-07-13T00:49:04.323+0000] {processor.py:840} INFO - DAG(s) 'example_bash_decorator' retrieved from /home/airflow/.local/lib/python3.11/site-packages/airflow/example_dags/example_bash_decorator.py
[2024-07-13T00:49:04.372+0000] {logging_mixin.py:188} INFO - [2024-07-13T00:49:04.371+0000] {dag.py:3096} INFO - Sync 1 DAGs
[2024-07-13T00:49:04.398+0000] {logging_mixin.py:188} INFO - [2024-07-13T00:49:04.397+0000] {dag.py:3954} INFO - Setting next_dagrun for example_bash_decorator to None, run_after=None
[2024-07-13T00:49:04.430+0000] {processor.py:183} INFO - Processing /home/airflow/.local/lib/python3.11/site-packages/airflow/example_dags/example_bash_decorator.py took 0.165 seconds
[2024-07-13T00:49:38.232+0000] {processor.py:161} INFO - Started process (PID=668) to work on /home/airflow/.local/lib/python3.11/site-packages/airflow/example_dags/example_bash_decorator.py
[2024-07-13T00:49:38.234+0000] {processor.py:830} INFO - Processing file /home/airflow/.local/lib/python3.11/site-packages/airflow/example_dags/example_bash_decorator.py for tasks to queue
[2024-07-13T00:49:38.239+0000] {logging_mixin.py:188} INFO - [2024-07-13T00:49:38.238+0000] {dagbag.py:545} INFO - Filling up the DagBag from /home/airflow/.local/lib/python3.11/site-packages/airflow/example_dags/example_bash_decorator.py
[2024-07-13T00:49:38.275+0000] {processor.py:840} INFO - DAG(s) 'example_bash_decorator' retrieved from /home/airflow/.local/lib/python3.11/site-packages/airflow/example_dags/example_bash_decorator.py
[2024-07-13T00:49:38.332+0000] {logging_mixin.py:188} INFO - [2024-07-13T00:49:38.331+0000] {dag.py:3096} INFO - Sync 1 DAGs
[2024-07-13T00:49:38.361+0000] {logging_mixin.py:188} INFO - [2024-07-13T00:49:38.360+0000] {dag.py:3954} INFO - Setting next_dagrun for example_bash_decorator to None, run_after=None
[2024-07-13T00:49:38.396+0000] {processor.py:183} INFO - Processing /home/airflow/.local/lib/python3.11/site-packages/airflow/example_dags/example_bash_decorator.py took 0.181 seconds
[2024-07-13T00:50:12.525+0000] {processor.py:161} INFO - Started process (PID=734) to work on /home/airflow/.local/lib/python3.11/site-packages/airflow/example_dags/example_bash_decorator.py
[2024-07-13T00:50:12.528+0000] {processor.py:830} INFO - Processing file /home/airflow/.local/lib/python3.11/site-packages/airflow/example_dags/example_bash_decorator.py for tasks to queue
[2024-07-13T00:50:12.530+0000] {logging_mixin.py:188} INFO - [2024-07-13T00:50:12.530+0000] {dagbag.py:545} INFO - Filling up the DagBag from /home/airflow/.local/lib/python3.11/site-packages/airflow/example_dags/example_bash_decorator.py
[2024-07-13T00:50:12.566+0000] {processor.py:840} INFO - DAG(s) 'example_bash_decorator' retrieved from /home/airflow/.local/lib/python3.11/site-packages/airflow/example_dags/example_bash_decorator.py
[2024-07-13T00:50:12.620+0000] {logging_mixin.py:188} INFO - [2024-07-13T00:50:12.620+0000] {dag.py:3096} INFO - Sync 1 DAGs
[2024-07-13T00:50:12.647+0000] {logging_mixin.py:188} INFO - [2024-07-13T00:50:12.646+0000] {dag.py:3954} INFO - Setting next_dagrun for example_bash_decorator to None, run_after=None
[2024-07-13T00:50:12.683+0000] {processor.py:183} INFO - Processing /home/airflow/.local/lib/python3.11/site-packages/airflow/example_dags/example_bash_decorator.py took 0.170 seconds
[2024-07-13T00:50:45.550+0000] {processor.py:161} INFO - Started process (PID=802) to work on /home/airflow/.local/lib/python3.11/site-packages/airflow/example_dags/example_bash_decorator.py
[2024-07-13T00:50:45.553+0000] {processor.py:830} INFO - Processing file /home/airflow/.local/lib/python3.11/site-packages/airflow/example_dags/example_bash_decorator.py for tasks to queue
[2024-07-13T00:50:45.557+0000] {logging_mixin.py:188} INFO - [2024-07-13T00:50:45.556+0000] {dagbag.py:545} INFO - Filling up the DagBag from /home/airflow/.local/lib/python3.11/site-packages/airflow/example_dags/example_bash_decorator.py
[2024-07-13T00:50:45.589+0000] {processor.py:840} INFO - DAG(s) 'example_bash_decorator' retrieved from /home/airflow/.local/lib/python3.11/site-packages/airflow/example_dags/example_bash_decorator.py
[2024-07-13T00:50:45.643+0000] {logging_mixin.py:188} INFO - [2024-07-13T00:50:45.642+0000] {dag.py:3096} INFO - Sync 1 DAGs
[2024-07-13T00:50:45.669+0000] {logging_mixin.py:188} INFO - [2024-07-13T00:50:45.669+0000] {dag.py:3954} INFO - Setting next_dagrun for example_bash_decorator to None, run_after=None
[2024-07-13T00:50:45.696+0000] {processor.py:183} INFO - Processing /home/airflow/.local/lib/python3.11/site-packages/airflow/example_dags/example_bash_decorator.py took 0.160 seconds
[2024-07-13T00:51:19.219+0000] {processor.py:161} INFO - Started process (PID=864) to work on /home/airflow/.local/lib/python3.11/site-packages/airflow/example_dags/example_bash_decorator.py
[2024-07-13T00:51:19.222+0000] {processor.py:830} INFO - Processing file /home/airflow/.local/lib/python3.11/site-packages/airflow/example_dags/example_bash_decorator.py for tasks to queue
[2024-07-13T00:51:19.226+0000] {logging_mixin.py:188} INFO - [2024-07-13T00:51:19.225+0000] {dagbag.py:545} INFO - Filling up the DagBag from /home/airflow/.local/lib/python3.11/site-packages/airflow/example_dags/example_bash_decorator.py
[2024-07-13T00:51:19.256+0000] {processor.py:840} INFO - DAG(s) 'example_bash_decorator' retrieved from /home/airflow/.local/lib/python3.11/site-packages/airflow/example_dags/example_bash_decorator.py
[2024-07-13T00:51:19.303+0000] {logging_mixin.py:188} INFO - [2024-07-13T00:51:19.302+0000] {dag.py:3096} INFO - Sync 1 DAGs
[2024-07-13T00:51:19.323+0000] {logging_mixin.py:188} INFO - [2024-07-13T00:51:19.323+0000] {dag.py:3954} INFO - Setting next_dagrun for example_bash_decorator to None, run_after=None
[2024-07-13T00:51:19.353+0000] {processor.py:183} INFO - Processing /home/airflow/.local/lib/python3.11/site-packages/airflow/example_dags/example_bash_decorator.py took 0.149 seconds
[2024-07-13T00:51:52.377+0000] {processor.py:161} INFO - Started process (PID=926) to work on /home/airflow/.local/lib/python3.11/site-packages/airflow/example_dags/example_bash_decorator.py
[2024-07-13T00:51:52.379+0000] {processor.py:830} INFO - Processing file /home/airflow/.local/lib/python3.11/site-packages/airflow/example_dags/example_bash_decorator.py for tasks to queue
[2024-07-13T00:51:52.384+0000] {logging_mixin.py:188} INFO - [2024-07-13T00:51:52.383+0000] {dagbag.py:545} INFO - Filling up the DagBag from /home/airflow/.local/lib/python3.11/site-packages/airflow/example_dags/example_bash_decorator.py
[2024-07-13T00:51:52.418+0000] {processor.py:840} INFO - DAG(s) 'example_bash_decorator' retrieved from /home/airflow/.local/lib/python3.11/site-packages/airflow/example_dags/example_bash_decorator.py
[2024-07-13T00:51:52.473+0000] {logging_mixin.py:188} INFO - [2024-07-13T00:51:52.473+0000] {dag.py:3096} INFO - Sync 1 DAGs
[2024-07-13T00:51:52.500+0000] {logging_mixin.py:188} INFO - [2024-07-13T00:51:52.500+0000] {dag.py:3954} INFO - Setting next_dagrun for example_bash_decorator to None, run_after=None
[2024-07-13T00:51:52.534+0000] {processor.py:183} INFO - Processing /home/airflow/.local/lib/python3.11/site-packages/airflow/example_dags/example_bash_decorator.py took 0.173 seconds
[2024-07-13T00:52:25.248+0000] {processor.py:161} INFO - Started process (PID=989) to work on /home/airflow/.local/lib/python3.11/site-packages/airflow/example_dags/example_bash_decorator.py
[2024-07-13T00:52:25.250+0000] {processor.py:830} INFO - Processing file /home/airflow/.local/lib/python3.11/site-packages/airflow/example_dags/example_bash_decorator.py for tasks to queue
[2024-07-13T00:52:25.254+0000] {logging_mixin.py:188} INFO - [2024-07-13T00:52:25.253+0000] {dagbag.py:545} INFO - Filling up the DagBag from /home/airflow/.local/lib/python3.11/site-packages/airflow/example_dags/example_bash_decorator.py
[2024-07-13T00:52:25.285+0000] {processor.py:840} INFO - DAG(s) 'example_bash_decorator' retrieved from /home/airflow/.local/lib/python3.11/site-packages/airflow/example_dags/example_bash_decorator.py
[2024-07-13T00:52:25.337+0000] {logging_mixin.py:188} INFO - [2024-07-13T00:52:25.336+0000] {dag.py:3096} INFO - Sync 1 DAGs
[2024-07-13T00:52:25.362+0000] {logging_mixin.py:188} INFO - [2024-07-13T00:52:25.362+0000] {dag.py:3954} INFO - Setting next_dagrun for example_bash_decorator to None, run_after=None
[2024-07-13T00:52:25.392+0000] {processor.py:183} INFO - Processing /home/airflow/.local/lib/python3.11/site-packages/airflow/example_dags/example_bash_decorator.py took 0.159 seconds
[2024-07-13T00:52:58.072+0000] {processor.py:161} INFO - Started process (PID=1052) to work on /home/airflow/.local/lib/python3.11/site-packages/airflow/example_dags/example_bash_decorator.py
[2024-07-13T00:52:58.074+0000] {processor.py:830} INFO - Processing file /home/airflow/.local/lib/python3.11/site-packages/airflow/example_dags/example_bash_decorator.py for tasks to queue
[2024-07-13T00:52:58.078+0000] {logging_mixin.py:188} INFO - [2024-07-13T00:52:58.077+0000] {dagbag.py:545} INFO - Filling up the DagBag from /home/airflow/.local/lib/python3.11/site-packages/airflow/example_dags/example_bash_decorator.py
[2024-07-13T00:52:58.108+0000] {processor.py:840} INFO - DAG(s) 'example_bash_decorator' retrieved from /home/airflow/.local/lib/python3.11/site-packages/airflow/example_dags/example_bash_decorator.py
[2024-07-13T00:52:58.155+0000] {logging_mixin.py:188} INFO - [2024-07-13T00:52:58.155+0000] {dag.py:3096} INFO - Sync 1 DAGs
[2024-07-13T00:52:58.175+0000] {logging_mixin.py:188} INFO - [2024-07-13T00:52:58.174+0000] {dag.py:3954} INFO - Setting next_dagrun for example_bash_decorator to None, run_after=None
[2024-07-13T00:52:58.201+0000] {processor.py:183} INFO - Processing /home/airflow/.local/lib/python3.11/site-packages/airflow/example_dags/example_bash_decorator.py took 0.142 seconds
[2024-07-13T00:53:30.977+0000] {processor.py:161} INFO - Started process (PID=1114) to work on /home/airflow/.local/lib/python3.11/site-packages/airflow/example_dags/example_bash_decorator.py
[2024-07-13T00:53:30.979+0000] {processor.py:830} INFO - Processing file /home/airflow/.local/lib/python3.11/site-packages/airflow/example_dags/example_bash_decorator.py for tasks to queue
[2024-07-13T00:53:30.982+0000] {logging_mixin.py:188} INFO - [2024-07-13T00:53:30.982+0000] {dagbag.py:545} INFO - Filling up the DagBag from /home/airflow/.local/lib/python3.11/site-packages/airflow/example_dags/example_bash_decorator.py
[2024-07-13T00:53:31.009+0000] {processor.py:840} INFO - DAG(s) 'example_bash_decorator' retrieved from /home/airflow/.local/lib/python3.11/site-packages/airflow/example_dags/example_bash_decorator.py
[2024-07-13T00:53:31.051+0000] {logging_mixin.py:188} INFO - [2024-07-13T00:53:31.051+0000] {dag.py:3096} INFO - Sync 1 DAGs
[2024-07-13T00:53:31.071+0000] {logging_mixin.py:188} INFO - [2024-07-13T00:53:31.071+0000] {dag.py:3954} INFO - Setting next_dagrun for example_bash_decorator to None, run_after=None
[2024-07-13T00:53:31.100+0000] {processor.py:183} INFO - Processing /home/airflow/.local/lib/python3.11/site-packages/airflow/example_dags/example_bash_decorator.py took 0.137 seconds
[2024-07-13T00:54:03.487+0000] {processor.py:161} INFO - Started process (PID=1176) to work on /home/airflow/.local/lib/python3.11/site-packages/airflow/example_dags/example_bash_decorator.py
[2024-07-13T00:54:03.489+0000] {processor.py:830} INFO - Processing file /home/airflow/.local/lib/python3.11/site-packages/airflow/example_dags/example_bash_decorator.py for tasks to queue
[2024-07-13T00:54:03.493+0000] {logging_mixin.py:188} INFO - [2024-07-13T00:54:03.493+0000] {dagbag.py:545} INFO - Filling up the DagBag from /home/airflow/.local/lib/python3.11/site-packages/airflow/example_dags/example_bash_decorator.py
[2024-07-13T00:54:03.521+0000] {processor.py:840} INFO - DAG(s) 'example_bash_decorator' retrieved from /home/airflow/.local/lib/python3.11/site-packages/airflow/example_dags/example_bash_decorator.py
[2024-07-13T00:54:03.575+0000] {logging_mixin.py:188} INFO - [2024-07-13T00:54:03.574+0000] {dag.py:3096} INFO - Sync 1 DAGs
[2024-07-13T00:54:03.602+0000] {logging_mixin.py:188} INFO - [2024-07-13T00:54:03.601+0000] {dag.py:3954} INFO - Setting next_dagrun for example_bash_decorator to None, run_after=None
[2024-07-13T00:54:03.636+0000] {processor.py:183} INFO - Processing /home/airflow/.local/lib/python3.11/site-packages/airflow/example_dags/example_bash_decorator.py took 0.163 seconds
[2024-07-13T00:54:36.561+0000] {processor.py:161} INFO - Started process (PID=1238) to work on /home/airflow/.local/lib/python3.11/site-packages/airflow/example_dags/example_bash_decorator.py
[2024-07-13T00:54:36.563+0000] {processor.py:830} INFO - Processing file /home/airflow/.local/lib/python3.11/site-packages/airflow/example_dags/example_bash_decorator.py for tasks to queue
[2024-07-13T00:54:36.566+0000] {logging_mixin.py:188} INFO - [2024-07-13T00:54:36.565+0000] {dagbag.py:545} INFO - Filling up the DagBag from /home/airflow/.local/lib/python3.11/site-packages/airflow/example_dags/example_bash_decorator.py
[2024-07-13T00:54:36.591+0000] {processor.py:840} INFO - DAG(s) 'example_bash_decorator' retrieved from /home/airflow/.local/lib/python3.11/site-packages/airflow/example_dags/example_bash_decorator.py
[2024-07-13T00:54:36.643+0000] {logging_mixin.py:188} INFO - [2024-07-13T00:54:36.643+0000] {dag.py:3096} INFO - Sync 1 DAGs
[2024-07-13T00:54:36.665+0000] {logging_mixin.py:188} INFO - [2024-07-13T00:54:36.665+0000] {dag.py:3954} INFO - Setting next_dagrun for example_bash_decorator to None, run_after=None
[2024-07-13T00:54:36.702+0000] {processor.py:183} INFO - Processing /home/airflow/.local/lib/python3.11/site-packages/airflow/example_dags/example_bash_decorator.py took 0.152 seconds
[2024-07-13T00:55:06.764+0000] {processor.py:161} INFO - Started process (PID=1299) to work on /home/airflow/.local/lib/python3.11/site-packages/airflow/example_dags/example_bash_decorator.py
[2024-07-13T00:55:06.767+0000] {processor.py:830} INFO - Processing file /home/airflow/.local/lib/python3.11/site-packages/airflow/example_dags/example_bash_decorator.py for tasks to queue
[2024-07-13T00:55:06.770+0000] {logging_mixin.py:188} INFO - [2024-07-13T00:55:06.770+0000] {dagbag.py:545} INFO - Filling up the DagBag from /home/airflow/.local/lib/python3.11/site-packages/airflow/example_dags/example_bash_decorator.py
[2024-07-13T00:55:06.795+0000] {processor.py:840} INFO - DAG(s) 'example_bash_decorator' retrieved from /home/airflow/.local/lib/python3.11/site-packages/airflow/example_dags/example_bash_decorator.py
[2024-07-13T00:55:06.842+0000] {logging_mixin.py:188} INFO - [2024-07-13T00:55:06.841+0000] {dag.py:3096} INFO - Sync 1 DAGs
[2024-07-13T00:55:06.865+0000] {logging_mixin.py:188} INFO - [2024-07-13T00:55:06.864+0000] {dag.py:3954} INFO - Setting next_dagrun for example_bash_decorator to None, run_after=None
[2024-07-13T00:55:06.900+0000] {processor.py:183} INFO - Processing /home/airflow/.local/lib/python3.11/site-packages/airflow/example_dags/example_bash_decorator.py took 0.148 seconds
[2024-07-13T00:58:57.288+0000] {processor.py:161} INFO - Started process (PID=45) to work on /home/airflow/.local/lib/python3.11/site-packages/airflow/example_dags/example_bash_decorator.py
[2024-07-13T00:58:57.290+0000] {processor.py:830} INFO - Processing file /home/airflow/.local/lib/python3.11/site-packages/airflow/example_dags/example_bash_decorator.py for tasks to queue
[2024-07-13T00:58:57.294+0000] {logging_mixin.py:188} INFO - [2024-07-13T00:58:57.294+0000] {dagbag.py:545} INFO - Filling up the DagBag from /home/airflow/.local/lib/python3.11/site-packages/airflow/example_dags/example_bash_decorator.py
[2024-07-13T00:58:57.334+0000] {processor.py:840} INFO - DAG(s) 'example_bash_decorator' retrieved from /home/airflow/.local/lib/python3.11/site-packages/airflow/example_dags/example_bash_decorator.py
[2024-07-13T00:58:57.574+0000] {logging_mixin.py:188} INFO - [2024-07-13T00:58:57.574+0000] {dag.py:3096} INFO - Sync 1 DAGs
[2024-07-13T00:58:57.601+0000] {logging_mixin.py:188} INFO - [2024-07-13T00:58:57.600+0000] {dag.py:3954} INFO - Setting next_dagrun for example_bash_decorator to None, run_after=None
[2024-07-13T00:58:57.644+0000] {processor.py:183} INFO - Processing /home/airflow/.local/lib/python3.11/site-packages/airflow/example_dags/example_bash_decorator.py took 0.372 seconds
[2024-07-13T00:59:29.462+0000] {processor.py:161} INFO - Started process (PID=107) to work on /home/airflow/.local/lib/python3.11/site-packages/airflow/example_dags/example_bash_decorator.py
[2024-07-13T00:59:29.465+0000] {processor.py:830} INFO - Processing file /home/airflow/.local/lib/python3.11/site-packages/airflow/example_dags/example_bash_decorator.py for tasks to queue
[2024-07-13T00:59:29.469+0000] {logging_mixin.py:188} INFO - [2024-07-13T00:59:29.468+0000] {dagbag.py:545} INFO - Filling up the DagBag from /home/airflow/.local/lib/python3.11/site-packages/airflow/example_dags/example_bash_decorator.py
[2024-07-13T00:59:29.502+0000] {processor.py:840} INFO - DAG(s) 'example_bash_decorator' retrieved from /home/airflow/.local/lib/python3.11/site-packages/airflow/example_dags/example_bash_decorator.py
[2024-07-13T00:59:29.548+0000] {logging_mixin.py:188} INFO - [2024-07-13T00:59:29.547+0000] {dag.py:3096} INFO - Sync 1 DAGs
[2024-07-13T00:59:29.575+0000] {logging_mixin.py:188} INFO - [2024-07-13T00:59:29.575+0000] {dag.py:3954} INFO - Setting next_dagrun for example_bash_decorator to None, run_after=None
[2024-07-13T00:59:29.608+0000] {processor.py:183} INFO - Processing /home/airflow/.local/lib/python3.11/site-packages/airflow/example_dags/example_bash_decorator.py took 0.160 seconds
[2024-07-13T01:00:02.215+0000] {processor.py:161} INFO - Started process (PID=168) to work on /home/airflow/.local/lib/python3.11/site-packages/airflow/example_dags/example_bash_decorator.py
[2024-07-13T01:00:02.217+0000] {processor.py:830} INFO - Processing file /home/airflow/.local/lib/python3.11/site-packages/airflow/example_dags/example_bash_decorator.py for tasks to queue
[2024-07-13T01:00:02.221+0000] {logging_mixin.py:188} INFO - [2024-07-13T01:00:02.220+0000] {dagbag.py:545} INFO - Filling up the DagBag from /home/airflow/.local/lib/python3.11/site-packages/airflow/example_dags/example_bash_decorator.py
[2024-07-13T01:00:02.246+0000] {processor.py:840} INFO - DAG(s) 'example_bash_decorator' retrieved from /home/airflow/.local/lib/python3.11/site-packages/airflow/example_dags/example_bash_decorator.py
[2024-07-13T01:00:02.297+0000] {logging_mixin.py:188} INFO - [2024-07-13T01:00:02.296+0000] {dag.py:3096} INFO - Sync 1 DAGs
[2024-07-13T01:00:02.325+0000] {logging_mixin.py:188} INFO - [2024-07-13T01:00:02.325+0000] {dag.py:3954} INFO - Setting next_dagrun for example_bash_decorator to None, run_after=None
[2024-07-13T01:00:02.357+0000] {processor.py:183} INFO - Processing /home/airflow/.local/lib/python3.11/site-packages/airflow/example_dags/example_bash_decorator.py took 0.156 seconds
[2024-07-13T01:00:35.200+0000] {processor.py:161} INFO - Started process (PID=230) to work on /home/airflow/.local/lib/python3.11/site-packages/airflow/example_dags/example_bash_decorator.py
[2024-07-13T01:00:35.203+0000] {processor.py:830} INFO - Processing file /home/airflow/.local/lib/python3.11/site-packages/airflow/example_dags/example_bash_decorator.py for tasks to queue
[2024-07-13T01:00:35.206+0000] {logging_mixin.py:188} INFO - [2024-07-13T01:00:35.206+0000] {dagbag.py:545} INFO - Filling up the DagBag from /home/airflow/.local/lib/python3.11/site-packages/airflow/example_dags/example_bash_decorator.py
[2024-07-13T01:00:35.231+0000] {processor.py:840} INFO - DAG(s) 'example_bash_decorator' retrieved from /home/airflow/.local/lib/python3.11/site-packages/airflow/example_dags/example_bash_decorator.py
[2024-07-13T01:00:35.272+0000] {logging_mixin.py:188} INFO - [2024-07-13T01:00:35.272+0000] {dag.py:3096} INFO - Sync 1 DAGs
[2024-07-13T01:00:35.292+0000] {logging_mixin.py:188} INFO - [2024-07-13T01:00:35.292+0000] {dag.py:3954} INFO - Setting next_dagrun for example_bash_decorator to None, run_after=None
[2024-07-13T01:00:35.319+0000] {processor.py:183} INFO - Processing /home/airflow/.local/lib/python3.11/site-packages/airflow/example_dags/example_bash_decorator.py took 0.131 seconds
[2024-07-13T01:01:08.486+0000] {processor.py:161} INFO - Started process (PID=298) to work on /home/airflow/.local/lib/python3.11/site-packages/airflow/example_dags/example_bash_decorator.py
[2024-07-13T01:01:08.488+0000] {processor.py:830} INFO - Processing file /home/airflow/.local/lib/python3.11/site-packages/airflow/example_dags/example_bash_decorator.py for tasks to queue
[2024-07-13T01:01:08.492+0000] {logging_mixin.py:188} INFO - [2024-07-13T01:01:08.491+0000] {dagbag.py:545} INFO - Filling up the DagBag from /home/airflow/.local/lib/python3.11/site-packages/airflow/example_dags/example_bash_decorator.py
[2024-07-13T01:01:08.519+0000] {processor.py:840} INFO - DAG(s) 'example_bash_decorator' retrieved from /home/airflow/.local/lib/python3.11/site-packages/airflow/example_dags/example_bash_decorator.py
[2024-07-13T01:01:08.568+0000] {logging_mixin.py:188} INFO - [2024-07-13T01:01:08.568+0000] {dag.py:3096} INFO - Sync 1 DAGs
[2024-07-13T01:01:08.592+0000] {logging_mixin.py:188} INFO - [2024-07-13T01:01:08.592+0000] {dag.py:3954} INFO - Setting next_dagrun for example_bash_decorator to None, run_after=None
[2024-07-13T01:01:08.627+0000] {processor.py:183} INFO - Processing /home/airflow/.local/lib/python3.11/site-packages/airflow/example_dags/example_bash_decorator.py took 0.153 seconds
[2024-07-13T01:01:41.957+0000] {processor.py:161} INFO - Started process (PID=360) to work on /home/airflow/.local/lib/python3.11/site-packages/airflow/example_dags/example_bash_decorator.py
[2024-07-13T01:01:41.960+0000] {processor.py:830} INFO - Processing file /home/airflow/.local/lib/python3.11/site-packages/airflow/example_dags/example_bash_decorator.py for tasks to queue
[2024-07-13T01:01:41.963+0000] {logging_mixin.py:188} INFO - [2024-07-13T01:01:41.963+0000] {dagbag.py:545} INFO - Filling up the DagBag from /home/airflow/.local/lib/python3.11/site-packages/airflow/example_dags/example_bash_decorator.py
[2024-07-13T01:01:41.990+0000] {processor.py:840} INFO - DAG(s) 'example_bash_decorator' retrieved from /home/airflow/.local/lib/python3.11/site-packages/airflow/example_dags/example_bash_decorator.py
[2024-07-13T01:01:42.038+0000] {logging_mixin.py:188} INFO - [2024-07-13T01:01:42.038+0000] {dag.py:3096} INFO - Sync 1 DAGs
[2024-07-13T01:01:42.061+0000] {logging_mixin.py:188} INFO - [2024-07-13T01:01:42.061+0000] {dag.py:3954} INFO - Setting next_dagrun for example_bash_decorator to None, run_after=None
[2024-07-13T01:01:42.097+0000] {processor.py:183} INFO - Processing /home/airflow/.local/lib/python3.11/site-packages/airflow/example_dags/example_bash_decorator.py took 0.153 seconds
[2024-07-13T01:02:15.921+0000] {processor.py:161} INFO - Started process (PID=421) to work on /home/airflow/.local/lib/python3.11/site-packages/airflow/example_dags/example_bash_decorator.py
[2024-07-13T01:02:15.923+0000] {processor.py:830} INFO - Processing file /home/airflow/.local/lib/python3.11/site-packages/airflow/example_dags/example_bash_decorator.py for tasks to queue
[2024-07-13T01:02:15.928+0000] {logging_mixin.py:188} INFO - [2024-07-13T01:02:15.927+0000] {dagbag.py:545} INFO - Filling up the DagBag from /home/airflow/.local/lib/python3.11/site-packages/airflow/example_dags/example_bash_decorator.py
[2024-07-13T01:02:15.958+0000] {processor.py:840} INFO - DAG(s) 'example_bash_decorator' retrieved from /home/airflow/.local/lib/python3.11/site-packages/airflow/example_dags/example_bash_decorator.py
[2024-07-13T01:02:16.018+0000] {logging_mixin.py:188} INFO - [2024-07-13T01:02:16.018+0000] {dag.py:3096} INFO - Sync 1 DAGs
[2024-07-13T01:02:16.041+0000] {logging_mixin.py:188} INFO - [2024-07-13T01:02:16.040+0000] {dag.py:3954} INFO - Setting next_dagrun for example_bash_decorator to None, run_after=None
[2024-07-13T01:02:16.075+0000] {processor.py:183} INFO - Processing /home/airflow/.local/lib/python3.11/site-packages/airflow/example_dags/example_bash_decorator.py took 0.169 seconds
[2024-07-13T01:02:49.714+0000] {processor.py:161} INFO - Started process (PID=483) to work on /home/airflow/.local/lib/python3.11/site-packages/airflow/example_dags/example_bash_decorator.py
[2024-07-13T01:02:49.717+0000] {processor.py:830} INFO - Processing file /home/airflow/.local/lib/python3.11/site-packages/airflow/example_dags/example_bash_decorator.py for tasks to queue
[2024-07-13T01:02:49.721+0000] {logging_mixin.py:188} INFO - [2024-07-13T01:02:49.720+0000] {dagbag.py:545} INFO - Filling up the DagBag from /home/airflow/.local/lib/python3.11/site-packages/airflow/example_dags/example_bash_decorator.py
[2024-07-13T01:02:49.752+0000] {processor.py:840} INFO - DAG(s) 'example_bash_decorator' retrieved from /home/airflow/.local/lib/python3.11/site-packages/airflow/example_dags/example_bash_decorator.py
[2024-07-13T01:02:49.808+0000] {logging_mixin.py:188} INFO - [2024-07-13T01:02:49.807+0000] {dag.py:3096} INFO - Sync 1 DAGs
[2024-07-13T01:02:49.835+0000] {logging_mixin.py:188} INFO - [2024-07-13T01:02:49.834+0000] {dag.py:3954} INFO - Setting next_dagrun for example_bash_decorator to None, run_after=None
[2024-07-13T01:02:49.868+0000] {processor.py:183} INFO - Processing /home/airflow/.local/lib/python3.11/site-packages/airflow/example_dags/example_bash_decorator.py took 0.168 seconds
[2024-07-13T01:03:24.628+0000] {processor.py:161} INFO - Started process (PID=545) to work on /home/airflow/.local/lib/python3.11/site-packages/airflow/example_dags/example_bash_decorator.py
[2024-07-13T01:03:24.631+0000] {processor.py:830} INFO - Processing file /home/airflow/.local/lib/python3.11/site-packages/airflow/example_dags/example_bash_decorator.py for tasks to queue
[2024-07-13T01:03:24.636+0000] {logging_mixin.py:188} INFO - [2024-07-13T01:03:24.635+0000] {dagbag.py:545} INFO - Filling up the DagBag from /home/airflow/.local/lib/python3.11/site-packages/airflow/example_dags/example_bash_decorator.py
[2024-07-13T01:03:24.671+0000] {processor.py:840} INFO - DAG(s) 'example_bash_decorator' retrieved from /home/airflow/.local/lib/python3.11/site-packages/airflow/example_dags/example_bash_decorator.py
[2024-07-13T01:03:24.725+0000] {logging_mixin.py:188} INFO - [2024-07-13T01:03:24.725+0000] {dag.py:3096} INFO - Sync 1 DAGs
[2024-07-13T01:03:24.754+0000] {logging_mixin.py:188} INFO - [2024-07-13T01:03:24.753+0000] {dag.py:3954} INFO - Setting next_dagrun for example_bash_decorator to None, run_after=None
[2024-07-13T01:03:24.807+0000] {processor.py:183} INFO - Processing /home/airflow/.local/lib/python3.11/site-packages/airflow/example_dags/example_bash_decorator.py took 0.198 seconds
[2024-07-13T01:03:58.529+0000] {processor.py:161} INFO - Started process (PID=608) to work on /home/airflow/.local/lib/python3.11/site-packages/airflow/example_dags/example_bash_decorator.py
[2024-07-13T01:03:58.532+0000] {processor.py:830} INFO - Processing file /home/airflow/.local/lib/python3.11/site-packages/airflow/example_dags/example_bash_decorator.py for tasks to queue
[2024-07-13T01:03:58.538+0000] {logging_mixin.py:188} INFO - [2024-07-13T01:03:58.537+0000] {dagbag.py:545} INFO - Filling up the DagBag from /home/airflow/.local/lib/python3.11/site-packages/airflow/example_dags/example_bash_decorator.py
[2024-07-13T01:03:58.581+0000] {processor.py:840} INFO - DAG(s) 'example_bash_decorator' retrieved from /home/airflow/.local/lib/python3.11/site-packages/airflow/example_dags/example_bash_decorator.py
[2024-07-13T01:03:58.647+0000] {logging_mixin.py:188} INFO - [2024-07-13T01:03:58.646+0000] {dag.py:3096} INFO - Sync 1 DAGs
[2024-07-13T01:03:58.693+0000] {logging_mixin.py:188} INFO - [2024-07-13T01:03:58.692+0000] {dag.py:3954} INFO - Setting next_dagrun for example_bash_decorator to None, run_after=None
[2024-07-13T01:03:58.745+0000] {processor.py:183} INFO - Processing /home/airflow/.local/lib/python3.11/site-packages/airflow/example_dags/example_bash_decorator.py took 0.232 seconds
[2024-07-13T01:04:32.068+0000] {processor.py:161} INFO - Started process (PID=670) to work on /home/airflow/.local/lib/python3.11/site-packages/airflow/example_dags/example_bash_decorator.py
[2024-07-13T01:04:32.071+0000] {processor.py:830} INFO - Processing file /home/airflow/.local/lib/python3.11/site-packages/airflow/example_dags/example_bash_decorator.py for tasks to queue
[2024-07-13T01:04:32.076+0000] {logging_mixin.py:188} INFO - [2024-07-13T01:04:32.075+0000] {dagbag.py:545} INFO - Filling up the DagBag from /home/airflow/.local/lib/python3.11/site-packages/airflow/example_dags/example_bash_decorator.py
[2024-07-13T01:04:32.112+0000] {processor.py:840} INFO - DAG(s) 'example_bash_decorator' retrieved from /home/airflow/.local/lib/python3.11/site-packages/airflow/example_dags/example_bash_decorator.py
[2024-07-13T01:04:32.159+0000] {logging_mixin.py:188} INFO - [2024-07-13T01:04:32.158+0000] {dag.py:3096} INFO - Sync 1 DAGs
[2024-07-13T01:04:32.180+0000] {logging_mixin.py:188} INFO - [2024-07-13T01:04:32.180+0000] {dag.py:3954} INFO - Setting next_dagrun for example_bash_decorator to None, run_after=None
[2024-07-13T01:04:32.213+0000] {processor.py:183} INFO - Processing /home/airflow/.local/lib/python3.11/site-packages/airflow/example_dags/example_bash_decorator.py took 0.159 seconds
[2024-07-13T01:05:05.448+0000] {processor.py:161} INFO - Started process (PID=732) to work on /home/airflow/.local/lib/python3.11/site-packages/airflow/example_dags/example_bash_decorator.py
[2024-07-13T01:05:05.450+0000] {processor.py:830} INFO - Processing file /home/airflow/.local/lib/python3.11/site-packages/airflow/example_dags/example_bash_decorator.py for tasks to queue
[2024-07-13T01:05:05.455+0000] {logging_mixin.py:188} INFO - [2024-07-13T01:05:05.454+0000] {dagbag.py:545} INFO - Filling up the DagBag from /home/airflow/.local/lib/python3.11/site-packages/airflow/example_dags/example_bash_decorator.py
[2024-07-13T01:05:05.491+0000] {processor.py:840} INFO - DAG(s) 'example_bash_decorator' retrieved from /home/airflow/.local/lib/python3.11/site-packages/airflow/example_dags/example_bash_decorator.py
[2024-07-13T01:05:05.551+0000] {logging_mixin.py:188} INFO - [2024-07-13T01:05:05.550+0000] {dag.py:3096} INFO - Sync 1 DAGs
[2024-07-13T01:05:05.579+0000] {logging_mixin.py:188} INFO - [2024-07-13T01:05:05.579+0000] {dag.py:3954} INFO - Setting next_dagrun for example_bash_decorator to None, run_after=None
[2024-07-13T01:05:05.616+0000] {processor.py:183} INFO - Processing /home/airflow/.local/lib/python3.11/site-packages/airflow/example_dags/example_bash_decorator.py took 0.184 seconds
[2024-07-13T01:05:39.821+0000] {processor.py:161} INFO - Started process (PID=801) to work on /home/airflow/.local/lib/python3.11/site-packages/airflow/example_dags/example_bash_decorator.py
[2024-07-13T01:05:39.823+0000] {processor.py:830} INFO - Processing file /home/airflow/.local/lib/python3.11/site-packages/airflow/example_dags/example_bash_decorator.py for tasks to queue
[2024-07-13T01:05:39.827+0000] {logging_mixin.py:188} INFO - [2024-07-13T01:05:39.826+0000] {dagbag.py:545} INFO - Filling up the DagBag from /home/airflow/.local/lib/python3.11/site-packages/airflow/example_dags/example_bash_decorator.py
[2024-07-13T01:05:39.855+0000] {processor.py:840} INFO - DAG(s) 'example_bash_decorator' retrieved from /home/airflow/.local/lib/python3.11/site-packages/airflow/example_dags/example_bash_decorator.py
[2024-07-13T01:05:39.903+0000] {logging_mixin.py:188} INFO - [2024-07-13T01:05:39.902+0000] {dag.py:3096} INFO - Sync 1 DAGs
[2024-07-13T01:05:39.930+0000] {logging_mixin.py:188} INFO - [2024-07-13T01:05:39.929+0000] {dag.py:3954} INFO - Setting next_dagrun for example_bash_decorator to None, run_after=None
[2024-07-13T01:05:40.414+0000] {processor.py:183} INFO - Processing /home/airflow/.local/lib/python3.11/site-packages/airflow/example_dags/example_bash_decorator.py took 0.611 seconds
[2024-07-13T01:06:12.424+0000] {processor.py:161} INFO - Started process (PID=863) to work on /home/airflow/.local/lib/python3.11/site-packages/airflow/example_dags/example_bash_decorator.py
[2024-07-13T01:06:12.427+0000] {processor.py:830} INFO - Processing file /home/airflow/.local/lib/python3.11/site-packages/airflow/example_dags/example_bash_decorator.py for tasks to queue
[2024-07-13T01:06:12.432+0000] {logging_mixin.py:188} INFO - [2024-07-13T01:06:12.431+0000] {dagbag.py:545} INFO - Filling up the DagBag from /home/airflow/.local/lib/python3.11/site-packages/airflow/example_dags/example_bash_decorator.py
[2024-07-13T01:06:12.468+0000] {processor.py:840} INFO - DAG(s) 'example_bash_decorator' retrieved from /home/airflow/.local/lib/python3.11/site-packages/airflow/example_dags/example_bash_decorator.py
[2024-07-13T01:06:12.522+0000] {logging_mixin.py:188} INFO - [2024-07-13T01:06:12.522+0000] {dag.py:3096} INFO - Sync 1 DAGs
[2024-07-13T01:06:12.548+0000] {logging_mixin.py:188} INFO - [2024-07-13T01:06:12.547+0000] {dag.py:3954} INFO - Setting next_dagrun for example_bash_decorator to None, run_after=None
[2024-07-13T01:06:12.605+0000] {processor.py:183} INFO - Processing /home/airflow/.local/lib/python3.11/site-packages/airflow/example_dags/example_bash_decorator.py took 0.199 seconds
[2024-07-13T01:06:45.187+0000] {processor.py:161} INFO - Started process (PID=925) to work on /home/airflow/.local/lib/python3.11/site-packages/airflow/example_dags/example_bash_decorator.py
[2024-07-13T01:06:45.190+0000] {processor.py:830} INFO - Processing file /home/airflow/.local/lib/python3.11/site-packages/airflow/example_dags/example_bash_decorator.py for tasks to queue
[2024-07-13T01:06:45.195+0000] {logging_mixin.py:188} INFO - [2024-07-13T01:06:45.194+0000] {dagbag.py:545} INFO - Filling up the DagBag from /home/airflow/.local/lib/python3.11/site-packages/airflow/example_dags/example_bash_decorator.py
[2024-07-13T01:06:45.227+0000] {processor.py:840} INFO - DAG(s) 'example_bash_decorator' retrieved from /home/airflow/.local/lib/python3.11/site-packages/airflow/example_dags/example_bash_decorator.py
[2024-07-13T01:06:45.271+0000] {logging_mixin.py:188} INFO - [2024-07-13T01:06:45.271+0000] {dag.py:3096} INFO - Sync 1 DAGs
[2024-07-13T01:06:45.292+0000] {logging_mixin.py:188} INFO - [2024-07-13T01:06:45.291+0000] {dag.py:3954} INFO - Setting next_dagrun for example_bash_decorator to None, run_after=None
[2024-07-13T01:06:45.323+0000] {processor.py:183} INFO - Processing /home/airflow/.local/lib/python3.11/site-packages/airflow/example_dags/example_bash_decorator.py took 0.151 seconds
[2024-07-13T01:07:18.401+0000] {processor.py:161} INFO - Started process (PID=987) to work on /home/airflow/.local/lib/python3.11/site-packages/airflow/example_dags/example_bash_decorator.py
[2024-07-13T01:07:18.403+0000] {processor.py:830} INFO - Processing file /home/airflow/.local/lib/python3.11/site-packages/airflow/example_dags/example_bash_decorator.py for tasks to queue
[2024-07-13T01:07:18.406+0000] {logging_mixin.py:188} INFO - [2024-07-13T01:07:18.406+0000] {dagbag.py:545} INFO - Filling up the DagBag from /home/airflow/.local/lib/python3.11/site-packages/airflow/example_dags/example_bash_decorator.py
[2024-07-13T01:07:18.431+0000] {processor.py:840} INFO - DAG(s) 'example_bash_decorator' retrieved from /home/airflow/.local/lib/python3.11/site-packages/airflow/example_dags/example_bash_decorator.py
[2024-07-13T01:07:18.473+0000] {logging_mixin.py:188} INFO - [2024-07-13T01:07:18.472+0000] {dag.py:3096} INFO - Sync 1 DAGs
[2024-07-13T01:07:18.492+0000] {logging_mixin.py:188} INFO - [2024-07-13T01:07:18.491+0000] {dag.py:3954} INFO - Setting next_dagrun for example_bash_decorator to None, run_after=None
[2024-07-13T01:07:18.517+0000] {processor.py:183} INFO - Processing /home/airflow/.local/lib/python3.11/site-packages/airflow/example_dags/example_bash_decorator.py took 0.128 seconds
[2024-07-13T01:07:51.657+0000] {processor.py:161} INFO - Started process (PID=1049) to work on /home/airflow/.local/lib/python3.11/site-packages/airflow/example_dags/example_bash_decorator.py
[2024-07-13T01:07:51.660+0000] {processor.py:830} INFO - Processing file /home/airflow/.local/lib/python3.11/site-packages/airflow/example_dags/example_bash_decorator.py for tasks to queue
[2024-07-13T01:07:51.663+0000] {logging_mixin.py:188} INFO - [2024-07-13T01:07:51.663+0000] {dagbag.py:545} INFO - Filling up the DagBag from /home/airflow/.local/lib/python3.11/site-packages/airflow/example_dags/example_bash_decorator.py
[2024-07-13T01:07:51.699+0000] {processor.py:840} INFO - DAG(s) 'example_bash_decorator' retrieved from /home/airflow/.local/lib/python3.11/site-packages/airflow/example_dags/example_bash_decorator.py
[2024-07-13T01:07:51.748+0000] {logging_mixin.py:188} INFO - [2024-07-13T01:07:51.747+0000] {dag.py:3096} INFO - Sync 1 DAGs
[2024-07-13T01:07:51.778+0000] {logging_mixin.py:188} INFO - [2024-07-13T01:07:51.777+0000] {dag.py:3954} INFO - Setting next_dagrun for example_bash_decorator to None, run_after=None
[2024-07-13T01:07:51.815+0000] {processor.py:183} INFO - Processing /home/airflow/.local/lib/python3.11/site-packages/airflow/example_dags/example_bash_decorator.py took 0.171 seconds
[2024-07-13T01:08:25.301+0000] {processor.py:161} INFO - Started process (PID=1111) to work on /home/airflow/.local/lib/python3.11/site-packages/airflow/example_dags/example_bash_decorator.py
[2024-07-13T01:08:25.304+0000] {processor.py:830} INFO - Processing file /home/airflow/.local/lib/python3.11/site-packages/airflow/example_dags/example_bash_decorator.py for tasks to queue
[2024-07-13T01:08:25.307+0000] {logging_mixin.py:188} INFO - [2024-07-13T01:08:25.306+0000] {dagbag.py:545} INFO - Filling up the DagBag from /home/airflow/.local/lib/python3.11/site-packages/airflow/example_dags/example_bash_decorator.py
[2024-07-13T01:08:25.337+0000] {processor.py:840} INFO - DAG(s) 'example_bash_decorator' retrieved from /home/airflow/.local/lib/python3.11/site-packages/airflow/example_dags/example_bash_decorator.py
[2024-07-13T01:08:25.384+0000] {logging_mixin.py:188} INFO - [2024-07-13T01:08:25.383+0000] {dag.py:3096} INFO - Sync 1 DAGs
[2024-07-13T01:08:25.409+0000] {logging_mixin.py:188} INFO - [2024-07-13T01:08:25.408+0000] {dag.py:3954} INFO - Setting next_dagrun for example_bash_decorator to None, run_after=None
[2024-07-13T01:08:25.440+0000] {processor.py:183} INFO - Processing /home/airflow/.local/lib/python3.11/site-packages/airflow/example_dags/example_bash_decorator.py took 0.150 seconds
[2024-07-13T01:08:58.406+0000] {processor.py:161} INFO - Started process (PID=1177) to work on /home/airflow/.local/lib/python3.11/site-packages/airflow/example_dags/example_bash_decorator.py
[2024-07-13T01:08:58.408+0000] {processor.py:830} INFO - Processing file /home/airflow/.local/lib/python3.11/site-packages/airflow/example_dags/example_bash_decorator.py for tasks to queue
[2024-07-13T01:08:58.411+0000] {logging_mixin.py:188} INFO - [2024-07-13T01:08:58.411+0000] {dagbag.py:545} INFO - Filling up the DagBag from /home/airflow/.local/lib/python3.11/site-packages/airflow/example_dags/example_bash_decorator.py
[2024-07-13T01:08:58.439+0000] {processor.py:840} INFO - DAG(s) 'example_bash_decorator' retrieved from /home/airflow/.local/lib/python3.11/site-packages/airflow/example_dags/example_bash_decorator.py
[2024-07-13T01:08:58.486+0000] {logging_mixin.py:188} INFO - [2024-07-13T01:08:58.485+0000] {dag.py:3096} INFO - Sync 1 DAGs
[2024-07-13T01:08:58.507+0000] {logging_mixin.py:188} INFO - [2024-07-13T01:08:58.507+0000] {dag.py:3954} INFO - Setting next_dagrun for example_bash_decorator to None, run_after=None
[2024-07-13T01:08:58.539+0000] {processor.py:183} INFO - Processing /home/airflow/.local/lib/python3.11/site-packages/airflow/example_dags/example_bash_decorator.py took 0.146 seconds
[2024-07-13T01:11:16.145+0000] {processor.py:161} INFO - Started process (PID=43) to work on /home/airflow/.local/lib/python3.11/site-packages/airflow/example_dags/example_bash_decorator.py
[2024-07-13T01:11:16.148+0000] {processor.py:830} INFO - Processing file /home/airflow/.local/lib/python3.11/site-packages/airflow/example_dags/example_bash_decorator.py for tasks to queue
[2024-07-13T01:11:16.152+0000] {logging_mixin.py:188} INFO - [2024-07-13T01:11:16.151+0000] {dagbag.py:545} INFO - Filling up the DagBag from /home/airflow/.local/lib/python3.11/site-packages/airflow/example_dags/example_bash_decorator.py
[2024-07-13T01:11:16.193+0000] {processor.py:840} INFO - DAG(s) 'example_bash_decorator' retrieved from /home/airflow/.local/lib/python3.11/site-packages/airflow/example_dags/example_bash_decorator.py
[2024-07-13T01:11:16.398+0000] {logging_mixin.py:188} INFO - [2024-07-13T01:11:16.397+0000] {dag.py:3096} INFO - Sync 1 DAGs
[2024-07-13T01:11:16.420+0000] {logging_mixin.py:188} INFO - [2024-07-13T01:11:16.420+0000] {dag.py:3954} INFO - Setting next_dagrun for example_bash_decorator to None, run_after=None
[2024-07-13T01:11:16.459+0000] {processor.py:183} INFO - Processing /home/airflow/.local/lib/python3.11/site-packages/airflow/example_dags/example_bash_decorator.py took 0.330 seconds
[2024-07-13T01:11:48.851+0000] {processor.py:161} INFO - Started process (PID=104) to work on /home/airflow/.local/lib/python3.11/site-packages/airflow/example_dags/example_bash_decorator.py
[2024-07-13T01:11:48.855+0000] {processor.py:830} INFO - Processing file /home/airflow/.local/lib/python3.11/site-packages/airflow/example_dags/example_bash_decorator.py for tasks to queue
[2024-07-13T01:11:48.859+0000] {logging_mixin.py:188} INFO - [2024-07-13T01:11:48.858+0000] {dagbag.py:545} INFO - Filling up the DagBag from /home/airflow/.local/lib/python3.11/site-packages/airflow/example_dags/example_bash_decorator.py
[2024-07-13T01:11:48.887+0000] {processor.py:840} INFO - DAG(s) 'example_bash_decorator' retrieved from /home/airflow/.local/lib/python3.11/site-packages/airflow/example_dags/example_bash_decorator.py
[2024-07-13T01:11:48.940+0000] {logging_mixin.py:188} INFO - [2024-07-13T01:11:48.939+0000] {dag.py:3096} INFO - Sync 1 DAGs
[2024-07-13T01:11:48.968+0000] {logging_mixin.py:188} INFO - [2024-07-13T01:11:48.968+0000] {dag.py:3954} INFO - Setting next_dagrun for example_bash_decorator to None, run_after=None
[2024-07-13T01:11:48.997+0000] {processor.py:183} INFO - Processing /home/airflow/.local/lib/python3.11/site-packages/airflow/example_dags/example_bash_decorator.py took 0.160 seconds
[2024-07-13T01:12:22.622+0000] {processor.py:161} INFO - Started process (PID=166) to work on /home/airflow/.local/lib/python3.11/site-packages/airflow/example_dags/example_bash_decorator.py
[2024-07-13T01:12:22.624+0000] {processor.py:830} INFO - Processing file /home/airflow/.local/lib/python3.11/site-packages/airflow/example_dags/example_bash_decorator.py for tasks to queue
[2024-07-13T01:12:22.628+0000] {logging_mixin.py:188} INFO - [2024-07-13T01:12:22.627+0000] {dagbag.py:545} INFO - Filling up the DagBag from /home/airflow/.local/lib/python3.11/site-packages/airflow/example_dags/example_bash_decorator.py
[2024-07-13T01:12:22.658+0000] {processor.py:840} INFO - DAG(s) 'example_bash_decorator' retrieved from /home/airflow/.local/lib/python3.11/site-packages/airflow/example_dags/example_bash_decorator.py
[2024-07-13T01:12:22.712+0000] {logging_mixin.py:188} INFO - [2024-07-13T01:12:22.712+0000] {dag.py:3096} INFO - Sync 1 DAGs
[2024-07-13T01:12:22.739+0000] {logging_mixin.py:188} INFO - [2024-07-13T01:12:22.739+0000] {dag.py:3954} INFO - Setting next_dagrun for example_bash_decorator to None, run_after=None
[2024-07-13T01:12:22.777+0000] {processor.py:183} INFO - Processing /home/airflow/.local/lib/python3.11/site-packages/airflow/example_dags/example_bash_decorator.py took 0.170 seconds
[2024-07-13T01:12:55.220+0000] {processor.py:161} INFO - Started process (PID=228) to work on /home/airflow/.local/lib/python3.11/site-packages/airflow/example_dags/example_bash_decorator.py
[2024-07-13T01:12:55.223+0000] {processor.py:830} INFO - Processing file /home/airflow/.local/lib/python3.11/site-packages/airflow/example_dags/example_bash_decorator.py for tasks to queue
[2024-07-13T01:12:55.226+0000] {logging_mixin.py:188} INFO - [2024-07-13T01:12:55.226+0000] {dagbag.py:545} INFO - Filling up the DagBag from /home/airflow/.local/lib/python3.11/site-packages/airflow/example_dags/example_bash_decorator.py
[2024-07-13T01:12:55.255+0000] {processor.py:840} INFO - DAG(s) 'example_bash_decorator' retrieved from /home/airflow/.local/lib/python3.11/site-packages/airflow/example_dags/example_bash_decorator.py
[2024-07-13T01:12:55.305+0000] {logging_mixin.py:188} INFO - [2024-07-13T01:12:55.304+0000] {dag.py:3096} INFO - Sync 1 DAGs
[2024-07-13T01:12:55.334+0000] {logging_mixin.py:188} INFO - [2024-07-13T01:12:55.334+0000] {dag.py:3954} INFO - Setting next_dagrun for example_bash_decorator to None, run_after=None
[2024-07-13T01:12:55.367+0000] {processor.py:183} INFO - Processing /home/airflow/.local/lib/python3.11/site-packages/airflow/example_dags/example_bash_decorator.py took 0.160 seconds
[2024-07-13T01:13:29.606+0000] {processor.py:161} INFO - Started process (PID=297) to work on /home/airflow/.local/lib/python3.11/site-packages/airflow/example_dags/example_bash_decorator.py
[2024-07-13T01:13:29.609+0000] {processor.py:830} INFO - Processing file /home/airflow/.local/lib/python3.11/site-packages/airflow/example_dags/example_bash_decorator.py for tasks to queue
[2024-07-13T01:13:29.613+0000] {logging_mixin.py:188} INFO - [2024-07-13T01:13:29.612+0000] {dagbag.py:545} INFO - Filling up the DagBag from /home/airflow/.local/lib/python3.11/site-packages/airflow/example_dags/example_bash_decorator.py
[2024-07-13T01:13:29.652+0000] {processor.py:840} INFO - DAG(s) 'example_bash_decorator' retrieved from /home/airflow/.local/lib/python3.11/site-packages/airflow/example_dags/example_bash_decorator.py
[2024-07-13T01:13:29.710+0000] {logging_mixin.py:188} INFO - [2024-07-13T01:13:29.709+0000] {dag.py:3096} INFO - Sync 1 DAGs
[2024-07-13T01:13:29.737+0000] {logging_mixin.py:188} INFO - [2024-07-13T01:13:29.737+0000] {dag.py:3954} INFO - Setting next_dagrun for example_bash_decorator to None, run_after=None
[2024-07-13T01:13:29.772+0000] {processor.py:183} INFO - Processing /home/airflow/.local/lib/python3.11/site-packages/airflow/example_dags/example_bash_decorator.py took 0.183 seconds
[2024-07-13T01:14:02.565+0000] {processor.py:161} INFO - Started process (PID=359) to work on /home/airflow/.local/lib/python3.11/site-packages/airflow/example_dags/example_bash_decorator.py
[2024-07-13T01:14:02.569+0000] {processor.py:830} INFO - Processing file /home/airflow/.local/lib/python3.11/site-packages/airflow/example_dags/example_bash_decorator.py for tasks to queue
[2024-07-13T01:14:02.572+0000] {logging_mixin.py:188} INFO - [2024-07-13T01:14:02.572+0000] {dagbag.py:545} INFO - Filling up the DagBag from /home/airflow/.local/lib/python3.11/site-packages/airflow/example_dags/example_bash_decorator.py
[2024-07-13T01:14:02.598+0000] {processor.py:840} INFO - DAG(s) 'example_bash_decorator' retrieved from /home/airflow/.local/lib/python3.11/site-packages/airflow/example_dags/example_bash_decorator.py
[2024-07-13T01:14:02.651+0000] {logging_mixin.py:188} INFO - [2024-07-13T01:14:02.650+0000] {dag.py:3096} INFO - Sync 1 DAGs
[2024-07-13T01:14:02.673+0000] {logging_mixin.py:188} INFO - [2024-07-13T01:14:02.673+0000] {dag.py:3954} INFO - Setting next_dagrun for example_bash_decorator to None, run_after=None
[2024-07-13T01:14:02.709+0000] {processor.py:183} INFO - Processing /home/airflow/.local/lib/python3.11/site-packages/airflow/example_dags/example_bash_decorator.py took 0.156 seconds
[2024-07-13T01:14:36.509+0000] {processor.py:161} INFO - Started process (PID=421) to work on /home/airflow/.local/lib/python3.11/site-packages/airflow/example_dags/example_bash_decorator.py
[2024-07-13T01:14:36.510+0000] {processor.py:830} INFO - Processing file /home/airflow/.local/lib/python3.11/site-packages/airflow/example_dags/example_bash_decorator.py for tasks to queue
[2024-07-13T01:14:36.514+0000] {logging_mixin.py:188} INFO - [2024-07-13T01:14:36.513+0000] {dagbag.py:545} INFO - Filling up the DagBag from /home/airflow/.local/lib/python3.11/site-packages/airflow/example_dags/example_bash_decorator.py
[2024-07-13T01:14:36.548+0000] {processor.py:840} INFO - DAG(s) 'example_bash_decorator' retrieved from /home/airflow/.local/lib/python3.11/site-packages/airflow/example_dags/example_bash_decorator.py
[2024-07-13T01:14:36.601+0000] {logging_mixin.py:188} INFO - [2024-07-13T01:14:36.600+0000] {dag.py:3096} INFO - Sync 1 DAGs
[2024-07-13T01:14:36.625+0000] {logging_mixin.py:188} INFO - [2024-07-13T01:14:36.625+0000] {dag.py:3954} INFO - Setting next_dagrun for example_bash_decorator to None, run_after=None
[2024-07-13T01:14:36.659+0000] {processor.py:183} INFO - Processing /home/airflow/.local/lib/python3.11/site-packages/airflow/example_dags/example_bash_decorator.py took 0.162 seconds
[2024-07-13T01:15:10.774+0000] {processor.py:161} INFO - Started process (PID=483) to work on /home/airflow/.local/lib/python3.11/site-packages/airflow/example_dags/example_bash_decorator.py
[2024-07-13T01:15:10.777+0000] {processor.py:830} INFO - Processing file /home/airflow/.local/lib/python3.11/site-packages/airflow/example_dags/example_bash_decorator.py for tasks to queue
[2024-07-13T01:15:10.783+0000] {logging_mixin.py:188} INFO - [2024-07-13T01:15:10.782+0000] {dagbag.py:545} INFO - Filling up the DagBag from /home/airflow/.local/lib/python3.11/site-packages/airflow/example_dags/example_bash_decorator.py
[2024-07-13T01:15:10.822+0000] {processor.py:840} INFO - DAG(s) 'example_bash_decorator' retrieved from /home/airflow/.local/lib/python3.11/site-packages/airflow/example_dags/example_bash_decorator.py
[2024-07-13T01:15:10.872+0000] {logging_mixin.py:188} INFO - [2024-07-13T01:15:10.871+0000] {dag.py:3096} INFO - Sync 1 DAGs
[2024-07-13T01:15:10.895+0000] {logging_mixin.py:188} INFO - [2024-07-13T01:15:10.895+0000] {dag.py:3954} INFO - Setting next_dagrun for example_bash_decorator to None, run_after=None
[2024-07-13T01:15:10.922+0000] {processor.py:183} INFO - Processing /home/airflow/.local/lib/python3.11/site-packages/airflow/example_dags/example_bash_decorator.py took 0.165 seconds
[2024-07-13T01:15:44.440+0000] {processor.py:161} INFO - Started process (PID=544) to work on /home/airflow/.local/lib/python3.11/site-packages/airflow/example_dags/example_bash_decorator.py
[2024-07-13T01:15:44.443+0000] {processor.py:830} INFO - Processing file /home/airflow/.local/lib/python3.11/site-packages/airflow/example_dags/example_bash_decorator.py for tasks to queue
[2024-07-13T01:15:44.448+0000] {logging_mixin.py:188} INFO - [2024-07-13T01:15:44.447+0000] {dagbag.py:545} INFO - Filling up the DagBag from /home/airflow/.local/lib/python3.11/site-packages/airflow/example_dags/example_bash_decorator.py
[2024-07-13T01:15:44.508+0000] {processor.py:840} INFO - DAG(s) 'example_bash_decorator' retrieved from /home/airflow/.local/lib/python3.11/site-packages/airflow/example_dags/example_bash_decorator.py
[2024-07-13T01:15:44.570+0000] {logging_mixin.py:188} INFO - [2024-07-13T01:15:44.569+0000] {dag.py:3096} INFO - Sync 1 DAGs
[2024-07-13T01:15:44.605+0000] {logging_mixin.py:188} INFO - [2024-07-13T01:15:44.604+0000] {dag.py:3954} INFO - Setting next_dagrun for example_bash_decorator to None, run_after=None
[2024-07-13T01:15:44.641+0000] {processor.py:183} INFO - Processing /home/airflow/.local/lib/python3.11/site-packages/airflow/example_dags/example_bash_decorator.py took 0.221 seconds
[2024-07-13T01:16:17.401+0000] {processor.py:161} INFO - Started process (PID=607) to work on /home/airflow/.local/lib/python3.11/site-packages/airflow/example_dags/example_bash_decorator.py
[2024-07-13T01:16:17.403+0000] {processor.py:830} INFO - Processing file /home/airflow/.local/lib/python3.11/site-packages/airflow/example_dags/example_bash_decorator.py for tasks to queue
[2024-07-13T01:16:17.407+0000] {logging_mixin.py:188} INFO - [2024-07-13T01:16:17.406+0000] {dagbag.py:545} INFO - Filling up the DagBag from /home/airflow/.local/lib/python3.11/site-packages/airflow/example_dags/example_bash_decorator.py
[2024-07-13T01:16:17.438+0000] {processor.py:840} INFO - DAG(s) 'example_bash_decorator' retrieved from /home/airflow/.local/lib/python3.11/site-packages/airflow/example_dags/example_bash_decorator.py
[2024-07-13T01:16:17.490+0000] {logging_mixin.py:188} INFO - [2024-07-13T01:16:17.490+0000] {dag.py:3096} INFO - Sync 1 DAGs
[2024-07-13T01:16:17.519+0000] {logging_mixin.py:188} INFO - [2024-07-13T01:16:17.519+0000] {dag.py:3954} INFO - Setting next_dagrun for example_bash_decorator to None, run_after=None
[2024-07-13T01:16:17.548+0000] {processor.py:183} INFO - Processing /home/airflow/.local/lib/python3.11/site-packages/airflow/example_dags/example_bash_decorator.py took 0.162 seconds
