[2024-07-13T00:28:00.084+0000] {processor.py:161} INFO - Started process (PID=50) to work on /home/airflow/.local/lib/python3.11/site-packages/airflow/example_dags/example_params_ui_tutorial.py
[2024-07-13T00:28:00.085+0000] {processor.py:830} INFO - Processing file /home/airflow/.local/lib/python3.11/site-packages/airflow/example_dags/example_params_ui_tutorial.py for tasks to queue
[2024-07-13T00:28:00.087+0000] {logging_mixin.py:188} INFO - [2024-07-13T00:28:00.086+0000] {dagbag.py:545} INFO - Filling up the DagBag from /home/airflow/.local/lib/python3.11/site-packages/airflow/example_dags/example_params_ui_tutorial.py
[2024-07-13T00:28:00.117+0000] {processor.py:840} INFO - DAG(s) 'example_params_ui_tutorial' retrieved from /home/airflow/.local/lib/python3.11/site-packages/airflow/example_dags/example_params_ui_tutorial.py
[2024-07-13T00:28:00.391+0000] {logging_mixin.py:188} INFO - [2024-07-13T00:28:00.391+0000] {dag.py:3096} INFO - Sync 1 DAGs
[2024-07-13T00:28:00.414+0000] {logging_mixin.py:188} INFO - [2024-07-13T00:28:00.414+0000] {dag.py:3954} INFO - Setting next_dagrun for example_params_ui_tutorial to None, run_after=None
[2024-07-13T00:28:00.455+0000] {processor.py:183} INFO - Processing /home/airflow/.local/lib/python3.11/site-packages/airflow/example_dags/example_params_ui_tutorial.py took 0.386 seconds
[2024-07-13T00:28:32.565+0000] {processor.py:161} INFO - Started process (PID=112) to work on /home/airflow/.local/lib/python3.11/site-packages/airflow/example_dags/example_params_ui_tutorial.py
[2024-07-13T00:28:32.567+0000] {processor.py:830} INFO - Processing file /home/airflow/.local/lib/python3.11/site-packages/airflow/example_dags/example_params_ui_tutorial.py for tasks to queue
[2024-07-13T00:28:32.569+0000] {logging_mixin.py:188} INFO - [2024-07-13T00:28:32.568+0000] {dagbag.py:545} INFO - Filling up the DagBag from /home/airflow/.local/lib/python3.11/site-packages/airflow/example_dags/example_params_ui_tutorial.py
[2024-07-13T00:28:32.590+0000] {processor.py:840} INFO - DAG(s) 'example_params_ui_tutorial' retrieved from /home/airflow/.local/lib/python3.11/site-packages/airflow/example_dags/example_params_ui_tutorial.py
[2024-07-13T00:28:32.677+0000] {logging_mixin.py:188} INFO - [2024-07-13T00:28:32.676+0000] {dag.py:3096} INFO - Sync 1 DAGs
[2024-07-13T00:28:32.699+0000] {logging_mixin.py:188} INFO - [2024-07-13T00:28:32.699+0000] {dag.py:3954} INFO - Setting next_dagrun for example_params_ui_tutorial to None, run_after=None
[2024-07-13T00:28:32.729+0000] {processor.py:183} INFO - Processing /home/airflow/.local/lib/python3.11/site-packages/airflow/example_dags/example_params_ui_tutorial.py took 0.175 seconds
[2024-07-13T00:29:05.529+0000] {processor.py:161} INFO - Started process (PID=174) to work on /home/airflow/.local/lib/python3.11/site-packages/airflow/example_dags/example_params_ui_tutorial.py
[2024-07-13T00:29:05.530+0000] {processor.py:830} INFO - Processing file /home/airflow/.local/lib/python3.11/site-packages/airflow/example_dags/example_params_ui_tutorial.py for tasks to queue
[2024-07-13T00:29:05.532+0000] {logging_mixin.py:188} INFO - [2024-07-13T00:29:05.531+0000] {dagbag.py:545} INFO - Filling up the DagBag from /home/airflow/.local/lib/python3.11/site-packages/airflow/example_dags/example_params_ui_tutorial.py
[2024-07-13T00:29:05.553+0000] {processor.py:840} INFO - DAG(s) 'example_params_ui_tutorial' retrieved from /home/airflow/.local/lib/python3.11/site-packages/airflow/example_dags/example_params_ui_tutorial.py
[2024-07-13T00:29:05.655+0000] {logging_mixin.py:188} INFO - [2024-07-13T00:29:05.654+0000] {dag.py:3096} INFO - Sync 1 DAGs
[2024-07-13T00:29:05.678+0000] {logging_mixin.py:188} INFO - [2024-07-13T00:29:05.678+0000] {dag.py:3954} INFO - Setting next_dagrun for example_params_ui_tutorial to None, run_after=None
[2024-07-13T00:29:05.704+0000] {processor.py:183} INFO - Processing /home/airflow/.local/lib/python3.11/site-packages/airflow/example_dags/example_params_ui_tutorial.py took 0.187 seconds
[2024-07-13T00:29:38.658+0000] {processor.py:161} INFO - Started process (PID=236) to work on /home/airflow/.local/lib/python3.11/site-packages/airflow/example_dags/example_params_ui_tutorial.py
[2024-07-13T00:29:38.661+0000] {processor.py:830} INFO - Processing file /home/airflow/.local/lib/python3.11/site-packages/airflow/example_dags/example_params_ui_tutorial.py for tasks to queue
[2024-07-13T00:29:38.663+0000] {logging_mixin.py:188} INFO - [2024-07-13T00:29:38.662+0000] {dagbag.py:545} INFO - Filling up the DagBag from /home/airflow/.local/lib/python3.11/site-packages/airflow/example_dags/example_params_ui_tutorial.py
[2024-07-13T00:29:38.690+0000] {processor.py:840} INFO - DAG(s) 'example_params_ui_tutorial' retrieved from /home/airflow/.local/lib/python3.11/site-packages/airflow/example_dags/example_params_ui_tutorial.py
[2024-07-13T00:29:38.795+0000] {logging_mixin.py:188} INFO - [2024-07-13T00:29:38.794+0000] {dag.py:3096} INFO - Sync 1 DAGs
[2024-07-13T00:29:38.815+0000] {logging_mixin.py:188} INFO - [2024-07-13T00:29:38.815+0000] {dag.py:3954} INFO - Setting next_dagrun for example_params_ui_tutorial to None, run_after=None
[2024-07-13T00:29:38.842+0000] {processor.py:183} INFO - Processing /home/airflow/.local/lib/python3.11/site-packages/airflow/example_dags/example_params_ui_tutorial.py took 0.199 seconds
[2024-07-13T00:30:11.426+0000] {processor.py:161} INFO - Started process (PID=304) to work on /home/airflow/.local/lib/python3.11/site-packages/airflow/example_dags/example_params_ui_tutorial.py
[2024-07-13T00:30:11.428+0000] {processor.py:830} INFO - Processing file /home/airflow/.local/lib/python3.11/site-packages/airflow/example_dags/example_params_ui_tutorial.py for tasks to queue
[2024-07-13T00:30:11.429+0000] {logging_mixin.py:188} INFO - [2024-07-13T00:30:11.429+0000] {dagbag.py:545} INFO - Filling up the DagBag from /home/airflow/.local/lib/python3.11/site-packages/airflow/example_dags/example_params_ui_tutorial.py
[2024-07-13T00:30:11.451+0000] {processor.py:840} INFO - DAG(s) 'example_params_ui_tutorial' retrieved from /home/airflow/.local/lib/python3.11/site-packages/airflow/example_dags/example_params_ui_tutorial.py
[2024-07-13T00:30:11.557+0000] {logging_mixin.py:188} INFO - [2024-07-13T00:30:11.557+0000] {dag.py:3096} INFO - Sync 1 DAGs
[2024-07-13T00:30:11.588+0000] {logging_mixin.py:188} INFO - [2024-07-13T00:30:11.587+0000] {dag.py:3954} INFO - Setting next_dagrun for example_params_ui_tutorial to None, run_after=None
[2024-07-13T00:30:11.644+0000] {processor.py:183} INFO - Processing /home/airflow/.local/lib/python3.11/site-packages/airflow/example_dags/example_params_ui_tutorial.py took 0.229 seconds
[2024-07-13T00:30:44.567+0000] {processor.py:161} INFO - Started process (PID=367) to work on /home/airflow/.local/lib/python3.11/site-packages/airflow/example_dags/example_params_ui_tutorial.py
[2024-07-13T00:30:44.569+0000] {processor.py:830} INFO - Processing file /home/airflow/.local/lib/python3.11/site-packages/airflow/example_dags/example_params_ui_tutorial.py for tasks to queue
[2024-07-13T00:30:44.570+0000] {logging_mixin.py:188} INFO - [2024-07-13T00:30:44.569+0000] {dagbag.py:545} INFO - Filling up the DagBag from /home/airflow/.local/lib/python3.11/site-packages/airflow/example_dags/example_params_ui_tutorial.py
[2024-07-13T00:30:44.592+0000] {processor.py:840} INFO - DAG(s) 'example_params_ui_tutorial' retrieved from /home/airflow/.local/lib/python3.11/site-packages/airflow/example_dags/example_params_ui_tutorial.py
[2024-07-13T00:30:44.692+0000] {logging_mixin.py:188} INFO - [2024-07-13T00:30:44.691+0000] {dag.py:3096} INFO - Sync 1 DAGs
[2024-07-13T00:30:44.714+0000] {logging_mixin.py:188} INFO - [2024-07-13T00:30:44.713+0000] {dag.py:3954} INFO - Setting next_dagrun for example_params_ui_tutorial to None, run_after=None
[2024-07-13T00:30:44.740+0000] {processor.py:183} INFO - Processing /home/airflow/.local/lib/python3.11/site-packages/airflow/example_dags/example_params_ui_tutorial.py took 0.186 seconds
[2024-07-13T00:31:17.829+0000] {processor.py:161} INFO - Started process (PID=429) to work on /home/airflow/.local/lib/python3.11/site-packages/airflow/example_dags/example_params_ui_tutorial.py
[2024-07-13T00:31:17.831+0000] {processor.py:830} INFO - Processing file /home/airflow/.local/lib/python3.11/site-packages/airflow/example_dags/example_params_ui_tutorial.py for tasks to queue
[2024-07-13T00:31:17.832+0000] {logging_mixin.py:188} INFO - [2024-07-13T00:31:17.832+0000] {dagbag.py:545} INFO - Filling up the DagBag from /home/airflow/.local/lib/python3.11/site-packages/airflow/example_dags/example_params_ui_tutorial.py
[2024-07-13T00:31:17.855+0000] {processor.py:840} INFO - DAG(s) 'example_params_ui_tutorial' retrieved from /home/airflow/.local/lib/python3.11/site-packages/airflow/example_dags/example_params_ui_tutorial.py
[2024-07-13T00:31:17.951+0000] {logging_mixin.py:188} INFO - [2024-07-13T00:31:17.950+0000] {dag.py:3096} INFO - Sync 1 DAGs
[2024-07-13T00:31:17.975+0000] {logging_mixin.py:188} INFO - [2024-07-13T00:31:17.975+0000] {dag.py:3954} INFO - Setting next_dagrun for example_params_ui_tutorial to None, run_after=None
[2024-07-13T00:31:18.003+0000] {processor.py:183} INFO - Processing /home/airflow/.local/lib/python3.11/site-packages/airflow/example_dags/example_params_ui_tutorial.py took 0.187 seconds
[2024-07-13T00:31:52.038+0000] {processor.py:161} INFO - Started process (PID=491) to work on /home/airflow/.local/lib/python3.11/site-packages/airflow/example_dags/example_params_ui_tutorial.py
[2024-07-13T00:31:52.040+0000] {processor.py:830} INFO - Processing file /home/airflow/.local/lib/python3.11/site-packages/airflow/example_dags/example_params_ui_tutorial.py for tasks to queue
[2024-07-13T00:31:52.042+0000] {logging_mixin.py:188} INFO - [2024-07-13T00:31:52.041+0000] {dagbag.py:545} INFO - Filling up the DagBag from /home/airflow/.local/lib/python3.11/site-packages/airflow/example_dags/example_params_ui_tutorial.py
[2024-07-13T00:31:52.064+0000] {processor.py:840} INFO - DAG(s) 'example_params_ui_tutorial' retrieved from /home/airflow/.local/lib/python3.11/site-packages/airflow/example_dags/example_params_ui_tutorial.py
[2024-07-13T00:31:52.162+0000] {logging_mixin.py:188} INFO - [2024-07-13T00:31:52.162+0000] {dag.py:3096} INFO - Sync 1 DAGs
[2024-07-13T00:31:52.185+0000] {logging_mixin.py:188} INFO - [2024-07-13T00:31:52.185+0000] {dag.py:3954} INFO - Setting next_dagrun for example_params_ui_tutorial to None, run_after=None
[2024-07-13T00:31:52.218+0000] {processor.py:183} INFO - Processing /home/airflow/.local/lib/python3.11/site-packages/airflow/example_dags/example_params_ui_tutorial.py took 0.192 seconds
[2024-07-13T00:32:26.426+0000] {processor.py:161} INFO - Started process (PID=553) to work on /home/airflow/.local/lib/python3.11/site-packages/airflow/example_dags/example_params_ui_tutorial.py
[2024-07-13T00:32:26.428+0000] {processor.py:830} INFO - Processing file /home/airflow/.local/lib/python3.11/site-packages/airflow/example_dags/example_params_ui_tutorial.py for tasks to queue
[2024-07-13T00:32:26.430+0000] {logging_mixin.py:188} INFO - [2024-07-13T00:32:26.429+0000] {dagbag.py:545} INFO - Filling up the DagBag from /home/airflow/.local/lib/python3.11/site-packages/airflow/example_dags/example_params_ui_tutorial.py
[2024-07-13T00:32:26.454+0000] {processor.py:840} INFO - DAG(s) 'example_params_ui_tutorial' retrieved from /home/airflow/.local/lib/python3.11/site-packages/airflow/example_dags/example_params_ui_tutorial.py
[2024-07-13T00:32:26.562+0000] {logging_mixin.py:188} INFO - [2024-07-13T00:32:26.562+0000] {dag.py:3096} INFO - Sync 1 DAGs
[2024-07-13T00:32:26.582+0000] {logging_mixin.py:188} INFO - [2024-07-13T00:32:26.581+0000] {dag.py:3954} INFO - Setting next_dagrun for example_params_ui_tutorial to None, run_after=None
[2024-07-13T00:32:26.610+0000] {processor.py:183} INFO - Processing /home/airflow/.local/lib/python3.11/site-packages/airflow/example_dags/example_params_ui_tutorial.py took 0.197 seconds
[2024-07-13T00:33:00.162+0000] {processor.py:161} INFO - Started process (PID=615) to work on /home/airflow/.local/lib/python3.11/site-packages/airflow/example_dags/example_params_ui_tutorial.py
[2024-07-13T00:33:00.165+0000] {processor.py:830} INFO - Processing file /home/airflow/.local/lib/python3.11/site-packages/airflow/example_dags/example_params_ui_tutorial.py for tasks to queue
[2024-07-13T00:33:00.167+0000] {logging_mixin.py:188} INFO - [2024-07-13T00:33:00.166+0000] {dagbag.py:545} INFO - Filling up the DagBag from /home/airflow/.local/lib/python3.11/site-packages/airflow/example_dags/example_params_ui_tutorial.py
[2024-07-13T00:33:00.199+0000] {processor.py:840} INFO - DAG(s) 'example_params_ui_tutorial' retrieved from /home/airflow/.local/lib/python3.11/site-packages/airflow/example_dags/example_params_ui_tutorial.py
[2024-07-13T00:33:00.320+0000] {logging_mixin.py:188} INFO - [2024-07-13T00:33:00.319+0000] {dag.py:3096} INFO - Sync 1 DAGs
[2024-07-13T00:33:00.353+0000] {logging_mixin.py:188} INFO - [2024-07-13T00:33:00.353+0000] {dag.py:3954} INFO - Setting next_dagrun for example_params_ui_tutorial to None, run_after=None
[2024-07-13T00:33:00.421+0000] {processor.py:183} INFO - Processing /home/airflow/.local/lib/python3.11/site-packages/airflow/example_dags/example_params_ui_tutorial.py took 0.278 seconds
[2024-07-13T00:33:33.158+0000] {processor.py:161} INFO - Started process (PID=677) to work on /home/airflow/.local/lib/python3.11/site-packages/airflow/example_dags/example_params_ui_tutorial.py
[2024-07-13T00:33:33.159+0000] {processor.py:830} INFO - Processing file /home/airflow/.local/lib/python3.11/site-packages/airflow/example_dags/example_params_ui_tutorial.py for tasks to queue
[2024-07-13T00:33:33.160+0000] {logging_mixin.py:188} INFO - [2024-07-13T00:33:33.160+0000] {dagbag.py:545} INFO - Filling up the DagBag from /home/airflow/.local/lib/python3.11/site-packages/airflow/example_dags/example_params_ui_tutorial.py
[2024-07-13T00:33:33.182+0000] {processor.py:840} INFO - DAG(s) 'example_params_ui_tutorial' retrieved from /home/airflow/.local/lib/python3.11/site-packages/airflow/example_dags/example_params_ui_tutorial.py
[2024-07-13T00:33:33.270+0000] {logging_mixin.py:188} INFO - [2024-07-13T00:33:33.270+0000] {dag.py:3096} INFO - Sync 1 DAGs
[2024-07-13T00:33:33.295+0000] {logging_mixin.py:188} INFO - [2024-07-13T00:33:33.295+0000] {dag.py:3954} INFO - Setting next_dagrun for example_params_ui_tutorial to None, run_after=None
[2024-07-13T00:33:33.331+0000] {processor.py:183} INFO - Processing /home/airflow/.local/lib/python3.11/site-packages/airflow/example_dags/example_params_ui_tutorial.py took 0.185 seconds
[2024-07-13T00:35:47.854+0000] {processor.py:161} INFO - Started process (PID=51) to work on /home/airflow/.local/lib/python3.11/site-packages/airflow/example_dags/example_params_ui_tutorial.py
[2024-07-13T00:35:47.856+0000] {processor.py:830} INFO - Processing file /home/airflow/.local/lib/python3.11/site-packages/airflow/example_dags/example_params_ui_tutorial.py for tasks to queue
[2024-07-13T00:35:47.860+0000] {logging_mixin.py:188} INFO - [2024-07-13T00:35:47.860+0000] {dagbag.py:545} INFO - Filling up the DagBag from /home/airflow/.local/lib/python3.11/site-packages/airflow/example_dags/example_params_ui_tutorial.py
[2024-07-13T00:35:47.890+0000] {processor.py:840} INFO - DAG(s) 'example_params_ui_tutorial' retrieved from /home/airflow/.local/lib/python3.11/site-packages/airflow/example_dags/example_params_ui_tutorial.py
[2024-07-13T00:35:48.191+0000] {logging_mixin.py:188} INFO - [2024-07-13T00:35:48.190+0000] {dag.py:3096} INFO - Sync 1 DAGs
[2024-07-13T00:35:48.212+0000] {logging_mixin.py:188} INFO - [2024-07-13T00:35:48.211+0000] {dag.py:3954} INFO - Setting next_dagrun for example_params_ui_tutorial to None, run_after=None
[2024-07-13T00:35:48.249+0000] {processor.py:183} INFO - Processing /home/airflow/.local/lib/python3.11/site-packages/airflow/example_dags/example_params_ui_tutorial.py took 0.411 seconds
[2024-07-13T00:36:20.179+0000] {processor.py:161} INFO - Started process (PID=113) to work on /home/airflow/.local/lib/python3.11/site-packages/airflow/example_dags/example_params_ui_tutorial.py
[2024-07-13T00:36:20.180+0000] {processor.py:830} INFO - Processing file /home/airflow/.local/lib/python3.11/site-packages/airflow/example_dags/example_params_ui_tutorial.py for tasks to queue
[2024-07-13T00:36:20.184+0000] {logging_mixin.py:188} INFO - [2024-07-13T00:36:20.184+0000] {dagbag.py:545} INFO - Filling up the DagBag from /home/airflow/.local/lib/python3.11/site-packages/airflow/example_dags/example_params_ui_tutorial.py
[2024-07-13T00:36:20.211+0000] {processor.py:840} INFO - DAG(s) 'example_params_ui_tutorial' retrieved from /home/airflow/.local/lib/python3.11/site-packages/airflow/example_dags/example_params_ui_tutorial.py
[2024-07-13T00:36:20.305+0000] {logging_mixin.py:188} INFO - [2024-07-13T00:36:20.304+0000] {dag.py:3096} INFO - Sync 1 DAGs
[2024-07-13T00:36:20.325+0000] {logging_mixin.py:188} INFO - [2024-07-13T00:36:20.324+0000] {dag.py:3954} INFO - Setting next_dagrun for example_params_ui_tutorial to None, run_after=None
[2024-07-13T00:36:20.354+0000] {processor.py:183} INFO - Processing /home/airflow/.local/lib/python3.11/site-packages/airflow/example_dags/example_params_ui_tutorial.py took 0.191 seconds
[2024-07-13T00:38:18.986+0000] {processor.py:161} INFO - Started process (PID=49) to work on /home/airflow/.local/lib/python3.11/site-packages/airflow/example_dags/example_params_ui_tutorial.py
[2024-07-13T00:38:18.989+0000] {processor.py:830} INFO - Processing file /home/airflow/.local/lib/python3.11/site-packages/airflow/example_dags/example_params_ui_tutorial.py for tasks to queue
[2024-07-13T00:38:18.993+0000] {logging_mixin.py:188} INFO - [2024-07-13T00:38:18.992+0000] {dagbag.py:545} INFO - Filling up the DagBag from /home/airflow/.local/lib/python3.11/site-packages/airflow/example_dags/example_params_ui_tutorial.py
[2024-07-13T00:38:19.021+0000] {processor.py:840} INFO - DAG(s) 'example_params_ui_tutorial' retrieved from /home/airflow/.local/lib/python3.11/site-packages/airflow/example_dags/example_params_ui_tutorial.py
[2024-07-13T00:38:19.319+0000] {logging_mixin.py:188} INFO - [2024-07-13T00:38:19.319+0000] {dag.py:3096} INFO - Sync 1 DAGs
[2024-07-13T00:38:19.343+0000] {logging_mixin.py:188} INFO - [2024-07-13T00:38:19.342+0000] {dag.py:3954} INFO - Setting next_dagrun for example_params_ui_tutorial to None, run_after=None
[2024-07-13T00:38:19.385+0000] {processor.py:183} INFO - Processing /home/airflow/.local/lib/python3.11/site-packages/airflow/example_dags/example_params_ui_tutorial.py took 0.410 seconds
[2024-07-13T00:38:50.529+0000] {processor.py:161} INFO - Started process (PID=111) to work on /home/airflow/.local/lib/python3.11/site-packages/airflow/example_dags/example_params_ui_tutorial.py
[2024-07-13T00:38:50.531+0000] {processor.py:830} INFO - Processing file /home/airflow/.local/lib/python3.11/site-packages/airflow/example_dags/example_params_ui_tutorial.py for tasks to queue
[2024-07-13T00:38:50.534+0000] {logging_mixin.py:188} INFO - [2024-07-13T00:38:50.533+0000] {dagbag.py:545} INFO - Filling up the DagBag from /home/airflow/.local/lib/python3.11/site-packages/airflow/example_dags/example_params_ui_tutorial.py
[2024-07-13T00:38:50.554+0000] {processor.py:840} INFO - DAG(s) 'example_params_ui_tutorial' retrieved from /home/airflow/.local/lib/python3.11/site-packages/airflow/example_dags/example_params_ui_tutorial.py
[2024-07-13T00:38:50.646+0000] {logging_mixin.py:188} INFO - [2024-07-13T00:38:50.646+0000] {dag.py:3096} INFO - Sync 1 DAGs
[2024-07-13T00:38:50.667+0000] {logging_mixin.py:188} INFO - [2024-07-13T00:38:50.667+0000] {dag.py:3954} INFO - Setting next_dagrun for example_params_ui_tutorial to None, run_after=None
[2024-07-13T00:38:50.698+0000] {processor.py:183} INFO - Processing /home/airflow/.local/lib/python3.11/site-packages/airflow/example_dags/example_params_ui_tutorial.py took 0.180 seconds
[2024-07-13T00:39:23.754+0000] {processor.py:161} INFO - Started process (PID=173) to work on /home/airflow/.local/lib/python3.11/site-packages/airflow/example_dags/example_params_ui_tutorial.py
[2024-07-13T00:39:23.757+0000] {processor.py:830} INFO - Processing file /home/airflow/.local/lib/python3.11/site-packages/airflow/example_dags/example_params_ui_tutorial.py for tasks to queue
[2024-07-13T00:39:23.761+0000] {logging_mixin.py:188} INFO - [2024-07-13T00:39:23.760+0000] {dagbag.py:545} INFO - Filling up the DagBag from /home/airflow/.local/lib/python3.11/site-packages/airflow/example_dags/example_params_ui_tutorial.py
[2024-07-13T00:39:23.785+0000] {processor.py:840} INFO - DAG(s) 'example_params_ui_tutorial' retrieved from /home/airflow/.local/lib/python3.11/site-packages/airflow/example_dags/example_params_ui_tutorial.py
[2024-07-13T00:39:23.890+0000] {logging_mixin.py:188} INFO - [2024-07-13T00:39:23.890+0000] {dag.py:3096} INFO - Sync 1 DAGs
[2024-07-13T00:39:23.911+0000] {logging_mixin.py:188} INFO - [2024-07-13T00:39:23.911+0000] {dag.py:3954} INFO - Setting next_dagrun for example_params_ui_tutorial to None, run_after=None
[2024-07-13T00:39:23.940+0000] {processor.py:183} INFO - Processing /home/airflow/.local/lib/python3.11/site-packages/airflow/example_dags/example_params_ui_tutorial.py took 0.199 seconds
[2024-07-13T00:39:56.589+0000] {processor.py:161} INFO - Started process (PID=235) to work on /home/airflow/.local/lib/python3.11/site-packages/airflow/example_dags/example_params_ui_tutorial.py
[2024-07-13T00:39:56.591+0000] {processor.py:830} INFO - Processing file /home/airflow/.local/lib/python3.11/site-packages/airflow/example_dags/example_params_ui_tutorial.py for tasks to queue
[2024-07-13T00:39:56.595+0000] {logging_mixin.py:188} INFO - [2024-07-13T00:39:56.595+0000] {dagbag.py:545} INFO - Filling up the DagBag from /home/airflow/.local/lib/python3.11/site-packages/airflow/example_dags/example_params_ui_tutorial.py
[2024-07-13T00:39:56.623+0000] {processor.py:840} INFO - DAG(s) 'example_params_ui_tutorial' retrieved from /home/airflow/.local/lib/python3.11/site-packages/airflow/example_dags/example_params_ui_tutorial.py
[2024-07-13T00:39:56.726+0000] {logging_mixin.py:188} INFO - [2024-07-13T00:39:56.726+0000] {dag.py:3096} INFO - Sync 1 DAGs
[2024-07-13T00:39:56.751+0000] {logging_mixin.py:188} INFO - [2024-07-13T00:39:56.751+0000] {dag.py:3954} INFO - Setting next_dagrun for example_params_ui_tutorial to None, run_after=None
[2024-07-13T00:39:56.776+0000] {processor.py:183} INFO - Processing /home/airflow/.local/lib/python3.11/site-packages/airflow/example_dags/example_params_ui_tutorial.py took 0.200 seconds
[2024-07-13T00:40:29.453+0000] {processor.py:161} INFO - Started process (PID=297) to work on /home/airflow/.local/lib/python3.11/site-packages/airflow/example_dags/example_params_ui_tutorial.py
[2024-07-13T00:40:29.459+0000] {processor.py:830} INFO - Processing file /home/airflow/.local/lib/python3.11/site-packages/airflow/example_dags/example_params_ui_tutorial.py for tasks to queue
[2024-07-13T00:40:29.463+0000] {logging_mixin.py:188} INFO - [2024-07-13T00:40:29.462+0000] {dagbag.py:545} INFO - Filling up the DagBag from /home/airflow/.local/lib/python3.11/site-packages/airflow/example_dags/example_params_ui_tutorial.py
[2024-07-13T00:40:29.494+0000] {processor.py:840} INFO - DAG(s) 'example_params_ui_tutorial' retrieved from /home/airflow/.local/lib/python3.11/site-packages/airflow/example_dags/example_params_ui_tutorial.py
[2024-07-13T00:40:29.588+0000] {logging_mixin.py:188} INFO - [2024-07-13T00:40:29.588+0000] {dag.py:3096} INFO - Sync 1 DAGs
[2024-07-13T00:40:29.608+0000] {logging_mixin.py:188} INFO - [2024-07-13T00:40:29.608+0000] {dag.py:3954} INFO - Setting next_dagrun for example_params_ui_tutorial to None, run_after=None
[2024-07-13T00:40:29.637+0000] {processor.py:183} INFO - Processing /home/airflow/.local/lib/python3.11/site-packages/airflow/example_dags/example_params_ui_tutorial.py took 0.197 seconds
[2024-07-13T00:41:08.551+0000] {processor.py:161} INFO - Started process (PID=363) to work on /home/airflow/.local/lib/python3.11/site-packages/airflow/example_dags/example_params_ui_tutorial.py
[2024-07-13T00:41:08.557+0000] {processor.py:830} INFO - Processing file /home/airflow/.local/lib/python3.11/site-packages/airflow/example_dags/example_params_ui_tutorial.py for tasks to queue
[2024-07-13T00:41:08.569+0000] {logging_mixin.py:188} INFO - [2024-07-13T00:41:08.567+0000] {dagbag.py:545} INFO - Filling up the DagBag from /home/airflow/.local/lib/python3.11/site-packages/airflow/example_dags/example_params_ui_tutorial.py
[2024-07-13T00:41:08.640+0000] {processor.py:840} INFO - DAG(s) 'example_params_ui_tutorial' retrieved from /home/airflow/.local/lib/python3.11/site-packages/airflow/example_dags/example_params_ui_tutorial.py
[2024-07-13T00:41:08.886+0000] {logging_mixin.py:188} INFO - [2024-07-13T00:41:08.885+0000] {dag.py:3096} INFO - Sync 1 DAGs
[2024-07-13T00:41:08.934+0000] {logging_mixin.py:188} INFO - [2024-07-13T00:41:08.934+0000] {dag.py:3954} INFO - Setting next_dagrun for example_params_ui_tutorial to None, run_after=None
[2024-07-13T00:41:09.002+0000] {processor.py:183} INFO - Processing /home/airflow/.local/lib/python3.11/site-packages/airflow/example_dags/example_params_ui_tutorial.py took 0.492 seconds
[2024-07-13T00:41:41.309+0000] {processor.py:161} INFO - Started process (PID=424) to work on /home/airflow/.local/lib/python3.11/site-packages/airflow/example_dags/example_params_ui_tutorial.py
[2024-07-13T00:41:41.311+0000] {processor.py:830} INFO - Processing file /home/airflow/.local/lib/python3.11/site-packages/airflow/example_dags/example_params_ui_tutorial.py for tasks to queue
[2024-07-13T00:41:41.315+0000] {logging_mixin.py:188} INFO - [2024-07-13T00:41:41.314+0000] {dagbag.py:545} INFO - Filling up the DagBag from /home/airflow/.local/lib/python3.11/site-packages/airflow/example_dags/example_params_ui_tutorial.py
[2024-07-13T00:41:41.342+0000] {processor.py:840} INFO - DAG(s) 'example_params_ui_tutorial' retrieved from /home/airflow/.local/lib/python3.11/site-packages/airflow/example_dags/example_params_ui_tutorial.py
[2024-07-13T00:41:41.456+0000] {logging_mixin.py:188} INFO - [2024-07-13T00:41:41.455+0000] {dag.py:3096} INFO - Sync 1 DAGs
[2024-07-13T00:41:41.480+0000] {logging_mixin.py:188} INFO - [2024-07-13T00:41:41.479+0000] {dag.py:3954} INFO - Setting next_dagrun for example_params_ui_tutorial to None, run_after=None
[2024-07-13T00:41:41.517+0000] {processor.py:183} INFO - Processing /home/airflow/.local/lib/python3.11/site-packages/airflow/example_dags/example_params_ui_tutorial.py took 0.225 seconds
[2024-07-13T00:42:15.342+0000] {processor.py:161} INFO - Started process (PID=486) to work on /home/airflow/.local/lib/python3.11/site-packages/airflow/example_dags/example_params_ui_tutorial.py
[2024-07-13T00:42:15.345+0000] {processor.py:830} INFO - Processing file /home/airflow/.local/lib/python3.11/site-packages/airflow/example_dags/example_params_ui_tutorial.py for tasks to queue
[2024-07-13T00:42:15.348+0000] {logging_mixin.py:188} INFO - [2024-07-13T00:42:15.348+0000] {dagbag.py:545} INFO - Filling up the DagBag from /home/airflow/.local/lib/python3.11/site-packages/airflow/example_dags/example_params_ui_tutorial.py
[2024-07-13T00:42:15.379+0000] {processor.py:840} INFO - DAG(s) 'example_params_ui_tutorial' retrieved from /home/airflow/.local/lib/python3.11/site-packages/airflow/example_dags/example_params_ui_tutorial.py
[2024-07-13T00:42:15.495+0000] {logging_mixin.py:188} INFO - [2024-07-13T00:42:15.494+0000] {dag.py:3096} INFO - Sync 1 DAGs
[2024-07-13T00:42:15.523+0000] {logging_mixin.py:188} INFO - [2024-07-13T00:42:15.522+0000] {dag.py:3954} INFO - Setting next_dagrun for example_params_ui_tutorial to None, run_after=None
[2024-07-13T00:42:15.565+0000] {processor.py:183} INFO - Processing /home/airflow/.local/lib/python3.11/site-packages/airflow/example_dags/example_params_ui_tutorial.py took 0.238 seconds
[2024-07-13T00:44:02.197+0000] {processor.py:161} INFO - Started process (PID=50) to work on /home/airflow/.local/lib/python3.11/site-packages/airflow/example_dags/example_params_ui_tutorial.py
[2024-07-13T00:44:02.199+0000] {processor.py:830} INFO - Processing file /home/airflow/.local/lib/python3.11/site-packages/airflow/example_dags/example_params_ui_tutorial.py for tasks to queue
[2024-07-13T00:44:02.203+0000] {logging_mixin.py:188} INFO - [2024-07-13T00:44:02.202+0000] {dagbag.py:545} INFO - Filling up the DagBag from /home/airflow/.local/lib/python3.11/site-packages/airflow/example_dags/example_params_ui_tutorial.py
[2024-07-13T00:44:02.231+0000] {processor.py:840} INFO - DAG(s) 'example_params_ui_tutorial' retrieved from /home/airflow/.local/lib/python3.11/site-packages/airflow/example_dags/example_params_ui_tutorial.py
[2024-07-13T00:44:02.510+0000] {logging_mixin.py:188} INFO - [2024-07-13T00:44:02.509+0000] {dag.py:3096} INFO - Sync 1 DAGs
[2024-07-13T00:44:02.534+0000] {logging_mixin.py:188} INFO - [2024-07-13T00:44:02.533+0000] {dag.py:3954} INFO - Setting next_dagrun for example_params_ui_tutorial to None, run_after=None
[2024-07-13T00:44:02.570+0000] {processor.py:183} INFO - Processing /home/airflow/.local/lib/python3.11/site-packages/airflow/example_dags/example_params_ui_tutorial.py took 0.385 seconds
[2024-07-13T00:44:33.498+0000] {processor.py:161} INFO - Started process (PID=112) to work on /home/airflow/.local/lib/python3.11/site-packages/airflow/example_dags/example_params_ui_tutorial.py
[2024-07-13T00:44:33.499+0000] {processor.py:830} INFO - Processing file /home/airflow/.local/lib/python3.11/site-packages/airflow/example_dags/example_params_ui_tutorial.py for tasks to queue
[2024-07-13T00:44:33.502+0000] {logging_mixin.py:188} INFO - [2024-07-13T00:44:33.502+0000] {dagbag.py:545} INFO - Filling up the DagBag from /home/airflow/.local/lib/python3.11/site-packages/airflow/example_dags/example_params_ui_tutorial.py
[2024-07-13T00:44:33.524+0000] {processor.py:840} INFO - DAG(s) 'example_params_ui_tutorial' retrieved from /home/airflow/.local/lib/python3.11/site-packages/airflow/example_dags/example_params_ui_tutorial.py
[2024-07-13T00:44:33.637+0000] {logging_mixin.py:188} INFO - [2024-07-13T00:44:33.636+0000] {dag.py:3096} INFO - Sync 1 DAGs
[2024-07-13T00:44:33.659+0000] {logging_mixin.py:188} INFO - [2024-07-13T00:44:33.658+0000] {dag.py:3954} INFO - Setting next_dagrun for example_params_ui_tutorial to None, run_after=None
[2024-07-13T00:44:33.693+0000] {processor.py:183} INFO - Processing /home/airflow/.local/lib/python3.11/site-packages/airflow/example_dags/example_params_ui_tutorial.py took 0.207 seconds
[2024-07-13T00:45:06.166+0000] {processor.py:161} INFO - Started process (PID=173) to work on /home/airflow/.local/lib/python3.11/site-packages/airflow/example_dags/example_params_ui_tutorial.py
[2024-07-13T00:45:06.173+0000] {processor.py:830} INFO - Processing file /home/airflow/.local/lib/python3.11/site-packages/airflow/example_dags/example_params_ui_tutorial.py for tasks to queue
[2024-07-13T00:45:06.178+0000] {logging_mixin.py:188} INFO - [2024-07-13T00:45:06.177+0000] {dagbag.py:545} INFO - Filling up the DagBag from /home/airflow/.local/lib/python3.11/site-packages/airflow/example_dags/example_params_ui_tutorial.py
[2024-07-13T00:45:06.205+0000] {processor.py:840} INFO - DAG(s) 'example_params_ui_tutorial' retrieved from /home/airflow/.local/lib/python3.11/site-packages/airflow/example_dags/example_params_ui_tutorial.py
[2024-07-13T00:45:06.303+0000] {logging_mixin.py:188} INFO - [2024-07-13T00:45:06.303+0000] {dag.py:3096} INFO - Sync 1 DAGs
[2024-07-13T00:45:06.326+0000] {logging_mixin.py:188} INFO - [2024-07-13T00:45:06.326+0000] {dag.py:3954} INFO - Setting next_dagrun for example_params_ui_tutorial to None, run_after=None
[2024-07-13T00:45:06.360+0000] {processor.py:183} INFO - Processing /home/airflow/.local/lib/python3.11/site-packages/airflow/example_dags/example_params_ui_tutorial.py took 0.208 seconds
[2024-07-13T00:45:39.138+0000] {processor.py:161} INFO - Started process (PID=235) to work on /home/airflow/.local/lib/python3.11/site-packages/airflow/example_dags/example_params_ui_tutorial.py
[2024-07-13T00:45:39.141+0000] {processor.py:830} INFO - Processing file /home/airflow/.local/lib/python3.11/site-packages/airflow/example_dags/example_params_ui_tutorial.py for tasks to queue
[2024-07-13T00:45:39.144+0000] {logging_mixin.py:188} INFO - [2024-07-13T00:45:39.143+0000] {dagbag.py:545} INFO - Filling up the DagBag from /home/airflow/.local/lib/python3.11/site-packages/airflow/example_dags/example_params_ui_tutorial.py
[2024-07-13T00:45:39.167+0000] {processor.py:840} INFO - DAG(s) 'example_params_ui_tutorial' retrieved from /home/airflow/.local/lib/python3.11/site-packages/airflow/example_dags/example_params_ui_tutorial.py
[2024-07-13T00:45:39.264+0000] {logging_mixin.py:188} INFO - [2024-07-13T00:45:39.263+0000] {dag.py:3096} INFO - Sync 1 DAGs
[2024-07-13T00:45:39.285+0000] {logging_mixin.py:188} INFO - [2024-07-13T00:45:39.284+0000] {dag.py:3954} INFO - Setting next_dagrun for example_params_ui_tutorial to None, run_after=None
[2024-07-13T00:45:39.310+0000] {processor.py:183} INFO - Processing /home/airflow/.local/lib/python3.11/site-packages/airflow/example_dags/example_params_ui_tutorial.py took 0.183 seconds
[2024-07-13T00:46:11.857+0000] {processor.py:161} INFO - Started process (PID=296) to work on /home/airflow/.local/lib/python3.11/site-packages/airflow/example_dags/example_params_ui_tutorial.py
[2024-07-13T00:46:11.859+0000] {processor.py:830} INFO - Processing file /home/airflow/.local/lib/python3.11/site-packages/airflow/example_dags/example_params_ui_tutorial.py for tasks to queue
[2024-07-13T00:46:11.862+0000] {logging_mixin.py:188} INFO - [2024-07-13T00:46:11.862+0000] {dagbag.py:545} INFO - Filling up the DagBag from /home/airflow/.local/lib/python3.11/site-packages/airflow/example_dags/example_params_ui_tutorial.py
[2024-07-13T00:46:11.884+0000] {processor.py:840} INFO - DAG(s) 'example_params_ui_tutorial' retrieved from /home/airflow/.local/lib/python3.11/site-packages/airflow/example_dags/example_params_ui_tutorial.py
[2024-07-13T00:46:11.977+0000] {logging_mixin.py:188} INFO - [2024-07-13T00:46:11.976+0000] {dag.py:3096} INFO - Sync 1 DAGs
[2024-07-13T00:46:11.998+0000] {logging_mixin.py:188} INFO - [2024-07-13T00:46:11.997+0000] {dag.py:3954} INFO - Setting next_dagrun for example_params_ui_tutorial to None, run_after=None
[2024-07-13T00:46:12.024+0000] {processor.py:183} INFO - Processing /home/airflow/.local/lib/python3.11/site-packages/airflow/example_dags/example_params_ui_tutorial.py took 0.179 seconds
[2024-07-13T00:46:45.268+0000] {processor.py:161} INFO - Started process (PID=364) to work on /home/airflow/.local/lib/python3.11/site-packages/airflow/example_dags/example_params_ui_tutorial.py
[2024-07-13T00:46:45.271+0000] {processor.py:830} INFO - Processing file /home/airflow/.local/lib/python3.11/site-packages/airflow/example_dags/example_params_ui_tutorial.py for tasks to queue
[2024-07-13T00:46:45.274+0000] {logging_mixin.py:188} INFO - [2024-07-13T00:46:45.274+0000] {dagbag.py:545} INFO - Filling up the DagBag from /home/airflow/.local/lib/python3.11/site-packages/airflow/example_dags/example_params_ui_tutorial.py
[2024-07-13T00:46:45.296+0000] {processor.py:840} INFO - DAG(s) 'example_params_ui_tutorial' retrieved from /home/airflow/.local/lib/python3.11/site-packages/airflow/example_dags/example_params_ui_tutorial.py
[2024-07-13T00:46:45.409+0000] {logging_mixin.py:188} INFO - [2024-07-13T00:46:45.409+0000] {dag.py:3096} INFO - Sync 1 DAGs
[2024-07-13T00:46:45.434+0000] {logging_mixin.py:188} INFO - [2024-07-13T00:46:45.434+0000] {dag.py:3954} INFO - Setting next_dagrun for example_params_ui_tutorial to None, run_after=None
[2024-07-13T00:46:45.471+0000] {processor.py:183} INFO - Processing /home/airflow/.local/lib/python3.11/site-packages/airflow/example_dags/example_params_ui_tutorial.py took 0.217 seconds
[2024-07-13T00:47:18.823+0000] {processor.py:161} INFO - Started process (PID=425) to work on /home/airflow/.local/lib/python3.11/site-packages/airflow/example_dags/example_params_ui_tutorial.py
[2024-07-13T00:47:18.825+0000] {processor.py:830} INFO - Processing file /home/airflow/.local/lib/python3.11/site-packages/airflow/example_dags/example_params_ui_tutorial.py for tasks to queue
[2024-07-13T00:47:18.828+0000] {logging_mixin.py:188} INFO - [2024-07-13T00:47:18.828+0000] {dagbag.py:545} INFO - Filling up the DagBag from /home/airflow/.local/lib/python3.11/site-packages/airflow/example_dags/example_params_ui_tutorial.py
[2024-07-13T00:47:18.850+0000] {processor.py:840} INFO - DAG(s) 'example_params_ui_tutorial' retrieved from /home/airflow/.local/lib/python3.11/site-packages/airflow/example_dags/example_params_ui_tutorial.py
[2024-07-13T00:47:18.960+0000] {logging_mixin.py:188} INFO - [2024-07-13T00:47:18.960+0000] {dag.py:3096} INFO - Sync 1 DAGs
[2024-07-13T00:47:18.985+0000] {logging_mixin.py:188} INFO - [2024-07-13T00:47:18.985+0000] {dag.py:3954} INFO - Setting next_dagrun for example_params_ui_tutorial to None, run_after=None
[2024-07-13T00:47:19.017+0000] {processor.py:183} INFO - Processing /home/airflow/.local/lib/python3.11/site-packages/airflow/example_dags/example_params_ui_tutorial.py took 0.206 seconds
[2024-07-13T00:47:55.638+0000] {processor.py:161} INFO - Started process (PID=486) to work on /home/airflow/.local/lib/python3.11/site-packages/airflow/example_dags/example_params_ui_tutorial.py
[2024-07-13T00:47:55.641+0000] {processor.py:830} INFO - Processing file /home/airflow/.local/lib/python3.11/site-packages/airflow/example_dags/example_params_ui_tutorial.py for tasks to queue
[2024-07-13T00:47:55.644+0000] {logging_mixin.py:188} INFO - [2024-07-13T00:47:55.644+0000] {dagbag.py:545} INFO - Filling up the DagBag from /home/airflow/.local/lib/python3.11/site-packages/airflow/example_dags/example_params_ui_tutorial.py
[2024-07-13T00:47:55.675+0000] {processor.py:840} INFO - DAG(s) 'example_params_ui_tutorial' retrieved from /home/airflow/.local/lib/python3.11/site-packages/airflow/example_dags/example_params_ui_tutorial.py
[2024-07-13T00:47:55.779+0000] {logging_mixin.py:188} INFO - [2024-07-13T00:47:55.779+0000] {dag.py:3096} INFO - Sync 1 DAGs
[2024-07-13T00:47:55.801+0000] {logging_mixin.py:188} INFO - [2024-07-13T00:47:55.800+0000] {dag.py:3954} INFO - Setting next_dagrun for example_params_ui_tutorial to None, run_after=None
[2024-07-13T00:47:55.835+0000] {processor.py:183} INFO - Processing /home/airflow/.local/lib/python3.11/site-packages/airflow/example_dags/example_params_ui_tutorial.py took 0.211 seconds
[2024-07-13T00:48:30.368+0000] {processor.py:161} INFO - Started process (PID=548) to work on /home/airflow/.local/lib/python3.11/site-packages/airflow/example_dags/example_params_ui_tutorial.py
[2024-07-13T00:48:30.370+0000] {processor.py:830} INFO - Processing file /home/airflow/.local/lib/python3.11/site-packages/airflow/example_dags/example_params_ui_tutorial.py for tasks to queue
[2024-07-13T00:48:30.373+0000] {logging_mixin.py:188} INFO - [2024-07-13T00:48:30.372+0000] {dagbag.py:545} INFO - Filling up the DagBag from /home/airflow/.local/lib/python3.11/site-packages/airflow/example_dags/example_params_ui_tutorial.py
[2024-07-13T00:48:30.394+0000] {processor.py:840} INFO - DAG(s) 'example_params_ui_tutorial' retrieved from /home/airflow/.local/lib/python3.11/site-packages/airflow/example_dags/example_params_ui_tutorial.py
[2024-07-13T00:48:30.489+0000] {logging_mixin.py:188} INFO - [2024-07-13T00:48:30.488+0000] {dag.py:3096} INFO - Sync 1 DAGs
[2024-07-13T00:48:30.509+0000] {logging_mixin.py:188} INFO - [2024-07-13T00:48:30.508+0000] {dag.py:3954} INFO - Setting next_dagrun for example_params_ui_tutorial to None, run_after=None
[2024-07-13T00:48:30.536+0000] {processor.py:183} INFO - Processing /home/airflow/.local/lib/python3.11/site-packages/airflow/example_dags/example_params_ui_tutorial.py took 0.180 seconds
[2024-07-13T00:49:05.138+0000] {processor.py:161} INFO - Started process (PID=612) to work on /home/airflow/.local/lib/python3.11/site-packages/airflow/example_dags/example_params_ui_tutorial.py
[2024-07-13T00:49:05.140+0000] {processor.py:830} INFO - Processing file /home/airflow/.local/lib/python3.11/site-packages/airflow/example_dags/example_params_ui_tutorial.py for tasks to queue
[2024-07-13T00:49:05.143+0000] {logging_mixin.py:188} INFO - [2024-07-13T00:49:05.142+0000] {dagbag.py:545} INFO - Filling up the DagBag from /home/airflow/.local/lib/python3.11/site-packages/airflow/example_dags/example_params_ui_tutorial.py
[2024-07-13T00:49:05.165+0000] {processor.py:840} INFO - DAG(s) 'example_params_ui_tutorial' retrieved from /home/airflow/.local/lib/python3.11/site-packages/airflow/example_dags/example_params_ui_tutorial.py
[2024-07-13T00:49:05.269+0000] {logging_mixin.py:188} INFO - [2024-07-13T00:49:05.268+0000] {dag.py:3096} INFO - Sync 1 DAGs
[2024-07-13T00:49:05.297+0000] {logging_mixin.py:188} INFO - [2024-07-13T00:49:05.296+0000] {dag.py:3954} INFO - Setting next_dagrun for example_params_ui_tutorial to None, run_after=None
[2024-07-13T00:49:05.328+0000] {processor.py:183} INFO - Processing /home/airflow/.local/lib/python3.11/site-packages/airflow/example_dags/example_params_ui_tutorial.py took 0.204 seconds
[2024-07-13T00:49:38.957+0000] {processor.py:161} INFO - Started process (PID=674) to work on /home/airflow/.local/lib/python3.11/site-packages/airflow/example_dags/example_params_ui_tutorial.py
[2024-07-13T00:49:38.960+0000] {processor.py:830} INFO - Processing file /home/airflow/.local/lib/python3.11/site-packages/airflow/example_dags/example_params_ui_tutorial.py for tasks to queue
[2024-07-13T00:49:38.964+0000] {logging_mixin.py:188} INFO - [2024-07-13T00:49:38.963+0000] {dagbag.py:545} INFO - Filling up the DagBag from /home/airflow/.local/lib/python3.11/site-packages/airflow/example_dags/example_params_ui_tutorial.py
[2024-07-13T00:49:38.991+0000] {processor.py:840} INFO - DAG(s) 'example_params_ui_tutorial' retrieved from /home/airflow/.local/lib/python3.11/site-packages/airflow/example_dags/example_params_ui_tutorial.py
[2024-07-13T00:49:39.104+0000] {logging_mixin.py:188} INFO - [2024-07-13T00:49:39.104+0000] {dag.py:3096} INFO - Sync 1 DAGs
[2024-07-13T00:49:39.129+0000] {logging_mixin.py:188} INFO - [2024-07-13T00:49:39.128+0000] {dag.py:3954} INFO - Setting next_dagrun for example_params_ui_tutorial to None, run_after=None
[2024-07-13T00:49:39.164+0000] {processor.py:183} INFO - Processing /home/airflow/.local/lib/python3.11/site-packages/airflow/example_dags/example_params_ui_tutorial.py took 0.221 seconds
[2024-07-13T00:50:13.155+0000] {processor.py:161} INFO - Started process (PID=740) to work on /home/airflow/.local/lib/python3.11/site-packages/airflow/example_dags/example_params_ui_tutorial.py
[2024-07-13T00:50:13.157+0000] {processor.py:830} INFO - Processing file /home/airflow/.local/lib/python3.11/site-packages/airflow/example_dags/example_params_ui_tutorial.py for tasks to queue
[2024-07-13T00:50:13.160+0000] {logging_mixin.py:188} INFO - [2024-07-13T00:50:13.160+0000] {dagbag.py:545} INFO - Filling up the DagBag from /home/airflow/.local/lib/python3.11/site-packages/airflow/example_dags/example_params_ui_tutorial.py
[2024-07-13T00:50:13.185+0000] {processor.py:840} INFO - DAG(s) 'example_params_ui_tutorial' retrieved from /home/airflow/.local/lib/python3.11/site-packages/airflow/example_dags/example_params_ui_tutorial.py
[2024-07-13T00:50:13.269+0000] {logging_mixin.py:188} INFO - [2024-07-13T00:50:13.269+0000] {dag.py:3096} INFO - Sync 1 DAGs
[2024-07-13T00:50:13.290+0000] {logging_mixin.py:188} INFO - [2024-07-13T00:50:13.289+0000] {dag.py:3954} INFO - Setting next_dagrun for example_params_ui_tutorial to None, run_after=None
[2024-07-13T00:50:13.321+0000] {processor.py:183} INFO - Processing /home/airflow/.local/lib/python3.11/site-packages/airflow/example_dags/example_params_ui_tutorial.py took 0.177 seconds
[2024-07-13T00:50:46.120+0000] {processor.py:161} INFO - Started process (PID=808) to work on /home/airflow/.local/lib/python3.11/site-packages/airflow/example_dags/example_params_ui_tutorial.py
[2024-07-13T00:50:46.122+0000] {processor.py:830} INFO - Processing file /home/airflow/.local/lib/python3.11/site-packages/airflow/example_dags/example_params_ui_tutorial.py for tasks to queue
[2024-07-13T00:50:46.125+0000] {logging_mixin.py:188} INFO - [2024-07-13T00:50:46.124+0000] {dagbag.py:545} INFO - Filling up the DagBag from /home/airflow/.local/lib/python3.11/site-packages/airflow/example_dags/example_params_ui_tutorial.py
[2024-07-13T00:50:46.148+0000] {processor.py:840} INFO - DAG(s) 'example_params_ui_tutorial' retrieved from /home/airflow/.local/lib/python3.11/site-packages/airflow/example_dags/example_params_ui_tutorial.py
[2024-07-13T00:50:46.245+0000] {logging_mixin.py:188} INFO - [2024-07-13T00:50:46.244+0000] {dag.py:3096} INFO - Sync 1 DAGs
[2024-07-13T00:50:46.269+0000] {logging_mixin.py:188} INFO - [2024-07-13T00:50:46.268+0000] {dag.py:3954} INFO - Setting next_dagrun for example_params_ui_tutorial to None, run_after=None
[2024-07-13T00:50:46.299+0000] {processor.py:183} INFO - Processing /home/airflow/.local/lib/python3.11/site-packages/airflow/example_dags/example_params_ui_tutorial.py took 0.193 seconds
[2024-07-13T00:51:19.866+0000] {processor.py:161} INFO - Started process (PID=870) to work on /home/airflow/.local/lib/python3.11/site-packages/airflow/example_dags/example_params_ui_tutorial.py
[2024-07-13T00:51:19.867+0000] {processor.py:830} INFO - Processing file /home/airflow/.local/lib/python3.11/site-packages/airflow/example_dags/example_params_ui_tutorial.py for tasks to queue
[2024-07-13T00:51:19.870+0000] {logging_mixin.py:188} INFO - [2024-07-13T00:51:19.870+0000] {dagbag.py:545} INFO - Filling up the DagBag from /home/airflow/.local/lib/python3.11/site-packages/airflow/example_dags/example_params_ui_tutorial.py
[2024-07-13T00:51:19.892+0000] {processor.py:840} INFO - DAG(s) 'example_params_ui_tutorial' retrieved from /home/airflow/.local/lib/python3.11/site-packages/airflow/example_dags/example_params_ui_tutorial.py
[2024-07-13T00:51:19.985+0000] {logging_mixin.py:188} INFO - [2024-07-13T00:51:19.984+0000] {dag.py:3096} INFO - Sync 1 DAGs
[2024-07-13T00:51:20.006+0000] {logging_mixin.py:188} INFO - [2024-07-13T00:51:20.006+0000] {dag.py:3954} INFO - Setting next_dagrun for example_params_ui_tutorial to None, run_after=None
[2024-07-13T00:51:20.032+0000] {processor.py:183} INFO - Processing /home/airflow/.local/lib/python3.11/site-packages/airflow/example_dags/example_params_ui_tutorial.py took 0.178 seconds
[2024-07-13T00:51:53.051+0000] {processor.py:161} INFO - Started process (PID=932) to work on /home/airflow/.local/lib/python3.11/site-packages/airflow/example_dags/example_params_ui_tutorial.py
[2024-07-13T00:51:53.053+0000] {processor.py:830} INFO - Processing file /home/airflow/.local/lib/python3.11/site-packages/airflow/example_dags/example_params_ui_tutorial.py for tasks to queue
[2024-07-13T00:51:53.056+0000] {logging_mixin.py:188} INFO - [2024-07-13T00:51:53.056+0000] {dagbag.py:545} INFO - Filling up the DagBag from /home/airflow/.local/lib/python3.11/site-packages/airflow/example_dags/example_params_ui_tutorial.py
[2024-07-13T00:51:53.079+0000] {processor.py:840} INFO - DAG(s) 'example_params_ui_tutorial' retrieved from /home/airflow/.local/lib/python3.11/site-packages/airflow/example_dags/example_params_ui_tutorial.py
[2024-07-13T00:51:53.173+0000] {logging_mixin.py:188} INFO - [2024-07-13T00:51:53.172+0000] {dag.py:3096} INFO - Sync 1 DAGs
[2024-07-13T00:51:53.193+0000] {logging_mixin.py:188} INFO - [2024-07-13T00:51:53.192+0000] {dag.py:3954} INFO - Setting next_dagrun for example_params_ui_tutorial to None, run_after=None
[2024-07-13T00:51:53.228+0000] {processor.py:183} INFO - Processing /home/airflow/.local/lib/python3.11/site-packages/airflow/example_dags/example_params_ui_tutorial.py took 0.189 seconds
[2024-07-13T00:52:25.883+0000] {processor.py:161} INFO - Started process (PID=995) to work on /home/airflow/.local/lib/python3.11/site-packages/airflow/example_dags/example_params_ui_tutorial.py
[2024-07-13T00:52:25.885+0000] {processor.py:830} INFO - Processing file /home/airflow/.local/lib/python3.11/site-packages/airflow/example_dags/example_params_ui_tutorial.py for tasks to queue
[2024-07-13T00:52:25.889+0000] {logging_mixin.py:188} INFO - [2024-07-13T00:52:25.888+0000] {dagbag.py:545} INFO - Filling up the DagBag from /home/airflow/.local/lib/python3.11/site-packages/airflow/example_dags/example_params_ui_tutorial.py
[2024-07-13T00:52:25.917+0000] {processor.py:840} INFO - DAG(s) 'example_params_ui_tutorial' retrieved from /home/airflow/.local/lib/python3.11/site-packages/airflow/example_dags/example_params_ui_tutorial.py
[2024-07-13T00:52:26.032+0000] {logging_mixin.py:188} INFO - [2024-07-13T00:52:26.031+0000] {dag.py:3096} INFO - Sync 1 DAGs
[2024-07-13T00:52:26.057+0000] {logging_mixin.py:188} INFO - [2024-07-13T00:52:26.056+0000] {dag.py:3954} INFO - Setting next_dagrun for example_params_ui_tutorial to None, run_after=None
[2024-07-13T00:52:26.114+0000] {processor.py:183} INFO - Processing /home/airflow/.local/lib/python3.11/site-packages/airflow/example_dags/example_params_ui_tutorial.py took 0.246 seconds
[2024-07-13T00:52:58.667+0000] {processor.py:161} INFO - Started process (PID=1058) to work on /home/airflow/.local/lib/python3.11/site-packages/airflow/example_dags/example_params_ui_tutorial.py
[2024-07-13T00:52:58.670+0000] {processor.py:830} INFO - Processing file /home/airflow/.local/lib/python3.11/site-packages/airflow/example_dags/example_params_ui_tutorial.py for tasks to queue
[2024-07-13T00:52:58.673+0000] {logging_mixin.py:188} INFO - [2024-07-13T00:52:58.672+0000] {dagbag.py:545} INFO - Filling up the DagBag from /home/airflow/.local/lib/python3.11/site-packages/airflow/example_dags/example_params_ui_tutorial.py
[2024-07-13T00:52:58.695+0000] {processor.py:840} INFO - DAG(s) 'example_params_ui_tutorial' retrieved from /home/airflow/.local/lib/python3.11/site-packages/airflow/example_dags/example_params_ui_tutorial.py
[2024-07-13T00:52:58.790+0000] {logging_mixin.py:188} INFO - [2024-07-13T00:52:58.789+0000] {dag.py:3096} INFO - Sync 1 DAGs
[2024-07-13T00:52:58.809+0000] {logging_mixin.py:188} INFO - [2024-07-13T00:52:58.808+0000] {dag.py:3954} INFO - Setting next_dagrun for example_params_ui_tutorial to None, run_after=None
[2024-07-13T00:52:58.837+0000] {processor.py:183} INFO - Processing /home/airflow/.local/lib/python3.11/site-packages/airflow/example_dags/example_params_ui_tutorial.py took 0.182 seconds
[2024-07-13T00:53:31.615+0000] {processor.py:161} INFO - Started process (PID=1120) to work on /home/airflow/.local/lib/python3.11/site-packages/airflow/example_dags/example_params_ui_tutorial.py
[2024-07-13T00:53:31.619+0000] {processor.py:830} INFO - Processing file /home/airflow/.local/lib/python3.11/site-packages/airflow/example_dags/example_params_ui_tutorial.py for tasks to queue
[2024-07-13T00:53:31.623+0000] {logging_mixin.py:188} INFO - [2024-07-13T00:53:31.622+0000] {dagbag.py:545} INFO - Filling up the DagBag from /home/airflow/.local/lib/python3.11/site-packages/airflow/example_dags/example_params_ui_tutorial.py
[2024-07-13T00:53:31.646+0000] {processor.py:840} INFO - DAG(s) 'example_params_ui_tutorial' retrieved from /home/airflow/.local/lib/python3.11/site-packages/airflow/example_dags/example_params_ui_tutorial.py
[2024-07-13T00:53:31.734+0000] {logging_mixin.py:188} INFO - [2024-07-13T00:53:31.733+0000] {dag.py:3096} INFO - Sync 1 DAGs
[2024-07-13T00:53:31.759+0000] {logging_mixin.py:188} INFO - [2024-07-13T00:53:31.758+0000] {dag.py:3954} INFO - Setting next_dagrun for example_params_ui_tutorial to None, run_after=None
[2024-07-13T00:53:31.788+0000] {processor.py:183} INFO - Processing /home/airflow/.local/lib/python3.11/site-packages/airflow/example_dags/example_params_ui_tutorial.py took 0.185 seconds
[2024-07-13T00:54:04.313+0000] {processor.py:161} INFO - Started process (PID=1182) to work on /home/airflow/.local/lib/python3.11/site-packages/airflow/example_dags/example_params_ui_tutorial.py
[2024-07-13T00:54:04.316+0000] {processor.py:830} INFO - Processing file /home/airflow/.local/lib/python3.11/site-packages/airflow/example_dags/example_params_ui_tutorial.py for tasks to queue
[2024-07-13T00:54:04.319+0000] {logging_mixin.py:188} INFO - [2024-07-13T00:54:04.318+0000] {dagbag.py:545} INFO - Filling up the DagBag from /home/airflow/.local/lib/python3.11/site-packages/airflow/example_dags/example_params_ui_tutorial.py
[2024-07-13T00:54:04.345+0000] {processor.py:840} INFO - DAG(s) 'example_params_ui_tutorial' retrieved from /home/airflow/.local/lib/python3.11/site-packages/airflow/example_dags/example_params_ui_tutorial.py
[2024-07-13T00:54:04.459+0000] {logging_mixin.py:188} INFO - [2024-07-13T00:54:04.459+0000] {dag.py:3096} INFO - Sync 1 DAGs
[2024-07-13T00:54:04.481+0000] {logging_mixin.py:188} INFO - [2024-07-13T00:54:04.481+0000] {dag.py:3954} INFO - Setting next_dagrun for example_params_ui_tutorial to None, run_after=None
[2024-07-13T00:54:04.513+0000] {processor.py:183} INFO - Processing /home/airflow/.local/lib/python3.11/site-packages/airflow/example_dags/example_params_ui_tutorial.py took 0.213 seconds
[2024-07-13T00:54:37.395+0000] {processor.py:161} INFO - Started process (PID=1244) to work on /home/airflow/.local/lib/python3.11/site-packages/airflow/example_dags/example_params_ui_tutorial.py
[2024-07-13T00:54:37.398+0000] {processor.py:830} INFO - Processing file /home/airflow/.local/lib/python3.11/site-packages/airflow/example_dags/example_params_ui_tutorial.py for tasks to queue
[2024-07-13T00:54:37.403+0000] {logging_mixin.py:188} INFO - [2024-07-13T00:54:37.402+0000] {dagbag.py:545} INFO - Filling up the DagBag from /home/airflow/.local/lib/python3.11/site-packages/airflow/example_dags/example_params_ui_tutorial.py
[2024-07-13T00:54:37.434+0000] {processor.py:840} INFO - DAG(s) 'example_params_ui_tutorial' retrieved from /home/airflow/.local/lib/python3.11/site-packages/airflow/example_dags/example_params_ui_tutorial.py
[2024-07-13T00:54:37.529+0000] {logging_mixin.py:188} INFO - [2024-07-13T00:54:37.529+0000] {dag.py:3096} INFO - Sync 1 DAGs
[2024-07-13T00:54:37.552+0000] {logging_mixin.py:188} INFO - [2024-07-13T00:54:37.552+0000] {dag.py:3954} INFO - Setting next_dagrun for example_params_ui_tutorial to None, run_after=None
[2024-07-13T00:54:37.589+0000] {processor.py:183} INFO - Processing /home/airflow/.local/lib/python3.11/site-packages/airflow/example_dags/example_params_ui_tutorial.py took 0.209 seconds
[2024-07-13T00:55:10.069+0000] {processor.py:161} INFO - Started process (PID=1306) to work on /home/airflow/.local/lib/python3.11/site-packages/airflow/example_dags/example_params_ui_tutorial.py
[2024-07-13T00:55:10.070+0000] {processor.py:830} INFO - Processing file /home/airflow/.local/lib/python3.11/site-packages/airflow/example_dags/example_params_ui_tutorial.py for tasks to queue
[2024-07-13T00:55:10.074+0000] {logging_mixin.py:188} INFO - [2024-07-13T00:55:10.073+0000] {dagbag.py:545} INFO - Filling up the DagBag from /home/airflow/.local/lib/python3.11/site-packages/airflow/example_dags/example_params_ui_tutorial.py
[2024-07-13T00:55:10.097+0000] {processor.py:840} INFO - DAG(s) 'example_params_ui_tutorial' retrieved from /home/airflow/.local/lib/python3.11/site-packages/airflow/example_dags/example_params_ui_tutorial.py
[2024-07-13T00:55:10.201+0000] {logging_mixin.py:188} INFO - [2024-07-13T00:55:10.201+0000] {dag.py:3096} INFO - Sync 1 DAGs
[2024-07-13T00:55:10.227+0000] {logging_mixin.py:188} INFO - [2024-07-13T00:55:10.226+0000] {dag.py:3954} INFO - Setting next_dagrun for example_params_ui_tutorial to None, run_after=None
[2024-07-13T00:55:10.271+0000] {processor.py:183} INFO - Processing /home/airflow/.local/lib/python3.11/site-packages/airflow/example_dags/example_params_ui_tutorial.py took 0.214 seconds
[2024-07-13T00:58:58.669+0000] {processor.py:161} INFO - Started process (PID=51) to work on /home/airflow/.local/lib/python3.11/site-packages/airflow/example_dags/example_params_ui_tutorial.py
[2024-07-13T00:58:58.672+0000] {processor.py:830} INFO - Processing file /home/airflow/.local/lib/python3.11/site-packages/airflow/example_dags/example_params_ui_tutorial.py for tasks to queue
[2024-07-13T00:58:58.676+0000] {logging_mixin.py:188} INFO - [2024-07-13T00:58:58.676+0000] {dagbag.py:545} INFO - Filling up the DagBag from /home/airflow/.local/lib/python3.11/site-packages/airflow/example_dags/example_params_ui_tutorial.py
[2024-07-13T00:58:58.710+0000] {processor.py:840} INFO - DAG(s) 'example_params_ui_tutorial' retrieved from /home/airflow/.local/lib/python3.11/site-packages/airflow/example_dags/example_params_ui_tutorial.py
[2024-07-13T00:58:58.985+0000] {logging_mixin.py:188} INFO - [2024-07-13T00:58:58.984+0000] {dag.py:3096} INFO - Sync 1 DAGs
[2024-07-13T00:58:59.003+0000] {logging_mixin.py:188} INFO - [2024-07-13T00:58:59.002+0000] {dag.py:3954} INFO - Setting next_dagrun for example_params_ui_tutorial to None, run_after=None
[2024-07-13T00:58:59.041+0000] {processor.py:183} INFO - Processing /home/airflow/.local/lib/python3.11/site-packages/airflow/example_dags/example_params_ui_tutorial.py took 0.390 seconds
[2024-07-13T00:59:30.133+0000] {processor.py:161} INFO - Started process (PID=113) to work on /home/airflow/.local/lib/python3.11/site-packages/airflow/example_dags/example_params_ui_tutorial.py
[2024-07-13T00:59:30.134+0000] {processor.py:830} INFO - Processing file /home/airflow/.local/lib/python3.11/site-packages/airflow/example_dags/example_params_ui_tutorial.py for tasks to queue
[2024-07-13T00:59:30.139+0000] {logging_mixin.py:188} INFO - [2024-07-13T00:59:30.138+0000] {dagbag.py:545} INFO - Filling up the DagBag from /home/airflow/.local/lib/python3.11/site-packages/airflow/example_dags/example_params_ui_tutorial.py
[2024-07-13T00:59:30.164+0000] {processor.py:840} INFO - DAG(s) 'example_params_ui_tutorial' retrieved from /home/airflow/.local/lib/python3.11/site-packages/airflow/example_dags/example_params_ui_tutorial.py
[2024-07-13T00:59:30.260+0000] {logging_mixin.py:188} INFO - [2024-07-13T00:59:30.260+0000] {dag.py:3096} INFO - Sync 1 DAGs
[2024-07-13T00:59:30.282+0000] {logging_mixin.py:188} INFO - [2024-07-13T00:59:30.282+0000] {dag.py:3954} INFO - Setting next_dagrun for example_params_ui_tutorial to None, run_after=None
[2024-07-13T00:59:30.321+0000] {processor.py:183} INFO - Processing /home/airflow/.local/lib/python3.11/site-packages/airflow/example_dags/example_params_ui_tutorial.py took 0.201 seconds
[2024-07-13T01:00:02.853+0000] {processor.py:161} INFO - Started process (PID=174) to work on /home/airflow/.local/lib/python3.11/site-packages/airflow/example_dags/example_params_ui_tutorial.py
[2024-07-13T01:00:02.859+0000] {processor.py:830} INFO - Processing file /home/airflow/.local/lib/python3.11/site-packages/airflow/example_dags/example_params_ui_tutorial.py for tasks to queue
[2024-07-13T01:00:02.862+0000] {logging_mixin.py:188} INFO - [2024-07-13T01:00:02.862+0000] {dagbag.py:545} INFO - Filling up the DagBag from /home/airflow/.local/lib/python3.11/site-packages/airflow/example_dags/example_params_ui_tutorial.py
[2024-07-13T01:00:02.885+0000] {processor.py:840} INFO - DAG(s) 'example_params_ui_tutorial' retrieved from /home/airflow/.local/lib/python3.11/site-packages/airflow/example_dags/example_params_ui_tutorial.py
[2024-07-13T01:00:02.977+0000] {logging_mixin.py:188} INFO - [2024-07-13T01:00:02.977+0000] {dag.py:3096} INFO - Sync 1 DAGs
[2024-07-13T01:00:03.002+0000] {logging_mixin.py:188} INFO - [2024-07-13T01:00:03.001+0000] {dag.py:3954} INFO - Setting next_dagrun for example_params_ui_tutorial to None, run_after=None
[2024-07-13T01:00:03.038+0000] {processor.py:183} INFO - Processing /home/airflow/.local/lib/python3.11/site-packages/airflow/example_dags/example_params_ui_tutorial.py took 0.198 seconds
[2024-07-13T01:00:35.813+0000] {processor.py:161} INFO - Started process (PID=236) to work on /home/airflow/.local/lib/python3.11/site-packages/airflow/example_dags/example_params_ui_tutorial.py
[2024-07-13T01:00:35.816+0000] {processor.py:830} INFO - Processing file /home/airflow/.local/lib/python3.11/site-packages/airflow/example_dags/example_params_ui_tutorial.py for tasks to queue
[2024-07-13T01:00:35.821+0000] {logging_mixin.py:188} INFO - [2024-07-13T01:00:35.820+0000] {dagbag.py:545} INFO - Filling up the DagBag from /home/airflow/.local/lib/python3.11/site-packages/airflow/example_dags/example_params_ui_tutorial.py
[2024-07-13T01:00:35.846+0000] {processor.py:840} INFO - DAG(s) 'example_params_ui_tutorial' retrieved from /home/airflow/.local/lib/python3.11/site-packages/airflow/example_dags/example_params_ui_tutorial.py
[2024-07-13T01:00:35.945+0000] {logging_mixin.py:188} INFO - [2024-07-13T01:00:35.945+0000] {dag.py:3096} INFO - Sync 1 DAGs
[2024-07-13T01:00:35.974+0000] {logging_mixin.py:188} INFO - [2024-07-13T01:00:35.973+0000] {dag.py:3954} INFO - Setting next_dagrun for example_params_ui_tutorial to None, run_after=None
[2024-07-13T01:00:36.022+0000] {processor.py:183} INFO - Processing /home/airflow/.local/lib/python3.11/site-packages/airflow/example_dags/example_params_ui_tutorial.py took 0.224 seconds
[2024-07-13T01:01:09.139+0000] {processor.py:161} INFO - Started process (PID=304) to work on /home/airflow/.local/lib/python3.11/site-packages/airflow/example_dags/example_params_ui_tutorial.py
[2024-07-13T01:01:09.142+0000] {processor.py:830} INFO - Processing file /home/airflow/.local/lib/python3.11/site-packages/airflow/example_dags/example_params_ui_tutorial.py for tasks to queue
[2024-07-13T01:01:09.146+0000] {logging_mixin.py:188} INFO - [2024-07-13T01:01:09.145+0000] {dagbag.py:545} INFO - Filling up the DagBag from /home/airflow/.local/lib/python3.11/site-packages/airflow/example_dags/example_params_ui_tutorial.py
[2024-07-13T01:01:09.169+0000] {processor.py:840} INFO - DAG(s) 'example_params_ui_tutorial' retrieved from /home/airflow/.local/lib/python3.11/site-packages/airflow/example_dags/example_params_ui_tutorial.py
[2024-07-13T01:01:09.278+0000] {logging_mixin.py:188} INFO - [2024-07-13T01:01:09.277+0000] {dag.py:3096} INFO - Sync 1 DAGs
[2024-07-13T01:01:09.302+0000] {logging_mixin.py:188} INFO - [2024-07-13T01:01:09.301+0000] {dag.py:3954} INFO - Setting next_dagrun for example_params_ui_tutorial to None, run_after=None
[2024-07-13T01:01:09.345+0000] {processor.py:183} INFO - Processing /home/airflow/.local/lib/python3.11/site-packages/airflow/example_dags/example_params_ui_tutorial.py took 0.218 seconds
[2024-07-13T01:01:42.613+0000] {processor.py:161} INFO - Started process (PID=366) to work on /home/airflow/.local/lib/python3.11/site-packages/airflow/example_dags/example_params_ui_tutorial.py
[2024-07-13T01:01:42.615+0000] {processor.py:830} INFO - Processing file /home/airflow/.local/lib/python3.11/site-packages/airflow/example_dags/example_params_ui_tutorial.py for tasks to queue
[2024-07-13T01:01:42.619+0000] {logging_mixin.py:188} INFO - [2024-07-13T01:01:42.619+0000] {dagbag.py:545} INFO - Filling up the DagBag from /home/airflow/.local/lib/python3.11/site-packages/airflow/example_dags/example_params_ui_tutorial.py
[2024-07-13T01:01:42.643+0000] {processor.py:840} INFO - DAG(s) 'example_params_ui_tutorial' retrieved from /home/airflow/.local/lib/python3.11/site-packages/airflow/example_dags/example_params_ui_tutorial.py
[2024-07-13T01:01:42.751+0000] {logging_mixin.py:188} INFO - [2024-07-13T01:01:42.750+0000] {dag.py:3096} INFO - Sync 1 DAGs
[2024-07-13T01:01:42.774+0000] {logging_mixin.py:188} INFO - [2024-07-13T01:01:42.774+0000] {dag.py:3954} INFO - Setting next_dagrun for example_params_ui_tutorial to None, run_after=None
[2024-07-13T01:01:42.815+0000] {processor.py:183} INFO - Processing /home/airflow/.local/lib/python3.11/site-packages/airflow/example_dags/example_params_ui_tutorial.py took 0.216 seconds
[2024-07-13T01:02:16.688+0000] {processor.py:161} INFO - Started process (PID=427) to work on /home/airflow/.local/lib/python3.11/site-packages/airflow/example_dags/example_params_ui_tutorial.py
[2024-07-13T01:02:16.690+0000] {processor.py:830} INFO - Processing file /home/airflow/.local/lib/python3.11/site-packages/airflow/example_dags/example_params_ui_tutorial.py for tasks to queue
[2024-07-13T01:02:16.693+0000] {logging_mixin.py:188} INFO - [2024-07-13T01:02:16.693+0000] {dagbag.py:545} INFO - Filling up the DagBag from /home/airflow/.local/lib/python3.11/site-packages/airflow/example_dags/example_params_ui_tutorial.py
[2024-07-13T01:02:16.717+0000] {processor.py:840} INFO - DAG(s) 'example_params_ui_tutorial' retrieved from /home/airflow/.local/lib/python3.11/site-packages/airflow/example_dags/example_params_ui_tutorial.py
[2024-07-13T01:02:16.824+0000] {logging_mixin.py:188} INFO - [2024-07-13T01:02:16.823+0000] {dag.py:3096} INFO - Sync 1 DAGs
[2024-07-13T01:02:16.848+0000] {logging_mixin.py:188} INFO - [2024-07-13T01:02:16.848+0000] {dag.py:3954} INFO - Setting next_dagrun for example_params_ui_tutorial to None, run_after=None
[2024-07-13T01:02:16.884+0000] {processor.py:183} INFO - Processing /home/airflow/.local/lib/python3.11/site-packages/airflow/example_dags/example_params_ui_tutorial.py took 0.209 seconds
[2024-07-13T01:02:50.445+0000] {processor.py:161} INFO - Started process (PID=489) to work on /home/airflow/.local/lib/python3.11/site-packages/airflow/example_dags/example_params_ui_tutorial.py
[2024-07-13T01:02:50.448+0000] {processor.py:830} INFO - Processing file /home/airflow/.local/lib/python3.11/site-packages/airflow/example_dags/example_params_ui_tutorial.py for tasks to queue
[2024-07-13T01:02:50.452+0000] {logging_mixin.py:188} INFO - [2024-07-13T01:02:50.451+0000] {dagbag.py:545} INFO - Filling up the DagBag from /home/airflow/.local/lib/python3.11/site-packages/airflow/example_dags/example_params_ui_tutorial.py
[2024-07-13T01:02:50.479+0000] {processor.py:840} INFO - DAG(s) 'example_params_ui_tutorial' retrieved from /home/airflow/.local/lib/python3.11/site-packages/airflow/example_dags/example_params_ui_tutorial.py
[2024-07-13T01:02:50.604+0000] {logging_mixin.py:188} INFO - [2024-07-13T01:02:50.603+0000] {dag.py:3096} INFO - Sync 1 DAGs
[2024-07-13T01:02:50.633+0000] {logging_mixin.py:188} INFO - [2024-07-13T01:02:50.633+0000] {dag.py:3954} INFO - Setting next_dagrun for example_params_ui_tutorial to None, run_after=None
[2024-07-13T01:02:50.673+0000] {processor.py:183} INFO - Processing /home/airflow/.local/lib/python3.11/site-packages/airflow/example_dags/example_params_ui_tutorial.py took 0.243 seconds
[2024-07-13T01:03:25.305+0000] {processor.py:161} INFO - Started process (PID=551) to work on /home/airflow/.local/lib/python3.11/site-packages/airflow/example_dags/example_params_ui_tutorial.py
[2024-07-13T01:03:25.308+0000] {processor.py:830} INFO - Processing file /home/airflow/.local/lib/python3.11/site-packages/airflow/example_dags/example_params_ui_tutorial.py for tasks to queue
[2024-07-13T01:03:25.313+0000] {logging_mixin.py:188} INFO - [2024-07-13T01:03:25.312+0000] {dagbag.py:545} INFO - Filling up the DagBag from /home/airflow/.local/lib/python3.11/site-packages/airflow/example_dags/example_params_ui_tutorial.py
[2024-07-13T01:03:25.345+0000] {processor.py:840} INFO - DAG(s) 'example_params_ui_tutorial' retrieved from /home/airflow/.local/lib/python3.11/site-packages/airflow/example_dags/example_params_ui_tutorial.py
[2024-07-13T01:03:25.482+0000] {logging_mixin.py:188} INFO - [2024-07-13T01:03:25.482+0000] {dag.py:3096} INFO - Sync 1 DAGs
[2024-07-13T01:03:25.517+0000] {logging_mixin.py:188} INFO - [2024-07-13T01:03:25.516+0000] {dag.py:3954} INFO - Setting next_dagrun for example_params_ui_tutorial to None, run_after=None
[2024-07-13T01:03:25.563+0000] {processor.py:183} INFO - Processing /home/airflow/.local/lib/python3.11/site-packages/airflow/example_dags/example_params_ui_tutorial.py took 0.275 seconds
[2024-07-13T01:03:59.299+0000] {processor.py:161} INFO - Started process (PID=614) to work on /home/airflow/.local/lib/python3.11/site-packages/airflow/example_dags/example_params_ui_tutorial.py
[2024-07-13T01:03:59.301+0000] {processor.py:830} INFO - Processing file /home/airflow/.local/lib/python3.11/site-packages/airflow/example_dags/example_params_ui_tutorial.py for tasks to queue
[2024-07-13T01:03:59.306+0000] {logging_mixin.py:188} INFO - [2024-07-13T01:03:59.305+0000] {dagbag.py:545} INFO - Filling up the DagBag from /home/airflow/.local/lib/python3.11/site-packages/airflow/example_dags/example_params_ui_tutorial.py
[2024-07-13T01:03:59.336+0000] {processor.py:840} INFO - DAG(s) 'example_params_ui_tutorial' retrieved from /home/airflow/.local/lib/python3.11/site-packages/airflow/example_dags/example_params_ui_tutorial.py
[2024-07-13T01:03:59.464+0000] {logging_mixin.py:188} INFO - [2024-07-13T01:03:59.463+0000] {dag.py:3096} INFO - Sync 1 DAGs
[2024-07-13T01:03:59.496+0000] {logging_mixin.py:188} INFO - [2024-07-13T01:03:59.496+0000] {dag.py:3954} INFO - Setting next_dagrun for example_params_ui_tutorial to None, run_after=None
[2024-07-13T01:03:59.537+0000] {processor.py:183} INFO - Processing /home/airflow/.local/lib/python3.11/site-packages/airflow/example_dags/example_params_ui_tutorial.py took 0.252 seconds
[2024-07-13T01:04:32.930+0000] {processor.py:161} INFO - Started process (PID=676) to work on /home/airflow/.local/lib/python3.11/site-packages/airflow/example_dags/example_params_ui_tutorial.py
[2024-07-13T01:04:32.933+0000] {processor.py:830} INFO - Processing file /home/airflow/.local/lib/python3.11/site-packages/airflow/example_dags/example_params_ui_tutorial.py for tasks to queue
[2024-07-13T01:04:32.937+0000] {logging_mixin.py:188} INFO - [2024-07-13T01:04:32.936+0000] {dagbag.py:545} INFO - Filling up the DagBag from /home/airflow/.local/lib/python3.11/site-packages/airflow/example_dags/example_params_ui_tutorial.py
[2024-07-13T01:04:32.970+0000] {processor.py:840} INFO - DAG(s) 'example_params_ui_tutorial' retrieved from /home/airflow/.local/lib/python3.11/site-packages/airflow/example_dags/example_params_ui_tutorial.py
[2024-07-13T01:04:33.068+0000] {logging_mixin.py:188} INFO - [2024-07-13T01:04:33.068+0000] {dag.py:3096} INFO - Sync 1 DAGs
[2024-07-13T01:04:33.088+0000] {logging_mixin.py:188} INFO - [2024-07-13T01:04:33.088+0000] {dag.py:3954} INFO - Setting next_dagrun for example_params_ui_tutorial to None, run_after=None
[2024-07-13T01:04:33.121+0000] {processor.py:183} INFO - Processing /home/airflow/.local/lib/python3.11/site-packages/airflow/example_dags/example_params_ui_tutorial.py took 0.206 seconds
[2024-07-13T01:05:06.101+0000] {processor.py:161} INFO - Started process (PID=738) to work on /home/airflow/.local/lib/python3.11/site-packages/airflow/example_dags/example_params_ui_tutorial.py
[2024-07-13T01:05:06.102+0000] {processor.py:830} INFO - Processing file /home/airflow/.local/lib/python3.11/site-packages/airflow/example_dags/example_params_ui_tutorial.py for tasks to queue
[2024-07-13T01:05:06.106+0000] {logging_mixin.py:188} INFO - [2024-07-13T01:05:06.105+0000] {dagbag.py:545} INFO - Filling up the DagBag from /home/airflow/.local/lib/python3.11/site-packages/airflow/example_dags/example_params_ui_tutorial.py
[2024-07-13T01:05:06.128+0000] {processor.py:840} INFO - DAG(s) 'example_params_ui_tutorial' retrieved from /home/airflow/.local/lib/python3.11/site-packages/airflow/example_dags/example_params_ui_tutorial.py
[2024-07-13T01:05:06.249+0000] {logging_mixin.py:188} INFO - [2024-07-13T01:05:06.248+0000] {dag.py:3096} INFO - Sync 1 DAGs
[2024-07-13T01:05:06.269+0000] {logging_mixin.py:188} INFO - [2024-07-13T01:05:06.269+0000] {dag.py:3954} INFO - Setting next_dagrun for example_params_ui_tutorial to None, run_after=None
[2024-07-13T01:05:06.295+0000] {processor.py:183} INFO - Processing /home/airflow/.local/lib/python3.11/site-packages/airflow/example_dags/example_params_ui_tutorial.py took 0.207 seconds
[2024-07-13T01:05:41.334+0000] {processor.py:161} INFO - Started process (PID=807) to work on /home/airflow/.local/lib/python3.11/site-packages/airflow/example_dags/example_params_ui_tutorial.py
[2024-07-13T01:05:41.337+0000] {processor.py:830} INFO - Processing file /home/airflow/.local/lib/python3.11/site-packages/airflow/example_dags/example_params_ui_tutorial.py for tasks to queue
[2024-07-13T01:05:41.340+0000] {logging_mixin.py:188} INFO - [2024-07-13T01:05:41.340+0000] {dagbag.py:545} INFO - Filling up the DagBag from /home/airflow/.local/lib/python3.11/site-packages/airflow/example_dags/example_params_ui_tutorial.py
[2024-07-13T01:05:41.363+0000] {processor.py:840} INFO - DAG(s) 'example_params_ui_tutorial' retrieved from /home/airflow/.local/lib/python3.11/site-packages/airflow/example_dags/example_params_ui_tutorial.py
[2024-07-13T01:05:41.465+0000] {logging_mixin.py:188} INFO - [2024-07-13T01:05:41.464+0000] {dag.py:3096} INFO - Sync 1 DAGs
[2024-07-13T01:05:41.850+0000] {logging_mixin.py:188} INFO - [2024-07-13T01:05:41.850+0000] {dag.py:3954} INFO - Setting next_dagrun for example_params_ui_tutorial to None, run_after=None
[2024-07-13T01:05:41.884+0000] {processor.py:183} INFO - Processing /home/airflow/.local/lib/python3.11/site-packages/airflow/example_dags/example_params_ui_tutorial.py took 0.562 seconds
[2024-07-13T01:06:13.145+0000] {processor.py:161} INFO - Started process (PID=869) to work on /home/airflow/.local/lib/python3.11/site-packages/airflow/example_dags/example_params_ui_tutorial.py
[2024-07-13T01:06:13.148+0000] {processor.py:830} INFO - Processing file /home/airflow/.local/lib/python3.11/site-packages/airflow/example_dags/example_params_ui_tutorial.py for tasks to queue
[2024-07-13T01:06:13.152+0000] {logging_mixin.py:188} INFO - [2024-07-13T01:06:13.151+0000] {dagbag.py:545} INFO - Filling up the DagBag from /home/airflow/.local/lib/python3.11/site-packages/airflow/example_dags/example_params_ui_tutorial.py
[2024-07-13T01:06:13.183+0000] {processor.py:840} INFO - DAG(s) 'example_params_ui_tutorial' retrieved from /home/airflow/.local/lib/python3.11/site-packages/airflow/example_dags/example_params_ui_tutorial.py
[2024-07-13T01:06:13.306+0000] {logging_mixin.py:188} INFO - [2024-07-13T01:06:13.306+0000] {dag.py:3096} INFO - Sync 1 DAGs
[2024-07-13T01:06:13.335+0000] {logging_mixin.py:188} INFO - [2024-07-13T01:06:13.334+0000] {dag.py:3954} INFO - Setting next_dagrun for example_params_ui_tutorial to None, run_after=None
[2024-07-13T01:06:13.368+0000] {processor.py:183} INFO - Processing /home/airflow/.local/lib/python3.11/site-packages/airflow/example_dags/example_params_ui_tutorial.py took 0.241 seconds
[2024-07-13T01:06:45.785+0000] {processor.py:161} INFO - Started process (PID=931) to work on /home/airflow/.local/lib/python3.11/site-packages/airflow/example_dags/example_params_ui_tutorial.py
[2024-07-13T01:06:45.787+0000] {processor.py:830} INFO - Processing file /home/airflow/.local/lib/python3.11/site-packages/airflow/example_dags/example_params_ui_tutorial.py for tasks to queue
[2024-07-13T01:06:45.791+0000] {logging_mixin.py:188} INFO - [2024-07-13T01:06:45.790+0000] {dagbag.py:545} INFO - Filling up the DagBag from /home/airflow/.local/lib/python3.11/site-packages/airflow/example_dags/example_params_ui_tutorial.py
[2024-07-13T01:06:45.815+0000] {processor.py:840} INFO - DAG(s) 'example_params_ui_tutorial' retrieved from /home/airflow/.local/lib/python3.11/site-packages/airflow/example_dags/example_params_ui_tutorial.py
[2024-07-13T01:06:45.911+0000] {logging_mixin.py:188} INFO - [2024-07-13T01:06:45.911+0000] {dag.py:3096} INFO - Sync 1 DAGs
[2024-07-13T01:06:45.934+0000] {logging_mixin.py:188} INFO - [2024-07-13T01:06:45.933+0000] {dag.py:3954} INFO - Setting next_dagrun for example_params_ui_tutorial to None, run_after=None
[2024-07-13T01:06:45.966+0000] {processor.py:183} INFO - Processing /home/airflow/.local/lib/python3.11/site-packages/airflow/example_dags/example_params_ui_tutorial.py took 0.194 seconds
[2024-07-13T01:07:18.990+0000] {processor.py:161} INFO - Started process (PID=993) to work on /home/airflow/.local/lib/python3.11/site-packages/airflow/example_dags/example_params_ui_tutorial.py
[2024-07-13T01:07:18.991+0000] {processor.py:830} INFO - Processing file /home/airflow/.local/lib/python3.11/site-packages/airflow/example_dags/example_params_ui_tutorial.py for tasks to queue
[2024-07-13T01:07:18.994+0000] {logging_mixin.py:188} INFO - [2024-07-13T01:07:18.994+0000] {dagbag.py:545} INFO - Filling up the DagBag from /home/airflow/.local/lib/python3.11/site-packages/airflow/example_dags/example_params_ui_tutorial.py
[2024-07-13T01:07:19.015+0000] {processor.py:840} INFO - DAG(s) 'example_params_ui_tutorial' retrieved from /home/airflow/.local/lib/python3.11/site-packages/airflow/example_dags/example_params_ui_tutorial.py
[2024-07-13T01:07:19.106+0000] {logging_mixin.py:188} INFO - [2024-07-13T01:07:19.106+0000] {dag.py:3096} INFO - Sync 1 DAGs
[2024-07-13T01:07:19.134+0000] {logging_mixin.py:188} INFO - [2024-07-13T01:07:19.134+0000] {dag.py:3954} INFO - Setting next_dagrun for example_params_ui_tutorial to None, run_after=None
[2024-07-13T01:07:19.173+0000] {processor.py:183} INFO - Processing /home/airflow/.local/lib/python3.11/site-packages/airflow/example_dags/example_params_ui_tutorial.py took 0.195 seconds
[2024-07-13T01:07:52.662+0000] {processor.py:161} INFO - Started process (PID=1059) to work on /home/airflow/.local/lib/python3.11/site-packages/airflow/example_dags/example_params_ui_tutorial.py
[2024-07-13T01:07:52.664+0000] {processor.py:830} INFO - Processing file /home/airflow/.local/lib/python3.11/site-packages/airflow/example_dags/example_params_ui_tutorial.py for tasks to queue
[2024-07-13T01:07:52.668+0000] {logging_mixin.py:188} INFO - [2024-07-13T01:07:52.668+0000] {dagbag.py:545} INFO - Filling up the DagBag from /home/airflow/.local/lib/python3.11/site-packages/airflow/example_dags/example_params_ui_tutorial.py
[2024-07-13T01:07:52.697+0000] {processor.py:840} INFO - DAG(s) 'example_params_ui_tutorial' retrieved from /home/airflow/.local/lib/python3.11/site-packages/airflow/example_dags/example_params_ui_tutorial.py
[2024-07-13T01:07:52.790+0000] {logging_mixin.py:188} INFO - [2024-07-13T01:07:52.789+0000] {dag.py:3096} INFO - Sync 1 DAGs
[2024-07-13T01:07:52.809+0000] {logging_mixin.py:188} INFO - [2024-07-13T01:07:52.808+0000] {dag.py:3954} INFO - Setting next_dagrun for example_params_ui_tutorial to None, run_after=None
[2024-07-13T01:07:52.841+0000] {processor.py:183} INFO - Processing /home/airflow/.local/lib/python3.11/site-packages/airflow/example_dags/example_params_ui_tutorial.py took 0.194 seconds
[2024-07-13T01:08:26.272+0000] {processor.py:161} INFO - Started process (PID=1121) to work on /home/airflow/.local/lib/python3.11/site-packages/airflow/example_dags/example_params_ui_tutorial.py
[2024-07-13T01:08:26.275+0000] {processor.py:830} INFO - Processing file /home/airflow/.local/lib/python3.11/site-packages/airflow/example_dags/example_params_ui_tutorial.py for tasks to queue
[2024-07-13T01:08:26.280+0000] {logging_mixin.py:188} INFO - [2024-07-13T01:08:26.279+0000] {dagbag.py:545} INFO - Filling up the DagBag from /home/airflow/.local/lib/python3.11/site-packages/airflow/example_dags/example_params_ui_tutorial.py
[2024-07-13T01:08:26.308+0000] {processor.py:840} INFO - DAG(s) 'example_params_ui_tutorial' retrieved from /home/airflow/.local/lib/python3.11/site-packages/airflow/example_dags/example_params_ui_tutorial.py
[2024-07-13T01:08:26.399+0000] {logging_mixin.py:188} INFO - [2024-07-13T01:08:26.399+0000] {dag.py:3096} INFO - Sync 1 DAGs
[2024-07-13T01:08:26.424+0000] {logging_mixin.py:188} INFO - [2024-07-13T01:08:26.424+0000] {dag.py:3954} INFO - Setting next_dagrun for example_params_ui_tutorial to None, run_after=None
[2024-07-13T01:08:26.457+0000] {processor.py:183} INFO - Processing /home/airflow/.local/lib/python3.11/site-packages/airflow/example_dags/example_params_ui_tutorial.py took 0.199 seconds
[2024-07-13T01:08:59.053+0000] {processor.py:161} INFO - Started process (PID=1183) to work on /home/airflow/.local/lib/python3.11/site-packages/airflow/example_dags/example_params_ui_tutorial.py
[2024-07-13T01:08:59.055+0000] {processor.py:830} INFO - Processing file /home/airflow/.local/lib/python3.11/site-packages/airflow/example_dags/example_params_ui_tutorial.py for tasks to queue
[2024-07-13T01:08:59.060+0000] {logging_mixin.py:188} INFO - [2024-07-13T01:08:59.059+0000] {dagbag.py:545} INFO - Filling up the DagBag from /home/airflow/.local/lib/python3.11/site-packages/airflow/example_dags/example_params_ui_tutorial.py
[2024-07-13T01:08:59.087+0000] {processor.py:840} INFO - DAG(s) 'example_params_ui_tutorial' retrieved from /home/airflow/.local/lib/python3.11/site-packages/airflow/example_dags/example_params_ui_tutorial.py
[2024-07-13T01:08:59.188+0000] {logging_mixin.py:188} INFO - [2024-07-13T01:08:59.187+0000] {dag.py:3096} INFO - Sync 1 DAGs
[2024-07-13T01:08:59.209+0000] {logging_mixin.py:188} INFO - [2024-07-13T01:08:59.209+0000] {dag.py:3954} INFO - Setting next_dagrun for example_params_ui_tutorial to None, run_after=None
[2024-07-13T01:08:59.243+0000] {processor.py:183} INFO - Processing /home/airflow/.local/lib/python3.11/site-packages/airflow/example_dags/example_params_ui_tutorial.py took 0.202 seconds
[2024-07-13T01:11:17.373+0000] {processor.py:161} INFO - Started process (PID=49) to work on /home/airflow/.local/lib/python3.11/site-packages/airflow/example_dags/example_params_ui_tutorial.py
[2024-07-13T01:11:17.376+0000] {processor.py:830} INFO - Processing file /home/airflow/.local/lib/python3.11/site-packages/airflow/example_dags/example_params_ui_tutorial.py for tasks to queue
[2024-07-13T01:11:17.381+0000] {logging_mixin.py:188} INFO - [2024-07-13T01:11:17.380+0000] {dagbag.py:545} INFO - Filling up the DagBag from /home/airflow/.local/lib/python3.11/site-packages/airflow/example_dags/example_params_ui_tutorial.py
[2024-07-13T01:11:17.416+0000] {processor.py:840} INFO - DAG(s) 'example_params_ui_tutorial' retrieved from /home/airflow/.local/lib/python3.11/site-packages/airflow/example_dags/example_params_ui_tutorial.py
[2024-07-13T01:11:17.713+0000] {logging_mixin.py:188} INFO - [2024-07-13T01:11:17.713+0000] {dag.py:3096} INFO - Sync 1 DAGs
[2024-07-13T01:11:17.735+0000] {logging_mixin.py:188} INFO - [2024-07-13T01:11:17.734+0000] {dag.py:3954} INFO - Setting next_dagrun for example_params_ui_tutorial to None, run_after=None
[2024-07-13T01:11:17.769+0000] {processor.py:183} INFO - Processing /home/airflow/.local/lib/python3.11/site-packages/airflow/example_dags/example_params_ui_tutorial.py took 0.411 seconds
[2024-07-13T01:11:49.470+0000] {processor.py:161} INFO - Started process (PID=110) to work on /home/airflow/.local/lib/python3.11/site-packages/airflow/example_dags/example_params_ui_tutorial.py
[2024-07-13T01:11:49.473+0000] {processor.py:830} INFO - Processing file /home/airflow/.local/lib/python3.11/site-packages/airflow/example_dags/example_params_ui_tutorial.py for tasks to queue
[2024-07-13T01:11:49.477+0000] {logging_mixin.py:188} INFO - [2024-07-13T01:11:49.476+0000] {dagbag.py:545} INFO - Filling up the DagBag from /home/airflow/.local/lib/python3.11/site-packages/airflow/example_dags/example_params_ui_tutorial.py
[2024-07-13T01:11:49.500+0000] {processor.py:840} INFO - DAG(s) 'example_params_ui_tutorial' retrieved from /home/airflow/.local/lib/python3.11/site-packages/airflow/example_dags/example_params_ui_tutorial.py
[2024-07-13T01:11:49.604+0000] {logging_mixin.py:188} INFO - [2024-07-13T01:11:49.603+0000] {dag.py:3096} INFO - Sync 1 DAGs
[2024-07-13T01:11:49.626+0000] {logging_mixin.py:188} INFO - [2024-07-13T01:11:49.626+0000] {dag.py:3954} INFO - Setting next_dagrun for example_params_ui_tutorial to None, run_after=None
[2024-07-13T01:11:49.663+0000] {processor.py:183} INFO - Processing /home/airflow/.local/lib/python3.11/site-packages/airflow/example_dags/example_params_ui_tutorial.py took 0.206 seconds
[2024-07-13T01:12:23.339+0000] {processor.py:161} INFO - Started process (PID=172) to work on /home/airflow/.local/lib/python3.11/site-packages/airflow/example_dags/example_params_ui_tutorial.py
[2024-07-13T01:12:23.341+0000] {processor.py:830} INFO - Processing file /home/airflow/.local/lib/python3.11/site-packages/airflow/example_dags/example_params_ui_tutorial.py for tasks to queue
[2024-07-13T01:12:23.345+0000] {logging_mixin.py:188} INFO - [2024-07-13T01:12:23.345+0000] {dagbag.py:545} INFO - Filling up the DagBag from /home/airflow/.local/lib/python3.11/site-packages/airflow/example_dags/example_params_ui_tutorial.py
[2024-07-13T01:12:23.374+0000] {processor.py:840} INFO - DAG(s) 'example_params_ui_tutorial' retrieved from /home/airflow/.local/lib/python3.11/site-packages/airflow/example_dags/example_params_ui_tutorial.py
[2024-07-13T01:12:23.495+0000] {logging_mixin.py:188} INFO - [2024-07-13T01:12:23.494+0000] {dag.py:3096} INFO - Sync 1 DAGs
[2024-07-13T01:12:23.521+0000] {logging_mixin.py:188} INFO - [2024-07-13T01:12:23.521+0000] {dag.py:3954} INFO - Setting next_dagrun for example_params_ui_tutorial to None, run_after=None
[2024-07-13T01:12:23.560+0000] {processor.py:183} INFO - Processing /home/airflow/.local/lib/python3.11/site-packages/airflow/example_dags/example_params_ui_tutorial.py took 0.236 seconds
[2024-07-13T01:12:55.856+0000] {processor.py:161} INFO - Started process (PID=234) to work on /home/airflow/.local/lib/python3.11/site-packages/airflow/example_dags/example_params_ui_tutorial.py
[2024-07-13T01:12:55.859+0000] {processor.py:830} INFO - Processing file /home/airflow/.local/lib/python3.11/site-packages/airflow/example_dags/example_params_ui_tutorial.py for tasks to queue
[2024-07-13T01:12:55.863+0000] {logging_mixin.py:188} INFO - [2024-07-13T01:12:55.863+0000] {dagbag.py:545} INFO - Filling up the DagBag from /home/airflow/.local/lib/python3.11/site-packages/airflow/example_dags/example_params_ui_tutorial.py
[2024-07-13T01:12:55.894+0000] {processor.py:840} INFO - DAG(s) 'example_params_ui_tutorial' retrieved from /home/airflow/.local/lib/python3.11/site-packages/airflow/example_dags/example_params_ui_tutorial.py
[2024-07-13T01:12:55.997+0000] {logging_mixin.py:188} INFO - [2024-07-13T01:12:55.996+0000] {dag.py:3096} INFO - Sync 1 DAGs
[2024-07-13T01:12:56.023+0000] {logging_mixin.py:188} INFO - [2024-07-13T01:12:56.023+0000] {dag.py:3954} INFO - Setting next_dagrun for example_params_ui_tutorial to None, run_after=None
[2024-07-13T01:12:56.062+0000] {processor.py:183} INFO - Processing /home/airflow/.local/lib/python3.11/site-packages/airflow/example_dags/example_params_ui_tutorial.py took 0.223 seconds
[2024-07-13T01:13:30.447+0000] {processor.py:161} INFO - Started process (PID=303) to work on /home/airflow/.local/lib/python3.11/site-packages/airflow/example_dags/example_params_ui_tutorial.py
[2024-07-13T01:13:30.460+0000] {processor.py:830} INFO - Processing file /home/airflow/.local/lib/python3.11/site-packages/airflow/example_dags/example_params_ui_tutorial.py for tasks to queue
[2024-07-13T01:13:30.465+0000] {logging_mixin.py:188} INFO - [2024-07-13T01:13:30.464+0000] {dagbag.py:545} INFO - Filling up the DagBag from /home/airflow/.local/lib/python3.11/site-packages/airflow/example_dags/example_params_ui_tutorial.py
[2024-07-13T01:13:30.529+0000] {processor.py:840} INFO - DAG(s) 'example_params_ui_tutorial' retrieved from /home/airflow/.local/lib/python3.11/site-packages/airflow/example_dags/example_params_ui_tutorial.py
[2024-07-13T01:13:30.671+0000] {logging_mixin.py:188} INFO - [2024-07-13T01:13:30.671+0000] {dag.py:3096} INFO - Sync 1 DAGs
[2024-07-13T01:13:30.699+0000] {logging_mixin.py:188} INFO - [2024-07-13T01:13:30.699+0000] {dag.py:3954} INFO - Setting next_dagrun for example_params_ui_tutorial to None, run_after=None
[2024-07-13T01:13:30.740+0000] {processor.py:183} INFO - Processing /home/airflow/.local/lib/python3.11/site-packages/airflow/example_dags/example_params_ui_tutorial.py took 0.337 seconds
[2024-07-13T01:14:03.211+0000] {processor.py:161} INFO - Started process (PID=365) to work on /home/airflow/.local/lib/python3.11/site-packages/airflow/example_dags/example_params_ui_tutorial.py
[2024-07-13T01:14:03.214+0000] {processor.py:830} INFO - Processing file /home/airflow/.local/lib/python3.11/site-packages/airflow/example_dags/example_params_ui_tutorial.py for tasks to queue
[2024-07-13T01:14:03.218+0000] {logging_mixin.py:188} INFO - [2024-07-13T01:14:03.217+0000] {dagbag.py:545} INFO - Filling up the DagBag from /home/airflow/.local/lib/python3.11/site-packages/airflow/example_dags/example_params_ui_tutorial.py
[2024-07-13T01:14:03.244+0000] {processor.py:840} INFO - DAG(s) 'example_params_ui_tutorial' retrieved from /home/airflow/.local/lib/python3.11/site-packages/airflow/example_dags/example_params_ui_tutorial.py
[2024-07-13T01:14:03.352+0000] {logging_mixin.py:188} INFO - [2024-07-13T01:14:03.352+0000] {dag.py:3096} INFO - Sync 1 DAGs
[2024-07-13T01:14:03.376+0000] {logging_mixin.py:188} INFO - [2024-07-13T01:14:03.375+0000] {dag.py:3954} INFO - Setting next_dagrun for example_params_ui_tutorial to None, run_after=None
[2024-07-13T01:14:03.408+0000] {processor.py:183} INFO - Processing /home/airflow/.local/lib/python3.11/site-packages/airflow/example_dags/example_params_ui_tutorial.py took 0.210 seconds
[2024-07-13T01:14:37.353+0000] {processor.py:161} INFO - Started process (PID=427) to work on /home/airflow/.local/lib/python3.11/site-packages/airflow/example_dags/example_params_ui_tutorial.py
[2024-07-13T01:14:37.356+0000] {processor.py:830} INFO - Processing file /home/airflow/.local/lib/python3.11/site-packages/airflow/example_dags/example_params_ui_tutorial.py for tasks to queue
[2024-07-13T01:14:37.359+0000] {logging_mixin.py:188} INFO - [2024-07-13T01:14:37.358+0000] {dagbag.py:545} INFO - Filling up the DagBag from /home/airflow/.local/lib/python3.11/site-packages/airflow/example_dags/example_params_ui_tutorial.py
[2024-07-13T01:14:37.380+0000] {processor.py:840} INFO - DAG(s) 'example_params_ui_tutorial' retrieved from /home/airflow/.local/lib/python3.11/site-packages/airflow/example_dags/example_params_ui_tutorial.py
[2024-07-13T01:14:37.469+0000] {logging_mixin.py:188} INFO - [2024-07-13T01:14:37.469+0000] {dag.py:3096} INFO - Sync 1 DAGs
[2024-07-13T01:14:37.491+0000] {logging_mixin.py:188} INFO - [2024-07-13T01:14:37.491+0000] {dag.py:3954} INFO - Setting next_dagrun for example_params_ui_tutorial to None, run_after=None
[2024-07-13T01:14:37.521+0000] {processor.py:183} INFO - Processing /home/airflow/.local/lib/python3.11/site-packages/airflow/example_dags/example_params_ui_tutorial.py took 0.181 seconds
[2024-07-13T01:15:11.412+0000] {processor.py:161} INFO - Started process (PID=489) to work on /home/airflow/.local/lib/python3.11/site-packages/airflow/example_dags/example_params_ui_tutorial.py
[2024-07-13T01:15:11.414+0000] {processor.py:830} INFO - Processing file /home/airflow/.local/lib/python3.11/site-packages/airflow/example_dags/example_params_ui_tutorial.py for tasks to queue
[2024-07-13T01:15:11.417+0000] {logging_mixin.py:188} INFO - [2024-07-13T01:15:11.417+0000] {dagbag.py:545} INFO - Filling up the DagBag from /home/airflow/.local/lib/python3.11/site-packages/airflow/example_dags/example_params_ui_tutorial.py
[2024-07-13T01:15:11.438+0000] {processor.py:840} INFO - DAG(s) 'example_params_ui_tutorial' retrieved from /home/airflow/.local/lib/python3.11/site-packages/airflow/example_dags/example_params_ui_tutorial.py
[2024-07-13T01:15:11.556+0000] {logging_mixin.py:188} INFO - [2024-07-13T01:15:11.556+0000] {dag.py:3096} INFO - Sync 1 DAGs
[2024-07-13T01:15:11.581+0000] {logging_mixin.py:188} INFO - [2024-07-13T01:15:11.580+0000] {dag.py:3954} INFO - Setting next_dagrun for example_params_ui_tutorial to None, run_after=None
[2024-07-13T01:15:11.618+0000] {processor.py:183} INFO - Processing /home/airflow/.local/lib/python3.11/site-packages/airflow/example_dags/example_params_ui_tutorial.py took 0.218 seconds
[2024-07-13T01:15:45.717+0000] {processor.py:161} INFO - Started process (PID=550) to work on /home/airflow/.local/lib/python3.11/site-packages/airflow/example_dags/example_params_ui_tutorial.py
[2024-07-13T01:15:45.721+0000] {processor.py:830} INFO - Processing file /home/airflow/.local/lib/python3.11/site-packages/airflow/example_dags/example_params_ui_tutorial.py for tasks to queue
[2024-07-13T01:15:45.726+0000] {logging_mixin.py:188} INFO - [2024-07-13T01:15:45.725+0000] {dagbag.py:545} INFO - Filling up the DagBag from /home/airflow/.local/lib/python3.11/site-packages/airflow/example_dags/example_params_ui_tutorial.py
[2024-07-13T01:15:45.759+0000] {processor.py:840} INFO - DAG(s) 'example_params_ui_tutorial' retrieved from /home/airflow/.local/lib/python3.11/site-packages/airflow/example_dags/example_params_ui_tutorial.py
[2024-07-13T01:15:45.909+0000] {logging_mixin.py:188} INFO - [2024-07-13T01:15:45.908+0000] {dag.py:3096} INFO - Sync 1 DAGs
[2024-07-13T01:15:45.941+0000] {logging_mixin.py:188} INFO - [2024-07-13T01:15:45.940+0000] {dag.py:3954} INFO - Setting next_dagrun for example_params_ui_tutorial to None, run_after=None
[2024-07-13T01:15:45.972+0000] {processor.py:183} INFO - Processing /home/airflow/.local/lib/python3.11/site-packages/airflow/example_dags/example_params_ui_tutorial.py took 0.272 seconds
[2024-07-13T01:16:18.535+0000] {processor.py:161} INFO - Started process (PID=613) to work on /home/airflow/.local/lib/python3.11/site-packages/airflow/example_dags/example_params_ui_tutorial.py
[2024-07-13T01:16:18.538+0000] {processor.py:830} INFO - Processing file /home/airflow/.local/lib/python3.11/site-packages/airflow/example_dags/example_params_ui_tutorial.py for tasks to queue
[2024-07-13T01:16:18.542+0000] {logging_mixin.py:188} INFO - [2024-07-13T01:16:18.542+0000] {dagbag.py:545} INFO - Filling up the DagBag from /home/airflow/.local/lib/python3.11/site-packages/airflow/example_dags/example_params_ui_tutorial.py
[2024-07-13T01:16:18.576+0000] {processor.py:840} INFO - DAG(s) 'example_params_ui_tutorial' retrieved from /home/airflow/.local/lib/python3.11/site-packages/airflow/example_dags/example_params_ui_tutorial.py
[2024-07-13T01:16:18.733+0000] {logging_mixin.py:188} INFO - [2024-07-13T01:16:18.732+0000] {dag.py:3096} INFO - Sync 1 DAGs
[2024-07-13T01:16:18.790+0000] {logging_mixin.py:188} INFO - [2024-07-13T01:16:18.789+0000] {dag.py:3954} INFO - Setting next_dagrun for example_params_ui_tutorial to None, run_after=None
[2024-07-13T01:16:18.879+0000] {processor.py:183} INFO - Processing /home/airflow/.local/lib/python3.11/site-packages/airflow/example_dags/example_params_ui_tutorial.py took 0.362 seconds
