[2024-07-13T00:27:59.914+0000] {processor.py:161} INFO - Started process (PID=49) to work on /home/airflow/.local/lib/python3.11/site-packages/airflow/example_dags/example_params_trigger_ui.py
[2024-07-13T00:27:59.916+0000] {processor.py:830} INFO - Processing file /home/airflow/.local/lib/python3.11/site-packages/airflow/example_dags/example_params_trigger_ui.py for tasks to queue
[2024-07-13T00:27:59.917+0000] {logging_mixin.py:188} INFO - [2024-07-13T00:27:59.917+0000] {dagbag.py:545} INFO - Filling up the DagBag from /home/airflow/.local/lib/python3.11/site-packages/airflow/example_dags/example_params_trigger_ui.py
[2024-07-13T00:27:59.945+0000] {processor.py:840} INFO - DAG(s) 'example_params_trigger_ui' retrieved from /home/airflow/.local/lib/python3.11/site-packages/airflow/example_dags/example_params_trigger_ui.py
[2024-07-13T00:28:00.168+0000] {logging_mixin.py:188} INFO - [2024-07-13T00:28:00.167+0000] {dag.py:3096} INFO - Sync 1 DAGs
[2024-07-13T00:28:00.191+0000] {logging_mixin.py:188} INFO - [2024-07-13T00:28:00.191+0000] {dag.py:3954} INFO - Setting next_dagrun for example_params_trigger_ui to None, run_after=None
[2024-07-13T00:28:00.230+0000] {processor.py:183} INFO - Processing /home/airflow/.local/lib/python3.11/site-packages/airflow/example_dags/example_params_trigger_ui.py took 0.327 seconds
[2024-07-13T00:28:32.536+0000] {processor.py:161} INFO - Started process (PID=111) to work on /home/airflow/.local/lib/python3.11/site-packages/airflow/example_dags/example_params_trigger_ui.py
[2024-07-13T00:28:32.542+0000] {processor.py:830} INFO - Processing file /home/airflow/.local/lib/python3.11/site-packages/airflow/example_dags/example_params_trigger_ui.py for tasks to queue
[2024-07-13T00:28:32.544+0000] {logging_mixin.py:188} INFO - [2024-07-13T00:28:32.543+0000] {dagbag.py:545} INFO - Filling up the DagBag from /home/airflow/.local/lib/python3.11/site-packages/airflow/example_dags/example_params_trigger_ui.py
[2024-07-13T00:28:32.569+0000] {processor.py:840} INFO - DAG(s) 'example_params_trigger_ui' retrieved from /home/airflow/.local/lib/python3.11/site-packages/airflow/example_dags/example_params_trigger_ui.py
[2024-07-13T00:28:32.643+0000] {logging_mixin.py:188} INFO - [2024-07-13T00:28:32.642+0000] {dag.py:3096} INFO - Sync 1 DAGs
[2024-07-13T00:28:32.661+0000] {logging_mixin.py:188} INFO - [2024-07-13T00:28:32.661+0000] {dag.py:3954} INFO - Setting next_dagrun for example_params_trigger_ui to None, run_after=None
[2024-07-13T00:28:32.689+0000] {processor.py:183} INFO - Processing /home/airflow/.local/lib/python3.11/site-packages/airflow/example_dags/example_params_trigger_ui.py took 0.166 seconds
[2024-07-13T00:29:05.427+0000] {processor.py:161} INFO - Started process (PID=173) to work on /home/airflow/.local/lib/python3.11/site-packages/airflow/example_dags/example_params_trigger_ui.py
[2024-07-13T00:29:05.429+0000] {processor.py:830} INFO - Processing file /home/airflow/.local/lib/python3.11/site-packages/airflow/example_dags/example_params_trigger_ui.py for tasks to queue
[2024-07-13T00:29:05.430+0000] {logging_mixin.py:188} INFO - [2024-07-13T00:29:05.430+0000] {dagbag.py:545} INFO - Filling up the DagBag from /home/airflow/.local/lib/python3.11/site-packages/airflow/example_dags/example_params_trigger_ui.py
[2024-07-13T00:29:05.457+0000] {processor.py:840} INFO - DAG(s) 'example_params_trigger_ui' retrieved from /home/airflow/.local/lib/python3.11/site-packages/airflow/example_dags/example_params_trigger_ui.py
[2024-07-13T00:29:05.540+0000] {logging_mixin.py:188} INFO - [2024-07-13T00:29:05.540+0000] {dag.py:3096} INFO - Sync 1 DAGs
[2024-07-13T00:29:05.559+0000] {logging_mixin.py:188} INFO - [2024-07-13T00:29:05.558+0000] {dag.py:3954} INFO - Setting next_dagrun for example_params_trigger_ui to None, run_after=None
[2024-07-13T00:29:05.591+0000] {processor.py:183} INFO - Processing /home/airflow/.local/lib/python3.11/site-packages/airflow/example_dags/example_params_trigger_ui.py took 0.176 seconds
[2024-07-13T00:29:38.493+0000] {processor.py:161} INFO - Started process (PID=235) to work on /home/airflow/.local/lib/python3.11/site-packages/airflow/example_dags/example_params_trigger_ui.py
[2024-07-13T00:29:38.495+0000] {processor.py:830} INFO - Processing file /home/airflow/.local/lib/python3.11/site-packages/airflow/example_dags/example_params_trigger_ui.py for tasks to queue
[2024-07-13T00:29:38.496+0000] {logging_mixin.py:188} INFO - [2024-07-13T00:29:38.495+0000] {dagbag.py:545} INFO - Filling up the DagBag from /home/airflow/.local/lib/python3.11/site-packages/airflow/example_dags/example_params_trigger_ui.py
[2024-07-13T00:29:38.523+0000] {processor.py:840} INFO - DAG(s) 'example_params_trigger_ui' retrieved from /home/airflow/.local/lib/python3.11/site-packages/airflow/example_dags/example_params_trigger_ui.py
[2024-07-13T00:29:38.613+0000] {logging_mixin.py:188} INFO - [2024-07-13T00:29:38.613+0000] {dag.py:3096} INFO - Sync 1 DAGs
[2024-07-13T00:29:38.634+0000] {logging_mixin.py:188} INFO - [2024-07-13T00:29:38.634+0000] {dag.py:3954} INFO - Setting next_dagrun for example_params_trigger_ui to None, run_after=None
[2024-07-13T00:29:38.670+0000] {processor.py:183} INFO - Processing /home/airflow/.local/lib/python3.11/site-packages/airflow/example_dags/example_params_trigger_ui.py took 0.189 seconds
[2024-07-13T00:30:11.313+0000] {processor.py:161} INFO - Started process (PID=303) to work on /home/airflow/.local/lib/python3.11/site-packages/airflow/example_dags/example_params_trigger_ui.py
[2024-07-13T00:30:11.316+0000] {processor.py:830} INFO - Processing file /home/airflow/.local/lib/python3.11/site-packages/airflow/example_dags/example_params_trigger_ui.py for tasks to queue
[2024-07-13T00:30:11.317+0000] {logging_mixin.py:188} INFO - [2024-07-13T00:30:11.316+0000] {dagbag.py:545} INFO - Filling up the DagBag from /home/airflow/.local/lib/python3.11/site-packages/airflow/example_dags/example_params_trigger_ui.py
[2024-07-13T00:30:11.348+0000] {processor.py:840} INFO - DAG(s) 'example_params_trigger_ui' retrieved from /home/airflow/.local/lib/python3.11/site-packages/airflow/example_dags/example_params_trigger_ui.py
[2024-07-13T00:30:11.430+0000] {logging_mixin.py:188} INFO - [2024-07-13T00:30:11.429+0000] {dag.py:3096} INFO - Sync 1 DAGs
[2024-07-13T00:30:11.449+0000] {logging_mixin.py:188} INFO - [2024-07-13T00:30:11.448+0000] {dag.py:3954} INFO - Setting next_dagrun for example_params_trigger_ui to None, run_after=None
[2024-07-13T00:30:11.479+0000] {processor.py:183} INFO - Processing /home/airflow/.local/lib/python3.11/site-packages/airflow/example_dags/example_params_trigger_ui.py took 0.178 seconds
[2024-07-13T00:30:44.451+0000] {processor.py:161} INFO - Started process (PID=366) to work on /home/airflow/.local/lib/python3.11/site-packages/airflow/example_dags/example_params_trigger_ui.py
[2024-07-13T00:30:44.453+0000] {processor.py:830} INFO - Processing file /home/airflow/.local/lib/python3.11/site-packages/airflow/example_dags/example_params_trigger_ui.py for tasks to queue
[2024-07-13T00:30:44.454+0000] {logging_mixin.py:188} INFO - [2024-07-13T00:30:44.454+0000] {dagbag.py:545} INFO - Filling up the DagBag from /home/airflow/.local/lib/python3.11/site-packages/airflow/example_dags/example_params_trigger_ui.py
[2024-07-13T00:30:44.485+0000] {processor.py:840} INFO - DAG(s) 'example_params_trigger_ui' retrieved from /home/airflow/.local/lib/python3.11/site-packages/airflow/example_dags/example_params_trigger_ui.py
[2024-07-13T00:30:44.559+0000] {logging_mixin.py:188} INFO - [2024-07-13T00:30:44.558+0000] {dag.py:3096} INFO - Sync 1 DAGs
[2024-07-13T00:30:44.580+0000] {logging_mixin.py:188} INFO - [2024-07-13T00:30:44.580+0000] {dag.py:3954} INFO - Setting next_dagrun for example_params_trigger_ui to None, run_after=None
[2024-07-13T00:30:44.610+0000] {processor.py:183} INFO - Processing /home/airflow/.local/lib/python3.11/site-packages/airflow/example_dags/example_params_trigger_ui.py took 0.171 seconds
[2024-07-13T00:31:17.766+0000] {processor.py:161} INFO - Started process (PID=428) to work on /home/airflow/.local/lib/python3.11/site-packages/airflow/example_dags/example_params_trigger_ui.py
[2024-07-13T00:31:17.769+0000] {processor.py:830} INFO - Processing file /home/airflow/.local/lib/python3.11/site-packages/airflow/example_dags/example_params_trigger_ui.py for tasks to queue
[2024-07-13T00:31:17.770+0000] {logging_mixin.py:188} INFO - [2024-07-13T00:31:17.769+0000] {dagbag.py:545} INFO - Filling up the DagBag from /home/airflow/.local/lib/python3.11/site-packages/airflow/example_dags/example_params_trigger_ui.py
[2024-07-13T00:31:17.801+0000] {processor.py:840} INFO - DAG(s) 'example_params_trigger_ui' retrieved from /home/airflow/.local/lib/python3.11/site-packages/airflow/example_dags/example_params_trigger_ui.py
[2024-07-13T00:31:17.874+0000] {logging_mixin.py:188} INFO - [2024-07-13T00:31:17.873+0000] {dag.py:3096} INFO - Sync 1 DAGs
[2024-07-13T00:31:17.894+0000] {logging_mixin.py:188} INFO - [2024-07-13T00:31:17.893+0000] {dag.py:3954} INFO - Setting next_dagrun for example_params_trigger_ui to None, run_after=None
[2024-07-13T00:31:17.923+0000] {processor.py:183} INFO - Processing /home/airflow/.local/lib/python3.11/site-packages/airflow/example_dags/example_params_trigger_ui.py took 0.170 seconds
[2024-07-13T00:31:51.886+0000] {processor.py:161} INFO - Started process (PID=490) to work on /home/airflow/.local/lib/python3.11/site-packages/airflow/example_dags/example_params_trigger_ui.py
[2024-07-13T00:31:51.890+0000] {processor.py:830} INFO - Processing file /home/airflow/.local/lib/python3.11/site-packages/airflow/example_dags/example_params_trigger_ui.py for tasks to queue
[2024-07-13T00:31:51.891+0000] {logging_mixin.py:188} INFO - [2024-07-13T00:31:51.891+0000] {dagbag.py:545} INFO - Filling up the DagBag from /home/airflow/.local/lib/python3.11/site-packages/airflow/example_dags/example_params_trigger_ui.py
[2024-07-13T00:31:51.928+0000] {processor.py:840} INFO - DAG(s) 'example_params_trigger_ui' retrieved from /home/airflow/.local/lib/python3.11/site-packages/airflow/example_dags/example_params_trigger_ui.py
[2024-07-13T00:31:52.027+0000] {logging_mixin.py:188} INFO - [2024-07-13T00:31:52.026+0000] {dag.py:3096} INFO - Sync 1 DAGs
[2024-07-13T00:31:52.054+0000] {logging_mixin.py:188} INFO - [2024-07-13T00:31:52.054+0000] {dag.py:3954} INFO - Setting next_dagrun for example_params_trigger_ui to None, run_after=None
[2024-07-13T00:31:52.089+0000] {processor.py:183} INFO - Processing /home/airflow/.local/lib/python3.11/site-packages/airflow/example_dags/example_params_trigger_ui.py took 0.219 seconds
[2024-07-13T00:32:26.274+0000] {processor.py:161} INFO - Started process (PID=552) to work on /home/airflow/.local/lib/python3.11/site-packages/airflow/example_dags/example_params_trigger_ui.py
[2024-07-13T00:32:26.276+0000] {processor.py:830} INFO - Processing file /home/airflow/.local/lib/python3.11/site-packages/airflow/example_dags/example_params_trigger_ui.py for tasks to queue
[2024-07-13T00:32:26.278+0000] {logging_mixin.py:188} INFO - [2024-07-13T00:32:26.277+0000] {dagbag.py:545} INFO - Filling up the DagBag from /home/airflow/.local/lib/python3.11/site-packages/airflow/example_dags/example_params_trigger_ui.py
[2024-07-13T00:32:26.309+0000] {processor.py:840} INFO - DAG(s) 'example_params_trigger_ui' retrieved from /home/airflow/.local/lib/python3.11/site-packages/airflow/example_dags/example_params_trigger_ui.py
[2024-07-13T00:32:26.388+0000] {logging_mixin.py:188} INFO - [2024-07-13T00:32:26.387+0000] {dag.py:3096} INFO - Sync 1 DAGs
[2024-07-13T00:32:26.410+0000] {logging_mixin.py:188} INFO - [2024-07-13T00:32:26.409+0000] {dag.py:3954} INFO - Setting next_dagrun for example_params_trigger_ui to None, run_after=None
[2024-07-13T00:32:26.446+0000] {processor.py:183} INFO - Processing /home/airflow/.local/lib/python3.11/site-packages/airflow/example_dags/example_params_trigger_ui.py took 0.188 seconds
[2024-07-13T00:33:00.057+0000] {processor.py:161} INFO - Started process (PID=614) to work on /home/airflow/.local/lib/python3.11/site-packages/airflow/example_dags/example_params_trigger_ui.py
[2024-07-13T00:33:00.060+0000] {processor.py:830} INFO - Processing file /home/airflow/.local/lib/python3.11/site-packages/airflow/example_dags/example_params_trigger_ui.py for tasks to queue
[2024-07-13T00:33:00.061+0000] {logging_mixin.py:188} INFO - [2024-07-13T00:33:00.061+0000] {dagbag.py:545} INFO - Filling up the DagBag from /home/airflow/.local/lib/python3.11/site-packages/airflow/example_dags/example_params_trigger_ui.py
[2024-07-13T00:33:00.101+0000] {processor.py:840} INFO - DAG(s) 'example_params_trigger_ui' retrieved from /home/airflow/.local/lib/python3.11/site-packages/airflow/example_dags/example_params_trigger_ui.py
[2024-07-13T00:33:00.200+0000] {logging_mixin.py:188} INFO - [2024-07-13T00:33:00.200+0000] {dag.py:3096} INFO - Sync 1 DAGs
[2024-07-13T00:33:00.240+0000] {logging_mixin.py:188} INFO - [2024-07-13T00:33:00.240+0000] {dag.py:3954} INFO - Setting next_dagrun for example_params_trigger_ui to None, run_after=None
[2024-07-13T00:33:00.277+0000] {processor.py:183} INFO - Processing /home/airflow/.local/lib/python3.11/site-packages/airflow/example_dags/example_params_trigger_ui.py took 0.234 seconds
[2024-07-13T00:33:33.065+0000] {processor.py:161} INFO - Started process (PID=676) to work on /home/airflow/.local/lib/python3.11/site-packages/airflow/example_dags/example_params_trigger_ui.py
[2024-07-13T00:33:33.067+0000] {processor.py:830} INFO - Processing file /home/airflow/.local/lib/python3.11/site-packages/airflow/example_dags/example_params_trigger_ui.py for tasks to queue
[2024-07-13T00:33:33.069+0000] {logging_mixin.py:188} INFO - [2024-07-13T00:33:33.068+0000] {dagbag.py:545} INFO - Filling up the DagBag from /home/airflow/.local/lib/python3.11/site-packages/airflow/example_dags/example_params_trigger_ui.py
[2024-07-13T00:33:33.105+0000] {processor.py:840} INFO - DAG(s) 'example_params_trigger_ui' retrieved from /home/airflow/.local/lib/python3.11/site-packages/airflow/example_dags/example_params_trigger_ui.py
[2024-07-13T00:33:33.210+0000] {logging_mixin.py:188} INFO - [2024-07-13T00:33:33.209+0000] {dag.py:3096} INFO - Sync 1 DAGs
[2024-07-13T00:33:33.237+0000] {logging_mixin.py:188} INFO - [2024-07-13T00:33:33.237+0000] {dag.py:3954} INFO - Setting next_dagrun for example_params_trigger_ui to None, run_after=None
[2024-07-13T00:33:33.273+0000] {processor.py:183} INFO - Processing /home/airflow/.local/lib/python3.11/site-packages/airflow/example_dags/example_params_trigger_ui.py took 0.223 seconds
[2024-07-13T00:35:47.817+0000] {processor.py:161} INFO - Started process (PID=50) to work on /home/airflow/.local/lib/python3.11/site-packages/airflow/example_dags/example_params_trigger_ui.py
[2024-07-13T00:35:47.819+0000] {processor.py:830} INFO - Processing file /home/airflow/.local/lib/python3.11/site-packages/airflow/example_dags/example_params_trigger_ui.py for tasks to queue
[2024-07-13T00:35:47.823+0000] {logging_mixin.py:188} INFO - [2024-07-13T00:35:47.822+0000] {dagbag.py:545} INFO - Filling up the DagBag from /home/airflow/.local/lib/python3.11/site-packages/airflow/example_dags/example_params_trigger_ui.py
[2024-07-13T00:35:47.859+0000] {processor.py:840} INFO - DAG(s) 'example_params_trigger_ui' retrieved from /home/airflow/.local/lib/python3.11/site-packages/airflow/example_dags/example_params_trigger_ui.py
[2024-07-13T00:35:48.070+0000] {logging_mixin.py:188} INFO - [2024-07-13T00:35:48.070+0000] {dag.py:3096} INFO - Sync 1 DAGs
[2024-07-13T00:35:48.086+0000] {logging_mixin.py:188} INFO - [2024-07-13T00:35:48.086+0000] {dag.py:3954} INFO - Setting next_dagrun for example_params_trigger_ui to None, run_after=None
[2024-07-13T00:35:48.117+0000] {processor.py:183} INFO - Processing /home/airflow/.local/lib/python3.11/site-packages/airflow/example_dags/example_params_trigger_ui.py took 0.316 seconds
[2024-07-13T00:36:20.155+0000] {processor.py:161} INFO - Started process (PID=112) to work on /home/airflow/.local/lib/python3.11/site-packages/airflow/example_dags/example_params_trigger_ui.py
[2024-07-13T00:36:20.157+0000] {processor.py:830} INFO - Processing file /home/airflow/.local/lib/python3.11/site-packages/airflow/example_dags/example_params_trigger_ui.py for tasks to queue
[2024-07-13T00:36:20.164+0000] {logging_mixin.py:188} INFO - [2024-07-13T00:36:20.163+0000] {dagbag.py:545} INFO - Filling up the DagBag from /home/airflow/.local/lib/python3.11/site-packages/airflow/example_dags/example_params_trigger_ui.py
[2024-07-13T00:36:20.198+0000] {processor.py:840} INFO - DAG(s) 'example_params_trigger_ui' retrieved from /home/airflow/.local/lib/python3.11/site-packages/airflow/example_dags/example_params_trigger_ui.py
[2024-07-13T00:36:20.296+0000] {logging_mixin.py:188} INFO - [2024-07-13T00:36:20.295+0000] {dag.py:3096} INFO - Sync 1 DAGs
[2024-07-13T00:36:20.322+0000] {logging_mixin.py:188} INFO - [2024-07-13T00:36:20.322+0000] {dag.py:3954} INFO - Setting next_dagrun for example_params_trigger_ui to None, run_after=None
[2024-07-13T00:36:20.355+0000] {processor.py:183} INFO - Processing /home/airflow/.local/lib/python3.11/site-packages/airflow/example_dags/example_params_trigger_ui.py took 0.212 seconds
[2024-07-13T00:38:18.656+0000] {processor.py:161} INFO - Started process (PID=48) to work on /home/airflow/.local/lib/python3.11/site-packages/airflow/example_dags/example_params_trigger_ui.py
[2024-07-13T00:38:18.659+0000] {processor.py:830} INFO - Processing file /home/airflow/.local/lib/python3.11/site-packages/airflow/example_dags/example_params_trigger_ui.py for tasks to queue
[2024-07-13T00:38:18.662+0000] {logging_mixin.py:188} INFO - [2024-07-13T00:38:18.661+0000] {dagbag.py:545} INFO - Filling up the DagBag from /home/airflow/.local/lib/python3.11/site-packages/airflow/example_dags/example_params_trigger_ui.py
[2024-07-13T00:38:18.688+0000] {processor.py:840} INFO - DAG(s) 'example_params_trigger_ui' retrieved from /home/airflow/.local/lib/python3.11/site-packages/airflow/example_dags/example_params_trigger_ui.py
[2024-07-13T00:38:18.891+0000] {logging_mixin.py:188} INFO - [2024-07-13T00:38:18.890+0000] {dag.py:3096} INFO - Sync 1 DAGs
[2024-07-13T00:38:18.909+0000] {logging_mixin.py:188} INFO - [2024-07-13T00:38:18.909+0000] {dag.py:3954} INFO - Setting next_dagrun for example_params_trigger_ui to None, run_after=None
[2024-07-13T00:38:18.940+0000] {processor.py:183} INFO - Processing /home/airflow/.local/lib/python3.11/site-packages/airflow/example_dags/example_params_trigger_ui.py took 0.295 seconds
[2024-07-13T00:38:50.462+0000] {processor.py:161} INFO - Started process (PID=110) to work on /home/airflow/.local/lib/python3.11/site-packages/airflow/example_dags/example_params_trigger_ui.py
[2024-07-13T00:38:50.464+0000] {processor.py:830} INFO - Processing file /home/airflow/.local/lib/python3.11/site-packages/airflow/example_dags/example_params_trigger_ui.py for tasks to queue
[2024-07-13T00:38:50.468+0000] {logging_mixin.py:188} INFO - [2024-07-13T00:38:50.467+0000] {dagbag.py:545} INFO - Filling up the DagBag from /home/airflow/.local/lib/python3.11/site-packages/airflow/example_dags/example_params_trigger_ui.py
[2024-07-13T00:38:50.494+0000] {processor.py:840} INFO - DAG(s) 'example_params_trigger_ui' retrieved from /home/airflow/.local/lib/python3.11/site-packages/airflow/example_dags/example_params_trigger_ui.py
[2024-07-13T00:38:50.572+0000] {logging_mixin.py:188} INFO - [2024-07-13T00:38:50.571+0000] {dag.py:3096} INFO - Sync 1 DAGs
[2024-07-13T00:38:50.592+0000] {logging_mixin.py:188} INFO - [2024-07-13T00:38:50.591+0000] {dag.py:3954} INFO - Setting next_dagrun for example_params_trigger_ui to None, run_after=None
[2024-07-13T00:38:50.619+0000] {processor.py:183} INFO - Processing /home/airflow/.local/lib/python3.11/site-packages/airflow/example_dags/example_params_trigger_ui.py took 0.171 seconds
[2024-07-13T00:39:23.579+0000] {processor.py:161} INFO - Started process (PID=172) to work on /home/airflow/.local/lib/python3.11/site-packages/airflow/example_dags/example_params_trigger_ui.py
[2024-07-13T00:39:23.581+0000] {processor.py:830} INFO - Processing file /home/airflow/.local/lib/python3.11/site-packages/airflow/example_dags/example_params_trigger_ui.py for tasks to queue
[2024-07-13T00:39:23.585+0000] {logging_mixin.py:188} INFO - [2024-07-13T00:39:23.584+0000] {dagbag.py:545} INFO - Filling up the DagBag from /home/airflow/.local/lib/python3.11/site-packages/airflow/example_dags/example_params_trigger_ui.py
[2024-07-13T00:39:23.608+0000] {processor.py:840} INFO - DAG(s) 'example_params_trigger_ui' retrieved from /home/airflow/.local/lib/python3.11/site-packages/airflow/example_dags/example_params_trigger_ui.py
[2024-07-13T00:39:23.686+0000] {logging_mixin.py:188} INFO - [2024-07-13T00:39:23.685+0000] {dag.py:3096} INFO - Sync 1 DAGs
[2024-07-13T00:39:23.708+0000] {logging_mixin.py:188} INFO - [2024-07-13T00:39:23.708+0000] {dag.py:3954} INFO - Setting next_dagrun for example_params_trigger_ui to None, run_after=None
[2024-07-13T00:39:23.735+0000] {processor.py:183} INFO - Processing /home/airflow/.local/lib/python3.11/site-packages/airflow/example_dags/example_params_trigger_ui.py took 0.168 seconds
[2024-07-13T00:39:56.549+0000] {processor.py:161} INFO - Started process (PID=234) to work on /home/airflow/.local/lib/python3.11/site-packages/airflow/example_dags/example_params_trigger_ui.py
[2024-07-13T00:39:56.551+0000] {processor.py:830} INFO - Processing file /home/airflow/.local/lib/python3.11/site-packages/airflow/example_dags/example_params_trigger_ui.py for tasks to queue
[2024-07-13T00:39:56.555+0000] {logging_mixin.py:188} INFO - [2024-07-13T00:39:56.554+0000] {dagbag.py:545} INFO - Filling up the DagBag from /home/airflow/.local/lib/python3.11/site-packages/airflow/example_dags/example_params_trigger_ui.py
[2024-07-13T00:39:56.580+0000] {processor.py:840} INFO - DAG(s) 'example_params_trigger_ui' retrieved from /home/airflow/.local/lib/python3.11/site-packages/airflow/example_dags/example_params_trigger_ui.py
[2024-07-13T00:39:56.673+0000] {logging_mixin.py:188} INFO - [2024-07-13T00:39:56.672+0000] {dag.py:3096} INFO - Sync 1 DAGs
[2024-07-13T00:39:56.698+0000] {logging_mixin.py:188} INFO - [2024-07-13T00:39:56.697+0000] {dag.py:3954} INFO - Setting next_dagrun for example_params_trigger_ui to None, run_after=None
[2024-07-13T00:39:56.728+0000] {processor.py:183} INFO - Processing /home/airflow/.local/lib/python3.11/site-packages/airflow/example_dags/example_params_trigger_ui.py took 0.192 seconds
[2024-07-13T00:40:29.341+0000] {processor.py:161} INFO - Started process (PID=296) to work on /home/airflow/.local/lib/python3.11/site-packages/airflow/example_dags/example_params_trigger_ui.py
[2024-07-13T00:40:29.343+0000] {processor.py:830} INFO - Processing file /home/airflow/.local/lib/python3.11/site-packages/airflow/example_dags/example_params_trigger_ui.py for tasks to queue
[2024-07-13T00:40:29.347+0000] {logging_mixin.py:188} INFO - [2024-07-13T00:40:29.346+0000] {dagbag.py:545} INFO - Filling up the DagBag from /home/airflow/.local/lib/python3.11/site-packages/airflow/example_dags/example_params_trigger_ui.py
[2024-07-13T00:40:29.386+0000] {processor.py:840} INFO - DAG(s) 'example_params_trigger_ui' retrieved from /home/airflow/.local/lib/python3.11/site-packages/airflow/example_dags/example_params_trigger_ui.py
[2024-07-13T00:40:29.511+0000] {logging_mixin.py:188} INFO - [2024-07-13T00:40:29.510+0000] {dag.py:3096} INFO - Sync 1 DAGs
[2024-07-13T00:40:29.532+0000] {logging_mixin.py:188} INFO - [2024-07-13T00:40:29.531+0000] {dag.py:3954} INFO - Setting next_dagrun for example_params_trigger_ui to None, run_after=None
[2024-07-13T00:40:29.567+0000] {processor.py:183} INFO - Processing /home/airflow/.local/lib/python3.11/site-packages/airflow/example_dags/example_params_trigger_ui.py took 0.239 seconds
[2024-07-13T00:41:08.219+0000] {processor.py:161} INFO - Started process (PID=362) to work on /home/airflow/.local/lib/python3.11/site-packages/airflow/example_dags/example_params_trigger_ui.py
[2024-07-13T00:41:08.224+0000] {processor.py:830} INFO - Processing file /home/airflow/.local/lib/python3.11/site-packages/airflow/example_dags/example_params_trigger_ui.py for tasks to queue
[2024-07-13T00:41:08.234+0000] {logging_mixin.py:188} INFO - [2024-07-13T00:41:08.233+0000] {dagbag.py:545} INFO - Filling up the DagBag from /home/airflow/.local/lib/python3.11/site-packages/airflow/example_dags/example_params_trigger_ui.py
[2024-07-13T00:41:08.301+0000] {processor.py:840} INFO - DAG(s) 'example_params_trigger_ui' retrieved from /home/airflow/.local/lib/python3.11/site-packages/airflow/example_dags/example_params_trigger_ui.py
[2024-07-13T00:41:08.527+0000] {logging_mixin.py:188} INFO - [2024-07-13T00:41:08.524+0000] {dag.py:3096} INFO - Sync 1 DAGs
[2024-07-13T00:41:08.582+0000] {logging_mixin.py:188} INFO - [2024-07-13T00:41:08.580+0000] {dag.py:3954} INFO - Setting next_dagrun for example_params_trigger_ui to None, run_after=None
[2024-07-13T00:41:08.645+0000] {processor.py:183} INFO - Processing /home/airflow/.local/lib/python3.11/site-packages/airflow/example_dags/example_params_trigger_ui.py took 0.458 seconds
[2024-07-13T00:41:41.238+0000] {processor.py:161} INFO - Started process (PID=423) to work on /home/airflow/.local/lib/python3.11/site-packages/airflow/example_dags/example_params_trigger_ui.py
[2024-07-13T00:41:41.241+0000] {processor.py:830} INFO - Processing file /home/airflow/.local/lib/python3.11/site-packages/airflow/example_dags/example_params_trigger_ui.py for tasks to queue
[2024-07-13T00:41:41.245+0000] {logging_mixin.py:188} INFO - [2024-07-13T00:41:41.244+0000] {dagbag.py:545} INFO - Filling up the DagBag from /home/airflow/.local/lib/python3.11/site-packages/airflow/example_dags/example_params_trigger_ui.py
[2024-07-13T00:41:41.277+0000] {processor.py:840} INFO - DAG(s) 'example_params_trigger_ui' retrieved from /home/airflow/.local/lib/python3.11/site-packages/airflow/example_dags/example_params_trigger_ui.py
[2024-07-13T00:41:41.370+0000] {logging_mixin.py:188} INFO - [2024-07-13T00:41:41.369+0000] {dag.py:3096} INFO - Sync 1 DAGs
[2024-07-13T00:41:41.397+0000] {logging_mixin.py:188} INFO - [2024-07-13T00:41:41.396+0000] {dag.py:3954} INFO - Setting next_dagrun for example_params_trigger_ui to None, run_after=None
[2024-07-13T00:41:41.432+0000] {processor.py:183} INFO - Processing /home/airflow/.local/lib/python3.11/site-packages/airflow/example_dags/example_params_trigger_ui.py took 0.208 seconds
[2024-07-13T00:42:15.131+0000] {processor.py:161} INFO - Started process (PID=485) to work on /home/airflow/.local/lib/python3.11/site-packages/airflow/example_dags/example_params_trigger_ui.py
[2024-07-13T00:42:15.134+0000] {processor.py:830} INFO - Processing file /home/airflow/.local/lib/python3.11/site-packages/airflow/example_dags/example_params_trigger_ui.py for tasks to queue
[2024-07-13T00:42:15.138+0000] {logging_mixin.py:188} INFO - [2024-07-13T00:42:15.137+0000] {dagbag.py:545} INFO - Filling up the DagBag from /home/airflow/.local/lib/python3.11/site-packages/airflow/example_dags/example_params_trigger_ui.py
[2024-07-13T00:42:15.173+0000] {processor.py:840} INFO - DAG(s) 'example_params_trigger_ui' retrieved from /home/airflow/.local/lib/python3.11/site-packages/airflow/example_dags/example_params_trigger_ui.py
[2024-07-13T00:42:15.277+0000] {logging_mixin.py:188} INFO - [2024-07-13T00:42:15.276+0000] {dag.py:3096} INFO - Sync 1 DAGs
[2024-07-13T00:42:15.303+0000] {logging_mixin.py:188} INFO - [2024-07-13T00:42:15.303+0000] {dag.py:3954} INFO - Setting next_dagrun for example_params_trigger_ui to None, run_after=None
[2024-07-13T00:42:15.334+0000] {processor.py:183} INFO - Processing /home/airflow/.local/lib/python3.11/site-packages/airflow/example_dags/example_params_trigger_ui.py took 0.218 seconds
[2024-07-13T00:44:01.891+0000] {processor.py:161} INFO - Started process (PID=49) to work on /home/airflow/.local/lib/python3.11/site-packages/airflow/example_dags/example_params_trigger_ui.py
[2024-07-13T00:44:01.893+0000] {processor.py:830} INFO - Processing file /home/airflow/.local/lib/python3.11/site-packages/airflow/example_dags/example_params_trigger_ui.py for tasks to queue
[2024-07-13T00:44:01.896+0000] {logging_mixin.py:188} INFO - [2024-07-13T00:44:01.896+0000] {dagbag.py:545} INFO - Filling up the DagBag from /home/airflow/.local/lib/python3.11/site-packages/airflow/example_dags/example_params_trigger_ui.py
[2024-07-13T00:44:01.923+0000] {processor.py:840} INFO - DAG(s) 'example_params_trigger_ui' retrieved from /home/airflow/.local/lib/python3.11/site-packages/airflow/example_dags/example_params_trigger_ui.py
[2024-07-13T00:44:02.140+0000] {logging_mixin.py:188} INFO - [2024-07-13T00:44:02.139+0000] {dag.py:3096} INFO - Sync 1 DAGs
[2024-07-13T00:44:02.164+0000] {logging_mixin.py:188} INFO - [2024-07-13T00:44:02.163+0000] {dag.py:3954} INFO - Setting next_dagrun for example_params_trigger_ui to None, run_after=None
[2024-07-13T00:44:02.204+0000] {processor.py:183} INFO - Processing /home/airflow/.local/lib/python3.11/site-packages/airflow/example_dags/example_params_trigger_ui.py took 0.324 seconds
[2024-07-13T00:44:33.414+0000] {processor.py:161} INFO - Started process (PID=111) to work on /home/airflow/.local/lib/python3.11/site-packages/airflow/example_dags/example_params_trigger_ui.py
[2024-07-13T00:44:33.416+0000] {processor.py:830} INFO - Processing file /home/airflow/.local/lib/python3.11/site-packages/airflow/example_dags/example_params_trigger_ui.py for tasks to queue
[2024-07-13T00:44:33.420+0000] {logging_mixin.py:188} INFO - [2024-07-13T00:44:33.420+0000] {dagbag.py:545} INFO - Filling up the DagBag from /home/airflow/.local/lib/python3.11/site-packages/airflow/example_dags/example_params_trigger_ui.py
[2024-07-13T00:44:33.450+0000] {processor.py:840} INFO - DAG(s) 'example_params_trigger_ui' retrieved from /home/airflow/.local/lib/python3.11/site-packages/airflow/example_dags/example_params_trigger_ui.py
[2024-07-13T00:44:33.529+0000] {logging_mixin.py:188} INFO - [2024-07-13T00:44:33.528+0000] {dag.py:3096} INFO - Sync 1 DAGs
[2024-07-13T00:44:33.557+0000] {logging_mixin.py:188} INFO - [2024-07-13T00:44:33.556+0000] {dag.py:3954} INFO - Setting next_dagrun for example_params_trigger_ui to None, run_after=None
[2024-07-13T00:44:33.596+0000] {processor.py:183} INFO - Processing /home/airflow/.local/lib/python3.11/site-packages/airflow/example_dags/example_params_trigger_ui.py took 0.196 seconds
[2024-07-13T00:45:06.050+0000] {processor.py:161} INFO - Started process (PID=172) to work on /home/airflow/.local/lib/python3.11/site-packages/airflow/example_dags/example_params_trigger_ui.py
[2024-07-13T00:45:06.058+0000] {processor.py:830} INFO - Processing file /home/airflow/.local/lib/python3.11/site-packages/airflow/example_dags/example_params_trigger_ui.py for tasks to queue
[2024-07-13T00:45:06.062+0000] {logging_mixin.py:188} INFO - [2024-07-13T00:45:06.061+0000] {dagbag.py:545} INFO - Filling up the DagBag from /home/airflow/.local/lib/python3.11/site-packages/airflow/example_dags/example_params_trigger_ui.py
[2024-07-13T00:45:06.087+0000] {processor.py:840} INFO - DAG(s) 'example_params_trigger_ui' retrieved from /home/airflow/.local/lib/python3.11/site-packages/airflow/example_dags/example_params_trigger_ui.py
[2024-07-13T00:45:06.178+0000] {logging_mixin.py:188} INFO - [2024-07-13T00:45:06.177+0000] {dag.py:3096} INFO - Sync 1 DAGs
[2024-07-13T00:45:06.206+0000] {logging_mixin.py:188} INFO - [2024-07-13T00:45:06.206+0000] {dag.py:3954} INFO - Setting next_dagrun for example_params_trigger_ui to None, run_after=None
[2024-07-13T00:45:06.239+0000] {processor.py:183} INFO - Processing /home/airflow/.local/lib/python3.11/site-packages/airflow/example_dags/example_params_trigger_ui.py took 0.201 seconds
[2024-07-13T00:45:39.037+0000] {processor.py:161} INFO - Started process (PID=234) to work on /home/airflow/.local/lib/python3.11/site-packages/airflow/example_dags/example_params_trigger_ui.py
[2024-07-13T00:45:39.039+0000] {processor.py:830} INFO - Processing file /home/airflow/.local/lib/python3.11/site-packages/airflow/example_dags/example_params_trigger_ui.py for tasks to queue
[2024-07-13T00:45:39.042+0000] {logging_mixin.py:188} INFO - [2024-07-13T00:45:39.041+0000] {dagbag.py:545} INFO - Filling up the DagBag from /home/airflow/.local/lib/python3.11/site-packages/airflow/example_dags/example_params_trigger_ui.py
[2024-07-13T00:45:39.068+0000] {processor.py:840} INFO - DAG(s) 'example_params_trigger_ui' retrieved from /home/airflow/.local/lib/python3.11/site-packages/airflow/example_dags/example_params_trigger_ui.py
[2024-07-13T00:45:39.151+0000] {logging_mixin.py:188} INFO - [2024-07-13T00:45:39.150+0000] {dag.py:3096} INFO - Sync 1 DAGs
[2024-07-13T00:45:39.173+0000] {logging_mixin.py:188} INFO - [2024-07-13T00:45:39.173+0000] {dag.py:3954} INFO - Setting next_dagrun for example_params_trigger_ui to None, run_after=None
[2024-07-13T00:45:39.202+0000] {processor.py:183} INFO - Processing /home/airflow/.local/lib/python3.11/site-packages/airflow/example_dags/example_params_trigger_ui.py took 0.177 seconds
[2024-07-13T00:46:11.746+0000] {processor.py:161} INFO - Started process (PID=295) to work on /home/airflow/.local/lib/python3.11/site-packages/airflow/example_dags/example_params_trigger_ui.py
[2024-07-13T00:46:11.749+0000] {processor.py:830} INFO - Processing file /home/airflow/.local/lib/python3.11/site-packages/airflow/example_dags/example_params_trigger_ui.py for tasks to queue
[2024-07-13T00:46:11.753+0000] {logging_mixin.py:188} INFO - [2024-07-13T00:46:11.752+0000] {dagbag.py:545} INFO - Filling up the DagBag from /home/airflow/.local/lib/python3.11/site-packages/airflow/example_dags/example_params_trigger_ui.py
[2024-07-13T00:46:11.784+0000] {processor.py:840} INFO - DAG(s) 'example_params_trigger_ui' retrieved from /home/airflow/.local/lib/python3.11/site-packages/airflow/example_dags/example_params_trigger_ui.py
[2024-07-13T00:46:11.860+0000] {logging_mixin.py:188} INFO - [2024-07-13T00:46:11.860+0000] {dag.py:3096} INFO - Sync 1 DAGs
[2024-07-13T00:46:11.881+0000] {logging_mixin.py:188} INFO - [2024-07-13T00:46:11.880+0000] {dag.py:3954} INFO - Setting next_dagrun for example_params_trigger_ui to None, run_after=None
[2024-07-13T00:46:11.914+0000] {processor.py:183} INFO - Processing /home/airflow/.local/lib/python3.11/site-packages/airflow/example_dags/example_params_trigger_ui.py took 0.184 seconds
[2024-07-13T00:46:45.186+0000] {processor.py:161} INFO - Started process (PID=363) to work on /home/airflow/.local/lib/python3.11/site-packages/airflow/example_dags/example_params_trigger_ui.py
[2024-07-13T00:46:45.188+0000] {processor.py:830} INFO - Processing file /home/airflow/.local/lib/python3.11/site-packages/airflow/example_dags/example_params_trigger_ui.py for tasks to queue
[2024-07-13T00:46:45.191+0000] {logging_mixin.py:188} INFO - [2024-07-13T00:46:45.191+0000] {dagbag.py:545} INFO - Filling up the DagBag from /home/airflow/.local/lib/python3.11/site-packages/airflow/example_dags/example_params_trigger_ui.py
[2024-07-13T00:46:45.225+0000] {processor.py:840} INFO - DAG(s) 'example_params_trigger_ui' retrieved from /home/airflow/.local/lib/python3.11/site-packages/airflow/example_dags/example_params_trigger_ui.py
[2024-07-13T00:46:45.301+0000] {logging_mixin.py:188} INFO - [2024-07-13T00:46:45.300+0000] {dag.py:3096} INFO - Sync 1 DAGs
[2024-07-13T00:46:45.324+0000] {logging_mixin.py:188} INFO - [2024-07-13T00:46:45.324+0000] {dag.py:3954} INFO - Setting next_dagrun for example_params_trigger_ui to None, run_after=None
[2024-07-13T00:46:45.372+0000] {processor.py:183} INFO - Processing /home/airflow/.local/lib/python3.11/site-packages/airflow/example_dags/example_params_trigger_ui.py took 0.198 seconds
[2024-07-13T00:47:18.731+0000] {processor.py:161} INFO - Started process (PID=424) to work on /home/airflow/.local/lib/python3.11/site-packages/airflow/example_dags/example_params_trigger_ui.py
[2024-07-13T00:47:18.733+0000] {processor.py:830} INFO - Processing file /home/airflow/.local/lib/python3.11/site-packages/airflow/example_dags/example_params_trigger_ui.py for tasks to queue
[2024-07-13T00:47:18.736+0000] {logging_mixin.py:188} INFO - [2024-07-13T00:47:18.736+0000] {dagbag.py:545} INFO - Filling up the DagBag from /home/airflow/.local/lib/python3.11/site-packages/airflow/example_dags/example_params_trigger_ui.py
[2024-07-13T00:47:18.762+0000] {processor.py:840} INFO - DAG(s) 'example_params_trigger_ui' retrieved from /home/airflow/.local/lib/python3.11/site-packages/airflow/example_dags/example_params_trigger_ui.py
[2024-07-13T00:47:18.837+0000] {logging_mixin.py:188} INFO - [2024-07-13T00:47:18.836+0000] {dag.py:3096} INFO - Sync 1 DAGs
[2024-07-13T00:47:18.858+0000] {logging_mixin.py:188} INFO - [2024-07-13T00:47:18.857+0000] {dag.py:3954} INFO - Setting next_dagrun for example_params_trigger_ui to None, run_after=None
[2024-07-13T00:47:18.888+0000] {processor.py:183} INFO - Processing /home/airflow/.local/lib/python3.11/site-packages/airflow/example_dags/example_params_trigger_ui.py took 0.168 seconds
[2024-07-13T00:47:55.491+0000] {processor.py:161} INFO - Started process (PID=485) to work on /home/airflow/.local/lib/python3.11/site-packages/airflow/example_dags/example_params_trigger_ui.py
[2024-07-13T00:47:55.493+0000] {processor.py:830} INFO - Processing file /home/airflow/.local/lib/python3.11/site-packages/airflow/example_dags/example_params_trigger_ui.py for tasks to queue
[2024-07-13T00:47:55.496+0000] {logging_mixin.py:188} INFO - [2024-07-13T00:47:55.496+0000] {dagbag.py:545} INFO - Filling up the DagBag from /home/airflow/.local/lib/python3.11/site-packages/airflow/example_dags/example_params_trigger_ui.py
[2024-07-13T00:47:55.522+0000] {processor.py:840} INFO - DAG(s) 'example_params_trigger_ui' retrieved from /home/airflow/.local/lib/python3.11/site-packages/airflow/example_dags/example_params_trigger_ui.py
[2024-07-13T00:47:55.606+0000] {logging_mixin.py:188} INFO - [2024-07-13T00:47:55.605+0000] {dag.py:3096} INFO - Sync 1 DAGs
[2024-07-13T00:47:55.629+0000] {logging_mixin.py:188} INFO - [2024-07-13T00:47:55.628+0000] {dag.py:3954} INFO - Setting next_dagrun for example_params_trigger_ui to None, run_after=None
[2024-07-13T00:47:55.655+0000] {processor.py:183} INFO - Processing /home/airflow/.local/lib/python3.11/site-packages/airflow/example_dags/example_params_trigger_ui.py took 0.176 seconds
[2024-07-13T00:48:30.281+0000] {processor.py:161} INFO - Started process (PID=547) to work on /home/airflow/.local/lib/python3.11/site-packages/airflow/example_dags/example_params_trigger_ui.py
[2024-07-13T00:48:30.283+0000] {processor.py:830} INFO - Processing file /home/airflow/.local/lib/python3.11/site-packages/airflow/example_dags/example_params_trigger_ui.py for tasks to queue
[2024-07-13T00:48:30.287+0000] {logging_mixin.py:188} INFO - [2024-07-13T00:48:30.286+0000] {dagbag.py:545} INFO - Filling up the DagBag from /home/airflow/.local/lib/python3.11/site-packages/airflow/example_dags/example_params_trigger_ui.py
[2024-07-13T00:48:30.313+0000] {processor.py:840} INFO - DAG(s) 'example_params_trigger_ui' retrieved from /home/airflow/.local/lib/python3.11/site-packages/airflow/example_dags/example_params_trigger_ui.py
[2024-07-13T00:48:30.386+0000] {logging_mixin.py:188} INFO - [2024-07-13T00:48:30.385+0000] {dag.py:3096} INFO - Sync 1 DAGs
[2024-07-13T00:48:30.405+0000] {logging_mixin.py:188} INFO - [2024-07-13T00:48:30.405+0000] {dag.py:3954} INFO - Setting next_dagrun for example_params_trigger_ui to None, run_after=None
[2024-07-13T00:48:30.435+0000] {processor.py:183} INFO - Processing /home/airflow/.local/lib/python3.11/site-packages/airflow/example_dags/example_params_trigger_ui.py took 0.167 seconds
[2024-07-13T00:49:05.068+0000] {processor.py:161} INFO - Started process (PID=611) to work on /home/airflow/.local/lib/python3.11/site-packages/airflow/example_dags/example_params_trigger_ui.py
[2024-07-13T00:49:05.069+0000] {processor.py:830} INFO - Processing file /home/airflow/.local/lib/python3.11/site-packages/airflow/example_dags/example_params_trigger_ui.py for tasks to queue
[2024-07-13T00:49:05.072+0000] {logging_mixin.py:188} INFO - [2024-07-13T00:49:05.072+0000] {dagbag.py:545} INFO - Filling up the DagBag from /home/airflow/.local/lib/python3.11/site-packages/airflow/example_dags/example_params_trigger_ui.py
[2024-07-13T00:49:05.100+0000] {processor.py:840} INFO - DAG(s) 'example_params_trigger_ui' retrieved from /home/airflow/.local/lib/python3.11/site-packages/airflow/example_dags/example_params_trigger_ui.py
[2024-07-13T00:49:05.174+0000] {logging_mixin.py:188} INFO - [2024-07-13T00:49:05.173+0000] {dag.py:3096} INFO - Sync 1 DAGs
[2024-07-13T00:49:05.198+0000] {logging_mixin.py:188} INFO - [2024-07-13T00:49:05.198+0000] {dag.py:3954} INFO - Setting next_dagrun for example_params_trigger_ui to None, run_after=None
[2024-07-13T00:49:05.231+0000] {processor.py:183} INFO - Processing /home/airflow/.local/lib/python3.11/site-packages/airflow/example_dags/example_params_trigger_ui.py took 0.175 seconds
[2024-07-13T00:49:38.785+0000] {processor.py:161} INFO - Started process (PID=673) to work on /home/airflow/.local/lib/python3.11/site-packages/airflow/example_dags/example_params_trigger_ui.py
[2024-07-13T00:49:38.787+0000] {processor.py:830} INFO - Processing file /home/airflow/.local/lib/python3.11/site-packages/airflow/example_dags/example_params_trigger_ui.py for tasks to queue
[2024-07-13T00:49:38.790+0000] {logging_mixin.py:188} INFO - [2024-07-13T00:49:38.790+0000] {dagbag.py:545} INFO - Filling up the DagBag from /home/airflow/.local/lib/python3.11/site-packages/airflow/example_dags/example_params_trigger_ui.py
[2024-07-13T00:49:38.817+0000] {processor.py:840} INFO - DAG(s) 'example_params_trigger_ui' retrieved from /home/airflow/.local/lib/python3.11/site-packages/airflow/example_dags/example_params_trigger_ui.py
[2024-07-13T00:49:38.893+0000] {logging_mixin.py:188} INFO - [2024-07-13T00:49:38.892+0000] {dag.py:3096} INFO - Sync 1 DAGs
[2024-07-13T00:49:38.919+0000] {logging_mixin.py:188} INFO - [2024-07-13T00:49:38.919+0000] {dag.py:3954} INFO - Setting next_dagrun for example_params_trigger_ui to None, run_after=None
[2024-07-13T00:49:38.950+0000] {processor.py:183} INFO - Processing /home/airflow/.local/lib/python3.11/site-packages/airflow/example_dags/example_params_trigger_ui.py took 0.176 seconds
[2024-07-13T00:50:13.119+0000] {processor.py:161} INFO - Started process (PID=739) to work on /home/airflow/.local/lib/python3.11/site-packages/airflow/example_dags/example_params_trigger_ui.py
[2024-07-13T00:50:13.122+0000] {processor.py:830} INFO - Processing file /home/airflow/.local/lib/python3.11/site-packages/airflow/example_dags/example_params_trigger_ui.py for tasks to queue
[2024-07-13T00:50:13.125+0000] {logging_mixin.py:188} INFO - [2024-07-13T00:50:13.125+0000] {dagbag.py:545} INFO - Filling up the DagBag from /home/airflow/.local/lib/python3.11/site-packages/airflow/example_dags/example_params_trigger_ui.py
[2024-07-13T00:50:13.158+0000] {processor.py:840} INFO - DAG(s) 'example_params_trigger_ui' retrieved from /home/airflow/.local/lib/python3.11/site-packages/airflow/example_dags/example_params_trigger_ui.py
[2024-07-13T00:50:13.254+0000] {logging_mixin.py:188} INFO - [2024-07-13T00:50:13.253+0000] {dag.py:3096} INFO - Sync 1 DAGs
[2024-07-13T00:50:13.280+0000] {logging_mixin.py:188} INFO - [2024-07-13T00:50:13.280+0000] {dag.py:3954} INFO - Setting next_dagrun for example_params_trigger_ui to None, run_after=None
[2024-07-13T00:50:13.312+0000] {processor.py:183} INFO - Processing /home/airflow/.local/lib/python3.11/site-packages/airflow/example_dags/example_params_trigger_ui.py took 0.208 seconds
[2024-07-13T00:50:45.978+0000] {processor.py:161} INFO - Started process (PID=807) to work on /home/airflow/.local/lib/python3.11/site-packages/airflow/example_dags/example_params_trigger_ui.py
[2024-07-13T00:50:45.980+0000] {processor.py:830} INFO - Processing file /home/airflow/.local/lib/python3.11/site-packages/airflow/example_dags/example_params_trigger_ui.py for tasks to queue
[2024-07-13T00:50:45.983+0000] {logging_mixin.py:188} INFO - [2024-07-13T00:50:45.982+0000] {dagbag.py:545} INFO - Filling up the DagBag from /home/airflow/.local/lib/python3.11/site-packages/airflow/example_dags/example_params_trigger_ui.py
[2024-07-13T00:50:46.007+0000] {processor.py:840} INFO - DAG(s) 'example_params_trigger_ui' retrieved from /home/airflow/.local/lib/python3.11/site-packages/airflow/example_dags/example_params_trigger_ui.py
[2024-07-13T00:50:46.085+0000] {logging_mixin.py:188} INFO - [2024-07-13T00:50:46.084+0000] {dag.py:3096} INFO - Sync 1 DAGs
[2024-07-13T00:50:46.104+0000] {logging_mixin.py:188} INFO - [2024-07-13T00:50:46.104+0000] {dag.py:3954} INFO - Setting next_dagrun for example_params_trigger_ui to None, run_after=None
[2024-07-13T00:50:46.130+0000] {processor.py:183} INFO - Processing /home/airflow/.local/lib/python3.11/site-packages/airflow/example_dags/example_params_trigger_ui.py took 0.164 seconds
[2024-07-13T00:51:19.760+0000] {processor.py:161} INFO - Started process (PID=869) to work on /home/airflow/.local/lib/python3.11/site-packages/airflow/example_dags/example_params_trigger_ui.py
[2024-07-13T00:51:19.763+0000] {processor.py:830} INFO - Processing file /home/airflow/.local/lib/python3.11/site-packages/airflow/example_dags/example_params_trigger_ui.py for tasks to queue
[2024-07-13T00:51:19.768+0000] {logging_mixin.py:188} INFO - [2024-07-13T00:51:19.767+0000] {dagbag.py:545} INFO - Filling up the DagBag from /home/airflow/.local/lib/python3.11/site-packages/airflow/example_dags/example_params_trigger_ui.py
[2024-07-13T00:51:19.802+0000] {processor.py:840} INFO - DAG(s) 'example_params_trigger_ui' retrieved from /home/airflow/.local/lib/python3.11/site-packages/airflow/example_dags/example_params_trigger_ui.py
[2024-07-13T00:51:19.898+0000] {logging_mixin.py:188} INFO - [2024-07-13T00:51:19.897+0000] {dag.py:3096} INFO - Sync 1 DAGs
[2024-07-13T00:51:19.924+0000] {logging_mixin.py:188} INFO - [2024-07-13T00:51:19.923+0000] {dag.py:3954} INFO - Setting next_dagrun for example_params_trigger_ui to None, run_after=None
[2024-07-13T00:51:19.958+0000] {processor.py:183} INFO - Processing /home/airflow/.local/lib/python3.11/site-packages/airflow/example_dags/example_params_trigger_ui.py took 0.215 seconds
[2024-07-13T00:51:52.909+0000] {processor.py:161} INFO - Started process (PID=931) to work on /home/airflow/.local/lib/python3.11/site-packages/airflow/example_dags/example_params_trigger_ui.py
[2024-07-13T00:51:52.911+0000] {processor.py:830} INFO - Processing file /home/airflow/.local/lib/python3.11/site-packages/airflow/example_dags/example_params_trigger_ui.py for tasks to queue
[2024-07-13T00:51:52.914+0000] {logging_mixin.py:188} INFO - [2024-07-13T00:51:52.914+0000] {dagbag.py:545} INFO - Filling up the DagBag from /home/airflow/.local/lib/python3.11/site-packages/airflow/example_dags/example_params_trigger_ui.py
[2024-07-13T00:51:52.940+0000] {processor.py:840} INFO - DAG(s) 'example_params_trigger_ui' retrieved from /home/airflow/.local/lib/python3.11/site-packages/airflow/example_dags/example_params_trigger_ui.py
[2024-07-13T00:51:53.021+0000] {logging_mixin.py:188} INFO - [2024-07-13T00:51:53.020+0000] {dag.py:3096} INFO - Sync 1 DAGs
[2024-07-13T00:51:53.047+0000] {logging_mixin.py:188} INFO - [2024-07-13T00:51:53.047+0000] {dag.py:3954} INFO - Setting next_dagrun for example_params_trigger_ui to None, run_after=None
[2024-07-13T00:51:53.081+0000] {processor.py:183} INFO - Processing /home/airflow/.local/lib/python3.11/site-packages/airflow/example_dags/example_params_trigger_ui.py took 0.183 seconds
[2024-07-13T00:52:25.746+0000] {processor.py:161} INFO - Started process (PID=994) to work on /home/airflow/.local/lib/python3.11/site-packages/airflow/example_dags/example_params_trigger_ui.py
[2024-07-13T00:52:25.748+0000] {processor.py:830} INFO - Processing file /home/airflow/.local/lib/python3.11/site-packages/airflow/example_dags/example_params_trigger_ui.py for tasks to queue
[2024-07-13T00:52:25.753+0000] {logging_mixin.py:188} INFO - [2024-07-13T00:52:25.752+0000] {dagbag.py:545} INFO - Filling up the DagBag from /home/airflow/.local/lib/python3.11/site-packages/airflow/example_dags/example_params_trigger_ui.py
[2024-07-13T00:52:25.786+0000] {processor.py:840} INFO - DAG(s) 'example_params_trigger_ui' retrieved from /home/airflow/.local/lib/python3.11/site-packages/airflow/example_dags/example_params_trigger_ui.py
[2024-07-13T00:52:25.866+0000] {logging_mixin.py:188} INFO - [2024-07-13T00:52:25.864+0000] {dag.py:3096} INFO - Sync 1 DAGs
[2024-07-13T00:52:25.894+0000] {logging_mixin.py:188} INFO - [2024-07-13T00:52:25.893+0000] {dag.py:3954} INFO - Setting next_dagrun for example_params_trigger_ui to None, run_after=None
[2024-07-13T00:52:25.929+0000] {processor.py:183} INFO - Processing /home/airflow/.local/lib/python3.11/site-packages/airflow/example_dags/example_params_trigger_ui.py took 0.199 seconds
[2024-07-13T00:52:58.580+0000] {processor.py:161} INFO - Started process (PID=1057) to work on /home/airflow/.local/lib/python3.11/site-packages/airflow/example_dags/example_params_trigger_ui.py
[2024-07-13T00:52:58.582+0000] {processor.py:830} INFO - Processing file /home/airflow/.local/lib/python3.11/site-packages/airflow/example_dags/example_params_trigger_ui.py for tasks to queue
[2024-07-13T00:52:58.586+0000] {logging_mixin.py:188} INFO - [2024-07-13T00:52:58.585+0000] {dagbag.py:545} INFO - Filling up the DagBag from /home/airflow/.local/lib/python3.11/site-packages/airflow/example_dags/example_params_trigger_ui.py
[2024-07-13T00:52:58.611+0000] {processor.py:840} INFO - DAG(s) 'example_params_trigger_ui' retrieved from /home/airflow/.local/lib/python3.11/site-packages/airflow/example_dags/example_params_trigger_ui.py
[2024-07-13T00:52:58.694+0000] {logging_mixin.py:188} INFO - [2024-07-13T00:52:58.693+0000] {dag.py:3096} INFO - Sync 1 DAGs
[2024-07-13T00:52:58.717+0000] {logging_mixin.py:188} INFO - [2024-07-13T00:52:58.716+0000] {dag.py:3954} INFO - Setting next_dagrun for example_params_trigger_ui to None, run_after=None
[2024-07-13T00:52:58.744+0000] {processor.py:183} INFO - Processing /home/airflow/.local/lib/python3.11/site-packages/airflow/example_dags/example_params_trigger_ui.py took 0.176 seconds
[2024-07-13T00:53:31.536+0000] {processor.py:161} INFO - Started process (PID=1119) to work on /home/airflow/.local/lib/python3.11/site-packages/airflow/example_dags/example_params_trigger_ui.py
[2024-07-13T00:53:31.538+0000] {processor.py:830} INFO - Processing file /home/airflow/.local/lib/python3.11/site-packages/airflow/example_dags/example_params_trigger_ui.py for tasks to queue
[2024-07-13T00:53:31.542+0000] {logging_mixin.py:188} INFO - [2024-07-13T00:53:31.542+0000] {dagbag.py:545} INFO - Filling up the DagBag from /home/airflow/.local/lib/python3.11/site-packages/airflow/example_dags/example_params_trigger_ui.py
[2024-07-13T00:53:31.572+0000] {processor.py:840} INFO - DAG(s) 'example_params_trigger_ui' retrieved from /home/airflow/.local/lib/python3.11/site-packages/airflow/example_dags/example_params_trigger_ui.py
[2024-07-13T00:53:31.652+0000] {logging_mixin.py:188} INFO - [2024-07-13T00:53:31.651+0000] {dag.py:3096} INFO - Sync 1 DAGs
[2024-07-13T00:53:31.676+0000] {logging_mixin.py:188} INFO - [2024-07-13T00:53:31.675+0000] {dag.py:3954} INFO - Setting next_dagrun for example_params_trigger_ui to None, run_after=None
[2024-07-13T00:53:31.707+0000] {processor.py:183} INFO - Processing /home/airflow/.local/lib/python3.11/site-packages/airflow/example_dags/example_params_trigger_ui.py took 0.184 seconds
[2024-07-13T00:54:04.233+0000] {processor.py:161} INFO - Started process (PID=1181) to work on /home/airflow/.local/lib/python3.11/site-packages/airflow/example_dags/example_params_trigger_ui.py
[2024-07-13T00:54:04.235+0000] {processor.py:830} INFO - Processing file /home/airflow/.local/lib/python3.11/site-packages/airflow/example_dags/example_params_trigger_ui.py for tasks to queue
[2024-07-13T00:54:04.239+0000] {logging_mixin.py:188} INFO - [2024-07-13T00:54:04.238+0000] {dagbag.py:545} INFO - Filling up the DagBag from /home/airflow/.local/lib/python3.11/site-packages/airflow/example_dags/example_params_trigger_ui.py
[2024-07-13T00:54:04.266+0000] {processor.py:840} INFO - DAG(s) 'example_params_trigger_ui' retrieved from /home/airflow/.local/lib/python3.11/site-packages/airflow/example_dags/example_params_trigger_ui.py
[2024-07-13T00:54:04.344+0000] {logging_mixin.py:188} INFO - [2024-07-13T00:54:04.344+0000] {dag.py:3096} INFO - Sync 1 DAGs
[2024-07-13T00:54:04.368+0000] {logging_mixin.py:188} INFO - [2024-07-13T00:54:04.367+0000] {dag.py:3954} INFO - Setting next_dagrun for example_params_trigger_ui to None, run_after=None
[2024-07-13T00:54:04.400+0000] {processor.py:183} INFO - Processing /home/airflow/.local/lib/python3.11/site-packages/airflow/example_dags/example_params_trigger_ui.py took 0.179 seconds
[2024-07-13T00:54:37.219+0000] {processor.py:161} INFO - Started process (PID=1243) to work on /home/airflow/.local/lib/python3.11/site-packages/airflow/example_dags/example_params_trigger_ui.py
[2024-07-13T00:54:37.222+0000] {processor.py:830} INFO - Processing file /home/airflow/.local/lib/python3.11/site-packages/airflow/example_dags/example_params_trigger_ui.py for tasks to queue
[2024-07-13T00:54:37.225+0000] {logging_mixin.py:188} INFO - [2024-07-13T00:54:37.224+0000] {dagbag.py:545} INFO - Filling up the DagBag from /home/airflow/.local/lib/python3.11/site-packages/airflow/example_dags/example_params_trigger_ui.py
[2024-07-13T00:54:37.250+0000] {processor.py:840} INFO - DAG(s) 'example_params_trigger_ui' retrieved from /home/airflow/.local/lib/python3.11/site-packages/airflow/example_dags/example_params_trigger_ui.py
[2024-07-13T00:54:37.348+0000] {logging_mixin.py:188} INFO - [2024-07-13T00:54:37.346+0000] {dag.py:3096} INFO - Sync 1 DAGs
[2024-07-13T00:54:37.373+0000] {logging_mixin.py:188} INFO - [2024-07-13T00:54:37.372+0000] {dag.py:3954} INFO - Setting next_dagrun for example_params_trigger_ui to None, run_after=None
[2024-07-13T00:54:37.408+0000] {processor.py:183} INFO - Processing /home/airflow/.local/lib/python3.11/site-packages/airflow/example_dags/example_params_trigger_ui.py took 0.201 seconds
[2024-07-13T00:55:10.054+0000] {processor.py:161} INFO - Started process (PID=1305) to work on /home/airflow/.local/lib/python3.11/site-packages/airflow/example_dags/example_params_trigger_ui.py
[2024-07-13T00:55:10.055+0000] {processor.py:830} INFO - Processing file /home/airflow/.local/lib/python3.11/site-packages/airflow/example_dags/example_params_trigger_ui.py for tasks to queue
[2024-07-13T00:55:10.059+0000] {logging_mixin.py:188} INFO - [2024-07-13T00:55:10.058+0000] {dagbag.py:545} INFO - Filling up the DagBag from /home/airflow/.local/lib/python3.11/site-packages/airflow/example_dags/example_params_trigger_ui.py
[2024-07-13T00:55:10.090+0000] {processor.py:840} INFO - DAG(s) 'example_params_trigger_ui' retrieved from /home/airflow/.local/lib/python3.11/site-packages/airflow/example_dags/example_params_trigger_ui.py
[2024-07-13T00:55:10.181+0000] {logging_mixin.py:188} INFO - [2024-07-13T00:55:10.180+0000] {dag.py:3096} INFO - Sync 1 DAGs
[2024-07-13T00:55:10.203+0000] {logging_mixin.py:188} INFO - [2024-07-13T00:55:10.202+0000] {dag.py:3954} INFO - Setting next_dagrun for example_params_trigger_ui to None, run_after=None
[2024-07-13T00:55:10.235+0000] {processor.py:183} INFO - Processing /home/airflow/.local/lib/python3.11/site-packages/airflow/example_dags/example_params_trigger_ui.py took 0.196 seconds
[2024-07-13T00:58:58.420+0000] {processor.py:161} INFO - Started process (PID=50) to work on /home/airflow/.local/lib/python3.11/site-packages/airflow/example_dags/example_params_trigger_ui.py
[2024-07-13T00:58:58.423+0000] {processor.py:830} INFO - Processing file /home/airflow/.local/lib/python3.11/site-packages/airflow/example_dags/example_params_trigger_ui.py for tasks to queue
[2024-07-13T00:58:58.429+0000] {logging_mixin.py:188} INFO - [2024-07-13T00:58:58.427+0000] {dagbag.py:545} INFO - Filling up the DagBag from /home/airflow/.local/lib/python3.11/site-packages/airflow/example_dags/example_params_trigger_ui.py
[2024-07-13T00:58:58.469+0000] {processor.py:840} INFO - DAG(s) 'example_params_trigger_ui' retrieved from /home/airflow/.local/lib/python3.11/site-packages/airflow/example_dags/example_params_trigger_ui.py
[2024-07-13T00:58:58.751+0000] {logging_mixin.py:188} INFO - [2024-07-13T00:58:58.749+0000] {dag.py:3096} INFO - Sync 1 DAGs
[2024-07-13T00:58:58.777+0000] {logging_mixin.py:188} INFO - [2024-07-13T00:58:58.777+0000] {dag.py:3954} INFO - Setting next_dagrun for example_params_trigger_ui to None, run_after=None
[2024-07-13T00:58:58.820+0000] {processor.py:183} INFO - Processing /home/airflow/.local/lib/python3.11/site-packages/airflow/example_dags/example_params_trigger_ui.py took 0.419 seconds
[2024-07-13T00:59:29.969+0000] {processor.py:161} INFO - Started process (PID=112) to work on /home/airflow/.local/lib/python3.11/site-packages/airflow/example_dags/example_params_trigger_ui.py
[2024-07-13T00:59:29.974+0000] {processor.py:830} INFO - Processing file /home/airflow/.local/lib/python3.11/site-packages/airflow/example_dags/example_params_trigger_ui.py for tasks to queue
[2024-07-13T00:59:29.979+0000] {logging_mixin.py:188} INFO - [2024-07-13T00:59:29.978+0000] {dagbag.py:545} INFO - Filling up the DagBag from /home/airflow/.local/lib/python3.11/site-packages/airflow/example_dags/example_params_trigger_ui.py
[2024-07-13T00:59:30.013+0000] {processor.py:840} INFO - DAG(s) 'example_params_trigger_ui' retrieved from /home/airflow/.local/lib/python3.11/site-packages/airflow/example_dags/example_params_trigger_ui.py
[2024-07-13T00:59:30.111+0000] {logging_mixin.py:188} INFO - [2024-07-13T00:59:30.110+0000] {dag.py:3096} INFO - Sync 1 DAGs
[2024-07-13T00:59:30.139+0000] {logging_mixin.py:188} INFO - [2024-07-13T00:59:30.138+0000] {dag.py:3954} INFO - Setting next_dagrun for example_params_trigger_ui to None, run_after=None
[2024-07-13T00:59:30.185+0000] {processor.py:183} INFO - Processing /home/airflow/.local/lib/python3.11/site-packages/airflow/example_dags/example_params_trigger_ui.py took 0.230 seconds
[2024-07-13T01:00:02.794+0000] {processor.py:161} INFO - Started process (PID=173) to work on /home/airflow/.local/lib/python3.11/site-packages/airflow/example_dags/example_params_trigger_ui.py
[2024-07-13T01:00:02.796+0000] {processor.py:830} INFO - Processing file /home/airflow/.local/lib/python3.11/site-packages/airflow/example_dags/example_params_trigger_ui.py for tasks to queue
[2024-07-13T01:00:02.801+0000] {logging_mixin.py:188} INFO - [2024-07-13T01:00:02.800+0000] {dagbag.py:545} INFO - Filling up the DagBag from /home/airflow/.local/lib/python3.11/site-packages/airflow/example_dags/example_params_trigger_ui.py
[2024-07-13T01:00:02.842+0000] {processor.py:840} INFO - DAG(s) 'example_params_trigger_ui' retrieved from /home/airflow/.local/lib/python3.11/site-packages/airflow/example_dags/example_params_trigger_ui.py
[2024-07-13T01:00:02.936+0000] {logging_mixin.py:188} INFO - [2024-07-13T01:00:02.934+0000] {dag.py:3096} INFO - Sync 1 DAGs
[2024-07-13T01:00:02.960+0000] {logging_mixin.py:188} INFO - [2024-07-13T01:00:02.960+0000] {dag.py:3954} INFO - Setting next_dagrun for example_params_trigger_ui to None, run_after=None
[2024-07-13T01:00:03.000+0000] {processor.py:183} INFO - Processing /home/airflow/.local/lib/python3.11/site-packages/airflow/example_dags/example_params_trigger_ui.py took 0.224 seconds
[2024-07-13T01:00:35.768+0000] {processor.py:161} INFO - Started process (PID=235) to work on /home/airflow/.local/lib/python3.11/site-packages/airflow/example_dags/example_params_trigger_ui.py
[2024-07-13T01:00:35.771+0000] {processor.py:830} INFO - Processing file /home/airflow/.local/lib/python3.11/site-packages/airflow/example_dags/example_params_trigger_ui.py for tasks to queue
[2024-07-13T01:00:35.775+0000] {logging_mixin.py:188} INFO - [2024-07-13T01:00:35.774+0000] {dagbag.py:545} INFO - Filling up the DagBag from /home/airflow/.local/lib/python3.11/site-packages/airflow/example_dags/example_params_trigger_ui.py
[2024-07-13T01:00:35.804+0000] {processor.py:840} INFO - DAG(s) 'example_params_trigger_ui' retrieved from /home/airflow/.local/lib/python3.11/site-packages/airflow/example_dags/example_params_trigger_ui.py
[2024-07-13T01:00:35.885+0000] {logging_mixin.py:188} INFO - [2024-07-13T01:00:35.884+0000] {dag.py:3096} INFO - Sync 1 DAGs
[2024-07-13T01:00:35.907+0000] {logging_mixin.py:188} INFO - [2024-07-13T01:00:35.907+0000] {dag.py:3954} INFO - Setting next_dagrun for example_params_trigger_ui to None, run_after=None
[2024-07-13T01:00:35.939+0000] {processor.py:183} INFO - Processing /home/airflow/.local/lib/python3.11/site-packages/airflow/example_dags/example_params_trigger_ui.py took 0.184 seconds
[2024-07-13T01:01:09.020+0000] {processor.py:161} INFO - Started process (PID=303) to work on /home/airflow/.local/lib/python3.11/site-packages/airflow/example_dags/example_params_trigger_ui.py
[2024-07-13T01:01:09.023+0000] {processor.py:830} INFO - Processing file /home/airflow/.local/lib/python3.11/site-packages/airflow/example_dags/example_params_trigger_ui.py for tasks to queue
[2024-07-13T01:01:09.027+0000] {logging_mixin.py:188} INFO - [2024-07-13T01:01:09.026+0000] {dagbag.py:545} INFO - Filling up the DagBag from /home/airflow/.local/lib/python3.11/site-packages/airflow/example_dags/example_params_trigger_ui.py
[2024-07-13T01:01:09.059+0000] {processor.py:840} INFO - DAG(s) 'example_params_trigger_ui' retrieved from /home/airflow/.local/lib/python3.11/site-packages/airflow/example_dags/example_params_trigger_ui.py
[2024-07-13T01:01:09.145+0000] {logging_mixin.py:188} INFO - [2024-07-13T01:01:09.144+0000] {dag.py:3096} INFO - Sync 1 DAGs
[2024-07-13T01:01:09.170+0000] {logging_mixin.py:188} INFO - [2024-07-13T01:01:09.169+0000] {dag.py:3954} INFO - Setting next_dagrun for example_params_trigger_ui to None, run_after=None
[2024-07-13T01:01:09.212+0000] {processor.py:183} INFO - Processing /home/airflow/.local/lib/python3.11/site-packages/airflow/example_dags/example_params_trigger_ui.py took 0.207 seconds
[2024-07-13T01:01:42.506+0000] {processor.py:161} INFO - Started process (PID=365) to work on /home/airflow/.local/lib/python3.11/site-packages/airflow/example_dags/example_params_trigger_ui.py
[2024-07-13T01:01:42.508+0000] {processor.py:830} INFO - Processing file /home/airflow/.local/lib/python3.11/site-packages/airflow/example_dags/example_params_trigger_ui.py for tasks to queue
[2024-07-13T01:01:42.511+0000] {logging_mixin.py:188} INFO - [2024-07-13T01:01:42.511+0000] {dagbag.py:545} INFO - Filling up the DagBag from /home/airflow/.local/lib/python3.11/site-packages/airflow/example_dags/example_params_trigger_ui.py
[2024-07-13T01:01:42.538+0000] {processor.py:840} INFO - DAG(s) 'example_params_trigger_ui' retrieved from /home/airflow/.local/lib/python3.11/site-packages/airflow/example_dags/example_params_trigger_ui.py
[2024-07-13T01:01:42.623+0000] {logging_mixin.py:188} INFO - [2024-07-13T01:01:42.622+0000] {dag.py:3096} INFO - Sync 1 DAGs
[2024-07-13T01:01:42.643+0000] {logging_mixin.py:188} INFO - [2024-07-13T01:01:42.643+0000] {dag.py:3954} INFO - Setting next_dagrun for example_params_trigger_ui to None, run_after=None
[2024-07-13T01:01:42.675+0000] {processor.py:183} INFO - Processing /home/airflow/.local/lib/python3.11/site-packages/airflow/example_dags/example_params_trigger_ui.py took 0.182 seconds
[2024-07-13T01:02:16.526+0000] {processor.py:161} INFO - Started process (PID=426) to work on /home/airflow/.local/lib/python3.11/site-packages/airflow/example_dags/example_params_trigger_ui.py
[2024-07-13T01:02:16.528+0000] {processor.py:830} INFO - Processing file /home/airflow/.local/lib/python3.11/site-packages/airflow/example_dags/example_params_trigger_ui.py for tasks to queue
[2024-07-13T01:02:16.533+0000] {logging_mixin.py:188} INFO - [2024-07-13T01:02:16.532+0000] {dagbag.py:545} INFO - Filling up the DagBag from /home/airflow/.local/lib/python3.11/site-packages/airflow/example_dags/example_params_trigger_ui.py
[2024-07-13T01:02:16.573+0000] {processor.py:840} INFO - DAG(s) 'example_params_trigger_ui' retrieved from /home/airflow/.local/lib/python3.11/site-packages/airflow/example_dags/example_params_trigger_ui.py
[2024-07-13T01:02:16.685+0000] {logging_mixin.py:188} INFO - [2024-07-13T01:02:16.684+0000] {dag.py:3096} INFO - Sync 1 DAGs
[2024-07-13T01:02:16.716+0000] {logging_mixin.py:188} INFO - [2024-07-13T01:02:16.715+0000] {dag.py:3954} INFO - Setting next_dagrun for example_params_trigger_ui to None, run_after=None
[2024-07-13T01:02:16.756+0000] {processor.py:183} INFO - Processing /home/airflow/.local/lib/python3.11/site-packages/airflow/example_dags/example_params_trigger_ui.py took 0.250 seconds
[2024-07-13T01:02:50.302+0000] {processor.py:161} INFO - Started process (PID=488) to work on /home/airflow/.local/lib/python3.11/site-packages/airflow/example_dags/example_params_trigger_ui.py
[2024-07-13T01:02:50.306+0000] {processor.py:830} INFO - Processing file /home/airflow/.local/lib/python3.11/site-packages/airflow/example_dags/example_params_trigger_ui.py for tasks to queue
[2024-07-13T01:02:50.310+0000] {logging_mixin.py:188} INFO - [2024-07-13T01:02:50.309+0000] {dagbag.py:545} INFO - Filling up the DagBag from /home/airflow/.local/lib/python3.11/site-packages/airflow/example_dags/example_params_trigger_ui.py
[2024-07-13T01:02:50.345+0000] {processor.py:840} INFO - DAG(s) 'example_params_trigger_ui' retrieved from /home/airflow/.local/lib/python3.11/site-packages/airflow/example_dags/example_params_trigger_ui.py
[2024-07-13T01:02:50.443+0000] {logging_mixin.py:188} INFO - [2024-07-13T01:02:50.442+0000] {dag.py:3096} INFO - Sync 1 DAGs
[2024-07-13T01:02:50.469+0000] {logging_mixin.py:188} INFO - [2024-07-13T01:02:50.469+0000] {dag.py:3954} INFO - Setting next_dagrun for example_params_trigger_ui to None, run_after=None
[2024-07-13T01:02:50.507+0000] {processor.py:183} INFO - Processing /home/airflow/.local/lib/python3.11/site-packages/airflow/example_dags/example_params_trigger_ui.py took 0.223 seconds
[2024-07-13T01:03:25.282+0000] {processor.py:161} INFO - Started process (PID=550) to work on /home/airflow/.local/lib/python3.11/site-packages/airflow/example_dags/example_params_trigger_ui.py
[2024-07-13T01:03:25.285+0000] {processor.py:830} INFO - Processing file /home/airflow/.local/lib/python3.11/site-packages/airflow/example_dags/example_params_trigger_ui.py for tasks to queue
[2024-07-13T01:03:25.288+0000] {logging_mixin.py:188} INFO - [2024-07-13T01:03:25.288+0000] {dagbag.py:545} INFO - Filling up the DagBag from /home/airflow/.local/lib/python3.11/site-packages/airflow/example_dags/example_params_trigger_ui.py
[2024-07-13T01:03:25.313+0000] {processor.py:840} INFO - DAG(s) 'example_params_trigger_ui' retrieved from /home/airflow/.local/lib/python3.11/site-packages/airflow/example_dags/example_params_trigger_ui.py
[2024-07-13T01:03:25.398+0000] {logging_mixin.py:188} INFO - [2024-07-13T01:03:25.397+0000] {dag.py:3096} INFO - Sync 1 DAGs
[2024-07-13T01:03:25.426+0000] {logging_mixin.py:188} INFO - [2024-07-13T01:03:25.425+0000] {dag.py:3954} INFO - Setting next_dagrun for example_params_trigger_ui to None, run_after=None
[2024-07-13T01:03:25.471+0000] {processor.py:183} INFO - Processing /home/airflow/.local/lib/python3.11/site-packages/airflow/example_dags/example_params_trigger_ui.py took 0.204 seconds
[2024-07-13T01:03:59.264+0000] {processor.py:161} INFO - Started process (PID=613) to work on /home/airflow/.local/lib/python3.11/site-packages/airflow/example_dags/example_params_trigger_ui.py
[2024-07-13T01:03:59.267+0000] {processor.py:830} INFO - Processing file /home/airflow/.local/lib/python3.11/site-packages/airflow/example_dags/example_params_trigger_ui.py for tasks to queue
[2024-07-13T01:03:59.271+0000] {logging_mixin.py:188} INFO - [2024-07-13T01:03:59.270+0000] {dagbag.py:545} INFO - Filling up the DagBag from /home/airflow/.local/lib/python3.11/site-packages/airflow/example_dags/example_params_trigger_ui.py
[2024-07-13T01:03:59.306+0000] {processor.py:840} INFO - DAG(s) 'example_params_trigger_ui' retrieved from /home/airflow/.local/lib/python3.11/site-packages/airflow/example_dags/example_params_trigger_ui.py
[2024-07-13T01:03:59.416+0000] {logging_mixin.py:188} INFO - [2024-07-13T01:03:59.415+0000] {dag.py:3096} INFO - Sync 1 DAGs
[2024-07-13T01:03:59.446+0000] {logging_mixin.py:188} INFO - [2024-07-13T01:03:59.445+0000] {dag.py:3954} INFO - Setting next_dagrun for example_params_trigger_ui to None, run_after=None
[2024-07-13T01:03:59.488+0000] {processor.py:183} INFO - Processing /home/airflow/.local/lib/python3.11/site-packages/airflow/example_dags/example_params_trigger_ui.py took 0.240 seconds
[2024-07-13T01:04:32.736+0000] {processor.py:161} INFO - Started process (PID=675) to work on /home/airflow/.local/lib/python3.11/site-packages/airflow/example_dags/example_params_trigger_ui.py
[2024-07-13T01:04:32.739+0000] {processor.py:830} INFO - Processing file /home/airflow/.local/lib/python3.11/site-packages/airflow/example_dags/example_params_trigger_ui.py for tasks to queue
[2024-07-13T01:04:32.742+0000] {logging_mixin.py:188} INFO - [2024-07-13T01:04:32.742+0000] {dagbag.py:545} INFO - Filling up the DagBag from /home/airflow/.local/lib/python3.11/site-packages/airflow/example_dags/example_params_trigger_ui.py
[2024-07-13T01:04:32.771+0000] {processor.py:840} INFO - DAG(s) 'example_params_trigger_ui' retrieved from /home/airflow/.local/lib/python3.11/site-packages/airflow/example_dags/example_params_trigger_ui.py
[2024-07-13T01:04:32.854+0000] {logging_mixin.py:188} INFO - [2024-07-13T01:04:32.853+0000] {dag.py:3096} INFO - Sync 1 DAGs
[2024-07-13T01:04:32.879+0000] {logging_mixin.py:188} INFO - [2024-07-13T01:04:32.879+0000] {dag.py:3954} INFO - Setting next_dagrun for example_params_trigger_ui to None, run_after=None
[2024-07-13T01:04:32.919+0000] {processor.py:183} INFO - Processing /home/airflow/.local/lib/python3.11/site-packages/airflow/example_dags/example_params_trigger_ui.py took 0.197 seconds
[2024-07-13T01:05:05.944+0000] {processor.py:161} INFO - Started process (PID=737) to work on /home/airflow/.local/lib/python3.11/site-packages/airflow/example_dags/example_params_trigger_ui.py
[2024-07-13T01:05:05.946+0000] {processor.py:830} INFO - Processing file /home/airflow/.local/lib/python3.11/site-packages/airflow/example_dags/example_params_trigger_ui.py for tasks to queue
[2024-07-13T01:05:05.950+0000] {logging_mixin.py:188} INFO - [2024-07-13T01:05:05.949+0000] {dagbag.py:545} INFO - Filling up the DagBag from /home/airflow/.local/lib/python3.11/site-packages/airflow/example_dags/example_params_trigger_ui.py
[2024-07-13T01:05:05.985+0000] {processor.py:840} INFO - DAG(s) 'example_params_trigger_ui' retrieved from /home/airflow/.local/lib/python3.11/site-packages/airflow/example_dags/example_params_trigger_ui.py
[2024-07-13T01:05:06.081+0000] {logging_mixin.py:188} INFO - [2024-07-13T01:05:06.080+0000] {dag.py:3096} INFO - Sync 1 DAGs
[2024-07-13T01:05:06.110+0000] {logging_mixin.py:188} INFO - [2024-07-13T01:05:06.110+0000] {dag.py:3954} INFO - Setting next_dagrun for example_params_trigger_ui to None, run_after=None
[2024-07-13T01:05:06.149+0000] {processor.py:183} INFO - Processing /home/airflow/.local/lib/python3.11/site-packages/airflow/example_dags/example_params_trigger_ui.py took 0.221 seconds
[2024-07-13T01:05:41.089+0000] {processor.py:161} INFO - Started process (PID=806) to work on /home/airflow/.local/lib/python3.11/site-packages/airflow/example_dags/example_params_trigger_ui.py
[2024-07-13T01:05:41.091+0000] {processor.py:830} INFO - Processing file /home/airflow/.local/lib/python3.11/site-packages/airflow/example_dags/example_params_trigger_ui.py for tasks to queue
[2024-07-13T01:05:41.095+0000] {logging_mixin.py:188} INFO - [2024-07-13T01:05:41.094+0000] {dagbag.py:545} INFO - Filling up the DagBag from /home/airflow/.local/lib/python3.11/site-packages/airflow/example_dags/example_params_trigger_ui.py
[2024-07-13T01:05:41.128+0000] {processor.py:840} INFO - DAG(s) 'example_params_trigger_ui' retrieved from /home/airflow/.local/lib/python3.11/site-packages/airflow/example_dags/example_params_trigger_ui.py
[2024-07-13T01:05:41.215+0000] {logging_mixin.py:188} INFO - [2024-07-13T01:05:41.214+0000] {dag.py:3096} INFO - Sync 1 DAGs
[2024-07-13T01:05:41.648+0000] {logging_mixin.py:188} INFO - [2024-07-13T01:05:41.648+0000] {dag.py:3954} INFO - Setting next_dagrun for example_params_trigger_ui to None, run_after=None
[2024-07-13T01:05:41.673+0000] {processor.py:183} INFO - Processing /home/airflow/.local/lib/python3.11/site-packages/airflow/example_dags/example_params_trigger_ui.py took 0.597 seconds
[2024-07-13T01:06:13.110+0000] {processor.py:161} INFO - Started process (PID=868) to work on /home/airflow/.local/lib/python3.11/site-packages/airflow/example_dags/example_params_trigger_ui.py
[2024-07-13T01:06:13.113+0000] {processor.py:830} INFO - Processing file /home/airflow/.local/lib/python3.11/site-packages/airflow/example_dags/example_params_trigger_ui.py for tasks to queue
[2024-07-13T01:06:13.117+0000] {logging_mixin.py:188} INFO - [2024-07-13T01:06:13.116+0000] {dagbag.py:545} INFO - Filling up the DagBag from /home/airflow/.local/lib/python3.11/site-packages/airflow/example_dags/example_params_trigger_ui.py
[2024-07-13T01:06:13.143+0000] {processor.py:840} INFO - DAG(s) 'example_params_trigger_ui' retrieved from /home/airflow/.local/lib/python3.11/site-packages/airflow/example_dags/example_params_trigger_ui.py
[2024-07-13T01:06:13.217+0000] {logging_mixin.py:188} INFO - [2024-07-13T01:06:13.216+0000] {dag.py:3096} INFO - Sync 1 DAGs
[2024-07-13T01:06:13.235+0000] {logging_mixin.py:188} INFO - [2024-07-13T01:06:13.234+0000] {dag.py:3954} INFO - Setting next_dagrun for example_params_trigger_ui to None, run_after=None
[2024-07-13T01:06:13.259+0000] {processor.py:183} INFO - Processing /home/airflow/.local/lib/python3.11/site-packages/airflow/example_dags/example_params_trigger_ui.py took 0.163 seconds
[2024-07-13T01:06:45.686+0000] {processor.py:161} INFO - Started process (PID=930) to work on /home/airflow/.local/lib/python3.11/site-packages/airflow/example_dags/example_params_trigger_ui.py
[2024-07-13T01:06:45.688+0000] {processor.py:830} INFO - Processing file /home/airflow/.local/lib/python3.11/site-packages/airflow/example_dags/example_params_trigger_ui.py for tasks to queue
[2024-07-13T01:06:45.692+0000] {logging_mixin.py:188} INFO - [2024-07-13T01:06:45.691+0000] {dagbag.py:545} INFO - Filling up the DagBag from /home/airflow/.local/lib/python3.11/site-packages/airflow/example_dags/example_params_trigger_ui.py
[2024-07-13T01:06:45.720+0000] {processor.py:840} INFO - DAG(s) 'example_params_trigger_ui' retrieved from /home/airflow/.local/lib/python3.11/site-packages/airflow/example_dags/example_params_trigger_ui.py
[2024-07-13T01:06:45.804+0000] {logging_mixin.py:188} INFO - [2024-07-13T01:06:45.803+0000] {dag.py:3096} INFO - Sync 1 DAGs
[2024-07-13T01:06:45.826+0000] {logging_mixin.py:188} INFO - [2024-07-13T01:06:45.825+0000] {dag.py:3954} INFO - Setting next_dagrun for example_params_trigger_ui to None, run_after=None
[2024-07-13T01:06:45.859+0000] {processor.py:183} INFO - Processing /home/airflow/.local/lib/python3.11/site-packages/airflow/example_dags/example_params_trigger_ui.py took 0.186 seconds
[2024-07-13T01:07:18.914+0000] {processor.py:161} INFO - Started process (PID=992) to work on /home/airflow/.local/lib/python3.11/site-packages/airflow/example_dags/example_params_trigger_ui.py
[2024-07-13T01:07:18.915+0000] {processor.py:830} INFO - Processing file /home/airflow/.local/lib/python3.11/site-packages/airflow/example_dags/example_params_trigger_ui.py for tasks to queue
[2024-07-13T01:07:18.919+0000] {logging_mixin.py:188} INFO - [2024-07-13T01:07:18.918+0000] {dagbag.py:545} INFO - Filling up the DagBag from /home/airflow/.local/lib/python3.11/site-packages/airflow/example_dags/example_params_trigger_ui.py
[2024-07-13T01:07:18.952+0000] {processor.py:840} INFO - DAG(s) 'example_params_trigger_ui' retrieved from /home/airflow/.local/lib/python3.11/site-packages/airflow/example_dags/example_params_trigger_ui.py
[2024-07-13T01:07:19.031+0000] {logging_mixin.py:188} INFO - [2024-07-13T01:07:19.030+0000] {dag.py:3096} INFO - Sync 1 DAGs
[2024-07-13T01:07:19.054+0000] {logging_mixin.py:188} INFO - [2024-07-13T01:07:19.054+0000] {dag.py:3954} INFO - Setting next_dagrun for example_params_trigger_ui to None, run_after=None
[2024-07-13T01:07:19.087+0000] {processor.py:183} INFO - Processing /home/airflow/.local/lib/python3.11/site-packages/airflow/example_dags/example_params_trigger_ui.py took 0.186 seconds
[2024-07-13T01:07:52.516+0000] {processor.py:161} INFO - Started process (PID=1058) to work on /home/airflow/.local/lib/python3.11/site-packages/airflow/example_dags/example_params_trigger_ui.py
[2024-07-13T01:07:52.518+0000] {processor.py:830} INFO - Processing file /home/airflow/.local/lib/python3.11/site-packages/airflow/example_dags/example_params_trigger_ui.py for tasks to queue
[2024-07-13T01:07:52.521+0000] {logging_mixin.py:188} INFO - [2024-07-13T01:07:52.521+0000] {dagbag.py:545} INFO - Filling up the DagBag from /home/airflow/.local/lib/python3.11/site-packages/airflow/example_dags/example_params_trigger_ui.py
[2024-07-13T01:07:52.548+0000] {processor.py:840} INFO - DAG(s) 'example_params_trigger_ui' retrieved from /home/airflow/.local/lib/python3.11/site-packages/airflow/example_dags/example_params_trigger_ui.py
[2024-07-13T01:07:52.629+0000] {logging_mixin.py:188} INFO - [2024-07-13T01:07:52.628+0000] {dag.py:3096} INFO - Sync 1 DAGs
[2024-07-13T01:07:52.654+0000] {logging_mixin.py:188} INFO - [2024-07-13T01:07:52.653+0000] {dag.py:3954} INFO - Setting next_dagrun for example_params_trigger_ui to None, run_after=None
[2024-07-13T01:07:52.682+0000] {processor.py:183} INFO - Processing /home/airflow/.local/lib/python3.11/site-packages/airflow/example_dags/example_params_trigger_ui.py took 0.178 seconds
[2024-07-13T01:08:26.134+0000] {processor.py:161} INFO - Started process (PID=1120) to work on /home/airflow/.local/lib/python3.11/site-packages/airflow/example_dags/example_params_trigger_ui.py
[2024-07-13T01:08:26.137+0000] {processor.py:830} INFO - Processing file /home/airflow/.local/lib/python3.11/site-packages/airflow/example_dags/example_params_trigger_ui.py for tasks to queue
[2024-07-13T01:08:26.140+0000] {logging_mixin.py:188} INFO - [2024-07-13T01:08:26.140+0000] {dagbag.py:545} INFO - Filling up the DagBag from /home/airflow/.local/lib/python3.11/site-packages/airflow/example_dags/example_params_trigger_ui.py
[2024-07-13T01:08:26.168+0000] {processor.py:840} INFO - DAG(s) 'example_params_trigger_ui' retrieved from /home/airflow/.local/lib/python3.11/site-packages/airflow/example_dags/example_params_trigger_ui.py
[2024-07-13T01:08:26.249+0000] {logging_mixin.py:188} INFO - [2024-07-13T01:08:26.248+0000] {dag.py:3096} INFO - Sync 1 DAGs
[2024-07-13T01:08:26.268+0000] {logging_mixin.py:188} INFO - [2024-07-13T01:08:26.267+0000] {dag.py:3954} INFO - Setting next_dagrun for example_params_trigger_ui to None, run_after=None
[2024-07-13T01:08:26.299+0000] {processor.py:183} INFO - Processing /home/airflow/.local/lib/python3.11/site-packages/airflow/example_dags/example_params_trigger_ui.py took 0.177 seconds
[2024-07-13T01:08:58.919+0000] {processor.py:161} INFO - Started process (PID=1182) to work on /home/airflow/.local/lib/python3.11/site-packages/airflow/example_dags/example_params_trigger_ui.py
[2024-07-13T01:08:58.921+0000] {processor.py:830} INFO - Processing file /home/airflow/.local/lib/python3.11/site-packages/airflow/example_dags/example_params_trigger_ui.py for tasks to queue
[2024-07-13T01:08:58.924+0000] {logging_mixin.py:188} INFO - [2024-07-13T01:08:58.923+0000] {dagbag.py:545} INFO - Filling up the DagBag from /home/airflow/.local/lib/python3.11/site-packages/airflow/example_dags/example_params_trigger_ui.py
[2024-07-13T01:08:58.951+0000] {processor.py:840} INFO - DAG(s) 'example_params_trigger_ui' retrieved from /home/airflow/.local/lib/python3.11/site-packages/airflow/example_dags/example_params_trigger_ui.py
[2024-07-13T01:08:59.029+0000] {logging_mixin.py:188} INFO - [2024-07-13T01:08:59.028+0000] {dag.py:3096} INFO - Sync 1 DAGs
[2024-07-13T01:08:59.049+0000] {logging_mixin.py:188} INFO - [2024-07-13T01:08:59.049+0000] {dag.py:3954} INFO - Setting next_dagrun for example_params_trigger_ui to None, run_after=None
[2024-07-13T01:08:59.078+0000] {processor.py:183} INFO - Processing /home/airflow/.local/lib/python3.11/site-packages/airflow/example_dags/example_params_trigger_ui.py took 0.171 seconds
[2024-07-13T01:11:17.252+0000] {processor.py:161} INFO - Started process (PID=48) to work on /home/airflow/.local/lib/python3.11/site-packages/airflow/example_dags/example_params_trigger_ui.py
[2024-07-13T01:11:17.255+0000] {processor.py:830} INFO - Processing file /home/airflow/.local/lib/python3.11/site-packages/airflow/example_dags/example_params_trigger_ui.py for tasks to queue
[2024-07-13T01:11:17.260+0000] {logging_mixin.py:188} INFO - [2024-07-13T01:11:17.259+0000] {dagbag.py:545} INFO - Filling up the DagBag from /home/airflow/.local/lib/python3.11/site-packages/airflow/example_dags/example_params_trigger_ui.py
[2024-07-13T01:11:17.298+0000] {processor.py:840} INFO - DAG(s) 'example_params_trigger_ui' retrieved from /home/airflow/.local/lib/python3.11/site-packages/airflow/example_dags/example_params_trigger_ui.py
[2024-07-13T01:11:17.550+0000] {logging_mixin.py:188} INFO - [2024-07-13T01:11:17.549+0000] {dag.py:3096} INFO - Sync 1 DAGs
[2024-07-13T01:11:17.572+0000] {logging_mixin.py:188} INFO - [2024-07-13T01:11:17.571+0000] {dag.py:3954} INFO - Setting next_dagrun for example_params_trigger_ui to None, run_after=None
[2024-07-13T01:11:17.605+0000] {processor.py:183} INFO - Processing /home/airflow/.local/lib/python3.11/site-packages/airflow/example_dags/example_params_trigger_ui.py took 0.370 seconds
[2024-07-13T01:11:49.362+0000] {processor.py:161} INFO - Started process (PID=109) to work on /home/airflow/.local/lib/python3.11/site-packages/airflow/example_dags/example_params_trigger_ui.py
[2024-07-13T01:11:49.368+0000] {processor.py:830} INFO - Processing file /home/airflow/.local/lib/python3.11/site-packages/airflow/example_dags/example_params_trigger_ui.py for tasks to queue
[2024-07-13T01:11:49.371+0000] {logging_mixin.py:188} INFO - [2024-07-13T01:11:49.371+0000] {dagbag.py:545} INFO - Filling up the DagBag from /home/airflow/.local/lib/python3.11/site-packages/airflow/example_dags/example_params_trigger_ui.py
[2024-07-13T01:11:49.396+0000] {processor.py:840} INFO - DAG(s) 'example_params_trigger_ui' retrieved from /home/airflow/.local/lib/python3.11/site-packages/airflow/example_dags/example_params_trigger_ui.py
[2024-07-13T01:11:49.477+0000] {logging_mixin.py:188} INFO - [2024-07-13T01:11:49.476+0000] {dag.py:3096} INFO - Sync 1 DAGs
[2024-07-13T01:11:49.496+0000] {logging_mixin.py:188} INFO - [2024-07-13T01:11:49.496+0000] {dag.py:3954} INFO - Setting next_dagrun for example_params_trigger_ui to None, run_after=None
[2024-07-13T01:11:49.527+0000] {processor.py:183} INFO - Processing /home/airflow/.local/lib/python3.11/site-packages/airflow/example_dags/example_params_trigger_ui.py took 0.176 seconds
[2024-07-13T01:12:23.178+0000] {processor.py:161} INFO - Started process (PID=171) to work on /home/airflow/.local/lib/python3.11/site-packages/airflow/example_dags/example_params_trigger_ui.py
[2024-07-13T01:12:23.180+0000] {processor.py:830} INFO - Processing file /home/airflow/.local/lib/python3.11/site-packages/airflow/example_dags/example_params_trigger_ui.py for tasks to queue
[2024-07-13T01:12:23.184+0000] {logging_mixin.py:188} INFO - [2024-07-13T01:12:23.183+0000] {dagbag.py:545} INFO - Filling up the DagBag from /home/airflow/.local/lib/python3.11/site-packages/airflow/example_dags/example_params_trigger_ui.py
[2024-07-13T01:12:23.213+0000] {processor.py:840} INFO - DAG(s) 'example_params_trigger_ui' retrieved from /home/airflow/.local/lib/python3.11/site-packages/airflow/example_dags/example_params_trigger_ui.py
[2024-07-13T01:12:23.303+0000] {logging_mixin.py:188} INFO - [2024-07-13T01:12:23.302+0000] {dag.py:3096} INFO - Sync 1 DAGs
[2024-07-13T01:12:23.330+0000] {logging_mixin.py:188} INFO - [2024-07-13T01:12:23.330+0000] {dag.py:3954} INFO - Setting next_dagrun for example_params_trigger_ui to None, run_after=None
[2024-07-13T01:12:23.359+0000] {processor.py:183} INFO - Processing /home/airflow/.local/lib/python3.11/site-packages/airflow/example_dags/example_params_trigger_ui.py took 0.194 seconds
[2024-07-13T01:12:55.760+0000] {processor.py:161} INFO - Started process (PID=233) to work on /home/airflow/.local/lib/python3.11/site-packages/airflow/example_dags/example_params_trigger_ui.py
[2024-07-13T01:12:55.763+0000] {processor.py:830} INFO - Processing file /home/airflow/.local/lib/python3.11/site-packages/airflow/example_dags/example_params_trigger_ui.py for tasks to queue
[2024-07-13T01:12:55.768+0000] {logging_mixin.py:188} INFO - [2024-07-13T01:12:55.767+0000] {dagbag.py:545} INFO - Filling up the DagBag from /home/airflow/.local/lib/python3.11/site-packages/airflow/example_dags/example_params_trigger_ui.py
[2024-07-13T01:12:55.798+0000] {processor.py:840} INFO - DAG(s) 'example_params_trigger_ui' retrieved from /home/airflow/.local/lib/python3.11/site-packages/airflow/example_dags/example_params_trigger_ui.py
[2024-07-13T01:12:55.913+0000] {logging_mixin.py:188} INFO - [2024-07-13T01:12:55.912+0000] {dag.py:3096} INFO - Sync 1 DAGs
[2024-07-13T01:12:55.938+0000] {logging_mixin.py:188} INFO - [2024-07-13T01:12:55.938+0000] {dag.py:3954} INFO - Setting next_dagrun for example_params_trigger_ui to None, run_after=None
[2024-07-13T01:12:55.979+0000] {processor.py:183} INFO - Processing /home/airflow/.local/lib/python3.11/site-packages/airflow/example_dags/example_params_trigger_ui.py took 0.232 seconds
[2024-07-13T01:13:30.273+0000] {processor.py:161} INFO - Started process (PID=302) to work on /home/airflow/.local/lib/python3.11/site-packages/airflow/example_dags/example_params_trigger_ui.py
[2024-07-13T01:13:30.278+0000] {processor.py:830} INFO - Processing file /home/airflow/.local/lib/python3.11/site-packages/airflow/example_dags/example_params_trigger_ui.py for tasks to queue
[2024-07-13T01:13:30.283+0000] {logging_mixin.py:188} INFO - [2024-07-13T01:13:30.282+0000] {dagbag.py:545} INFO - Filling up the DagBag from /home/airflow/.local/lib/python3.11/site-packages/airflow/example_dags/example_params_trigger_ui.py
[2024-07-13T01:13:30.319+0000] {processor.py:840} INFO - DAG(s) 'example_params_trigger_ui' retrieved from /home/airflow/.local/lib/python3.11/site-packages/airflow/example_dags/example_params_trigger_ui.py
[2024-07-13T01:13:30.433+0000] {logging_mixin.py:188} INFO - [2024-07-13T01:13:30.432+0000] {dag.py:3096} INFO - Sync 1 DAGs
[2024-07-13T01:13:30.463+0000] {logging_mixin.py:188} INFO - [2024-07-13T01:13:30.463+0000] {dag.py:3954} INFO - Setting next_dagrun for example_params_trigger_ui to None, run_after=None
[2024-07-13T01:13:30.514+0000] {processor.py:183} INFO - Processing /home/airflow/.local/lib/python3.11/site-packages/airflow/example_dags/example_params_trigger_ui.py took 0.256 seconds
[2024-07-13T01:14:03.090+0000] {processor.py:161} INFO - Started process (PID=364) to work on /home/airflow/.local/lib/python3.11/site-packages/airflow/example_dags/example_params_trigger_ui.py
[2024-07-13T01:14:03.093+0000] {processor.py:830} INFO - Processing file /home/airflow/.local/lib/python3.11/site-packages/airflow/example_dags/example_params_trigger_ui.py for tasks to queue
[2024-07-13T01:14:03.096+0000] {logging_mixin.py:188} INFO - [2024-07-13T01:14:03.096+0000] {dagbag.py:545} INFO - Filling up the DagBag from /home/airflow/.local/lib/python3.11/site-packages/airflow/example_dags/example_params_trigger_ui.py
[2024-07-13T01:14:03.123+0000] {processor.py:840} INFO - DAG(s) 'example_params_trigger_ui' retrieved from /home/airflow/.local/lib/python3.11/site-packages/airflow/example_dags/example_params_trigger_ui.py
[2024-07-13T01:14:03.203+0000] {logging_mixin.py:188} INFO - [2024-07-13T01:14:03.202+0000] {dag.py:3096} INFO - Sync 1 DAGs
[2024-07-13T01:14:03.226+0000] {logging_mixin.py:188} INFO - [2024-07-13T01:14:03.225+0000] {dag.py:3954} INFO - Setting next_dagrun for example_params_trigger_ui to None, run_after=None
[2024-07-13T01:14:03.259+0000] {processor.py:183} INFO - Processing /home/airflow/.local/lib/python3.11/site-packages/airflow/example_dags/example_params_trigger_ui.py took 0.182 seconds
[2024-07-13T01:14:37.100+0000] {processor.py:161} INFO - Started process (PID=426) to work on /home/airflow/.local/lib/python3.11/site-packages/airflow/example_dags/example_params_trigger_ui.py
[2024-07-13T01:14:37.102+0000] {processor.py:830} INFO - Processing file /home/airflow/.local/lib/python3.11/site-packages/airflow/example_dags/example_params_trigger_ui.py for tasks to queue
[2024-07-13T01:14:37.105+0000] {logging_mixin.py:188} INFO - [2024-07-13T01:14:37.104+0000] {dagbag.py:545} INFO - Filling up the DagBag from /home/airflow/.local/lib/python3.11/site-packages/airflow/example_dags/example_params_trigger_ui.py
[2024-07-13T01:14:37.131+0000] {processor.py:840} INFO - DAG(s) 'example_params_trigger_ui' retrieved from /home/airflow/.local/lib/python3.11/site-packages/airflow/example_dags/example_params_trigger_ui.py
[2024-07-13T01:14:37.251+0000] {logging_mixin.py:188} INFO - [2024-07-13T01:14:37.250+0000] {dag.py:3096} INFO - Sync 1 DAGs
[2024-07-13T01:14:37.279+0000] {logging_mixin.py:188} INFO - [2024-07-13T01:14:37.279+0000] {dag.py:3954} INFO - Setting next_dagrun for example_params_trigger_ui to None, run_after=None
[2024-07-13T01:14:37.316+0000] {processor.py:183} INFO - Processing /home/airflow/.local/lib/python3.11/site-packages/airflow/example_dags/example_params_trigger_ui.py took 0.229 seconds
[2024-07-13T01:15:11.331+0000] {processor.py:161} INFO - Started process (PID=488) to work on /home/airflow/.local/lib/python3.11/site-packages/airflow/example_dags/example_params_trigger_ui.py
[2024-07-13T01:15:11.334+0000] {processor.py:830} INFO - Processing file /home/airflow/.local/lib/python3.11/site-packages/airflow/example_dags/example_params_trigger_ui.py for tasks to queue
[2024-07-13T01:15:11.338+0000] {logging_mixin.py:188} INFO - [2024-07-13T01:15:11.337+0000] {dagbag.py:545} INFO - Filling up the DagBag from /home/airflow/.local/lib/python3.11/site-packages/airflow/example_dags/example_params_trigger_ui.py
[2024-07-13T01:15:11.367+0000] {processor.py:840} INFO - DAG(s) 'example_params_trigger_ui' retrieved from /home/airflow/.local/lib/python3.11/site-packages/airflow/example_dags/example_params_trigger_ui.py
[2024-07-13T01:15:11.453+0000] {logging_mixin.py:188} INFO - [2024-07-13T01:15:11.452+0000] {dag.py:3096} INFO - Sync 1 DAGs
[2024-07-13T01:15:11.484+0000] {logging_mixin.py:188} INFO - [2024-07-13T01:15:11.483+0000] {dag.py:3954} INFO - Setting next_dagrun for example_params_trigger_ui to None, run_after=None
[2024-07-13T01:15:11.527+0000] {processor.py:183} INFO - Processing /home/airflow/.local/lib/python3.11/site-packages/airflow/example_dags/example_params_trigger_ui.py took 0.207 seconds
[2024-07-13T01:15:45.450+0000] {processor.py:161} INFO - Started process (PID=549) to work on /home/airflow/.local/lib/python3.11/site-packages/airflow/example_dags/example_params_trigger_ui.py
[2024-07-13T01:15:45.453+0000] {processor.py:830} INFO - Processing file /home/airflow/.local/lib/python3.11/site-packages/airflow/example_dags/example_params_trigger_ui.py for tasks to queue
[2024-07-13T01:15:45.458+0000] {logging_mixin.py:188} INFO - [2024-07-13T01:15:45.457+0000] {dagbag.py:545} INFO - Filling up the DagBag from /home/airflow/.local/lib/python3.11/site-packages/airflow/example_dags/example_params_trigger_ui.py
[2024-07-13T01:15:45.496+0000] {processor.py:840} INFO - DAG(s) 'example_params_trigger_ui' retrieved from /home/airflow/.local/lib/python3.11/site-packages/airflow/example_dags/example_params_trigger_ui.py
[2024-07-13T01:15:45.600+0000] {logging_mixin.py:188} INFO - [2024-07-13T01:15:45.599+0000] {dag.py:3096} INFO - Sync 1 DAGs
[2024-07-13T01:15:45.624+0000] {logging_mixin.py:188} INFO - [2024-07-13T01:15:45.623+0000] {dag.py:3954} INFO - Setting next_dagrun for example_params_trigger_ui to None, run_after=None
[2024-07-13T01:15:45.655+0000] {processor.py:183} INFO - Processing /home/airflow/.local/lib/python3.11/site-packages/airflow/example_dags/example_params_trigger_ui.py took 0.221 seconds
[2024-07-13T01:16:18.099+0000] {processor.py:161} INFO - Started process (PID=612) to work on /home/airflow/.local/lib/python3.11/site-packages/airflow/example_dags/example_params_trigger_ui.py
[2024-07-13T01:16:18.101+0000] {processor.py:830} INFO - Processing file /home/airflow/.local/lib/python3.11/site-packages/airflow/example_dags/example_params_trigger_ui.py for tasks to queue
[2024-07-13T01:16:18.106+0000] {logging_mixin.py:188} INFO - [2024-07-13T01:16:18.105+0000] {dagbag.py:545} INFO - Filling up the DagBag from /home/airflow/.local/lib/python3.11/site-packages/airflow/example_dags/example_params_trigger_ui.py
[2024-07-13T01:16:18.168+0000] {processor.py:840} INFO - DAG(s) 'example_params_trigger_ui' retrieved from /home/airflow/.local/lib/python3.11/site-packages/airflow/example_dags/example_params_trigger_ui.py
[2024-07-13T01:16:18.282+0000] {logging_mixin.py:188} INFO - [2024-07-13T01:16:18.281+0000] {dag.py:3096} INFO - Sync 1 DAGs
[2024-07-13T01:16:18.313+0000] {logging_mixin.py:188} INFO - [2024-07-13T01:16:18.312+0000] {dag.py:3954} INFO - Setting next_dagrun for example_params_trigger_ui to None, run_after=None
[2024-07-13T01:16:18.396+0000] {processor.py:183} INFO - Processing /home/airflow/.local/lib/python3.11/site-packages/airflow/example_dags/example_params_trigger_ui.py took 0.336 seconds
