[2024-07-13T00:28:03.611+0000] {processor.py:161} INFO - Started process (PID=69) to work on /home/airflow/.local/lib/python3.11/site-packages/airflow/example_dags/example_sensor_decorator.py
[2024-07-13T00:28:03.612+0000] {processor.py:830} INFO - Processing file /home/airflow/.local/lib/python3.11/site-packages/airflow/example_dags/example_sensor_decorator.py for tasks to queue
[2024-07-13T00:28:03.614+0000] {logging_mixin.py:188} INFO - [2024-07-13T00:28:03.613+0000] {dagbag.py:545} INFO - Filling up the DagBag from /home/airflow/.local/lib/python3.11/site-packages/airflow/example_dags/example_sensor_decorator.py
[2024-07-13T00:28:03.626+0000] {processor.py:840} INFO - DAG(s) 'example_sensor_decorator' retrieved from /home/airflow/.local/lib/python3.11/site-packages/airflow/example_dags/example_sensor_decorator.py
[2024-07-13T00:28:03.789+0000] {logging_mixin.py:188} INFO - [2024-07-13T00:28:03.788+0000] {dag.py:3096} INFO - Sync 1 DAGs
[2024-07-13T00:28:03.806+0000] {logging_mixin.py:188} INFO - [2024-07-13T00:28:03.806+0000] {dag.py:3954} INFO - Setting next_dagrun for example_sensor_decorator to None, run_after=None
[2024-07-13T00:28:03.835+0000] {processor.py:183} INFO - Processing /home/airflow/.local/lib/python3.11/site-packages/airflow/example_dags/example_sensor_decorator.py took 0.238 seconds
[2024-07-13T00:28:34.391+0000] {processor.py:161} INFO - Started process (PID=131) to work on /home/airflow/.local/lib/python3.11/site-packages/airflow/example_dags/example_sensor_decorator.py
[2024-07-13T00:28:34.392+0000] {processor.py:830} INFO - Processing file /home/airflow/.local/lib/python3.11/site-packages/airflow/example_dags/example_sensor_decorator.py for tasks to queue
[2024-07-13T00:28:34.394+0000] {logging_mixin.py:188} INFO - [2024-07-13T00:28:34.393+0000] {dagbag.py:545} INFO - Filling up the DagBag from /home/airflow/.local/lib/python3.11/site-packages/airflow/example_dags/example_sensor_decorator.py
[2024-07-13T00:28:34.407+0000] {processor.py:840} INFO - DAG(s) 'example_sensor_decorator' retrieved from /home/airflow/.local/lib/python3.11/site-packages/airflow/example_dags/example_sensor_decorator.py
[2024-07-13T00:28:34.444+0000] {logging_mixin.py:188} INFO - [2024-07-13T00:28:34.444+0000] {dag.py:3096} INFO - Sync 1 DAGs
[2024-07-13T00:28:34.465+0000] {logging_mixin.py:188} INFO - [2024-07-13T00:28:34.465+0000] {dag.py:3954} INFO - Setting next_dagrun for example_sensor_decorator to None, run_after=None
[2024-07-13T00:28:34.492+0000] {processor.py:183} INFO - Processing /home/airflow/.local/lib/python3.11/site-packages/airflow/example_dags/example_sensor_decorator.py took 0.113 seconds
[2024-07-13T00:29:07.372+0000] {processor.py:161} INFO - Started process (PID=193) to work on /home/airflow/.local/lib/python3.11/site-packages/airflow/example_dags/example_sensor_decorator.py
[2024-07-13T00:29:07.375+0000] {processor.py:830} INFO - Processing file /home/airflow/.local/lib/python3.11/site-packages/airflow/example_dags/example_sensor_decorator.py for tasks to queue
[2024-07-13T00:29:07.376+0000] {logging_mixin.py:188} INFO - [2024-07-13T00:29:07.376+0000] {dagbag.py:545} INFO - Filling up the DagBag from /home/airflow/.local/lib/python3.11/site-packages/airflow/example_dags/example_sensor_decorator.py
[2024-07-13T00:29:07.390+0000] {processor.py:840} INFO - DAG(s) 'example_sensor_decorator' retrieved from /home/airflow/.local/lib/python3.11/site-packages/airflow/example_dags/example_sensor_decorator.py
[2024-07-13T00:29:07.425+0000] {logging_mixin.py:188} INFO - [2024-07-13T00:29:07.425+0000] {dag.py:3096} INFO - Sync 1 DAGs
[2024-07-13T00:29:07.445+0000] {logging_mixin.py:188} INFO - [2024-07-13T00:29:07.445+0000] {dag.py:3954} INFO - Setting next_dagrun for example_sensor_decorator to None, run_after=None
[2024-07-13T00:29:07.473+0000] {processor.py:183} INFO - Processing /home/airflow/.local/lib/python3.11/site-packages/airflow/example_dags/example_sensor_decorator.py took 0.113 seconds
[2024-07-13T00:29:40.929+0000] {processor.py:161} INFO - Started process (PID=261) to work on /home/airflow/.local/lib/python3.11/site-packages/airflow/example_dags/example_sensor_decorator.py
[2024-07-13T00:29:40.932+0000] {processor.py:830} INFO - Processing file /home/airflow/.local/lib/python3.11/site-packages/airflow/example_dags/example_sensor_decorator.py for tasks to queue
[2024-07-13T00:29:40.933+0000] {logging_mixin.py:188} INFO - [2024-07-13T00:29:40.932+0000] {dagbag.py:545} INFO - Filling up the DagBag from /home/airflow/.local/lib/python3.11/site-packages/airflow/example_dags/example_sensor_decorator.py
[2024-07-13T00:29:40.946+0000] {processor.py:840} INFO - DAG(s) 'example_sensor_decorator' retrieved from /home/airflow/.local/lib/python3.11/site-packages/airflow/example_dags/example_sensor_decorator.py
[2024-07-13T00:29:40.984+0000] {logging_mixin.py:188} INFO - [2024-07-13T00:29:40.983+0000] {dag.py:3096} INFO - Sync 1 DAGs
[2024-07-13T00:29:41.003+0000] {logging_mixin.py:188} INFO - [2024-07-13T00:29:41.003+0000] {dag.py:3954} INFO - Setting next_dagrun for example_sensor_decorator to None, run_after=None
[2024-07-13T00:29:41.034+0000] {processor.py:183} INFO - Processing /home/airflow/.local/lib/python3.11/site-packages/airflow/example_dags/example_sensor_decorator.py took 0.116 seconds
[2024-07-13T00:30:13.680+0000] {processor.py:161} INFO - Started process (PID=324) to work on /home/airflow/.local/lib/python3.11/site-packages/airflow/example_dags/example_sensor_decorator.py
[2024-07-13T00:30:13.682+0000] {processor.py:830} INFO - Processing file /home/airflow/.local/lib/python3.11/site-packages/airflow/example_dags/example_sensor_decorator.py for tasks to queue
[2024-07-13T00:30:13.684+0000] {logging_mixin.py:188} INFO - [2024-07-13T00:30:13.683+0000] {dagbag.py:545} INFO - Filling up the DagBag from /home/airflow/.local/lib/python3.11/site-packages/airflow/example_dags/example_sensor_decorator.py
[2024-07-13T00:30:13.699+0000] {processor.py:840} INFO - DAG(s) 'example_sensor_decorator' retrieved from /home/airflow/.local/lib/python3.11/site-packages/airflow/example_dags/example_sensor_decorator.py
[2024-07-13T00:30:13.741+0000] {logging_mixin.py:188} INFO - [2024-07-13T00:30:13.740+0000] {dag.py:3096} INFO - Sync 1 DAGs
[2024-07-13T00:30:13.766+0000] {logging_mixin.py:188} INFO - [2024-07-13T00:30:13.765+0000] {dag.py:3954} INFO - Setting next_dagrun for example_sensor_decorator to None, run_after=None
[2024-07-13T00:30:13.793+0000] {processor.py:183} INFO - Processing /home/airflow/.local/lib/python3.11/site-packages/airflow/example_dags/example_sensor_decorator.py took 0.127 seconds
[2024-07-13T00:30:46.305+0000] {processor.py:161} INFO - Started process (PID=386) to work on /home/airflow/.local/lib/python3.11/site-packages/airflow/example_dags/example_sensor_decorator.py
[2024-07-13T00:30:46.308+0000] {processor.py:830} INFO - Processing file /home/airflow/.local/lib/python3.11/site-packages/airflow/example_dags/example_sensor_decorator.py for tasks to queue
[2024-07-13T00:30:46.309+0000] {logging_mixin.py:188} INFO - [2024-07-13T00:30:46.309+0000] {dagbag.py:545} INFO - Filling up the DagBag from /home/airflow/.local/lib/python3.11/site-packages/airflow/example_dags/example_sensor_decorator.py
[2024-07-13T00:30:46.326+0000] {processor.py:840} INFO - DAG(s) 'example_sensor_decorator' retrieved from /home/airflow/.local/lib/python3.11/site-packages/airflow/example_dags/example_sensor_decorator.py
[2024-07-13T00:30:46.362+0000] {logging_mixin.py:188} INFO - [2024-07-13T00:30:46.361+0000] {dag.py:3096} INFO - Sync 1 DAGs
[2024-07-13T00:30:46.381+0000] {logging_mixin.py:188} INFO - [2024-07-13T00:30:46.381+0000] {dag.py:3954} INFO - Setting next_dagrun for example_sensor_decorator to None, run_after=None
[2024-07-13T00:30:46.411+0000] {processor.py:183} INFO - Processing /home/airflow/.local/lib/python3.11/site-packages/airflow/example_dags/example_sensor_decorator.py took 0.118 seconds
[2024-07-13T00:31:19.869+0000] {processor.py:161} INFO - Started process (PID=448) to work on /home/airflow/.local/lib/python3.11/site-packages/airflow/example_dags/example_sensor_decorator.py
[2024-07-13T00:31:19.870+0000] {processor.py:830} INFO - Processing file /home/airflow/.local/lib/python3.11/site-packages/airflow/example_dags/example_sensor_decorator.py for tasks to queue
[2024-07-13T00:31:19.872+0000] {logging_mixin.py:188} INFO - [2024-07-13T00:31:19.871+0000] {dagbag.py:545} INFO - Filling up the DagBag from /home/airflow/.local/lib/python3.11/site-packages/airflow/example_dags/example_sensor_decorator.py
[2024-07-13T00:31:19.887+0000] {processor.py:840} INFO - DAG(s) 'example_sensor_decorator' retrieved from /home/airflow/.local/lib/python3.11/site-packages/airflow/example_dags/example_sensor_decorator.py
[2024-07-13T00:31:19.924+0000] {logging_mixin.py:188} INFO - [2024-07-13T00:31:19.923+0000] {dag.py:3096} INFO - Sync 1 DAGs
[2024-07-13T00:31:19.951+0000] {logging_mixin.py:188} INFO - [2024-07-13T00:31:19.951+0000] {dag.py:3954} INFO - Setting next_dagrun for example_sensor_decorator to None, run_after=None
[2024-07-13T00:31:19.979+0000] {processor.py:183} INFO - Processing /home/airflow/.local/lib/python3.11/site-packages/airflow/example_dags/example_sensor_decorator.py took 0.123 seconds
[2024-07-13T00:31:54.116+0000] {processor.py:161} INFO - Started process (PID=510) to work on /home/airflow/.local/lib/python3.11/site-packages/airflow/example_dags/example_sensor_decorator.py
[2024-07-13T00:31:54.119+0000] {processor.py:830} INFO - Processing file /home/airflow/.local/lib/python3.11/site-packages/airflow/example_dags/example_sensor_decorator.py for tasks to queue
[2024-07-13T00:31:54.120+0000] {logging_mixin.py:188} INFO - [2024-07-13T00:31:54.120+0000] {dagbag.py:545} INFO - Filling up the DagBag from /home/airflow/.local/lib/python3.11/site-packages/airflow/example_dags/example_sensor_decorator.py
[2024-07-13T00:31:54.132+0000] {processor.py:840} INFO - DAG(s) 'example_sensor_decorator' retrieved from /home/airflow/.local/lib/python3.11/site-packages/airflow/example_dags/example_sensor_decorator.py
[2024-07-13T00:31:54.173+0000] {logging_mixin.py:188} INFO - [2024-07-13T00:31:54.172+0000] {dag.py:3096} INFO - Sync 1 DAGs
[2024-07-13T00:31:54.198+0000] {logging_mixin.py:188} INFO - [2024-07-13T00:31:54.197+0000] {dag.py:3954} INFO - Setting next_dagrun for example_sensor_decorator to None, run_after=None
[2024-07-13T00:31:54.240+0000] {processor.py:183} INFO - Processing /home/airflow/.local/lib/python3.11/site-packages/airflow/example_dags/example_sensor_decorator.py took 0.136 seconds
[2024-07-13T00:32:28.527+0000] {processor.py:161} INFO - Started process (PID=572) to work on /home/airflow/.local/lib/python3.11/site-packages/airflow/example_dags/example_sensor_decorator.py
[2024-07-13T00:32:28.530+0000] {processor.py:830} INFO - Processing file /home/airflow/.local/lib/python3.11/site-packages/airflow/example_dags/example_sensor_decorator.py for tasks to queue
[2024-07-13T00:32:28.531+0000] {logging_mixin.py:188} INFO - [2024-07-13T00:32:28.530+0000] {dagbag.py:545} INFO - Filling up the DagBag from /home/airflow/.local/lib/python3.11/site-packages/airflow/example_dags/example_sensor_decorator.py
[2024-07-13T00:32:28.543+0000] {processor.py:840} INFO - DAG(s) 'example_sensor_decorator' retrieved from /home/airflow/.local/lib/python3.11/site-packages/airflow/example_dags/example_sensor_decorator.py
[2024-07-13T00:32:28.579+0000] {logging_mixin.py:188} INFO - [2024-07-13T00:32:28.579+0000] {dag.py:3096} INFO - Sync 1 DAGs
[2024-07-13T00:32:28.602+0000] {logging_mixin.py:188} INFO - [2024-07-13T00:32:28.601+0000] {dag.py:3954} INFO - Setting next_dagrun for example_sensor_decorator to None, run_after=None
[2024-07-13T00:32:28.634+0000] {processor.py:183} INFO - Processing /home/airflow/.local/lib/python3.11/site-packages/airflow/example_dags/example_sensor_decorator.py took 0.119 seconds
[2024-07-13T00:33:02.969+0000] {processor.py:161} INFO - Started process (PID=634) to work on /home/airflow/.local/lib/python3.11/site-packages/airflow/example_dags/example_sensor_decorator.py
[2024-07-13T00:33:02.972+0000] {processor.py:830} INFO - Processing file /home/airflow/.local/lib/python3.11/site-packages/airflow/example_dags/example_sensor_decorator.py for tasks to queue
[2024-07-13T00:33:02.974+0000] {logging_mixin.py:188} INFO - [2024-07-13T00:33:02.973+0000] {dagbag.py:545} INFO - Filling up the DagBag from /home/airflow/.local/lib/python3.11/site-packages/airflow/example_dags/example_sensor_decorator.py
[2024-07-13T00:33:02.989+0000] {processor.py:840} INFO - DAG(s) 'example_sensor_decorator' retrieved from /home/airflow/.local/lib/python3.11/site-packages/airflow/example_dags/example_sensor_decorator.py
[2024-07-13T00:33:03.034+0000] {logging_mixin.py:188} INFO - [2024-07-13T00:33:03.033+0000] {dag.py:3096} INFO - Sync 1 DAGs
[2024-07-13T00:33:03.067+0000] {logging_mixin.py:188} INFO - [2024-07-13T00:33:03.066+0000] {dag.py:3954} INFO - Setting next_dagrun for example_sensor_decorator to None, run_after=None
[2024-07-13T00:33:03.103+0000] {processor.py:183} INFO - Processing /home/airflow/.local/lib/python3.11/site-packages/airflow/example_dags/example_sensor_decorator.py took 0.149 seconds
[2024-07-13T00:33:35.439+0000] {processor.py:161} INFO - Started process (PID=696) to work on /home/airflow/.local/lib/python3.11/site-packages/airflow/example_dags/example_sensor_decorator.py
[2024-07-13T00:33:35.441+0000] {processor.py:830} INFO - Processing file /home/airflow/.local/lib/python3.11/site-packages/airflow/example_dags/example_sensor_decorator.py for tasks to queue
[2024-07-13T00:33:35.443+0000] {logging_mixin.py:188} INFO - [2024-07-13T00:33:35.442+0000] {dagbag.py:545} INFO - Filling up the DagBag from /home/airflow/.local/lib/python3.11/site-packages/airflow/example_dags/example_sensor_decorator.py
[2024-07-13T00:33:35.458+0000] {processor.py:840} INFO - DAG(s) 'example_sensor_decorator' retrieved from /home/airflow/.local/lib/python3.11/site-packages/airflow/example_dags/example_sensor_decorator.py
[2024-07-13T00:33:35.502+0000] {logging_mixin.py:188} INFO - [2024-07-13T00:33:35.502+0000] {dag.py:3096} INFO - Sync 1 DAGs
[2024-07-13T00:33:35.528+0000] {logging_mixin.py:188} INFO - [2024-07-13T00:33:35.528+0000] {dag.py:3954} INFO - Setting next_dagrun for example_sensor_decorator to None, run_after=None
[2024-07-13T00:33:35.569+0000] {processor.py:183} INFO - Processing /home/airflow/.local/lib/python3.11/site-packages/airflow/example_dags/example_sensor_decorator.py took 0.144 seconds
[2024-07-13T00:35:51.539+0000] {processor.py:161} INFO - Started process (PID=70) to work on /home/airflow/.local/lib/python3.11/site-packages/airflow/example_dags/example_sensor_decorator.py
[2024-07-13T00:35:51.541+0000] {processor.py:830} INFO - Processing file /home/airflow/.local/lib/python3.11/site-packages/airflow/example_dags/example_sensor_decorator.py for tasks to queue
[2024-07-13T00:35:51.545+0000] {logging_mixin.py:188} INFO - [2024-07-13T00:35:51.544+0000] {dagbag.py:545} INFO - Filling up the DagBag from /home/airflow/.local/lib/python3.11/site-packages/airflow/example_dags/example_sensor_decorator.py
[2024-07-13T00:35:51.559+0000] {processor.py:840} INFO - DAG(s) 'example_sensor_decorator' retrieved from /home/airflow/.local/lib/python3.11/site-packages/airflow/example_dags/example_sensor_decorator.py
[2024-07-13T00:35:51.723+0000] {logging_mixin.py:188} INFO - [2024-07-13T00:35:51.722+0000] {dag.py:3096} INFO - Sync 1 DAGs
[2024-07-13T00:35:51.743+0000] {logging_mixin.py:188} INFO - [2024-07-13T00:35:51.743+0000] {dag.py:3954} INFO - Setting next_dagrun for example_sensor_decorator to None, run_after=None
[2024-07-13T00:35:51.775+0000] {processor.py:183} INFO - Processing /home/airflow/.local/lib/python3.11/site-packages/airflow/example_dags/example_sensor_decorator.py took 0.247 seconds
[2024-07-13T00:36:22.417+0000] {processor.py:161} INFO - Started process (PID=132) to work on /home/airflow/.local/lib/python3.11/site-packages/airflow/example_dags/example_sensor_decorator.py
[2024-07-13T00:36:22.418+0000] {processor.py:830} INFO - Processing file /home/airflow/.local/lib/python3.11/site-packages/airflow/example_dags/example_sensor_decorator.py for tasks to queue
[2024-07-13T00:36:22.421+0000] {logging_mixin.py:188} INFO - [2024-07-13T00:36:22.421+0000] {dagbag.py:545} INFO - Filling up the DagBag from /home/airflow/.local/lib/python3.11/site-packages/airflow/example_dags/example_sensor_decorator.py
[2024-07-13T00:36:22.432+0000] {processor.py:840} INFO - DAG(s) 'example_sensor_decorator' retrieved from /home/airflow/.local/lib/python3.11/site-packages/airflow/example_dags/example_sensor_decorator.py
[2024-07-13T00:36:22.466+0000] {logging_mixin.py:188} INFO - [2024-07-13T00:36:22.465+0000] {dag.py:3096} INFO - Sync 1 DAGs
[2024-07-13T00:36:22.485+0000] {logging_mixin.py:188} INFO - [2024-07-13T00:36:22.484+0000] {dag.py:3954} INFO - Setting next_dagrun for example_sensor_decorator to None, run_after=None
[2024-07-13T00:36:22.511+0000] {processor.py:183} INFO - Processing /home/airflow/.local/lib/python3.11/site-packages/airflow/example_dags/example_sensor_decorator.py took 0.105 seconds
[2024-07-13T00:38:23.064+0000] {processor.py:161} INFO - Started process (PID=68) to work on /home/airflow/.local/lib/python3.11/site-packages/airflow/example_dags/example_sensor_decorator.py
[2024-07-13T00:38:23.066+0000] {processor.py:830} INFO - Processing file /home/airflow/.local/lib/python3.11/site-packages/airflow/example_dags/example_sensor_decorator.py for tasks to queue
[2024-07-13T00:38:23.069+0000] {logging_mixin.py:188} INFO - [2024-07-13T00:38:23.068+0000] {dagbag.py:545} INFO - Filling up the DagBag from /home/airflow/.local/lib/python3.11/site-packages/airflow/example_dags/example_sensor_decorator.py
[2024-07-13T00:38:23.081+0000] {processor.py:840} INFO - DAG(s) 'example_sensor_decorator' retrieved from /home/airflow/.local/lib/python3.11/site-packages/airflow/example_dags/example_sensor_decorator.py
[2024-07-13T00:38:23.245+0000] {logging_mixin.py:188} INFO - [2024-07-13T00:38:23.244+0000] {dag.py:3096} INFO - Sync 1 DAGs
[2024-07-13T00:38:23.263+0000] {logging_mixin.py:188} INFO - [2024-07-13T00:38:23.263+0000] {dag.py:3954} INFO - Setting next_dagrun for example_sensor_decorator to None, run_after=None
[2024-07-13T00:38:23.290+0000] {processor.py:183} INFO - Processing /home/airflow/.local/lib/python3.11/site-packages/airflow/example_dags/example_sensor_decorator.py took 0.241 seconds
[2024-07-13T00:38:53.348+0000] {processor.py:161} INFO - Started process (PID=130) to work on /home/airflow/.local/lib/python3.11/site-packages/airflow/example_dags/example_sensor_decorator.py
[2024-07-13T00:38:53.350+0000] {processor.py:830} INFO - Processing file /home/airflow/.local/lib/python3.11/site-packages/airflow/example_dags/example_sensor_decorator.py for tasks to queue
[2024-07-13T00:38:53.354+0000] {logging_mixin.py:188} INFO - [2024-07-13T00:38:53.353+0000] {dagbag.py:545} INFO - Filling up the DagBag from /home/airflow/.local/lib/python3.11/site-packages/airflow/example_dags/example_sensor_decorator.py
[2024-07-13T00:38:53.367+0000] {processor.py:840} INFO - DAG(s) 'example_sensor_decorator' retrieved from /home/airflow/.local/lib/python3.11/site-packages/airflow/example_dags/example_sensor_decorator.py
[2024-07-13T00:38:53.404+0000] {logging_mixin.py:188} INFO - [2024-07-13T00:38:53.403+0000] {dag.py:3096} INFO - Sync 1 DAGs
[2024-07-13T00:38:53.428+0000] {logging_mixin.py:188} INFO - [2024-07-13T00:38:53.428+0000] {dag.py:3954} INFO - Setting next_dagrun for example_sensor_decorator to None, run_after=None
[2024-07-13T00:38:53.455+0000] {processor.py:183} INFO - Processing /home/airflow/.local/lib/python3.11/site-packages/airflow/example_dags/example_sensor_decorator.py took 0.122 seconds
[2024-07-13T00:39:25.444+0000] {processor.py:161} INFO - Started process (PID=192) to work on /home/airflow/.local/lib/python3.11/site-packages/airflow/example_dags/example_sensor_decorator.py
[2024-07-13T00:39:25.447+0000] {processor.py:830} INFO - Processing file /home/airflow/.local/lib/python3.11/site-packages/airflow/example_dags/example_sensor_decorator.py for tasks to queue
[2024-07-13T00:39:25.450+0000] {logging_mixin.py:188} INFO - [2024-07-13T00:39:25.450+0000] {dagbag.py:545} INFO - Filling up the DagBag from /home/airflow/.local/lib/python3.11/site-packages/airflow/example_dags/example_sensor_decorator.py
[2024-07-13T00:39:25.462+0000] {processor.py:840} INFO - DAG(s) 'example_sensor_decorator' retrieved from /home/airflow/.local/lib/python3.11/site-packages/airflow/example_dags/example_sensor_decorator.py
[2024-07-13T00:39:25.502+0000] {logging_mixin.py:188} INFO - [2024-07-13T00:39:25.501+0000] {dag.py:3096} INFO - Sync 1 DAGs
[2024-07-13T00:39:25.525+0000] {logging_mixin.py:188} INFO - [2024-07-13T00:39:25.525+0000] {dag.py:3954} INFO - Setting next_dagrun for example_sensor_decorator to None, run_after=None
[2024-07-13T00:39:25.554+0000] {processor.py:183} INFO - Processing /home/airflow/.local/lib/python3.11/site-packages/airflow/example_dags/example_sensor_decorator.py took 0.124 seconds
[2024-07-13T00:39:58.763+0000] {processor.py:161} INFO - Started process (PID=254) to work on /home/airflow/.local/lib/python3.11/site-packages/airflow/example_dags/example_sensor_decorator.py
[2024-07-13T00:39:58.765+0000] {processor.py:830} INFO - Processing file /home/airflow/.local/lib/python3.11/site-packages/airflow/example_dags/example_sensor_decorator.py for tasks to queue
[2024-07-13T00:39:58.768+0000] {logging_mixin.py:188} INFO - [2024-07-13T00:39:58.768+0000] {dagbag.py:545} INFO - Filling up the DagBag from /home/airflow/.local/lib/python3.11/site-packages/airflow/example_dags/example_sensor_decorator.py
[2024-07-13T00:39:58.780+0000] {processor.py:840} INFO - DAG(s) 'example_sensor_decorator' retrieved from /home/airflow/.local/lib/python3.11/site-packages/airflow/example_dags/example_sensor_decorator.py
[2024-07-13T00:39:58.813+0000] {logging_mixin.py:188} INFO - [2024-07-13T00:39:58.813+0000] {dag.py:3096} INFO - Sync 1 DAGs
[2024-07-13T00:39:58.833+0000] {logging_mixin.py:188} INFO - [2024-07-13T00:39:58.833+0000] {dag.py:3954} INFO - Setting next_dagrun for example_sensor_decorator to None, run_after=None
[2024-07-13T00:39:58.862+0000] {processor.py:183} INFO - Processing /home/airflow/.local/lib/python3.11/site-packages/airflow/example_dags/example_sensor_decorator.py took 0.110 seconds
[2024-07-13T00:40:31.275+0000] {processor.py:161} INFO - Started process (PID=321) to work on /home/airflow/.local/lib/python3.11/site-packages/airflow/example_dags/example_sensor_decorator.py
[2024-07-13T00:40:31.277+0000] {processor.py:830} INFO - Processing file /home/airflow/.local/lib/python3.11/site-packages/airflow/example_dags/example_sensor_decorator.py for tasks to queue
[2024-07-13T00:40:31.280+0000] {logging_mixin.py:188} INFO - [2024-07-13T00:40:31.280+0000] {dagbag.py:545} INFO - Filling up the DagBag from /home/airflow/.local/lib/python3.11/site-packages/airflow/example_dags/example_sensor_decorator.py
[2024-07-13T00:40:31.294+0000] {processor.py:840} INFO - DAG(s) 'example_sensor_decorator' retrieved from /home/airflow/.local/lib/python3.11/site-packages/airflow/example_dags/example_sensor_decorator.py
[2024-07-13T00:40:31.327+0000] {logging_mixin.py:188} INFO - [2024-07-13T00:40:31.326+0000] {dag.py:3096} INFO - Sync 1 DAGs
[2024-07-13T00:40:31.347+0000] {logging_mixin.py:188} INFO - [2024-07-13T00:40:31.347+0000] {dag.py:3954} INFO - Setting next_dagrun for example_sensor_decorator to None, run_after=None
[2024-07-13T00:40:31.374+0000] {processor.py:183} INFO - Processing /home/airflow/.local/lib/python3.11/site-packages/airflow/example_dags/example_sensor_decorator.py took 0.110 seconds
[2024-07-13T00:41:13.330+0000] {processor.py:161} INFO - Started process (PID=382) to work on /home/airflow/.local/lib/python3.11/site-packages/airflow/example_dags/example_sensor_decorator.py
[2024-07-13T00:41:13.334+0000] {processor.py:830} INFO - Processing file /home/airflow/.local/lib/python3.11/site-packages/airflow/example_dags/example_sensor_decorator.py for tasks to queue
[2024-07-13T00:41:13.342+0000] {logging_mixin.py:188} INFO - [2024-07-13T00:41:13.341+0000] {dagbag.py:545} INFO - Filling up the DagBag from /home/airflow/.local/lib/python3.11/site-packages/airflow/example_dags/example_sensor_decorator.py
[2024-07-13T00:41:13.373+0000] {processor.py:840} INFO - DAG(s) 'example_sensor_decorator' retrieved from /home/airflow/.local/lib/python3.11/site-packages/airflow/example_dags/example_sensor_decorator.py
[2024-07-13T00:41:13.474+0000] {logging_mixin.py:188} INFO - [2024-07-13T00:41:13.471+0000] {dag.py:3096} INFO - Sync 1 DAGs
[2024-07-13T00:41:13.543+0000] {logging_mixin.py:188} INFO - [2024-07-13T00:41:13.542+0000] {dag.py:3954} INFO - Setting next_dagrun for example_sensor_decorator to None, run_after=None
[2024-07-13T00:41:13.614+0000] {processor.py:183} INFO - Processing /home/airflow/.local/lib/python3.11/site-packages/airflow/example_dags/example_sensor_decorator.py took 0.332 seconds
[2024-07-13T00:41:44.196+0000] {processor.py:161} INFO - Started process (PID=443) to work on /home/airflow/.local/lib/python3.11/site-packages/airflow/example_dags/example_sensor_decorator.py
[2024-07-13T00:41:44.198+0000] {processor.py:830} INFO - Processing file /home/airflow/.local/lib/python3.11/site-packages/airflow/example_dags/example_sensor_decorator.py for tasks to queue
[2024-07-13T00:41:44.202+0000] {logging_mixin.py:188} INFO - [2024-07-13T00:41:44.201+0000] {dagbag.py:545} INFO - Filling up the DagBag from /home/airflow/.local/lib/python3.11/site-packages/airflow/example_dags/example_sensor_decorator.py
[2024-07-13T00:41:44.216+0000] {processor.py:840} INFO - DAG(s) 'example_sensor_decorator' retrieved from /home/airflow/.local/lib/python3.11/site-packages/airflow/example_dags/example_sensor_decorator.py
[2024-07-13T00:41:44.266+0000] {logging_mixin.py:188} INFO - [2024-07-13T00:41:44.265+0000] {dag.py:3096} INFO - Sync 1 DAGs
[2024-07-13T00:41:44.292+0000] {logging_mixin.py:188} INFO - [2024-07-13T00:41:44.292+0000] {dag.py:3954} INFO - Setting next_dagrun for example_sensor_decorator to None, run_after=None
[2024-07-13T00:41:44.324+0000] {processor.py:183} INFO - Processing /home/airflow/.local/lib/python3.11/site-packages/airflow/example_dags/example_sensor_decorator.py took 0.141 seconds
[2024-07-13T00:42:17.760+0000] {processor.py:161} INFO - Started process (PID=505) to work on /home/airflow/.local/lib/python3.11/site-packages/airflow/example_dags/example_sensor_decorator.py
[2024-07-13T00:42:17.763+0000] {processor.py:830} INFO - Processing file /home/airflow/.local/lib/python3.11/site-packages/airflow/example_dags/example_sensor_decorator.py for tasks to queue
[2024-07-13T00:42:17.767+0000] {logging_mixin.py:188} INFO - [2024-07-13T00:42:17.766+0000] {dagbag.py:545} INFO - Filling up the DagBag from /home/airflow/.local/lib/python3.11/site-packages/airflow/example_dags/example_sensor_decorator.py
[2024-07-13T00:42:17.783+0000] {processor.py:840} INFO - DAG(s) 'example_sensor_decorator' retrieved from /home/airflow/.local/lib/python3.11/site-packages/airflow/example_dags/example_sensor_decorator.py
[2024-07-13T00:42:17.835+0000] {logging_mixin.py:188} INFO - [2024-07-13T00:42:17.834+0000] {dag.py:3096} INFO - Sync 1 DAGs
[2024-07-13T00:42:17.862+0000] {logging_mixin.py:188} INFO - [2024-07-13T00:42:17.861+0000] {dag.py:3954} INFO - Setting next_dagrun for example_sensor_decorator to None, run_after=None
[2024-07-13T00:42:17.902+0000] {processor.py:183} INFO - Processing /home/airflow/.local/lib/python3.11/site-packages/airflow/example_dags/example_sensor_decorator.py took 0.158 seconds
[2024-07-13T00:44:06.146+0000] {processor.py:161} INFO - Started process (PID=69) to work on /home/airflow/.local/lib/python3.11/site-packages/airflow/example_dags/example_sensor_decorator.py
[2024-07-13T00:44:06.149+0000] {processor.py:830} INFO - Processing file /home/airflow/.local/lib/python3.11/site-packages/airflow/example_dags/example_sensor_decorator.py for tasks to queue
[2024-07-13T00:44:06.152+0000] {logging_mixin.py:188} INFO - [2024-07-13T00:44:06.152+0000] {dagbag.py:545} INFO - Filling up the DagBag from /home/airflow/.local/lib/python3.11/site-packages/airflow/example_dags/example_sensor_decorator.py
[2024-07-13T00:44:06.168+0000] {processor.py:840} INFO - DAG(s) 'example_sensor_decorator' retrieved from /home/airflow/.local/lib/python3.11/site-packages/airflow/example_dags/example_sensor_decorator.py
[2024-07-13T00:44:06.382+0000] {logging_mixin.py:188} INFO - [2024-07-13T00:44:06.381+0000] {dag.py:3096} INFO - Sync 1 DAGs
[2024-07-13T00:44:06.405+0000] {logging_mixin.py:188} INFO - [2024-07-13T00:44:06.405+0000] {dag.py:3954} INFO - Setting next_dagrun for example_sensor_decorator to None, run_after=None
[2024-07-13T00:44:06.437+0000] {processor.py:183} INFO - Processing /home/airflow/.local/lib/python3.11/site-packages/airflow/example_dags/example_sensor_decorator.py took 0.305 seconds
[2024-07-13T00:44:36.632+0000] {processor.py:161} INFO - Started process (PID=131) to work on /home/airflow/.local/lib/python3.11/site-packages/airflow/example_dags/example_sensor_decorator.py
[2024-07-13T00:44:36.633+0000] {processor.py:830} INFO - Processing file /home/airflow/.local/lib/python3.11/site-packages/airflow/example_dags/example_sensor_decorator.py for tasks to queue
[2024-07-13T00:44:36.636+0000] {logging_mixin.py:188} INFO - [2024-07-13T00:44:36.636+0000] {dagbag.py:545} INFO - Filling up the DagBag from /home/airflow/.local/lib/python3.11/site-packages/airflow/example_dags/example_sensor_decorator.py
[2024-07-13T00:44:36.648+0000] {processor.py:840} INFO - DAG(s) 'example_sensor_decorator' retrieved from /home/airflow/.local/lib/python3.11/site-packages/airflow/example_dags/example_sensor_decorator.py
[2024-07-13T00:44:36.682+0000] {logging_mixin.py:188} INFO - [2024-07-13T00:44:36.681+0000] {dag.py:3096} INFO - Sync 1 DAGs
[2024-07-13T00:44:36.701+0000] {logging_mixin.py:188} INFO - [2024-07-13T00:44:36.700+0000] {dag.py:3954} INFO - Setting next_dagrun for example_sensor_decorator to None, run_after=None
[2024-07-13T00:44:36.727+0000] {processor.py:183} INFO - Processing /home/airflow/.local/lib/python3.11/site-packages/airflow/example_dags/example_sensor_decorator.py took 0.107 seconds
[2024-07-13T00:45:07.916+0000] {processor.py:161} INFO - Started process (PID=192) to work on /home/airflow/.local/lib/python3.11/site-packages/airflow/example_dags/example_sensor_decorator.py
[2024-07-13T00:45:07.918+0000] {processor.py:830} INFO - Processing file /home/airflow/.local/lib/python3.11/site-packages/airflow/example_dags/example_sensor_decorator.py for tasks to queue
[2024-07-13T00:45:07.922+0000] {logging_mixin.py:188} INFO - [2024-07-13T00:45:07.921+0000] {dagbag.py:545} INFO - Filling up the DagBag from /home/airflow/.local/lib/python3.11/site-packages/airflow/example_dags/example_sensor_decorator.py
[2024-07-13T00:45:07.936+0000] {processor.py:840} INFO - DAG(s) 'example_sensor_decorator' retrieved from /home/airflow/.local/lib/python3.11/site-packages/airflow/example_dags/example_sensor_decorator.py
[2024-07-13T00:45:07.970+0000] {logging_mixin.py:188} INFO - [2024-07-13T00:45:07.970+0000] {dag.py:3096} INFO - Sync 1 DAGs
[2024-07-13T00:45:07.991+0000] {logging_mixin.py:188} INFO - [2024-07-13T00:45:07.991+0000] {dag.py:3954} INFO - Setting next_dagrun for example_sensor_decorator to None, run_after=None
[2024-07-13T00:45:08.018+0000] {processor.py:183} INFO - Processing /home/airflow/.local/lib/python3.11/site-packages/airflow/example_dags/example_sensor_decorator.py took 0.113 seconds
[2024-07-13T00:45:40.985+0000] {processor.py:161} INFO - Started process (PID=254) to work on /home/airflow/.local/lib/python3.11/site-packages/airflow/example_dags/example_sensor_decorator.py
[2024-07-13T00:45:40.988+0000] {processor.py:830} INFO - Processing file /home/airflow/.local/lib/python3.11/site-packages/airflow/example_dags/example_sensor_decorator.py for tasks to queue
[2024-07-13T00:45:40.991+0000] {logging_mixin.py:188} INFO - [2024-07-13T00:45:40.991+0000] {dagbag.py:545} INFO - Filling up the DagBag from /home/airflow/.local/lib/python3.11/site-packages/airflow/example_dags/example_sensor_decorator.py
[2024-07-13T00:45:41.005+0000] {processor.py:840} INFO - DAG(s) 'example_sensor_decorator' retrieved from /home/airflow/.local/lib/python3.11/site-packages/airflow/example_dags/example_sensor_decorator.py
[2024-07-13T00:45:41.040+0000] {logging_mixin.py:188} INFO - [2024-07-13T00:45:41.039+0000] {dag.py:3096} INFO - Sync 1 DAGs
[2024-07-13T00:45:41.061+0000] {logging_mixin.py:188} INFO - [2024-07-13T00:45:41.061+0000] {dag.py:3954} INFO - Setting next_dagrun for example_sensor_decorator to None, run_after=None
[2024-07-13T00:45:41.088+0000] {processor.py:183} INFO - Processing /home/airflow/.local/lib/python3.11/site-packages/airflow/example_dags/example_sensor_decorator.py took 0.113 seconds
[2024-07-13T00:46:13.678+0000] {processor.py:161} INFO - Started process (PID=321) to work on /home/airflow/.local/lib/python3.11/site-packages/airflow/example_dags/example_sensor_decorator.py
[2024-07-13T00:46:13.680+0000] {processor.py:830} INFO - Processing file /home/airflow/.local/lib/python3.11/site-packages/airflow/example_dags/example_sensor_decorator.py for tasks to queue
[2024-07-13T00:46:13.684+0000] {logging_mixin.py:188} INFO - [2024-07-13T00:46:13.683+0000] {dagbag.py:545} INFO - Filling up the DagBag from /home/airflow/.local/lib/python3.11/site-packages/airflow/example_dags/example_sensor_decorator.py
[2024-07-13T00:46:13.700+0000] {processor.py:840} INFO - DAG(s) 'example_sensor_decorator' retrieved from /home/airflow/.local/lib/python3.11/site-packages/airflow/example_dags/example_sensor_decorator.py
[2024-07-13T00:46:13.743+0000] {logging_mixin.py:188} INFO - [2024-07-13T00:46:13.742+0000] {dag.py:3096} INFO - Sync 1 DAGs
[2024-07-13T00:46:13.767+0000] {logging_mixin.py:188} INFO - [2024-07-13T00:46:13.767+0000] {dag.py:3954} INFO - Setting next_dagrun for example_sensor_decorator to None, run_after=None
[2024-07-13T00:46:13.800+0000] {processor.py:183} INFO - Processing /home/airflow/.local/lib/python3.11/site-packages/airflow/example_dags/example_sensor_decorator.py took 0.138 seconds
[2024-07-13T00:46:47.170+0000] {processor.py:161} INFO - Started process (PID=383) to work on /home/airflow/.local/lib/python3.11/site-packages/airflow/example_dags/example_sensor_decorator.py
[2024-07-13T00:46:47.172+0000] {processor.py:830} INFO - Processing file /home/airflow/.local/lib/python3.11/site-packages/airflow/example_dags/example_sensor_decorator.py for tasks to queue
[2024-07-13T00:46:47.176+0000] {logging_mixin.py:188} INFO - [2024-07-13T00:46:47.175+0000] {dagbag.py:545} INFO - Filling up the DagBag from /home/airflow/.local/lib/python3.11/site-packages/airflow/example_dags/example_sensor_decorator.py
[2024-07-13T00:46:47.187+0000] {processor.py:840} INFO - DAG(s) 'example_sensor_decorator' retrieved from /home/airflow/.local/lib/python3.11/site-packages/airflow/example_dags/example_sensor_decorator.py
[2024-07-13T00:46:47.223+0000] {logging_mixin.py:188} INFO - [2024-07-13T00:46:47.222+0000] {dag.py:3096} INFO - Sync 1 DAGs
[2024-07-13T00:46:47.244+0000] {logging_mixin.py:188} INFO - [2024-07-13T00:46:47.243+0000] {dag.py:3954} INFO - Setting next_dagrun for example_sensor_decorator to None, run_after=None
[2024-07-13T00:46:47.274+0000] {processor.py:183} INFO - Processing /home/airflow/.local/lib/python3.11/site-packages/airflow/example_dags/example_sensor_decorator.py took 0.116 seconds
[2024-07-13T00:47:20.736+0000] {processor.py:161} INFO - Started process (PID=444) to work on /home/airflow/.local/lib/python3.11/site-packages/airflow/example_dags/example_sensor_decorator.py
[2024-07-13T00:47:20.738+0000] {processor.py:830} INFO - Processing file /home/airflow/.local/lib/python3.11/site-packages/airflow/example_dags/example_sensor_decorator.py for tasks to queue
[2024-07-13T00:47:20.741+0000] {logging_mixin.py:188} INFO - [2024-07-13T00:47:20.741+0000] {dagbag.py:545} INFO - Filling up the DagBag from /home/airflow/.local/lib/python3.11/site-packages/airflow/example_dags/example_sensor_decorator.py
[2024-07-13T00:47:20.753+0000] {processor.py:840} INFO - DAG(s) 'example_sensor_decorator' retrieved from /home/airflow/.local/lib/python3.11/site-packages/airflow/example_dags/example_sensor_decorator.py
[2024-07-13T00:47:20.790+0000] {logging_mixin.py:188} INFO - [2024-07-13T00:47:20.789+0000] {dag.py:3096} INFO - Sync 1 DAGs
[2024-07-13T00:47:20.812+0000] {logging_mixin.py:188} INFO - [2024-07-13T00:47:20.812+0000] {dag.py:3954} INFO - Setting next_dagrun for example_sensor_decorator to None, run_after=None
[2024-07-13T00:47:20.840+0000] {processor.py:183} INFO - Processing /home/airflow/.local/lib/python3.11/site-packages/airflow/example_dags/example_sensor_decorator.py took 0.116 seconds
[2024-07-13T00:47:58.181+0000] {processor.py:161} INFO - Started process (PID=505) to work on /home/airflow/.local/lib/python3.11/site-packages/airflow/example_dags/example_sensor_decorator.py
[2024-07-13T00:47:58.184+0000] {processor.py:830} INFO - Processing file /home/airflow/.local/lib/python3.11/site-packages/airflow/example_dags/example_sensor_decorator.py for tasks to queue
[2024-07-13T00:47:58.188+0000] {logging_mixin.py:188} INFO - [2024-07-13T00:47:58.187+0000] {dagbag.py:545} INFO - Filling up the DagBag from /home/airflow/.local/lib/python3.11/site-packages/airflow/example_dags/example_sensor_decorator.py
[2024-07-13T00:47:58.202+0000] {processor.py:840} INFO - DAG(s) 'example_sensor_decorator' retrieved from /home/airflow/.local/lib/python3.11/site-packages/airflow/example_dags/example_sensor_decorator.py
[2024-07-13T00:47:58.243+0000] {logging_mixin.py:188} INFO - [2024-07-13T00:47:58.242+0000] {dag.py:3096} INFO - Sync 1 DAGs
[2024-07-13T00:47:58.268+0000] {logging_mixin.py:188} INFO - [2024-07-13T00:47:58.267+0000] {dag.py:3954} INFO - Setting next_dagrun for example_sensor_decorator to None, run_after=None
[2024-07-13T00:47:58.308+0000] {processor.py:183} INFO - Processing /home/airflow/.local/lib/python3.11/site-packages/airflow/example_dags/example_sensor_decorator.py took 0.140 seconds
[2024-07-13T00:48:32.395+0000] {processor.py:161} INFO - Started process (PID=567) to work on /home/airflow/.local/lib/python3.11/site-packages/airflow/example_dags/example_sensor_decorator.py
[2024-07-13T00:48:32.397+0000] {processor.py:830} INFO - Processing file /home/airflow/.local/lib/python3.11/site-packages/airflow/example_dags/example_sensor_decorator.py for tasks to queue
[2024-07-13T00:48:32.402+0000] {logging_mixin.py:188} INFO - [2024-07-13T00:48:32.401+0000] {dagbag.py:545} INFO - Filling up the DagBag from /home/airflow/.local/lib/python3.11/site-packages/airflow/example_dags/example_sensor_decorator.py
[2024-07-13T00:48:32.418+0000] {processor.py:840} INFO - DAG(s) 'example_sensor_decorator' retrieved from /home/airflow/.local/lib/python3.11/site-packages/airflow/example_dags/example_sensor_decorator.py
[2024-07-13T00:48:32.461+0000] {logging_mixin.py:188} INFO - [2024-07-13T00:48:32.461+0000] {dag.py:3096} INFO - Sync 1 DAGs
[2024-07-13T00:48:32.485+0000] {logging_mixin.py:188} INFO - [2024-07-13T00:48:32.485+0000] {dag.py:3954} INFO - Setting next_dagrun for example_sensor_decorator to None, run_after=None
[2024-07-13T00:48:32.513+0000] {processor.py:183} INFO - Processing /home/airflow/.local/lib/python3.11/site-packages/airflow/example_dags/example_sensor_decorator.py took 0.130 seconds
[2024-07-13T00:49:07.087+0000] {processor.py:161} INFO - Started process (PID=631) to work on /home/airflow/.local/lib/python3.11/site-packages/airflow/example_dags/example_sensor_decorator.py
[2024-07-13T00:49:07.089+0000] {processor.py:830} INFO - Processing file /home/airflow/.local/lib/python3.11/site-packages/airflow/example_dags/example_sensor_decorator.py for tasks to queue
[2024-07-13T00:49:07.092+0000] {logging_mixin.py:188} INFO - [2024-07-13T00:49:07.091+0000] {dagbag.py:545} INFO - Filling up the DagBag from /home/airflow/.local/lib/python3.11/site-packages/airflow/example_dags/example_sensor_decorator.py
[2024-07-13T00:49:07.105+0000] {processor.py:840} INFO - DAG(s) 'example_sensor_decorator' retrieved from /home/airflow/.local/lib/python3.11/site-packages/airflow/example_dags/example_sensor_decorator.py
[2024-07-13T00:49:07.153+0000] {logging_mixin.py:188} INFO - [2024-07-13T00:49:07.152+0000] {dag.py:3096} INFO - Sync 1 DAGs
[2024-07-13T00:49:07.183+0000] {logging_mixin.py:188} INFO - [2024-07-13T00:49:07.182+0000] {dag.py:3954} INFO - Setting next_dagrun for example_sensor_decorator to None, run_after=None
[2024-07-13T00:49:07.221+0000] {processor.py:183} INFO - Processing /home/airflow/.local/lib/python3.11/site-packages/airflow/example_dags/example_sensor_decorator.py took 0.145 seconds
[2024-07-13T00:49:40.911+0000] {processor.py:161} INFO - Started process (PID=693) to work on /home/airflow/.local/lib/python3.11/site-packages/airflow/example_dags/example_sensor_decorator.py
[2024-07-13T00:49:40.913+0000] {processor.py:830} INFO - Processing file /home/airflow/.local/lib/python3.11/site-packages/airflow/example_dags/example_sensor_decorator.py for tasks to queue
[2024-07-13T00:49:40.916+0000] {logging_mixin.py:188} INFO - [2024-07-13T00:49:40.916+0000] {dagbag.py:545} INFO - Filling up the DagBag from /home/airflow/.local/lib/python3.11/site-packages/airflow/example_dags/example_sensor_decorator.py
[2024-07-13T00:49:40.928+0000] {processor.py:840} INFO - DAG(s) 'example_sensor_decorator' retrieved from /home/airflow/.local/lib/python3.11/site-packages/airflow/example_dags/example_sensor_decorator.py
[2024-07-13T00:49:40.965+0000] {logging_mixin.py:188} INFO - [2024-07-13T00:49:40.964+0000] {dag.py:3096} INFO - Sync 1 DAGs
[2024-07-13T00:49:40.988+0000] {logging_mixin.py:188} INFO - [2024-07-13T00:49:40.987+0000] {dag.py:3954} INFO - Setting next_dagrun for example_sensor_decorator to None, run_after=None
[2024-07-13T00:49:41.020+0000] {processor.py:183} INFO - Processing /home/airflow/.local/lib/python3.11/site-packages/airflow/example_dags/example_sensor_decorator.py took 0.120 seconds
[2024-07-13T00:50:15.343+0000] {processor.py:161} INFO - Started process (PID=765) to work on /home/airflow/.local/lib/python3.11/site-packages/airflow/example_dags/example_sensor_decorator.py
[2024-07-13T00:50:15.346+0000] {processor.py:830} INFO - Processing file /home/airflow/.local/lib/python3.11/site-packages/airflow/example_dags/example_sensor_decorator.py for tasks to queue
[2024-07-13T00:50:15.350+0000] {logging_mixin.py:188} INFO - [2024-07-13T00:50:15.349+0000] {dagbag.py:545} INFO - Filling up the DagBag from /home/airflow/.local/lib/python3.11/site-packages/airflow/example_dags/example_sensor_decorator.py
[2024-07-13T00:50:15.365+0000] {processor.py:840} INFO - DAG(s) 'example_sensor_decorator' retrieved from /home/airflow/.local/lib/python3.11/site-packages/airflow/example_dags/example_sensor_decorator.py
[2024-07-13T00:50:15.404+0000] {logging_mixin.py:188} INFO - [2024-07-13T00:50:15.403+0000] {dag.py:3096} INFO - Sync 1 DAGs
[2024-07-13T00:50:15.426+0000] {logging_mixin.py:188} INFO - [2024-07-13T00:50:15.425+0000] {dag.py:3954} INFO - Setting next_dagrun for example_sensor_decorator to None, run_after=None
[2024-07-13T00:50:15.455+0000] {processor.py:183} INFO - Processing /home/airflow/.local/lib/python3.11/site-packages/airflow/example_dags/example_sensor_decorator.py took 0.126 seconds
[2024-07-13T00:50:50.203+0000] {processor.py:161} INFO - Started process (PID=827) to work on /home/airflow/.local/lib/python3.11/site-packages/airflow/example_dags/example_sensor_decorator.py
[2024-07-13T00:50:50.205+0000] {processor.py:830} INFO - Processing file /home/airflow/.local/lib/python3.11/site-packages/airflow/example_dags/example_sensor_decorator.py for tasks to queue
[2024-07-13T00:50:50.208+0000] {logging_mixin.py:188} INFO - [2024-07-13T00:50:50.207+0000] {dagbag.py:545} INFO - Filling up the DagBag from /home/airflow/.local/lib/python3.11/site-packages/airflow/example_dags/example_sensor_decorator.py
[2024-07-13T00:50:50.219+0000] {processor.py:840} INFO - DAG(s) 'example_sensor_decorator' retrieved from /home/airflow/.local/lib/python3.11/site-packages/airflow/example_dags/example_sensor_decorator.py
[2024-07-13T00:50:50.252+0000] {logging_mixin.py:188} INFO - [2024-07-13T00:50:50.251+0000] {dag.py:3096} INFO - Sync 1 DAGs
[2024-07-13T00:50:50.275+0000] {logging_mixin.py:188} INFO - [2024-07-13T00:50:50.274+0000] {dag.py:3954} INFO - Setting next_dagrun for example_sensor_decorator to None, run_after=None
[2024-07-13T00:50:50.587+0000] {processor.py:183} INFO - Processing /home/airflow/.local/lib/python3.11/site-packages/airflow/example_dags/example_sensor_decorator.py took 0.399 seconds
[2024-07-13T00:51:22.116+0000] {processor.py:161} INFO - Started process (PID=889) to work on /home/airflow/.local/lib/python3.11/site-packages/airflow/example_dags/example_sensor_decorator.py
[2024-07-13T00:51:22.118+0000] {processor.py:830} INFO - Processing file /home/airflow/.local/lib/python3.11/site-packages/airflow/example_dags/example_sensor_decorator.py for tasks to queue
[2024-07-13T00:51:22.122+0000] {logging_mixin.py:188} INFO - [2024-07-13T00:51:22.121+0000] {dagbag.py:545} INFO - Filling up the DagBag from /home/airflow/.local/lib/python3.11/site-packages/airflow/example_dags/example_sensor_decorator.py
[2024-07-13T00:51:22.138+0000] {processor.py:840} INFO - DAG(s) 'example_sensor_decorator' retrieved from /home/airflow/.local/lib/python3.11/site-packages/airflow/example_dags/example_sensor_decorator.py
[2024-07-13T00:51:22.182+0000] {logging_mixin.py:188} INFO - [2024-07-13T00:51:22.182+0000] {dag.py:3096} INFO - Sync 1 DAGs
[2024-07-13T00:51:22.209+0000] {logging_mixin.py:188} INFO - [2024-07-13T00:51:22.208+0000] {dag.py:3954} INFO - Setting next_dagrun for example_sensor_decorator to None, run_after=None
[2024-07-13T00:51:22.242+0000] {processor.py:183} INFO - Processing /home/airflow/.local/lib/python3.11/site-packages/airflow/example_dags/example_sensor_decorator.py took 0.142 seconds
[2024-07-13T00:51:55.106+0000] {processor.py:161} INFO - Started process (PID=951) to work on /home/airflow/.local/lib/python3.11/site-packages/airflow/example_dags/example_sensor_decorator.py
[2024-07-13T00:51:55.109+0000] {processor.py:830} INFO - Processing file /home/airflow/.local/lib/python3.11/site-packages/airflow/example_dags/example_sensor_decorator.py for tasks to queue
[2024-07-13T00:51:55.112+0000] {logging_mixin.py:188} INFO - [2024-07-13T00:51:55.111+0000] {dagbag.py:545} INFO - Filling up the DagBag from /home/airflow/.local/lib/python3.11/site-packages/airflow/example_dags/example_sensor_decorator.py
[2024-07-13T00:51:55.125+0000] {processor.py:840} INFO - DAG(s) 'example_sensor_decorator' retrieved from /home/airflow/.local/lib/python3.11/site-packages/airflow/example_dags/example_sensor_decorator.py
[2024-07-13T00:51:55.164+0000] {logging_mixin.py:188} INFO - [2024-07-13T00:51:55.163+0000] {dag.py:3096} INFO - Sync 1 DAGs
[2024-07-13T00:51:55.183+0000] {logging_mixin.py:188} INFO - [2024-07-13T00:51:55.182+0000] {dag.py:3954} INFO - Setting next_dagrun for example_sensor_decorator to None, run_after=None
[2024-07-13T00:51:55.209+0000] {processor.py:183} INFO - Processing /home/airflow/.local/lib/python3.11/site-packages/airflow/example_dags/example_sensor_decorator.py took 0.115 seconds
[2024-07-13T00:52:28.325+0000] {processor.py:161} INFO - Started process (PID=1014) to work on /home/airflow/.local/lib/python3.11/site-packages/airflow/example_dags/example_sensor_decorator.py
[2024-07-13T00:52:28.327+0000] {processor.py:830} INFO - Processing file /home/airflow/.local/lib/python3.11/site-packages/airflow/example_dags/example_sensor_decorator.py for tasks to queue
[2024-07-13T00:52:28.331+0000] {logging_mixin.py:188} INFO - [2024-07-13T00:52:28.330+0000] {dagbag.py:545} INFO - Filling up the DagBag from /home/airflow/.local/lib/python3.11/site-packages/airflow/example_dags/example_sensor_decorator.py
[2024-07-13T00:52:28.343+0000] {processor.py:840} INFO - DAG(s) 'example_sensor_decorator' retrieved from /home/airflow/.local/lib/python3.11/site-packages/airflow/example_dags/example_sensor_decorator.py
[2024-07-13T00:52:28.378+0000] {logging_mixin.py:188} INFO - [2024-07-13T00:52:28.377+0000] {dag.py:3096} INFO - Sync 1 DAGs
[2024-07-13T00:52:28.401+0000] {logging_mixin.py:188} INFO - [2024-07-13T00:52:28.400+0000] {dag.py:3954} INFO - Setting next_dagrun for example_sensor_decorator to None, run_after=None
[2024-07-13T00:52:28.435+0000] {processor.py:183} INFO - Processing /home/airflow/.local/lib/python3.11/site-packages/airflow/example_dags/example_sensor_decorator.py took 0.124 seconds
[2024-07-13T00:53:00.869+0000] {processor.py:161} INFO - Started process (PID=1077) to work on /home/airflow/.local/lib/python3.11/site-packages/airflow/example_dags/example_sensor_decorator.py
[2024-07-13T00:53:00.871+0000] {processor.py:830} INFO - Processing file /home/airflow/.local/lib/python3.11/site-packages/airflow/example_dags/example_sensor_decorator.py for tasks to queue
[2024-07-13T00:53:00.875+0000] {logging_mixin.py:188} INFO - [2024-07-13T00:53:00.874+0000] {dagbag.py:545} INFO - Filling up the DagBag from /home/airflow/.local/lib/python3.11/site-packages/airflow/example_dags/example_sensor_decorator.py
[2024-07-13T00:53:00.886+0000] {processor.py:840} INFO - DAG(s) 'example_sensor_decorator' retrieved from /home/airflow/.local/lib/python3.11/site-packages/airflow/example_dags/example_sensor_decorator.py
[2024-07-13T00:53:00.921+0000] {logging_mixin.py:188} INFO - [2024-07-13T00:53:00.920+0000] {dag.py:3096} INFO - Sync 1 DAGs
[2024-07-13T00:53:00.941+0000] {logging_mixin.py:188} INFO - [2024-07-13T00:53:00.940+0000] {dag.py:3954} INFO - Setting next_dagrun for example_sensor_decorator to None, run_after=None
[2024-07-13T00:53:00.975+0000] {processor.py:183} INFO - Processing /home/airflow/.local/lib/python3.11/site-packages/airflow/example_dags/example_sensor_decorator.py took 0.121 seconds
[2024-07-13T00:53:33.803+0000] {processor.py:161} INFO - Started process (PID=1139) to work on /home/airflow/.local/lib/python3.11/site-packages/airflow/example_dags/example_sensor_decorator.py
[2024-07-13T00:53:33.806+0000] {processor.py:830} INFO - Processing file /home/airflow/.local/lib/python3.11/site-packages/airflow/example_dags/example_sensor_decorator.py for tasks to queue
[2024-07-13T00:53:33.809+0000] {logging_mixin.py:188} INFO - [2024-07-13T00:53:33.809+0000] {dagbag.py:545} INFO - Filling up the DagBag from /home/airflow/.local/lib/python3.11/site-packages/airflow/example_dags/example_sensor_decorator.py
[2024-07-13T00:53:33.823+0000] {processor.py:840} INFO - DAG(s) 'example_sensor_decorator' retrieved from /home/airflow/.local/lib/python3.11/site-packages/airflow/example_dags/example_sensor_decorator.py
[2024-07-13T00:53:33.862+0000] {logging_mixin.py:188} INFO - [2024-07-13T00:53:33.861+0000] {dag.py:3096} INFO - Sync 1 DAGs
[2024-07-13T00:53:33.884+0000] {logging_mixin.py:188} INFO - [2024-07-13T00:53:33.883+0000] {dag.py:3954} INFO - Setting next_dagrun for example_sensor_decorator to None, run_after=None
[2024-07-13T00:53:33.915+0000] {processor.py:183} INFO - Processing /home/airflow/.local/lib/python3.11/site-packages/airflow/example_dags/example_sensor_decorator.py took 0.125 seconds
[2024-07-13T00:54:06.247+0000] {processor.py:161} INFO - Started process (PID=1201) to work on /home/airflow/.local/lib/python3.11/site-packages/airflow/example_dags/example_sensor_decorator.py
[2024-07-13T00:54:06.250+0000] {processor.py:830} INFO - Processing file /home/airflow/.local/lib/python3.11/site-packages/airflow/example_dags/example_sensor_decorator.py for tasks to queue
[2024-07-13T00:54:06.254+0000] {logging_mixin.py:188} INFO - [2024-07-13T00:54:06.253+0000] {dagbag.py:545} INFO - Filling up the DagBag from /home/airflow/.local/lib/python3.11/site-packages/airflow/example_dags/example_sensor_decorator.py
[2024-07-13T00:54:06.272+0000] {processor.py:840} INFO - DAG(s) 'example_sensor_decorator' retrieved from /home/airflow/.local/lib/python3.11/site-packages/airflow/example_dags/example_sensor_decorator.py
[2024-07-13T00:54:06.314+0000] {logging_mixin.py:188} INFO - [2024-07-13T00:54:06.313+0000] {dag.py:3096} INFO - Sync 1 DAGs
[2024-07-13T00:54:06.337+0000] {logging_mixin.py:188} INFO - [2024-07-13T00:54:06.336+0000] {dag.py:3954} INFO - Setting next_dagrun for example_sensor_decorator to None, run_after=None
[2024-07-13T00:54:06.370+0000] {processor.py:183} INFO - Processing /home/airflow/.local/lib/python3.11/site-packages/airflow/example_dags/example_sensor_decorator.py took 0.139 seconds
[2024-07-13T00:54:39.909+0000] {processor.py:161} INFO - Started process (PID=1263) to work on /home/airflow/.local/lib/python3.11/site-packages/airflow/example_dags/example_sensor_decorator.py
[2024-07-13T00:54:39.911+0000] {processor.py:830} INFO - Processing file /home/airflow/.local/lib/python3.11/site-packages/airflow/example_dags/example_sensor_decorator.py for tasks to queue
[2024-07-13T00:54:39.915+0000] {logging_mixin.py:188} INFO - [2024-07-13T00:54:39.914+0000] {dagbag.py:545} INFO - Filling up the DagBag from /home/airflow/.local/lib/python3.11/site-packages/airflow/example_dags/example_sensor_decorator.py
[2024-07-13T00:54:39.928+0000] {processor.py:840} INFO - DAG(s) 'example_sensor_decorator' retrieved from /home/airflow/.local/lib/python3.11/site-packages/airflow/example_dags/example_sensor_decorator.py
[2024-07-13T00:54:39.972+0000] {logging_mixin.py:188} INFO - [2024-07-13T00:54:39.971+0000] {dag.py:3096} INFO - Sync 1 DAGs
[2024-07-13T00:54:39.994+0000] {logging_mixin.py:188} INFO - [2024-07-13T00:54:39.994+0000] {dag.py:3954} INFO - Setting next_dagrun for example_sensor_decorator to None, run_after=None
[2024-07-13T00:54:40.021+0000] {processor.py:183} INFO - Processing /home/airflow/.local/lib/python3.11/site-packages/airflow/example_dags/example_sensor_decorator.py took 0.124 seconds
[2024-07-13T00:55:12.501+0000] {processor.py:161} INFO - Started process (PID=1325) to work on /home/airflow/.local/lib/python3.11/site-packages/airflow/example_dags/example_sensor_decorator.py
[2024-07-13T00:55:12.504+0000] {processor.py:830} INFO - Processing file /home/airflow/.local/lib/python3.11/site-packages/airflow/example_dags/example_sensor_decorator.py for tasks to queue
[2024-07-13T00:55:12.507+0000] {logging_mixin.py:188} INFO - [2024-07-13T00:55:12.507+0000] {dagbag.py:545} INFO - Filling up the DagBag from /home/airflow/.local/lib/python3.11/site-packages/airflow/example_dags/example_sensor_decorator.py
[2024-07-13T00:55:12.523+0000] {processor.py:840} INFO - DAG(s) 'example_sensor_decorator' retrieved from /home/airflow/.local/lib/python3.11/site-packages/airflow/example_dags/example_sensor_decorator.py
[2024-07-13T00:55:12.565+0000] {logging_mixin.py:188} INFO - [2024-07-13T00:55:12.564+0000] {dag.py:3096} INFO - Sync 1 DAGs
[2024-07-13T00:55:12.591+0000] {logging_mixin.py:188} INFO - [2024-07-13T00:55:12.591+0000] {dag.py:3954} INFO - Setting next_dagrun for example_sensor_decorator to None, run_after=None
[2024-07-13T00:55:12.627+0000] {processor.py:183} INFO - Processing /home/airflow/.local/lib/python3.11/site-packages/airflow/example_dags/example_sensor_decorator.py took 0.139 seconds
[2024-07-13T00:59:02.618+0000] {processor.py:161} INFO - Started process (PID=70) to work on /home/airflow/.local/lib/python3.11/site-packages/airflow/example_dags/example_sensor_decorator.py
[2024-07-13T00:59:02.621+0000] {processor.py:830} INFO - Processing file /home/airflow/.local/lib/python3.11/site-packages/airflow/example_dags/example_sensor_decorator.py for tasks to queue
[2024-07-13T00:59:02.626+0000] {logging_mixin.py:188} INFO - [2024-07-13T00:59:02.625+0000] {dagbag.py:545} INFO - Filling up the DagBag from /home/airflow/.local/lib/python3.11/site-packages/airflow/example_dags/example_sensor_decorator.py
[2024-07-13T00:59:02.644+0000] {processor.py:840} INFO - DAG(s) 'example_sensor_decorator' retrieved from /home/airflow/.local/lib/python3.11/site-packages/airflow/example_dags/example_sensor_decorator.py
[2024-07-13T00:59:02.858+0000] {logging_mixin.py:188} INFO - [2024-07-13T00:59:02.857+0000] {dag.py:3096} INFO - Sync 1 DAGs
[2024-07-13T00:59:02.885+0000] {logging_mixin.py:188} INFO - [2024-07-13T00:59:02.884+0000] {dag.py:3954} INFO - Setting next_dagrun for example_sensor_decorator to None, run_after=None
[2024-07-13T00:59:02.916+0000] {processor.py:183} INFO - Processing /home/airflow/.local/lib/python3.11/site-packages/airflow/example_dags/example_sensor_decorator.py took 0.315 seconds
[2024-07-13T00:59:33.494+0000] {processor.py:161} INFO - Started process (PID=132) to work on /home/airflow/.local/lib/python3.11/site-packages/airflow/example_dags/example_sensor_decorator.py
[2024-07-13T00:59:33.496+0000] {processor.py:830} INFO - Processing file /home/airflow/.local/lib/python3.11/site-packages/airflow/example_dags/example_sensor_decorator.py for tasks to queue
[2024-07-13T00:59:33.500+0000] {logging_mixin.py:188} INFO - [2024-07-13T00:59:33.499+0000] {dagbag.py:545} INFO - Filling up the DagBag from /home/airflow/.local/lib/python3.11/site-packages/airflow/example_dags/example_sensor_decorator.py
[2024-07-13T00:59:33.515+0000] {processor.py:840} INFO - DAG(s) 'example_sensor_decorator' retrieved from /home/airflow/.local/lib/python3.11/site-packages/airflow/example_dags/example_sensor_decorator.py
[2024-07-13T00:59:33.552+0000] {logging_mixin.py:188} INFO - [2024-07-13T00:59:33.551+0000] {dag.py:3096} INFO - Sync 1 DAGs
[2024-07-13T00:59:33.572+0000] {logging_mixin.py:188} INFO - [2024-07-13T00:59:33.571+0000] {dag.py:3954} INFO - Setting next_dagrun for example_sensor_decorator to None, run_after=None
[2024-07-13T00:59:33.601+0000] {processor.py:183} INFO - Processing /home/airflow/.local/lib/python3.11/site-packages/airflow/example_dags/example_sensor_decorator.py took 0.121 seconds
[2024-07-13T01:00:05.318+0000] {processor.py:161} INFO - Started process (PID=193) to work on /home/airflow/.local/lib/python3.11/site-packages/airflow/example_dags/example_sensor_decorator.py
[2024-07-13T01:00:05.321+0000] {processor.py:830} INFO - Processing file /home/airflow/.local/lib/python3.11/site-packages/airflow/example_dags/example_sensor_decorator.py for tasks to queue
[2024-07-13T01:00:05.324+0000] {logging_mixin.py:188} INFO - [2024-07-13T01:00:05.324+0000] {dagbag.py:545} INFO - Filling up the DagBag from /home/airflow/.local/lib/python3.11/site-packages/airflow/example_dags/example_sensor_decorator.py
[2024-07-13T01:00:05.336+0000] {processor.py:840} INFO - DAG(s) 'example_sensor_decorator' retrieved from /home/airflow/.local/lib/python3.11/site-packages/airflow/example_dags/example_sensor_decorator.py
[2024-07-13T01:00:05.382+0000] {logging_mixin.py:188} INFO - [2024-07-13T01:00:05.381+0000] {dag.py:3096} INFO - Sync 1 DAGs
[2024-07-13T01:00:05.406+0000] {logging_mixin.py:188} INFO - [2024-07-13T01:00:05.405+0000] {dag.py:3954} INFO - Setting next_dagrun for example_sensor_decorator to None, run_after=None
[2024-07-13T01:00:05.440+0000] {processor.py:183} INFO - Processing /home/airflow/.local/lib/python3.11/site-packages/airflow/example_dags/example_sensor_decorator.py took 0.134 seconds
[2024-07-13T01:00:38.009+0000] {processor.py:161} INFO - Started process (PID=261) to work on /home/airflow/.local/lib/python3.11/site-packages/airflow/example_dags/example_sensor_decorator.py
[2024-07-13T01:00:38.012+0000] {processor.py:830} INFO - Processing file /home/airflow/.local/lib/python3.11/site-packages/airflow/example_dags/example_sensor_decorator.py for tasks to queue
[2024-07-13T01:00:38.017+0000] {logging_mixin.py:188} INFO - [2024-07-13T01:00:38.016+0000] {dagbag.py:545} INFO - Filling up the DagBag from /home/airflow/.local/lib/python3.11/site-packages/airflow/example_dags/example_sensor_decorator.py
[2024-07-13T01:00:38.035+0000] {processor.py:840} INFO - DAG(s) 'example_sensor_decorator' retrieved from /home/airflow/.local/lib/python3.11/site-packages/airflow/example_dags/example_sensor_decorator.py
[2024-07-13T01:00:38.079+0000] {logging_mixin.py:188} INFO - [2024-07-13T01:00:38.078+0000] {dag.py:3096} INFO - Sync 1 DAGs
[2024-07-13T01:00:38.103+0000] {logging_mixin.py:188} INFO - [2024-07-13T01:00:38.102+0000] {dag.py:3954} INFO - Setting next_dagrun for example_sensor_decorator to None, run_after=None
[2024-07-13T01:00:38.134+0000] {processor.py:183} INFO - Processing /home/airflow/.local/lib/python3.11/site-packages/airflow/example_dags/example_sensor_decorator.py took 0.143 seconds
[2024-07-13T01:01:11.150+0000] {processor.py:161} INFO - Started process (PID=323) to work on /home/airflow/.local/lib/python3.11/site-packages/airflow/example_dags/example_sensor_decorator.py
[2024-07-13T01:01:11.152+0000] {processor.py:830} INFO - Processing file /home/airflow/.local/lib/python3.11/site-packages/airflow/example_dags/example_sensor_decorator.py for tasks to queue
[2024-07-13T01:01:11.155+0000] {logging_mixin.py:188} INFO - [2024-07-13T01:01:11.155+0000] {dagbag.py:545} INFO - Filling up the DagBag from /home/airflow/.local/lib/python3.11/site-packages/airflow/example_dags/example_sensor_decorator.py
[2024-07-13T01:01:11.169+0000] {processor.py:840} INFO - DAG(s) 'example_sensor_decorator' retrieved from /home/airflow/.local/lib/python3.11/site-packages/airflow/example_dags/example_sensor_decorator.py
[2024-07-13T01:01:11.205+0000] {logging_mixin.py:188} INFO - [2024-07-13T01:01:11.204+0000] {dag.py:3096} INFO - Sync 1 DAGs
[2024-07-13T01:01:11.226+0000] {logging_mixin.py:188} INFO - [2024-07-13T01:01:11.226+0000] {dag.py:3954} INFO - Setting next_dagrun for example_sensor_decorator to None, run_after=None
[2024-07-13T01:01:11.254+0000] {processor.py:183} INFO - Processing /home/airflow/.local/lib/python3.11/site-packages/airflow/example_dags/example_sensor_decorator.py took 0.117 seconds
[2024-07-13T01:01:44.682+0000] {processor.py:161} INFO - Started process (PID=385) to work on /home/airflow/.local/lib/python3.11/site-packages/airflow/example_dags/example_sensor_decorator.py
[2024-07-13T01:01:44.685+0000] {processor.py:830} INFO - Processing file /home/airflow/.local/lib/python3.11/site-packages/airflow/example_dags/example_sensor_decorator.py for tasks to queue
[2024-07-13T01:01:44.689+0000] {logging_mixin.py:188} INFO - [2024-07-13T01:01:44.688+0000] {dagbag.py:545} INFO - Filling up the DagBag from /home/airflow/.local/lib/python3.11/site-packages/airflow/example_dags/example_sensor_decorator.py
[2024-07-13T01:01:44.705+0000] {processor.py:840} INFO - DAG(s) 'example_sensor_decorator' retrieved from /home/airflow/.local/lib/python3.11/site-packages/airflow/example_dags/example_sensor_decorator.py
[2024-07-13T01:01:44.749+0000] {logging_mixin.py:188} INFO - [2024-07-13T01:01:44.748+0000] {dag.py:3096} INFO - Sync 1 DAGs
[2024-07-13T01:01:44.775+0000] {logging_mixin.py:188} INFO - [2024-07-13T01:01:44.774+0000] {dag.py:3954} INFO - Setting next_dagrun for example_sensor_decorator to None, run_after=None
[2024-07-13T01:01:44.818+0000] {processor.py:183} INFO - Processing /home/airflow/.local/lib/python3.11/site-packages/airflow/example_dags/example_sensor_decorator.py took 0.150 seconds
[2024-07-13T01:02:19.209+0000] {processor.py:161} INFO - Started process (PID=446) to work on /home/airflow/.local/lib/python3.11/site-packages/airflow/example_dags/example_sensor_decorator.py
[2024-07-13T01:02:19.212+0000] {processor.py:830} INFO - Processing file /home/airflow/.local/lib/python3.11/site-packages/airflow/example_dags/example_sensor_decorator.py for tasks to queue
[2024-07-13T01:02:19.216+0000] {logging_mixin.py:188} INFO - [2024-07-13T01:02:19.215+0000] {dagbag.py:545} INFO - Filling up the DagBag from /home/airflow/.local/lib/python3.11/site-packages/airflow/example_dags/example_sensor_decorator.py
[2024-07-13T01:02:19.228+0000] {processor.py:840} INFO - DAG(s) 'example_sensor_decorator' retrieved from /home/airflow/.local/lib/python3.11/site-packages/airflow/example_dags/example_sensor_decorator.py
[2024-07-13T01:02:19.277+0000] {logging_mixin.py:188} INFO - [2024-07-13T01:02:19.276+0000] {dag.py:3096} INFO - Sync 1 DAGs
[2024-07-13T01:02:19.309+0000] {logging_mixin.py:188} INFO - [2024-07-13T01:02:19.308+0000] {dag.py:3954} INFO - Setting next_dagrun for example_sensor_decorator to None, run_after=None
[2024-07-13T01:02:19.354+0000] {processor.py:183} INFO - Processing /home/airflow/.local/lib/python3.11/site-packages/airflow/example_dags/example_sensor_decorator.py took 0.158 seconds
[2024-07-13T01:02:52.513+0000] {processor.py:161} INFO - Started process (PID=508) to work on /home/airflow/.local/lib/python3.11/site-packages/airflow/example_dags/example_sensor_decorator.py
[2024-07-13T01:02:52.515+0000] {processor.py:830} INFO - Processing file /home/airflow/.local/lib/python3.11/site-packages/airflow/example_dags/example_sensor_decorator.py for tasks to queue
[2024-07-13T01:02:52.520+0000] {logging_mixin.py:188} INFO - [2024-07-13T01:02:52.519+0000] {dagbag.py:545} INFO - Filling up the DagBag from /home/airflow/.local/lib/python3.11/site-packages/airflow/example_dags/example_sensor_decorator.py
[2024-07-13T01:02:52.536+0000] {processor.py:840} INFO - DAG(s) 'example_sensor_decorator' retrieved from /home/airflow/.local/lib/python3.11/site-packages/airflow/example_dags/example_sensor_decorator.py
[2024-07-13T01:02:52.583+0000] {logging_mixin.py:188} INFO - [2024-07-13T01:02:52.582+0000] {dag.py:3096} INFO - Sync 1 DAGs
[2024-07-13T01:02:52.609+0000] {logging_mixin.py:188} INFO - [2024-07-13T01:02:52.609+0000] {dag.py:3954} INFO - Setting next_dagrun for example_sensor_decorator to None, run_after=None
[2024-07-13T01:02:52.639+0000] {processor.py:183} INFO - Processing /home/airflow/.local/lib/python3.11/site-packages/airflow/example_dags/example_sensor_decorator.py took 0.139 seconds
[2024-07-13T01:03:27.750+0000] {processor.py:161} INFO - Started process (PID=570) to work on /home/airflow/.local/lib/python3.11/site-packages/airflow/example_dags/example_sensor_decorator.py
[2024-07-13T01:03:27.753+0000] {processor.py:830} INFO - Processing file /home/airflow/.local/lib/python3.11/site-packages/airflow/example_dags/example_sensor_decorator.py for tasks to queue
[2024-07-13T01:03:27.757+0000] {logging_mixin.py:188} INFO - [2024-07-13T01:03:27.756+0000] {dagbag.py:545} INFO - Filling up the DagBag from /home/airflow/.local/lib/python3.11/site-packages/airflow/example_dags/example_sensor_decorator.py
[2024-07-13T01:03:27.770+0000] {processor.py:840} INFO - DAG(s) 'example_sensor_decorator' retrieved from /home/airflow/.local/lib/python3.11/site-packages/airflow/example_dags/example_sensor_decorator.py
[2024-07-13T01:03:27.817+0000] {logging_mixin.py:188} INFO - [2024-07-13T01:03:27.815+0000] {dag.py:3096} INFO - Sync 1 DAGs
[2024-07-13T01:03:27.846+0000] {logging_mixin.py:188} INFO - [2024-07-13T01:03:27.845+0000] {dag.py:3954} INFO - Setting next_dagrun for example_sensor_decorator to None, run_after=None
[2024-07-13T01:03:27.883+0000] {processor.py:183} INFO - Processing /home/airflow/.local/lib/python3.11/site-packages/airflow/example_dags/example_sensor_decorator.py took 0.147 seconds
[2024-07-13T01:04:02.010+0000] {processor.py:161} INFO - Started process (PID=633) to work on /home/airflow/.local/lib/python3.11/site-packages/airflow/example_dags/example_sensor_decorator.py
[2024-07-13T01:04:02.012+0000] {processor.py:830} INFO - Processing file /home/airflow/.local/lib/python3.11/site-packages/airflow/example_dags/example_sensor_decorator.py for tasks to queue
[2024-07-13T01:04:02.015+0000] {logging_mixin.py:188} INFO - [2024-07-13T01:04:02.014+0000] {dagbag.py:545} INFO - Filling up the DagBag from /home/airflow/.local/lib/python3.11/site-packages/airflow/example_dags/example_sensor_decorator.py
[2024-07-13T01:04:02.026+0000] {processor.py:840} INFO - DAG(s) 'example_sensor_decorator' retrieved from /home/airflow/.local/lib/python3.11/site-packages/airflow/example_dags/example_sensor_decorator.py
[2024-07-13T01:04:02.062+0000] {logging_mixin.py:188} INFO - [2024-07-13T01:04:02.061+0000] {dag.py:3096} INFO - Sync 1 DAGs
[2024-07-13T01:04:02.083+0000] {logging_mixin.py:188} INFO - [2024-07-13T01:04:02.082+0000] {dag.py:3954} INFO - Setting next_dagrun for example_sensor_decorator to None, run_after=None
[2024-07-13T01:04:02.110+0000] {processor.py:183} INFO - Processing /home/airflow/.local/lib/python3.11/site-packages/airflow/example_dags/example_sensor_decorator.py took 0.112 seconds
[2024-07-13T01:04:35.072+0000] {processor.py:161} INFO - Started process (PID=695) to work on /home/airflow/.local/lib/python3.11/site-packages/airflow/example_dags/example_sensor_decorator.py
[2024-07-13T01:04:35.074+0000] {processor.py:830} INFO - Processing file /home/airflow/.local/lib/python3.11/site-packages/airflow/example_dags/example_sensor_decorator.py for tasks to queue
[2024-07-13T01:04:35.078+0000] {logging_mixin.py:188} INFO - [2024-07-13T01:04:35.078+0000] {dagbag.py:545} INFO - Filling up the DagBag from /home/airflow/.local/lib/python3.11/site-packages/airflow/example_dags/example_sensor_decorator.py
[2024-07-13T01:04:35.092+0000] {processor.py:840} INFO - DAG(s) 'example_sensor_decorator' retrieved from /home/airflow/.local/lib/python3.11/site-packages/airflow/example_dags/example_sensor_decorator.py
[2024-07-13T01:04:35.131+0000] {logging_mixin.py:188} INFO - [2024-07-13T01:04:35.130+0000] {dag.py:3096} INFO - Sync 1 DAGs
[2024-07-13T01:04:35.156+0000] {logging_mixin.py:188} INFO - [2024-07-13T01:04:35.156+0000] {dag.py:3954} INFO - Setting next_dagrun for example_sensor_decorator to None, run_after=None
[2024-07-13T01:04:35.190+0000] {processor.py:183} INFO - Processing /home/airflow/.local/lib/python3.11/site-packages/airflow/example_dags/example_sensor_decorator.py took 0.135 seconds
[2024-07-13T01:05:08.160+0000] {processor.py:161} INFO - Started process (PID=757) to work on /home/airflow/.local/lib/python3.11/site-packages/airflow/example_dags/example_sensor_decorator.py
[2024-07-13T01:05:08.162+0000] {processor.py:830} INFO - Processing file /home/airflow/.local/lib/python3.11/site-packages/airflow/example_dags/example_sensor_decorator.py for tasks to queue
[2024-07-13T01:05:08.166+0000] {logging_mixin.py:188} INFO - [2024-07-13T01:05:08.165+0000] {dagbag.py:545} INFO - Filling up the DagBag from /home/airflow/.local/lib/python3.11/site-packages/airflow/example_dags/example_sensor_decorator.py
[2024-07-13T01:05:08.182+0000] {processor.py:840} INFO - DAG(s) 'example_sensor_decorator' retrieved from /home/airflow/.local/lib/python3.11/site-packages/airflow/example_dags/example_sensor_decorator.py
[2024-07-13T01:05:08.230+0000] {logging_mixin.py:188} INFO - [2024-07-13T01:05:08.229+0000] {dag.py:3096} INFO - Sync 1 DAGs
[2024-07-13T01:05:08.255+0000] {logging_mixin.py:188} INFO - [2024-07-13T01:05:08.255+0000] {dag.py:3954} INFO - Setting next_dagrun for example_sensor_decorator to None, run_after=None
[2024-07-13T01:05:08.302+0000] {processor.py:183} INFO - Processing /home/airflow/.local/lib/python3.11/site-packages/airflow/example_dags/example_sensor_decorator.py took 0.157 seconds
[2024-07-13T01:05:46.817+0000] {processor.py:161} INFO - Started process (PID=826) to work on /home/airflow/.local/lib/python3.11/site-packages/airflow/example_dags/example_sensor_decorator.py
[2024-07-13T01:05:46.820+0000] {processor.py:830} INFO - Processing file /home/airflow/.local/lib/python3.11/site-packages/airflow/example_dags/example_sensor_decorator.py for tasks to queue
[2024-07-13T01:05:46.823+0000] {logging_mixin.py:188} INFO - [2024-07-13T01:05:46.822+0000] {dagbag.py:545} INFO - Filling up the DagBag from /home/airflow/.local/lib/python3.11/site-packages/airflow/example_dags/example_sensor_decorator.py
[2024-07-13T01:05:46.834+0000] {processor.py:840} INFO - DAG(s) 'example_sensor_decorator' retrieved from /home/airflow/.local/lib/python3.11/site-packages/airflow/example_dags/example_sensor_decorator.py
[2024-07-13T01:05:46.879+0000] {logging_mixin.py:188} INFO - [2024-07-13T01:05:46.878+0000] {dag.py:3096} INFO - Sync 1 DAGs
[2024-07-13T01:05:46.907+0000] {logging_mixin.py:188} INFO - [2024-07-13T01:05:46.906+0000] {dag.py:3954} INFO - Setting next_dagrun for example_sensor_decorator to None, run_after=None
[2024-07-13T01:05:46.936+0000] {processor.py:183} INFO - Processing /home/airflow/.local/lib/python3.11/site-packages/airflow/example_dags/example_sensor_decorator.py took 0.130 seconds
[2024-07-13T01:06:17.902+0000] {processor.py:161} INFO - Started process (PID=888) to work on /home/airflow/.local/lib/python3.11/site-packages/airflow/example_dags/example_sensor_decorator.py
[2024-07-13T01:06:17.910+0000] {processor.py:830} INFO - Processing file /home/airflow/.local/lib/python3.11/site-packages/airflow/example_dags/example_sensor_decorator.py for tasks to queue
[2024-07-13T01:06:17.919+0000] {logging_mixin.py:188} INFO - [2024-07-13T01:06:17.914+0000] {dagbag.py:545} INFO - Filling up the DagBag from /home/airflow/.local/lib/python3.11/site-packages/airflow/example_dags/example_sensor_decorator.py
[2024-07-13T01:06:17.939+0000] {processor.py:840} INFO - DAG(s) 'example_sensor_decorator' retrieved from /home/airflow/.local/lib/python3.11/site-packages/airflow/example_dags/example_sensor_decorator.py
[2024-07-13T01:06:17.996+0000] {logging_mixin.py:188} INFO - [2024-07-13T01:06:17.995+0000] {dag.py:3096} INFO - Sync 1 DAGs
[2024-07-13T01:06:18.025+0000] {logging_mixin.py:188} INFO - [2024-07-13T01:06:18.025+0000] {dag.py:3954} INFO - Setting next_dagrun for example_sensor_decorator to None, run_after=None
[2024-07-13T01:06:18.063+0000] {processor.py:183} INFO - Processing /home/airflow/.local/lib/python3.11/site-packages/airflow/example_dags/example_sensor_decorator.py took 0.203 seconds
[2024-07-13T01:06:48.146+0000] {processor.py:161} INFO - Started process (PID=950) to work on /home/airflow/.local/lib/python3.11/site-packages/airflow/example_dags/example_sensor_decorator.py
[2024-07-13T01:06:48.147+0000] {processor.py:830} INFO - Processing file /home/airflow/.local/lib/python3.11/site-packages/airflow/example_dags/example_sensor_decorator.py for tasks to queue
[2024-07-13T01:06:48.150+0000] {logging_mixin.py:188} INFO - [2024-07-13T01:06:48.150+0000] {dagbag.py:545} INFO - Filling up the DagBag from /home/airflow/.local/lib/python3.11/site-packages/airflow/example_dags/example_sensor_decorator.py
[2024-07-13T01:06:48.162+0000] {processor.py:840} INFO - DAG(s) 'example_sensor_decorator' retrieved from /home/airflow/.local/lib/python3.11/site-packages/airflow/example_dags/example_sensor_decorator.py
[2024-07-13T01:06:48.202+0000] {logging_mixin.py:188} INFO - [2024-07-13T01:06:48.202+0000] {dag.py:3096} INFO - Sync 1 DAGs
[2024-07-13T01:06:48.230+0000] {logging_mixin.py:188} INFO - [2024-07-13T01:06:48.229+0000] {dag.py:3954} INFO - Setting next_dagrun for example_sensor_decorator to None, run_after=None
[2024-07-13T01:06:48.271+0000] {processor.py:183} INFO - Processing /home/airflow/.local/lib/python3.11/site-packages/airflow/example_dags/example_sensor_decorator.py took 0.137 seconds
[2024-07-13T01:07:21.041+0000] {processor.py:161} INFO - Started process (PID=1012) to work on /home/airflow/.local/lib/python3.11/site-packages/airflow/example_dags/example_sensor_decorator.py
[2024-07-13T01:07:21.043+0000] {processor.py:830} INFO - Processing file /home/airflow/.local/lib/python3.11/site-packages/airflow/example_dags/example_sensor_decorator.py for tasks to queue
[2024-07-13T01:07:21.046+0000] {logging_mixin.py:188} INFO - [2024-07-13T01:07:21.046+0000] {dagbag.py:545} INFO - Filling up the DagBag from /home/airflow/.local/lib/python3.11/site-packages/airflow/example_dags/example_sensor_decorator.py
[2024-07-13T01:07:21.058+0000] {processor.py:840} INFO - DAG(s) 'example_sensor_decorator' retrieved from /home/airflow/.local/lib/python3.11/site-packages/airflow/example_dags/example_sensor_decorator.py
[2024-07-13T01:07:21.097+0000] {logging_mixin.py:188} INFO - [2024-07-13T01:07:21.095+0000] {dag.py:3096} INFO - Sync 1 DAGs
[2024-07-13T01:07:21.120+0000] {logging_mixin.py:188} INFO - [2024-07-13T01:07:21.120+0000] {dag.py:3954} INFO - Setting next_dagrun for example_sensor_decorator to None, run_after=None
[2024-07-13T01:07:21.152+0000] {processor.py:183} INFO - Processing /home/airflow/.local/lib/python3.11/site-packages/airflow/example_dags/example_sensor_decorator.py took 0.123 seconds
[2024-07-13T01:07:55.475+0000] {processor.py:161} INFO - Started process (PID=1078) to work on /home/airflow/.local/lib/python3.11/site-packages/airflow/example_dags/example_sensor_decorator.py
[2024-07-13T01:07:55.478+0000] {processor.py:830} INFO - Processing file /home/airflow/.local/lib/python3.11/site-packages/airflow/example_dags/example_sensor_decorator.py for tasks to queue
[2024-07-13T01:07:55.481+0000] {logging_mixin.py:188} INFO - [2024-07-13T01:07:55.481+0000] {dagbag.py:545} INFO - Filling up the DagBag from /home/airflow/.local/lib/python3.11/site-packages/airflow/example_dags/example_sensor_decorator.py
[2024-07-13T01:07:55.495+0000] {processor.py:840} INFO - DAG(s) 'example_sensor_decorator' retrieved from /home/airflow/.local/lib/python3.11/site-packages/airflow/example_dags/example_sensor_decorator.py
[2024-07-13T01:07:55.533+0000] {logging_mixin.py:188} INFO - [2024-07-13T01:07:55.532+0000] {dag.py:3096} INFO - Sync 1 DAGs
[2024-07-13T01:07:55.555+0000] {logging_mixin.py:188} INFO - [2024-07-13T01:07:55.555+0000] {dag.py:3954} INFO - Setting next_dagrun for example_sensor_decorator to None, run_after=None
[2024-07-13T01:07:55.587+0000] {processor.py:183} INFO - Processing /home/airflow/.local/lib/python3.11/site-packages/airflow/example_dags/example_sensor_decorator.py took 0.125 seconds
[2024-07-13T01:08:28.700+0000] {processor.py:161} INFO - Started process (PID=1140) to work on /home/airflow/.local/lib/python3.11/site-packages/airflow/example_dags/example_sensor_decorator.py
[2024-07-13T01:08:28.703+0000] {processor.py:830} INFO - Processing file /home/airflow/.local/lib/python3.11/site-packages/airflow/example_dags/example_sensor_decorator.py for tasks to queue
[2024-07-13T01:08:28.707+0000] {logging_mixin.py:188} INFO - [2024-07-13T01:08:28.706+0000] {dagbag.py:545} INFO - Filling up the DagBag from /home/airflow/.local/lib/python3.11/site-packages/airflow/example_dags/example_sensor_decorator.py
[2024-07-13T01:08:28.721+0000] {processor.py:840} INFO - DAG(s) 'example_sensor_decorator' retrieved from /home/airflow/.local/lib/python3.11/site-packages/airflow/example_dags/example_sensor_decorator.py
[2024-07-13T01:08:28.760+0000] {logging_mixin.py:188} INFO - [2024-07-13T01:08:28.759+0000] {dag.py:3096} INFO - Sync 1 DAGs
[2024-07-13T01:08:28.780+0000] {logging_mixin.py:188} INFO - [2024-07-13T01:08:28.779+0000] {dag.py:3954} INFO - Setting next_dagrun for example_sensor_decorator to None, run_after=None
[2024-07-13T01:08:28.809+0000] {processor.py:183} INFO - Processing /home/airflow/.local/lib/python3.11/site-packages/airflow/example_dags/example_sensor_decorator.py took 0.123 seconds
[2024-07-13T01:09:01.170+0000] {processor.py:161} INFO - Started process (PID=1202) to work on /home/airflow/.local/lib/python3.11/site-packages/airflow/example_dags/example_sensor_decorator.py
[2024-07-13T01:09:01.173+0000] {processor.py:830} INFO - Processing file /home/airflow/.local/lib/python3.11/site-packages/airflow/example_dags/example_sensor_decorator.py for tasks to queue
[2024-07-13T01:09:01.177+0000] {logging_mixin.py:188} INFO - [2024-07-13T01:09:01.177+0000] {dagbag.py:545} INFO - Filling up the DagBag from /home/airflow/.local/lib/python3.11/site-packages/airflow/example_dags/example_sensor_decorator.py
[2024-07-13T01:09:01.195+0000] {processor.py:840} INFO - DAG(s) 'example_sensor_decorator' retrieved from /home/airflow/.local/lib/python3.11/site-packages/airflow/example_dags/example_sensor_decorator.py
[2024-07-13T01:09:01.236+0000] {logging_mixin.py:188} INFO - [2024-07-13T01:09:01.236+0000] {dag.py:3096} INFO - Sync 1 DAGs
[2024-07-13T01:09:01.258+0000] {logging_mixin.py:188} INFO - [2024-07-13T01:09:01.258+0000] {dag.py:3954} INFO - Setting next_dagrun for example_sensor_decorator to None, run_after=None
[2024-07-13T01:09:01.293+0000] {processor.py:183} INFO - Processing /home/airflow/.local/lib/python3.11/site-packages/airflow/example_dags/example_sensor_decorator.py took 0.138 seconds
[2024-07-13T01:11:21.355+0000] {processor.py:161} INFO - Started process (PID=68) to work on /home/airflow/.local/lib/python3.11/site-packages/airflow/example_dags/example_sensor_decorator.py
[2024-07-13T01:11:21.357+0000] {processor.py:830} INFO - Processing file /home/airflow/.local/lib/python3.11/site-packages/airflow/example_dags/example_sensor_decorator.py for tasks to queue
[2024-07-13T01:11:21.361+0000] {logging_mixin.py:188} INFO - [2024-07-13T01:11:21.360+0000] {dagbag.py:545} INFO - Filling up the DagBag from /home/airflow/.local/lib/python3.11/site-packages/airflow/example_dags/example_sensor_decorator.py
[2024-07-13T01:11:21.378+0000] {processor.py:840} INFO - DAG(s) 'example_sensor_decorator' retrieved from /home/airflow/.local/lib/python3.11/site-packages/airflow/example_dags/example_sensor_decorator.py
[2024-07-13T01:11:21.602+0000] {logging_mixin.py:188} INFO - [2024-07-13T01:11:21.601+0000] {dag.py:3096} INFO - Sync 1 DAGs
[2024-07-13T01:11:21.627+0000] {logging_mixin.py:188} INFO - [2024-07-13T01:11:21.627+0000] {dag.py:3954} INFO - Setting next_dagrun for example_sensor_decorator to None, run_after=None
[2024-07-13T01:11:21.665+0000] {processor.py:183} INFO - Processing /home/airflow/.local/lib/python3.11/site-packages/airflow/example_dags/example_sensor_decorator.py took 0.325 seconds
[2024-07-13T01:11:52.398+0000] {processor.py:161} INFO - Started process (PID=129) to work on /home/airflow/.local/lib/python3.11/site-packages/airflow/example_dags/example_sensor_decorator.py
[2024-07-13T01:11:52.399+0000] {processor.py:830} INFO - Processing file /home/airflow/.local/lib/python3.11/site-packages/airflow/example_dags/example_sensor_decorator.py for tasks to queue
[2024-07-13T01:11:52.403+0000] {logging_mixin.py:188} INFO - [2024-07-13T01:11:52.402+0000] {dagbag.py:545} INFO - Filling up the DagBag from /home/airflow/.local/lib/python3.11/site-packages/airflow/example_dags/example_sensor_decorator.py
[2024-07-13T01:11:52.416+0000] {processor.py:840} INFO - DAG(s) 'example_sensor_decorator' retrieved from /home/airflow/.local/lib/python3.11/site-packages/airflow/example_dags/example_sensor_decorator.py
[2024-07-13T01:11:52.458+0000] {logging_mixin.py:188} INFO - [2024-07-13T01:11:52.457+0000] {dag.py:3096} INFO - Sync 1 DAGs
[2024-07-13T01:11:52.482+0000] {logging_mixin.py:188} INFO - [2024-07-13T01:11:52.482+0000] {dag.py:3954} INFO - Setting next_dagrun for example_sensor_decorator to None, run_after=None
[2024-07-13T01:11:52.540+0000] {processor.py:183} INFO - Processing /home/airflow/.local/lib/python3.11/site-packages/airflow/example_dags/example_sensor_decorator.py took 0.154 seconds
[2024-07-13T01:12:25.701+0000] {processor.py:161} INFO - Started process (PID=191) to work on /home/airflow/.local/lib/python3.11/site-packages/airflow/example_dags/example_sensor_decorator.py
[2024-07-13T01:12:25.706+0000] {processor.py:830} INFO - Processing file /home/airflow/.local/lib/python3.11/site-packages/airflow/example_dags/example_sensor_decorator.py for tasks to queue
[2024-07-13T01:12:25.712+0000] {logging_mixin.py:188} INFO - [2024-07-13T01:12:25.711+0000] {dagbag.py:545} INFO - Filling up the DagBag from /home/airflow/.local/lib/python3.11/site-packages/airflow/example_dags/example_sensor_decorator.py
[2024-07-13T01:12:25.732+0000] {processor.py:840} INFO - DAG(s) 'example_sensor_decorator' retrieved from /home/airflow/.local/lib/python3.11/site-packages/airflow/example_dags/example_sensor_decorator.py
[2024-07-13T01:12:25.783+0000] {logging_mixin.py:188} INFO - [2024-07-13T01:12:25.782+0000] {dag.py:3096} INFO - Sync 1 DAGs
[2024-07-13T01:12:25.811+0000] {logging_mixin.py:188} INFO - [2024-07-13T01:12:25.811+0000] {dag.py:3954} INFO - Setting next_dagrun for example_sensor_decorator to None, run_after=None
[2024-07-13T01:12:25.850+0000] {processor.py:183} INFO - Processing /home/airflow/.local/lib/python3.11/site-packages/airflow/example_dags/example_sensor_decorator.py took 0.167 seconds
[2024-07-13T01:12:58.133+0000] {processor.py:161} INFO - Started process (PID=259) to work on /home/airflow/.local/lib/python3.11/site-packages/airflow/example_dags/example_sensor_decorator.py
[2024-07-13T01:12:58.134+0000] {processor.py:830} INFO - Processing file /home/airflow/.local/lib/python3.11/site-packages/airflow/example_dags/example_sensor_decorator.py for tasks to queue
[2024-07-13T01:12:58.138+0000] {logging_mixin.py:188} INFO - [2024-07-13T01:12:58.137+0000] {dagbag.py:545} INFO - Filling up the DagBag from /home/airflow/.local/lib/python3.11/site-packages/airflow/example_dags/example_sensor_decorator.py
[2024-07-13T01:12:58.152+0000] {processor.py:840} INFO - DAG(s) 'example_sensor_decorator' retrieved from /home/airflow/.local/lib/python3.11/site-packages/airflow/example_dags/example_sensor_decorator.py
[2024-07-13T01:12:58.199+0000] {logging_mixin.py:188} INFO - [2024-07-13T01:12:58.197+0000] {dag.py:3096} INFO - Sync 1 DAGs
[2024-07-13T01:12:58.227+0000] {logging_mixin.py:188} INFO - [2024-07-13T01:12:58.226+0000] {dag.py:3954} INFO - Setting next_dagrun for example_sensor_decorator to None, run_after=None
[2024-07-13T01:12:58.260+0000] {processor.py:183} INFO - Processing /home/airflow/.local/lib/python3.11/site-packages/airflow/example_dags/example_sensor_decorator.py took 0.141 seconds
[2024-07-13T01:13:33.462+0000] {processor.py:161} INFO - Started process (PID=322) to work on /home/airflow/.local/lib/python3.11/site-packages/airflow/example_dags/example_sensor_decorator.py
[2024-07-13T01:13:33.464+0000] {processor.py:830} INFO - Processing file /home/airflow/.local/lib/python3.11/site-packages/airflow/example_dags/example_sensor_decorator.py for tasks to queue
[2024-07-13T01:13:33.468+0000] {logging_mixin.py:188} INFO - [2024-07-13T01:13:33.468+0000] {dagbag.py:545} INFO - Filling up the DagBag from /home/airflow/.local/lib/python3.11/site-packages/airflow/example_dags/example_sensor_decorator.py
[2024-07-13T01:13:33.484+0000] {processor.py:840} INFO - DAG(s) 'example_sensor_decorator' retrieved from /home/airflow/.local/lib/python3.11/site-packages/airflow/example_dags/example_sensor_decorator.py
[2024-07-13T01:13:33.541+0000] {logging_mixin.py:188} INFO - [2024-07-13T01:13:33.539+0000] {dag.py:3096} INFO - Sync 1 DAGs
[2024-07-13T01:13:33.570+0000] {logging_mixin.py:188} INFO - [2024-07-13T01:13:33.570+0000] {dag.py:3954} INFO - Setting next_dagrun for example_sensor_decorator to None, run_after=None
[2024-07-13T01:13:33.613+0000] {processor.py:183} INFO - Processing /home/airflow/.local/lib/python3.11/site-packages/airflow/example_dags/example_sensor_decorator.py took 0.167 seconds
[2024-07-13T01:14:05.317+0000] {processor.py:161} INFO - Started process (PID=384) to work on /home/airflow/.local/lib/python3.11/site-packages/airflow/example_dags/example_sensor_decorator.py
[2024-07-13T01:14:05.318+0000] {processor.py:830} INFO - Processing file /home/airflow/.local/lib/python3.11/site-packages/airflow/example_dags/example_sensor_decorator.py for tasks to queue
[2024-07-13T01:14:05.322+0000] {logging_mixin.py:188} INFO - [2024-07-13T01:14:05.321+0000] {dagbag.py:545} INFO - Filling up the DagBag from /home/airflow/.local/lib/python3.11/site-packages/airflow/example_dags/example_sensor_decorator.py
[2024-07-13T01:14:05.334+0000] {processor.py:840} INFO - DAG(s) 'example_sensor_decorator' retrieved from /home/airflow/.local/lib/python3.11/site-packages/airflow/example_dags/example_sensor_decorator.py
[2024-07-13T01:14:05.373+0000] {logging_mixin.py:188} INFO - [2024-07-13T01:14:05.372+0000] {dag.py:3096} INFO - Sync 1 DAGs
[2024-07-13T01:14:05.397+0000] {logging_mixin.py:188} INFO - [2024-07-13T01:14:05.397+0000] {dag.py:3954} INFO - Setting next_dagrun for example_sensor_decorator to None, run_after=None
[2024-07-13T01:14:05.426+0000] {processor.py:183} INFO - Processing /home/airflow/.local/lib/python3.11/site-packages/airflow/example_dags/example_sensor_decorator.py took 0.121 seconds
[2024-07-13T01:14:39.393+0000] {processor.py:161} INFO - Started process (PID=446) to work on /home/airflow/.local/lib/python3.11/site-packages/airflow/example_dags/example_sensor_decorator.py
[2024-07-13T01:14:39.396+0000] {processor.py:830} INFO - Processing file /home/airflow/.local/lib/python3.11/site-packages/airflow/example_dags/example_sensor_decorator.py for tasks to queue
[2024-07-13T01:14:39.399+0000] {logging_mixin.py:188} INFO - [2024-07-13T01:14:39.399+0000] {dagbag.py:545} INFO - Filling up the DagBag from /home/airflow/.local/lib/python3.11/site-packages/airflow/example_dags/example_sensor_decorator.py
[2024-07-13T01:14:39.413+0000] {processor.py:840} INFO - DAG(s) 'example_sensor_decorator' retrieved from /home/airflow/.local/lib/python3.11/site-packages/airflow/example_dags/example_sensor_decorator.py
[2024-07-13T01:14:39.456+0000] {logging_mixin.py:188} INFO - [2024-07-13T01:14:39.455+0000] {dag.py:3096} INFO - Sync 1 DAGs
[2024-07-13T01:14:39.481+0000] {logging_mixin.py:188} INFO - [2024-07-13T01:14:39.481+0000] {dag.py:3954} INFO - Setting next_dagrun for example_sensor_decorator to None, run_after=None
[2024-07-13T01:14:39.515+0000] {processor.py:183} INFO - Processing /home/airflow/.local/lib/python3.11/site-packages/airflow/example_dags/example_sensor_decorator.py took 0.134 seconds
[2024-07-13T01:15:13.393+0000] {processor.py:161} INFO - Started process (PID=508) to work on /home/airflow/.local/lib/python3.11/site-packages/airflow/example_dags/example_sensor_decorator.py
[2024-07-13T01:15:13.396+0000] {processor.py:830} INFO - Processing file /home/airflow/.local/lib/python3.11/site-packages/airflow/example_dags/example_sensor_decorator.py for tasks to queue
[2024-07-13T01:15:13.400+0000] {logging_mixin.py:188} INFO - [2024-07-13T01:15:13.399+0000] {dagbag.py:545} INFO - Filling up the DagBag from /home/airflow/.local/lib/python3.11/site-packages/airflow/example_dags/example_sensor_decorator.py
[2024-07-13T01:15:13.413+0000] {processor.py:840} INFO - DAG(s) 'example_sensor_decorator' retrieved from /home/airflow/.local/lib/python3.11/site-packages/airflow/example_dags/example_sensor_decorator.py
[2024-07-13T01:15:13.461+0000] {logging_mixin.py:188} INFO - [2024-07-13T01:15:13.460+0000] {dag.py:3096} INFO - Sync 1 DAGs
[2024-07-13T01:15:13.484+0000] {logging_mixin.py:188} INFO - [2024-07-13T01:15:13.484+0000] {dag.py:3954} INFO - Setting next_dagrun for example_sensor_decorator to None, run_after=None
[2024-07-13T01:15:13.517+0000] {processor.py:183} INFO - Processing /home/airflow/.local/lib/python3.11/site-packages/airflow/example_dags/example_sensor_decorator.py took 0.137 seconds
[2024-07-13T01:15:48.010+0000] {processor.py:161} INFO - Started process (PID=569) to work on /home/airflow/.local/lib/python3.11/site-packages/airflow/example_dags/example_sensor_decorator.py
[2024-07-13T01:15:48.012+0000] {processor.py:830} INFO - Processing file /home/airflow/.local/lib/python3.11/site-packages/airflow/example_dags/example_sensor_decorator.py for tasks to queue
[2024-07-13T01:15:48.016+0000] {logging_mixin.py:188} INFO - [2024-07-13T01:15:48.016+0000] {dagbag.py:545} INFO - Filling up the DagBag from /home/airflow/.local/lib/python3.11/site-packages/airflow/example_dags/example_sensor_decorator.py
[2024-07-13T01:15:48.030+0000] {processor.py:840} INFO - DAG(s) 'example_sensor_decorator' retrieved from /home/airflow/.local/lib/python3.11/site-packages/airflow/example_dags/example_sensor_decorator.py
[2024-07-13T01:15:48.069+0000] {logging_mixin.py:188} INFO - [2024-07-13T01:15:48.068+0000] {dag.py:3096} INFO - Sync 1 DAGs
[2024-07-13T01:15:48.092+0000] {logging_mixin.py:188} INFO - [2024-07-13T01:15:48.092+0000] {dag.py:3954} INFO - Setting next_dagrun for example_sensor_decorator to None, run_after=None
[2024-07-13T01:15:48.123+0000] {processor.py:183} INFO - Processing /home/airflow/.local/lib/python3.11/site-packages/airflow/example_dags/example_sensor_decorator.py took 0.127 seconds
[2024-07-13T01:16:22.025+0000] {processor.py:161} INFO - Started process (PID=634) to work on /home/airflow/.local/lib/python3.11/site-packages/airflow/example_dags/example_sensor_decorator.py
[2024-07-13T01:16:22.028+0000] {processor.py:830} INFO - Processing file /home/airflow/.local/lib/python3.11/site-packages/airflow/example_dags/example_sensor_decorator.py for tasks to queue
[2024-07-13T01:16:22.033+0000] {logging_mixin.py:188} INFO - [2024-07-13T01:16:22.032+0000] {dagbag.py:545} INFO - Filling up the DagBag from /home/airflow/.local/lib/python3.11/site-packages/airflow/example_dags/example_sensor_decorator.py
[2024-07-13T01:16:22.048+0000] {processor.py:840} INFO - DAG(s) 'example_sensor_decorator' retrieved from /home/airflow/.local/lib/python3.11/site-packages/airflow/example_dags/example_sensor_decorator.py
[2024-07-13T01:16:22.094+0000] {logging_mixin.py:188} INFO - [2024-07-13T01:16:22.093+0000] {dag.py:3096} INFO - Sync 1 DAGs
[2024-07-13T01:16:22.124+0000] {logging_mixin.py:188} INFO - [2024-07-13T01:16:22.123+0000] {dag.py:3954} INFO - Setting next_dagrun for example_sensor_decorator to None, run_after=None
[2024-07-13T01:16:22.159+0000] {processor.py:183} INFO - Processing /home/airflow/.local/lib/python3.11/site-packages/airflow/example_dags/example_sensor_decorator.py took 0.150 seconds
