[2024-07-13T00:28:03.886+0000] {processor.py:161} INFO - Started process (PID=70) to work on /home/airflow/.local/lib/python3.11/site-packages/airflow/example_dags/example_kubernetes_executor.py
[2024-07-13T00:28:03.888+0000] {processor.py:830} INFO - Processing file /home/airflow/.local/lib/python3.11/site-packages/airflow/example_dags/example_kubernetes_executor.py for tasks to queue
[2024-07-13T00:28:03.890+0000] {logging_mixin.py:188} INFO - [2024-07-13T00:28:03.889+0000] {dagbag.py:545} INFO - Filling up the DagBag from /home/airflow/.local/lib/python3.11/site-packages/airflow/example_dags/example_kubernetes_executor.py
[2024-07-13T00:28:03.921+0000] {processor.py:840} INFO - DAG(s) 'example_kubernetes_executor' retrieved from /home/airflow/.local/lib/python3.11/site-packages/airflow/example_dags/example_kubernetes_executor.py
[2024-07-13T00:28:04.119+0000] {logging_mixin.py:188} INFO - [2024-07-13T00:28:04.119+0000] {dag.py:3096} INFO - Sync 1 DAGs
[2024-07-13T00:28:04.138+0000] {logging_mixin.py:188} INFO - [2024-07-13T00:28:04.137+0000] {dag.py:3954} INFO - Setting next_dagrun for example_kubernetes_executor to None, run_after=None
[2024-07-13T00:28:04.184+0000] {processor.py:183} INFO - Processing /home/airflow/.local/lib/python3.11/site-packages/airflow/example_dags/example_kubernetes_executor.py took 0.311 seconds
[2024-07-13T00:28:34.530+0000] {processor.py:161} INFO - Started process (PID=132) to work on /home/airflow/.local/lib/python3.11/site-packages/airflow/example_dags/example_kubernetes_executor.py
[2024-07-13T00:28:34.532+0000] {processor.py:830} INFO - Processing file /home/airflow/.local/lib/python3.11/site-packages/airflow/example_dags/example_kubernetes_executor.py for tasks to queue
[2024-07-13T00:28:34.533+0000] {logging_mixin.py:188} INFO - [2024-07-13T00:28:34.532+0000] {dagbag.py:545} INFO - Filling up the DagBag from /home/airflow/.local/lib/python3.11/site-packages/airflow/example_dags/example_kubernetes_executor.py
[2024-07-13T00:28:34.555+0000] {processor.py:840} INFO - DAG(s) 'example_kubernetes_executor' retrieved from /home/airflow/.local/lib/python3.11/site-packages/airflow/example_dags/example_kubernetes_executor.py
[2024-07-13T00:28:34.624+0000] {logging_mixin.py:188} INFO - [2024-07-13T00:28:34.623+0000] {dag.py:3096} INFO - Sync 1 DAGs
[2024-07-13T00:28:34.642+0000] {logging_mixin.py:188} INFO - [2024-07-13T00:28:34.642+0000] {dag.py:3954} INFO - Setting next_dagrun for example_kubernetes_executor to None, run_after=None
[2024-07-13T00:28:34.668+0000] {processor.py:183} INFO - Processing /home/airflow/.local/lib/python3.11/site-packages/airflow/example_dags/example_kubernetes_executor.py took 0.150 seconds
[2024-07-13T00:29:07.517+0000] {processor.py:161} INFO - Started process (PID=194) to work on /home/airflow/.local/lib/python3.11/site-packages/airflow/example_dags/example_kubernetes_executor.py
[2024-07-13T00:29:07.519+0000] {processor.py:830} INFO - Processing file /home/airflow/.local/lib/python3.11/site-packages/airflow/example_dags/example_kubernetes_executor.py for tasks to queue
[2024-07-13T00:29:07.521+0000] {logging_mixin.py:188} INFO - [2024-07-13T00:29:07.520+0000] {dagbag.py:545} INFO - Filling up the DagBag from /home/airflow/.local/lib/python3.11/site-packages/airflow/example_dags/example_kubernetes_executor.py
[2024-07-13T00:29:07.543+0000] {processor.py:840} INFO - DAG(s) 'example_kubernetes_executor' retrieved from /home/airflow/.local/lib/python3.11/site-packages/airflow/example_dags/example_kubernetes_executor.py
[2024-07-13T00:29:07.612+0000] {logging_mixin.py:188} INFO - [2024-07-13T00:29:07.612+0000] {dag.py:3096} INFO - Sync 1 DAGs
[2024-07-13T00:29:07.631+0000] {logging_mixin.py:188} INFO - [2024-07-13T00:29:07.630+0000] {dag.py:3954} INFO - Setting next_dagrun for example_kubernetes_executor to None, run_after=None
[2024-07-13T00:29:07.661+0000] {processor.py:183} INFO - Processing /home/airflow/.local/lib/python3.11/site-packages/airflow/example_dags/example_kubernetes_executor.py took 0.155 seconds
[2024-07-13T00:29:41.080+0000] {processor.py:161} INFO - Started process (PID=262) to work on /home/airflow/.local/lib/python3.11/site-packages/airflow/example_dags/example_kubernetes_executor.py
[2024-07-13T00:29:41.083+0000] {processor.py:830} INFO - Processing file /home/airflow/.local/lib/python3.11/site-packages/airflow/example_dags/example_kubernetes_executor.py for tasks to queue
[2024-07-13T00:29:41.084+0000] {logging_mixin.py:188} INFO - [2024-07-13T00:29:41.084+0000] {dagbag.py:545} INFO - Filling up the DagBag from /home/airflow/.local/lib/python3.11/site-packages/airflow/example_dags/example_kubernetes_executor.py
[2024-07-13T00:29:41.118+0000] {processor.py:840} INFO - DAG(s) 'example_kubernetes_executor' retrieved from /home/airflow/.local/lib/python3.11/site-packages/airflow/example_dags/example_kubernetes_executor.py
[2024-07-13T00:29:41.199+0000] {logging_mixin.py:188} INFO - [2024-07-13T00:29:41.199+0000] {dag.py:3096} INFO - Sync 1 DAGs
[2024-07-13T00:29:41.223+0000] {logging_mixin.py:188} INFO - [2024-07-13T00:29:41.223+0000] {dag.py:3954} INFO - Setting next_dagrun for example_kubernetes_executor to None, run_after=None
[2024-07-13T00:29:41.256+0000] {processor.py:183} INFO - Processing /home/airflow/.local/lib/python3.11/site-packages/airflow/example_dags/example_kubernetes_executor.py took 0.189 seconds
[2024-07-13T00:30:13.796+0000] {processor.py:161} INFO - Started process (PID=325) to work on /home/airflow/.local/lib/python3.11/site-packages/airflow/example_dags/example_kubernetes_executor.py
[2024-07-13T00:30:13.797+0000] {processor.py:830} INFO - Processing file /home/airflow/.local/lib/python3.11/site-packages/airflow/example_dags/example_kubernetes_executor.py for tasks to queue
[2024-07-13T00:30:13.798+0000] {logging_mixin.py:188} INFO - [2024-07-13T00:30:13.798+0000] {dagbag.py:545} INFO - Filling up the DagBag from /home/airflow/.local/lib/python3.11/site-packages/airflow/example_dags/example_kubernetes_executor.py
[2024-07-13T00:30:13.830+0000] {processor.py:840} INFO - DAG(s) 'example_kubernetes_executor' retrieved from /home/airflow/.local/lib/python3.11/site-packages/airflow/example_dags/example_kubernetes_executor.py
[2024-07-13T00:30:13.918+0000] {logging_mixin.py:188} INFO - [2024-07-13T00:30:13.917+0000] {dag.py:3096} INFO - Sync 1 DAGs
[2024-07-13T00:30:13.938+0000] {logging_mixin.py:188} INFO - [2024-07-13T00:30:13.938+0000] {dag.py:3954} INFO - Setting next_dagrun for example_kubernetes_executor to None, run_after=None
[2024-07-13T00:30:13.966+0000] {processor.py:183} INFO - Processing /home/airflow/.local/lib/python3.11/site-packages/airflow/example_dags/example_kubernetes_executor.py took 0.182 seconds
[2024-07-13T00:30:46.439+0000] {processor.py:161} INFO - Started process (PID=387) to work on /home/airflow/.local/lib/python3.11/site-packages/airflow/example_dags/example_kubernetes_executor.py
[2024-07-13T00:30:46.441+0000] {processor.py:830} INFO - Processing file /home/airflow/.local/lib/python3.11/site-packages/airflow/example_dags/example_kubernetes_executor.py for tasks to queue
[2024-07-13T00:30:46.442+0000] {logging_mixin.py:188} INFO - [2024-07-13T00:30:46.442+0000] {dagbag.py:545} INFO - Filling up the DagBag from /home/airflow/.local/lib/python3.11/site-packages/airflow/example_dags/example_kubernetes_executor.py
[2024-07-13T00:30:46.468+0000] {processor.py:840} INFO - DAG(s) 'example_kubernetes_executor' retrieved from /home/airflow/.local/lib/python3.11/site-packages/airflow/example_dags/example_kubernetes_executor.py
[2024-07-13T00:30:46.537+0000] {logging_mixin.py:188} INFO - [2024-07-13T00:30:46.537+0000] {dag.py:3096} INFO - Sync 1 DAGs
[2024-07-13T00:30:46.557+0000] {logging_mixin.py:188} INFO - [2024-07-13T00:30:46.557+0000] {dag.py:3954} INFO - Setting next_dagrun for example_kubernetes_executor to None, run_after=None
[2024-07-13T00:30:46.587+0000] {processor.py:183} INFO - Processing /home/airflow/.local/lib/python3.11/site-packages/airflow/example_dags/example_kubernetes_executor.py took 0.159 seconds
[2024-07-13T00:31:19.967+0000] {processor.py:161} INFO - Started process (PID=449) to work on /home/airflow/.local/lib/python3.11/site-packages/airflow/example_dags/example_kubernetes_executor.py
[2024-07-13T00:31:19.968+0000] {processor.py:830} INFO - Processing file /home/airflow/.local/lib/python3.11/site-packages/airflow/example_dags/example_kubernetes_executor.py for tasks to queue
[2024-07-13T00:31:19.969+0000] {logging_mixin.py:188} INFO - [2024-07-13T00:31:19.969+0000] {dagbag.py:545} INFO - Filling up the DagBag from /home/airflow/.local/lib/python3.11/site-packages/airflow/example_dags/example_kubernetes_executor.py
[2024-07-13T00:31:19.994+0000] {processor.py:840} INFO - DAG(s) 'example_kubernetes_executor' retrieved from /home/airflow/.local/lib/python3.11/site-packages/airflow/example_dags/example_kubernetes_executor.py
[2024-07-13T00:31:20.068+0000] {logging_mixin.py:188} INFO - [2024-07-13T00:31:20.067+0000] {dag.py:3096} INFO - Sync 1 DAGs
[2024-07-13T00:31:20.089+0000] {logging_mixin.py:188} INFO - [2024-07-13T00:31:20.088+0000] {dag.py:3954} INFO - Setting next_dagrun for example_kubernetes_executor to None, run_after=None
[2024-07-13T00:31:20.117+0000] {processor.py:183} INFO - Processing /home/airflow/.local/lib/python3.11/site-packages/airflow/example_dags/example_kubernetes_executor.py took 0.163 seconds
[2024-07-13T00:31:54.135+0000] {processor.py:161} INFO - Started process (PID=511) to work on /home/airflow/.local/lib/python3.11/site-packages/airflow/example_dags/example_kubernetes_executor.py
[2024-07-13T00:31:54.138+0000] {processor.py:830} INFO - Processing file /home/airflow/.local/lib/python3.11/site-packages/airflow/example_dags/example_kubernetes_executor.py for tasks to queue
[2024-07-13T00:31:54.139+0000] {logging_mixin.py:188} INFO - [2024-07-13T00:31:54.139+0000] {dagbag.py:545} INFO - Filling up the DagBag from /home/airflow/.local/lib/python3.11/site-packages/airflow/example_dags/example_kubernetes_executor.py
[2024-07-13T00:31:54.167+0000] {processor.py:840} INFO - DAG(s) 'example_kubernetes_executor' retrieved from /home/airflow/.local/lib/python3.11/site-packages/airflow/example_dags/example_kubernetes_executor.py
[2024-07-13T00:31:54.259+0000] {logging_mixin.py:188} INFO - [2024-07-13T00:31:54.258+0000] {dag.py:3096} INFO - Sync 1 DAGs
[2024-07-13T00:31:54.278+0000] {logging_mixin.py:188} INFO - [2024-07-13T00:31:54.278+0000] {dag.py:3954} INFO - Setting next_dagrun for example_kubernetes_executor to None, run_after=None
[2024-07-13T00:31:54.306+0000] {processor.py:183} INFO - Processing /home/airflow/.local/lib/python3.11/site-packages/airflow/example_dags/example_kubernetes_executor.py took 0.184 seconds
[2024-07-13T00:32:28.651+0000] {processor.py:161} INFO - Started process (PID=573) to work on /home/airflow/.local/lib/python3.11/site-packages/airflow/example_dags/example_kubernetes_executor.py
[2024-07-13T00:32:28.654+0000] {processor.py:830} INFO - Processing file /home/airflow/.local/lib/python3.11/site-packages/airflow/example_dags/example_kubernetes_executor.py for tasks to queue
[2024-07-13T00:32:28.655+0000] {logging_mixin.py:188} INFO - [2024-07-13T00:32:28.654+0000] {dagbag.py:545} INFO - Filling up the DagBag from /home/airflow/.local/lib/python3.11/site-packages/airflow/example_dags/example_kubernetes_executor.py
[2024-07-13T00:32:28.684+0000] {processor.py:840} INFO - DAG(s) 'example_kubernetes_executor' retrieved from /home/airflow/.local/lib/python3.11/site-packages/airflow/example_dags/example_kubernetes_executor.py
[2024-07-13T00:32:28.767+0000] {logging_mixin.py:188} INFO - [2024-07-13T00:32:28.767+0000] {dag.py:3096} INFO - Sync 1 DAGs
[2024-07-13T00:32:28.792+0000] {logging_mixin.py:188} INFO - [2024-07-13T00:32:28.792+0000] {dag.py:3954} INFO - Setting next_dagrun for example_kubernetes_executor to None, run_after=None
[2024-07-13T00:32:28.823+0000] {processor.py:183} INFO - Processing /home/airflow/.local/lib/python3.11/site-packages/airflow/example_dags/example_kubernetes_executor.py took 0.186 seconds
[2024-07-13T00:33:03.077+0000] {processor.py:161} INFO - Started process (PID=635) to work on /home/airflow/.local/lib/python3.11/site-packages/airflow/example_dags/example_kubernetes_executor.py
[2024-07-13T00:33:03.079+0000] {processor.py:830} INFO - Processing file /home/airflow/.local/lib/python3.11/site-packages/airflow/example_dags/example_kubernetes_executor.py for tasks to queue
[2024-07-13T00:33:03.081+0000] {logging_mixin.py:188} INFO - [2024-07-13T00:33:03.080+0000] {dagbag.py:545} INFO - Filling up the DagBag from /home/airflow/.local/lib/python3.11/site-packages/airflow/example_dags/example_kubernetes_executor.py
[2024-07-13T00:33:03.113+0000] {processor.py:840} INFO - DAG(s) 'example_kubernetes_executor' retrieved from /home/airflow/.local/lib/python3.11/site-packages/airflow/example_dags/example_kubernetes_executor.py
[2024-07-13T00:33:03.185+0000] {logging_mixin.py:188} INFO - [2024-07-13T00:33:03.185+0000] {dag.py:3096} INFO - Sync 1 DAGs
[2024-07-13T00:33:03.205+0000] {logging_mixin.py:188} INFO - [2024-07-13T00:33:03.205+0000] {dag.py:3954} INFO - Setting next_dagrun for example_kubernetes_executor to None, run_after=None
[2024-07-13T00:33:03.235+0000] {processor.py:183} INFO - Processing /home/airflow/.local/lib/python3.11/site-packages/airflow/example_dags/example_kubernetes_executor.py took 0.174 seconds
[2024-07-13T00:33:35.467+0000] {processor.py:161} INFO - Started process (PID=697) to work on /home/airflow/.local/lib/python3.11/site-packages/airflow/example_dags/example_kubernetes_executor.py
[2024-07-13T00:33:35.473+0000] {processor.py:830} INFO - Processing file /home/airflow/.local/lib/python3.11/site-packages/airflow/example_dags/example_kubernetes_executor.py for tasks to queue
[2024-07-13T00:33:35.481+0000] {logging_mixin.py:188} INFO - [2024-07-13T00:33:35.480+0000] {dagbag.py:545} INFO - Filling up the DagBag from /home/airflow/.local/lib/python3.11/site-packages/airflow/example_dags/example_kubernetes_executor.py
[2024-07-13T00:33:35.522+0000] {processor.py:840} INFO - DAG(s) 'example_kubernetes_executor' retrieved from /home/airflow/.local/lib/python3.11/site-packages/airflow/example_dags/example_kubernetes_executor.py
[2024-07-13T00:33:35.611+0000] {logging_mixin.py:188} INFO - [2024-07-13T00:33:35.610+0000] {dag.py:3096} INFO - Sync 1 DAGs
[2024-07-13T00:33:35.636+0000] {logging_mixin.py:188} INFO - [2024-07-13T00:33:35.635+0000] {dag.py:3954} INFO - Setting next_dagrun for example_kubernetes_executor to None, run_after=None
[2024-07-13T00:33:35.669+0000] {processor.py:183} INFO - Processing /home/airflow/.local/lib/python3.11/site-packages/airflow/example_dags/example_kubernetes_executor.py took 0.219 seconds
[2024-07-13T00:35:51.821+0000] {processor.py:161} INFO - Started process (PID=71) to work on /home/airflow/.local/lib/python3.11/site-packages/airflow/example_dags/example_kubernetes_executor.py
[2024-07-13T00:35:51.823+0000] {processor.py:830} INFO - Processing file /home/airflow/.local/lib/python3.11/site-packages/airflow/example_dags/example_kubernetes_executor.py for tasks to queue
[2024-07-13T00:35:51.827+0000] {logging_mixin.py:188} INFO - [2024-07-13T00:35:51.826+0000] {dagbag.py:545} INFO - Filling up the DagBag from /home/airflow/.local/lib/python3.11/site-packages/airflow/example_dags/example_kubernetes_executor.py
[2024-07-13T00:35:51.857+0000] {processor.py:840} INFO - DAG(s) 'example_kubernetes_executor' retrieved from /home/airflow/.local/lib/python3.11/site-packages/airflow/example_dags/example_kubernetes_executor.py
[2024-07-13T00:35:52.047+0000] {logging_mixin.py:188} INFO - [2024-07-13T00:35:52.047+0000] {dag.py:3096} INFO - Sync 1 DAGs
[2024-07-13T00:35:52.062+0000] {logging_mixin.py:188} INFO - [2024-07-13T00:35:52.062+0000] {dag.py:3954} INFO - Setting next_dagrun for example_kubernetes_executor to None, run_after=None
[2024-07-13T00:35:52.089+0000] {processor.py:183} INFO - Processing /home/airflow/.local/lib/python3.11/site-packages/airflow/example_dags/example_kubernetes_executor.py took 0.280 seconds
[2024-07-13T00:36:22.553+0000] {processor.py:161} INFO - Started process (PID=133) to work on /home/airflow/.local/lib/python3.11/site-packages/airflow/example_dags/example_kubernetes_executor.py
[2024-07-13T00:36:22.554+0000] {processor.py:830} INFO - Processing file /home/airflow/.local/lib/python3.11/site-packages/airflow/example_dags/example_kubernetes_executor.py for tasks to queue
[2024-07-13T00:36:22.558+0000] {logging_mixin.py:188} INFO - [2024-07-13T00:36:22.557+0000] {dagbag.py:545} INFO - Filling up the DagBag from /home/airflow/.local/lib/python3.11/site-packages/airflow/example_dags/example_kubernetes_executor.py
[2024-07-13T00:36:22.580+0000] {processor.py:840} INFO - DAG(s) 'example_kubernetes_executor' retrieved from /home/airflow/.local/lib/python3.11/site-packages/airflow/example_dags/example_kubernetes_executor.py
[2024-07-13T00:36:22.647+0000] {logging_mixin.py:188} INFO - [2024-07-13T00:36:22.647+0000] {dag.py:3096} INFO - Sync 1 DAGs
[2024-07-13T00:36:22.671+0000] {logging_mixin.py:188} INFO - [2024-07-13T00:36:22.670+0000] {dag.py:3954} INFO - Setting next_dagrun for example_kubernetes_executor to None, run_after=None
[2024-07-13T00:36:22.703+0000] {processor.py:183} INFO - Processing /home/airflow/.local/lib/python3.11/site-packages/airflow/example_dags/example_kubernetes_executor.py took 0.160 seconds
[2024-07-13T00:38:23.083+0000] {processor.py:161} INFO - Started process (PID=69) to work on /home/airflow/.local/lib/python3.11/site-packages/airflow/example_dags/example_kubernetes_executor.py
[2024-07-13T00:38:23.085+0000] {processor.py:830} INFO - Processing file /home/airflow/.local/lib/python3.11/site-packages/airflow/example_dags/example_kubernetes_executor.py for tasks to queue
[2024-07-13T00:38:23.089+0000] {logging_mixin.py:188} INFO - [2024-07-13T00:38:23.088+0000] {dagbag.py:545} INFO - Filling up the DagBag from /home/airflow/.local/lib/python3.11/site-packages/airflow/example_dags/example_kubernetes_executor.py
[2024-07-13T00:38:23.122+0000] {processor.py:840} INFO - DAG(s) 'example_kubernetes_executor' retrieved from /home/airflow/.local/lib/python3.11/site-packages/airflow/example_dags/example_kubernetes_executor.py
[2024-07-13T00:38:23.381+0000] {logging_mixin.py:188} INFO - [2024-07-13T00:38:23.380+0000] {dag.py:3096} INFO - Sync 1 DAGs
[2024-07-13T00:38:23.402+0000] {logging_mixin.py:188} INFO - [2024-07-13T00:38:23.402+0000] {dag.py:3954} INFO - Setting next_dagrun for example_kubernetes_executor to None, run_after=None
[2024-07-13T00:38:23.435+0000] {processor.py:183} INFO - Processing /home/airflow/.local/lib/python3.11/site-packages/airflow/example_dags/example_kubernetes_executor.py took 0.367 seconds
[2024-07-13T00:38:53.489+0000] {processor.py:161} INFO - Started process (PID=131) to work on /home/airflow/.local/lib/python3.11/site-packages/airflow/example_dags/example_kubernetes_executor.py
[2024-07-13T00:38:53.490+0000] {processor.py:830} INFO - Processing file /home/airflow/.local/lib/python3.11/site-packages/airflow/example_dags/example_kubernetes_executor.py for tasks to queue
[2024-07-13T00:38:53.493+0000] {logging_mixin.py:188} INFO - [2024-07-13T00:38:53.493+0000] {dagbag.py:545} INFO - Filling up the DagBag from /home/airflow/.local/lib/python3.11/site-packages/airflow/example_dags/example_kubernetes_executor.py
[2024-07-13T00:38:53.515+0000] {processor.py:840} INFO - DAG(s) 'example_kubernetes_executor' retrieved from /home/airflow/.local/lib/python3.11/site-packages/airflow/example_dags/example_kubernetes_executor.py
[2024-07-13T00:38:53.585+0000] {logging_mixin.py:188} INFO - [2024-07-13T00:38:53.584+0000] {dag.py:3096} INFO - Sync 1 DAGs
[2024-07-13T00:38:53.603+0000] {logging_mixin.py:188} INFO - [2024-07-13T00:38:53.603+0000] {dag.py:3954} INFO - Setting next_dagrun for example_kubernetes_executor to None, run_after=None
[2024-07-13T00:38:53.631+0000] {processor.py:183} INFO - Processing /home/airflow/.local/lib/python3.11/site-packages/airflow/example_dags/example_kubernetes_executor.py took 0.155 seconds
[2024-07-13T00:39:25.577+0000] {processor.py:161} INFO - Started process (PID=193) to work on /home/airflow/.local/lib/python3.11/site-packages/airflow/example_dags/example_kubernetes_executor.py
[2024-07-13T00:39:25.579+0000] {processor.py:830} INFO - Processing file /home/airflow/.local/lib/python3.11/site-packages/airflow/example_dags/example_kubernetes_executor.py for tasks to queue
[2024-07-13T00:39:25.584+0000] {logging_mixin.py:188} INFO - [2024-07-13T00:39:25.583+0000] {dagbag.py:545} INFO - Filling up the DagBag from /home/airflow/.local/lib/python3.11/site-packages/airflow/example_dags/example_kubernetes_executor.py
[2024-07-13T00:39:25.609+0000] {processor.py:840} INFO - DAG(s) 'example_kubernetes_executor' retrieved from /home/airflow/.local/lib/python3.11/site-packages/airflow/example_dags/example_kubernetes_executor.py
[2024-07-13T00:39:25.689+0000] {logging_mixin.py:188} INFO - [2024-07-13T00:39:25.688+0000] {dag.py:3096} INFO - Sync 1 DAGs
[2024-07-13T00:39:25.715+0000] {logging_mixin.py:188} INFO - [2024-07-13T00:39:25.714+0000] {dag.py:3954} INFO - Setting next_dagrun for example_kubernetes_executor to None, run_after=None
[2024-07-13T00:39:25.744+0000] {processor.py:183} INFO - Processing /home/airflow/.local/lib/python3.11/site-packages/airflow/example_dags/example_kubernetes_executor.py took 0.183 seconds
[2024-07-13T00:39:58.906+0000] {processor.py:161} INFO - Started process (PID=255) to work on /home/airflow/.local/lib/python3.11/site-packages/airflow/example_dags/example_kubernetes_executor.py
[2024-07-13T00:39:58.908+0000] {processor.py:830} INFO - Processing file /home/airflow/.local/lib/python3.11/site-packages/airflow/example_dags/example_kubernetes_executor.py for tasks to queue
[2024-07-13T00:39:58.911+0000] {logging_mixin.py:188} INFO - [2024-07-13T00:39:58.911+0000] {dagbag.py:545} INFO - Filling up the DagBag from /home/airflow/.local/lib/python3.11/site-packages/airflow/example_dags/example_kubernetes_executor.py
[2024-07-13T00:39:58.933+0000] {processor.py:840} INFO - DAG(s) 'example_kubernetes_executor' retrieved from /home/airflow/.local/lib/python3.11/site-packages/airflow/example_dags/example_kubernetes_executor.py
[2024-07-13T00:39:59.009+0000] {logging_mixin.py:188} INFO - [2024-07-13T00:39:59.008+0000] {dag.py:3096} INFO - Sync 1 DAGs
[2024-07-13T00:39:59.031+0000] {logging_mixin.py:188} INFO - [2024-07-13T00:39:59.030+0000] {dag.py:3954} INFO - Setting next_dagrun for example_kubernetes_executor to None, run_after=None
[2024-07-13T00:39:59.058+0000] {processor.py:183} INFO - Processing /home/airflow/.local/lib/python3.11/site-packages/airflow/example_dags/example_kubernetes_executor.py took 0.164 seconds
[2024-07-13T00:40:31.410+0000] {processor.py:161} INFO - Started process (PID=322) to work on /home/airflow/.local/lib/python3.11/site-packages/airflow/example_dags/example_kubernetes_executor.py
[2024-07-13T00:40:31.413+0000] {processor.py:830} INFO - Processing file /home/airflow/.local/lib/python3.11/site-packages/airflow/example_dags/example_kubernetes_executor.py for tasks to queue
[2024-07-13T00:40:31.416+0000] {logging_mixin.py:188} INFO - [2024-07-13T00:40:31.415+0000] {dagbag.py:545} INFO - Filling up the DagBag from /home/airflow/.local/lib/python3.11/site-packages/airflow/example_dags/example_kubernetes_executor.py
[2024-07-13T00:40:31.438+0000] {processor.py:840} INFO - DAG(s) 'example_kubernetes_executor' retrieved from /home/airflow/.local/lib/python3.11/site-packages/airflow/example_dags/example_kubernetes_executor.py
[2024-07-13T00:40:31.505+0000] {logging_mixin.py:188} INFO - [2024-07-13T00:40:31.504+0000] {dag.py:3096} INFO - Sync 1 DAGs
[2024-07-13T00:40:31.524+0000] {logging_mixin.py:188} INFO - [2024-07-13T00:40:31.523+0000] {dag.py:3954} INFO - Setting next_dagrun for example_kubernetes_executor to None, run_after=None
[2024-07-13T00:40:31.552+0000] {processor.py:183} INFO - Processing /home/airflow/.local/lib/python3.11/site-packages/airflow/example_dags/example_kubernetes_executor.py took 0.153 seconds
[2024-07-13T00:41:13.371+0000] {processor.py:161} INFO - Started process (PID=383) to work on /home/airflow/.local/lib/python3.11/site-packages/airflow/example_dags/example_kubernetes_executor.py
[2024-07-13T00:41:13.376+0000] {processor.py:830} INFO - Processing file /home/airflow/.local/lib/python3.11/site-packages/airflow/example_dags/example_kubernetes_executor.py for tasks to queue
[2024-07-13T00:41:13.384+0000] {logging_mixin.py:188} INFO - [2024-07-13T00:41:13.382+0000] {dagbag.py:545} INFO - Filling up the DagBag from /home/airflow/.local/lib/python3.11/site-packages/airflow/example_dags/example_kubernetes_executor.py
[2024-07-13T00:41:13.446+0000] {processor.py:840} INFO - DAG(s) 'example_kubernetes_executor' retrieved from /home/airflow/.local/lib/python3.11/site-packages/airflow/example_dags/example_kubernetes_executor.py
[2024-07-13T00:41:13.674+0000] {logging_mixin.py:188} INFO - [2024-07-13T00:41:13.669+0000] {dag.py:3096} INFO - Sync 1 DAGs
[2024-07-13T00:41:13.733+0000] {logging_mixin.py:188} INFO - [2024-07-13T00:41:13.732+0000] {dag.py:3954} INFO - Setting next_dagrun for example_kubernetes_executor to None, run_after=None
[2024-07-13T00:41:13.802+0000] {processor.py:183} INFO - Processing /home/airflow/.local/lib/python3.11/site-packages/airflow/example_dags/example_kubernetes_executor.py took 0.466 seconds
[2024-07-13T00:41:44.377+0000] {processor.py:161} INFO - Started process (PID=444) to work on /home/airflow/.local/lib/python3.11/site-packages/airflow/example_dags/example_kubernetes_executor.py
[2024-07-13T00:41:44.378+0000] {processor.py:830} INFO - Processing file /home/airflow/.local/lib/python3.11/site-packages/airflow/example_dags/example_kubernetes_executor.py for tasks to queue
[2024-07-13T00:41:44.381+0000] {logging_mixin.py:188} INFO - [2024-07-13T00:41:44.381+0000] {dagbag.py:545} INFO - Filling up the DagBag from /home/airflow/.local/lib/python3.11/site-packages/airflow/example_dags/example_kubernetes_executor.py
[2024-07-13T00:41:44.403+0000] {processor.py:840} INFO - DAG(s) 'example_kubernetes_executor' retrieved from /home/airflow/.local/lib/python3.11/site-packages/airflow/example_dags/example_kubernetes_executor.py
[2024-07-13T00:41:44.475+0000] {logging_mixin.py:188} INFO - [2024-07-13T00:41:44.474+0000] {dag.py:3096} INFO - Sync 1 DAGs
[2024-07-13T00:41:44.496+0000] {logging_mixin.py:188} INFO - [2024-07-13T00:41:44.495+0000] {dag.py:3954} INFO - Setting next_dagrun for example_kubernetes_executor to None, run_after=None
[2024-07-13T00:41:44.530+0000] {processor.py:183} INFO - Processing /home/airflow/.local/lib/python3.11/site-packages/airflow/example_dags/example_kubernetes_executor.py took 0.165 seconds
[2024-07-13T00:42:17.962+0000] {processor.py:161} INFO - Started process (PID=506) to work on /home/airflow/.local/lib/python3.11/site-packages/airflow/example_dags/example_kubernetes_executor.py
[2024-07-13T00:42:17.965+0000] {processor.py:830} INFO - Processing file /home/airflow/.local/lib/python3.11/site-packages/airflow/example_dags/example_kubernetes_executor.py for tasks to queue
[2024-07-13T00:42:17.969+0000] {logging_mixin.py:188} INFO - [2024-07-13T00:42:17.968+0000] {dagbag.py:545} INFO - Filling up the DagBag from /home/airflow/.local/lib/python3.11/site-packages/airflow/example_dags/example_kubernetes_executor.py
[2024-07-13T00:42:17.998+0000] {processor.py:840} INFO - DAG(s) 'example_kubernetes_executor' retrieved from /home/airflow/.local/lib/python3.11/site-packages/airflow/example_dags/example_kubernetes_executor.py
[2024-07-13T00:42:18.089+0000] {logging_mixin.py:188} INFO - [2024-07-13T00:42:18.087+0000] {dag.py:3096} INFO - Sync 1 DAGs
[2024-07-13T00:42:18.116+0000] {logging_mixin.py:188} INFO - [2024-07-13T00:42:18.115+0000] {dag.py:3954} INFO - Setting next_dagrun for example_kubernetes_executor to None, run_after=None
[2024-07-13T00:42:18.151+0000] {processor.py:183} INFO - Processing /home/airflow/.local/lib/python3.11/site-packages/airflow/example_dags/example_kubernetes_executor.py took 0.204 seconds
[2024-07-13T00:44:06.365+0000] {processor.py:161} INFO - Started process (PID=70) to work on /home/airflow/.local/lib/python3.11/site-packages/airflow/example_dags/example_kubernetes_executor.py
[2024-07-13T00:44:06.367+0000] {processor.py:830} INFO - Processing file /home/airflow/.local/lib/python3.11/site-packages/airflow/example_dags/example_kubernetes_executor.py for tasks to queue
[2024-07-13T00:44:06.370+0000] {logging_mixin.py:188} INFO - [2024-07-13T00:44:06.369+0000] {dagbag.py:545} INFO - Filling up the DagBag from /home/airflow/.local/lib/python3.11/site-packages/airflow/example_dags/example_kubernetes_executor.py
[2024-07-13T00:44:06.395+0000] {processor.py:840} INFO - DAG(s) 'example_kubernetes_executor' retrieved from /home/airflow/.local/lib/python3.11/site-packages/airflow/example_dags/example_kubernetes_executor.py
[2024-07-13T00:44:06.598+0000] {logging_mixin.py:188} INFO - [2024-07-13T00:44:06.597+0000] {dag.py:3096} INFO - Sync 1 DAGs
[2024-07-13T00:44:06.614+0000] {logging_mixin.py:188} INFO - [2024-07-13T00:44:06.613+0000] {dag.py:3954} INFO - Setting next_dagrun for example_kubernetes_executor to None, run_after=None
[2024-07-13T00:44:06.644+0000] {processor.py:183} INFO - Processing /home/airflow/.local/lib/python3.11/site-packages/airflow/example_dags/example_kubernetes_executor.py took 0.291 seconds
[2024-07-13T00:44:36.772+0000] {processor.py:161} INFO - Started process (PID=132) to work on /home/airflow/.local/lib/python3.11/site-packages/airflow/example_dags/example_kubernetes_executor.py
[2024-07-13T00:44:36.773+0000] {processor.py:830} INFO - Processing file /home/airflow/.local/lib/python3.11/site-packages/airflow/example_dags/example_kubernetes_executor.py for tasks to queue
[2024-07-13T00:44:36.776+0000] {logging_mixin.py:188} INFO - [2024-07-13T00:44:36.776+0000] {dagbag.py:545} INFO - Filling up the DagBag from /home/airflow/.local/lib/python3.11/site-packages/airflow/example_dags/example_kubernetes_executor.py
[2024-07-13T00:44:36.797+0000] {processor.py:840} INFO - DAG(s) 'example_kubernetes_executor' retrieved from /home/airflow/.local/lib/python3.11/site-packages/airflow/example_dags/example_kubernetes_executor.py
[2024-07-13T00:44:36.865+0000] {logging_mixin.py:188} INFO - [2024-07-13T00:44:36.865+0000] {dag.py:3096} INFO - Sync 1 DAGs
[2024-07-13T00:44:36.886+0000] {logging_mixin.py:188} INFO - [2024-07-13T00:44:36.886+0000] {dag.py:3954} INFO - Setting next_dagrun for example_kubernetes_executor to None, run_after=None
[2024-07-13T00:44:36.915+0000] {processor.py:183} INFO - Processing /home/airflow/.local/lib/python3.11/site-packages/airflow/example_dags/example_kubernetes_executor.py took 0.154 seconds
[2024-07-13T00:45:08.055+0000] {processor.py:161} INFO - Started process (PID=193) to work on /home/airflow/.local/lib/python3.11/site-packages/airflow/example_dags/example_kubernetes_executor.py
[2024-07-13T00:45:08.058+0000] {processor.py:830} INFO - Processing file /home/airflow/.local/lib/python3.11/site-packages/airflow/example_dags/example_kubernetes_executor.py for tasks to queue
[2024-07-13T00:45:08.061+0000] {logging_mixin.py:188} INFO - [2024-07-13T00:45:08.061+0000] {dagbag.py:545} INFO - Filling up the DagBag from /home/airflow/.local/lib/python3.11/site-packages/airflow/example_dags/example_kubernetes_executor.py
[2024-07-13T00:45:08.085+0000] {processor.py:840} INFO - DAG(s) 'example_kubernetes_executor' retrieved from /home/airflow/.local/lib/python3.11/site-packages/airflow/example_dags/example_kubernetes_executor.py
[2024-07-13T00:45:08.152+0000] {logging_mixin.py:188} INFO - [2024-07-13T00:45:08.151+0000] {dag.py:3096} INFO - Sync 1 DAGs
[2024-07-13T00:45:08.171+0000] {logging_mixin.py:188} INFO - [2024-07-13T00:45:08.171+0000] {dag.py:3954} INFO - Setting next_dagrun for example_kubernetes_executor to None, run_after=None
[2024-07-13T00:45:08.199+0000] {processor.py:183} INFO - Processing /home/airflow/.local/lib/python3.11/site-packages/airflow/example_dags/example_kubernetes_executor.py took 0.157 seconds
[2024-07-13T00:45:41.003+0000] {processor.py:161} INFO - Started process (PID=255) to work on /home/airflow/.local/lib/python3.11/site-packages/airflow/example_dags/example_kubernetes_executor.py
[2024-07-13T00:45:41.005+0000] {processor.py:830} INFO - Processing file /home/airflow/.local/lib/python3.11/site-packages/airflow/example_dags/example_kubernetes_executor.py for tasks to queue
[2024-07-13T00:45:41.008+0000] {logging_mixin.py:188} INFO - [2024-07-13T00:45:41.007+0000] {dagbag.py:545} INFO - Filling up the DagBag from /home/airflow/.local/lib/python3.11/site-packages/airflow/example_dags/example_kubernetes_executor.py
[2024-07-13T00:45:41.030+0000] {processor.py:840} INFO - DAG(s) 'example_kubernetes_executor' retrieved from /home/airflow/.local/lib/python3.11/site-packages/airflow/example_dags/example_kubernetes_executor.py
[2024-07-13T00:45:41.096+0000] {logging_mixin.py:188} INFO - [2024-07-13T00:45:41.095+0000] {dag.py:3096} INFO - Sync 1 DAGs
[2024-07-13T00:45:41.116+0000] {logging_mixin.py:188} INFO - [2024-07-13T00:45:41.115+0000] {dag.py:3954} INFO - Setting next_dagrun for example_kubernetes_executor to None, run_after=None
[2024-07-13T00:45:41.142+0000] {processor.py:183} INFO - Processing /home/airflow/.local/lib/python3.11/site-packages/airflow/example_dags/example_kubernetes_executor.py took 0.151 seconds
[2024-07-13T00:46:13.835+0000] {processor.py:161} INFO - Started process (PID=322) to work on /home/airflow/.local/lib/python3.11/site-packages/airflow/example_dags/example_kubernetes_executor.py
[2024-07-13T00:46:13.837+0000] {processor.py:830} INFO - Processing file /home/airflow/.local/lib/python3.11/site-packages/airflow/example_dags/example_kubernetes_executor.py for tasks to queue
[2024-07-13T00:46:13.842+0000] {logging_mixin.py:188} INFO - [2024-07-13T00:46:13.841+0000] {dagbag.py:545} INFO - Filling up the DagBag from /home/airflow/.local/lib/python3.11/site-packages/airflow/example_dags/example_kubernetes_executor.py
[2024-07-13T00:46:13.869+0000] {processor.py:840} INFO - DAG(s) 'example_kubernetes_executor' retrieved from /home/airflow/.local/lib/python3.11/site-packages/airflow/example_dags/example_kubernetes_executor.py
[2024-07-13T00:46:13.949+0000] {logging_mixin.py:188} INFO - [2024-07-13T00:46:13.944+0000] {dag.py:3096} INFO - Sync 1 DAGs
[2024-07-13T00:46:13.980+0000] {logging_mixin.py:188} INFO - [2024-07-13T00:46:13.979+0000] {dag.py:3954} INFO - Setting next_dagrun for example_kubernetes_executor to None, run_after=None
[2024-07-13T00:46:14.019+0000] {processor.py:183} INFO - Processing /home/airflow/.local/lib/python3.11/site-packages/airflow/example_dags/example_kubernetes_executor.py took 0.201 seconds
[2024-07-13T00:46:47.187+0000] {processor.py:161} INFO - Started process (PID=384) to work on /home/airflow/.local/lib/python3.11/site-packages/airflow/example_dags/example_kubernetes_executor.py
[2024-07-13T00:46:47.189+0000] {processor.py:830} INFO - Processing file /home/airflow/.local/lib/python3.11/site-packages/airflow/example_dags/example_kubernetes_executor.py for tasks to queue
[2024-07-13T00:46:47.192+0000] {logging_mixin.py:188} INFO - [2024-07-13T00:46:47.191+0000] {dagbag.py:545} INFO - Filling up the DagBag from /home/airflow/.local/lib/python3.11/site-packages/airflow/example_dags/example_kubernetes_executor.py
[2024-07-13T00:46:47.216+0000] {processor.py:840} INFO - DAG(s) 'example_kubernetes_executor' retrieved from /home/airflow/.local/lib/python3.11/site-packages/airflow/example_dags/example_kubernetes_executor.py
[2024-07-13T00:46:47.287+0000] {logging_mixin.py:188} INFO - [2024-07-13T00:46:47.286+0000] {dag.py:3096} INFO - Sync 1 DAGs
[2024-07-13T00:46:47.315+0000] {logging_mixin.py:188} INFO - [2024-07-13T00:46:47.314+0000] {dag.py:3954} INFO - Setting next_dagrun for example_kubernetes_executor to None, run_after=None
[2024-07-13T00:46:47.348+0000] {processor.py:183} INFO - Processing /home/airflow/.local/lib/python3.11/site-packages/airflow/example_dags/example_kubernetes_executor.py took 0.173 seconds
[2024-07-13T00:47:20.753+0000] {processor.py:161} INFO - Started process (PID=445) to work on /home/airflow/.local/lib/python3.11/site-packages/airflow/example_dags/example_kubernetes_executor.py
[2024-07-13T00:47:20.755+0000] {processor.py:830} INFO - Processing file /home/airflow/.local/lib/python3.11/site-packages/airflow/example_dags/example_kubernetes_executor.py for tasks to queue
[2024-07-13T00:47:20.758+0000] {logging_mixin.py:188} INFO - [2024-07-13T00:47:20.758+0000] {dagbag.py:545} INFO - Filling up the DagBag from /home/airflow/.local/lib/python3.11/site-packages/airflow/example_dags/example_kubernetes_executor.py
[2024-07-13T00:47:20.783+0000] {processor.py:840} INFO - DAG(s) 'example_kubernetes_executor' retrieved from /home/airflow/.local/lib/python3.11/site-packages/airflow/example_dags/example_kubernetes_executor.py
[2024-07-13T00:47:20.858+0000] {logging_mixin.py:188} INFO - [2024-07-13T00:47:20.857+0000] {dag.py:3096} INFO - Sync 1 DAGs
[2024-07-13T00:47:20.884+0000] {logging_mixin.py:188} INFO - [2024-07-13T00:47:20.884+0000] {dag.py:3954} INFO - Setting next_dagrun for example_kubernetes_executor to None, run_after=None
[2024-07-13T00:47:20.914+0000] {processor.py:183} INFO - Processing /home/airflow/.local/lib/python3.11/site-packages/airflow/example_dags/example_kubernetes_executor.py took 0.173 seconds
[2024-07-13T00:47:58.254+0000] {processor.py:161} INFO - Started process (PID=506) to work on /home/airflow/.local/lib/python3.11/site-packages/airflow/example_dags/example_kubernetes_executor.py
[2024-07-13T00:47:58.257+0000] {processor.py:830} INFO - Processing file /home/airflow/.local/lib/python3.11/site-packages/airflow/example_dags/example_kubernetes_executor.py for tasks to queue
[2024-07-13T00:47:58.261+0000] {logging_mixin.py:188} INFO - [2024-07-13T00:47:58.261+0000] {dagbag.py:545} INFO - Filling up the DagBag from /home/airflow/.local/lib/python3.11/site-packages/airflow/example_dags/example_kubernetes_executor.py
[2024-07-13T00:47:58.285+0000] {processor.py:840} INFO - DAG(s) 'example_kubernetes_executor' retrieved from /home/airflow/.local/lib/python3.11/site-packages/airflow/example_dags/example_kubernetes_executor.py
[2024-07-13T00:47:58.366+0000] {logging_mixin.py:188} INFO - [2024-07-13T00:47:58.362+0000] {dag.py:3096} INFO - Sync 1 DAGs
[2024-07-13T00:47:58.394+0000] {logging_mixin.py:188} INFO - [2024-07-13T00:47:58.393+0000] {dag.py:3954} INFO - Setting next_dagrun for example_kubernetes_executor to None, run_after=None
[2024-07-13T00:47:58.432+0000] {processor.py:183} INFO - Processing /home/airflow/.local/lib/python3.11/site-packages/airflow/example_dags/example_kubernetes_executor.py took 0.195 seconds
[2024-07-13T00:48:32.422+0000] {processor.py:161} INFO - Started process (PID=568) to work on /home/airflow/.local/lib/python3.11/site-packages/airflow/example_dags/example_kubernetes_executor.py
[2024-07-13T00:48:32.425+0000] {processor.py:830} INFO - Processing file /home/airflow/.local/lib/python3.11/site-packages/airflow/example_dags/example_kubernetes_executor.py for tasks to queue
[2024-07-13T00:48:32.429+0000] {logging_mixin.py:188} INFO - [2024-07-13T00:48:32.428+0000] {dagbag.py:545} INFO - Filling up the DagBag from /home/airflow/.local/lib/python3.11/site-packages/airflow/example_dags/example_kubernetes_executor.py
[2024-07-13T00:48:32.456+0000] {processor.py:840} INFO - DAG(s) 'example_kubernetes_executor' retrieved from /home/airflow/.local/lib/python3.11/site-packages/airflow/example_dags/example_kubernetes_executor.py
[2024-07-13T00:48:32.539+0000] {logging_mixin.py:188} INFO - [2024-07-13T00:48:32.537+0000] {dag.py:3096} INFO - Sync 1 DAGs
[2024-07-13T00:48:32.564+0000] {logging_mixin.py:188} INFO - [2024-07-13T00:48:32.564+0000] {dag.py:3954} INFO - Setting next_dagrun for example_kubernetes_executor to None, run_after=None
[2024-07-13T00:48:32.598+0000] {processor.py:183} INFO - Processing /home/airflow/.local/lib/python3.11/site-packages/airflow/example_dags/example_kubernetes_executor.py took 0.192 seconds
[2024-07-13T00:49:07.110+0000] {processor.py:161} INFO - Started process (PID=632) to work on /home/airflow/.local/lib/python3.11/site-packages/airflow/example_dags/example_kubernetes_executor.py
[2024-07-13T00:49:07.112+0000] {processor.py:830} INFO - Processing file /home/airflow/.local/lib/python3.11/site-packages/airflow/example_dags/example_kubernetes_executor.py for tasks to queue
[2024-07-13T00:49:07.116+0000] {logging_mixin.py:188} INFO - [2024-07-13T00:49:07.115+0000] {dagbag.py:545} INFO - Filling up the DagBag from /home/airflow/.local/lib/python3.11/site-packages/airflow/example_dags/example_kubernetes_executor.py
[2024-07-13T00:49:07.143+0000] {processor.py:840} INFO - DAG(s) 'example_kubernetes_executor' retrieved from /home/airflow/.local/lib/python3.11/site-packages/airflow/example_dags/example_kubernetes_executor.py
[2024-07-13T00:49:07.213+0000] {logging_mixin.py:188} INFO - [2024-07-13T00:49:07.212+0000] {dag.py:3096} INFO - Sync 1 DAGs
[2024-07-13T00:49:07.235+0000] {logging_mixin.py:188} INFO - [2024-07-13T00:49:07.235+0000] {dag.py:3954} INFO - Setting next_dagrun for example_kubernetes_executor to None, run_after=None
[2024-07-13T00:49:07.274+0000] {processor.py:183} INFO - Processing /home/airflow/.local/lib/python3.11/site-packages/airflow/example_dags/example_kubernetes_executor.py took 0.179 seconds
[2024-07-13T00:49:41.031+0000] {processor.py:161} INFO - Started process (PID=694) to work on /home/airflow/.local/lib/python3.11/site-packages/airflow/example_dags/example_kubernetes_executor.py
[2024-07-13T00:49:41.034+0000] {processor.py:830} INFO - Processing file /home/airflow/.local/lib/python3.11/site-packages/airflow/example_dags/example_kubernetes_executor.py for tasks to queue
[2024-07-13T00:49:41.037+0000] {logging_mixin.py:188} INFO - [2024-07-13T00:49:41.036+0000] {dagbag.py:545} INFO - Filling up the DagBag from /home/airflow/.local/lib/python3.11/site-packages/airflow/example_dags/example_kubernetes_executor.py
[2024-07-13T00:49:41.059+0000] {processor.py:840} INFO - DAG(s) 'example_kubernetes_executor' retrieved from /home/airflow/.local/lib/python3.11/site-packages/airflow/example_dags/example_kubernetes_executor.py
[2024-07-13T00:49:41.127+0000] {logging_mixin.py:188} INFO - [2024-07-13T00:49:41.126+0000] {dag.py:3096} INFO - Sync 1 DAGs
[2024-07-13T00:49:41.146+0000] {logging_mixin.py:188} INFO - [2024-07-13T00:49:41.146+0000] {dag.py:3954} INFO - Setting next_dagrun for example_kubernetes_executor to None, run_after=None
[2024-07-13T00:49:41.173+0000] {processor.py:183} INFO - Processing /home/airflow/.local/lib/python3.11/site-packages/airflow/example_dags/example_kubernetes_executor.py took 0.154 seconds
[2024-07-13T00:50:15.399+0000] {processor.py:161} INFO - Started process (PID=766) to work on /home/airflow/.local/lib/python3.11/site-packages/airflow/example_dags/example_kubernetes_executor.py
[2024-07-13T00:50:15.401+0000] {processor.py:830} INFO - Processing file /home/airflow/.local/lib/python3.11/site-packages/airflow/example_dags/example_kubernetes_executor.py for tasks to queue
[2024-07-13T00:50:15.405+0000] {logging_mixin.py:188} INFO - [2024-07-13T00:50:15.404+0000] {dagbag.py:545} INFO - Filling up the DagBag from /home/airflow/.local/lib/python3.11/site-packages/airflow/example_dags/example_kubernetes_executor.py
[2024-07-13T00:50:15.434+0000] {processor.py:840} INFO - DAG(s) 'example_kubernetes_executor' retrieved from /home/airflow/.local/lib/python3.11/site-packages/airflow/example_dags/example_kubernetes_executor.py
[2024-07-13T00:50:15.518+0000] {logging_mixin.py:188} INFO - [2024-07-13T00:50:15.517+0000] {dag.py:3096} INFO - Sync 1 DAGs
[2024-07-13T00:50:15.547+0000] {logging_mixin.py:188} INFO - [2024-07-13T00:50:15.547+0000] {dag.py:3954} INFO - Setting next_dagrun for example_kubernetes_executor to None, run_after=None
[2024-07-13T00:50:15.582+0000] {processor.py:183} INFO - Processing /home/airflow/.local/lib/python3.11/site-packages/airflow/example_dags/example_kubernetes_executor.py took 0.197 seconds
[2024-07-13T00:50:50.223+0000] {processor.py:161} INFO - Started process (PID=828) to work on /home/airflow/.local/lib/python3.11/site-packages/airflow/example_dags/example_kubernetes_executor.py
[2024-07-13T00:50:50.225+0000] {processor.py:830} INFO - Processing file /home/airflow/.local/lib/python3.11/site-packages/airflow/example_dags/example_kubernetes_executor.py for tasks to queue
[2024-07-13T00:50:50.229+0000] {logging_mixin.py:188} INFO - [2024-07-13T00:50:50.228+0000] {dagbag.py:545} INFO - Filling up the DagBag from /home/airflow/.local/lib/python3.11/site-packages/airflow/example_dags/example_kubernetes_executor.py
[2024-07-13T00:50:50.258+0000] {processor.py:840} INFO - DAG(s) 'example_kubernetes_executor' retrieved from /home/airflow/.local/lib/python3.11/site-packages/airflow/example_dags/example_kubernetes_executor.py
[2024-07-13T00:50:50.699+0000] {logging_mixin.py:188} INFO - [2024-07-13T00:50:50.698+0000] {dag.py:3096} INFO - Sync 1 DAGs
[2024-07-13T00:50:50.722+0000] {logging_mixin.py:188} INFO - [2024-07-13T00:50:50.722+0000] {dag.py:3954} INFO - Setting next_dagrun for example_kubernetes_executor to None, run_after=None
[2024-07-13T00:50:50.750+0000] {processor.py:183} INFO - Processing /home/airflow/.local/lib/python3.11/site-packages/airflow/example_dags/example_kubernetes_executor.py took 0.541 seconds
[2024-07-13T00:51:22.295+0000] {processor.py:161} INFO - Started process (PID=890) to work on /home/airflow/.local/lib/python3.11/site-packages/airflow/example_dags/example_kubernetes_executor.py
[2024-07-13T00:51:22.297+0000] {processor.py:830} INFO - Processing file /home/airflow/.local/lib/python3.11/site-packages/airflow/example_dags/example_kubernetes_executor.py for tasks to queue
[2024-07-13T00:51:22.301+0000] {logging_mixin.py:188} INFO - [2024-07-13T00:51:22.300+0000] {dagbag.py:545} INFO - Filling up the DagBag from /home/airflow/.local/lib/python3.11/site-packages/airflow/example_dags/example_kubernetes_executor.py
[2024-07-13T00:51:22.330+0000] {processor.py:840} INFO - DAG(s) 'example_kubernetes_executor' retrieved from /home/airflow/.local/lib/python3.11/site-packages/airflow/example_dags/example_kubernetes_executor.py
[2024-07-13T00:51:22.424+0000] {logging_mixin.py:188} INFO - [2024-07-13T00:51:22.423+0000] {dag.py:3096} INFO - Sync 1 DAGs
[2024-07-13T00:51:22.452+0000] {logging_mixin.py:188} INFO - [2024-07-13T00:51:22.452+0000] {dag.py:3954} INFO - Setting next_dagrun for example_kubernetes_executor to None, run_after=None
[2024-07-13T00:51:22.488+0000] {processor.py:183} INFO - Processing /home/airflow/.local/lib/python3.11/site-packages/airflow/example_dags/example_kubernetes_executor.py took 0.207 seconds
[2024-07-13T00:51:55.204+0000] {processor.py:161} INFO - Started process (PID=952) to work on /home/airflow/.local/lib/python3.11/site-packages/airflow/example_dags/example_kubernetes_executor.py
[2024-07-13T00:51:55.206+0000] {processor.py:830} INFO - Processing file /home/airflow/.local/lib/python3.11/site-packages/airflow/example_dags/example_kubernetes_executor.py for tasks to queue
[2024-07-13T00:51:55.210+0000] {logging_mixin.py:188} INFO - [2024-07-13T00:51:55.209+0000] {dagbag.py:545} INFO - Filling up the DagBag from /home/airflow/.local/lib/python3.11/site-packages/airflow/example_dags/example_kubernetes_executor.py
[2024-07-13T00:51:55.238+0000] {processor.py:840} INFO - DAG(s) 'example_kubernetes_executor' retrieved from /home/airflow/.local/lib/python3.11/site-packages/airflow/example_dags/example_kubernetes_executor.py
[2024-07-13T00:51:55.307+0000] {logging_mixin.py:188} INFO - [2024-07-13T00:51:55.306+0000] {dag.py:3096} INFO - Sync 1 DAGs
[2024-07-13T00:51:55.334+0000] {logging_mixin.py:188} INFO - [2024-07-13T00:51:55.333+0000] {dag.py:3954} INFO - Setting next_dagrun for example_kubernetes_executor to None, run_after=None
[2024-07-13T00:51:55.362+0000] {processor.py:183} INFO - Processing /home/airflow/.local/lib/python3.11/site-packages/airflow/example_dags/example_kubernetes_executor.py took 0.169 seconds
[2024-07-13T00:52:28.345+0000] {processor.py:161} INFO - Started process (PID=1015) to work on /home/airflow/.local/lib/python3.11/site-packages/airflow/example_dags/example_kubernetes_executor.py
[2024-07-13T00:52:28.348+0000] {processor.py:830} INFO - Processing file /home/airflow/.local/lib/python3.11/site-packages/airflow/example_dags/example_kubernetes_executor.py for tasks to queue
[2024-07-13T00:52:28.352+0000] {logging_mixin.py:188} INFO - [2024-07-13T00:52:28.351+0000] {dagbag.py:545} INFO - Filling up the DagBag from /home/airflow/.local/lib/python3.11/site-packages/airflow/example_dags/example_kubernetes_executor.py
[2024-07-13T00:52:28.382+0000] {processor.py:840} INFO - DAG(s) 'example_kubernetes_executor' retrieved from /home/airflow/.local/lib/python3.11/site-packages/airflow/example_dags/example_kubernetes_executor.py
[2024-07-13T00:52:28.469+0000] {logging_mixin.py:188} INFO - [2024-07-13T00:52:28.467+0000] {dag.py:3096} INFO - Sync 1 DAGs
[2024-07-13T00:52:28.489+0000] {logging_mixin.py:188} INFO - [2024-07-13T00:52:28.489+0000] {dag.py:3954} INFO - Setting next_dagrun for example_kubernetes_executor to None, run_after=None
[2024-07-13T00:52:28.514+0000] {processor.py:183} INFO - Processing /home/airflow/.local/lib/python3.11/site-packages/airflow/example_dags/example_kubernetes_executor.py took 0.183 seconds
[2024-07-13T00:53:00.893+0000] {processor.py:161} INFO - Started process (PID=1078) to work on /home/airflow/.local/lib/python3.11/site-packages/airflow/example_dags/example_kubernetes_executor.py
[2024-07-13T00:53:00.895+0000] {processor.py:830} INFO - Processing file /home/airflow/.local/lib/python3.11/site-packages/airflow/example_dags/example_kubernetes_executor.py for tasks to queue
[2024-07-13T00:53:00.899+0000] {logging_mixin.py:188} INFO - [2024-07-13T00:53:00.899+0000] {dagbag.py:545} INFO - Filling up the DagBag from /home/airflow/.local/lib/python3.11/site-packages/airflow/example_dags/example_kubernetes_executor.py
[2024-07-13T00:53:00.933+0000] {processor.py:840} INFO - DAG(s) 'example_kubernetes_executor' retrieved from /home/airflow/.local/lib/python3.11/site-packages/airflow/example_dags/example_kubernetes_executor.py
[2024-07-13T00:53:01.022+0000] {logging_mixin.py:188} INFO - [2024-07-13T00:53:01.021+0000] {dag.py:3096} INFO - Sync 1 DAGs
[2024-07-13T00:53:01.041+0000] {logging_mixin.py:188} INFO - [2024-07-13T00:53:01.040+0000] {dag.py:3954} INFO - Setting next_dagrun for example_kubernetes_executor to None, run_after=None
[2024-07-13T00:53:01.067+0000] {processor.py:183} INFO - Processing /home/airflow/.local/lib/python3.11/site-packages/airflow/example_dags/example_kubernetes_executor.py took 0.191 seconds
[2024-07-13T00:53:33.967+0000] {processor.py:161} INFO - Started process (PID=1140) to work on /home/airflow/.local/lib/python3.11/site-packages/airflow/example_dags/example_kubernetes_executor.py
[2024-07-13T00:53:33.969+0000] {processor.py:830} INFO - Processing file /home/airflow/.local/lib/python3.11/site-packages/airflow/example_dags/example_kubernetes_executor.py for tasks to queue
[2024-07-13T00:53:33.974+0000] {logging_mixin.py:188} INFO - [2024-07-13T00:53:33.973+0000] {dagbag.py:545} INFO - Filling up the DagBag from /home/airflow/.local/lib/python3.11/site-packages/airflow/example_dags/example_kubernetes_executor.py
[2024-07-13T00:53:34.000+0000] {processor.py:840} INFO - DAG(s) 'example_kubernetes_executor' retrieved from /home/airflow/.local/lib/python3.11/site-packages/airflow/example_dags/example_kubernetes_executor.py
[2024-07-13T00:53:34.079+0000] {logging_mixin.py:188} INFO - [2024-07-13T00:53:34.078+0000] {dag.py:3096} INFO - Sync 1 DAGs
[2024-07-13T00:53:34.101+0000] {logging_mixin.py:188} INFO - [2024-07-13T00:53:34.101+0000] {dag.py:3954} INFO - Setting next_dagrun for example_kubernetes_executor to None, run_after=None
[2024-07-13T00:53:34.140+0000] {processor.py:183} INFO - Processing /home/airflow/.local/lib/python3.11/site-packages/airflow/example_dags/example_kubernetes_executor.py took 0.188 seconds
[2024-07-13T00:54:06.383+0000] {processor.py:161} INFO - Started process (PID=1202) to work on /home/airflow/.local/lib/python3.11/site-packages/airflow/example_dags/example_kubernetes_executor.py
[2024-07-13T00:54:06.386+0000] {processor.py:830} INFO - Processing file /home/airflow/.local/lib/python3.11/site-packages/airflow/example_dags/example_kubernetes_executor.py for tasks to queue
[2024-07-13T00:54:06.390+0000] {logging_mixin.py:188} INFO - [2024-07-13T00:54:06.389+0000] {dagbag.py:545} INFO - Filling up the DagBag from /home/airflow/.local/lib/python3.11/site-packages/airflow/example_dags/example_kubernetes_executor.py
[2024-07-13T00:54:06.419+0000] {processor.py:840} INFO - DAG(s) 'example_kubernetes_executor' retrieved from /home/airflow/.local/lib/python3.11/site-packages/airflow/example_dags/example_kubernetes_executor.py
[2024-07-13T00:54:06.491+0000] {logging_mixin.py:188} INFO - [2024-07-13T00:54:06.490+0000] {dag.py:3096} INFO - Sync 1 DAGs
[2024-07-13T00:54:06.512+0000] {logging_mixin.py:188} INFO - [2024-07-13T00:54:06.512+0000] {dag.py:3954} INFO - Setting next_dagrun for example_kubernetes_executor to None, run_after=None
[2024-07-13T00:54:06.539+0000] {processor.py:183} INFO - Processing /home/airflow/.local/lib/python3.11/site-packages/airflow/example_dags/example_kubernetes_executor.py took 0.168 seconds
[2024-07-13T00:54:39.951+0000] {processor.py:161} INFO - Started process (PID=1264) to work on /home/airflow/.local/lib/python3.11/site-packages/airflow/example_dags/example_kubernetes_executor.py
[2024-07-13T00:54:39.953+0000] {processor.py:830} INFO - Processing file /home/airflow/.local/lib/python3.11/site-packages/airflow/example_dags/example_kubernetes_executor.py for tasks to queue
[2024-07-13T00:54:39.958+0000] {logging_mixin.py:188} INFO - [2024-07-13T00:54:39.957+0000] {dagbag.py:545} INFO - Filling up the DagBag from /home/airflow/.local/lib/python3.11/site-packages/airflow/example_dags/example_kubernetes_executor.py
[2024-07-13T00:54:39.987+0000] {processor.py:840} INFO - DAG(s) 'example_kubernetes_executor' retrieved from /home/airflow/.local/lib/python3.11/site-packages/airflow/example_dags/example_kubernetes_executor.py
[2024-07-13T00:54:40.076+0000] {logging_mixin.py:188} INFO - [2024-07-13T00:54:40.074+0000] {dag.py:3096} INFO - Sync 1 DAGs
[2024-07-13T00:54:40.097+0000] {logging_mixin.py:188} INFO - [2024-07-13T00:54:40.097+0000] {dag.py:3954} INFO - Setting next_dagrun for example_kubernetes_executor to None, run_after=None
[2024-07-13T00:54:40.128+0000] {processor.py:183} INFO - Processing /home/airflow/.local/lib/python3.11/site-packages/airflow/example_dags/example_kubernetes_executor.py took 0.194 seconds
[2024-07-13T00:55:12.690+0000] {processor.py:161} INFO - Started process (PID=1326) to work on /home/airflow/.local/lib/python3.11/site-packages/airflow/example_dags/example_kubernetes_executor.py
[2024-07-13T00:55:12.692+0000] {processor.py:830} INFO - Processing file /home/airflow/.local/lib/python3.11/site-packages/airflow/example_dags/example_kubernetes_executor.py for tasks to queue
[2024-07-13T00:55:12.696+0000] {logging_mixin.py:188} INFO - [2024-07-13T00:55:12.695+0000] {dagbag.py:545} INFO - Filling up the DagBag from /home/airflow/.local/lib/python3.11/site-packages/airflow/example_dags/example_kubernetes_executor.py
[2024-07-13T00:55:12.722+0000] {processor.py:840} INFO - DAG(s) 'example_kubernetes_executor' retrieved from /home/airflow/.local/lib/python3.11/site-packages/airflow/example_dags/example_kubernetes_executor.py
[2024-07-13T00:55:12.805+0000] {logging_mixin.py:188} INFO - [2024-07-13T00:55:12.804+0000] {dag.py:3096} INFO - Sync 1 DAGs
[2024-07-13T00:55:12.828+0000] {logging_mixin.py:188} INFO - [2024-07-13T00:55:12.827+0000] {dag.py:3954} INFO - Setting next_dagrun for example_kubernetes_executor to None, run_after=None
[2024-07-13T00:55:12.865+0000] {processor.py:183} INFO - Processing /home/airflow/.local/lib/python3.11/site-packages/airflow/example_dags/example_kubernetes_executor.py took 0.192 seconds
[2024-07-13T00:59:02.907+0000] {processor.py:161} INFO - Started process (PID=71) to work on /home/airflow/.local/lib/python3.11/site-packages/airflow/example_dags/example_kubernetes_executor.py
[2024-07-13T00:59:02.910+0000] {processor.py:830} INFO - Processing file /home/airflow/.local/lib/python3.11/site-packages/airflow/example_dags/example_kubernetes_executor.py for tasks to queue
[2024-07-13T00:59:02.914+0000] {logging_mixin.py:188} INFO - [2024-07-13T00:59:02.913+0000] {dagbag.py:545} INFO - Filling up the DagBag from /home/airflow/.local/lib/python3.11/site-packages/airflow/example_dags/example_kubernetes_executor.py
[2024-07-13T00:59:02.946+0000] {processor.py:840} INFO - DAG(s) 'example_kubernetes_executor' retrieved from /home/airflow/.local/lib/python3.11/site-packages/airflow/example_dags/example_kubernetes_executor.py
[2024-07-13T00:59:03.178+0000] {logging_mixin.py:188} INFO - [2024-07-13T00:59:03.178+0000] {dag.py:3096} INFO - Sync 1 DAGs
[2024-07-13T00:59:03.193+0000] {logging_mixin.py:188} INFO - [2024-07-13T00:59:03.193+0000] {dag.py:3954} INFO - Setting next_dagrun for example_kubernetes_executor to None, run_after=None
[2024-07-13T00:59:03.223+0000] {processor.py:183} INFO - Processing /home/airflow/.local/lib/python3.11/site-packages/airflow/example_dags/example_kubernetes_executor.py took 0.333 seconds
[2024-07-13T00:59:33.564+0000] {processor.py:161} INFO - Started process (PID=133) to work on /home/airflow/.local/lib/python3.11/site-packages/airflow/example_dags/example_kubernetes_executor.py
[2024-07-13T00:59:33.566+0000] {processor.py:830} INFO - Processing file /home/airflow/.local/lib/python3.11/site-packages/airflow/example_dags/example_kubernetes_executor.py for tasks to queue
[2024-07-13T00:59:33.570+0000] {logging_mixin.py:188} INFO - [2024-07-13T00:59:33.569+0000] {dagbag.py:545} INFO - Filling up the DagBag from /home/airflow/.local/lib/python3.11/site-packages/airflow/example_dags/example_kubernetes_executor.py
[2024-07-13T00:59:33.596+0000] {processor.py:840} INFO - DAG(s) 'example_kubernetes_executor' retrieved from /home/airflow/.local/lib/python3.11/site-packages/airflow/example_dags/example_kubernetes_executor.py
[2024-07-13T00:59:33.670+0000] {logging_mixin.py:188} INFO - [2024-07-13T00:59:33.669+0000] {dag.py:3096} INFO - Sync 1 DAGs
[2024-07-13T00:59:33.691+0000] {logging_mixin.py:188} INFO - [2024-07-13T00:59:33.690+0000] {dag.py:3954} INFO - Setting next_dagrun for example_kubernetes_executor to None, run_after=None
[2024-07-13T00:59:33.740+0000] {processor.py:183} INFO - Processing /home/airflow/.local/lib/python3.11/site-packages/airflow/example_dags/example_kubernetes_executor.py took 0.189 seconds
[2024-07-13T01:00:05.412+0000] {processor.py:161} INFO - Started process (PID=194) to work on /home/airflow/.local/lib/python3.11/site-packages/airflow/example_dags/example_kubernetes_executor.py
[2024-07-13T01:00:05.414+0000] {processor.py:830} INFO - Processing file /home/airflow/.local/lib/python3.11/site-packages/airflow/example_dags/example_kubernetes_executor.py for tasks to queue
[2024-07-13T01:00:05.417+0000] {logging_mixin.py:188} INFO - [2024-07-13T01:00:05.417+0000] {dagbag.py:545} INFO - Filling up the DagBag from /home/airflow/.local/lib/python3.11/site-packages/airflow/example_dags/example_kubernetes_executor.py
[2024-07-13T01:00:05.439+0000] {processor.py:840} INFO - DAG(s) 'example_kubernetes_executor' retrieved from /home/airflow/.local/lib/python3.11/site-packages/airflow/example_dags/example_kubernetes_executor.py
[2024-07-13T01:00:05.519+0000] {logging_mixin.py:188} INFO - [2024-07-13T01:00:05.517+0000] {dag.py:3096} INFO - Sync 1 DAGs
[2024-07-13T01:00:05.550+0000] {logging_mixin.py:188} INFO - [2024-07-13T01:00:05.550+0000] {dag.py:3954} INFO - Setting next_dagrun for example_kubernetes_executor to None, run_after=None
[2024-07-13T01:00:05.590+0000] {processor.py:183} INFO - Processing /home/airflow/.local/lib/python3.11/site-packages/airflow/example_dags/example_kubernetes_executor.py took 0.189 seconds
[2024-07-13T01:00:38.171+0000] {processor.py:161} INFO - Started process (PID=262) to work on /home/airflow/.local/lib/python3.11/site-packages/airflow/example_dags/example_kubernetes_executor.py
[2024-07-13T01:00:38.177+0000] {processor.py:830} INFO - Processing file /home/airflow/.local/lib/python3.11/site-packages/airflow/example_dags/example_kubernetes_executor.py for tasks to queue
[2024-07-13T01:00:38.182+0000] {logging_mixin.py:188} INFO - [2024-07-13T01:00:38.181+0000] {dagbag.py:545} INFO - Filling up the DagBag from /home/airflow/.local/lib/python3.11/site-packages/airflow/example_dags/example_kubernetes_executor.py
[2024-07-13T01:00:38.211+0000] {processor.py:840} INFO - DAG(s) 'example_kubernetes_executor' retrieved from /home/airflow/.local/lib/python3.11/site-packages/airflow/example_dags/example_kubernetes_executor.py
[2024-07-13T01:00:38.294+0000] {logging_mixin.py:188} INFO - [2024-07-13T01:00:38.293+0000] {dag.py:3096} INFO - Sync 1 DAGs
[2024-07-13T01:00:38.321+0000] {logging_mixin.py:188} INFO - [2024-07-13T01:00:38.321+0000] {dag.py:3954} INFO - Setting next_dagrun for example_kubernetes_executor to None, run_after=None
[2024-07-13T01:00:38.360+0000] {processor.py:183} INFO - Processing /home/airflow/.local/lib/python3.11/site-packages/airflow/example_dags/example_kubernetes_executor.py took 0.208 seconds
[2024-07-13T01:01:11.308+0000] {processor.py:161} INFO - Started process (PID=324) to work on /home/airflow/.local/lib/python3.11/site-packages/airflow/example_dags/example_kubernetes_executor.py
[2024-07-13T01:01:11.311+0000] {processor.py:830} INFO - Processing file /home/airflow/.local/lib/python3.11/site-packages/airflow/example_dags/example_kubernetes_executor.py for tasks to queue
[2024-07-13T01:01:11.315+0000] {logging_mixin.py:188} INFO - [2024-07-13T01:01:11.314+0000] {dagbag.py:545} INFO - Filling up the DagBag from /home/airflow/.local/lib/python3.11/site-packages/airflow/example_dags/example_kubernetes_executor.py
[2024-07-13T01:01:11.340+0000] {processor.py:840} INFO - DAG(s) 'example_kubernetes_executor' retrieved from /home/airflow/.local/lib/python3.11/site-packages/airflow/example_dags/example_kubernetes_executor.py
[2024-07-13T01:01:11.424+0000] {logging_mixin.py:188} INFO - [2024-07-13T01:01:11.422+0000] {dag.py:3096} INFO - Sync 1 DAGs
[2024-07-13T01:01:11.449+0000] {logging_mixin.py:188} INFO - [2024-07-13T01:01:11.449+0000] {dag.py:3954} INFO - Setting next_dagrun for example_kubernetes_executor to None, run_after=None
[2024-07-13T01:01:11.491+0000] {processor.py:183} INFO - Processing /home/airflow/.local/lib/python3.11/site-packages/airflow/example_dags/example_kubernetes_executor.py took 0.196 seconds
[2024-07-13T01:01:44.841+0000] {processor.py:161} INFO - Started process (PID=386) to work on /home/airflow/.local/lib/python3.11/site-packages/airflow/example_dags/example_kubernetes_executor.py
[2024-07-13T01:01:44.844+0000] {processor.py:830} INFO - Processing file /home/airflow/.local/lib/python3.11/site-packages/airflow/example_dags/example_kubernetes_executor.py for tasks to queue
[2024-07-13T01:01:44.847+0000] {logging_mixin.py:188} INFO - [2024-07-13T01:01:44.846+0000] {dagbag.py:545} INFO - Filling up the DagBag from /home/airflow/.local/lib/python3.11/site-packages/airflow/example_dags/example_kubernetes_executor.py
[2024-07-13T01:01:44.870+0000] {processor.py:840} INFO - DAG(s) 'example_kubernetes_executor' retrieved from /home/airflow/.local/lib/python3.11/site-packages/airflow/example_dags/example_kubernetes_executor.py
[2024-07-13T01:01:44.940+0000] {logging_mixin.py:188} INFO - [2024-07-13T01:01:44.939+0000] {dag.py:3096} INFO - Sync 1 DAGs
[2024-07-13T01:01:44.960+0000] {logging_mixin.py:188} INFO - [2024-07-13T01:01:44.960+0000] {dag.py:3954} INFO - Setting next_dagrun for example_kubernetes_executor to None, run_after=None
[2024-07-13T01:01:44.988+0000] {processor.py:183} INFO - Processing /home/airflow/.local/lib/python3.11/site-packages/airflow/example_dags/example_kubernetes_executor.py took 0.160 seconds
[2024-07-13T01:02:19.287+0000] {processor.py:161} INFO - Started process (PID=447) to work on /home/airflow/.local/lib/python3.11/site-packages/airflow/example_dags/example_kubernetes_executor.py
[2024-07-13T01:02:19.289+0000] {processor.py:830} INFO - Processing file /home/airflow/.local/lib/python3.11/site-packages/airflow/example_dags/example_kubernetes_executor.py for tasks to queue
[2024-07-13T01:02:19.293+0000] {logging_mixin.py:188} INFO - [2024-07-13T01:02:19.292+0000] {dagbag.py:545} INFO - Filling up the DagBag from /home/airflow/.local/lib/python3.11/site-packages/airflow/example_dags/example_kubernetes_executor.py
[2024-07-13T01:02:19.318+0000] {processor.py:840} INFO - DAG(s) 'example_kubernetes_executor' retrieved from /home/airflow/.local/lib/python3.11/site-packages/airflow/example_dags/example_kubernetes_executor.py
[2024-07-13T01:02:19.400+0000] {logging_mixin.py:188} INFO - [2024-07-13T01:02:19.399+0000] {dag.py:3096} INFO - Sync 1 DAGs
[2024-07-13T01:02:19.427+0000] {logging_mixin.py:188} INFO - [2024-07-13T01:02:19.426+0000] {dag.py:3954} INFO - Setting next_dagrun for example_kubernetes_executor to None, run_after=None
[2024-07-13T01:02:19.467+0000] {processor.py:183} INFO - Processing /home/airflow/.local/lib/python3.11/site-packages/airflow/example_dags/example_kubernetes_executor.py took 0.191 seconds
[2024-07-13T01:02:52.678+0000] {processor.py:161} INFO - Started process (PID=509) to work on /home/airflow/.local/lib/python3.11/site-packages/airflow/example_dags/example_kubernetes_executor.py
[2024-07-13T01:02:52.680+0000] {processor.py:830} INFO - Processing file /home/airflow/.local/lib/python3.11/site-packages/airflow/example_dags/example_kubernetes_executor.py for tasks to queue
[2024-07-13T01:02:52.684+0000] {logging_mixin.py:188} INFO - [2024-07-13T01:02:52.683+0000] {dagbag.py:545} INFO - Filling up the DagBag from /home/airflow/.local/lib/python3.11/site-packages/airflow/example_dags/example_kubernetes_executor.py
[2024-07-13T01:02:52.710+0000] {processor.py:840} INFO - DAG(s) 'example_kubernetes_executor' retrieved from /home/airflow/.local/lib/python3.11/site-packages/airflow/example_dags/example_kubernetes_executor.py
[2024-07-13T01:02:52.789+0000] {logging_mixin.py:188} INFO - [2024-07-13T01:02:52.787+0000] {dag.py:3096} INFO - Sync 1 DAGs
[2024-07-13T01:02:52.811+0000] {logging_mixin.py:188} INFO - [2024-07-13T01:02:52.810+0000] {dag.py:3954} INFO - Setting next_dagrun for example_kubernetes_executor to None, run_after=None
[2024-07-13T01:02:52.846+0000] {processor.py:183} INFO - Processing /home/airflow/.local/lib/python3.11/site-packages/airflow/example_dags/example_kubernetes_executor.py took 0.182 seconds
[2024-07-13T01:03:27.853+0000] {processor.py:161} INFO - Started process (PID=571) to work on /home/airflow/.local/lib/python3.11/site-packages/airflow/example_dags/example_kubernetes_executor.py
[2024-07-13T01:03:27.856+0000] {processor.py:830} INFO - Processing file /home/airflow/.local/lib/python3.11/site-packages/airflow/example_dags/example_kubernetes_executor.py for tasks to queue
[2024-07-13T01:03:27.859+0000] {logging_mixin.py:188} INFO - [2024-07-13T01:03:27.858+0000] {dagbag.py:545} INFO - Filling up the DagBag from /home/airflow/.local/lib/python3.11/site-packages/airflow/example_dags/example_kubernetes_executor.py
[2024-07-13T01:03:27.889+0000] {processor.py:840} INFO - DAG(s) 'example_kubernetes_executor' retrieved from /home/airflow/.local/lib/python3.11/site-packages/airflow/example_dags/example_kubernetes_executor.py
[2024-07-13T01:03:27.966+0000] {logging_mixin.py:188} INFO - [2024-07-13T01:03:27.965+0000] {dag.py:3096} INFO - Sync 1 DAGs
[2024-07-13T01:03:27.987+0000] {logging_mixin.py:188} INFO - [2024-07-13T01:03:27.987+0000] {dag.py:3954} INFO - Setting next_dagrun for example_kubernetes_executor to None, run_after=None
[2024-07-13T01:03:28.019+0000] {processor.py:183} INFO - Processing /home/airflow/.local/lib/python3.11/site-packages/airflow/example_dags/example_kubernetes_executor.py took 0.179 seconds
[2024-07-13T01:04:02.051+0000] {processor.py:161} INFO - Started process (PID=634) to work on /home/airflow/.local/lib/python3.11/site-packages/airflow/example_dags/example_kubernetes_executor.py
[2024-07-13T01:04:02.053+0000] {processor.py:830} INFO - Processing file /home/airflow/.local/lib/python3.11/site-packages/airflow/example_dags/example_kubernetes_executor.py for tasks to queue
[2024-07-13T01:04:02.057+0000] {logging_mixin.py:188} INFO - [2024-07-13T01:04:02.056+0000] {dagbag.py:545} INFO - Filling up the DagBag from /home/airflow/.local/lib/python3.11/site-packages/airflow/example_dags/example_kubernetes_executor.py
[2024-07-13T01:04:02.084+0000] {processor.py:840} INFO - DAG(s) 'example_kubernetes_executor' retrieved from /home/airflow/.local/lib/python3.11/site-packages/airflow/example_dags/example_kubernetes_executor.py
[2024-07-13T01:04:02.171+0000] {logging_mixin.py:188} INFO - [2024-07-13T01:04:02.170+0000] {dag.py:3096} INFO - Sync 1 DAGs
[2024-07-13T01:04:02.193+0000] {logging_mixin.py:188} INFO - [2024-07-13T01:04:02.192+0000] {dag.py:3954} INFO - Setting next_dagrun for example_kubernetes_executor to None, run_after=None
[2024-07-13T01:04:02.228+0000] {processor.py:183} INFO - Processing /home/airflow/.local/lib/python3.11/site-packages/airflow/example_dags/example_kubernetes_executor.py took 0.191 seconds
[2024-07-13T01:04:35.243+0000] {processor.py:161} INFO - Started process (PID=696) to work on /home/airflow/.local/lib/python3.11/site-packages/airflow/example_dags/example_kubernetes_executor.py
[2024-07-13T01:04:35.245+0000] {processor.py:830} INFO - Processing file /home/airflow/.local/lib/python3.11/site-packages/airflow/example_dags/example_kubernetes_executor.py for tasks to queue
[2024-07-13T01:04:35.248+0000] {logging_mixin.py:188} INFO - [2024-07-13T01:04:35.248+0000] {dagbag.py:545} INFO - Filling up the DagBag from /home/airflow/.local/lib/python3.11/site-packages/airflow/example_dags/example_kubernetes_executor.py
[2024-07-13T01:04:35.273+0000] {processor.py:840} INFO - DAG(s) 'example_kubernetes_executor' retrieved from /home/airflow/.local/lib/python3.11/site-packages/airflow/example_dags/example_kubernetes_executor.py
[2024-07-13T01:04:35.347+0000] {logging_mixin.py:188} INFO - [2024-07-13T01:04:35.346+0000] {dag.py:3096} INFO - Sync 1 DAGs
[2024-07-13T01:04:35.371+0000] {logging_mixin.py:188} INFO - [2024-07-13T01:04:35.371+0000] {dag.py:3954} INFO - Setting next_dagrun for example_kubernetes_executor to None, run_after=None
[2024-07-13T01:04:35.401+0000] {processor.py:183} INFO - Processing /home/airflow/.local/lib/python3.11/site-packages/airflow/example_dags/example_kubernetes_executor.py took 0.171 seconds
[2024-07-13T01:05:08.322+0000] {processor.py:161} INFO - Started process (PID=758) to work on /home/airflow/.local/lib/python3.11/site-packages/airflow/example_dags/example_kubernetes_executor.py
[2024-07-13T01:05:08.327+0000] {processor.py:830} INFO - Processing file /home/airflow/.local/lib/python3.11/site-packages/airflow/example_dags/example_kubernetes_executor.py for tasks to queue
[2024-07-13T01:05:08.332+0000] {logging_mixin.py:188} INFO - [2024-07-13T01:05:08.331+0000] {dagbag.py:545} INFO - Filling up the DagBag from /home/airflow/.local/lib/python3.11/site-packages/airflow/example_dags/example_kubernetes_executor.py
[2024-07-13T01:05:08.366+0000] {processor.py:840} INFO - DAG(s) 'example_kubernetes_executor' retrieved from /home/airflow/.local/lib/python3.11/site-packages/airflow/example_dags/example_kubernetes_executor.py
[2024-07-13T01:05:08.485+0000] {logging_mixin.py:188} INFO - [2024-07-13T01:05:08.483+0000] {dag.py:3096} INFO - Sync 1 DAGs
[2024-07-13T01:05:08.520+0000] {logging_mixin.py:188} INFO - [2024-07-13T01:05:08.519+0000] {dag.py:3954} INFO - Setting next_dagrun for example_kubernetes_executor to None, run_after=None
[2024-07-13T01:05:08.562+0000] {processor.py:183} INFO - Processing /home/airflow/.local/lib/python3.11/site-packages/airflow/example_dags/example_kubernetes_executor.py took 0.261 seconds
[2024-07-13T01:05:46.942+0000] {processor.py:161} INFO - Started process (PID=827) to work on /home/airflow/.local/lib/python3.11/site-packages/airflow/example_dags/example_kubernetes_executor.py
[2024-07-13T01:05:46.945+0000] {processor.py:830} INFO - Processing file /home/airflow/.local/lib/python3.11/site-packages/airflow/example_dags/example_kubernetes_executor.py for tasks to queue
[2024-07-13T01:05:46.949+0000] {logging_mixin.py:188} INFO - [2024-07-13T01:05:46.949+0000] {dagbag.py:545} INFO - Filling up the DagBag from /home/airflow/.local/lib/python3.11/site-packages/airflow/example_dags/example_kubernetes_executor.py
[2024-07-13T01:05:46.982+0000] {processor.py:840} INFO - DAG(s) 'example_kubernetes_executor' retrieved from /home/airflow/.local/lib/python3.11/site-packages/airflow/example_dags/example_kubernetes_executor.py
[2024-07-13T01:05:47.071+0000] {logging_mixin.py:188} INFO - [2024-07-13T01:05:47.070+0000] {dag.py:3096} INFO - Sync 1 DAGs
[2024-07-13T01:05:47.095+0000] {logging_mixin.py:188} INFO - [2024-07-13T01:05:47.094+0000] {dag.py:3954} INFO - Setting next_dagrun for example_kubernetes_executor to None, run_after=None
[2024-07-13T01:05:47.132+0000] {processor.py:183} INFO - Processing /home/airflow/.local/lib/python3.11/site-packages/airflow/example_dags/example_kubernetes_executor.py took 0.207 seconds
[2024-07-13T01:06:18.599+0000] {processor.py:161} INFO - Started process (PID=893) to work on /home/airflow/.local/lib/python3.11/site-packages/airflow/example_dags/example_kubernetes_executor.py
[2024-07-13T01:06:18.602+0000] {processor.py:830} INFO - Processing file /home/airflow/.local/lib/python3.11/site-packages/airflow/example_dags/example_kubernetes_executor.py for tasks to queue
[2024-07-13T01:06:18.607+0000] {logging_mixin.py:188} INFO - [2024-07-13T01:06:18.606+0000] {dagbag.py:545} INFO - Filling up the DagBag from /home/airflow/.local/lib/python3.11/site-packages/airflow/example_dags/example_kubernetes_executor.py
[2024-07-13T01:06:18.647+0000] {processor.py:840} INFO - DAG(s) 'example_kubernetes_executor' retrieved from /home/airflow/.local/lib/python3.11/site-packages/airflow/example_dags/example_kubernetes_executor.py
[2024-07-13T01:06:18.746+0000] {logging_mixin.py:188} INFO - [2024-07-13T01:06:18.745+0000] {dag.py:3096} INFO - Sync 1 DAGs
[2024-07-13T01:06:18.783+0000] {logging_mixin.py:188} INFO - [2024-07-13T01:06:18.782+0000] {dag.py:3954} INFO - Setting next_dagrun for example_kubernetes_executor to None, run_after=None
[2024-07-13T01:06:18.845+0000] {processor.py:183} INFO - Processing /home/airflow/.local/lib/python3.11/site-packages/airflow/example_dags/example_kubernetes_executor.py took 0.262 seconds
[2024-07-13T01:06:49.039+0000] {processor.py:161} INFO - Started process (PID=955) to work on /home/airflow/.local/lib/python3.11/site-packages/airflow/example_dags/example_kubernetes_executor.py
[2024-07-13T01:06:49.041+0000] {processor.py:830} INFO - Processing file /home/airflow/.local/lib/python3.11/site-packages/airflow/example_dags/example_kubernetes_executor.py for tasks to queue
[2024-07-13T01:06:49.044+0000] {logging_mixin.py:188} INFO - [2024-07-13T01:06:49.044+0000] {dagbag.py:545} INFO - Filling up the DagBag from /home/airflow/.local/lib/python3.11/site-packages/airflow/example_dags/example_kubernetes_executor.py
[2024-07-13T01:06:49.068+0000] {processor.py:840} INFO - DAG(s) 'example_kubernetes_executor' retrieved from /home/airflow/.local/lib/python3.11/site-packages/airflow/example_dags/example_kubernetes_executor.py
[2024-07-13T01:06:49.146+0000] {logging_mixin.py:188} INFO - [2024-07-13T01:06:49.145+0000] {dag.py:3096} INFO - Sync 1 DAGs
[2024-07-13T01:06:49.168+0000] {logging_mixin.py:188} INFO - [2024-07-13T01:06:49.167+0000] {dag.py:3954} INFO - Setting next_dagrun for example_kubernetes_executor to None, run_after=None
[2024-07-13T01:06:49.197+0000] {processor.py:183} INFO - Processing /home/airflow/.local/lib/python3.11/site-packages/airflow/example_dags/example_kubernetes_executor.py took 0.171 seconds
[2024-07-13T01:07:21.630+0000] {processor.py:161} INFO - Started process (PID=1017) to work on /home/airflow/.local/lib/python3.11/site-packages/airflow/example_dags/example_kubernetes_executor.py
[2024-07-13T01:07:21.633+0000] {processor.py:830} INFO - Processing file /home/airflow/.local/lib/python3.11/site-packages/airflow/example_dags/example_kubernetes_executor.py for tasks to queue
[2024-07-13T01:07:21.637+0000] {logging_mixin.py:188} INFO - [2024-07-13T01:07:21.637+0000] {dagbag.py:545} INFO - Filling up the DagBag from /home/airflow/.local/lib/python3.11/site-packages/airflow/example_dags/example_kubernetes_executor.py
[2024-07-13T01:07:21.669+0000] {processor.py:840} INFO - DAG(s) 'example_kubernetes_executor' retrieved from /home/airflow/.local/lib/python3.11/site-packages/airflow/example_dags/example_kubernetes_executor.py
[2024-07-13T01:07:21.764+0000] {logging_mixin.py:188} INFO - [2024-07-13T01:07:21.762+0000] {dag.py:3096} INFO - Sync 1 DAGs
[2024-07-13T01:07:21.791+0000] {logging_mixin.py:188} INFO - [2024-07-13T01:07:21.791+0000] {dag.py:3954} INFO - Setting next_dagrun for example_kubernetes_executor to None, run_after=None
[2024-07-13T01:07:21.832+0000] {processor.py:183} INFO - Processing /home/airflow/.local/lib/python3.11/site-packages/airflow/example_dags/example_kubernetes_executor.py took 0.220 seconds
[2024-07-13T01:07:55.648+0000] {processor.py:161} INFO - Started process (PID=1079) to work on /home/airflow/.local/lib/python3.11/site-packages/airflow/example_dags/example_kubernetes_executor.py
[2024-07-13T01:07:55.650+0000] {processor.py:830} INFO - Processing file /home/airflow/.local/lib/python3.11/site-packages/airflow/example_dags/example_kubernetes_executor.py for tasks to queue
[2024-07-13T01:07:55.654+0000] {logging_mixin.py:188} INFO - [2024-07-13T01:07:55.653+0000] {dagbag.py:545} INFO - Filling up the DagBag from /home/airflow/.local/lib/python3.11/site-packages/airflow/example_dags/example_kubernetes_executor.py
[2024-07-13T01:07:55.679+0000] {processor.py:840} INFO - DAG(s) 'example_kubernetes_executor' retrieved from /home/airflow/.local/lib/python3.11/site-packages/airflow/example_dags/example_kubernetes_executor.py
[2024-07-13T01:07:55.771+0000] {logging_mixin.py:188} INFO - [2024-07-13T01:07:55.770+0000] {dag.py:3096} INFO - Sync 1 DAGs
[2024-07-13T01:07:55.798+0000] {logging_mixin.py:188} INFO - [2024-07-13T01:07:55.798+0000] {dag.py:3954} INFO - Setting next_dagrun for example_kubernetes_executor to None, run_after=None
[2024-07-13T01:07:55.830+0000] {processor.py:183} INFO - Processing /home/airflow/.local/lib/python3.11/site-packages/airflow/example_dags/example_kubernetes_executor.py took 0.199 seconds
[2024-07-13T01:08:28.855+0000] {processor.py:161} INFO - Started process (PID=1141) to work on /home/airflow/.local/lib/python3.11/site-packages/airflow/example_dags/example_kubernetes_executor.py
[2024-07-13T01:08:28.858+0000] {processor.py:830} INFO - Processing file /home/airflow/.local/lib/python3.11/site-packages/airflow/example_dags/example_kubernetes_executor.py for tasks to queue
[2024-07-13T01:08:28.862+0000] {logging_mixin.py:188} INFO - [2024-07-13T01:08:28.861+0000] {dagbag.py:545} INFO - Filling up the DagBag from /home/airflow/.local/lib/python3.11/site-packages/airflow/example_dags/example_kubernetes_executor.py
[2024-07-13T01:08:28.886+0000] {processor.py:840} INFO - DAG(s) 'example_kubernetes_executor' retrieved from /home/airflow/.local/lib/python3.11/site-packages/airflow/example_dags/example_kubernetes_executor.py
[2024-07-13T01:08:28.964+0000] {logging_mixin.py:188} INFO - [2024-07-13T01:08:28.963+0000] {dag.py:3096} INFO - Sync 1 DAGs
[2024-07-13T01:08:28.988+0000] {logging_mixin.py:188} INFO - [2024-07-13T01:08:28.988+0000] {dag.py:3954} INFO - Setting next_dagrun for example_kubernetes_executor to None, run_after=None
[2024-07-13T01:08:29.021+0000] {processor.py:183} INFO - Processing /home/airflow/.local/lib/python3.11/site-packages/airflow/example_dags/example_kubernetes_executor.py took 0.179 seconds
[2024-07-13T01:09:01.327+0000] {processor.py:161} INFO - Started process (PID=1203) to work on /home/airflow/.local/lib/python3.11/site-packages/airflow/example_dags/example_kubernetes_executor.py
[2024-07-13T01:09:01.330+0000] {processor.py:830} INFO - Processing file /home/airflow/.local/lib/python3.11/site-packages/airflow/example_dags/example_kubernetes_executor.py for tasks to queue
[2024-07-13T01:09:01.333+0000] {logging_mixin.py:188} INFO - [2024-07-13T01:09:01.333+0000] {dagbag.py:545} INFO - Filling up the DagBag from /home/airflow/.local/lib/python3.11/site-packages/airflow/example_dags/example_kubernetes_executor.py
[2024-07-13T01:09:01.358+0000] {processor.py:840} INFO - DAG(s) 'example_kubernetes_executor' retrieved from /home/airflow/.local/lib/python3.11/site-packages/airflow/example_dags/example_kubernetes_executor.py
[2024-07-13T01:09:01.428+0000] {logging_mixin.py:188} INFO - [2024-07-13T01:09:01.427+0000] {dag.py:3096} INFO - Sync 1 DAGs
[2024-07-13T01:09:01.446+0000] {logging_mixin.py:188} INFO - [2024-07-13T01:09:01.446+0000] {dag.py:3954} INFO - Setting next_dagrun for example_kubernetes_executor to None, run_after=None
[2024-07-13T01:09:01.472+0000] {processor.py:183} INFO - Processing /home/airflow/.local/lib/python3.11/site-packages/airflow/example_dags/example_kubernetes_executor.py took 0.158 seconds
[2024-07-13T01:11:21.631+0000] {processor.py:161} INFO - Started process (PID=69) to work on /home/airflow/.local/lib/python3.11/site-packages/airflow/example_dags/example_kubernetes_executor.py
[2024-07-13T01:11:21.633+0000] {processor.py:830} INFO - Processing file /home/airflow/.local/lib/python3.11/site-packages/airflow/example_dags/example_kubernetes_executor.py for tasks to queue
[2024-07-13T01:11:21.637+0000] {logging_mixin.py:188} INFO - [2024-07-13T01:11:21.637+0000] {dagbag.py:545} INFO - Filling up the DagBag from /home/airflow/.local/lib/python3.11/site-packages/airflow/example_dags/example_kubernetes_executor.py
[2024-07-13T01:11:21.671+0000] {processor.py:840} INFO - DAG(s) 'example_kubernetes_executor' retrieved from /home/airflow/.local/lib/python3.11/site-packages/airflow/example_dags/example_kubernetes_executor.py
[2024-07-13T01:11:21.961+0000] {logging_mixin.py:188} INFO - [2024-07-13T01:11:21.960+0000] {dag.py:3096} INFO - Sync 1 DAGs
[2024-07-13T01:11:21.983+0000] {logging_mixin.py:188} INFO - [2024-07-13T01:11:21.982+0000] {dag.py:3954} INFO - Setting next_dagrun for example_kubernetes_executor to None, run_after=None
[2024-07-13T01:11:22.023+0000] {processor.py:183} INFO - Processing /home/airflow/.local/lib/python3.11/site-packages/airflow/example_dags/example_kubernetes_executor.py took 0.406 seconds
[2024-07-13T01:11:52.476+0000] {processor.py:161} INFO - Started process (PID=130) to work on /home/airflow/.local/lib/python3.11/site-packages/airflow/example_dags/example_kubernetes_executor.py
[2024-07-13T01:11:52.478+0000] {processor.py:830} INFO - Processing file /home/airflow/.local/lib/python3.11/site-packages/airflow/example_dags/example_kubernetes_executor.py for tasks to queue
[2024-07-13T01:11:52.481+0000] {logging_mixin.py:188} INFO - [2024-07-13T01:11:52.481+0000] {dagbag.py:545} INFO - Filling up the DagBag from /home/airflow/.local/lib/python3.11/site-packages/airflow/example_dags/example_kubernetes_executor.py
[2024-07-13T01:11:52.507+0000] {processor.py:840} INFO - DAG(s) 'example_kubernetes_executor' retrieved from /home/airflow/.local/lib/python3.11/site-packages/airflow/example_dags/example_kubernetes_executor.py
[2024-07-13T01:11:52.590+0000] {logging_mixin.py:188} INFO - [2024-07-13T01:11:52.589+0000] {dag.py:3096} INFO - Sync 1 DAGs
[2024-07-13T01:11:52.616+0000] {logging_mixin.py:188} INFO - [2024-07-13T01:11:52.615+0000] {dag.py:3954} INFO - Setting next_dagrun for example_kubernetes_executor to None, run_after=None
[2024-07-13T01:11:52.646+0000] {processor.py:183} INFO - Processing /home/airflow/.local/lib/python3.11/site-packages/airflow/example_dags/example_kubernetes_executor.py took 0.182 seconds
[2024-07-13T01:12:25.736+0000] {processor.py:161} INFO - Started process (PID=192) to work on /home/airflow/.local/lib/python3.11/site-packages/airflow/example_dags/example_kubernetes_executor.py
[2024-07-13T01:12:25.739+0000] {processor.py:830} INFO - Processing file /home/airflow/.local/lib/python3.11/site-packages/airflow/example_dags/example_kubernetes_executor.py for tasks to queue
[2024-07-13T01:12:25.746+0000] {logging_mixin.py:188} INFO - [2024-07-13T01:12:25.744+0000] {dagbag.py:545} INFO - Filling up the DagBag from /home/airflow/.local/lib/python3.11/site-packages/airflow/example_dags/example_kubernetes_executor.py
[2024-07-13T01:12:25.773+0000] {processor.py:840} INFO - DAG(s) 'example_kubernetes_executor' retrieved from /home/airflow/.local/lib/python3.11/site-packages/airflow/example_dags/example_kubernetes_executor.py
[2024-07-13T01:12:25.854+0000] {logging_mixin.py:188} INFO - [2024-07-13T01:12:25.853+0000] {dag.py:3096} INFO - Sync 1 DAGs
[2024-07-13T01:12:25.881+0000] {logging_mixin.py:188} INFO - [2024-07-13T01:12:25.881+0000] {dag.py:3954} INFO - Setting next_dagrun for example_kubernetes_executor to None, run_after=None
[2024-07-13T01:12:25.918+0000] {processor.py:183} INFO - Processing /home/airflow/.local/lib/python3.11/site-packages/airflow/example_dags/example_kubernetes_executor.py took 0.204 seconds
[2024-07-13T01:12:58.236+0000] {processor.py:161} INFO - Started process (PID=260) to work on /home/airflow/.local/lib/python3.11/site-packages/airflow/example_dags/example_kubernetes_executor.py
[2024-07-13T01:12:58.237+0000] {processor.py:830} INFO - Processing file /home/airflow/.local/lib/python3.11/site-packages/airflow/example_dags/example_kubernetes_executor.py for tasks to queue
[2024-07-13T01:12:58.241+0000] {logging_mixin.py:188} INFO - [2024-07-13T01:12:58.240+0000] {dagbag.py:545} INFO - Filling up the DagBag from /home/airflow/.local/lib/python3.11/site-packages/airflow/example_dags/example_kubernetes_executor.py
[2024-07-13T01:12:58.265+0000] {processor.py:840} INFO - DAG(s) 'example_kubernetes_executor' retrieved from /home/airflow/.local/lib/python3.11/site-packages/airflow/example_dags/example_kubernetes_executor.py
[2024-07-13T01:12:58.337+0000] {logging_mixin.py:188} INFO - [2024-07-13T01:12:58.336+0000] {dag.py:3096} INFO - Sync 1 DAGs
[2024-07-13T01:12:58.358+0000] {logging_mixin.py:188} INFO - [2024-07-13T01:12:58.358+0000] {dag.py:3954} INFO - Setting next_dagrun for example_kubernetes_executor to None, run_after=None
[2024-07-13T01:12:58.393+0000] {processor.py:183} INFO - Processing /home/airflow/.local/lib/python3.11/site-packages/airflow/example_dags/example_kubernetes_executor.py took 0.170 seconds
[2024-07-13T01:13:33.568+0000] {processor.py:161} INFO - Started process (PID=323) to work on /home/airflow/.local/lib/python3.11/site-packages/airflow/example_dags/example_kubernetes_executor.py
[2024-07-13T01:13:33.570+0000] {processor.py:830} INFO - Processing file /home/airflow/.local/lib/python3.11/site-packages/airflow/example_dags/example_kubernetes_executor.py for tasks to queue
[2024-07-13T01:13:33.573+0000] {logging_mixin.py:188} INFO - [2024-07-13T01:13:33.573+0000] {dagbag.py:545} INFO - Filling up the DagBag from /home/airflow/.local/lib/python3.11/site-packages/airflow/example_dags/example_kubernetes_executor.py
[2024-07-13T01:13:33.598+0000] {processor.py:840} INFO - DAG(s) 'example_kubernetes_executor' retrieved from /home/airflow/.local/lib/python3.11/site-packages/airflow/example_dags/example_kubernetes_executor.py
[2024-07-13T01:13:33.685+0000] {logging_mixin.py:188} INFO - [2024-07-13T01:13:33.684+0000] {dag.py:3096} INFO - Sync 1 DAGs
[2024-07-13T01:13:33.707+0000] {logging_mixin.py:188} INFO - [2024-07-13T01:13:33.706+0000] {dag.py:3954} INFO - Setting next_dagrun for example_kubernetes_executor to None, run_after=None
[2024-07-13T01:13:33.737+0000] {processor.py:183} INFO - Processing /home/airflow/.local/lib/python3.11/site-packages/airflow/example_dags/example_kubernetes_executor.py took 0.180 seconds
[2024-07-13T01:14:05.444+0000] {processor.py:161} INFO - Started process (PID=385) to work on /home/airflow/.local/lib/python3.11/site-packages/airflow/example_dags/example_kubernetes_executor.py
[2024-07-13T01:14:05.446+0000] {processor.py:830} INFO - Processing file /home/airflow/.local/lib/python3.11/site-packages/airflow/example_dags/example_kubernetes_executor.py for tasks to queue
[2024-07-13T01:14:05.451+0000] {logging_mixin.py:188} INFO - [2024-07-13T01:14:05.450+0000] {dagbag.py:545} INFO - Filling up the DagBag from /home/airflow/.local/lib/python3.11/site-packages/airflow/example_dags/example_kubernetes_executor.py
[2024-07-13T01:14:05.481+0000] {processor.py:840} INFO - DAG(s) 'example_kubernetes_executor' retrieved from /home/airflow/.local/lib/python3.11/site-packages/airflow/example_dags/example_kubernetes_executor.py
[2024-07-13T01:14:05.558+0000] {logging_mixin.py:188} INFO - [2024-07-13T01:14:05.556+0000] {dag.py:3096} INFO - Sync 1 DAGs
[2024-07-13T01:14:05.582+0000] {logging_mixin.py:188} INFO - [2024-07-13T01:14:05.581+0000] {dag.py:3954} INFO - Setting next_dagrun for example_kubernetes_executor to None, run_after=None
[2024-07-13T01:14:05.616+0000] {processor.py:183} INFO - Processing /home/airflow/.local/lib/python3.11/site-packages/airflow/example_dags/example_kubernetes_executor.py took 0.187 seconds
[2024-07-13T01:14:39.559+0000] {processor.py:161} INFO - Started process (PID=447) to work on /home/airflow/.local/lib/python3.11/site-packages/airflow/example_dags/example_kubernetes_executor.py
[2024-07-13T01:14:39.562+0000] {processor.py:830} INFO - Processing file /home/airflow/.local/lib/python3.11/site-packages/airflow/example_dags/example_kubernetes_executor.py for tasks to queue
[2024-07-13T01:14:39.565+0000] {logging_mixin.py:188} INFO - [2024-07-13T01:14:39.564+0000] {dagbag.py:545} INFO - Filling up the DagBag from /home/airflow/.local/lib/python3.11/site-packages/airflow/example_dags/example_kubernetes_executor.py
[2024-07-13T01:14:39.587+0000] {processor.py:840} INFO - DAG(s) 'example_kubernetes_executor' retrieved from /home/airflow/.local/lib/python3.11/site-packages/airflow/example_dags/example_kubernetes_executor.py
[2024-07-13T01:14:39.662+0000] {logging_mixin.py:188} INFO - [2024-07-13T01:14:39.661+0000] {dag.py:3096} INFO - Sync 1 DAGs
[2024-07-13T01:14:39.684+0000] {logging_mixin.py:188} INFO - [2024-07-13T01:14:39.684+0000] {dag.py:3954} INFO - Setting next_dagrun for example_kubernetes_executor to None, run_after=None
[2024-07-13T01:14:39.719+0000] {processor.py:183} INFO - Processing /home/airflow/.local/lib/python3.11/site-packages/airflow/example_dags/example_kubernetes_executor.py took 0.173 seconds
[2024-07-13T01:15:13.538+0000] {processor.py:161} INFO - Started process (PID=509) to work on /home/airflow/.local/lib/python3.11/site-packages/airflow/example_dags/example_kubernetes_executor.py
[2024-07-13T01:15:13.540+0000] {processor.py:830} INFO - Processing file /home/airflow/.local/lib/python3.11/site-packages/airflow/example_dags/example_kubernetes_executor.py for tasks to queue
[2024-07-13T01:15:13.544+0000] {logging_mixin.py:188} INFO - [2024-07-13T01:15:13.544+0000] {dagbag.py:545} INFO - Filling up the DagBag from /home/airflow/.local/lib/python3.11/site-packages/airflow/example_dags/example_kubernetes_executor.py
[2024-07-13T01:15:13.572+0000] {processor.py:840} INFO - DAG(s) 'example_kubernetes_executor' retrieved from /home/airflow/.local/lib/python3.11/site-packages/airflow/example_dags/example_kubernetes_executor.py
[2024-07-13T01:15:13.650+0000] {logging_mixin.py:188} INFO - [2024-07-13T01:15:13.649+0000] {dag.py:3096} INFO - Sync 1 DAGs
[2024-07-13T01:15:13.678+0000] {logging_mixin.py:188} INFO - [2024-07-13T01:15:13.677+0000] {dag.py:3954} INFO - Setting next_dagrun for example_kubernetes_executor to None, run_after=None
[2024-07-13T01:15:13.713+0000] {processor.py:183} INFO - Processing /home/airflow/.local/lib/python3.11/site-packages/airflow/example_dags/example_kubernetes_executor.py took 0.189 seconds
[2024-07-13T01:15:48.342+0000] {processor.py:161} INFO - Started process (PID=572) to work on /home/airflow/.local/lib/python3.11/site-packages/airflow/example_dags/example_kubernetes_executor.py
[2024-07-13T01:15:48.344+0000] {processor.py:830} INFO - Processing file /home/airflow/.local/lib/python3.11/site-packages/airflow/example_dags/example_kubernetes_executor.py for tasks to queue
[2024-07-13T01:15:48.347+0000] {logging_mixin.py:188} INFO - [2024-07-13T01:15:48.347+0000] {dagbag.py:545} INFO - Filling up the DagBag from /home/airflow/.local/lib/python3.11/site-packages/airflow/example_dags/example_kubernetes_executor.py
[2024-07-13T01:15:48.373+0000] {processor.py:840} INFO - DAG(s) 'example_kubernetes_executor' retrieved from /home/airflow/.local/lib/python3.11/site-packages/airflow/example_dags/example_kubernetes_executor.py
[2024-07-13T01:15:48.459+0000] {logging_mixin.py:188} INFO - [2024-07-13T01:15:48.457+0000] {dag.py:3096} INFO - Sync 1 DAGs
[2024-07-13T01:15:48.487+0000] {logging_mixin.py:188} INFO - [2024-07-13T01:15:48.487+0000] {dag.py:3954} INFO - Setting next_dagrun for example_kubernetes_executor to None, run_after=None
[2024-07-13T01:15:48.522+0000] {processor.py:183} INFO - Processing /home/airflow/.local/lib/python3.11/site-packages/airflow/example_dags/example_kubernetes_executor.py took 0.194 seconds
[2024-07-13T01:16:22.109+0000] {processor.py:161} INFO - Started process (PID=635) to work on /home/airflow/.local/lib/python3.11/site-packages/airflow/example_dags/example_kubernetes_executor.py
[2024-07-13T01:16:22.111+0000] {processor.py:830} INFO - Processing file /home/airflow/.local/lib/python3.11/site-packages/airflow/example_dags/example_kubernetes_executor.py for tasks to queue
[2024-07-13T01:16:22.115+0000] {logging_mixin.py:188} INFO - [2024-07-13T01:16:22.114+0000] {dagbag.py:545} INFO - Filling up the DagBag from /home/airflow/.local/lib/python3.11/site-packages/airflow/example_dags/example_kubernetes_executor.py
[2024-07-13T01:16:22.143+0000] {processor.py:840} INFO - DAG(s) 'example_kubernetes_executor' retrieved from /home/airflow/.local/lib/python3.11/site-packages/airflow/example_dags/example_kubernetes_executor.py
[2024-07-13T01:16:22.234+0000] {logging_mixin.py:188} INFO - [2024-07-13T01:16:22.233+0000] {dag.py:3096} INFO - Sync 1 DAGs
[2024-07-13T01:16:22.259+0000] {logging_mixin.py:188} INFO - [2024-07-13T01:16:22.259+0000] {dag.py:3954} INFO - Setting next_dagrun for example_kubernetes_executor to None, run_after=None
[2024-07-13T01:16:22.297+0000] {processor.py:183} INFO - Processing /home/airflow/.local/lib/python3.11/site-packages/airflow/example_dags/example_kubernetes_executor.py took 0.202 seconds
