[2024-07-13T00:27:59.582+0000] {processor.py:161} INFO - Started process (PID=47) to work on /home/airflow/.local/lib/python3.11/site-packages/airflow/example_dags/example_local_kubernetes_executor.py
[2024-07-13T00:27:59.584+0000] {processor.py:830} INFO - Processing file /home/airflow/.local/lib/python3.11/site-packages/airflow/example_dags/example_local_kubernetes_executor.py for tasks to queue
[2024-07-13T00:27:59.585+0000] {logging_mixin.py:188} INFO - [2024-07-13T00:27:59.585+0000] {dagbag.py:545} INFO - Filling up the DagBag from /home/airflow/.local/lib/python3.11/site-packages/airflow/example_dags/example_local_kubernetes_executor.py
[2024-07-13T00:27:59.609+0000] {processor.py:840} INFO - DAG(s) 'example_local_kubernetes_executor' retrieved from /home/airflow/.local/lib/python3.11/site-packages/airflow/example_dags/example_local_kubernetes_executor.py
[2024-07-13T00:27:59.820+0000] {logging_mixin.py:188} INFO - [2024-07-13T00:27:59.820+0000] {dag.py:3096} INFO - Sync 1 DAGs
[2024-07-13T00:27:59.838+0000] {logging_mixin.py:188} INFO - [2024-07-13T00:27:59.837+0000] {dag.py:3954} INFO - Setting next_dagrun for example_local_kubernetes_executor to None, run_after=None
[2024-07-13T00:27:59.867+0000] {processor.py:183} INFO - Processing /home/airflow/.local/lib/python3.11/site-packages/airflow/example_dags/example_local_kubernetes_executor.py took 0.297 seconds
[2024-07-13T00:28:32.356+0000] {processor.py:161} INFO - Started process (PID=109) to work on /home/airflow/.local/lib/python3.11/site-packages/airflow/example_dags/example_local_kubernetes_executor.py
[2024-07-13T00:28:32.363+0000] {processor.py:830} INFO - Processing file /home/airflow/.local/lib/python3.11/site-packages/airflow/example_dags/example_local_kubernetes_executor.py for tasks to queue
[2024-07-13T00:28:32.364+0000] {logging_mixin.py:188} INFO - [2024-07-13T00:28:32.363+0000] {dagbag.py:545} INFO - Filling up the DagBag from /home/airflow/.local/lib/python3.11/site-packages/airflow/example_dags/example_local_kubernetes_executor.py
[2024-07-13T00:28:32.378+0000] {processor.py:840} INFO - DAG(s) 'example_local_kubernetes_executor' retrieved from /home/airflow/.local/lib/python3.11/site-packages/airflow/example_dags/example_local_kubernetes_executor.py
[2024-07-13T00:28:32.443+0000] {logging_mixin.py:188} INFO - [2024-07-13T00:28:32.442+0000] {dag.py:3096} INFO - Sync 1 DAGs
[2024-07-13T00:28:32.461+0000] {logging_mixin.py:188} INFO - [2024-07-13T00:28:32.461+0000] {dag.py:3954} INFO - Setting next_dagrun for example_local_kubernetes_executor to None, run_after=None
[2024-07-13T00:28:32.487+0000] {processor.py:183} INFO - Processing /home/airflow/.local/lib/python3.11/site-packages/airflow/example_dags/example_local_kubernetes_executor.py took 0.145 seconds
[2024-07-13T00:29:05.240+0000] {processor.py:161} INFO - Started process (PID=171) to work on /home/airflow/.local/lib/python3.11/site-packages/airflow/example_dags/example_local_kubernetes_executor.py
[2024-07-13T00:29:05.243+0000] {processor.py:830} INFO - Processing file /home/airflow/.local/lib/python3.11/site-packages/airflow/example_dags/example_local_kubernetes_executor.py for tasks to queue
[2024-07-13T00:29:05.244+0000] {logging_mixin.py:188} INFO - [2024-07-13T00:29:05.243+0000] {dagbag.py:545} INFO - Filling up the DagBag from /home/airflow/.local/lib/python3.11/site-packages/airflow/example_dags/example_local_kubernetes_executor.py
[2024-07-13T00:29:05.258+0000] {processor.py:840} INFO - DAG(s) 'example_local_kubernetes_executor' retrieved from /home/airflow/.local/lib/python3.11/site-packages/airflow/example_dags/example_local_kubernetes_executor.py
[2024-07-13T00:29:05.323+0000] {logging_mixin.py:188} INFO - [2024-07-13T00:29:05.323+0000] {dag.py:3096} INFO - Sync 1 DAGs
[2024-07-13T00:29:05.344+0000] {logging_mixin.py:188} INFO - [2024-07-13T00:29:05.343+0000] {dag.py:3954} INFO - Setting next_dagrun for example_local_kubernetes_executor to None, run_after=None
[2024-07-13T00:29:05.377+0000] {processor.py:183} INFO - Processing /home/airflow/.local/lib/python3.11/site-packages/airflow/example_dags/example_local_kubernetes_executor.py took 0.148 seconds
[2024-07-13T00:29:38.296+0000] {processor.py:161} INFO - Started process (PID=233) to work on /home/airflow/.local/lib/python3.11/site-packages/airflow/example_dags/example_local_kubernetes_executor.py
[2024-07-13T00:29:38.299+0000] {processor.py:830} INFO - Processing file /home/airflow/.local/lib/python3.11/site-packages/airflow/example_dags/example_local_kubernetes_executor.py for tasks to queue
[2024-07-13T00:29:38.300+0000] {logging_mixin.py:188} INFO - [2024-07-13T00:29:38.300+0000] {dagbag.py:545} INFO - Filling up the DagBag from /home/airflow/.local/lib/python3.11/site-packages/airflow/example_dags/example_local_kubernetes_executor.py
[2024-07-13T00:29:38.319+0000] {processor.py:840} INFO - DAG(s) 'example_local_kubernetes_executor' retrieved from /home/airflow/.local/lib/python3.11/site-packages/airflow/example_dags/example_local_kubernetes_executor.py
[2024-07-13T00:29:38.386+0000] {logging_mixin.py:188} INFO - [2024-07-13T00:29:38.386+0000] {dag.py:3096} INFO - Sync 1 DAGs
[2024-07-13T00:29:38.411+0000] {logging_mixin.py:188} INFO - [2024-07-13T00:29:38.410+0000] {dag.py:3954} INFO - Setting next_dagrun for example_local_kubernetes_executor to None, run_after=None
[2024-07-13T00:29:38.442+0000] {processor.py:183} INFO - Processing /home/airflow/.local/lib/python3.11/site-packages/airflow/example_dags/example_local_kubernetes_executor.py took 0.160 seconds
[2024-07-13T00:30:11.135+0000] {processor.py:161} INFO - Started process (PID=301) to work on /home/airflow/.local/lib/python3.11/site-packages/airflow/example_dags/example_local_kubernetes_executor.py
[2024-07-13T00:30:11.137+0000] {processor.py:830} INFO - Processing file /home/airflow/.local/lib/python3.11/site-packages/airflow/example_dags/example_local_kubernetes_executor.py for tasks to queue
[2024-07-13T00:30:11.138+0000] {logging_mixin.py:188} INFO - [2024-07-13T00:30:11.138+0000] {dagbag.py:545} INFO - Filling up the DagBag from /home/airflow/.local/lib/python3.11/site-packages/airflow/example_dags/example_local_kubernetes_executor.py
[2024-07-13T00:30:11.152+0000] {processor.py:840} INFO - DAG(s) 'example_local_kubernetes_executor' retrieved from /home/airflow/.local/lib/python3.11/site-packages/airflow/example_dags/example_local_kubernetes_executor.py
[2024-07-13T00:30:11.220+0000] {logging_mixin.py:188} INFO - [2024-07-13T00:30:11.219+0000] {dag.py:3096} INFO - Sync 1 DAGs
[2024-07-13T00:30:11.239+0000] {logging_mixin.py:188} INFO - [2024-07-13T00:30:11.239+0000] {dag.py:3954} INFO - Setting next_dagrun for example_local_kubernetes_executor to None, run_after=None
[2024-07-13T00:30:11.265+0000] {processor.py:183} INFO - Processing /home/airflow/.local/lib/python3.11/site-packages/airflow/example_dags/example_local_kubernetes_executor.py took 0.143 seconds
[2024-07-13T00:30:44.261+0000] {processor.py:161} INFO - Started process (PID=364) to work on /home/airflow/.local/lib/python3.11/site-packages/airflow/example_dags/example_local_kubernetes_executor.py
[2024-07-13T00:30:44.263+0000] {processor.py:830} INFO - Processing file /home/airflow/.local/lib/python3.11/site-packages/airflow/example_dags/example_local_kubernetes_executor.py for tasks to queue
[2024-07-13T00:30:44.264+0000] {logging_mixin.py:188} INFO - [2024-07-13T00:30:44.264+0000] {dagbag.py:545} INFO - Filling up the DagBag from /home/airflow/.local/lib/python3.11/site-packages/airflow/example_dags/example_local_kubernetes_executor.py
[2024-07-13T00:30:44.279+0000] {processor.py:840} INFO - DAG(s) 'example_local_kubernetes_executor' retrieved from /home/airflow/.local/lib/python3.11/site-packages/airflow/example_dags/example_local_kubernetes_executor.py
[2024-07-13T00:30:44.349+0000] {logging_mixin.py:188} INFO - [2024-07-13T00:30:44.348+0000] {dag.py:3096} INFO - Sync 1 DAGs
[2024-07-13T00:30:44.374+0000] {logging_mixin.py:188} INFO - [2024-07-13T00:30:44.374+0000] {dag.py:3954} INFO - Setting next_dagrun for example_local_kubernetes_executor to None, run_after=None
[2024-07-13T00:30:44.404+0000] {processor.py:183} INFO - Processing /home/airflow/.local/lib/python3.11/site-packages/airflow/example_dags/example_local_kubernetes_executor.py took 0.154 seconds
[2024-07-13T00:31:17.574+0000] {processor.py:161} INFO - Started process (PID=426) to work on /home/airflow/.local/lib/python3.11/site-packages/airflow/example_dags/example_local_kubernetes_executor.py
[2024-07-13T00:31:17.576+0000] {processor.py:830} INFO - Processing file /home/airflow/.local/lib/python3.11/site-packages/airflow/example_dags/example_local_kubernetes_executor.py for tasks to queue
[2024-07-13T00:31:17.578+0000] {logging_mixin.py:188} INFO - [2024-07-13T00:31:17.577+0000] {dagbag.py:545} INFO - Filling up the DagBag from /home/airflow/.local/lib/python3.11/site-packages/airflow/example_dags/example_local_kubernetes_executor.py
[2024-07-13T00:31:17.596+0000] {processor.py:840} INFO - DAG(s) 'example_local_kubernetes_executor' retrieved from /home/airflow/.local/lib/python3.11/site-packages/airflow/example_dags/example_local_kubernetes_executor.py
[2024-07-13T00:31:17.659+0000] {logging_mixin.py:188} INFO - [2024-07-13T00:31:17.658+0000] {dag.py:3096} INFO - Sync 1 DAGs
[2024-07-13T00:31:17.679+0000] {logging_mixin.py:188} INFO - [2024-07-13T00:31:17.678+0000] {dag.py:3954} INFO - Setting next_dagrun for example_local_kubernetes_executor to None, run_after=None
[2024-07-13T00:31:17.713+0000] {processor.py:183} INFO - Processing /home/airflow/.local/lib/python3.11/site-packages/airflow/example_dags/example_local_kubernetes_executor.py took 0.153 seconds
[2024-07-13T00:31:51.659+0000] {processor.py:161} INFO - Started process (PID=488) to work on /home/airflow/.local/lib/python3.11/site-packages/airflow/example_dags/example_local_kubernetes_executor.py
[2024-07-13T00:31:51.662+0000] {processor.py:830} INFO - Processing file /home/airflow/.local/lib/python3.11/site-packages/airflow/example_dags/example_local_kubernetes_executor.py for tasks to queue
[2024-07-13T00:31:51.665+0000] {logging_mixin.py:188} INFO - [2024-07-13T00:31:51.664+0000] {dagbag.py:545} INFO - Filling up the DagBag from /home/airflow/.local/lib/python3.11/site-packages/airflow/example_dags/example_local_kubernetes_executor.py
[2024-07-13T00:31:51.684+0000] {processor.py:840} INFO - DAG(s) 'example_local_kubernetes_executor' retrieved from /home/airflow/.local/lib/python3.11/site-packages/airflow/example_dags/example_local_kubernetes_executor.py
[2024-07-13T00:31:51.764+0000] {logging_mixin.py:188} INFO - [2024-07-13T00:31:51.763+0000] {dag.py:3096} INFO - Sync 1 DAGs
[2024-07-13T00:31:51.791+0000] {logging_mixin.py:188} INFO - [2024-07-13T00:31:51.790+0000] {dag.py:3954} INFO - Setting next_dagrun for example_local_kubernetes_executor to None, run_after=None
[2024-07-13T00:31:51.826+0000] {processor.py:183} INFO - Processing /home/airflow/.local/lib/python3.11/site-packages/airflow/example_dags/example_local_kubernetes_executor.py took 0.182 seconds
[2024-07-13T00:32:26.029+0000] {processor.py:161} INFO - Started process (PID=550) to work on /home/airflow/.local/lib/python3.11/site-packages/airflow/example_dags/example_local_kubernetes_executor.py
[2024-07-13T00:32:26.031+0000] {processor.py:830} INFO - Processing file /home/airflow/.local/lib/python3.11/site-packages/airflow/example_dags/example_local_kubernetes_executor.py for tasks to queue
[2024-07-13T00:32:26.033+0000] {logging_mixin.py:188} INFO - [2024-07-13T00:32:26.032+0000] {dagbag.py:545} INFO - Filling up the DagBag from /home/airflow/.local/lib/python3.11/site-packages/airflow/example_dags/example_local_kubernetes_executor.py
[2024-07-13T00:32:26.051+0000] {processor.py:840} INFO - DAG(s) 'example_local_kubernetes_executor' retrieved from /home/airflow/.local/lib/python3.11/site-packages/airflow/example_dags/example_local_kubernetes_executor.py
[2024-07-13T00:32:26.134+0000] {logging_mixin.py:188} INFO - [2024-07-13T00:32:26.134+0000] {dag.py:3096} INFO - Sync 1 DAGs
[2024-07-13T00:32:26.166+0000] {logging_mixin.py:188} INFO - [2024-07-13T00:32:26.166+0000] {dag.py:3954} INFO - Setting next_dagrun for example_local_kubernetes_executor to None, run_after=None
[2024-07-13T00:32:26.203+0000] {processor.py:183} INFO - Processing /home/airflow/.local/lib/python3.11/site-packages/airflow/example_dags/example_local_kubernetes_executor.py took 0.190 seconds
[2024-07-13T00:32:59.792+0000] {processor.py:161} INFO - Started process (PID=612) to work on /home/airflow/.local/lib/python3.11/site-packages/airflow/example_dags/example_local_kubernetes_executor.py
[2024-07-13T00:32:59.795+0000] {processor.py:830} INFO - Processing file /home/airflow/.local/lib/python3.11/site-packages/airflow/example_dags/example_local_kubernetes_executor.py for tasks to queue
[2024-07-13T00:32:59.797+0000] {logging_mixin.py:188} INFO - [2024-07-13T00:32:59.796+0000] {dagbag.py:545} INFO - Filling up the DagBag from /home/airflow/.local/lib/python3.11/site-packages/airflow/example_dags/example_local_kubernetes_executor.py
[2024-07-13T00:32:59.819+0000] {processor.py:840} INFO - DAG(s) 'example_local_kubernetes_executor' retrieved from /home/airflow/.local/lib/python3.11/site-packages/airflow/example_dags/example_local_kubernetes_executor.py
[2024-07-13T00:32:59.918+0000] {logging_mixin.py:188} INFO - [2024-07-13T00:32:59.918+0000] {dag.py:3096} INFO - Sync 1 DAGs
[2024-07-13T00:32:59.950+0000] {logging_mixin.py:188} INFO - [2024-07-13T00:32:59.949+0000] {dag.py:3954} INFO - Setting next_dagrun for example_local_kubernetes_executor to None, run_after=None
[2024-07-13T00:32:59.988+0000] {processor.py:183} INFO - Processing /home/airflow/.local/lib/python3.11/site-packages/airflow/example_dags/example_local_kubernetes_executor.py took 0.210 seconds
[2024-07-13T00:33:32.856+0000] {processor.py:161} INFO - Started process (PID=674) to work on /home/airflow/.local/lib/python3.11/site-packages/airflow/example_dags/example_local_kubernetes_executor.py
[2024-07-13T00:33:32.858+0000] {processor.py:830} INFO - Processing file /home/airflow/.local/lib/python3.11/site-packages/airflow/example_dags/example_local_kubernetes_executor.py for tasks to queue
[2024-07-13T00:33:32.859+0000] {logging_mixin.py:188} INFO - [2024-07-13T00:33:32.858+0000] {dagbag.py:545} INFO - Filling up the DagBag from /home/airflow/.local/lib/python3.11/site-packages/airflow/example_dags/example_local_kubernetes_executor.py
[2024-07-13T00:33:32.874+0000] {processor.py:840} INFO - DAG(s) 'example_local_kubernetes_executor' retrieved from /home/airflow/.local/lib/python3.11/site-packages/airflow/example_dags/example_local_kubernetes_executor.py
[2024-07-13T00:33:32.953+0000] {logging_mixin.py:188} INFO - [2024-07-13T00:33:32.952+0000] {dag.py:3096} INFO - Sync 1 DAGs
[2024-07-13T00:33:32.978+0000] {logging_mixin.py:188} INFO - [2024-07-13T00:33:32.978+0000] {dag.py:3954} INFO - Setting next_dagrun for example_local_kubernetes_executor to None, run_after=None
[2024-07-13T00:33:33.008+0000] {processor.py:183} INFO - Processing /home/airflow/.local/lib/python3.11/site-packages/airflow/example_dags/example_local_kubernetes_executor.py took 0.163 seconds
[2024-07-13T00:35:47.453+0000] {processor.py:161} INFO - Started process (PID=48) to work on /home/airflow/.local/lib/python3.11/site-packages/airflow/example_dags/example_local_kubernetes_executor.py
[2024-07-13T00:35:47.456+0000] {processor.py:830} INFO - Processing file /home/airflow/.local/lib/python3.11/site-packages/airflow/example_dags/example_local_kubernetes_executor.py for tasks to queue
[2024-07-13T00:35:47.460+0000] {logging_mixin.py:188} INFO - [2024-07-13T00:35:47.459+0000] {dagbag.py:545} INFO - Filling up the DagBag from /home/airflow/.local/lib/python3.11/site-packages/airflow/example_dags/example_local_kubernetes_executor.py
[2024-07-13T00:35:47.482+0000] {processor.py:840} INFO - DAG(s) 'example_local_kubernetes_executor' retrieved from /home/airflow/.local/lib/python3.11/site-packages/airflow/example_dags/example_local_kubernetes_executor.py
[2024-07-13T00:35:47.730+0000] {logging_mixin.py:188} INFO - [2024-07-13T00:35:47.729+0000] {dag.py:3096} INFO - Sync 1 DAGs
[2024-07-13T00:35:47.753+0000] {logging_mixin.py:188} INFO - [2024-07-13T00:35:47.753+0000] {dag.py:3954} INFO - Setting next_dagrun for example_local_kubernetes_executor to None, run_after=None
[2024-07-13T00:35:47.788+0000] {processor.py:183} INFO - Processing /home/airflow/.local/lib/python3.11/site-packages/airflow/example_dags/example_local_kubernetes_executor.py took 0.349 seconds
[2024-07-13T00:36:19.762+0000] {processor.py:161} INFO - Started process (PID=110) to work on /home/airflow/.local/lib/python3.11/site-packages/airflow/example_dags/example_local_kubernetes_executor.py
[2024-07-13T00:36:19.764+0000] {processor.py:830} INFO - Processing file /home/airflow/.local/lib/python3.11/site-packages/airflow/example_dags/example_local_kubernetes_executor.py for tasks to queue
[2024-07-13T00:36:19.768+0000] {logging_mixin.py:188} INFO - [2024-07-13T00:36:19.768+0000] {dagbag.py:545} INFO - Filling up the DagBag from /home/airflow/.local/lib/python3.11/site-packages/airflow/example_dags/example_local_kubernetes_executor.py
[2024-07-13T00:36:19.786+0000] {processor.py:840} INFO - DAG(s) 'example_local_kubernetes_executor' retrieved from /home/airflow/.local/lib/python3.11/site-packages/airflow/example_dags/example_local_kubernetes_executor.py
[2024-07-13T00:36:19.851+0000] {logging_mixin.py:188} INFO - [2024-07-13T00:36:19.850+0000] {dag.py:3096} INFO - Sync 1 DAGs
[2024-07-13T00:36:19.877+0000] {logging_mixin.py:188} INFO - [2024-07-13T00:36:19.877+0000] {dag.py:3954} INFO - Setting next_dagrun for example_local_kubernetes_executor to None, run_after=None
[2024-07-13T00:36:19.911+0000] {processor.py:183} INFO - Processing /home/airflow/.local/lib/python3.11/site-packages/airflow/example_dags/example_local_kubernetes_executor.py took 0.165 seconds
[2024-07-13T00:38:18.269+0000] {processor.py:161} INFO - Started process (PID=46) to work on /home/airflow/.local/lib/python3.11/site-packages/airflow/example_dags/example_local_kubernetes_executor.py
[2024-07-13T00:38:18.271+0000] {processor.py:830} INFO - Processing file /home/airflow/.local/lib/python3.11/site-packages/airflow/example_dags/example_local_kubernetes_executor.py for tasks to queue
[2024-07-13T00:38:18.275+0000] {logging_mixin.py:188} INFO - [2024-07-13T00:38:18.275+0000] {dagbag.py:545} INFO - Filling up the DagBag from /home/airflow/.local/lib/python3.11/site-packages/airflow/example_dags/example_local_kubernetes_executor.py
[2024-07-13T00:38:18.297+0000] {processor.py:840} INFO - DAG(s) 'example_local_kubernetes_executor' retrieved from /home/airflow/.local/lib/python3.11/site-packages/airflow/example_dags/example_local_kubernetes_executor.py
[2024-07-13T00:38:18.547+0000] {logging_mixin.py:188} INFO - [2024-07-13T00:38:18.546+0000] {dag.py:3096} INFO - Sync 1 DAGs
[2024-07-13T00:38:18.568+0000] {logging_mixin.py:188} INFO - [2024-07-13T00:38:18.567+0000] {dag.py:3954} INFO - Setting next_dagrun for example_local_kubernetes_executor to None, run_after=None
[2024-07-13T00:38:18.599+0000] {processor.py:183} INFO - Processing /home/airflow/.local/lib/python3.11/site-packages/airflow/example_dags/example_local_kubernetes_executor.py took 0.344 seconds
[2024-07-13T00:38:50.289+0000] {processor.py:161} INFO - Started process (PID=108) to work on /home/airflow/.local/lib/python3.11/site-packages/airflow/example_dags/example_local_kubernetes_executor.py
[2024-07-13T00:38:50.291+0000] {processor.py:830} INFO - Processing file /home/airflow/.local/lib/python3.11/site-packages/airflow/example_dags/example_local_kubernetes_executor.py for tasks to queue
[2024-07-13T00:38:50.294+0000] {logging_mixin.py:188} INFO - [2024-07-13T00:38:50.294+0000] {dagbag.py:545} INFO - Filling up the DagBag from /home/airflow/.local/lib/python3.11/site-packages/airflow/example_dags/example_local_kubernetes_executor.py
[2024-07-13T00:38:50.308+0000] {processor.py:840} INFO - DAG(s) 'example_local_kubernetes_executor' retrieved from /home/airflow/.local/lib/python3.11/site-packages/airflow/example_dags/example_local_kubernetes_executor.py
[2024-07-13T00:38:50.367+0000] {logging_mixin.py:188} INFO - [2024-07-13T00:38:50.366+0000] {dag.py:3096} INFO - Sync 1 DAGs
[2024-07-13T00:38:50.385+0000] {logging_mixin.py:188} INFO - [2024-07-13T00:38:50.385+0000] {dag.py:3954} INFO - Setting next_dagrun for example_local_kubernetes_executor to None, run_after=None
[2024-07-13T00:38:50.409+0000] {processor.py:183} INFO - Processing /home/airflow/.local/lib/python3.11/site-packages/airflow/example_dags/example_local_kubernetes_executor.py took 0.133 seconds
[2024-07-13T00:39:23.394+0000] {processor.py:161} INFO - Started process (PID=170) to work on /home/airflow/.local/lib/python3.11/site-packages/airflow/example_dags/example_local_kubernetes_executor.py
[2024-07-13T00:39:23.396+0000] {processor.py:830} INFO - Processing file /home/airflow/.local/lib/python3.11/site-packages/airflow/example_dags/example_local_kubernetes_executor.py for tasks to queue
[2024-07-13T00:39:23.399+0000] {logging_mixin.py:188} INFO - [2024-07-13T00:39:23.399+0000] {dagbag.py:545} INFO - Filling up the DagBag from /home/airflow/.local/lib/python3.11/site-packages/airflow/example_dags/example_local_kubernetes_executor.py
[2024-07-13T00:39:23.415+0000] {processor.py:840} INFO - DAG(s) 'example_local_kubernetes_executor' retrieved from /home/airflow/.local/lib/python3.11/site-packages/airflow/example_dags/example_local_kubernetes_executor.py
[2024-07-13T00:39:23.479+0000] {logging_mixin.py:188} INFO - [2024-07-13T00:39:23.478+0000] {dag.py:3096} INFO - Sync 1 DAGs
[2024-07-13T00:39:23.498+0000] {logging_mixin.py:188} INFO - [2024-07-13T00:39:23.498+0000] {dag.py:3954} INFO - Setting next_dagrun for example_local_kubernetes_executor to None, run_after=None
[2024-07-13T00:39:23.523+0000] {processor.py:183} INFO - Processing /home/airflow/.local/lib/python3.11/site-packages/airflow/example_dags/example_local_kubernetes_executor.py took 0.140 seconds
[2024-07-13T00:39:56.363+0000] {processor.py:161} INFO - Started process (PID=232) to work on /home/airflow/.local/lib/python3.11/site-packages/airflow/example_dags/example_local_kubernetes_executor.py
[2024-07-13T00:39:56.365+0000] {processor.py:830} INFO - Processing file /home/airflow/.local/lib/python3.11/site-packages/airflow/example_dags/example_local_kubernetes_executor.py for tasks to queue
[2024-07-13T00:39:56.368+0000] {logging_mixin.py:188} INFO - [2024-07-13T00:39:56.368+0000] {dagbag.py:545} INFO - Filling up the DagBag from /home/airflow/.local/lib/python3.11/site-packages/airflow/example_dags/example_local_kubernetes_executor.py
[2024-07-13T00:39:56.382+0000] {processor.py:840} INFO - DAG(s) 'example_local_kubernetes_executor' retrieved from /home/airflow/.local/lib/python3.11/site-packages/airflow/example_dags/example_local_kubernetes_executor.py
[2024-07-13T00:39:56.445+0000] {logging_mixin.py:188} INFO - [2024-07-13T00:39:56.444+0000] {dag.py:3096} INFO - Sync 1 DAGs
[2024-07-13T00:39:56.466+0000] {logging_mixin.py:188} INFO - [2024-07-13T00:39:56.465+0000] {dag.py:3954} INFO - Setting next_dagrun for example_local_kubernetes_executor to None, run_after=None
[2024-07-13T00:39:56.497+0000] {processor.py:183} INFO - Processing /home/airflow/.local/lib/python3.11/site-packages/airflow/example_dags/example_local_kubernetes_executor.py took 0.145 seconds
[2024-07-13T00:40:29.136+0000] {processor.py:161} INFO - Started process (PID=294) to work on /home/airflow/.local/lib/python3.11/site-packages/airflow/example_dags/example_local_kubernetes_executor.py
[2024-07-13T00:40:29.138+0000] {processor.py:830} INFO - Processing file /home/airflow/.local/lib/python3.11/site-packages/airflow/example_dags/example_local_kubernetes_executor.py for tasks to queue
[2024-07-13T00:40:29.141+0000] {logging_mixin.py:188} INFO - [2024-07-13T00:40:29.141+0000] {dagbag.py:545} INFO - Filling up the DagBag from /home/airflow/.local/lib/python3.11/site-packages/airflow/example_dags/example_local_kubernetes_executor.py
[2024-07-13T00:40:29.159+0000] {processor.py:840} INFO - DAG(s) 'example_local_kubernetes_executor' retrieved from /home/airflow/.local/lib/python3.11/site-packages/airflow/example_dags/example_local_kubernetes_executor.py
[2024-07-13T00:40:29.235+0000] {logging_mixin.py:188} INFO - [2024-07-13T00:40:29.234+0000] {dag.py:3096} INFO - Sync 1 DAGs
[2024-07-13T00:40:29.256+0000] {logging_mixin.py:188} INFO - [2024-07-13T00:40:29.255+0000] {dag.py:3954} INFO - Setting next_dagrun for example_local_kubernetes_executor to None, run_after=None
[2024-07-13T00:40:29.291+0000] {processor.py:183} INFO - Processing /home/airflow/.local/lib/python3.11/site-packages/airflow/example_dags/example_local_kubernetes_executor.py took 0.167 seconds
[2024-07-13T00:41:07.688+0000] {processor.py:161} INFO - Started process (PID=360) to work on /home/airflow/.local/lib/python3.11/site-packages/airflow/example_dags/example_local_kubernetes_executor.py
[2024-07-13T00:41:07.693+0000] {processor.py:830} INFO - Processing file /home/airflow/.local/lib/python3.11/site-packages/airflow/example_dags/example_local_kubernetes_executor.py for tasks to queue
[2024-07-13T00:41:07.703+0000] {logging_mixin.py:188} INFO - [2024-07-13T00:41:07.702+0000] {dagbag.py:545} INFO - Filling up the DagBag from /home/airflow/.local/lib/python3.11/site-packages/airflow/example_dags/example_local_kubernetes_executor.py
[2024-07-13T00:41:07.762+0000] {processor.py:840} INFO - DAG(s) 'example_local_kubernetes_executor' retrieved from /home/airflow/.local/lib/python3.11/site-packages/airflow/example_dags/example_local_kubernetes_executor.py
[2024-07-13T00:41:07.947+0000] {logging_mixin.py:188} INFO - [2024-07-13T00:41:07.945+0000] {dag.py:3096} INFO - Sync 1 DAGs
[2024-07-13T00:41:08.015+0000] {logging_mixin.py:188} INFO - [2024-07-13T00:41:08.015+0000] {dag.py:3954} INFO - Setting next_dagrun for example_local_kubernetes_executor to None, run_after=None
[2024-07-13T00:41:08.091+0000] {processor.py:183} INFO - Processing /home/airflow/.local/lib/python3.11/site-packages/airflow/example_dags/example_local_kubernetes_executor.py took 0.437 seconds
[2024-07-13T00:41:41.015+0000] {processor.py:161} INFO - Started process (PID=421) to work on /home/airflow/.local/lib/python3.11/site-packages/airflow/example_dags/example_local_kubernetes_executor.py
[2024-07-13T00:41:41.018+0000] {processor.py:830} INFO - Processing file /home/airflow/.local/lib/python3.11/site-packages/airflow/example_dags/example_local_kubernetes_executor.py for tasks to queue
[2024-07-13T00:41:41.022+0000] {logging_mixin.py:188} INFO - [2024-07-13T00:41:41.021+0000] {dagbag.py:545} INFO - Filling up the DagBag from /home/airflow/.local/lib/python3.11/site-packages/airflow/example_dags/example_local_kubernetes_executor.py
[2024-07-13T00:41:41.039+0000] {processor.py:840} INFO - DAG(s) 'example_local_kubernetes_executor' retrieved from /home/airflow/.local/lib/python3.11/site-packages/airflow/example_dags/example_local_kubernetes_executor.py
[2024-07-13T00:41:41.121+0000] {logging_mixin.py:188} INFO - [2024-07-13T00:41:41.120+0000] {dag.py:3096} INFO - Sync 1 DAGs
[2024-07-13T00:41:41.147+0000] {logging_mixin.py:188} INFO - [2024-07-13T00:41:41.147+0000] {dag.py:3954} INFO - Setting next_dagrun for example_local_kubernetes_executor to None, run_after=None
[2024-07-13T00:41:41.182+0000] {processor.py:183} INFO - Processing /home/airflow/.local/lib/python3.11/site-packages/airflow/example_dags/example_local_kubernetes_executor.py took 0.182 seconds
[2024-07-13T00:42:14.928+0000] {processor.py:161} INFO - Started process (PID=483) to work on /home/airflow/.local/lib/python3.11/site-packages/airflow/example_dags/example_local_kubernetes_executor.py
[2024-07-13T00:42:14.931+0000] {processor.py:830} INFO - Processing file /home/airflow/.local/lib/python3.11/site-packages/airflow/example_dags/example_local_kubernetes_executor.py for tasks to queue
[2024-07-13T00:42:14.934+0000] {logging_mixin.py:188} INFO - [2024-07-13T00:42:14.933+0000] {dagbag.py:545} INFO - Filling up the DagBag from /home/airflow/.local/lib/python3.11/site-packages/airflow/example_dags/example_local_kubernetes_executor.py
[2024-07-13T00:42:14.948+0000] {processor.py:840} INFO - DAG(s) 'example_local_kubernetes_executor' retrieved from /home/airflow/.local/lib/python3.11/site-packages/airflow/example_dags/example_local_kubernetes_executor.py
[2024-07-13T00:42:15.010+0000] {logging_mixin.py:188} INFO - [2024-07-13T00:42:15.010+0000] {dag.py:3096} INFO - Sync 1 DAGs
[2024-07-13T00:42:15.031+0000] {logging_mixin.py:188} INFO - [2024-07-13T00:42:15.031+0000] {dag.py:3954} INFO - Setting next_dagrun for example_local_kubernetes_executor to None, run_after=None
[2024-07-13T00:42:15.058+0000] {processor.py:183} INFO - Processing /home/airflow/.local/lib/python3.11/site-packages/airflow/example_dags/example_local_kubernetes_executor.py took 0.142 seconds
[2024-07-13T00:44:01.498+0000] {processor.py:161} INFO - Started process (PID=47) to work on /home/airflow/.local/lib/python3.11/site-packages/airflow/example_dags/example_local_kubernetes_executor.py
[2024-07-13T00:44:01.500+0000] {processor.py:830} INFO - Processing file /home/airflow/.local/lib/python3.11/site-packages/airflow/example_dags/example_local_kubernetes_executor.py for tasks to queue
[2024-07-13T00:44:01.504+0000] {logging_mixin.py:188} INFO - [2024-07-13T00:44:01.504+0000] {dagbag.py:545} INFO - Filling up the DagBag from /home/airflow/.local/lib/python3.11/site-packages/airflow/example_dags/example_local_kubernetes_executor.py
[2024-07-13T00:44:01.528+0000] {processor.py:840} INFO - DAG(s) 'example_local_kubernetes_executor' retrieved from /home/airflow/.local/lib/python3.11/site-packages/airflow/example_dags/example_local_kubernetes_executor.py
[2024-07-13T00:44:01.789+0000] {logging_mixin.py:188} INFO - [2024-07-13T00:44:01.788+0000] {dag.py:3096} INFO - Sync 1 DAGs
[2024-07-13T00:44:01.810+0000] {logging_mixin.py:188} INFO - [2024-07-13T00:44:01.810+0000] {dag.py:3954} INFO - Setting next_dagrun for example_local_kubernetes_executor to None, run_after=None
[2024-07-13T00:44:01.843+0000] {processor.py:183} INFO - Processing /home/airflow/.local/lib/python3.11/site-packages/airflow/example_dags/example_local_kubernetes_executor.py took 0.360 seconds
[2024-07-13T00:44:33.203+0000] {processor.py:161} INFO - Started process (PID=109) to work on /home/airflow/.local/lib/python3.11/site-packages/airflow/example_dags/example_local_kubernetes_executor.py
[2024-07-13T00:44:33.205+0000] {processor.py:830} INFO - Processing file /home/airflow/.local/lib/python3.11/site-packages/airflow/example_dags/example_local_kubernetes_executor.py for tasks to queue
[2024-07-13T00:44:33.208+0000] {logging_mixin.py:188} INFO - [2024-07-13T00:44:33.207+0000] {dagbag.py:545} INFO - Filling up the DagBag from /home/airflow/.local/lib/python3.11/site-packages/airflow/example_dags/example_local_kubernetes_executor.py
[2024-07-13T00:44:33.222+0000] {processor.py:840} INFO - DAG(s) 'example_local_kubernetes_executor' retrieved from /home/airflow/.local/lib/python3.11/site-packages/airflow/example_dags/example_local_kubernetes_executor.py
[2024-07-13T00:44:33.295+0000] {logging_mixin.py:188} INFO - [2024-07-13T00:44:33.294+0000] {dag.py:3096} INFO - Sync 1 DAGs
[2024-07-13T00:44:33.323+0000] {logging_mixin.py:188} INFO - [2024-07-13T00:44:33.323+0000] {dag.py:3954} INFO - Setting next_dagrun for example_local_kubernetes_executor to None, run_after=None
[2024-07-13T00:44:33.360+0000] {processor.py:183} INFO - Processing /home/airflow/.local/lib/python3.11/site-packages/airflow/example_dags/example_local_kubernetes_executor.py took 0.169 seconds
[2024-07-13T00:45:05.870+0000] {processor.py:161} INFO - Started process (PID=170) to work on /home/airflow/.local/lib/python3.11/site-packages/airflow/example_dags/example_local_kubernetes_executor.py
[2024-07-13T00:45:05.872+0000] {processor.py:830} INFO - Processing file /home/airflow/.local/lib/python3.11/site-packages/airflow/example_dags/example_local_kubernetes_executor.py for tasks to queue
[2024-07-13T00:45:05.876+0000] {logging_mixin.py:188} INFO - [2024-07-13T00:45:05.875+0000] {dagbag.py:545} INFO - Filling up the DagBag from /home/airflow/.local/lib/python3.11/site-packages/airflow/example_dags/example_local_kubernetes_executor.py
[2024-07-13T00:45:05.891+0000] {processor.py:840} INFO - DAG(s) 'example_local_kubernetes_executor' retrieved from /home/airflow/.local/lib/python3.11/site-packages/airflow/example_dags/example_local_kubernetes_executor.py
[2024-07-13T00:45:05.952+0000] {logging_mixin.py:188} INFO - [2024-07-13T00:45:05.951+0000] {dag.py:3096} INFO - Sync 1 DAGs
[2024-07-13T00:45:05.974+0000] {logging_mixin.py:188} INFO - [2024-07-13T00:45:05.973+0000] {dag.py:3954} INFO - Setting next_dagrun for example_local_kubernetes_executor to None, run_after=None
[2024-07-13T00:45:06.002+0000] {processor.py:183} INFO - Processing /home/airflow/.local/lib/python3.11/site-packages/airflow/example_dags/example_local_kubernetes_executor.py took 0.144 seconds
[2024-07-13T00:45:38.853+0000] {processor.py:161} INFO - Started process (PID=232) to work on /home/airflow/.local/lib/python3.11/site-packages/airflow/example_dags/example_local_kubernetes_executor.py
[2024-07-13T00:45:38.856+0000] {processor.py:830} INFO - Processing file /home/airflow/.local/lib/python3.11/site-packages/airflow/example_dags/example_local_kubernetes_executor.py for tasks to queue
[2024-07-13T00:45:38.859+0000] {logging_mixin.py:188} INFO - [2024-07-13T00:45:38.859+0000] {dagbag.py:545} INFO - Filling up the DagBag from /home/airflow/.local/lib/python3.11/site-packages/airflow/example_dags/example_local_kubernetes_executor.py
[2024-07-13T00:45:38.874+0000] {processor.py:840} INFO - DAG(s) 'example_local_kubernetes_executor' retrieved from /home/airflow/.local/lib/python3.11/site-packages/airflow/example_dags/example_local_kubernetes_executor.py
[2024-07-13T00:45:38.938+0000] {logging_mixin.py:188} INFO - [2024-07-13T00:45:38.938+0000] {dag.py:3096} INFO - Sync 1 DAGs
[2024-07-13T00:45:38.959+0000] {logging_mixin.py:188} INFO - [2024-07-13T00:45:38.958+0000] {dag.py:3954} INFO - Setting next_dagrun for example_local_kubernetes_executor to None, run_after=None
[2024-07-13T00:45:38.985+0000] {processor.py:183} INFO - Processing /home/airflow/.local/lib/python3.11/site-packages/airflow/example_dags/example_local_kubernetes_executor.py took 0.144 seconds
[2024-07-13T00:46:11.553+0000] {processor.py:161} INFO - Started process (PID=293) to work on /home/airflow/.local/lib/python3.11/site-packages/airflow/example_dags/example_local_kubernetes_executor.py
[2024-07-13T00:46:11.555+0000] {processor.py:830} INFO - Processing file /home/airflow/.local/lib/python3.11/site-packages/airflow/example_dags/example_local_kubernetes_executor.py for tasks to queue
[2024-07-13T00:46:11.558+0000] {logging_mixin.py:188} INFO - [2024-07-13T00:46:11.558+0000] {dagbag.py:545} INFO - Filling up the DagBag from /home/airflow/.local/lib/python3.11/site-packages/airflow/example_dags/example_local_kubernetes_executor.py
[2024-07-13T00:46:11.573+0000] {processor.py:840} INFO - DAG(s) 'example_local_kubernetes_executor' retrieved from /home/airflow/.local/lib/python3.11/site-packages/airflow/example_dags/example_local_kubernetes_executor.py
[2024-07-13T00:46:11.637+0000] {logging_mixin.py:188} INFO - [2024-07-13T00:46:11.636+0000] {dag.py:3096} INFO - Sync 1 DAGs
[2024-07-13T00:46:11.663+0000] {logging_mixin.py:188} INFO - [2024-07-13T00:46:11.663+0000] {dag.py:3954} INFO - Setting next_dagrun for example_local_kubernetes_executor to None, run_after=None
[2024-07-13T00:46:11.695+0000] {processor.py:183} INFO - Processing /home/airflow/.local/lib/python3.11/site-packages/airflow/example_dags/example_local_kubernetes_executor.py took 0.155 seconds
[2024-07-13T00:46:44.975+0000] {processor.py:161} INFO - Started process (PID=361) to work on /home/airflow/.local/lib/python3.11/site-packages/airflow/example_dags/example_local_kubernetes_executor.py
[2024-07-13T00:46:44.978+0000] {processor.py:830} INFO - Processing file /home/airflow/.local/lib/python3.11/site-packages/airflow/example_dags/example_local_kubernetes_executor.py for tasks to queue
[2024-07-13T00:46:44.981+0000] {logging_mixin.py:188} INFO - [2024-07-13T00:46:44.980+0000] {dagbag.py:545} INFO - Filling up the DagBag from /home/airflow/.local/lib/python3.11/site-packages/airflow/example_dags/example_local_kubernetes_executor.py
[2024-07-13T00:46:44.995+0000] {processor.py:840} INFO - DAG(s) 'example_local_kubernetes_executor' retrieved from /home/airflow/.local/lib/python3.11/site-packages/airflow/example_dags/example_local_kubernetes_executor.py
[2024-07-13T00:46:45.070+0000] {logging_mixin.py:188} INFO - [2024-07-13T00:46:45.070+0000] {dag.py:3096} INFO - Sync 1 DAGs
[2024-07-13T00:46:45.095+0000] {logging_mixin.py:188} INFO - [2024-07-13T00:46:45.095+0000] {dag.py:3954} INFO - Setting next_dagrun for example_local_kubernetes_executor to None, run_after=None
[2024-07-13T00:46:45.135+0000] {processor.py:183} INFO - Processing /home/airflow/.local/lib/python3.11/site-packages/airflow/example_dags/example_local_kubernetes_executor.py took 0.172 seconds
[2024-07-13T00:47:18.550+0000] {processor.py:161} INFO - Started process (PID=422) to work on /home/airflow/.local/lib/python3.11/site-packages/airflow/example_dags/example_local_kubernetes_executor.py
[2024-07-13T00:47:18.552+0000] {processor.py:830} INFO - Processing file /home/airflow/.local/lib/python3.11/site-packages/airflow/example_dags/example_local_kubernetes_executor.py for tasks to queue
[2024-07-13T00:47:18.556+0000] {logging_mixin.py:188} INFO - [2024-07-13T00:47:18.555+0000] {dagbag.py:545} INFO - Filling up the DagBag from /home/airflow/.local/lib/python3.11/site-packages/airflow/example_dags/example_local_kubernetes_executor.py
[2024-07-13T00:47:18.570+0000] {processor.py:840} INFO - DAG(s) 'example_local_kubernetes_executor' retrieved from /home/airflow/.local/lib/python3.11/site-packages/airflow/example_dags/example_local_kubernetes_executor.py
[2024-07-13T00:47:18.634+0000] {logging_mixin.py:188} INFO - [2024-07-13T00:47:18.633+0000] {dag.py:3096} INFO - Sync 1 DAGs
[2024-07-13T00:47:18.655+0000] {logging_mixin.py:188} INFO - [2024-07-13T00:47:18.654+0000] {dag.py:3954} INFO - Setting next_dagrun for example_local_kubernetes_executor to None, run_after=None
[2024-07-13T00:47:18.682+0000] {processor.py:183} INFO - Processing /home/airflow/.local/lib/python3.11/site-packages/airflow/example_dags/example_local_kubernetes_executor.py took 0.143 seconds
[2024-07-13T00:47:55.297+0000] {processor.py:161} INFO - Started process (PID=483) to work on /home/airflow/.local/lib/python3.11/site-packages/airflow/example_dags/example_local_kubernetes_executor.py
[2024-07-13T00:47:55.299+0000] {processor.py:830} INFO - Processing file /home/airflow/.local/lib/python3.11/site-packages/airflow/example_dags/example_local_kubernetes_executor.py for tasks to queue
[2024-07-13T00:47:55.303+0000] {logging_mixin.py:188} INFO - [2024-07-13T00:47:55.302+0000] {dagbag.py:545} INFO - Filling up the DagBag from /home/airflow/.local/lib/python3.11/site-packages/airflow/example_dags/example_local_kubernetes_executor.py
[2024-07-13T00:47:55.318+0000] {processor.py:840} INFO - DAG(s) 'example_local_kubernetes_executor' retrieved from /home/airflow/.local/lib/python3.11/site-packages/airflow/example_dags/example_local_kubernetes_executor.py
[2024-07-13T00:47:55.390+0000] {logging_mixin.py:188} INFO - [2024-07-13T00:47:55.390+0000] {dag.py:3096} INFO - Sync 1 DAGs
[2024-07-13T00:47:55.411+0000] {logging_mixin.py:188} INFO - [2024-07-13T00:47:55.411+0000] {dag.py:3954} INFO - Setting next_dagrun for example_local_kubernetes_executor to None, run_after=None
[2024-07-13T00:47:55.442+0000] {processor.py:183} INFO - Processing /home/airflow/.local/lib/python3.11/site-packages/airflow/example_dags/example_local_kubernetes_executor.py took 0.157 seconds
[2024-07-13T00:48:30.083+0000] {processor.py:161} INFO - Started process (PID=545) to work on /home/airflow/.local/lib/python3.11/site-packages/airflow/example_dags/example_local_kubernetes_executor.py
[2024-07-13T00:48:30.087+0000] {processor.py:830} INFO - Processing file /home/airflow/.local/lib/python3.11/site-packages/airflow/example_dags/example_local_kubernetes_executor.py for tasks to queue
[2024-07-13T00:48:30.090+0000] {logging_mixin.py:188} INFO - [2024-07-13T00:48:30.089+0000] {dagbag.py:545} INFO - Filling up the DagBag from /home/airflow/.local/lib/python3.11/site-packages/airflow/example_dags/example_local_kubernetes_executor.py
[2024-07-13T00:48:30.106+0000] {processor.py:840} INFO - DAG(s) 'example_local_kubernetes_executor' retrieved from /home/airflow/.local/lib/python3.11/site-packages/airflow/example_dags/example_local_kubernetes_executor.py
[2024-07-13T00:48:30.173+0000] {logging_mixin.py:188} INFO - [2024-07-13T00:48:30.172+0000] {dag.py:3096} INFO - Sync 1 DAGs
[2024-07-13T00:48:30.197+0000] {logging_mixin.py:188} INFO - [2024-07-13T00:48:30.197+0000] {dag.py:3954} INFO - Setting next_dagrun for example_local_kubernetes_executor to None, run_after=None
[2024-07-13T00:48:30.230+0000] {processor.py:183} INFO - Processing /home/airflow/.local/lib/python3.11/site-packages/airflow/example_dags/example_local_kubernetes_executor.py took 0.158 seconds
[2024-07-13T00:49:04.860+0000] {processor.py:161} INFO - Started process (PID=609) to work on /home/airflow/.local/lib/python3.11/site-packages/airflow/example_dags/example_local_kubernetes_executor.py
[2024-07-13T00:49:04.862+0000] {processor.py:830} INFO - Processing file /home/airflow/.local/lib/python3.11/site-packages/airflow/example_dags/example_local_kubernetes_executor.py for tasks to queue
[2024-07-13T00:49:04.866+0000] {logging_mixin.py:188} INFO - [2024-07-13T00:49:04.865+0000] {dagbag.py:545} INFO - Filling up the DagBag from /home/airflow/.local/lib/python3.11/site-packages/airflow/example_dags/example_local_kubernetes_executor.py
[2024-07-13T00:49:04.882+0000] {processor.py:840} INFO - DAG(s) 'example_local_kubernetes_executor' retrieved from /home/airflow/.local/lib/python3.11/site-packages/airflow/example_dags/example_local_kubernetes_executor.py
[2024-07-13T00:49:04.962+0000] {logging_mixin.py:188} INFO - [2024-07-13T00:49:04.961+0000] {dag.py:3096} INFO - Sync 1 DAGs
[2024-07-13T00:49:04.987+0000] {logging_mixin.py:188} INFO - [2024-07-13T00:49:04.987+0000] {dag.py:3954} INFO - Setting next_dagrun for example_local_kubernetes_executor to None, run_after=None
[2024-07-13T00:49:05.018+0000] {processor.py:183} INFO - Processing /home/airflow/.local/lib/python3.11/site-packages/airflow/example_dags/example_local_kubernetes_executor.py took 0.173 seconds
[2024-07-13T00:49:38.576+0000] {processor.py:161} INFO - Started process (PID=671) to work on /home/airflow/.local/lib/python3.11/site-packages/airflow/example_dags/example_local_kubernetes_executor.py
[2024-07-13T00:49:38.578+0000] {processor.py:830} INFO - Processing file /home/airflow/.local/lib/python3.11/site-packages/airflow/example_dags/example_local_kubernetes_executor.py for tasks to queue
[2024-07-13T00:49:38.582+0000] {logging_mixin.py:188} INFO - [2024-07-13T00:49:38.582+0000] {dagbag.py:545} INFO - Filling up the DagBag from /home/airflow/.local/lib/python3.11/site-packages/airflow/example_dags/example_local_kubernetes_executor.py
[2024-07-13T00:49:38.602+0000] {processor.py:840} INFO - DAG(s) 'example_local_kubernetes_executor' retrieved from /home/airflow/.local/lib/python3.11/site-packages/airflow/example_dags/example_local_kubernetes_executor.py
[2024-07-13T00:49:38.683+0000] {logging_mixin.py:188} INFO - [2024-07-13T00:49:38.682+0000] {dag.py:3096} INFO - Sync 1 DAGs
[2024-07-13T00:49:38.705+0000] {logging_mixin.py:188} INFO - [2024-07-13T00:49:38.704+0000] {dag.py:3954} INFO - Setting next_dagrun for example_local_kubernetes_executor to None, run_after=None
[2024-07-13T00:49:38.734+0000] {processor.py:183} INFO - Processing /home/airflow/.local/lib/python3.11/site-packages/airflow/example_dags/example_local_kubernetes_executor.py took 0.176 seconds
[2024-07-13T00:50:12.901+0000] {processor.py:161} INFO - Started process (PID=737) to work on /home/airflow/.local/lib/python3.11/site-packages/airflow/example_dags/example_local_kubernetes_executor.py
[2024-07-13T00:50:12.903+0000] {processor.py:830} INFO - Processing file /home/airflow/.local/lib/python3.11/site-packages/airflow/example_dags/example_local_kubernetes_executor.py for tasks to queue
[2024-07-13T00:50:12.907+0000] {logging_mixin.py:188} INFO - [2024-07-13T00:50:12.906+0000] {dagbag.py:545} INFO - Filling up the DagBag from /home/airflow/.local/lib/python3.11/site-packages/airflow/example_dags/example_local_kubernetes_executor.py
[2024-07-13T00:50:12.922+0000] {processor.py:840} INFO - DAG(s) 'example_local_kubernetes_executor' retrieved from /home/airflow/.local/lib/python3.11/site-packages/airflow/example_dags/example_local_kubernetes_executor.py
[2024-07-13T00:50:12.994+0000] {logging_mixin.py:188} INFO - [2024-07-13T00:50:12.993+0000] {dag.py:3096} INFO - Sync 1 DAGs
[2024-07-13T00:50:13.019+0000] {logging_mixin.py:188} INFO - [2024-07-13T00:50:13.018+0000] {dag.py:3954} INFO - Setting next_dagrun for example_local_kubernetes_executor to None, run_after=None
[2024-07-13T00:50:13.058+0000] {processor.py:183} INFO - Processing /home/airflow/.local/lib/python3.11/site-packages/airflow/example_dags/example_local_kubernetes_executor.py took 0.171 seconds
[2024-07-13T00:50:45.795+0000] {processor.py:161} INFO - Started process (PID=805) to work on /home/airflow/.local/lib/python3.11/site-packages/airflow/example_dags/example_local_kubernetes_executor.py
[2024-07-13T00:50:45.797+0000] {processor.py:830} INFO - Processing file /home/airflow/.local/lib/python3.11/site-packages/airflow/example_dags/example_local_kubernetes_executor.py for tasks to queue
[2024-07-13T00:50:45.800+0000] {logging_mixin.py:188} INFO - [2024-07-13T00:50:45.799+0000] {dagbag.py:545} INFO - Filling up the DagBag from /home/airflow/.local/lib/python3.11/site-packages/airflow/example_dags/example_local_kubernetes_executor.py
[2024-07-13T00:50:45.814+0000] {processor.py:840} INFO - DAG(s) 'example_local_kubernetes_executor' retrieved from /home/airflow/.local/lib/python3.11/site-packages/airflow/example_dags/example_local_kubernetes_executor.py
[2024-07-13T00:50:45.880+0000] {logging_mixin.py:188} INFO - [2024-07-13T00:50:45.880+0000] {dag.py:3096} INFO - Sync 1 DAGs
[2024-07-13T00:50:45.899+0000] {logging_mixin.py:188} INFO - [2024-07-13T00:50:45.899+0000] {dag.py:3954} INFO - Setting next_dagrun for example_local_kubernetes_executor to None, run_after=None
[2024-07-13T00:50:45.925+0000] {processor.py:183} INFO - Processing /home/airflow/.local/lib/python3.11/site-packages/airflow/example_dags/example_local_kubernetes_executor.py took 0.142 seconds
[2024-07-13T00:51:19.517+0000] {processor.py:161} INFO - Started process (PID=867) to work on /home/airflow/.local/lib/python3.11/site-packages/airflow/example_dags/example_local_kubernetes_executor.py
[2024-07-13T00:51:19.520+0000] {processor.py:830} INFO - Processing file /home/airflow/.local/lib/python3.11/site-packages/airflow/example_dags/example_local_kubernetes_executor.py for tasks to queue
[2024-07-13T00:51:19.524+0000] {logging_mixin.py:188} INFO - [2024-07-13T00:51:19.523+0000] {dagbag.py:545} INFO - Filling up the DagBag from /home/airflow/.local/lib/python3.11/site-packages/airflow/example_dags/example_local_kubernetes_executor.py
[2024-07-13T00:51:19.543+0000] {processor.py:840} INFO - DAG(s) 'example_local_kubernetes_executor' retrieved from /home/airflow/.local/lib/python3.11/site-packages/airflow/example_dags/example_local_kubernetes_executor.py
[2024-07-13T00:51:19.630+0000] {logging_mixin.py:188} INFO - [2024-07-13T00:51:19.628+0000] {dag.py:3096} INFO - Sync 1 DAGs
[2024-07-13T00:51:19.661+0000] {logging_mixin.py:188} INFO - [2024-07-13T00:51:19.661+0000] {dag.py:3954} INFO - Setting next_dagrun for example_local_kubernetes_executor to None, run_after=None
[2024-07-13T00:51:19.697+0000] {processor.py:183} INFO - Processing /home/airflow/.local/lib/python3.11/site-packages/airflow/example_dags/example_local_kubernetes_executor.py took 0.196 seconds
[2024-07-13T00:51:52.717+0000] {processor.py:161} INFO - Started process (PID=929) to work on /home/airflow/.local/lib/python3.11/site-packages/airflow/example_dags/example_local_kubernetes_executor.py
[2024-07-13T00:51:52.720+0000] {processor.py:830} INFO - Processing file /home/airflow/.local/lib/python3.11/site-packages/airflow/example_dags/example_local_kubernetes_executor.py for tasks to queue
[2024-07-13T00:51:52.722+0000] {logging_mixin.py:188} INFO - [2024-07-13T00:51:52.722+0000] {dagbag.py:545} INFO - Filling up the DagBag from /home/airflow/.local/lib/python3.11/site-packages/airflow/example_dags/example_local_kubernetes_executor.py
[2024-07-13T00:51:52.738+0000] {processor.py:840} INFO - DAG(s) 'example_local_kubernetes_executor' retrieved from /home/airflow/.local/lib/python3.11/site-packages/airflow/example_dags/example_local_kubernetes_executor.py
[2024-07-13T00:51:52.808+0000] {logging_mixin.py:188} INFO - [2024-07-13T00:51:52.807+0000] {dag.py:3096} INFO - Sync 1 DAGs
[2024-07-13T00:51:52.830+0000] {logging_mixin.py:188} INFO - [2024-07-13T00:51:52.829+0000] {dag.py:3954} INFO - Setting next_dagrun for example_local_kubernetes_executor to None, run_after=None
[2024-07-13T00:51:52.857+0000] {processor.py:183} INFO - Processing /home/airflow/.local/lib/python3.11/site-packages/airflow/example_dags/example_local_kubernetes_executor.py took 0.151 seconds
[2024-07-13T00:52:25.517+0000] {processor.py:161} INFO - Started process (PID=992) to work on /home/airflow/.local/lib/python3.11/site-packages/airflow/example_dags/example_local_kubernetes_executor.py
[2024-07-13T00:52:25.520+0000] {processor.py:830} INFO - Processing file /home/airflow/.local/lib/python3.11/site-packages/airflow/example_dags/example_local_kubernetes_executor.py for tasks to queue
[2024-07-13T00:52:25.524+0000] {logging_mixin.py:188} INFO - [2024-07-13T00:52:25.523+0000] {dagbag.py:545} INFO - Filling up the DagBag from /home/airflow/.local/lib/python3.11/site-packages/airflow/example_dags/example_local_kubernetes_executor.py
[2024-07-13T00:52:25.544+0000] {processor.py:840} INFO - DAG(s) 'example_local_kubernetes_executor' retrieved from /home/airflow/.local/lib/python3.11/site-packages/airflow/example_dags/example_local_kubernetes_executor.py
[2024-07-13T00:52:25.625+0000] {logging_mixin.py:188} INFO - [2024-07-13T00:52:25.624+0000] {dag.py:3096} INFO - Sync 1 DAGs
[2024-07-13T00:52:25.652+0000] {logging_mixin.py:188} INFO - [2024-07-13T00:52:25.651+0000] {dag.py:3954} INFO - Setting next_dagrun for example_local_kubernetes_executor to None, run_after=None
[2024-07-13T00:52:25.687+0000] {processor.py:183} INFO - Processing /home/airflow/.local/lib/python3.11/site-packages/airflow/example_dags/example_local_kubernetes_executor.py took 0.186 seconds
[2024-07-13T00:52:58.369+0000] {processor.py:161} INFO - Started process (PID=1055) to work on /home/airflow/.local/lib/python3.11/site-packages/airflow/example_dags/example_local_kubernetes_executor.py
[2024-07-13T00:52:58.371+0000] {processor.py:830} INFO - Processing file /home/airflow/.local/lib/python3.11/site-packages/airflow/example_dags/example_local_kubernetes_executor.py for tasks to queue
[2024-07-13T00:52:58.375+0000] {logging_mixin.py:188} INFO - [2024-07-13T00:52:58.374+0000] {dagbag.py:545} INFO - Filling up the DagBag from /home/airflow/.local/lib/python3.11/site-packages/airflow/example_dags/example_local_kubernetes_executor.py
[2024-07-13T00:52:58.391+0000] {processor.py:840} INFO - DAG(s) 'example_local_kubernetes_executor' retrieved from /home/airflow/.local/lib/python3.11/site-packages/airflow/example_dags/example_local_kubernetes_executor.py
[2024-07-13T00:52:58.469+0000] {logging_mixin.py:188} INFO - [2024-07-13T00:52:58.468+0000] {dag.py:3096} INFO - Sync 1 DAGs
[2024-07-13T00:52:58.491+0000] {logging_mixin.py:188} INFO - [2024-07-13T00:52:58.491+0000] {dag.py:3954} INFO - Setting next_dagrun for example_local_kubernetes_executor to None, run_after=None
[2024-07-13T00:52:58.529+0000] {processor.py:183} INFO - Processing /home/airflow/.local/lib/python3.11/site-packages/airflow/example_dags/example_local_kubernetes_executor.py took 0.173 seconds
[2024-07-13T00:53:31.324+0000] {processor.py:161} INFO - Started process (PID=1117) to work on /home/airflow/.local/lib/python3.11/site-packages/airflow/example_dags/example_local_kubernetes_executor.py
[2024-07-13T00:53:31.327+0000] {processor.py:830} INFO - Processing file /home/airflow/.local/lib/python3.11/site-packages/airflow/example_dags/example_local_kubernetes_executor.py for tasks to queue
[2024-07-13T00:53:31.330+0000] {logging_mixin.py:188} INFO - [2024-07-13T00:53:31.330+0000] {dagbag.py:545} INFO - Filling up the DagBag from /home/airflow/.local/lib/python3.11/site-packages/airflow/example_dags/example_local_kubernetes_executor.py
[2024-07-13T00:53:31.350+0000] {processor.py:840} INFO - DAG(s) 'example_local_kubernetes_executor' retrieved from /home/airflow/.local/lib/python3.11/site-packages/airflow/example_dags/example_local_kubernetes_executor.py
[2024-07-13T00:53:31.422+0000] {logging_mixin.py:188} INFO - [2024-07-13T00:53:31.421+0000] {dag.py:3096} INFO - Sync 1 DAGs
[2024-07-13T00:53:31.444+0000] {logging_mixin.py:188} INFO - [2024-07-13T00:53:31.444+0000] {dag.py:3954} INFO - Setting next_dagrun for example_local_kubernetes_executor to None, run_after=None
[2024-07-13T00:53:31.476+0000] {processor.py:183} INFO - Processing /home/airflow/.local/lib/python3.11/site-packages/airflow/example_dags/example_local_kubernetes_executor.py took 0.166 seconds
[2024-07-13T00:54:04.037+0000] {processor.py:161} INFO - Started process (PID=1179) to work on /home/airflow/.local/lib/python3.11/site-packages/airflow/example_dags/example_local_kubernetes_executor.py
[2024-07-13T00:54:04.039+0000] {processor.py:830} INFO - Processing file /home/airflow/.local/lib/python3.11/site-packages/airflow/example_dags/example_local_kubernetes_executor.py for tasks to queue
[2024-07-13T00:54:04.042+0000] {logging_mixin.py:188} INFO - [2024-07-13T00:54:04.041+0000] {dagbag.py:545} INFO - Filling up the DagBag from /home/airflow/.local/lib/python3.11/site-packages/airflow/example_dags/example_local_kubernetes_executor.py
[2024-07-13T00:54:04.057+0000] {processor.py:840} INFO - DAG(s) 'example_local_kubernetes_executor' retrieved from /home/airflow/.local/lib/python3.11/site-packages/airflow/example_dags/example_local_kubernetes_executor.py
[2024-07-13T00:54:04.128+0000] {logging_mixin.py:188} INFO - [2024-07-13T00:54:04.127+0000] {dag.py:3096} INFO - Sync 1 DAGs
[2024-07-13T00:54:04.148+0000] {logging_mixin.py:188} INFO - [2024-07-13T00:54:04.148+0000] {dag.py:3954} INFO - Setting next_dagrun for example_local_kubernetes_executor to None, run_after=None
[2024-07-13T00:54:04.176+0000] {processor.py:183} INFO - Processing /home/airflow/.local/lib/python3.11/site-packages/airflow/example_dags/example_local_kubernetes_executor.py took 0.151 seconds
[2024-07-13T00:54:36.976+0000] {processor.py:161} INFO - Started process (PID=1241) to work on /home/airflow/.local/lib/python3.11/site-packages/airflow/example_dags/example_local_kubernetes_executor.py
[2024-07-13T00:54:36.979+0000] {processor.py:830} INFO - Processing file /home/airflow/.local/lib/python3.11/site-packages/airflow/example_dags/example_local_kubernetes_executor.py for tasks to queue
[2024-07-13T00:54:36.983+0000] {logging_mixin.py:188} INFO - [2024-07-13T00:54:36.982+0000] {dagbag.py:545} INFO - Filling up the DagBag from /home/airflow/.local/lib/python3.11/site-packages/airflow/example_dags/example_local_kubernetes_executor.py
[2024-07-13T00:54:37.003+0000] {processor.py:840} INFO - DAG(s) 'example_local_kubernetes_executor' retrieved from /home/airflow/.local/lib/python3.11/site-packages/airflow/example_dags/example_local_kubernetes_executor.py
[2024-07-13T00:54:37.094+0000] {logging_mixin.py:188} INFO - [2024-07-13T00:54:37.093+0000] {dag.py:3096} INFO - Sync 1 DAGs
[2024-07-13T00:54:37.122+0000] {logging_mixin.py:188} INFO - [2024-07-13T00:54:37.121+0000] {dag.py:3954} INFO - Setting next_dagrun for example_local_kubernetes_executor to None, run_after=None
[2024-07-13T00:54:37.160+0000] {processor.py:183} INFO - Processing /home/airflow/.local/lib/python3.11/site-packages/airflow/example_dags/example_local_kubernetes_executor.py took 0.196 seconds
[2024-07-13T00:55:09.644+0000] {processor.py:161} INFO - Started process (PID=1303) to work on /home/airflow/.local/lib/python3.11/site-packages/airflow/example_dags/example_local_kubernetes_executor.py
[2024-07-13T00:55:09.645+0000] {processor.py:830} INFO - Processing file /home/airflow/.local/lib/python3.11/site-packages/airflow/example_dags/example_local_kubernetes_executor.py for tasks to queue
[2024-07-13T00:55:09.648+0000] {logging_mixin.py:188} INFO - [2024-07-13T00:55:09.648+0000] {dagbag.py:545} INFO - Filling up the DagBag from /home/airflow/.local/lib/python3.11/site-packages/airflow/example_dags/example_local_kubernetes_executor.py
[2024-07-13T00:55:09.663+0000] {processor.py:840} INFO - DAG(s) 'example_local_kubernetes_executor' retrieved from /home/airflow/.local/lib/python3.11/site-packages/airflow/example_dags/example_local_kubernetes_executor.py
[2024-07-13T00:55:09.732+0000] {logging_mixin.py:188} INFO - [2024-07-13T00:55:09.732+0000] {dag.py:3096} INFO - Sync 1 DAGs
[2024-07-13T00:55:09.755+0000] {logging_mixin.py:188} INFO - [2024-07-13T00:55:09.754+0000] {dag.py:3954} INFO - Setting next_dagrun for example_local_kubernetes_executor to None, run_after=None
[2024-07-13T00:55:09.791+0000] {processor.py:183} INFO - Processing /home/airflow/.local/lib/python3.11/site-packages/airflow/example_dags/example_local_kubernetes_executor.py took 0.161 seconds
[2024-07-13T00:58:57.974+0000] {processor.py:161} INFO - Started process (PID=48) to work on /home/airflow/.local/lib/python3.11/site-packages/airflow/example_dags/example_local_kubernetes_executor.py
[2024-07-13T00:58:57.977+0000] {processor.py:830} INFO - Processing file /home/airflow/.local/lib/python3.11/site-packages/airflow/example_dags/example_local_kubernetes_executor.py for tasks to queue
[2024-07-13T00:58:57.981+0000] {logging_mixin.py:188} INFO - [2024-07-13T00:58:57.980+0000] {dagbag.py:545} INFO - Filling up the DagBag from /home/airflow/.local/lib/python3.11/site-packages/airflow/example_dags/example_local_kubernetes_executor.py
[2024-07-13T00:58:58.006+0000] {processor.py:840} INFO - DAG(s) 'example_local_kubernetes_executor' retrieved from /home/airflow/.local/lib/python3.11/site-packages/airflow/example_dags/example_local_kubernetes_executor.py
[2024-07-13T00:58:58.296+0000] {logging_mixin.py:188} INFO - [2024-07-13T00:58:58.294+0000] {dag.py:3096} INFO - Sync 1 DAGs
[2024-07-13T00:58:58.314+0000] {logging_mixin.py:188} INFO - [2024-07-13T00:58:58.313+0000] {dag.py:3954} INFO - Setting next_dagrun for example_local_kubernetes_executor to None, run_after=None
[2024-07-13T00:58:58.350+0000] {processor.py:183} INFO - Processing /home/airflow/.local/lib/python3.11/site-packages/airflow/example_dags/example_local_kubernetes_executor.py took 0.391 seconds
[2024-07-13T00:59:29.740+0000] {processor.py:161} INFO - Started process (PID=110) to work on /home/airflow/.local/lib/python3.11/site-packages/airflow/example_dags/example_local_kubernetes_executor.py
[2024-07-13T00:59:29.743+0000] {processor.py:830} INFO - Processing file /home/airflow/.local/lib/python3.11/site-packages/airflow/example_dags/example_local_kubernetes_executor.py for tasks to queue
[2024-07-13T00:59:29.748+0000] {logging_mixin.py:188} INFO - [2024-07-13T00:59:29.748+0000] {dagbag.py:545} INFO - Filling up the DagBag from /home/airflow/.local/lib/python3.11/site-packages/airflow/example_dags/example_local_kubernetes_executor.py
[2024-07-13T00:59:29.767+0000] {processor.py:840} INFO - DAG(s) 'example_local_kubernetes_executor' retrieved from /home/airflow/.local/lib/python3.11/site-packages/airflow/example_dags/example_local_kubernetes_executor.py
[2024-07-13T00:59:29.848+0000] {logging_mixin.py:188} INFO - [2024-07-13T00:59:29.847+0000] {dag.py:3096} INFO - Sync 1 DAGs
[2024-07-13T00:59:29.876+0000] {logging_mixin.py:188} INFO - [2024-07-13T00:59:29.875+0000] {dag.py:3954} INFO - Setting next_dagrun for example_local_kubernetes_executor to None, run_after=None
[2024-07-13T00:59:29.909+0000] {processor.py:183} INFO - Processing /home/airflow/.local/lib/python3.11/site-packages/airflow/example_dags/example_local_kubernetes_executor.py took 0.184 seconds
[2024-07-13T01:00:02.550+0000] {processor.py:161} INFO - Started process (PID=171) to work on /home/airflow/.local/lib/python3.11/site-packages/airflow/example_dags/example_local_kubernetes_executor.py
[2024-07-13T01:00:02.552+0000] {processor.py:830} INFO - Processing file /home/airflow/.local/lib/python3.11/site-packages/airflow/example_dags/example_local_kubernetes_executor.py for tasks to queue
[2024-07-13T01:00:02.558+0000] {logging_mixin.py:188} INFO - [2024-07-13T01:00:02.557+0000] {dagbag.py:545} INFO - Filling up the DagBag from /home/airflow/.local/lib/python3.11/site-packages/airflow/example_dags/example_local_kubernetes_executor.py
[2024-07-13T01:00:02.580+0000] {processor.py:840} INFO - DAG(s) 'example_local_kubernetes_executor' retrieved from /home/airflow/.local/lib/python3.11/site-packages/airflow/example_dags/example_local_kubernetes_executor.py
[2024-07-13T01:00:02.664+0000] {logging_mixin.py:188} INFO - [2024-07-13T01:00:02.662+0000] {dag.py:3096} INFO - Sync 1 DAGs
[2024-07-13T01:00:02.689+0000] {logging_mixin.py:188} INFO - [2024-07-13T01:00:02.689+0000] {dag.py:3954} INFO - Setting next_dagrun for example_local_kubernetes_executor to None, run_after=None
[2024-07-13T01:00:02.726+0000] {processor.py:183} INFO - Processing /home/airflow/.local/lib/python3.11/site-packages/airflow/example_dags/example_local_kubernetes_executor.py took 0.192 seconds
[2024-07-13T01:00:35.550+0000] {processor.py:161} INFO - Started process (PID=233) to work on /home/airflow/.local/lib/python3.11/site-packages/airflow/example_dags/example_local_kubernetes_executor.py
[2024-07-13T01:00:35.554+0000] {processor.py:830} INFO - Processing file /home/airflow/.local/lib/python3.11/site-packages/airflow/example_dags/example_local_kubernetes_executor.py for tasks to queue
[2024-07-13T01:00:35.559+0000] {logging_mixin.py:188} INFO - [2024-07-13T01:00:35.558+0000] {dagbag.py:545} INFO - Filling up the DagBag from /home/airflow/.local/lib/python3.11/site-packages/airflow/example_dags/example_local_kubernetes_executor.py
[2024-07-13T01:00:35.577+0000] {processor.py:840} INFO - DAG(s) 'example_local_kubernetes_executor' retrieved from /home/airflow/.local/lib/python3.11/site-packages/airflow/example_dags/example_local_kubernetes_executor.py
[2024-07-13T01:00:35.651+0000] {logging_mixin.py:188} INFO - [2024-07-13T01:00:35.650+0000] {dag.py:3096} INFO - Sync 1 DAGs
[2024-07-13T01:00:35.674+0000] {logging_mixin.py:188} INFO - [2024-07-13T01:00:35.674+0000] {dag.py:3954} INFO - Setting next_dagrun for example_local_kubernetes_executor to None, run_after=None
[2024-07-13T01:00:35.711+0000] {processor.py:183} INFO - Processing /home/airflow/.local/lib/python3.11/site-packages/airflow/example_dags/example_local_kubernetes_executor.py took 0.178 seconds
[2024-07-13T01:01:08.804+0000] {processor.py:161} INFO - Started process (PID=301) to work on /home/airflow/.local/lib/python3.11/site-packages/airflow/example_dags/example_local_kubernetes_executor.py
[2024-07-13T01:01:08.806+0000] {processor.py:830} INFO - Processing file /home/airflow/.local/lib/python3.11/site-packages/airflow/example_dags/example_local_kubernetes_executor.py for tasks to queue
[2024-07-13T01:01:08.810+0000] {logging_mixin.py:188} INFO - [2024-07-13T01:01:08.810+0000] {dagbag.py:545} INFO - Filling up the DagBag from /home/airflow/.local/lib/python3.11/site-packages/airflow/example_dags/example_local_kubernetes_executor.py
[2024-07-13T01:01:08.828+0000] {processor.py:840} INFO - DAG(s) 'example_local_kubernetes_executor' retrieved from /home/airflow/.local/lib/python3.11/site-packages/airflow/example_dags/example_local_kubernetes_executor.py
[2024-07-13T01:01:08.902+0000] {logging_mixin.py:188} INFO - [2024-07-13T01:01:08.901+0000] {dag.py:3096} INFO - Sync 1 DAGs
[2024-07-13T01:01:08.922+0000] {logging_mixin.py:188} INFO - [2024-07-13T01:01:08.922+0000] {dag.py:3954} INFO - Setting next_dagrun for example_local_kubernetes_executor to None, run_after=None
[2024-07-13T01:01:08.958+0000] {processor.py:183} INFO - Processing /home/airflow/.local/lib/python3.11/site-packages/airflow/example_dags/example_local_kubernetes_executor.py took 0.169 seconds
[2024-07-13T01:01:42.313+0000] {processor.py:161} INFO - Started process (PID=363) to work on /home/airflow/.local/lib/python3.11/site-packages/airflow/example_dags/example_local_kubernetes_executor.py
[2024-07-13T01:01:42.315+0000] {processor.py:830} INFO - Processing file /home/airflow/.local/lib/python3.11/site-packages/airflow/example_dags/example_local_kubernetes_executor.py for tasks to queue
[2024-07-13T01:01:42.319+0000] {logging_mixin.py:188} INFO - [2024-07-13T01:01:42.318+0000] {dagbag.py:545} INFO - Filling up the DagBag from /home/airflow/.local/lib/python3.11/site-packages/airflow/example_dags/example_local_kubernetes_executor.py
[2024-07-13T01:01:42.338+0000] {processor.py:840} INFO - DAG(s) 'example_local_kubernetes_executor' retrieved from /home/airflow/.local/lib/python3.11/site-packages/airflow/example_dags/example_local_kubernetes_executor.py
[2024-07-13T01:01:42.401+0000] {logging_mixin.py:188} INFO - [2024-07-13T01:01:42.400+0000] {dag.py:3096} INFO - Sync 1 DAGs
[2024-07-13T01:01:42.423+0000] {logging_mixin.py:188} INFO - [2024-07-13T01:01:42.423+0000] {dag.py:3954} INFO - Setting next_dagrun for example_local_kubernetes_executor to None, run_after=None
[2024-07-13T01:01:42.453+0000] {processor.py:183} INFO - Processing /home/airflow/.local/lib/python3.11/site-packages/airflow/example_dags/example_local_kubernetes_executor.py took 0.152 seconds
[2024-07-13T01:02:16.262+0000] {processor.py:161} INFO - Started process (PID=424) to work on /home/airflow/.local/lib/python3.11/site-packages/airflow/example_dags/example_local_kubernetes_executor.py
[2024-07-13T01:02:16.265+0000] {processor.py:830} INFO - Processing file /home/airflow/.local/lib/python3.11/site-packages/airflow/example_dags/example_local_kubernetes_executor.py for tasks to queue
[2024-07-13T01:02:16.270+0000] {logging_mixin.py:188} INFO - [2024-07-13T01:02:16.269+0000] {dagbag.py:545} INFO - Filling up the DagBag from /home/airflow/.local/lib/python3.11/site-packages/airflow/example_dags/example_local_kubernetes_executor.py
[2024-07-13T01:02:16.292+0000] {processor.py:840} INFO - DAG(s) 'example_local_kubernetes_executor' retrieved from /home/airflow/.local/lib/python3.11/site-packages/airflow/example_dags/example_local_kubernetes_executor.py
[2024-07-13T01:02:16.379+0000] {logging_mixin.py:188} INFO - [2024-07-13T01:02:16.378+0000] {dag.py:3096} INFO - Sync 1 DAGs
[2024-07-13T01:02:16.408+0000] {logging_mixin.py:188} INFO - [2024-07-13T01:02:16.407+0000] {dag.py:3954} INFO - Setting next_dagrun for example_local_kubernetes_executor to None, run_after=None
[2024-07-13T01:02:16.449+0000] {processor.py:183} INFO - Processing /home/airflow/.local/lib/python3.11/site-packages/airflow/example_dags/example_local_kubernetes_executor.py took 0.205 seconds
[2024-07-13T01:02:50.063+0000] {processor.py:161} INFO - Started process (PID=486) to work on /home/airflow/.local/lib/python3.11/site-packages/airflow/example_dags/example_local_kubernetes_executor.py
[2024-07-13T01:02:50.065+0000] {processor.py:830} INFO - Processing file /home/airflow/.local/lib/python3.11/site-packages/airflow/example_dags/example_local_kubernetes_executor.py for tasks to queue
[2024-07-13T01:02:50.069+0000] {logging_mixin.py:188} INFO - [2024-07-13T01:02:50.068+0000] {dagbag.py:545} INFO - Filling up the DagBag from /home/airflow/.local/lib/python3.11/site-packages/airflow/example_dags/example_local_kubernetes_executor.py
[2024-07-13T01:02:50.088+0000] {processor.py:840} INFO - DAG(s) 'example_local_kubernetes_executor' retrieved from /home/airflow/.local/lib/python3.11/site-packages/airflow/example_dags/example_local_kubernetes_executor.py
[2024-07-13T01:02:50.170+0000] {logging_mixin.py:188} INFO - [2024-07-13T01:02:50.169+0000] {dag.py:3096} INFO - Sync 1 DAGs
[2024-07-13T01:02:50.197+0000] {logging_mixin.py:188} INFO - [2024-07-13T01:02:50.196+0000] {dag.py:3954} INFO - Setting next_dagrun for example_local_kubernetes_executor to None, run_after=None
[2024-07-13T01:02:50.236+0000] {processor.py:183} INFO - Processing /home/airflow/.local/lib/python3.11/site-packages/airflow/example_dags/example_local_kubernetes_executor.py took 0.187 seconds
[2024-07-13T01:03:24.872+0000] {processor.py:161} INFO - Started process (PID=548) to work on /home/airflow/.local/lib/python3.11/site-packages/airflow/example_dags/example_local_kubernetes_executor.py
[2024-07-13T01:03:24.874+0000] {processor.py:830} INFO - Processing file /home/airflow/.local/lib/python3.11/site-packages/airflow/example_dags/example_local_kubernetes_executor.py for tasks to queue
[2024-07-13T01:03:24.878+0000] {logging_mixin.py:188} INFO - [2024-07-13T01:03:24.877+0000] {dagbag.py:545} INFO - Filling up the DagBag from /home/airflow/.local/lib/python3.11/site-packages/airflow/example_dags/example_local_kubernetes_executor.py
[2024-07-13T01:03:24.894+0000] {processor.py:840} INFO - DAG(s) 'example_local_kubernetes_executor' retrieved from /home/airflow/.local/lib/python3.11/site-packages/airflow/example_dags/example_local_kubernetes_executor.py
[2024-07-13T01:03:24.973+0000] {logging_mixin.py:188} INFO - [2024-07-13T01:03:24.972+0000] {dag.py:3096} INFO - Sync 1 DAGs
[2024-07-13T01:03:24.994+0000] {logging_mixin.py:188} INFO - [2024-07-13T01:03:24.993+0000] {dag.py:3954} INFO - Setting next_dagrun for example_local_kubernetes_executor to None, run_after=None
[2024-07-13T01:03:25.032+0000] {processor.py:183} INFO - Processing /home/airflow/.local/lib/python3.11/site-packages/airflow/example_dags/example_local_kubernetes_executor.py took 0.174 seconds
[2024-07-13T01:03:59.013+0000] {processor.py:161} INFO - Started process (PID=611) to work on /home/airflow/.local/lib/python3.11/site-packages/airflow/example_dags/example_local_kubernetes_executor.py
[2024-07-13T01:03:59.015+0000] {processor.py:830} INFO - Processing file /home/airflow/.local/lib/python3.11/site-packages/airflow/example_dags/example_local_kubernetes_executor.py for tasks to queue
[2024-07-13T01:03:59.019+0000] {logging_mixin.py:188} INFO - [2024-07-13T01:03:59.018+0000] {dagbag.py:545} INFO - Filling up the DagBag from /home/airflow/.local/lib/python3.11/site-packages/airflow/example_dags/example_local_kubernetes_executor.py
[2024-07-13T01:03:59.038+0000] {processor.py:840} INFO - DAG(s) 'example_local_kubernetes_executor' retrieved from /home/airflow/.local/lib/python3.11/site-packages/airflow/example_dags/example_local_kubernetes_executor.py
[2024-07-13T01:03:59.122+0000] {logging_mixin.py:188} INFO - [2024-07-13T01:03:59.121+0000] {dag.py:3096} INFO - Sync 1 DAGs
[2024-07-13T01:03:59.153+0000] {logging_mixin.py:188} INFO - [2024-07-13T01:03:59.152+0000] {dag.py:3954} INFO - Setting next_dagrun for example_local_kubernetes_executor to None, run_after=None
[2024-07-13T01:03:59.193+0000] {processor.py:183} INFO - Processing /home/airflow/.local/lib/python3.11/site-packages/airflow/example_dags/example_local_kubernetes_executor.py took 0.195 seconds
[2024-07-13T01:04:32.485+0000] {processor.py:161} INFO - Started process (PID=673) to work on /home/airflow/.local/lib/python3.11/site-packages/airflow/example_dags/example_local_kubernetes_executor.py
[2024-07-13T01:04:32.487+0000] {processor.py:830} INFO - Processing file /home/airflow/.local/lib/python3.11/site-packages/airflow/example_dags/example_local_kubernetes_executor.py for tasks to queue
[2024-07-13T01:04:32.492+0000] {logging_mixin.py:188} INFO - [2024-07-13T01:04:32.491+0000] {dagbag.py:545} INFO - Filling up the DagBag from /home/airflow/.local/lib/python3.11/site-packages/airflow/example_dags/example_local_kubernetes_executor.py
[2024-07-13T01:04:32.513+0000] {processor.py:840} INFO - DAG(s) 'example_local_kubernetes_executor' retrieved from /home/airflow/.local/lib/python3.11/site-packages/airflow/example_dags/example_local_kubernetes_executor.py
[2024-07-13T01:04:32.603+0000] {logging_mixin.py:188} INFO - [2024-07-13T01:04:32.602+0000] {dag.py:3096} INFO - Sync 1 DAGs
[2024-07-13T01:04:32.632+0000] {logging_mixin.py:188} INFO - [2024-07-13T01:04:32.631+0000] {dag.py:3954} INFO - Setting next_dagrun for example_local_kubernetes_executor to None, run_after=None
[2024-07-13T01:04:32.669+0000] {processor.py:183} INFO - Processing /home/airflow/.local/lib/python3.11/site-packages/airflow/example_dags/example_local_kubernetes_executor.py took 0.202 seconds
[2024-07-13T01:05:05.721+0000] {processor.py:161} INFO - Started process (PID=735) to work on /home/airflow/.local/lib/python3.11/site-packages/airflow/example_dags/example_local_kubernetes_executor.py
[2024-07-13T01:05:05.723+0000] {processor.py:830} INFO - Processing file /home/airflow/.local/lib/python3.11/site-packages/airflow/example_dags/example_local_kubernetes_executor.py for tasks to queue
[2024-07-13T01:05:05.728+0000] {logging_mixin.py:188} INFO - [2024-07-13T01:05:05.727+0000] {dagbag.py:545} INFO - Filling up the DagBag from /home/airflow/.local/lib/python3.11/site-packages/airflow/example_dags/example_local_kubernetes_executor.py
[2024-07-13T01:05:05.748+0000] {processor.py:840} INFO - DAG(s) 'example_local_kubernetes_executor' retrieved from /home/airflow/.local/lib/python3.11/site-packages/airflow/example_dags/example_local_kubernetes_executor.py
[2024-07-13T01:05:05.817+0000] {logging_mixin.py:188} INFO - [2024-07-13T01:05:05.817+0000] {dag.py:3096} INFO - Sync 1 DAGs
[2024-07-13T01:05:05.837+0000] {logging_mixin.py:188} INFO - [2024-07-13T01:05:05.837+0000] {dag.py:3954} INFO - Setting next_dagrun for example_local_kubernetes_executor to None, run_after=None
[2024-07-13T01:05:05.870+0000] {processor.py:183} INFO - Processing /home/airflow/.local/lib/python3.11/site-packages/airflow/example_dags/example_local_kubernetes_executor.py took 0.163 seconds
[2024-07-13T01:05:40.476+0000] {processor.py:161} INFO - Started process (PID=804) to work on /home/airflow/.local/lib/python3.11/site-packages/airflow/example_dags/example_local_kubernetes_executor.py
[2024-07-13T01:05:40.478+0000] {processor.py:830} INFO - Processing file /home/airflow/.local/lib/python3.11/site-packages/airflow/example_dags/example_local_kubernetes_executor.py for tasks to queue
[2024-07-13T01:05:40.482+0000] {logging_mixin.py:188} INFO - [2024-07-13T01:05:40.482+0000] {dagbag.py:545} INFO - Filling up the DagBag from /home/airflow/.local/lib/python3.11/site-packages/airflow/example_dags/example_local_kubernetes_executor.py
[2024-07-13T01:05:40.499+0000] {processor.py:840} INFO - DAG(s) 'example_local_kubernetes_executor' retrieved from /home/airflow/.local/lib/python3.11/site-packages/airflow/example_dags/example_local_kubernetes_executor.py
[2024-07-13T01:05:40.570+0000] {logging_mixin.py:188} INFO - [2024-07-13T01:05:40.569+0000] {dag.py:3096} INFO - Sync 1 DAGs
[2024-07-13T01:05:40.996+0000] {logging_mixin.py:188} INFO - [2024-07-13T01:05:40.995+0000] {dag.py:3954} INFO - Setting next_dagrun for example_local_kubernetes_executor to None, run_after=None
[2024-07-13T01:05:41.025+0000] {processor.py:183} INFO - Processing /home/airflow/.local/lib/python3.11/site-packages/airflow/example_dags/example_local_kubernetes_executor.py took 0.562 seconds
[2024-07-13T01:06:12.872+0000] {processor.py:161} INFO - Started process (PID=866) to work on /home/airflow/.local/lib/python3.11/site-packages/airflow/example_dags/example_local_kubernetes_executor.py
[2024-07-13T01:06:12.874+0000] {processor.py:830} INFO - Processing file /home/airflow/.local/lib/python3.11/site-packages/airflow/example_dags/example_local_kubernetes_executor.py for tasks to queue
[2024-07-13T01:06:12.878+0000] {logging_mixin.py:188} INFO - [2024-07-13T01:06:12.877+0000] {dagbag.py:545} INFO - Filling up the DagBag from /home/airflow/.local/lib/python3.11/site-packages/airflow/example_dags/example_local_kubernetes_executor.py
[2024-07-13T01:06:12.896+0000] {processor.py:840} INFO - DAG(s) 'example_local_kubernetes_executor' retrieved from /home/airflow/.local/lib/python3.11/site-packages/airflow/example_dags/example_local_kubernetes_executor.py
[2024-07-13T01:06:12.982+0000] {logging_mixin.py:188} INFO - [2024-07-13T01:06:12.981+0000] {dag.py:3096} INFO - Sync 1 DAGs
[2024-07-13T01:06:13.010+0000] {logging_mixin.py:188} INFO - [2024-07-13T01:06:13.009+0000] {dag.py:3954} INFO - Setting next_dagrun for example_local_kubernetes_executor to None, run_after=None
[2024-07-13T01:06:13.047+0000] {processor.py:183} INFO - Processing /home/airflow/.local/lib/python3.11/site-packages/airflow/example_dags/example_local_kubernetes_executor.py took 0.188 seconds
[2024-07-13T01:06:45.461+0000] {processor.py:161} INFO - Started process (PID=928) to work on /home/airflow/.local/lib/python3.11/site-packages/airflow/example_dags/example_local_kubernetes_executor.py
[2024-07-13T01:06:45.463+0000] {processor.py:830} INFO - Processing file /home/airflow/.local/lib/python3.11/site-packages/airflow/example_dags/example_local_kubernetes_executor.py for tasks to queue
[2024-07-13T01:06:45.467+0000] {logging_mixin.py:188} INFO - [2024-07-13T01:06:45.466+0000] {dagbag.py:545} INFO - Filling up the DagBag from /home/airflow/.local/lib/python3.11/site-packages/airflow/example_dags/example_local_kubernetes_executor.py
[2024-07-13T01:06:45.484+0000] {processor.py:840} INFO - DAG(s) 'example_local_kubernetes_executor' retrieved from /home/airflow/.local/lib/python3.11/site-packages/airflow/example_dags/example_local_kubernetes_executor.py
[2024-07-13T01:06:45.562+0000] {logging_mixin.py:188} INFO - [2024-07-13T01:06:45.561+0000] {dag.py:3096} INFO - Sync 1 DAGs
[2024-07-13T01:06:45.586+0000] {logging_mixin.py:188} INFO - [2024-07-13T01:06:45.585+0000] {dag.py:3954} INFO - Setting next_dagrun for example_local_kubernetes_executor to None, run_after=None
[2024-07-13T01:06:45.624+0000] {processor.py:183} INFO - Processing /home/airflow/.local/lib/python3.11/site-packages/airflow/example_dags/example_local_kubernetes_executor.py took 0.178 seconds
[2024-07-13T01:07:18.689+0000] {processor.py:161} INFO - Started process (PID=990) to work on /home/airflow/.local/lib/python3.11/site-packages/airflow/example_dags/example_local_kubernetes_executor.py
[2024-07-13T01:07:18.692+0000] {processor.py:830} INFO - Processing file /home/airflow/.local/lib/python3.11/site-packages/airflow/example_dags/example_local_kubernetes_executor.py for tasks to queue
[2024-07-13T01:07:18.695+0000] {logging_mixin.py:188} INFO - [2024-07-13T01:07:18.695+0000] {dagbag.py:545} INFO - Filling up the DagBag from /home/airflow/.local/lib/python3.11/site-packages/airflow/example_dags/example_local_kubernetes_executor.py
[2024-07-13T01:07:18.714+0000] {processor.py:840} INFO - DAG(s) 'example_local_kubernetes_executor' retrieved from /home/airflow/.local/lib/python3.11/site-packages/airflow/example_dags/example_local_kubernetes_executor.py
[2024-07-13T01:07:18.785+0000] {logging_mixin.py:188} INFO - [2024-07-13T01:07:18.784+0000] {dag.py:3096} INFO - Sync 1 DAGs
[2024-07-13T01:07:18.813+0000] {logging_mixin.py:188} INFO - [2024-07-13T01:07:18.813+0000] {dag.py:3954} INFO - Setting next_dagrun for example_local_kubernetes_executor to None, run_after=None
[2024-07-13T01:07:18.857+0000] {processor.py:183} INFO - Processing /home/airflow/.local/lib/python3.11/site-packages/airflow/example_dags/example_local_kubernetes_executor.py took 0.182 seconds
[2024-07-13T01:07:52.310+0000] {processor.py:161} INFO - Started process (PID=1056) to work on /home/airflow/.local/lib/python3.11/site-packages/airflow/example_dags/example_local_kubernetes_executor.py
[2024-07-13T01:07:52.312+0000] {processor.py:830} INFO - Processing file /home/airflow/.local/lib/python3.11/site-packages/airflow/example_dags/example_local_kubernetes_executor.py for tasks to queue
[2024-07-13T01:07:52.315+0000] {logging_mixin.py:188} INFO - [2024-07-13T01:07:52.314+0000] {dagbag.py:545} INFO - Filling up the DagBag from /home/airflow/.local/lib/python3.11/site-packages/airflow/example_dags/example_local_kubernetes_executor.py
[2024-07-13T01:07:52.329+0000] {processor.py:840} INFO - DAG(s) 'example_local_kubernetes_executor' retrieved from /home/airflow/.local/lib/python3.11/site-packages/airflow/example_dags/example_local_kubernetes_executor.py
[2024-07-13T01:07:52.406+0000] {logging_mixin.py:188} INFO - [2024-07-13T01:07:52.405+0000] {dag.py:3096} INFO - Sync 1 DAGs
[2024-07-13T01:07:52.427+0000] {logging_mixin.py:188} INFO - [2024-07-13T01:07:52.427+0000] {dag.py:3954} INFO - Setting next_dagrun for example_local_kubernetes_executor to None, run_after=None
[2024-07-13T01:07:52.460+0000] {processor.py:183} INFO - Processing /home/airflow/.local/lib/python3.11/site-packages/airflow/example_dags/example_local_kubernetes_executor.py took 0.162 seconds
[2024-07-13T01:08:25.934+0000] {processor.py:161} INFO - Started process (PID=1118) to work on /home/airflow/.local/lib/python3.11/site-packages/airflow/example_dags/example_local_kubernetes_executor.py
[2024-07-13T01:08:25.936+0000] {processor.py:830} INFO - Processing file /home/airflow/.local/lib/python3.11/site-packages/airflow/example_dags/example_local_kubernetes_executor.py for tasks to queue
[2024-07-13T01:08:25.939+0000] {logging_mixin.py:188} INFO - [2024-07-13T01:08:25.938+0000] {dagbag.py:545} INFO - Filling up the DagBag from /home/airflow/.local/lib/python3.11/site-packages/airflow/example_dags/example_local_kubernetes_executor.py
[2024-07-13T01:08:25.953+0000] {processor.py:840} INFO - DAG(s) 'example_local_kubernetes_executor' retrieved from /home/airflow/.local/lib/python3.11/site-packages/airflow/example_dags/example_local_kubernetes_executor.py
[2024-07-13T01:08:26.011+0000] {logging_mixin.py:188} INFO - [2024-07-13T01:08:26.011+0000] {dag.py:3096} INFO - Sync 1 DAGs
[2024-07-13T01:08:26.034+0000] {logging_mixin.py:188} INFO - [2024-07-13T01:08:26.033+0000] {dag.py:3954} INFO - Setting next_dagrun for example_local_kubernetes_executor to None, run_after=None
[2024-07-13T01:08:26.071+0000] {processor.py:183} INFO - Processing /home/airflow/.local/lib/python3.11/site-packages/airflow/example_dags/example_local_kubernetes_executor.py took 0.150 seconds
[2024-07-13T01:08:58.731+0000] {processor.py:161} INFO - Started process (PID=1180) to work on /home/airflow/.local/lib/python3.11/site-packages/airflow/example_dags/example_local_kubernetes_executor.py
[2024-07-13T01:08:58.732+0000] {processor.py:830} INFO - Processing file /home/airflow/.local/lib/python3.11/site-packages/airflow/example_dags/example_local_kubernetes_executor.py for tasks to queue
[2024-07-13T01:08:58.736+0000] {logging_mixin.py:188} INFO - [2024-07-13T01:08:58.735+0000] {dagbag.py:545} INFO - Filling up the DagBag from /home/airflow/.local/lib/python3.11/site-packages/airflow/example_dags/example_local_kubernetes_executor.py
[2024-07-13T01:08:58.750+0000] {processor.py:840} INFO - DAG(s) 'example_local_kubernetes_executor' retrieved from /home/airflow/.local/lib/python3.11/site-packages/airflow/example_dags/example_local_kubernetes_executor.py
[2024-07-13T01:08:58.815+0000] {logging_mixin.py:188} INFO - [2024-07-13T01:08:58.814+0000] {dag.py:3096} INFO - Sync 1 DAGs
[2024-07-13T01:08:58.835+0000] {logging_mixin.py:188} INFO - [2024-07-13T01:08:58.835+0000] {dag.py:3954} INFO - Setting next_dagrun for example_local_kubernetes_executor to None, run_after=None
[2024-07-13T01:08:58.867+0000] {processor.py:183} INFO - Processing /home/airflow/.local/lib/python3.11/site-packages/airflow/example_dags/example_local_kubernetes_executor.py took 0.148 seconds
[2024-07-13T01:11:16.823+0000] {processor.py:161} INFO - Started process (PID=46) to work on /home/airflow/.local/lib/python3.11/site-packages/airflow/example_dags/example_local_kubernetes_executor.py
[2024-07-13T01:11:16.826+0000] {processor.py:830} INFO - Processing file /home/airflow/.local/lib/python3.11/site-packages/airflow/example_dags/example_local_kubernetes_executor.py for tasks to queue
[2024-07-13T01:11:16.830+0000] {logging_mixin.py:188} INFO - [2024-07-13T01:11:16.830+0000] {dagbag.py:545} INFO - Filling up the DagBag from /home/airflow/.local/lib/python3.11/site-packages/airflow/example_dags/example_local_kubernetes_executor.py
[2024-07-13T01:11:16.856+0000] {processor.py:840} INFO - DAG(s) 'example_local_kubernetes_executor' retrieved from /home/airflow/.local/lib/python3.11/site-packages/airflow/example_dags/example_local_kubernetes_executor.py
[2024-07-13T01:11:17.118+0000] {logging_mixin.py:188} INFO - [2024-07-13T01:11:17.117+0000] {dag.py:3096} INFO - Sync 1 DAGs
[2024-07-13T01:11:17.142+0000] {logging_mixin.py:188} INFO - [2024-07-13T01:11:17.142+0000] {dag.py:3954} INFO - Setting next_dagrun for example_local_kubernetes_executor to None, run_after=None
[2024-07-13T01:11:17.182+0000] {processor.py:183} INFO - Processing /home/airflow/.local/lib/python3.11/site-packages/airflow/example_dags/example_local_kubernetes_executor.py took 0.374 seconds
[2024-07-13T01:11:49.169+0000] {processor.py:161} INFO - Started process (PID=107) to work on /home/airflow/.local/lib/python3.11/site-packages/airflow/example_dags/example_local_kubernetes_executor.py
[2024-07-13T01:11:49.171+0000] {processor.py:830} INFO - Processing file /home/airflow/.local/lib/python3.11/site-packages/airflow/example_dags/example_local_kubernetes_executor.py for tasks to queue
[2024-07-13T01:11:49.175+0000] {logging_mixin.py:188} INFO - [2024-07-13T01:11:49.175+0000] {dagbag.py:545} INFO - Filling up the DagBag from /home/airflow/.local/lib/python3.11/site-packages/airflow/example_dags/example_local_kubernetes_executor.py
[2024-07-13T01:11:49.194+0000] {processor.py:840} INFO - DAG(s) 'example_local_kubernetes_executor' retrieved from /home/airflow/.local/lib/python3.11/site-packages/airflow/example_dags/example_local_kubernetes_executor.py
[2024-07-13T01:11:49.264+0000] {logging_mixin.py:188} INFO - [2024-07-13T01:11:49.263+0000] {dag.py:3096} INFO - Sync 1 DAGs
[2024-07-13T01:11:49.285+0000] {logging_mixin.py:188} INFO - [2024-07-13T01:11:49.285+0000] {dag.py:3954} INFO - Setting next_dagrun for example_local_kubernetes_executor to None, run_after=None
[2024-07-13T01:11:49.313+0000] {processor.py:183} INFO - Processing /home/airflow/.local/lib/python3.11/site-packages/airflow/example_dags/example_local_kubernetes_executor.py took 0.158 seconds
[2024-07-13T01:12:22.931+0000] {processor.py:161} INFO - Started process (PID=169) to work on /home/airflow/.local/lib/python3.11/site-packages/airflow/example_dags/example_local_kubernetes_executor.py
[2024-07-13T01:12:22.933+0000] {processor.py:830} INFO - Processing file /home/airflow/.local/lib/python3.11/site-packages/airflow/example_dags/example_local_kubernetes_executor.py for tasks to queue
[2024-07-13T01:12:22.938+0000] {logging_mixin.py:188} INFO - [2024-07-13T01:12:22.937+0000] {dagbag.py:545} INFO - Filling up the DagBag from /home/airflow/.local/lib/python3.11/site-packages/airflow/example_dags/example_local_kubernetes_executor.py
[2024-07-13T01:12:22.958+0000] {processor.py:840} INFO - DAG(s) 'example_local_kubernetes_executor' retrieved from /home/airflow/.local/lib/python3.11/site-packages/airflow/example_dags/example_local_kubernetes_executor.py
[2024-07-13T01:12:23.051+0000] {logging_mixin.py:188} INFO - [2024-07-13T01:12:23.049+0000] {dag.py:3096} INFO - Sync 1 DAGs
[2024-07-13T01:12:23.081+0000] {logging_mixin.py:188} INFO - [2024-07-13T01:12:23.080+0000] {dag.py:3954} INFO - Setting next_dagrun for example_local_kubernetes_executor to None, run_after=None
[2024-07-13T01:12:23.117+0000] {processor.py:183} INFO - Processing /home/airflow/.local/lib/python3.11/site-packages/airflow/example_dags/example_local_kubernetes_executor.py took 0.204 seconds
[2024-07-13T01:12:55.529+0000] {processor.py:161} INFO - Started process (PID=231) to work on /home/airflow/.local/lib/python3.11/site-packages/airflow/example_dags/example_local_kubernetes_executor.py
[2024-07-13T01:12:55.531+0000] {processor.py:830} INFO - Processing file /home/airflow/.local/lib/python3.11/site-packages/airflow/example_dags/example_local_kubernetes_executor.py for tasks to queue
[2024-07-13T01:12:55.534+0000] {logging_mixin.py:188} INFO - [2024-07-13T01:12:55.533+0000] {dagbag.py:545} INFO - Filling up the DagBag from /home/airflow/.local/lib/python3.11/site-packages/airflow/example_dags/example_local_kubernetes_executor.py
[2024-07-13T01:12:55.548+0000] {processor.py:840} INFO - DAG(s) 'example_local_kubernetes_executor' retrieved from /home/airflow/.local/lib/python3.11/site-packages/airflow/example_dags/example_local_kubernetes_executor.py
[2024-07-13T01:12:55.621+0000] {logging_mixin.py:188} INFO - [2024-07-13T01:12:55.619+0000] {dag.py:3096} INFO - Sync 1 DAGs
[2024-07-13T01:12:55.654+0000] {logging_mixin.py:188} INFO - [2024-07-13T01:12:55.654+0000] {dag.py:3954} INFO - Setting next_dagrun for example_local_kubernetes_executor to None, run_after=None
[2024-07-13T01:12:55.697+0000] {processor.py:183} INFO - Processing /home/airflow/.local/lib/python3.11/site-packages/airflow/example_dags/example_local_kubernetes_executor.py took 0.180 seconds
[2024-07-13T01:13:30.019+0000] {processor.py:161} INFO - Started process (PID=300) to work on /home/airflow/.local/lib/python3.11/site-packages/airflow/example_dags/example_local_kubernetes_executor.py
[2024-07-13T01:13:30.021+0000] {processor.py:830} INFO - Processing file /home/airflow/.local/lib/python3.11/site-packages/airflow/example_dags/example_local_kubernetes_executor.py for tasks to queue
[2024-07-13T01:13:30.026+0000] {logging_mixin.py:188} INFO - [2024-07-13T01:13:30.024+0000] {dagbag.py:545} INFO - Filling up the DagBag from /home/airflow/.local/lib/python3.11/site-packages/airflow/example_dags/example_local_kubernetes_executor.py
[2024-07-13T01:13:30.046+0000] {processor.py:840} INFO - DAG(s) 'example_local_kubernetes_executor' retrieved from /home/airflow/.local/lib/python3.11/site-packages/airflow/example_dags/example_local_kubernetes_executor.py
[2024-07-13T01:13:30.137+0000] {logging_mixin.py:188} INFO - [2024-07-13T01:13:30.135+0000] {dag.py:3096} INFO - Sync 1 DAGs
[2024-07-13T01:13:30.166+0000] {logging_mixin.py:188} INFO - [2024-07-13T01:13:30.165+0000] {dag.py:3954} INFO - Setting next_dagrun for example_local_kubernetes_executor to None, run_after=None
[2024-07-13T01:13:30.204+0000] {processor.py:183} INFO - Processing /home/airflow/.local/lib/python3.11/site-packages/airflow/example_dags/example_local_kubernetes_executor.py took 0.203 seconds
[2024-07-13T01:14:02.882+0000] {processor.py:161} INFO - Started process (PID=362) to work on /home/airflow/.local/lib/python3.11/site-packages/airflow/example_dags/example_local_kubernetes_executor.py
[2024-07-13T01:14:02.886+0000] {processor.py:830} INFO - Processing file /home/airflow/.local/lib/python3.11/site-packages/airflow/example_dags/example_local_kubernetes_executor.py for tasks to queue
[2024-07-13T01:14:02.890+0000] {logging_mixin.py:188} INFO - [2024-07-13T01:14:02.890+0000] {dagbag.py:545} INFO - Filling up the DagBag from /home/airflow/.local/lib/python3.11/site-packages/airflow/example_dags/example_local_kubernetes_executor.py
[2024-07-13T01:14:02.909+0000] {processor.py:840} INFO - DAG(s) 'example_local_kubernetes_executor' retrieved from /home/airflow/.local/lib/python3.11/site-packages/airflow/example_dags/example_local_kubernetes_executor.py
[2024-07-13T01:14:02.979+0000] {logging_mixin.py:188} INFO - [2024-07-13T01:14:02.978+0000] {dag.py:3096} INFO - Sync 1 DAGs
[2024-07-13T01:14:03.002+0000] {logging_mixin.py:188} INFO - [2024-07-13T01:14:03.002+0000] {dag.py:3954} INFO - Setting next_dagrun for example_local_kubernetes_executor to None, run_after=None
[2024-07-13T01:14:03.031+0000] {processor.py:183} INFO - Processing /home/airflow/.local/lib/python3.11/site-packages/airflow/example_dags/example_local_kubernetes_executor.py took 0.163 seconds
[2024-07-13T01:14:36.872+0000] {processor.py:161} INFO - Started process (PID=424) to work on /home/airflow/.local/lib/python3.11/site-packages/airflow/example_dags/example_local_kubernetes_executor.py
[2024-07-13T01:14:36.875+0000] {processor.py:830} INFO - Processing file /home/airflow/.local/lib/python3.11/site-packages/airflow/example_dags/example_local_kubernetes_executor.py for tasks to queue
[2024-07-13T01:14:36.880+0000] {logging_mixin.py:188} INFO - [2024-07-13T01:14:36.879+0000] {dagbag.py:545} INFO - Filling up the DagBag from /home/airflow/.local/lib/python3.11/site-packages/airflow/example_dags/example_local_kubernetes_executor.py
[2024-07-13T01:14:36.899+0000] {processor.py:840} INFO - DAG(s) 'example_local_kubernetes_executor' retrieved from /home/airflow/.local/lib/python3.11/site-packages/airflow/example_dags/example_local_kubernetes_executor.py
[2024-07-13T01:14:36.987+0000] {logging_mixin.py:188} INFO - [2024-07-13T01:14:36.986+0000] {dag.py:3096} INFO - Sync 1 DAGs
[2024-07-13T01:14:37.014+0000] {logging_mixin.py:188} INFO - [2024-07-13T01:14:37.014+0000] {dag.py:3954} INFO - Setting next_dagrun for example_local_kubernetes_executor to None, run_after=None
[2024-07-13T01:14:37.047+0000] {processor.py:183} INFO - Processing /home/airflow/.local/lib/python3.11/site-packages/airflow/example_dags/example_local_kubernetes_executor.py took 0.190 seconds
[2024-07-13T01:15:11.111+0000] {processor.py:161} INFO - Started process (PID=486) to work on /home/airflow/.local/lib/python3.11/site-packages/airflow/example_dags/example_local_kubernetes_executor.py
[2024-07-13T01:15:11.114+0000] {processor.py:830} INFO - Processing file /home/airflow/.local/lib/python3.11/site-packages/airflow/example_dags/example_local_kubernetes_executor.py for tasks to queue
[2024-07-13T01:15:11.119+0000] {logging_mixin.py:188} INFO - [2024-07-13T01:15:11.118+0000] {dagbag.py:545} INFO - Filling up the DagBag from /home/airflow/.local/lib/python3.11/site-packages/airflow/example_dags/example_local_kubernetes_executor.py
[2024-07-13T01:15:11.140+0000] {processor.py:840} INFO - DAG(s) 'example_local_kubernetes_executor' retrieved from /home/airflow/.local/lib/python3.11/site-packages/airflow/example_dags/example_local_kubernetes_executor.py
[2024-07-13T01:15:11.215+0000] {logging_mixin.py:188} INFO - [2024-07-13T01:15:11.214+0000] {dag.py:3096} INFO - Sync 1 DAGs
[2024-07-13T01:15:11.236+0000] {logging_mixin.py:188} INFO - [2024-07-13T01:15:11.236+0000] {dag.py:3954} INFO - Setting next_dagrun for example_local_kubernetes_executor to None, run_after=None
[2024-07-13T01:15:11.271+0000] {processor.py:183} INFO - Processing /home/airflow/.local/lib/python3.11/site-packages/airflow/example_dags/example_local_kubernetes_executor.py took 0.175 seconds
[2024-07-13T01:15:44.934+0000] {processor.py:161} INFO - Started process (PID=547) to work on /home/airflow/.local/lib/python3.11/site-packages/airflow/example_dags/example_local_kubernetes_executor.py
[2024-07-13T01:15:44.956+0000] {processor.py:830} INFO - Processing file /home/airflow/.local/lib/python3.11/site-packages/airflow/example_dags/example_local_kubernetes_executor.py for tasks to queue
[2024-07-13T01:15:44.960+0000] {logging_mixin.py:188} INFO - [2024-07-13T01:15:44.959+0000] {dagbag.py:545} INFO - Filling up the DagBag from /home/airflow/.local/lib/python3.11/site-packages/airflow/example_dags/example_local_kubernetes_executor.py
[2024-07-13T01:15:44.996+0000] {processor.py:840} INFO - DAG(s) 'example_local_kubernetes_executor' retrieved from /home/airflow/.local/lib/python3.11/site-packages/airflow/example_dags/example_local_kubernetes_executor.py
[2024-07-13T01:15:45.202+0000] {logging_mixin.py:188} INFO - [2024-07-13T01:15:45.199+0000] {dag.py:3096} INFO - Sync 1 DAGs
[2024-07-13T01:15:45.272+0000] {logging_mixin.py:188} INFO - [2024-07-13T01:15:45.271+0000] {dag.py:3954} INFO - Setting next_dagrun for example_local_kubernetes_executor to None, run_after=None
[2024-07-13T01:15:45.365+0000] {processor.py:183} INFO - Processing /home/airflow/.local/lib/python3.11/site-packages/airflow/example_dags/example_local_kubernetes_executor.py took 0.458 seconds
[2024-07-13T01:16:17.768+0000] {processor.py:161} INFO - Started process (PID=610) to work on /home/airflow/.local/lib/python3.11/site-packages/airflow/example_dags/example_local_kubernetes_executor.py
[2024-07-13T01:16:17.770+0000] {processor.py:830} INFO - Processing file /home/airflow/.local/lib/python3.11/site-packages/airflow/example_dags/example_local_kubernetes_executor.py for tasks to queue
[2024-07-13T01:16:17.773+0000] {logging_mixin.py:188} INFO - [2024-07-13T01:16:17.772+0000] {dagbag.py:545} INFO - Filling up the DagBag from /home/airflow/.local/lib/python3.11/site-packages/airflow/example_dags/example_local_kubernetes_executor.py
[2024-07-13T01:16:17.790+0000] {processor.py:840} INFO - DAG(s) 'example_local_kubernetes_executor' retrieved from /home/airflow/.local/lib/python3.11/site-packages/airflow/example_dags/example_local_kubernetes_executor.py
[2024-07-13T01:16:17.870+0000] {logging_mixin.py:188} INFO - [2024-07-13T01:16:17.869+0000] {dag.py:3096} INFO - Sync 1 DAGs
[2024-07-13T01:16:17.898+0000] {logging_mixin.py:188} INFO - [2024-07-13T01:16:17.897+0000] {dag.py:3954} INFO - Setting next_dagrun for example_local_kubernetes_executor to None, run_after=None
[2024-07-13T01:16:17.950+0000] {processor.py:183} INFO - Processing /home/airflow/.local/lib/python3.11/site-packages/airflow/example_dags/example_local_kubernetes_executor.py took 0.193 seconds
