[2024-07-13T00:27:57.581+0000] {processor.py:161} INFO - Started process (PID=38) to work on /home/airflow/.local/lib/python3.11/site-packages/airflow/example_dags/example_sensors.py
[2024-07-13T00:27:57.583+0000] {processor.py:830} INFO - Processing file /home/airflow/.local/lib/python3.11/site-packages/airflow/example_dags/example_sensors.py for tasks to queue
[2024-07-13T00:27:57.585+0000] {logging_mixin.py:188} INFO - [2024-07-13T00:27:57.584+0000] {dagbag.py:545} INFO - Filling up the DagBag from /home/airflow/.local/lib/python3.11/site-packages/airflow/example_dags/example_sensors.py
[2024-07-13T00:27:57.614+0000] {processor.py:840} INFO - DAG(s) 'example_sensors' retrieved from /home/airflow/.local/lib/python3.11/site-packages/airflow/example_dags/example_sensors.py
[2024-07-13T00:27:57.846+0000] {logging_mixin.py:188} INFO - [2024-07-13T00:27:57.845+0000] {dag.py:3096} INFO - Sync 1 DAGs
[2024-07-13T00:27:57.865+0000] {logging_mixin.py:188} INFO - [2024-07-13T00:27:57.865+0000] {dag.py:3954} INFO - Setting next_dagrun for example_sensors to None, run_after=None
[2024-07-13T00:27:57.895+0000] {processor.py:183} INFO - Processing /home/airflow/.local/lib/python3.11/site-packages/airflow/example_dags/example_sensors.py took 0.328 seconds
[2024-07-13T00:28:30.661+0000] {processor.py:161} INFO - Started process (PID=100) to work on /home/airflow/.local/lib/python3.11/site-packages/airflow/example_dags/example_sensors.py
[2024-07-13T00:28:30.662+0000] {processor.py:830} INFO - Processing file /home/airflow/.local/lib/python3.11/site-packages/airflow/example_dags/example_sensors.py for tasks to queue
[2024-07-13T00:28:30.663+0000] {logging_mixin.py:188} INFO - [2024-07-13T00:28:30.663+0000] {dagbag.py:545} INFO - Filling up the DagBag from /home/airflow/.local/lib/python3.11/site-packages/airflow/example_dags/example_sensors.py
[2024-07-13T00:28:30.681+0000] {processor.py:840} INFO - DAG(s) 'example_sensors' retrieved from /home/airflow/.local/lib/python3.11/site-packages/airflow/example_dags/example_sensors.py
[2024-07-13T00:28:30.726+0000] {logging_mixin.py:188} INFO - [2024-07-13T00:28:30.725+0000] {dag.py:3096} INFO - Sync 1 DAGs
[2024-07-13T00:28:30.745+0000] {logging_mixin.py:188} INFO - [2024-07-13T00:28:30.745+0000] {dag.py:3954} INFO - Setting next_dagrun for example_sensors to None, run_after=None
[2024-07-13T00:28:30.771+0000] {processor.py:183} INFO - Processing /home/airflow/.local/lib/python3.11/site-packages/airflow/example_dags/example_sensors.py took 0.122 seconds
[2024-07-13T00:29:04.373+0000] {processor.py:161} INFO - Started process (PID=162) to work on /home/airflow/.local/lib/python3.11/site-packages/airflow/example_dags/example_sensors.py
[2024-07-13T00:29:04.376+0000] {processor.py:830} INFO - Processing file /home/airflow/.local/lib/python3.11/site-packages/airflow/example_dags/example_sensors.py for tasks to queue
[2024-07-13T00:29:04.377+0000] {logging_mixin.py:188} INFO - [2024-07-13T00:29:04.376+0000] {dagbag.py:545} INFO - Filling up the DagBag from /home/airflow/.local/lib/python3.11/site-packages/airflow/example_dags/example_sensors.py
[2024-07-13T00:29:04.395+0000] {processor.py:840} INFO - DAG(s) 'example_sensors' retrieved from /home/airflow/.local/lib/python3.11/site-packages/airflow/example_dags/example_sensors.py
[2024-07-13T00:29:04.448+0000] {logging_mixin.py:188} INFO - [2024-07-13T00:29:04.447+0000] {dag.py:3096} INFO - Sync 1 DAGs
[2024-07-13T00:29:04.470+0000] {logging_mixin.py:188} INFO - [2024-07-13T00:29:04.469+0000] {dag.py:3954} INFO - Setting next_dagrun for example_sensors to None, run_after=None
[2024-07-13T00:29:04.496+0000] {processor.py:183} INFO - Processing /home/airflow/.local/lib/python3.11/site-packages/airflow/example_dags/example_sensors.py took 0.137 seconds
[2024-07-13T00:29:37.426+0000] {processor.py:161} INFO - Started process (PID=224) to work on /home/airflow/.local/lib/python3.11/site-packages/airflow/example_dags/example_sensors.py
[2024-07-13T00:29:37.429+0000] {processor.py:830} INFO - Processing file /home/airflow/.local/lib/python3.11/site-packages/airflow/example_dags/example_sensors.py for tasks to queue
[2024-07-13T00:29:37.431+0000] {logging_mixin.py:188} INFO - [2024-07-13T00:29:37.430+0000] {dagbag.py:545} INFO - Filling up the DagBag from /home/airflow/.local/lib/python3.11/site-packages/airflow/example_dags/example_sensors.py
[2024-07-13T00:29:37.452+0000] {processor.py:840} INFO - DAG(s) 'example_sensors' retrieved from /home/airflow/.local/lib/python3.11/site-packages/airflow/example_dags/example_sensors.py
[2024-07-13T00:29:37.498+0000] {logging_mixin.py:188} INFO - [2024-07-13T00:29:37.498+0000] {dag.py:3096} INFO - Sync 1 DAGs
[2024-07-13T00:29:37.519+0000] {logging_mixin.py:188} INFO - [2024-07-13T00:29:37.518+0000] {dag.py:3954} INFO - Setting next_dagrun for example_sensors to None, run_after=None
[2024-07-13T00:29:37.547+0000] {processor.py:183} INFO - Processing /home/airflow/.local/lib/python3.11/site-packages/airflow/example_dags/example_sensors.py took 0.135 seconds
[2024-07-13T00:30:10.022+0000] {processor.py:161} INFO - Started process (PID=286) to work on /home/airflow/.local/lib/python3.11/site-packages/airflow/example_dags/example_sensors.py
[2024-07-13T00:30:10.024+0000] {processor.py:830} INFO - Processing file /home/airflow/.local/lib/python3.11/site-packages/airflow/example_dags/example_sensors.py for tasks to queue
[2024-07-13T00:30:10.025+0000] {logging_mixin.py:188} INFO - [2024-07-13T00:30:10.025+0000] {dagbag.py:545} INFO - Filling up the DagBag from /home/airflow/.local/lib/python3.11/site-packages/airflow/example_dags/example_sensors.py
[2024-07-13T00:30:10.043+0000] {processor.py:840} INFO - DAG(s) 'example_sensors' retrieved from /home/airflow/.local/lib/python3.11/site-packages/airflow/example_dags/example_sensors.py
[2024-07-13T00:30:10.095+0000] {logging_mixin.py:188} INFO - [2024-07-13T00:30:10.094+0000] {dag.py:3096} INFO - Sync 1 DAGs
[2024-07-13T00:30:10.117+0000] {logging_mixin.py:188} INFO - [2024-07-13T00:30:10.117+0000] {dag.py:3954} INFO - Setting next_dagrun for example_sensors to None, run_after=None
[2024-07-13T00:30:10.157+0000] {processor.py:183} INFO - Processing /home/airflow/.local/lib/python3.11/site-packages/airflow/example_dags/example_sensors.py took 0.147 seconds
[2024-07-13T00:30:43.180+0000] {processor.py:161} INFO - Started process (PID=354) to work on /home/airflow/.local/lib/python3.11/site-packages/airflow/example_dags/example_sensors.py
[2024-07-13T00:30:43.182+0000] {processor.py:830} INFO - Processing file /home/airflow/.local/lib/python3.11/site-packages/airflow/example_dags/example_sensors.py for tasks to queue
[2024-07-13T00:30:43.183+0000] {logging_mixin.py:188} INFO - [2024-07-13T00:30:43.183+0000] {dagbag.py:545} INFO - Filling up the DagBag from /home/airflow/.local/lib/python3.11/site-packages/airflow/example_dags/example_sensors.py
[2024-07-13T00:30:43.202+0000] {processor.py:840} INFO - DAG(s) 'example_sensors' retrieved from /home/airflow/.local/lib/python3.11/site-packages/airflow/example_dags/example_sensors.py
[2024-07-13T00:30:43.248+0000] {logging_mixin.py:188} INFO - [2024-07-13T00:30:43.247+0000] {dag.py:3096} INFO - Sync 1 DAGs
[2024-07-13T00:30:43.270+0000] {logging_mixin.py:188} INFO - [2024-07-13T00:30:43.269+0000] {dag.py:3954} INFO - Setting next_dagrun for example_sensors to None, run_after=None
[2024-07-13T00:30:43.300+0000] {processor.py:183} INFO - Processing /home/airflow/.local/lib/python3.11/site-packages/airflow/example_dags/example_sensors.py took 0.131 seconds
[2024-07-13T00:31:16.510+0000] {processor.py:161} INFO - Started process (PID=417) to work on /home/airflow/.local/lib/python3.11/site-packages/airflow/example_dags/example_sensors.py
[2024-07-13T00:31:16.512+0000] {processor.py:830} INFO - Processing file /home/airflow/.local/lib/python3.11/site-packages/airflow/example_dags/example_sensors.py for tasks to queue
[2024-07-13T00:31:16.514+0000] {logging_mixin.py:188} INFO - [2024-07-13T00:31:16.513+0000] {dagbag.py:545} INFO - Filling up the DagBag from /home/airflow/.local/lib/python3.11/site-packages/airflow/example_dags/example_sensors.py
[2024-07-13T00:31:16.538+0000] {processor.py:840} INFO - DAG(s) 'example_sensors' retrieved from /home/airflow/.local/lib/python3.11/site-packages/airflow/example_dags/example_sensors.py
[2024-07-13T00:31:16.595+0000] {logging_mixin.py:188} INFO - [2024-07-13T00:31:16.594+0000] {dag.py:3096} INFO - Sync 1 DAGs
[2024-07-13T00:31:16.622+0000] {logging_mixin.py:188} INFO - [2024-07-13T00:31:16.621+0000] {dag.py:3954} INFO - Setting next_dagrun for example_sensors to None, run_after=None
[2024-07-13T00:31:16.663+0000] {processor.py:183} INFO - Processing /home/airflow/.local/lib/python3.11/site-packages/airflow/example_dags/example_sensors.py took 0.168 seconds
[2024-07-13T00:31:49.236+0000] {processor.py:161} INFO - Started process (PID=479) to work on /home/airflow/.local/lib/python3.11/site-packages/airflow/example_dags/example_sensors.py
[2024-07-13T00:31:49.237+0000] {processor.py:830} INFO - Processing file /home/airflow/.local/lib/python3.11/site-packages/airflow/example_dags/example_sensors.py for tasks to queue
[2024-07-13T00:31:49.239+0000] {logging_mixin.py:188} INFO - [2024-07-13T00:31:49.238+0000] {dagbag.py:545} INFO - Filling up the DagBag from /home/airflow/.local/lib/python3.11/site-packages/airflow/example_dags/example_sensors.py
[2024-07-13T00:31:49.286+0000] {processor.py:840} INFO - DAG(s) 'example_sensors' retrieved from /home/airflow/.local/lib/python3.11/site-packages/airflow/example_dags/example_sensors.py
[2024-07-13T00:31:49.343+0000] {logging_mixin.py:188} INFO - [2024-07-13T00:31:49.342+0000] {dag.py:3096} INFO - Sync 1 DAGs
[2024-07-13T00:31:49.367+0000] {logging_mixin.py:188} INFO - [2024-07-13T00:31:49.367+0000] {dag.py:3954} INFO - Setting next_dagrun for example_sensors to None, run_after=None
[2024-07-13T00:31:49.455+0000] {processor.py:183} INFO - Processing /home/airflow/.local/lib/python3.11/site-packages/airflow/example_dags/example_sensors.py took 0.244 seconds
[2024-07-13T00:32:20.257+0000] {processor.py:161} INFO - Started process (PID=540) to work on /home/airflow/.local/lib/python3.11/site-packages/airflow/example_dags/example_sensors.py
[2024-07-13T00:32:20.259+0000] {processor.py:830} INFO - Processing file /home/airflow/.local/lib/python3.11/site-packages/airflow/example_dags/example_sensors.py for tasks to queue
[2024-07-13T00:32:20.261+0000] {logging_mixin.py:188} INFO - [2024-07-13T00:32:20.260+0000] {dagbag.py:545} INFO - Filling up the DagBag from /home/airflow/.local/lib/python3.11/site-packages/airflow/example_dags/example_sensors.py
[2024-07-13T00:32:20.282+0000] {processor.py:840} INFO - DAG(s) 'example_sensors' retrieved from /home/airflow/.local/lib/python3.11/site-packages/airflow/example_dags/example_sensors.py
[2024-07-13T00:32:20.338+0000] {logging_mixin.py:188} INFO - [2024-07-13T00:32:20.337+0000] {dag.py:3096} INFO - Sync 1 DAGs
[2024-07-13T00:32:20.362+0000] {logging_mixin.py:188} INFO - [2024-07-13T00:32:20.362+0000] {dag.py:3954} INFO - Setting next_dagrun for example_sensors to None, run_after=None
[2024-07-13T00:32:20.395+0000] {processor.py:183} INFO - Processing /home/airflow/.local/lib/python3.11/site-packages/airflow/example_dags/example_sensors.py took 0.156 seconds
[2024-07-13T00:32:51.010+0000] {processor.py:161} INFO - Started process (PID=602) to work on /home/airflow/.local/lib/python3.11/site-packages/airflow/example_dags/example_sensors.py
[2024-07-13T00:32:51.013+0000] {processor.py:830} INFO - Processing file /home/airflow/.local/lib/python3.11/site-packages/airflow/example_dags/example_sensors.py for tasks to queue
[2024-07-13T00:32:51.014+0000] {logging_mixin.py:188} INFO - [2024-07-13T00:32:51.014+0000] {dagbag.py:545} INFO - Filling up the DagBag from /home/airflow/.local/lib/python3.11/site-packages/airflow/example_dags/example_sensors.py
[2024-07-13T00:32:51.040+0000] {processor.py:840} INFO - DAG(s) 'example_sensors' retrieved from /home/airflow/.local/lib/python3.11/site-packages/airflow/example_dags/example_sensors.py
[2024-07-13T00:32:51.098+0000] {logging_mixin.py:188} INFO - [2024-07-13T00:32:51.097+0000] {dag.py:3096} INFO - Sync 1 DAGs
[2024-07-13T00:32:51.123+0000] {logging_mixin.py:188} INFO - [2024-07-13T00:32:51.122+0000] {dag.py:3954} INFO - Setting next_dagrun for example_sensors to None, run_after=None
[2024-07-13T00:32:51.155+0000] {processor.py:183} INFO - Processing /home/airflow/.local/lib/python3.11/site-packages/airflow/example_dags/example_sensors.py took 0.158 seconds
[2024-07-13T00:33:21.229+0000] {processor.py:161} INFO - Started process (PID=664) to work on /home/airflow/.local/lib/python3.11/site-packages/airflow/example_dags/example_sensors.py
[2024-07-13T00:33:21.231+0000] {processor.py:830} INFO - Processing file /home/airflow/.local/lib/python3.11/site-packages/airflow/example_dags/example_sensors.py for tasks to queue
[2024-07-13T00:33:21.232+0000] {logging_mixin.py:188} INFO - [2024-07-13T00:33:21.232+0000] {dagbag.py:545} INFO - Filling up the DagBag from /home/airflow/.local/lib/python3.11/site-packages/airflow/example_dags/example_sensors.py
[2024-07-13T00:33:21.258+0000] {processor.py:840} INFO - DAG(s) 'example_sensors' retrieved from /home/airflow/.local/lib/python3.11/site-packages/airflow/example_dags/example_sensors.py
[2024-07-13T00:33:21.318+0000] {logging_mixin.py:188} INFO - [2024-07-13T00:33:21.317+0000] {dag.py:3096} INFO - Sync 1 DAGs
[2024-07-13T00:33:21.347+0000] {logging_mixin.py:188} INFO - [2024-07-13T00:33:21.346+0000] {dag.py:3954} INFO - Setting next_dagrun for example_sensors to None, run_after=None
[2024-07-13T00:33:21.379+0000] {processor.py:183} INFO - Processing /home/airflow/.local/lib/python3.11/site-packages/airflow/example_dags/example_sensors.py took 0.162 seconds
[2024-07-13T00:33:51.508+0000] {processor.py:161} INFO - Started process (PID=726) to work on /home/airflow/.local/lib/python3.11/site-packages/airflow/example_dags/example_sensors.py
[2024-07-13T00:33:51.510+0000] {processor.py:830} INFO - Processing file /home/airflow/.local/lib/python3.11/site-packages/airflow/example_dags/example_sensors.py for tasks to queue
[2024-07-13T00:33:51.512+0000] {logging_mixin.py:188} INFO - [2024-07-13T00:33:51.511+0000] {dagbag.py:545} INFO - Filling up the DagBag from /home/airflow/.local/lib/python3.11/site-packages/airflow/example_dags/example_sensors.py
[2024-07-13T00:33:51.532+0000] {processor.py:840} INFO - DAG(s) 'example_sensors' retrieved from /home/airflow/.local/lib/python3.11/site-packages/airflow/example_dags/example_sensors.py
[2024-07-13T00:33:51.587+0000] {logging_mixin.py:188} INFO - [2024-07-13T00:33:51.587+0000] {dag.py:3096} INFO - Sync 1 DAGs
[2024-07-13T00:33:51.610+0000] {logging_mixin.py:188} INFO - [2024-07-13T00:33:51.610+0000] {dag.py:3954} INFO - Setting next_dagrun for example_sensors to None, run_after=None
[2024-07-13T00:33:51.643+0000] {processor.py:183} INFO - Processing /home/airflow/.local/lib/python3.11/site-packages/airflow/example_dags/example_sensors.py took 0.148 seconds
[2024-07-13T00:35:45.619+0000] {processor.py:161} INFO - Started process (PID=39) to work on /home/airflow/.local/lib/python3.11/site-packages/airflow/example_dags/example_sensors.py
[2024-07-13T00:35:45.621+0000] {processor.py:830} INFO - Processing file /home/airflow/.local/lib/python3.11/site-packages/airflow/example_dags/example_sensors.py for tasks to queue
[2024-07-13T00:35:45.624+0000] {logging_mixin.py:188} INFO - [2024-07-13T00:35:45.624+0000] {dagbag.py:545} INFO - Filling up the DagBag from /home/airflow/.local/lib/python3.11/site-packages/airflow/example_dags/example_sensors.py
[2024-07-13T00:35:45.645+0000] {processor.py:840} INFO - DAG(s) 'example_sensors' retrieved from /home/airflow/.local/lib/python3.11/site-packages/airflow/example_dags/example_sensors.py
[2024-07-13T00:35:45.841+0000] {logging_mixin.py:188} INFO - [2024-07-13T00:35:45.840+0000] {dag.py:3096} INFO - Sync 1 DAGs
[2024-07-13T00:35:45.856+0000] {logging_mixin.py:188} INFO - [2024-07-13T00:35:45.855+0000] {dag.py:3954} INFO - Setting next_dagrun for example_sensors to None, run_after=None
[2024-07-13T00:35:45.881+0000] {processor.py:183} INFO - Processing /home/airflow/.local/lib/python3.11/site-packages/airflow/example_dags/example_sensors.py took 0.273 seconds
[2024-07-13T00:36:18.156+0000] {processor.py:161} INFO - Started process (PID=101) to work on /home/airflow/.local/lib/python3.11/site-packages/airflow/example_dags/example_sensors.py
[2024-07-13T00:36:18.158+0000] {processor.py:830} INFO - Processing file /home/airflow/.local/lib/python3.11/site-packages/airflow/example_dags/example_sensors.py for tasks to queue
[2024-07-13T00:36:18.161+0000] {logging_mixin.py:188} INFO - [2024-07-13T00:36:18.161+0000] {dagbag.py:545} INFO - Filling up the DagBag from /home/airflow/.local/lib/python3.11/site-packages/airflow/example_dags/example_sensors.py
[2024-07-13T00:36:18.178+0000] {processor.py:840} INFO - DAG(s) 'example_sensors' retrieved from /home/airflow/.local/lib/python3.11/site-packages/airflow/example_dags/example_sensors.py
[2024-07-13T00:36:18.224+0000] {logging_mixin.py:188} INFO - [2024-07-13T00:36:18.223+0000] {dag.py:3096} INFO - Sync 1 DAGs
[2024-07-13T00:36:18.244+0000] {logging_mixin.py:188} INFO - [2024-07-13T00:36:18.244+0000] {dag.py:3954} INFO - Setting next_dagrun for example_sensors to None, run_after=None
[2024-07-13T00:36:18.274+0000] {processor.py:183} INFO - Processing /home/airflow/.local/lib/python3.11/site-packages/airflow/example_dags/example_sensors.py took 0.129 seconds
[2024-07-13T00:38:16.183+0000] {processor.py:161} INFO - Started process (PID=37) to work on /home/airflow/.local/lib/python3.11/site-packages/airflow/example_dags/example_sensors.py
[2024-07-13T00:38:16.185+0000] {processor.py:830} INFO - Processing file /home/airflow/.local/lib/python3.11/site-packages/airflow/example_dags/example_sensors.py for tasks to queue
[2024-07-13T00:38:16.188+0000] {logging_mixin.py:188} INFO - [2024-07-13T00:38:16.188+0000] {dagbag.py:545} INFO - Filling up the DagBag from /home/airflow/.local/lib/python3.11/site-packages/airflow/example_dags/example_sensors.py
[2024-07-13T00:38:16.211+0000] {processor.py:840} INFO - DAG(s) 'example_sensors' retrieved from /home/airflow/.local/lib/python3.11/site-packages/airflow/example_dags/example_sensors.py
[2024-07-13T00:38:16.419+0000] {logging_mixin.py:188} INFO - [2024-07-13T00:38:16.419+0000] {dag.py:3096} INFO - Sync 1 DAGs
[2024-07-13T00:38:16.437+0000] {logging_mixin.py:188} INFO - [2024-07-13T00:38:16.436+0000] {dag.py:3954} INFO - Setting next_dagrun for example_sensors to None, run_after=None
[2024-07-13T00:38:16.471+0000] {processor.py:183} INFO - Processing /home/airflow/.local/lib/python3.11/site-packages/airflow/example_dags/example_sensors.py took 0.303 seconds
[2024-07-13T00:38:49.005+0000] {processor.py:161} INFO - Started process (PID=99) to work on /home/airflow/.local/lib/python3.11/site-packages/airflow/example_dags/example_sensors.py
[2024-07-13T00:38:49.007+0000] {processor.py:830} INFO - Processing file /home/airflow/.local/lib/python3.11/site-packages/airflow/example_dags/example_sensors.py for tasks to queue
[2024-07-13T00:38:49.011+0000] {logging_mixin.py:188} INFO - [2024-07-13T00:38:49.010+0000] {dagbag.py:545} INFO - Filling up the DagBag from /home/airflow/.local/lib/python3.11/site-packages/airflow/example_dags/example_sensors.py
[2024-07-13T00:38:49.037+0000] {processor.py:840} INFO - DAG(s) 'example_sensors' retrieved from /home/airflow/.local/lib/python3.11/site-packages/airflow/example_dags/example_sensors.py
[2024-07-13T00:38:49.079+0000] {logging_mixin.py:188} INFO - [2024-07-13T00:38:49.079+0000] {dag.py:3096} INFO - Sync 1 DAGs
[2024-07-13T00:38:49.098+0000] {logging_mixin.py:188} INFO - [2024-07-13T00:38:49.098+0000] {dag.py:3954} INFO - Setting next_dagrun for example_sensors to None, run_after=None
[2024-07-13T00:38:49.132+0000] {processor.py:183} INFO - Processing /home/airflow/.local/lib/python3.11/site-packages/airflow/example_dags/example_sensors.py took 0.141 seconds
[2024-07-13T00:39:19.546+0000] {processor.py:161} INFO - Started process (PID=160) to work on /home/airflow/.local/lib/python3.11/site-packages/airflow/example_dags/example_sensors.py
[2024-07-13T00:39:19.548+0000] {processor.py:830} INFO - Processing file /home/airflow/.local/lib/python3.11/site-packages/airflow/example_dags/example_sensors.py for tasks to queue
[2024-07-13T00:39:19.551+0000] {logging_mixin.py:188} INFO - [2024-07-13T00:39:19.550+0000] {dagbag.py:545} INFO - Filling up the DagBag from /home/airflow/.local/lib/python3.11/site-packages/airflow/example_dags/example_sensors.py
[2024-07-13T00:39:19.567+0000] {processor.py:840} INFO - DAG(s) 'example_sensors' retrieved from /home/airflow/.local/lib/python3.11/site-packages/airflow/example_dags/example_sensors.py
[2024-07-13T00:39:19.611+0000] {logging_mixin.py:188} INFO - [2024-07-13T00:39:19.611+0000] {dag.py:3096} INFO - Sync 1 DAGs
[2024-07-13T00:39:19.631+0000] {logging_mixin.py:188} INFO - [2024-07-13T00:39:19.630+0000] {dag.py:3954} INFO - Setting next_dagrun for example_sensors to None, run_after=None
[2024-07-13T00:39:19.658+0000] {processor.py:183} INFO - Processing /home/airflow/.local/lib/python3.11/site-packages/airflow/example_dags/example_sensors.py took 0.124 seconds
[2024-07-13T00:39:49.968+0000] {processor.py:161} INFO - Started process (PID=222) to work on /home/airflow/.local/lib/python3.11/site-packages/airflow/example_dags/example_sensors.py
[2024-07-13T00:39:49.970+0000] {processor.py:830} INFO - Processing file /home/airflow/.local/lib/python3.11/site-packages/airflow/example_dags/example_sensors.py for tasks to queue
[2024-07-13T00:39:49.974+0000] {logging_mixin.py:188} INFO - [2024-07-13T00:39:49.973+0000] {dagbag.py:545} INFO - Filling up the DagBag from /home/airflow/.local/lib/python3.11/site-packages/airflow/example_dags/example_sensors.py
[2024-07-13T00:39:49.992+0000] {processor.py:840} INFO - DAG(s) 'example_sensors' retrieved from /home/airflow/.local/lib/python3.11/site-packages/airflow/example_dags/example_sensors.py
[2024-07-13T00:39:50.033+0000] {logging_mixin.py:188} INFO - [2024-07-13T00:39:50.033+0000] {dag.py:3096} INFO - Sync 1 DAGs
[2024-07-13T00:39:50.055+0000] {logging_mixin.py:188} INFO - [2024-07-13T00:39:50.054+0000] {dag.py:3954} INFO - Setting next_dagrun for example_sensors to None, run_after=None
[2024-07-13T00:39:50.083+0000] {processor.py:183} INFO - Processing /home/airflow/.local/lib/python3.11/site-packages/airflow/example_dags/example_sensors.py took 0.131 seconds
[2024-07-13T00:40:20.586+0000] {processor.py:161} INFO - Started process (PID=284) to work on /home/airflow/.local/lib/python3.11/site-packages/airflow/example_dags/example_sensors.py
[2024-07-13T00:40:20.589+0000] {processor.py:830} INFO - Processing file /home/airflow/.local/lib/python3.11/site-packages/airflow/example_dags/example_sensors.py for tasks to queue
[2024-07-13T00:40:20.593+0000] {logging_mixin.py:188} INFO - [2024-07-13T00:40:20.592+0000] {dagbag.py:545} INFO - Filling up the DagBag from /home/airflow/.local/lib/python3.11/site-packages/airflow/example_dags/example_sensors.py
[2024-07-13T00:40:20.616+0000] {processor.py:840} INFO - DAG(s) 'example_sensors' retrieved from /home/airflow/.local/lib/python3.11/site-packages/airflow/example_dags/example_sensors.py
[2024-07-13T00:40:20.662+0000] {logging_mixin.py:188} INFO - [2024-07-13T00:40:20.662+0000] {dag.py:3096} INFO - Sync 1 DAGs
[2024-07-13T00:40:20.686+0000] {logging_mixin.py:188} INFO - [2024-07-13T00:40:20.686+0000] {dag.py:3954} INFO - Setting next_dagrun for example_sensors to None, run_after=None
[2024-07-13T00:40:20.718+0000] {processor.py:183} INFO - Processing /home/airflow/.local/lib/python3.11/site-packages/airflow/example_dags/example_sensors.py took 0.145 seconds
[2024-07-13T00:40:51.144+0000] {processor.py:161} INFO - Started process (PID=345) to work on /home/airflow/.local/lib/python3.11/site-packages/airflow/example_dags/example_sensors.py
[2024-07-13T00:40:51.147+0000] {processor.py:830} INFO - Processing file /home/airflow/.local/lib/python3.11/site-packages/airflow/example_dags/example_sensors.py for tasks to queue
[2024-07-13T00:40:51.152+0000] {logging_mixin.py:188} INFO - [2024-07-13T00:40:51.151+0000] {dagbag.py:545} INFO - Filling up the DagBag from /home/airflow/.local/lib/python3.11/site-packages/airflow/example_dags/example_sensors.py
[2024-07-13T00:40:51.184+0000] {processor.py:840} INFO - DAG(s) 'example_sensors' retrieved from /home/airflow/.local/lib/python3.11/site-packages/airflow/example_dags/example_sensors.py
[2024-07-13T00:40:51.273+0000] {logging_mixin.py:188} INFO - [2024-07-13T00:40:51.272+0000] {dag.py:3096} INFO - Sync 1 DAGs
[2024-07-13T00:40:51.318+0000] {logging_mixin.py:188} INFO - [2024-07-13T00:40:51.318+0000] {dag.py:3954} INFO - Setting next_dagrun for example_sensors to None, run_after=None
[2024-07-13T00:40:51.366+0000] {processor.py:183} INFO - Processing /home/airflow/.local/lib/python3.11/site-packages/airflow/example_dags/example_sensors.py took 0.248 seconds
[2024-07-13T00:41:21.650+0000] {processor.py:161} INFO - Started process (PID=406) to work on /home/airflow/.local/lib/python3.11/site-packages/airflow/example_dags/example_sensors.py
[2024-07-13T00:41:21.652+0000] {processor.py:830} INFO - Processing file /home/airflow/.local/lib/python3.11/site-packages/airflow/example_dags/example_sensors.py for tasks to queue
[2024-07-13T00:41:21.656+0000] {logging_mixin.py:188} INFO - [2024-07-13T00:41:21.656+0000] {dagbag.py:545} INFO - Filling up the DagBag from /home/airflow/.local/lib/python3.11/site-packages/airflow/example_dags/example_sensors.py
[2024-07-13T00:41:21.675+0000] {processor.py:840} INFO - DAG(s) 'example_sensors' retrieved from /home/airflow/.local/lib/python3.11/site-packages/airflow/example_dags/example_sensors.py
[2024-07-13T00:41:21.721+0000] {logging_mixin.py:188} INFO - [2024-07-13T00:41:21.720+0000] {dag.py:3096} INFO - Sync 1 DAGs
[2024-07-13T00:41:21.741+0000] {logging_mixin.py:188} INFO - [2024-07-13T00:41:21.741+0000] {dag.py:3954} INFO - Setting next_dagrun for example_sensors to None, run_after=None
[2024-07-13T00:41:21.769+0000] {processor.py:183} INFO - Processing /home/airflow/.local/lib/python3.11/site-packages/airflow/example_dags/example_sensors.py took 0.131 seconds
[2024-07-13T00:41:52.445+0000] {processor.py:161} INFO - Started process (PID=467) to work on /home/airflow/.local/lib/python3.11/site-packages/airflow/example_dags/example_sensors.py
[2024-07-13T00:41:52.447+0000] {processor.py:830} INFO - Processing file /home/airflow/.local/lib/python3.11/site-packages/airflow/example_dags/example_sensors.py for tasks to queue
[2024-07-13T00:41:52.450+0000] {logging_mixin.py:188} INFO - [2024-07-13T00:41:52.449+0000] {dagbag.py:545} INFO - Filling up the DagBag from /home/airflow/.local/lib/python3.11/site-packages/airflow/example_dags/example_sensors.py
[2024-07-13T00:41:52.468+0000] {processor.py:840} INFO - DAG(s) 'example_sensors' retrieved from /home/airflow/.local/lib/python3.11/site-packages/airflow/example_dags/example_sensors.py
[2024-07-13T00:41:52.515+0000] {logging_mixin.py:188} INFO - [2024-07-13T00:41:52.514+0000] {dag.py:3096} INFO - Sync 1 DAGs
[2024-07-13T00:41:52.538+0000] {logging_mixin.py:188} INFO - [2024-07-13T00:41:52.537+0000] {dag.py:3954} INFO - Setting next_dagrun for example_sensors to None, run_after=None
[2024-07-13T00:41:52.568+0000] {processor.py:183} INFO - Processing /home/airflow/.local/lib/python3.11/site-packages/airflow/example_dags/example_sensors.py took 0.135 seconds
[2024-07-13T00:43:59.585+0000] {processor.py:161} INFO - Started process (PID=38) to work on /home/airflow/.local/lib/python3.11/site-packages/airflow/example_dags/example_sensors.py
[2024-07-13T00:43:59.588+0000] {processor.py:830} INFO - Processing file /home/airflow/.local/lib/python3.11/site-packages/airflow/example_dags/example_sensors.py for tasks to queue
[2024-07-13T00:43:59.592+0000] {logging_mixin.py:188} INFO - [2024-07-13T00:43:59.591+0000] {dagbag.py:545} INFO - Filling up the DagBag from /home/airflow/.local/lib/python3.11/site-packages/airflow/example_dags/example_sensors.py
[2024-07-13T00:43:59.621+0000] {processor.py:840} INFO - DAG(s) 'example_sensors' retrieved from /home/airflow/.local/lib/python3.11/site-packages/airflow/example_dags/example_sensors.py
[2024-07-13T00:43:59.868+0000] {logging_mixin.py:188} INFO - [2024-07-13T00:43:59.867+0000] {dag.py:3096} INFO - Sync 1 DAGs
[2024-07-13T00:43:59.889+0000] {logging_mixin.py:188} INFO - [2024-07-13T00:43:59.889+0000] {dag.py:3954} INFO - Setting next_dagrun for example_sensors to None, run_after=None
[2024-07-13T00:43:59.926+0000] {processor.py:183} INFO - Processing /home/airflow/.local/lib/python3.11/site-packages/airflow/example_dags/example_sensors.py took 0.356 seconds
[2024-07-13T00:44:31.969+0000] {processor.py:161} INFO - Started process (PID=100) to work on /home/airflow/.local/lib/python3.11/site-packages/airflow/example_dags/example_sensors.py
[2024-07-13T00:44:31.975+0000] {processor.py:830} INFO - Processing file /home/airflow/.local/lib/python3.11/site-packages/airflow/example_dags/example_sensors.py for tasks to queue
[2024-07-13T00:44:31.978+0000] {logging_mixin.py:188} INFO - [2024-07-13T00:44:31.978+0000] {dagbag.py:545} INFO - Filling up the DagBag from /home/airflow/.local/lib/python3.11/site-packages/airflow/example_dags/example_sensors.py
[2024-07-13T00:44:31.996+0000] {processor.py:840} INFO - DAG(s) 'example_sensors' retrieved from /home/airflow/.local/lib/python3.11/site-packages/airflow/example_dags/example_sensors.py
[2024-07-13T00:44:32.039+0000] {logging_mixin.py:188} INFO - [2024-07-13T00:44:32.038+0000] {dag.py:3096} INFO - Sync 1 DAGs
[2024-07-13T00:44:32.058+0000] {logging_mixin.py:188} INFO - [2024-07-13T00:44:32.058+0000] {dag.py:3954} INFO - Setting next_dagrun for example_sensors to None, run_after=None
[2024-07-13T00:44:32.086+0000] {processor.py:183} INFO - Processing /home/airflow/.local/lib/python3.11/site-packages/airflow/example_dags/example_sensors.py took 0.129 seconds
[2024-07-13T00:45:02.157+0000] {processor.py:161} INFO - Started process (PID=160) to work on /home/airflow/.local/lib/python3.11/site-packages/airflow/example_dags/example_sensors.py
[2024-07-13T00:45:02.159+0000] {processor.py:830} INFO - Processing file /home/airflow/.local/lib/python3.11/site-packages/airflow/example_dags/example_sensors.py for tasks to queue
[2024-07-13T00:45:02.163+0000] {logging_mixin.py:188} INFO - [2024-07-13T00:45:02.162+0000] {dagbag.py:545} INFO - Filling up the DagBag from /home/airflow/.local/lib/python3.11/site-packages/airflow/example_dags/example_sensors.py
[2024-07-13T00:45:02.182+0000] {processor.py:840} INFO - DAG(s) 'example_sensors' retrieved from /home/airflow/.local/lib/python3.11/site-packages/airflow/example_dags/example_sensors.py
[2024-07-13T00:45:02.230+0000] {logging_mixin.py:188} INFO - [2024-07-13T00:45:02.230+0000] {dag.py:3096} INFO - Sync 1 DAGs
[2024-07-13T00:45:02.252+0000] {logging_mixin.py:188} INFO - [2024-07-13T00:45:02.252+0000] {dag.py:3954} INFO - Setting next_dagrun for example_sensors to None, run_after=None
[2024-07-13T00:45:02.286+0000] {processor.py:183} INFO - Processing /home/airflow/.local/lib/python3.11/site-packages/airflow/example_dags/example_sensors.py took 0.142 seconds
[2024-07-13T00:45:32.364+0000] {processor.py:161} INFO - Started process (PID=222) to work on /home/airflow/.local/lib/python3.11/site-packages/airflow/example_dags/example_sensors.py
[2024-07-13T00:45:32.369+0000] {processor.py:830} INFO - Processing file /home/airflow/.local/lib/python3.11/site-packages/airflow/example_dags/example_sensors.py for tasks to queue
[2024-07-13T00:45:32.372+0000] {logging_mixin.py:188} INFO - [2024-07-13T00:45:32.372+0000] {dagbag.py:545} INFO - Filling up the DagBag from /home/airflow/.local/lib/python3.11/site-packages/airflow/example_dags/example_sensors.py
[2024-07-13T00:45:32.427+0000] {processor.py:840} INFO - DAG(s) 'example_sensors' retrieved from /home/airflow/.local/lib/python3.11/site-packages/airflow/example_dags/example_sensors.py
[2024-07-13T00:45:32.516+0000] {logging_mixin.py:188} INFO - [2024-07-13T00:45:32.516+0000] {dag.py:3096} INFO - Sync 1 DAGs
[2024-07-13T00:45:32.542+0000] {logging_mixin.py:188} INFO - [2024-07-13T00:45:32.542+0000] {dag.py:3954} INFO - Setting next_dagrun for example_sensors to None, run_after=None
[2024-07-13T00:45:32.575+0000] {processor.py:183} INFO - Processing /home/airflow/.local/lib/python3.11/site-packages/airflow/example_dags/example_sensors.py took 0.226 seconds
[2024-07-13T00:46:02.950+0000] {processor.py:161} INFO - Started process (PID=283) to work on /home/airflow/.local/lib/python3.11/site-packages/airflow/example_dags/example_sensors.py
[2024-07-13T00:46:02.953+0000] {processor.py:830} INFO - Processing file /home/airflow/.local/lib/python3.11/site-packages/airflow/example_dags/example_sensors.py for tasks to queue
[2024-07-13T00:46:02.956+0000] {logging_mixin.py:188} INFO - [2024-07-13T00:46:02.956+0000] {dagbag.py:545} INFO - Filling up the DagBag from /home/airflow/.local/lib/python3.11/site-packages/airflow/example_dags/example_sensors.py
[2024-07-13T00:46:02.981+0000] {processor.py:840} INFO - DAG(s) 'example_sensors' retrieved from /home/airflow/.local/lib/python3.11/site-packages/airflow/example_dags/example_sensors.py
[2024-07-13T00:46:03.044+0000] {logging_mixin.py:188} INFO - [2024-07-13T00:46:03.043+0000] {dag.py:3096} INFO - Sync 1 DAGs
[2024-07-13T00:46:03.073+0000] {logging_mixin.py:188} INFO - [2024-07-13T00:46:03.073+0000] {dag.py:3954} INFO - Setting next_dagrun for example_sensors to None, run_after=None
[2024-07-13T00:46:03.106+0000] {processor.py:183} INFO - Processing /home/airflow/.local/lib/python3.11/site-packages/airflow/example_dags/example_sensors.py took 0.168 seconds
[2024-07-13T00:46:33.375+0000] {processor.py:161} INFO - Started process (PID=345) to work on /home/airflow/.local/lib/python3.11/site-packages/airflow/example_dags/example_sensors.py
[2024-07-13T00:46:33.377+0000] {processor.py:830} INFO - Processing file /home/airflow/.local/lib/python3.11/site-packages/airflow/example_dags/example_sensors.py for tasks to queue
[2024-07-13T00:46:33.381+0000] {logging_mixin.py:188} INFO - [2024-07-13T00:46:33.380+0000] {dagbag.py:545} INFO - Filling up the DagBag from /home/airflow/.local/lib/python3.11/site-packages/airflow/example_dags/example_sensors.py
[2024-07-13T00:46:33.399+0000] {processor.py:840} INFO - DAG(s) 'example_sensors' retrieved from /home/airflow/.local/lib/python3.11/site-packages/airflow/example_dags/example_sensors.py
[2024-07-13T00:46:33.449+0000] {logging_mixin.py:188} INFO - [2024-07-13T00:46:33.448+0000] {dag.py:3096} INFO - Sync 1 DAGs
[2024-07-13T00:46:33.475+0000] {logging_mixin.py:188} INFO - [2024-07-13T00:46:33.474+0000] {dag.py:3954} INFO - Setting next_dagrun for example_sensors to None, run_after=None
[2024-07-13T00:46:33.511+0000] {processor.py:183} INFO - Processing /home/airflow/.local/lib/python3.11/site-packages/airflow/example_dags/example_sensors.py took 0.149 seconds
[2024-07-13T00:47:03.653+0000] {processor.py:161} INFO - Started process (PID=407) to work on /home/airflow/.local/lib/python3.11/site-packages/airflow/example_dags/example_sensors.py
[2024-07-13T00:47:03.655+0000] {processor.py:830} INFO - Processing file /home/airflow/.local/lib/python3.11/site-packages/airflow/example_dags/example_sensors.py for tasks to queue
[2024-07-13T00:47:03.658+0000] {logging_mixin.py:188} INFO - [2024-07-13T00:47:03.658+0000] {dagbag.py:545} INFO - Filling up the DagBag from /home/airflow/.local/lib/python3.11/site-packages/airflow/example_dags/example_sensors.py
[2024-07-13T00:47:03.677+0000] {processor.py:840} INFO - DAG(s) 'example_sensors' retrieved from /home/airflow/.local/lib/python3.11/site-packages/airflow/example_dags/example_sensors.py
[2024-07-13T00:47:03.723+0000] {logging_mixin.py:188} INFO - [2024-07-13T00:47:03.723+0000] {dag.py:3096} INFO - Sync 1 DAGs
[2024-07-13T00:47:03.746+0000] {logging_mixin.py:188} INFO - [2024-07-13T00:47:03.745+0000] {dag.py:3954} INFO - Setting next_dagrun for example_sensors to None, run_after=None
[2024-07-13T00:47:03.774+0000] {processor.py:183} INFO - Processing /home/airflow/.local/lib/python3.11/site-packages/airflow/example_dags/example_sensors.py took 0.133 seconds
[2024-07-13T00:47:33.877+0000] {processor.py:161} INFO - Started process (PID=468) to work on /home/airflow/.local/lib/python3.11/site-packages/airflow/example_dags/example_sensors.py
[2024-07-13T00:47:33.879+0000] {processor.py:830} INFO - Processing file /home/airflow/.local/lib/python3.11/site-packages/airflow/example_dags/example_sensors.py for tasks to queue
[2024-07-13T00:47:33.883+0000] {logging_mixin.py:188} INFO - [2024-07-13T00:47:33.882+0000] {dagbag.py:545} INFO - Filling up the DagBag from /home/airflow/.local/lib/python3.11/site-packages/airflow/example_dags/example_sensors.py
[2024-07-13T00:47:33.908+0000] {processor.py:840} INFO - DAG(s) 'example_sensors' retrieved from /home/airflow/.local/lib/python3.11/site-packages/airflow/example_dags/example_sensors.py
[2024-07-13T00:47:33.968+0000] {logging_mixin.py:188} INFO - [2024-07-13T00:47:33.968+0000] {dag.py:3096} INFO - Sync 1 DAGs
[2024-07-13T00:47:33.991+0000] {logging_mixin.py:188} INFO - [2024-07-13T00:47:33.990+0000] {dag.py:3954} INFO - Setting next_dagrun for example_sensors to None, run_after=None
[2024-07-13T00:47:34.023+0000] {processor.py:183} INFO - Processing /home/airflow/.local/lib/python3.11/site-packages/airflow/example_dags/example_sensors.py took 0.159 seconds
[2024-07-13T00:48:04.098+0000] {processor.py:161} INFO - Started process (PID=529) to work on /home/airflow/.local/lib/python3.11/site-packages/airflow/example_dags/example_sensors.py
[2024-07-13T00:48:04.100+0000] {processor.py:830} INFO - Processing file /home/airflow/.local/lib/python3.11/site-packages/airflow/example_dags/example_sensors.py for tasks to queue
[2024-07-13T00:48:04.103+0000] {logging_mixin.py:188} INFO - [2024-07-13T00:48:04.102+0000] {dagbag.py:545} INFO - Filling up the DagBag from /home/airflow/.local/lib/python3.11/site-packages/airflow/example_dags/example_sensors.py
[2024-07-13T00:48:04.120+0000] {processor.py:840} INFO - DAG(s) 'example_sensors' retrieved from /home/airflow/.local/lib/python3.11/site-packages/airflow/example_dags/example_sensors.py
[2024-07-13T00:48:04.164+0000] {logging_mixin.py:188} INFO - [2024-07-13T00:48:04.163+0000] {dag.py:3096} INFO - Sync 1 DAGs
[2024-07-13T00:48:04.184+0000] {logging_mixin.py:188} INFO - [2024-07-13T00:48:04.184+0000] {dag.py:3954} INFO - Setting next_dagrun for example_sensors to None, run_after=None
[2024-07-13T00:48:04.214+0000] {processor.py:183} INFO - Processing /home/airflow/.local/lib/python3.11/site-packages/airflow/example_dags/example_sensors.py took 0.127 seconds
[2024-07-13T00:48:34.491+0000] {processor.py:161} INFO - Started process (PID=591) to work on /home/airflow/.local/lib/python3.11/site-packages/airflow/example_dags/example_sensors.py
[2024-07-13T00:48:34.493+0000] {processor.py:830} INFO - Processing file /home/airflow/.local/lib/python3.11/site-packages/airflow/example_dags/example_sensors.py for tasks to queue
[2024-07-13T00:48:34.497+0000] {logging_mixin.py:188} INFO - [2024-07-13T00:48:34.496+0000] {dagbag.py:545} INFO - Filling up the DagBag from /home/airflow/.local/lib/python3.11/site-packages/airflow/example_dags/example_sensors.py
[2024-07-13T00:48:34.514+0000] {processor.py:840} INFO - DAG(s) 'example_sensors' retrieved from /home/airflow/.local/lib/python3.11/site-packages/airflow/example_dags/example_sensors.py
[2024-07-13T00:48:34.562+0000] {logging_mixin.py:188} INFO - [2024-07-13T00:48:34.561+0000] {dag.py:3096} INFO - Sync 1 DAGs
[2024-07-13T00:48:34.583+0000] {logging_mixin.py:188} INFO - [2024-07-13T00:48:34.582+0000] {dag.py:3954} INFO - Setting next_dagrun for example_sensors to None, run_after=None
[2024-07-13T00:48:34.610+0000] {processor.py:183} INFO - Processing /home/airflow/.local/lib/python3.11/site-packages/airflow/example_dags/example_sensors.py took 0.135 seconds
[2024-07-13T00:49:08.874+0000] {processor.py:161} INFO - Started process (PID=651) to work on /home/airflow/.local/lib/python3.11/site-packages/airflow/example_dags/example_sensors.py
[2024-07-13T00:49:08.876+0000] {processor.py:830} INFO - Processing file /home/airflow/.local/lib/python3.11/site-packages/airflow/example_dags/example_sensors.py for tasks to queue
[2024-07-13T00:49:08.879+0000] {logging_mixin.py:188} INFO - [2024-07-13T00:49:08.878+0000] {dagbag.py:545} INFO - Filling up the DagBag from /home/airflow/.local/lib/python3.11/site-packages/airflow/example_dags/example_sensors.py
[2024-07-13T00:49:08.896+0000] {processor.py:840} INFO - DAG(s) 'example_sensors' retrieved from /home/airflow/.local/lib/python3.11/site-packages/airflow/example_dags/example_sensors.py
[2024-07-13T00:49:08.941+0000] {logging_mixin.py:188} INFO - [2024-07-13T00:49:08.940+0000] {dag.py:3096} INFO - Sync 1 DAGs
[2024-07-13T00:49:08.964+0000] {logging_mixin.py:188} INFO - [2024-07-13T00:49:08.964+0000] {dag.py:3954} INFO - Setting next_dagrun for example_sensors to None, run_after=None
[2024-07-13T00:49:08.992+0000] {processor.py:183} INFO - Processing /home/airflow/.local/lib/python3.11/site-packages/airflow/example_dags/example_sensors.py took 0.130 seconds
[2024-07-13T00:49:41.744+0000] {processor.py:161} INFO - Started process (PID=702) to work on /home/airflow/.local/lib/python3.11/site-packages/airflow/example_dags/example_sensors.py
[2024-07-13T00:49:41.747+0000] {processor.py:830} INFO - Processing file /home/airflow/.local/lib/python3.11/site-packages/airflow/example_dags/example_sensors.py for tasks to queue
[2024-07-13T00:49:41.750+0000] {logging_mixin.py:188} INFO - [2024-07-13T00:49:41.749+0000] {dagbag.py:545} INFO - Filling up the DagBag from /home/airflow/.local/lib/python3.11/site-packages/airflow/example_dags/example_sensors.py
[2024-07-13T00:49:41.768+0000] {processor.py:840} INFO - DAG(s) 'example_sensors' retrieved from /home/airflow/.local/lib/python3.11/site-packages/airflow/example_dags/example_sensors.py
[2024-07-13T00:49:41.820+0000] {logging_mixin.py:188} INFO - [2024-07-13T00:49:41.819+0000] {dag.py:3096} INFO - Sync 1 DAGs
[2024-07-13T00:49:41.842+0000] {logging_mixin.py:188} INFO - [2024-07-13T00:49:41.841+0000] {dag.py:3954} INFO - Setting next_dagrun for example_sensors to None, run_after=None
[2024-07-13T00:49:41.872+0000] {processor.py:183} INFO - Processing /home/airflow/.local/lib/python3.11/site-packages/airflow/example_dags/example_sensors.py took 0.139 seconds
[2024-07-13T00:50:12.325+0000] {processor.py:161} INFO - Started process (PID=732) to work on /home/airflow/.local/lib/python3.11/site-packages/airflow/example_dags/example_sensors.py
[2024-07-13T00:50:12.327+0000] {processor.py:830} INFO - Processing file /home/airflow/.local/lib/python3.11/site-packages/airflow/example_dags/example_sensors.py for tasks to queue
[2024-07-13T00:50:12.329+0000] {logging_mixin.py:188} INFO - [2024-07-13T00:50:12.329+0000] {dagbag.py:545} INFO - Filling up the DagBag from /home/airflow/.local/lib/python3.11/site-packages/airflow/example_dags/example_sensors.py
[2024-07-13T00:50:12.352+0000] {processor.py:840} INFO - DAG(s) 'example_sensors' retrieved from /home/airflow/.local/lib/python3.11/site-packages/airflow/example_dags/example_sensors.py
[2024-07-13T00:50:12.409+0000] {logging_mixin.py:188} INFO - [2024-07-13T00:50:12.408+0000] {dag.py:3096} INFO - Sync 1 DAGs
[2024-07-13T00:50:12.435+0000] {logging_mixin.py:188} INFO - [2024-07-13T00:50:12.434+0000] {dag.py:3954} INFO - Setting next_dagrun for example_sensors to None, run_after=None
[2024-07-13T00:50:12.470+0000] {processor.py:183} INFO - Processing /home/airflow/.local/lib/python3.11/site-packages/airflow/example_dags/example_sensors.py took 0.158 seconds
[2024-07-13T00:50:45.006+0000] {processor.py:161} INFO - Started process (PID=798) to work on /home/airflow/.local/lib/python3.11/site-packages/airflow/example_dags/example_sensors.py
[2024-07-13T00:50:45.009+0000] {processor.py:830} INFO - Processing file /home/airflow/.local/lib/python3.11/site-packages/airflow/example_dags/example_sensors.py for tasks to queue
[2024-07-13T00:50:45.015+0000] {logging_mixin.py:188} INFO - [2024-07-13T00:50:45.013+0000] {dagbag.py:545} INFO - Filling up the DagBag from /home/airflow/.local/lib/python3.11/site-packages/airflow/example_dags/example_sensors.py
[2024-07-13T00:50:45.040+0000] {processor.py:840} INFO - DAG(s) 'example_sensors' retrieved from /home/airflow/.local/lib/python3.11/site-packages/airflow/example_dags/example_sensors.py
[2024-07-13T00:50:45.087+0000] {logging_mixin.py:188} INFO - [2024-07-13T00:50:45.087+0000] {dag.py:3096} INFO - Sync 1 DAGs
[2024-07-13T00:50:45.113+0000] {logging_mixin.py:188} INFO - [2024-07-13T00:50:45.112+0000] {dag.py:3954} INFO - Setting next_dagrun for example_sensors to None, run_after=None
[2024-07-13T00:50:45.142+0000] {processor.py:183} INFO - Processing /home/airflow/.local/lib/python3.11/site-packages/airflow/example_dags/example_sensors.py took 0.155 seconds
[2024-07-13T00:51:18.649+0000] {processor.py:161} INFO - Started process (PID=860) to work on /home/airflow/.local/lib/python3.11/site-packages/airflow/example_dags/example_sensors.py
[2024-07-13T00:51:18.652+0000] {processor.py:830} INFO - Processing file /home/airflow/.local/lib/python3.11/site-packages/airflow/example_dags/example_sensors.py for tasks to queue
[2024-07-13T00:51:18.656+0000] {logging_mixin.py:188} INFO - [2024-07-13T00:51:18.655+0000] {dagbag.py:545} INFO - Filling up the DagBag from /home/airflow/.local/lib/python3.11/site-packages/airflow/example_dags/example_sensors.py
[2024-07-13T00:51:18.678+0000] {processor.py:840} INFO - DAG(s) 'example_sensors' retrieved from /home/airflow/.local/lib/python3.11/site-packages/airflow/example_dags/example_sensors.py
[2024-07-13T00:51:18.756+0000] {logging_mixin.py:188} INFO - [2024-07-13T00:51:18.756+0000] {dag.py:3096} INFO - Sync 1 DAGs
[2024-07-13T00:51:18.787+0000] {logging_mixin.py:188} INFO - [2024-07-13T00:51:18.787+0000] {dag.py:3954} INFO - Setting next_dagrun for example_sensors to None, run_after=None
[2024-07-13T00:51:18.821+0000] {processor.py:183} INFO - Processing /home/airflow/.local/lib/python3.11/site-packages/airflow/example_dags/example_sensors.py took 0.186 seconds
[2024-07-13T00:51:51.773+0000] {processor.py:161} INFO - Started process (PID=921) to work on /home/airflow/.local/lib/python3.11/site-packages/airflow/example_dags/example_sensors.py
[2024-07-13T00:51:51.776+0000] {processor.py:830} INFO - Processing file /home/airflow/.local/lib/python3.11/site-packages/airflow/example_dags/example_sensors.py for tasks to queue
[2024-07-13T00:51:51.780+0000] {logging_mixin.py:188} INFO - [2024-07-13T00:51:51.779+0000] {dagbag.py:545} INFO - Filling up the DagBag from /home/airflow/.local/lib/python3.11/site-packages/airflow/example_dags/example_sensors.py
[2024-07-13T00:51:51.804+0000] {processor.py:840} INFO - DAG(s) 'example_sensors' retrieved from /home/airflow/.local/lib/python3.11/site-packages/airflow/example_dags/example_sensors.py
[2024-07-13T00:51:51.860+0000] {logging_mixin.py:188} INFO - [2024-07-13T00:51:51.859+0000] {dag.py:3096} INFO - Sync 1 DAGs
[2024-07-13T00:51:51.886+0000] {logging_mixin.py:188} INFO - [2024-07-13T00:51:51.885+0000] {dag.py:3954} INFO - Setting next_dagrun for example_sensors to None, run_after=None
[2024-07-13T00:51:51.919+0000] {processor.py:183} INFO - Processing /home/airflow/.local/lib/python3.11/site-packages/airflow/example_dags/example_sensors.py took 0.161 seconds
[2024-07-13T00:52:24.698+0000] {processor.py:161} INFO - Started process (PID=984) to work on /home/airflow/.local/lib/python3.11/site-packages/airflow/example_dags/example_sensors.py
[2024-07-13T00:52:24.700+0000] {processor.py:830} INFO - Processing file /home/airflow/.local/lib/python3.11/site-packages/airflow/example_dags/example_sensors.py for tasks to queue
[2024-07-13T00:52:24.704+0000] {logging_mixin.py:188} INFO - [2024-07-13T00:52:24.703+0000] {dagbag.py:545} INFO - Filling up the DagBag from /home/airflow/.local/lib/python3.11/site-packages/airflow/example_dags/example_sensors.py
[2024-07-13T00:52:24.721+0000] {processor.py:840} INFO - DAG(s) 'example_sensors' retrieved from /home/airflow/.local/lib/python3.11/site-packages/airflow/example_dags/example_sensors.py
[2024-07-13T00:52:24.776+0000] {logging_mixin.py:188} INFO - [2024-07-13T00:52:24.776+0000] {dag.py:3096} INFO - Sync 1 DAGs
[2024-07-13T00:52:24.801+0000] {logging_mixin.py:188} INFO - [2024-07-13T00:52:24.800+0000] {dag.py:3954} INFO - Setting next_dagrun for example_sensors to None, run_after=None
[2024-07-13T00:52:24.833+0000] {processor.py:183} INFO - Processing /home/airflow/.local/lib/python3.11/site-packages/airflow/example_dags/example_sensors.py took 0.148 seconds
[2024-07-13T00:52:57.536+0000] {processor.py:161} INFO - Started process (PID=1047) to work on /home/airflow/.local/lib/python3.11/site-packages/airflow/example_dags/example_sensors.py
[2024-07-13T00:52:57.538+0000] {processor.py:830} INFO - Processing file /home/airflow/.local/lib/python3.11/site-packages/airflow/example_dags/example_sensors.py for tasks to queue
[2024-07-13T00:52:57.541+0000] {logging_mixin.py:188} INFO - [2024-07-13T00:52:57.540+0000] {dagbag.py:545} INFO - Filling up the DagBag from /home/airflow/.local/lib/python3.11/site-packages/airflow/example_dags/example_sensors.py
[2024-07-13T00:52:57.557+0000] {processor.py:840} INFO - DAG(s) 'example_sensors' retrieved from /home/airflow/.local/lib/python3.11/site-packages/airflow/example_dags/example_sensors.py
[2024-07-13T00:52:57.601+0000] {logging_mixin.py:188} INFO - [2024-07-13T00:52:57.601+0000] {dag.py:3096} INFO - Sync 1 DAGs
[2024-07-13T00:52:57.621+0000] {logging_mixin.py:188} INFO - [2024-07-13T00:52:57.621+0000] {dag.py:3954} INFO - Setting next_dagrun for example_sensors to None, run_after=None
[2024-07-13T00:52:57.647+0000] {processor.py:183} INFO - Processing /home/airflow/.local/lib/python3.11/site-packages/airflow/example_dags/example_sensors.py took 0.122 seconds
[2024-07-13T00:53:27.716+0000] {processor.py:161} INFO - Started process (PID=1108) to work on /home/airflow/.local/lib/python3.11/site-packages/airflow/example_dags/example_sensors.py
[2024-07-13T00:53:27.718+0000] {processor.py:830} INFO - Processing file /home/airflow/.local/lib/python3.11/site-packages/airflow/example_dags/example_sensors.py for tasks to queue
[2024-07-13T00:53:27.721+0000] {logging_mixin.py:188} INFO - [2024-07-13T00:53:27.721+0000] {dagbag.py:545} INFO - Filling up the DagBag from /home/airflow/.local/lib/python3.11/site-packages/airflow/example_dags/example_sensors.py
[2024-07-13T00:53:27.739+0000] {processor.py:840} INFO - DAG(s) 'example_sensors' retrieved from /home/airflow/.local/lib/python3.11/site-packages/airflow/example_dags/example_sensors.py
[2024-07-13T00:53:27.784+0000] {logging_mixin.py:188} INFO - [2024-07-13T00:53:27.784+0000] {dag.py:3096} INFO - Sync 1 DAGs
[2024-07-13T00:53:27.804+0000] {logging_mixin.py:188} INFO - [2024-07-13T00:53:27.804+0000] {dag.py:3954} INFO - Setting next_dagrun for example_sensors to None, run_after=None
[2024-07-13T00:53:27.831+0000] {processor.py:183} INFO - Processing /home/airflow/.local/lib/python3.11/site-packages/airflow/example_dags/example_sensors.py took 0.126 seconds
[2024-07-13T00:53:58.443+0000] {processor.py:161} INFO - Started process (PID=1170) to work on /home/airflow/.local/lib/python3.11/site-packages/airflow/example_dags/example_sensors.py
[2024-07-13T00:53:58.446+0000] {processor.py:830} INFO - Processing file /home/airflow/.local/lib/python3.11/site-packages/airflow/example_dags/example_sensors.py for tasks to queue
[2024-07-13T00:53:58.450+0000] {logging_mixin.py:188} INFO - [2024-07-13T00:53:58.450+0000] {dagbag.py:545} INFO - Filling up the DagBag from /home/airflow/.local/lib/python3.11/site-packages/airflow/example_dags/example_sensors.py
[2024-07-13T00:53:58.470+0000] {processor.py:840} INFO - DAG(s) 'example_sensors' retrieved from /home/airflow/.local/lib/python3.11/site-packages/airflow/example_dags/example_sensors.py
[2024-07-13T00:53:58.525+0000] {logging_mixin.py:188} INFO - [2024-07-13T00:53:58.525+0000] {dag.py:3096} INFO - Sync 1 DAGs
[2024-07-13T00:53:58.553+0000] {logging_mixin.py:188} INFO - [2024-07-13T00:53:58.553+0000] {dag.py:3954} INFO - Setting next_dagrun for example_sensors to None, run_after=None
[2024-07-13T00:53:58.590+0000] {processor.py:183} INFO - Processing /home/airflow/.local/lib/python3.11/site-packages/airflow/example_dags/example_sensors.py took 0.158 seconds
[2024-07-13T00:54:28.714+0000] {processor.py:161} INFO - Started process (PID=1232) to work on /home/airflow/.local/lib/python3.11/site-packages/airflow/example_dags/example_sensors.py
[2024-07-13T00:54:28.716+0000] {processor.py:830} INFO - Processing file /home/airflow/.local/lib/python3.11/site-packages/airflow/example_dags/example_sensors.py for tasks to queue
[2024-07-13T00:54:28.719+0000] {logging_mixin.py:188} INFO - [2024-07-13T00:54:28.719+0000] {dagbag.py:545} INFO - Filling up the DagBag from /home/airflow/.local/lib/python3.11/site-packages/airflow/example_dags/example_sensors.py
[2024-07-13T00:54:28.739+0000] {processor.py:840} INFO - DAG(s) 'example_sensors' retrieved from /home/airflow/.local/lib/python3.11/site-packages/airflow/example_dags/example_sensors.py
[2024-07-13T00:54:28.788+0000] {logging_mixin.py:188} INFO - [2024-07-13T00:54:28.788+0000] {dag.py:3096} INFO - Sync 1 DAGs
[2024-07-13T00:54:28.813+0000] {logging_mixin.py:188} INFO - [2024-07-13T00:54:28.813+0000] {dag.py:3954} INFO - Setting next_dagrun for example_sensors to None, run_after=None
[2024-07-13T00:54:28.851+0000] {processor.py:183} INFO - Processing /home/airflow/.local/lib/python3.11/site-packages/airflow/example_dags/example_sensors.py took 0.148 seconds
[2024-07-13T00:54:59.089+0000] {processor.py:161} INFO - Started process (PID=1294) to work on /home/airflow/.local/lib/python3.11/site-packages/airflow/example_dags/example_sensors.py
[2024-07-13T00:54:59.092+0000] {processor.py:830} INFO - Processing file /home/airflow/.local/lib/python3.11/site-packages/airflow/example_dags/example_sensors.py for tasks to queue
[2024-07-13T00:54:59.096+0000] {logging_mixin.py:188} INFO - [2024-07-13T00:54:59.095+0000] {dagbag.py:545} INFO - Filling up the DagBag from /home/airflow/.local/lib/python3.11/site-packages/airflow/example_dags/example_sensors.py
[2024-07-13T00:54:59.119+0000] {processor.py:840} INFO - DAG(s) 'example_sensors' retrieved from /home/airflow/.local/lib/python3.11/site-packages/airflow/example_dags/example_sensors.py
[2024-07-13T00:54:59.167+0000] {logging_mixin.py:188} INFO - [2024-07-13T00:54:59.167+0000] {dag.py:3096} INFO - Sync 1 DAGs
[2024-07-13T00:54:59.194+0000] {logging_mixin.py:188} INFO - [2024-07-13T00:54:59.193+0000] {dag.py:3954} INFO - Setting next_dagrun for example_sensors to None, run_after=None
[2024-07-13T00:54:59.232+0000] {processor.py:183} INFO - Processing /home/airflow/.local/lib/python3.11/site-packages/airflow/example_dags/example_sensors.py took 0.159 seconds
[2024-07-13T00:55:29.333+0000] {processor.py:161} INFO - Started process (PID=1355) to work on /home/airflow/.local/lib/python3.11/site-packages/airflow/example_dags/example_sensors.py
[2024-07-13T00:55:29.335+0000] {processor.py:830} INFO - Processing file /home/airflow/.local/lib/python3.11/site-packages/airflow/example_dags/example_sensors.py for tasks to queue
[2024-07-13T00:55:29.338+0000] {logging_mixin.py:188} INFO - [2024-07-13T00:55:29.338+0000] {dagbag.py:545} INFO - Filling up the DagBag from /home/airflow/.local/lib/python3.11/site-packages/airflow/example_dags/example_sensors.py
[2024-07-13T00:55:29.364+0000] {processor.py:840} INFO - DAG(s) 'example_sensors' retrieved from /home/airflow/.local/lib/python3.11/site-packages/airflow/example_dags/example_sensors.py
[2024-07-13T00:55:29.424+0000] {logging_mixin.py:188} INFO - [2024-07-13T00:55:29.424+0000] {dag.py:3096} INFO - Sync 1 DAGs
[2024-07-13T00:55:29.452+0000] {logging_mixin.py:188} INFO - [2024-07-13T00:55:29.452+0000] {dag.py:3954} INFO - Setting next_dagrun for example_sensors to None, run_after=None
[2024-07-13T00:55:29.490+0000] {processor.py:183} INFO - Processing /home/airflow/.local/lib/python3.11/site-packages/airflow/example_dags/example_sensors.py took 0.170 seconds
[2024-07-13T00:58:55.691+0000] {processor.py:161} INFO - Started process (PID=39) to work on /home/airflow/.local/lib/python3.11/site-packages/airflow/example_dags/example_sensors.py
[2024-07-13T00:58:55.694+0000] {processor.py:830} INFO - Processing file /home/airflow/.local/lib/python3.11/site-packages/airflow/example_dags/example_sensors.py for tasks to queue
[2024-07-13T00:58:55.699+0000] {logging_mixin.py:188} INFO - [2024-07-13T00:58:55.698+0000] {dagbag.py:545} INFO - Filling up the DagBag from /home/airflow/.local/lib/python3.11/site-packages/airflow/example_dags/example_sensors.py
[2024-07-13T00:58:55.735+0000] {processor.py:840} INFO - DAG(s) 'example_sensors' retrieved from /home/airflow/.local/lib/python3.11/site-packages/airflow/example_dags/example_sensors.py
[2024-07-13T00:58:55.991+0000] {logging_mixin.py:188} INFO - [2024-07-13T00:58:55.991+0000] {dag.py:3096} INFO - Sync 1 DAGs
[2024-07-13T00:58:56.012+0000] {logging_mixin.py:188} INFO - [2024-07-13T00:58:56.011+0000] {dag.py:3954} INFO - Setting next_dagrun for example_sensors to None, run_after=None
[2024-07-13T00:58:56.059+0000] {processor.py:183} INFO - Processing /home/airflow/.local/lib/python3.11/site-packages/airflow/example_dags/example_sensors.py took 0.385 seconds
[2024-07-13T00:59:28.296+0000] {processor.py:161} INFO - Started process (PID=101) to work on /home/airflow/.local/lib/python3.11/site-packages/airflow/example_dags/example_sensors.py
[2024-07-13T00:59:28.298+0000] {processor.py:830} INFO - Processing file /home/airflow/.local/lib/python3.11/site-packages/airflow/example_dags/example_sensors.py for tasks to queue
[2024-07-13T00:59:28.302+0000] {logging_mixin.py:188} INFO - [2024-07-13T00:59:28.301+0000] {dagbag.py:545} INFO - Filling up the DagBag from /home/airflow/.local/lib/python3.11/site-packages/airflow/example_dags/example_sensors.py
[2024-07-13T00:59:28.321+0000] {processor.py:840} INFO - DAG(s) 'example_sensors' retrieved from /home/airflow/.local/lib/python3.11/site-packages/airflow/example_dags/example_sensors.py
[2024-07-13T00:59:28.374+0000] {logging_mixin.py:188} INFO - [2024-07-13T00:59:28.373+0000] {dag.py:3096} INFO - Sync 1 DAGs
[2024-07-13T00:59:28.399+0000] {logging_mixin.py:188} INFO - [2024-07-13T00:59:28.398+0000] {dag.py:3954} INFO - Setting next_dagrun for example_sensors to None, run_after=None
[2024-07-13T00:59:28.441+0000] {processor.py:183} INFO - Processing /home/airflow/.local/lib/python3.11/site-packages/airflow/example_dags/example_sensors.py took 0.161 seconds
[2024-07-13T00:59:58.592+0000] {processor.py:161} INFO - Started process (PID=161) to work on /home/airflow/.local/lib/python3.11/site-packages/airflow/example_dags/example_sensors.py
[2024-07-13T00:59:58.595+0000] {processor.py:830} INFO - Processing file /home/airflow/.local/lib/python3.11/site-packages/airflow/example_dags/example_sensors.py for tasks to queue
[2024-07-13T00:59:58.599+0000] {logging_mixin.py:188} INFO - [2024-07-13T00:59:58.598+0000] {dagbag.py:545} INFO - Filling up the DagBag from /home/airflow/.local/lib/python3.11/site-packages/airflow/example_dags/example_sensors.py
[2024-07-13T00:59:58.619+0000] {processor.py:840} INFO - DAG(s) 'example_sensors' retrieved from /home/airflow/.local/lib/python3.11/site-packages/airflow/example_dags/example_sensors.py
[2024-07-13T00:59:58.673+0000] {logging_mixin.py:188} INFO - [2024-07-13T00:59:58.672+0000] {dag.py:3096} INFO - Sync 1 DAGs
[2024-07-13T00:59:58.697+0000] {logging_mixin.py:188} INFO - [2024-07-13T00:59:58.696+0000] {dag.py:3954} INFO - Setting next_dagrun for example_sensors to None, run_after=None
[2024-07-13T00:59:58.740+0000] {processor.py:183} INFO - Processing /home/airflow/.local/lib/python3.11/site-packages/airflow/example_dags/example_sensors.py took 0.162 seconds
[2024-07-13T01:00:28.976+0000] {processor.py:161} INFO - Started process (PID=223) to work on /home/airflow/.local/lib/python3.11/site-packages/airflow/example_dags/example_sensors.py
[2024-07-13T01:00:28.978+0000] {processor.py:830} INFO - Processing file /home/airflow/.local/lib/python3.11/site-packages/airflow/example_dags/example_sensors.py for tasks to queue
[2024-07-13T01:00:28.982+0000] {logging_mixin.py:188} INFO - [2024-07-13T01:00:28.981+0000] {dagbag.py:545} INFO - Filling up the DagBag from /home/airflow/.local/lib/python3.11/site-packages/airflow/example_dags/example_sensors.py
[2024-07-13T01:00:29.008+0000] {processor.py:840} INFO - DAG(s) 'example_sensors' retrieved from /home/airflow/.local/lib/python3.11/site-packages/airflow/example_dags/example_sensors.py
[2024-07-13T01:00:29.060+0000] {logging_mixin.py:188} INFO - [2024-07-13T01:00:29.059+0000] {dag.py:3096} INFO - Sync 1 DAGs
[2024-07-13T01:00:29.087+0000] {logging_mixin.py:188} INFO - [2024-07-13T01:00:29.087+0000] {dag.py:3954} INFO - Setting next_dagrun for example_sensors to None, run_after=None
[2024-07-13T01:00:29.124+0000] {processor.py:183} INFO - Processing /home/airflow/.local/lib/python3.11/site-packages/airflow/example_dags/example_sensors.py took 0.161 seconds
[2024-07-13T01:00:59.203+0000] {processor.py:161} INFO - Started process (PID=285) to work on /home/airflow/.local/lib/python3.11/site-packages/airflow/example_dags/example_sensors.py
[2024-07-13T01:00:59.206+0000] {processor.py:830} INFO - Processing file /home/airflow/.local/lib/python3.11/site-packages/airflow/example_dags/example_sensors.py for tasks to queue
[2024-07-13T01:00:59.210+0000] {logging_mixin.py:188} INFO - [2024-07-13T01:00:59.209+0000] {dagbag.py:545} INFO - Filling up the DagBag from /home/airflow/.local/lib/python3.11/site-packages/airflow/example_dags/example_sensors.py
[2024-07-13T01:00:59.232+0000] {processor.py:840} INFO - DAG(s) 'example_sensors' retrieved from /home/airflow/.local/lib/python3.11/site-packages/airflow/example_dags/example_sensors.py
[2024-07-13T01:00:59.288+0000] {logging_mixin.py:188} INFO - [2024-07-13T01:00:59.287+0000] {dag.py:3096} INFO - Sync 1 DAGs
[2024-07-13T01:00:59.319+0000] {logging_mixin.py:188} INFO - [2024-07-13T01:00:59.318+0000] {dag.py:3954} INFO - Setting next_dagrun for example_sensors to None, run_after=None
[2024-07-13T01:00:59.360+0000] {processor.py:183} INFO - Processing /home/airflow/.local/lib/python3.11/site-packages/airflow/example_dags/example_sensors.py took 0.173 seconds
[2024-07-13T01:01:29.745+0000] {processor.py:161} INFO - Started process (PID=347) to work on /home/airflow/.local/lib/python3.11/site-packages/airflow/example_dags/example_sensors.py
[2024-07-13T01:01:29.747+0000] {processor.py:830} INFO - Processing file /home/airflow/.local/lib/python3.11/site-packages/airflow/example_dags/example_sensors.py for tasks to queue
[2024-07-13T01:01:29.752+0000] {logging_mixin.py:188} INFO - [2024-07-13T01:01:29.751+0000] {dagbag.py:545} INFO - Filling up the DagBag from /home/airflow/.local/lib/python3.11/site-packages/airflow/example_dags/example_sensors.py
[2024-07-13T01:01:29.776+0000] {processor.py:840} INFO - DAG(s) 'example_sensors' retrieved from /home/airflow/.local/lib/python3.11/site-packages/airflow/example_dags/example_sensors.py
[2024-07-13T01:01:29.824+0000] {logging_mixin.py:188} INFO - [2024-07-13T01:01:29.823+0000] {dag.py:3096} INFO - Sync 1 DAGs
[2024-07-13T01:01:29.845+0000] {logging_mixin.py:188} INFO - [2024-07-13T01:01:29.844+0000] {dag.py:3954} INFO - Setting next_dagrun for example_sensors to None, run_after=None
[2024-07-13T01:01:29.877+0000] {processor.py:183} INFO - Processing /home/airflow/.local/lib/python3.11/site-packages/airflow/example_dags/example_sensors.py took 0.147 seconds
[2024-07-13T01:02:00.103+0000] {processor.py:161} INFO - Started process (PID=409) to work on /home/airflow/.local/lib/python3.11/site-packages/airflow/example_dags/example_sensors.py
[2024-07-13T01:02:00.105+0000] {processor.py:830} INFO - Processing file /home/airflow/.local/lib/python3.11/site-packages/airflow/example_dags/example_sensors.py for tasks to queue
[2024-07-13T01:02:00.108+0000] {logging_mixin.py:188} INFO - [2024-07-13T01:02:00.108+0000] {dagbag.py:545} INFO - Filling up the DagBag from /home/airflow/.local/lib/python3.11/site-packages/airflow/example_dags/example_sensors.py
[2024-07-13T01:02:00.125+0000] {processor.py:840} INFO - DAG(s) 'example_sensors' retrieved from /home/airflow/.local/lib/python3.11/site-packages/airflow/example_dags/example_sensors.py
[2024-07-13T01:02:00.192+0000] {logging_mixin.py:188} INFO - [2024-07-13T01:02:00.191+0000] {dag.py:3096} INFO - Sync 1 DAGs
[2024-07-13T01:02:00.212+0000] {logging_mixin.py:188} INFO - [2024-07-13T01:02:00.211+0000] {dag.py:3954} INFO - Setting next_dagrun for example_sensors to None, run_after=None
[2024-07-13T01:02:00.241+0000] {processor.py:183} INFO - Processing /home/airflow/.local/lib/python3.11/site-packages/airflow/example_dags/example_sensors.py took 0.150 seconds
[2024-07-13T01:02:30.511+0000] {processor.py:161} INFO - Started process (PID=470) to work on /home/airflow/.local/lib/python3.11/site-packages/airflow/example_dags/example_sensors.py
[2024-07-13T01:02:30.513+0000] {processor.py:830} INFO - Processing file /home/airflow/.local/lib/python3.11/site-packages/airflow/example_dags/example_sensors.py for tasks to queue
[2024-07-13T01:02:30.517+0000] {logging_mixin.py:188} INFO - [2024-07-13T01:02:30.516+0000] {dagbag.py:545} INFO - Filling up the DagBag from /home/airflow/.local/lib/python3.11/site-packages/airflow/example_dags/example_sensors.py
[2024-07-13T01:02:30.536+0000] {processor.py:840} INFO - DAG(s) 'example_sensors' retrieved from /home/airflow/.local/lib/python3.11/site-packages/airflow/example_dags/example_sensors.py
[2024-07-13T01:02:30.587+0000] {logging_mixin.py:188} INFO - [2024-07-13T01:02:30.586+0000] {dag.py:3096} INFO - Sync 1 DAGs
[2024-07-13T01:02:30.610+0000] {logging_mixin.py:188} INFO - [2024-07-13T01:02:30.610+0000] {dag.py:3954} INFO - Setting next_dagrun for example_sensors to None, run_after=None
[2024-07-13T01:02:30.643+0000] {processor.py:183} INFO - Processing /home/airflow/.local/lib/python3.11/site-packages/airflow/example_dags/example_sensors.py took 0.146 seconds
[2024-07-13T01:03:01.529+0000] {processor.py:161} INFO - Started process (PID=532) to work on /home/airflow/.local/lib/python3.11/site-packages/airflow/example_dags/example_sensors.py
[2024-07-13T01:03:01.531+0000] {processor.py:830} INFO - Processing file /home/airflow/.local/lib/python3.11/site-packages/airflow/example_dags/example_sensors.py for tasks to queue
[2024-07-13T01:03:01.534+0000] {logging_mixin.py:188} INFO - [2024-07-13T01:03:01.534+0000] {dagbag.py:545} INFO - Filling up the DagBag from /home/airflow/.local/lib/python3.11/site-packages/airflow/example_dags/example_sensors.py
[2024-07-13T01:03:01.551+0000] {processor.py:840} INFO - DAG(s) 'example_sensors' retrieved from /home/airflow/.local/lib/python3.11/site-packages/airflow/example_dags/example_sensors.py
[2024-07-13T01:03:01.603+0000] {logging_mixin.py:188} INFO - [2024-07-13T01:03:01.603+0000] {dag.py:3096} INFO - Sync 1 DAGs
[2024-07-13T01:03:01.628+0000] {logging_mixin.py:188} INFO - [2024-07-13T01:03:01.627+0000] {dag.py:3954} INFO - Setting next_dagrun for example_sensors to None, run_after=None
[2024-07-13T01:03:01.663+0000] {processor.py:183} INFO - Processing /home/airflow/.local/lib/python3.11/site-packages/airflow/example_dags/example_sensors.py took 0.146 seconds
[2024-07-13T01:03:32.128+0000] {processor.py:161} INFO - Started process (PID=594) to work on /home/airflow/.local/lib/python3.11/site-packages/airflow/example_dags/example_sensors.py
[2024-07-13T01:03:32.130+0000] {processor.py:830} INFO - Processing file /home/airflow/.local/lib/python3.11/site-packages/airflow/example_dags/example_sensors.py for tasks to queue
[2024-07-13T01:03:32.134+0000] {logging_mixin.py:188} INFO - [2024-07-13T01:03:32.133+0000] {dagbag.py:545} INFO - Filling up the DagBag from /home/airflow/.local/lib/python3.11/site-packages/airflow/example_dags/example_sensors.py
[2024-07-13T01:03:32.159+0000] {processor.py:840} INFO - DAG(s) 'example_sensors' retrieved from /home/airflow/.local/lib/python3.11/site-packages/airflow/example_dags/example_sensors.py
[2024-07-13T01:03:32.210+0000] {logging_mixin.py:188} INFO - [2024-07-13T01:03:32.210+0000] {dag.py:3096} INFO - Sync 1 DAGs
[2024-07-13T01:03:32.233+0000] {logging_mixin.py:188} INFO - [2024-07-13T01:03:32.233+0000] {dag.py:3954} INFO - Setting next_dagrun for example_sensors to None, run_after=None
[2024-07-13T01:03:32.265+0000] {processor.py:183} INFO - Processing /home/airflow/.local/lib/python3.11/site-packages/airflow/example_dags/example_sensors.py took 0.153 seconds
[2024-07-13T01:04:02.977+0000] {processor.py:161} INFO - Started process (PID=643) to work on /home/airflow/.local/lib/python3.11/site-packages/airflow/example_dags/example_sensors.py
[2024-07-13T01:04:02.979+0000] {processor.py:830} INFO - Processing file /home/airflow/.local/lib/python3.11/site-packages/airflow/example_dags/example_sensors.py for tasks to queue
[2024-07-13T01:04:02.983+0000] {logging_mixin.py:188} INFO - [2024-07-13T01:04:02.983+0000] {dagbag.py:545} INFO - Filling up the DagBag from /home/airflow/.local/lib/python3.11/site-packages/airflow/example_dags/example_sensors.py
[2024-07-13T01:04:03.004+0000] {processor.py:840} INFO - DAG(s) 'example_sensors' retrieved from /home/airflow/.local/lib/python3.11/site-packages/airflow/example_dags/example_sensors.py
[2024-07-13T01:04:03.053+0000] {logging_mixin.py:188} INFO - [2024-07-13T01:04:03.052+0000] {dag.py:3096} INFO - Sync 1 DAGs
[2024-07-13T01:04:03.072+0000] {logging_mixin.py:188} INFO - [2024-07-13T01:04:03.072+0000] {dag.py:3954} INFO - Setting next_dagrun for example_sensors to None, run_after=None
[2024-07-13T01:04:03.107+0000] {processor.py:183} INFO - Processing /home/airflow/.local/lib/python3.11/site-packages/airflow/example_dags/example_sensors.py took 0.143 seconds
[2024-07-13T01:04:36.046+0000] {processor.py:161} INFO - Started process (PID=702) to work on /home/airflow/.local/lib/python3.11/site-packages/airflow/example_dags/example_sensors.py
[2024-07-13T01:04:36.048+0000] {processor.py:830} INFO - Processing file /home/airflow/.local/lib/python3.11/site-packages/airflow/example_dags/example_sensors.py for tasks to queue
[2024-07-13T01:04:36.051+0000] {logging_mixin.py:188} INFO - [2024-07-13T01:04:36.050+0000] {dagbag.py:545} INFO - Filling up the DagBag from /home/airflow/.local/lib/python3.11/site-packages/airflow/example_dags/example_sensors.py
[2024-07-13T01:04:36.072+0000] {processor.py:840} INFO - DAG(s) 'example_sensors' retrieved from /home/airflow/.local/lib/python3.11/site-packages/airflow/example_dags/example_sensors.py
[2024-07-13T01:04:36.131+0000] {logging_mixin.py:188} INFO - [2024-07-13T01:04:36.130+0000] {dag.py:3096} INFO - Sync 1 DAGs
[2024-07-13T01:04:36.157+0000] {logging_mixin.py:188} INFO - [2024-07-13T01:04:36.157+0000] {dag.py:3954} INFO - Setting next_dagrun for example_sensors to None, run_after=None
[2024-07-13T01:04:36.190+0000] {processor.py:183} INFO - Processing /home/airflow/.local/lib/python3.11/site-packages/airflow/example_dags/example_sensors.py took 0.158 seconds
[2024-07-13T01:05:09.056+0000] {processor.py:161} INFO - Started process (PID=768) to work on /home/airflow/.local/lib/python3.11/site-packages/airflow/example_dags/example_sensors.py
[2024-07-13T01:05:09.058+0000] {processor.py:830} INFO - Processing file /home/airflow/.local/lib/python3.11/site-packages/airflow/example_dags/example_sensors.py for tasks to queue
[2024-07-13T01:05:09.062+0000] {logging_mixin.py:188} INFO - [2024-07-13T01:05:09.061+0000] {dagbag.py:545} INFO - Filling up the DagBag from /home/airflow/.local/lib/python3.11/site-packages/airflow/example_dags/example_sensors.py
[2024-07-13T01:05:09.081+0000] {processor.py:840} INFO - DAG(s) 'example_sensors' retrieved from /home/airflow/.local/lib/python3.11/site-packages/airflow/example_dags/example_sensors.py
[2024-07-13T01:05:09.132+0000] {logging_mixin.py:188} INFO - [2024-07-13T01:05:09.132+0000] {dag.py:3096} INFO - Sync 1 DAGs
[2024-07-13T01:05:09.158+0000] {logging_mixin.py:188} INFO - [2024-07-13T01:05:09.157+0000] {dag.py:3954} INFO - Setting next_dagrun for example_sensors to None, run_after=None
[2024-07-13T01:05:09.190+0000] {processor.py:183} INFO - Processing /home/airflow/.local/lib/python3.11/site-packages/airflow/example_dags/example_sensors.py took 0.148 seconds
[2024-07-13T01:05:47.254+0000] {processor.py:161} INFO - Started process (PID=830) to work on /home/airflow/.local/lib/python3.11/site-packages/airflow/example_dags/example_sensors.py
[2024-07-13T01:05:47.256+0000] {processor.py:830} INFO - Processing file /home/airflow/.local/lib/python3.11/site-packages/airflow/example_dags/example_sensors.py for tasks to queue
[2024-07-13T01:05:47.261+0000] {logging_mixin.py:188} INFO - [2024-07-13T01:05:47.260+0000] {dagbag.py:545} INFO - Filling up the DagBag from /home/airflow/.local/lib/python3.11/site-packages/airflow/example_dags/example_sensors.py
[2024-07-13T01:05:47.286+0000] {processor.py:840} INFO - DAG(s) 'example_sensors' retrieved from /home/airflow/.local/lib/python3.11/site-packages/airflow/example_dags/example_sensors.py
[2024-07-13T01:05:47.346+0000] {logging_mixin.py:188} INFO - [2024-07-13T01:05:47.345+0000] {dag.py:3096} INFO - Sync 1 DAGs
[2024-07-13T01:05:47.371+0000] {logging_mixin.py:188} INFO - [2024-07-13T01:05:47.371+0000] {dag.py:3954} INFO - Setting next_dagrun for example_sensors to None, run_after=None
[2024-07-13T01:05:47.397+0000] {processor.py:183} INFO - Processing /home/airflow/.local/lib/python3.11/site-packages/airflow/example_dags/example_sensors.py took 0.159 seconds
[2024-07-13T01:06:18.293+0000] {processor.py:161} INFO - Started process (PID=891) to work on /home/airflow/.local/lib/python3.11/site-packages/airflow/example_dags/example_sensors.py
[2024-07-13T01:06:18.297+0000] {processor.py:830} INFO - Processing file /home/airflow/.local/lib/python3.11/site-packages/airflow/example_dags/example_sensors.py for tasks to queue
[2024-07-13T01:06:18.301+0000] {logging_mixin.py:188} INFO - [2024-07-13T01:06:18.301+0000] {dagbag.py:545} INFO - Filling up the DagBag from /home/airflow/.local/lib/python3.11/site-packages/airflow/example_dags/example_sensors.py
[2024-07-13T01:06:18.325+0000] {processor.py:840} INFO - DAG(s) 'example_sensors' retrieved from /home/airflow/.local/lib/python3.11/site-packages/airflow/example_dags/example_sensors.py
[2024-07-13T01:06:18.388+0000] {logging_mixin.py:188} INFO - [2024-07-13T01:06:18.387+0000] {dag.py:3096} INFO - Sync 1 DAGs
[2024-07-13T01:06:18.439+0000] {logging_mixin.py:188} INFO - [2024-07-13T01:06:18.438+0000] {dag.py:3954} INFO - Setting next_dagrun for example_sensors to None, run_after=None
[2024-07-13T01:06:18.512+0000] {processor.py:183} INFO - Processing /home/airflow/.local/lib/python3.11/site-packages/airflow/example_dags/example_sensors.py took 0.233 seconds
[2024-07-13T01:06:48.778+0000] {processor.py:161} INFO - Started process (PID=953) to work on /home/airflow/.local/lib/python3.11/site-packages/airflow/example_dags/example_sensors.py
[2024-07-13T01:06:48.780+0000] {processor.py:830} INFO - Processing file /home/airflow/.local/lib/python3.11/site-packages/airflow/example_dags/example_sensors.py for tasks to queue
[2024-07-13T01:06:48.784+0000] {logging_mixin.py:188} INFO - [2024-07-13T01:06:48.783+0000] {dagbag.py:545} INFO - Filling up the DagBag from /home/airflow/.local/lib/python3.11/site-packages/airflow/example_dags/example_sensors.py
[2024-07-13T01:06:48.818+0000] {processor.py:840} INFO - DAG(s) 'example_sensors' retrieved from /home/airflow/.local/lib/python3.11/site-packages/airflow/example_dags/example_sensors.py
[2024-07-13T01:06:48.900+0000] {logging_mixin.py:188} INFO - [2024-07-13T01:06:48.899+0000] {dag.py:3096} INFO - Sync 1 DAGs
[2024-07-13T01:06:48.930+0000] {logging_mixin.py:188} INFO - [2024-07-13T01:06:48.929+0000] {dag.py:3954} INFO - Setting next_dagrun for example_sensors to None, run_after=None
[2024-07-13T01:06:48.968+0000] {processor.py:183} INFO - Processing /home/airflow/.local/lib/python3.11/site-packages/airflow/example_dags/example_sensors.py took 0.203 seconds
[2024-07-13T01:07:21.405+0000] {processor.py:161} INFO - Started process (PID=1015) to work on /home/airflow/.local/lib/python3.11/site-packages/airflow/example_dags/example_sensors.py
[2024-07-13T01:07:21.410+0000] {processor.py:830} INFO - Processing file /home/airflow/.local/lib/python3.11/site-packages/airflow/example_dags/example_sensors.py for tasks to queue
[2024-07-13T01:07:21.415+0000] {logging_mixin.py:188} INFO - [2024-07-13T01:07:21.414+0000] {dagbag.py:545} INFO - Filling up the DagBag from /home/airflow/.local/lib/python3.11/site-packages/airflow/example_dags/example_sensors.py
[2024-07-13T01:07:21.436+0000] {processor.py:840} INFO - DAG(s) 'example_sensors' retrieved from /home/airflow/.local/lib/python3.11/site-packages/airflow/example_dags/example_sensors.py
[2024-07-13T01:07:21.500+0000] {logging_mixin.py:188} INFO - [2024-07-13T01:07:21.499+0000] {dag.py:3096} INFO - Sync 1 DAGs
[2024-07-13T01:07:21.528+0000] {logging_mixin.py:188} INFO - [2024-07-13T01:07:21.527+0000] {dag.py:3954} INFO - Setting next_dagrun for example_sensors to None, run_after=None
[2024-07-13T01:07:21.556+0000] {processor.py:183} INFO - Processing /home/airflow/.local/lib/python3.11/site-packages/airflow/example_dags/example_sensors.py took 0.168 seconds
[2024-07-13T01:07:52.065+0000] {processor.py:161} INFO - Started process (PID=1053) to work on /home/airflow/.local/lib/python3.11/site-packages/airflow/example_dags/example_sensors.py
[2024-07-13T01:07:52.067+0000] {processor.py:830} INFO - Processing file /home/airflow/.local/lib/python3.11/site-packages/airflow/example_dags/example_sensors.py for tasks to queue
[2024-07-13T01:07:52.070+0000] {logging_mixin.py:188} INFO - [2024-07-13T01:07:52.069+0000] {dagbag.py:545} INFO - Filling up the DagBag from /home/airflow/.local/lib/python3.11/site-packages/airflow/example_dags/example_sensors.py
[2024-07-13T01:07:52.089+0000] {processor.py:840} INFO - DAG(s) 'example_sensors' retrieved from /home/airflow/.local/lib/python3.11/site-packages/airflow/example_dags/example_sensors.py
[2024-07-13T01:07:52.134+0000] {logging_mixin.py:188} INFO - [2024-07-13T01:07:52.134+0000] {dag.py:3096} INFO - Sync 1 DAGs
[2024-07-13T01:07:52.155+0000] {logging_mixin.py:188} INFO - [2024-07-13T01:07:52.155+0000] {dag.py:3954} INFO - Setting next_dagrun for example_sensors to None, run_after=None
[2024-07-13T01:07:52.185+0000] {processor.py:183} INFO - Processing /home/airflow/.local/lib/python3.11/site-packages/airflow/example_dags/example_sensors.py took 0.132 seconds
[2024-07-13T01:08:25.705+0000] {processor.py:161} INFO - Started process (PID=1115) to work on /home/airflow/.local/lib/python3.11/site-packages/airflow/example_dags/example_sensors.py
[2024-07-13T01:08:25.709+0000] {processor.py:830} INFO - Processing file /home/airflow/.local/lib/python3.11/site-packages/airflow/example_dags/example_sensors.py for tasks to queue
[2024-07-13T01:08:25.713+0000] {logging_mixin.py:188} INFO - [2024-07-13T01:08:25.712+0000] {dagbag.py:545} INFO - Filling up the DagBag from /home/airflow/.local/lib/python3.11/site-packages/airflow/example_dags/example_sensors.py
[2024-07-13T01:08:25.736+0000] {processor.py:840} INFO - DAG(s) 'example_sensors' retrieved from /home/airflow/.local/lib/python3.11/site-packages/airflow/example_dags/example_sensors.py
[2024-07-13T01:08:25.784+0000] {logging_mixin.py:188} INFO - [2024-07-13T01:08:25.784+0000] {dag.py:3096} INFO - Sync 1 DAGs
[2024-07-13T01:08:25.806+0000] {logging_mixin.py:188} INFO - [2024-07-13T01:08:25.806+0000] {dag.py:3954} INFO - Setting next_dagrun for example_sensors to None, run_after=None
[2024-07-13T01:08:25.834+0000] {processor.py:183} INFO - Processing /home/airflow/.local/lib/python3.11/site-packages/airflow/example_dags/example_sensors.py took 0.144 seconds
[2024-07-13T01:08:57.671+0000] {processor.py:161} INFO - Started process (PID=1171) to work on /home/airflow/.local/lib/python3.11/site-packages/airflow/example_dags/example_sensors.py
[2024-07-13T01:08:57.673+0000] {processor.py:830} INFO - Processing file /home/airflow/.local/lib/python3.11/site-packages/airflow/example_dags/example_sensors.py for tasks to queue
[2024-07-13T01:08:57.677+0000] {logging_mixin.py:188} INFO - [2024-07-13T01:08:57.676+0000] {dagbag.py:545} INFO - Filling up the DagBag from /home/airflow/.local/lib/python3.11/site-packages/airflow/example_dags/example_sensors.py
[2024-07-13T01:08:57.696+0000] {processor.py:840} INFO - DAG(s) 'example_sensors' retrieved from /home/airflow/.local/lib/python3.11/site-packages/airflow/example_dags/example_sensors.py
[2024-07-13T01:08:57.743+0000] {logging_mixin.py:188} INFO - [2024-07-13T01:08:57.742+0000] {dag.py:3096} INFO - Sync 1 DAGs
[2024-07-13T01:08:57.765+0000] {logging_mixin.py:188} INFO - [2024-07-13T01:08:57.764+0000] {dag.py:3954} INFO - Setting next_dagrun for example_sensors to None, run_after=None
[2024-07-13T01:08:57.792+0000] {processor.py:183} INFO - Processing /home/airflow/.local/lib/python3.11/site-packages/airflow/example_dags/example_sensors.py took 0.133 seconds
[2024-07-13T01:09:30.393+0000] {processor.py:161} INFO - Started process (PID=1233) to work on /home/airflow/.local/lib/python3.11/site-packages/airflow/example_dags/example_sensors.py
[2024-07-13T01:09:30.396+0000] {processor.py:830} INFO - Processing file /home/airflow/.local/lib/python3.11/site-packages/airflow/example_dags/example_sensors.py for tasks to queue
[2024-07-13T01:09:30.401+0000] {logging_mixin.py:188} INFO - [2024-07-13T01:09:30.400+0000] {dagbag.py:545} INFO - Filling up the DagBag from /home/airflow/.local/lib/python3.11/site-packages/airflow/example_dags/example_sensors.py
[2024-07-13T01:09:30.428+0000] {processor.py:840} INFO - DAG(s) 'example_sensors' retrieved from /home/airflow/.local/lib/python3.11/site-packages/airflow/example_dags/example_sensors.py
[2024-07-13T01:09:30.505+0000] {logging_mixin.py:188} INFO - [2024-07-13T01:09:30.504+0000] {dag.py:3096} INFO - Sync 1 DAGs
[2024-07-13T01:09:30.534+0000] {logging_mixin.py:188} INFO - [2024-07-13T01:09:30.533+0000] {dag.py:3954} INFO - Setting next_dagrun for example_sensors to None, run_after=None
[2024-07-13T01:09:30.574+0000] {processor.py:183} INFO - Processing /home/airflow/.local/lib/python3.11/site-packages/airflow/example_dags/example_sensors.py took 0.200 seconds
[2024-07-13T01:11:14.402+0000] {processor.py:161} INFO - Started process (PID=37) to work on /home/airflow/.local/lib/python3.11/site-packages/airflow/example_dags/example_sensors.py
[2024-07-13T01:11:14.404+0000] {processor.py:830} INFO - Processing file /home/airflow/.local/lib/python3.11/site-packages/airflow/example_dags/example_sensors.py for tasks to queue
[2024-07-13T01:11:14.407+0000] {logging_mixin.py:188} INFO - [2024-07-13T01:11:14.407+0000] {dagbag.py:545} INFO - Filling up the DagBag from /home/airflow/.local/lib/python3.11/site-packages/airflow/example_dags/example_sensors.py
[2024-07-13T01:11:14.430+0000] {processor.py:840} INFO - DAG(s) 'example_sensors' retrieved from /home/airflow/.local/lib/python3.11/site-packages/airflow/example_dags/example_sensors.py
[2024-07-13T01:11:14.671+0000] {logging_mixin.py:188} INFO - [2024-07-13T01:11:14.671+0000] {dag.py:3096} INFO - Sync 1 DAGs
[2024-07-13T01:11:14.696+0000] {logging_mixin.py:188} INFO - [2024-07-13T01:11:14.695+0000] {dag.py:3954} INFO - Setting next_dagrun for example_sensors to None, run_after=None
[2024-07-13T01:11:14.735+0000] {processor.py:183} INFO - Processing /home/airflow/.local/lib/python3.11/site-packages/airflow/example_dags/example_sensors.py took 0.347 seconds
[2024-07-13T01:11:47.863+0000] {processor.py:161} INFO - Started process (PID=98) to work on /home/airflow/.local/lib/python3.11/site-packages/airflow/example_dags/example_sensors.py
[2024-07-13T01:11:47.866+0000] {processor.py:830} INFO - Processing file /home/airflow/.local/lib/python3.11/site-packages/airflow/example_dags/example_sensors.py for tasks to queue
[2024-07-13T01:11:47.870+0000] {logging_mixin.py:188} INFO - [2024-07-13T01:11:47.869+0000] {dagbag.py:545} INFO - Filling up the DagBag from /home/airflow/.local/lib/python3.11/site-packages/airflow/example_dags/example_sensors.py
[2024-07-13T01:11:47.889+0000] {processor.py:840} INFO - DAG(s) 'example_sensors' retrieved from /home/airflow/.local/lib/python3.11/site-packages/airflow/example_dags/example_sensors.py
[2024-07-13T01:11:47.939+0000] {logging_mixin.py:188} INFO - [2024-07-13T01:11:47.938+0000] {dag.py:3096} INFO - Sync 1 DAGs
[2024-07-13T01:11:47.961+0000] {logging_mixin.py:188} INFO - [2024-07-13T01:11:47.960+0000] {dag.py:3954} INFO - Setting next_dagrun for example_sensors to None, run_after=None
[2024-07-13T01:11:47.993+0000] {processor.py:183} INFO - Processing /home/airflow/.local/lib/python3.11/site-packages/airflow/example_dags/example_sensors.py took 0.144 seconds
[2024-07-13T01:12:21.558+0000] {processor.py:161} INFO - Started process (PID=160) to work on /home/airflow/.local/lib/python3.11/site-packages/airflow/example_dags/example_sensors.py
[2024-07-13T01:12:21.561+0000] {processor.py:830} INFO - Processing file /home/airflow/.local/lib/python3.11/site-packages/airflow/example_dags/example_sensors.py for tasks to queue
[2024-07-13T01:12:21.565+0000] {logging_mixin.py:188} INFO - [2024-07-13T01:12:21.564+0000] {dagbag.py:545} INFO - Filling up the DagBag from /home/airflow/.local/lib/python3.11/site-packages/airflow/example_dags/example_sensors.py
[2024-07-13T01:12:21.584+0000] {processor.py:840} INFO - DAG(s) 'example_sensors' retrieved from /home/airflow/.local/lib/python3.11/site-packages/airflow/example_dags/example_sensors.py
[2024-07-13T01:12:21.641+0000] {logging_mixin.py:188} INFO - [2024-07-13T01:12:21.640+0000] {dag.py:3096} INFO - Sync 1 DAGs
[2024-07-13T01:12:21.672+0000] {logging_mixin.py:188} INFO - [2024-07-13T01:12:21.671+0000] {dag.py:3954} INFO - Setting next_dagrun for example_sensors to None, run_after=None
[2024-07-13T01:12:21.712+0000] {processor.py:183} INFO - Processing /home/airflow/.local/lib/python3.11/site-packages/airflow/example_dags/example_sensors.py took 0.166 seconds
[2024-07-13T01:12:54.541+0000] {processor.py:161} INFO - Started process (PID=222) to work on /home/airflow/.local/lib/python3.11/site-packages/airflow/example_dags/example_sensors.py
[2024-07-13T01:12:54.544+0000] {processor.py:830} INFO - Processing file /home/airflow/.local/lib/python3.11/site-packages/airflow/example_dags/example_sensors.py for tasks to queue
[2024-07-13T01:12:54.549+0000] {logging_mixin.py:188} INFO - [2024-07-13T01:12:54.548+0000] {dagbag.py:545} INFO - Filling up the DagBag from /home/airflow/.local/lib/python3.11/site-packages/airflow/example_dags/example_sensors.py
[2024-07-13T01:12:54.571+0000] {processor.py:840} INFO - DAG(s) 'example_sensors' retrieved from /home/airflow/.local/lib/python3.11/site-packages/airflow/example_dags/example_sensors.py
[2024-07-13T01:12:54.619+0000] {logging_mixin.py:188} INFO - [2024-07-13T01:12:54.618+0000] {dag.py:3096} INFO - Sync 1 DAGs
[2024-07-13T01:12:54.642+0000] {logging_mixin.py:188} INFO - [2024-07-13T01:12:54.641+0000] {dag.py:3954} INFO - Setting next_dagrun for example_sensors to None, run_after=None
[2024-07-13T01:12:54.673+0000] {processor.py:183} INFO - Processing /home/airflow/.local/lib/python3.11/site-packages/airflow/example_dags/example_sensors.py took 0.150 seconds
[2024-07-13T01:13:28.614+0000] {processor.py:161} INFO - Started process (PID=291) to work on /home/airflow/.local/lib/python3.11/site-packages/airflow/example_dags/example_sensors.py
[2024-07-13T01:13:28.616+0000] {processor.py:830} INFO - Processing file /home/airflow/.local/lib/python3.11/site-packages/airflow/example_dags/example_sensors.py for tasks to queue
[2024-07-13T01:13:28.627+0000] {logging_mixin.py:188} INFO - [2024-07-13T01:13:28.626+0000] {dagbag.py:545} INFO - Filling up the DagBag from /home/airflow/.local/lib/python3.11/site-packages/airflow/example_dags/example_sensors.py
[2024-07-13T01:13:28.692+0000] {processor.py:840} INFO - DAG(s) 'example_sensors' retrieved from /home/airflow/.local/lib/python3.11/site-packages/airflow/example_dags/example_sensors.py
[2024-07-13T01:13:28.769+0000] {logging_mixin.py:188} INFO - [2024-07-13T01:13:28.768+0000] {dag.py:3096} INFO - Sync 1 DAGs
[2024-07-13T01:13:28.813+0000] {logging_mixin.py:188} INFO - [2024-07-13T01:13:28.812+0000] {dag.py:3954} INFO - Setting next_dagrun for example_sensors to None, run_after=None
[2024-07-13T01:13:28.854+0000] {processor.py:183} INFO - Processing /home/airflow/.local/lib/python3.11/site-packages/airflow/example_dags/example_sensors.py took 0.256 seconds
[2024-07-13T01:14:01.810+0000] {processor.py:161} INFO - Started process (PID=353) to work on /home/airflow/.local/lib/python3.11/site-packages/airflow/example_dags/example_sensors.py
[2024-07-13T01:14:01.813+0000] {processor.py:830} INFO - Processing file /home/airflow/.local/lib/python3.11/site-packages/airflow/example_dags/example_sensors.py for tasks to queue
[2024-07-13T01:14:01.817+0000] {logging_mixin.py:188} INFO - [2024-07-13T01:14:01.816+0000] {dagbag.py:545} INFO - Filling up the DagBag from /home/airflow/.local/lib/python3.11/site-packages/airflow/example_dags/example_sensors.py
[2024-07-13T01:14:01.838+0000] {processor.py:840} INFO - DAG(s) 'example_sensors' retrieved from /home/airflow/.local/lib/python3.11/site-packages/airflow/example_dags/example_sensors.py
[2024-07-13T01:14:01.884+0000] {logging_mixin.py:188} INFO - [2024-07-13T01:14:01.884+0000] {dag.py:3096} INFO - Sync 1 DAGs
[2024-07-13T01:14:01.905+0000] {logging_mixin.py:188} INFO - [2024-07-13T01:14:01.904+0000] {dag.py:3954} INFO - Setting next_dagrun for example_sensors to None, run_after=None
[2024-07-13T01:14:01.937+0000] {processor.py:183} INFO - Processing /home/airflow/.local/lib/python3.11/site-packages/airflow/example_dags/example_sensors.py took 0.141 seconds
[2024-07-13T01:14:35.760+0000] {processor.py:161} INFO - Started process (PID=415) to work on /home/airflow/.local/lib/python3.11/site-packages/airflow/example_dags/example_sensors.py
[2024-07-13T01:14:35.762+0000] {processor.py:830} INFO - Processing file /home/airflow/.local/lib/python3.11/site-packages/airflow/example_dags/example_sensors.py for tasks to queue
[2024-07-13T01:14:35.765+0000] {logging_mixin.py:188} INFO - [2024-07-13T01:14:35.765+0000] {dagbag.py:545} INFO - Filling up the DagBag from /home/airflow/.local/lib/python3.11/site-packages/airflow/example_dags/example_sensors.py
[2024-07-13T01:14:35.782+0000] {processor.py:840} INFO - DAG(s) 'example_sensors' retrieved from /home/airflow/.local/lib/python3.11/site-packages/airflow/example_dags/example_sensors.py
[2024-07-13T01:14:35.828+0000] {logging_mixin.py:188} INFO - [2024-07-13T01:14:35.827+0000] {dag.py:3096} INFO - Sync 1 DAGs
[2024-07-13T01:14:35.849+0000] {logging_mixin.py:188} INFO - [2024-07-13T01:14:35.848+0000] {dag.py:3954} INFO - Setting next_dagrun for example_sensors to None, run_after=None
[2024-07-13T01:14:35.879+0000] {processor.py:183} INFO - Processing /home/airflow/.local/lib/python3.11/site-packages/airflow/example_dags/example_sensors.py took 0.131 seconds
[2024-07-13T01:15:09.489+0000] {processor.py:161} INFO - Started process (PID=477) to work on /home/airflow/.local/lib/python3.11/site-packages/airflow/example_dags/example_sensors.py
[2024-07-13T01:15:09.492+0000] {processor.py:830} INFO - Processing file /home/airflow/.local/lib/python3.11/site-packages/airflow/example_dags/example_sensors.py for tasks to queue
[2024-07-13T01:15:09.497+0000] {logging_mixin.py:188} INFO - [2024-07-13T01:15:09.496+0000] {dagbag.py:545} INFO - Filling up the DagBag from /home/airflow/.local/lib/python3.11/site-packages/airflow/example_dags/example_sensors.py
[2024-07-13T01:15:09.521+0000] {processor.py:840} INFO - DAG(s) 'example_sensors' retrieved from /home/airflow/.local/lib/python3.11/site-packages/airflow/example_dags/example_sensors.py
[2024-07-13T01:15:09.580+0000] {logging_mixin.py:188} INFO - [2024-07-13T01:15:09.579+0000] {dag.py:3096} INFO - Sync 1 DAGs
[2024-07-13T01:15:09.604+0000] {logging_mixin.py:188} INFO - [2024-07-13T01:15:09.604+0000] {dag.py:3954} INFO - Setting next_dagrun for example_sensors to None, run_after=None
[2024-07-13T01:15:09.636+0000] {processor.py:183} INFO - Processing /home/airflow/.local/lib/python3.11/site-packages/airflow/example_dags/example_sensors.py took 0.164 seconds
[2024-07-13T01:15:43.437+0000] {processor.py:161} INFO - Started process (PID=538) to work on /home/airflow/.local/lib/python3.11/site-packages/airflow/example_dags/example_sensors.py
[2024-07-13T01:15:43.440+0000] {processor.py:830} INFO - Processing file /home/airflow/.local/lib/python3.11/site-packages/airflow/example_dags/example_sensors.py for tasks to queue
[2024-07-13T01:15:43.448+0000] {logging_mixin.py:188} INFO - [2024-07-13T01:15:43.447+0000] {dagbag.py:545} INFO - Filling up the DagBag from /home/airflow/.local/lib/python3.11/site-packages/airflow/example_dags/example_sensors.py
[2024-07-13T01:15:43.474+0000] {processor.py:840} INFO - DAG(s) 'example_sensors' retrieved from /home/airflow/.local/lib/python3.11/site-packages/airflow/example_dags/example_sensors.py
[2024-07-13T01:15:43.537+0000] {logging_mixin.py:188} INFO - [2024-07-13T01:15:43.537+0000] {dag.py:3096} INFO - Sync 1 DAGs
[2024-07-13T01:15:43.566+0000] {logging_mixin.py:188} INFO - [2024-07-13T01:15:43.565+0000] {dag.py:3954} INFO - Setting next_dagrun for example_sensors to None, run_after=None
[2024-07-13T01:15:43.603+0000] {processor.py:183} INFO - Processing /home/airflow/.local/lib/python3.11/site-packages/airflow/example_dags/example_sensors.py took 0.183 seconds
[2024-07-13T01:16:16.502+0000] {processor.py:161} INFO - Started process (PID=601) to work on /home/airflow/.local/lib/python3.11/site-packages/airflow/example_dags/example_sensors.py
[2024-07-13T01:16:16.504+0000] {processor.py:830} INFO - Processing file /home/airflow/.local/lib/python3.11/site-packages/airflow/example_dags/example_sensors.py for tasks to queue
[2024-07-13T01:16:16.508+0000] {logging_mixin.py:188} INFO - [2024-07-13T01:16:16.507+0000] {dagbag.py:545} INFO - Filling up the DagBag from /home/airflow/.local/lib/python3.11/site-packages/airflow/example_dags/example_sensors.py
[2024-07-13T01:16:16.530+0000] {processor.py:840} INFO - DAG(s) 'example_sensors' retrieved from /home/airflow/.local/lib/python3.11/site-packages/airflow/example_dags/example_sensors.py
[2024-07-13T01:16:16.586+0000] {logging_mixin.py:188} INFO - [2024-07-13T01:16:16.586+0000] {dag.py:3096} INFO - Sync 1 DAGs
[2024-07-13T01:16:16.613+0000] {logging_mixin.py:188} INFO - [2024-07-13T01:16:16.612+0000] {dag.py:3954} INFO - Setting next_dagrun for example_sensors to None, run_after=None
[2024-07-13T01:16:16.652+0000] {processor.py:183} INFO - Processing /home/airflow/.local/lib/python3.11/site-packages/airflow/example_dags/example_sensors.py took 0.164 seconds
