[2024-07-13T00:28:02.921+0000] {processor.py:161} INFO - Started process (PID=65) to work on /home/airflow/.local/lib/python3.11/site-packages/airflow/example_dags/example_latest_only.py
[2024-07-13T00:28:02.922+0000] {processor.py:830} INFO - Processing file /home/airflow/.local/lib/python3.11/site-packages/airflow/example_dags/example_latest_only.py for tasks to queue
[2024-07-13T00:28:02.924+0000] {logging_mixin.py:188} INFO - [2024-07-13T00:28:02.923+0000] {dagbag.py:545} INFO - Filling up the DagBag from /home/airflow/.local/lib/python3.11/site-packages/airflow/example_dags/example_latest_only.py
[2024-07-13T00:28:02.937+0000] {processor.py:840} INFO - DAG(s) 'latest_only' retrieved from /home/airflow/.local/lib/python3.11/site-packages/airflow/example_dags/example_latest_only.py
[2024-07-13T00:28:03.147+0000] {logging_mixin.py:188} INFO - [2024-07-13T00:28:03.146+0000] {dag.py:3096} INFO - Sync 1 DAGs
[2024-07-13T00:28:03.176+0000] {logging_mixin.py:188} INFO - [2024-07-13T00:28:03.176+0000] {dag.py:3954} INFO - Setting next_dagrun for latest_only to 2024-07-12 20:00:00+00:00, run_after=2024-07-13 00:00:00+00:00
[2024-07-13T00:28:03.203+0000] {processor.py:183} INFO - Processing /home/airflow/.local/lib/python3.11/site-packages/airflow/example_dags/example_latest_only.py took 0.296 seconds
[2024-07-13T00:28:34.033+0000] {processor.py:161} INFO - Started process (PID=127) to work on /home/airflow/.local/lib/python3.11/site-packages/airflow/example_dags/example_latest_only.py
[2024-07-13T00:28:34.035+0000] {processor.py:830} INFO - Processing file /home/airflow/.local/lib/python3.11/site-packages/airflow/example_dags/example_latest_only.py for tasks to queue
[2024-07-13T00:28:34.036+0000] {logging_mixin.py:188} INFO - [2024-07-13T00:28:34.035+0000] {dagbag.py:545} INFO - Filling up the DagBag from /home/airflow/.local/lib/python3.11/site-packages/airflow/example_dags/example_latest_only.py
[2024-07-13T00:28:34.045+0000] {processor.py:840} INFO - DAG(s) 'latest_only' retrieved from /home/airflow/.local/lib/python3.11/site-packages/airflow/example_dags/example_latest_only.py
[2024-07-13T00:28:34.079+0000] {logging_mixin.py:188} INFO - [2024-07-13T00:28:34.079+0000] {dag.py:3096} INFO - Sync 1 DAGs
[2024-07-13T00:28:34.113+0000] {logging_mixin.py:188} INFO - [2024-07-13T00:28:34.113+0000] {dag.py:3954} INFO - Setting next_dagrun for latest_only to 2024-07-12 20:00:00+00:00, run_after=2024-07-13 00:00:00+00:00
[2024-07-13T00:28:34.139+0000] {processor.py:183} INFO - Processing /home/airflow/.local/lib/python3.11/site-packages/airflow/example_dags/example_latest_only.py took 0.117 seconds
[2024-07-13T00:29:06.871+0000] {processor.py:161} INFO - Started process (PID=189) to work on /home/airflow/.local/lib/python3.11/site-packages/airflow/example_dags/example_latest_only.py
[2024-07-13T00:29:06.873+0000] {processor.py:830} INFO - Processing file /home/airflow/.local/lib/python3.11/site-packages/airflow/example_dags/example_latest_only.py for tasks to queue
[2024-07-13T00:29:06.874+0000] {logging_mixin.py:188} INFO - [2024-07-13T00:29:06.874+0000] {dagbag.py:545} INFO - Filling up the DagBag from /home/airflow/.local/lib/python3.11/site-packages/airflow/example_dags/example_latest_only.py
[2024-07-13T00:29:06.885+0000] {processor.py:840} INFO - DAG(s) 'latest_only' retrieved from /home/airflow/.local/lib/python3.11/site-packages/airflow/example_dags/example_latest_only.py
[2024-07-13T00:29:06.926+0000] {logging_mixin.py:188} INFO - [2024-07-13T00:29:06.925+0000] {dag.py:3096} INFO - Sync 1 DAGs
[2024-07-13T00:29:06.960+0000] {logging_mixin.py:188} INFO - [2024-07-13T00:29:06.960+0000] {dag.py:3954} INFO - Setting next_dagrun for latest_only to 2024-07-12 20:00:00+00:00, run_after=2024-07-13 00:00:00+00:00
[2024-07-13T00:29:06.987+0000] {processor.py:183} INFO - Processing /home/airflow/.local/lib/python3.11/site-packages/airflow/example_dags/example_latest_only.py took 0.128 seconds
[2024-07-13T00:29:40.293+0000] {processor.py:161} INFO - Started process (PID=251) to work on /home/airflow/.local/lib/python3.11/site-packages/airflow/example_dags/example_latest_only.py
[2024-07-13T00:29:40.295+0000] {processor.py:830} INFO - Processing file /home/airflow/.local/lib/python3.11/site-packages/airflow/example_dags/example_latest_only.py for tasks to queue
[2024-07-13T00:29:40.296+0000] {logging_mixin.py:188} INFO - [2024-07-13T00:29:40.296+0000] {dagbag.py:545} INFO - Filling up the DagBag from /home/airflow/.local/lib/python3.11/site-packages/airflow/example_dags/example_latest_only.py
[2024-07-13T00:29:40.306+0000] {processor.py:840} INFO - DAG(s) 'latest_only' retrieved from /home/airflow/.local/lib/python3.11/site-packages/airflow/example_dags/example_latest_only.py
[2024-07-13T00:29:40.346+0000] {logging_mixin.py:188} INFO - [2024-07-13T00:29:40.345+0000] {dag.py:3096} INFO - Sync 1 DAGs
[2024-07-13T00:29:40.389+0000] {logging_mixin.py:188} INFO - [2024-07-13T00:29:40.388+0000] {dag.py:3954} INFO - Setting next_dagrun for latest_only to 2024-07-12 20:00:00+00:00, run_after=2024-07-13 00:00:00+00:00
[2024-07-13T00:29:40.417+0000] {processor.py:183} INFO - Processing /home/airflow/.local/lib/python3.11/site-packages/airflow/example_dags/example_latest_only.py took 0.136 seconds
[2024-07-13T00:30:13.260+0000] {processor.py:161} INFO - Started process (PID=320) to work on /home/airflow/.local/lib/python3.11/site-packages/airflow/example_dags/example_latest_only.py
[2024-07-13T00:30:13.261+0000] {processor.py:830} INFO - Processing file /home/airflow/.local/lib/python3.11/site-packages/airflow/example_dags/example_latest_only.py for tasks to queue
[2024-07-13T00:30:13.262+0000] {logging_mixin.py:188} INFO - [2024-07-13T00:30:13.262+0000] {dagbag.py:545} INFO - Filling up the DagBag from /home/airflow/.local/lib/python3.11/site-packages/airflow/example_dags/example_latest_only.py
[2024-07-13T00:30:13.273+0000] {processor.py:840} INFO - DAG(s) 'latest_only' retrieved from /home/airflow/.local/lib/python3.11/site-packages/airflow/example_dags/example_latest_only.py
[2024-07-13T00:30:13.316+0000] {logging_mixin.py:188} INFO - [2024-07-13T00:30:13.316+0000] {dag.py:3096} INFO - Sync 1 DAGs
[2024-07-13T00:30:13.362+0000] {logging_mixin.py:188} INFO - [2024-07-13T00:30:13.361+0000] {dag.py:3954} INFO - Setting next_dagrun for latest_only to 2024-07-12 20:00:00+00:00, run_after=2024-07-13 00:00:00+00:00
[2024-07-13T00:30:13.394+0000] {processor.py:183} INFO - Processing /home/airflow/.local/lib/python3.11/site-packages/airflow/example_dags/example_latest_only.py took 0.146 seconds
[2024-07-13T00:30:45.931+0000] {processor.py:161} INFO - Started process (PID=382) to work on /home/airflow/.local/lib/python3.11/site-packages/airflow/example_dags/example_latest_only.py
[2024-07-13T00:30:45.934+0000] {processor.py:830} INFO - Processing file /home/airflow/.local/lib/python3.11/site-packages/airflow/example_dags/example_latest_only.py for tasks to queue
[2024-07-13T00:30:45.935+0000] {logging_mixin.py:188} INFO - [2024-07-13T00:30:45.934+0000] {dagbag.py:545} INFO - Filling up the DagBag from /home/airflow/.local/lib/python3.11/site-packages/airflow/example_dags/example_latest_only.py
[2024-07-13T00:30:45.945+0000] {processor.py:840} INFO - DAG(s) 'latest_only' retrieved from /home/airflow/.local/lib/python3.11/site-packages/airflow/example_dags/example_latest_only.py
[2024-07-13T00:30:45.986+0000] {logging_mixin.py:188} INFO - [2024-07-13T00:30:45.985+0000] {dag.py:3096} INFO - Sync 1 DAGs
[2024-07-13T00:30:46.027+0000] {logging_mixin.py:188} INFO - [2024-07-13T00:30:46.027+0000] {dag.py:3954} INFO - Setting next_dagrun for latest_only to 2024-07-12 20:00:00+00:00, run_after=2024-07-13 00:00:00+00:00
[2024-07-13T00:30:46.053+0000] {processor.py:183} INFO - Processing /home/airflow/.local/lib/python3.11/site-packages/airflow/example_dags/example_latest_only.py took 0.135 seconds
[2024-07-13T00:31:19.372+0000] {processor.py:161} INFO - Started process (PID=444) to work on /home/airflow/.local/lib/python3.11/site-packages/airflow/example_dags/example_latest_only.py
[2024-07-13T00:31:19.374+0000] {processor.py:830} INFO - Processing file /home/airflow/.local/lib/python3.11/site-packages/airflow/example_dags/example_latest_only.py for tasks to queue
[2024-07-13T00:31:19.375+0000] {logging_mixin.py:188} INFO - [2024-07-13T00:31:19.374+0000] {dagbag.py:545} INFO - Filling up the DagBag from /home/airflow/.local/lib/python3.11/site-packages/airflow/example_dags/example_latest_only.py
[2024-07-13T00:31:19.385+0000] {processor.py:840} INFO - DAG(s) 'latest_only' retrieved from /home/airflow/.local/lib/python3.11/site-packages/airflow/example_dags/example_latest_only.py
[2024-07-13T00:31:19.421+0000] {logging_mixin.py:188} INFO - [2024-07-13T00:31:19.421+0000] {dag.py:3096} INFO - Sync 1 DAGs
[2024-07-13T00:31:19.456+0000] {logging_mixin.py:188} INFO - [2024-07-13T00:31:19.456+0000] {dag.py:3954} INFO - Setting next_dagrun for latest_only to 2024-07-12 20:00:00+00:00, run_after=2024-07-13 00:00:00+00:00
[2024-07-13T00:31:19.483+0000] {processor.py:183} INFO - Processing /home/airflow/.local/lib/python3.11/site-packages/airflow/example_dags/example_latest_only.py took 0.122 seconds
[2024-07-13T00:31:53.585+0000] {processor.py:161} INFO - Started process (PID=506) to work on /home/airflow/.local/lib/python3.11/site-packages/airflow/example_dags/example_latest_only.py
[2024-07-13T00:31:53.587+0000] {processor.py:830} INFO - Processing file /home/airflow/.local/lib/python3.11/site-packages/airflow/example_dags/example_latest_only.py for tasks to queue
[2024-07-13T00:31:53.588+0000] {logging_mixin.py:188} INFO - [2024-07-13T00:31:53.588+0000] {dagbag.py:545} INFO - Filling up the DagBag from /home/airflow/.local/lib/python3.11/site-packages/airflow/example_dags/example_latest_only.py
[2024-07-13T00:31:53.599+0000] {processor.py:840} INFO - DAG(s) 'latest_only' retrieved from /home/airflow/.local/lib/python3.11/site-packages/airflow/example_dags/example_latest_only.py
[2024-07-13T00:31:53.637+0000] {logging_mixin.py:188} INFO - [2024-07-13T00:31:53.637+0000] {dag.py:3096} INFO - Sync 1 DAGs
[2024-07-13T00:31:53.677+0000] {logging_mixin.py:188} INFO - [2024-07-13T00:31:53.677+0000] {dag.py:3954} INFO - Setting next_dagrun for latest_only to 2024-07-12 20:00:00+00:00, run_after=2024-07-13 00:00:00+00:00
[2024-07-13T00:31:53.715+0000] {processor.py:183} INFO - Processing /home/airflow/.local/lib/python3.11/site-packages/airflow/example_dags/example_latest_only.py took 0.143 seconds
[2024-07-13T00:32:28.081+0000] {processor.py:161} INFO - Started process (PID=568) to work on /home/airflow/.local/lib/python3.11/site-packages/airflow/example_dags/example_latest_only.py
[2024-07-13T00:32:28.084+0000] {processor.py:830} INFO - Processing file /home/airflow/.local/lib/python3.11/site-packages/airflow/example_dags/example_latest_only.py for tasks to queue
[2024-07-13T00:32:28.086+0000] {logging_mixin.py:188} INFO - [2024-07-13T00:32:28.085+0000] {dagbag.py:545} INFO - Filling up the DagBag from /home/airflow/.local/lib/python3.11/site-packages/airflow/example_dags/example_latest_only.py
[2024-07-13T00:32:28.102+0000] {processor.py:840} INFO - DAG(s) 'latest_only' retrieved from /home/airflow/.local/lib/python3.11/site-packages/airflow/example_dags/example_latest_only.py
[2024-07-13T00:32:28.152+0000] {logging_mixin.py:188} INFO - [2024-07-13T00:32:28.152+0000] {dag.py:3096} INFO - Sync 1 DAGs
[2024-07-13T00:32:28.200+0000] {logging_mixin.py:188} INFO - [2024-07-13T00:32:28.200+0000] {dag.py:3954} INFO - Setting next_dagrun for latest_only to 2024-07-12 20:00:00+00:00, run_after=2024-07-13 00:00:00+00:00
[2024-07-13T00:32:28.252+0000] {processor.py:183} INFO - Processing /home/airflow/.local/lib/python3.11/site-packages/airflow/example_dags/example_latest_only.py took 0.186 seconds
[2024-07-13T00:33:02.550+0000] {processor.py:161} INFO - Started process (PID=630) to work on /home/airflow/.local/lib/python3.11/site-packages/airflow/example_dags/example_latest_only.py
[2024-07-13T00:33:02.552+0000] {processor.py:830} INFO - Processing file /home/airflow/.local/lib/python3.11/site-packages/airflow/example_dags/example_latest_only.py for tasks to queue
[2024-07-13T00:33:02.554+0000] {logging_mixin.py:188} INFO - [2024-07-13T00:33:02.553+0000] {dagbag.py:545} INFO - Filling up the DagBag from /home/airflow/.local/lib/python3.11/site-packages/airflow/example_dags/example_latest_only.py
[2024-07-13T00:33:02.567+0000] {processor.py:840} INFO - DAG(s) 'latest_only' retrieved from /home/airflow/.local/lib/python3.11/site-packages/airflow/example_dags/example_latest_only.py
[2024-07-13T00:33:02.613+0000] {logging_mixin.py:188} INFO - [2024-07-13T00:33:02.613+0000] {dag.py:3096} INFO - Sync 1 DAGs
[2024-07-13T00:33:02.663+0000] {logging_mixin.py:188} INFO - [2024-07-13T00:33:02.662+0000] {dag.py:3954} INFO - Setting next_dagrun for latest_only to 2024-07-12 20:00:00+00:00, run_after=2024-07-13 00:00:00+00:00
[2024-07-13T00:33:02.694+0000] {processor.py:183} INFO - Processing /home/airflow/.local/lib/python3.11/site-packages/airflow/example_dags/example_latest_only.py took 0.159 seconds
[2024-07-13T00:33:34.836+0000] {processor.py:161} INFO - Started process (PID=692) to work on /home/airflow/.local/lib/python3.11/site-packages/airflow/example_dags/example_latest_only.py
[2024-07-13T00:33:34.839+0000] {processor.py:830} INFO - Processing file /home/airflow/.local/lib/python3.11/site-packages/airflow/example_dags/example_latest_only.py for tasks to queue
[2024-07-13T00:33:34.840+0000] {logging_mixin.py:188} INFO - [2024-07-13T00:33:34.840+0000] {dagbag.py:545} INFO - Filling up the DagBag from /home/airflow/.local/lib/python3.11/site-packages/airflow/example_dags/example_latest_only.py
[2024-07-13T00:33:34.854+0000] {processor.py:840} INFO - DAG(s) 'latest_only' retrieved from /home/airflow/.local/lib/python3.11/site-packages/airflow/example_dags/example_latest_only.py
[2024-07-13T00:33:34.899+0000] {logging_mixin.py:188} INFO - [2024-07-13T00:33:34.899+0000] {dag.py:3096} INFO - Sync 1 DAGs
[2024-07-13T00:33:34.944+0000] {logging_mixin.py:188} INFO - [2024-07-13T00:33:34.943+0000] {dag.py:3954} INFO - Setting next_dagrun for latest_only to 2024-07-12 20:00:00+00:00, run_after=2024-07-13 00:00:00+00:00
[2024-07-13T00:33:34.976+0000] {processor.py:183} INFO - Processing /home/airflow/.local/lib/python3.11/site-packages/airflow/example_dags/example_latest_only.py took 0.155 seconds
[2024-07-13T00:35:50.772+0000] {processor.py:161} INFO - Started process (PID=66) to work on /home/airflow/.local/lib/python3.11/site-packages/airflow/example_dags/example_latest_only.py
[2024-07-13T00:35:50.774+0000] {processor.py:830} INFO - Processing file /home/airflow/.local/lib/python3.11/site-packages/airflow/example_dags/example_latest_only.py for tasks to queue
[2024-07-13T00:35:50.778+0000] {logging_mixin.py:188} INFO - [2024-07-13T00:35:50.777+0000] {dagbag.py:545} INFO - Filling up the DagBag from /home/airflow/.local/lib/python3.11/site-packages/airflow/example_dags/example_latest_only.py
[2024-07-13T00:35:50.790+0000] {processor.py:840} INFO - DAG(s) 'latest_only' retrieved from /home/airflow/.local/lib/python3.11/site-packages/airflow/example_dags/example_latest_only.py
[2024-07-13T00:35:51.004+0000] {logging_mixin.py:188} INFO - [2024-07-13T00:35:51.003+0000] {dag.py:3096} INFO - Sync 1 DAGs
[2024-07-13T00:35:51.050+0000] {logging_mixin.py:188} INFO - [2024-07-13T00:35:51.050+0000] {dag.py:3954} INFO - Setting next_dagrun for latest_only to 2024-07-12 20:00:00+00:00, run_after=2024-07-13 00:00:00+00:00
[2024-07-13T00:35:51.097+0000] {processor.py:183} INFO - Processing /home/airflow/.local/lib/python3.11/site-packages/airflow/example_dags/example_latest_only.py took 0.337 seconds
[2024-07-13T00:36:21.836+0000] {processor.py:161} INFO - Started process (PID=128) to work on /home/airflow/.local/lib/python3.11/site-packages/airflow/example_dags/example_latest_only.py
[2024-07-13T00:36:21.838+0000] {processor.py:830} INFO - Processing file /home/airflow/.local/lib/python3.11/site-packages/airflow/example_dags/example_latest_only.py for tasks to queue
[2024-07-13T00:36:21.841+0000] {logging_mixin.py:188} INFO - [2024-07-13T00:36:21.841+0000] {dagbag.py:545} INFO - Filling up the DagBag from /home/airflow/.local/lib/python3.11/site-packages/airflow/example_dags/example_latest_only.py
[2024-07-13T00:36:21.850+0000] {processor.py:840} INFO - DAG(s) 'latest_only' retrieved from /home/airflow/.local/lib/python3.11/site-packages/airflow/example_dags/example_latest_only.py
[2024-07-13T00:36:21.885+0000] {logging_mixin.py:188} INFO - [2024-07-13T00:36:21.884+0000] {dag.py:3096} INFO - Sync 1 DAGs
[2024-07-13T00:36:21.924+0000] {logging_mixin.py:188} INFO - [2024-07-13T00:36:21.924+0000] {dag.py:3954} INFO - Setting next_dagrun for latest_only to 2024-07-12 20:00:00+00:00, run_after=2024-07-13 00:00:00+00:00
[2024-07-13T00:36:21.956+0000] {processor.py:183} INFO - Processing /home/airflow/.local/lib/python3.11/site-packages/airflow/example_dags/example_latest_only.py took 0.131 seconds
[2024-07-13T00:38:21.981+0000] {processor.py:161} INFO - Started process (PID=64) to work on /home/airflow/.local/lib/python3.11/site-packages/airflow/example_dags/example_latest_only.py
[2024-07-13T00:38:21.992+0000] {processor.py:830} INFO - Processing file /home/airflow/.local/lib/python3.11/site-packages/airflow/example_dags/example_latest_only.py for tasks to queue
[2024-07-13T00:38:21.996+0000] {logging_mixin.py:188} INFO - [2024-07-13T00:38:21.995+0000] {dagbag.py:545} INFO - Filling up the DagBag from /home/airflow/.local/lib/python3.11/site-packages/airflow/example_dags/example_latest_only.py
[2024-07-13T00:38:22.010+0000] {processor.py:840} INFO - DAG(s) 'latest_only' retrieved from /home/airflow/.local/lib/python3.11/site-packages/airflow/example_dags/example_latest_only.py
[2024-07-13T00:38:22.260+0000] {logging_mixin.py:188} INFO - [2024-07-13T00:38:22.259+0000] {dag.py:3096} INFO - Sync 1 DAGs
[2024-07-13T00:38:22.303+0000] {logging_mixin.py:188} INFO - [2024-07-13T00:38:22.302+0000] {dag.py:3954} INFO - Setting next_dagrun for latest_only to 2024-07-12 20:00:00+00:00, run_after=2024-07-13 00:00:00+00:00
[2024-07-13T00:38:22.346+0000] {processor.py:183} INFO - Processing /home/airflow/.local/lib/python3.11/site-packages/airflow/example_dags/example_latest_only.py took 0.379 seconds
[2024-07-13T00:38:52.998+0000] {processor.py:161} INFO - Started process (PID=126) to work on /home/airflow/.local/lib/python3.11/site-packages/airflow/example_dags/example_latest_only.py
[2024-07-13T00:38:52.999+0000] {processor.py:830} INFO - Processing file /home/airflow/.local/lib/python3.11/site-packages/airflow/example_dags/example_latest_only.py for tasks to queue
[2024-07-13T00:38:53.002+0000] {logging_mixin.py:188} INFO - [2024-07-13T00:38:53.002+0000] {dagbag.py:545} INFO - Filling up the DagBag from /home/airflow/.local/lib/python3.11/site-packages/airflow/example_dags/example_latest_only.py
[2024-07-13T00:38:53.010+0000] {processor.py:840} INFO - DAG(s) 'latest_only' retrieved from /home/airflow/.local/lib/python3.11/site-packages/airflow/example_dags/example_latest_only.py
[2024-07-13T00:38:53.044+0000] {logging_mixin.py:188} INFO - [2024-07-13T00:38:53.043+0000] {dag.py:3096} INFO - Sync 1 DAGs
[2024-07-13T00:38:53.078+0000] {logging_mixin.py:188} INFO - [2024-07-13T00:38:53.078+0000] {dag.py:3954} INFO - Setting next_dagrun for latest_only to 2024-07-12 20:00:00+00:00, run_after=2024-07-13 00:00:00+00:00
[2024-07-13T00:38:53.105+0000] {processor.py:183} INFO - Processing /home/airflow/.local/lib/python3.11/site-packages/airflow/example_dags/example_latest_only.py took 0.118 seconds
[2024-07-13T00:39:25.066+0000] {processor.py:161} INFO - Started process (PID=188) to work on /home/airflow/.local/lib/python3.11/site-packages/airflow/example_dags/example_latest_only.py
[2024-07-13T00:39:25.069+0000] {processor.py:830} INFO - Processing file /home/airflow/.local/lib/python3.11/site-packages/airflow/example_dags/example_latest_only.py for tasks to queue
[2024-07-13T00:39:25.072+0000] {logging_mixin.py:188} INFO - [2024-07-13T00:39:25.072+0000] {dagbag.py:545} INFO - Filling up the DagBag from /home/airflow/.local/lib/python3.11/site-packages/airflow/example_dags/example_latest_only.py
[2024-07-13T00:39:25.082+0000] {processor.py:840} INFO - DAG(s) 'latest_only' retrieved from /home/airflow/.local/lib/python3.11/site-packages/airflow/example_dags/example_latest_only.py
[2024-07-13T00:39:25.119+0000] {logging_mixin.py:188} INFO - [2024-07-13T00:39:25.118+0000] {dag.py:3096} INFO - Sync 1 DAGs
[2024-07-13T00:39:25.155+0000] {logging_mixin.py:188} INFO - [2024-07-13T00:39:25.154+0000] {dag.py:3954} INFO - Setting next_dagrun for latest_only to 2024-07-12 20:00:00+00:00, run_after=2024-07-13 00:00:00+00:00
[2024-07-13T00:39:25.179+0000] {processor.py:183} INFO - Processing /home/airflow/.local/lib/python3.11/site-packages/airflow/example_dags/example_latest_only.py took 0.125 seconds
[2024-07-13T00:39:58.188+0000] {processor.py:161} INFO - Started process (PID=250) to work on /home/airflow/.local/lib/python3.11/site-packages/airflow/example_dags/example_latest_only.py
[2024-07-13T00:39:58.191+0000] {processor.py:830} INFO - Processing file /home/airflow/.local/lib/python3.11/site-packages/airflow/example_dags/example_latest_only.py for tasks to queue
[2024-07-13T00:39:58.195+0000] {logging_mixin.py:188} INFO - [2024-07-13T00:39:58.194+0000] {dagbag.py:545} INFO - Filling up the DagBag from /home/airflow/.local/lib/python3.11/site-packages/airflow/example_dags/example_latest_only.py
[2024-07-13T00:39:58.208+0000] {processor.py:840} INFO - DAG(s) 'latest_only' retrieved from /home/airflow/.local/lib/python3.11/site-packages/airflow/example_dags/example_latest_only.py
[2024-07-13T00:39:58.259+0000] {logging_mixin.py:188} INFO - [2024-07-13T00:39:58.257+0000] {dag.py:3096} INFO - Sync 1 DAGs
[2024-07-13T00:39:58.302+0000] {logging_mixin.py:188} INFO - [2024-07-13T00:39:58.302+0000] {dag.py:3954} INFO - Setting next_dagrun for latest_only to 2024-07-12 20:00:00+00:00, run_after=2024-07-13 00:00:00+00:00
[2024-07-13T00:39:58.336+0000] {processor.py:183} INFO - Processing /home/airflow/.local/lib/python3.11/site-packages/airflow/example_dags/example_latest_only.py took 0.164 seconds
[2024-07-13T00:40:30.866+0000] {processor.py:161} INFO - Started process (PID=312) to work on /home/airflow/.local/lib/python3.11/site-packages/airflow/example_dags/example_latest_only.py
[2024-07-13T00:40:30.868+0000] {processor.py:830} INFO - Processing file /home/airflow/.local/lib/python3.11/site-packages/airflow/example_dags/example_latest_only.py for tasks to queue
[2024-07-13T00:40:30.891+0000] {logging_mixin.py:188} INFO - [2024-07-13T00:40:30.880+0000] {dagbag.py:545} INFO - Filling up the DagBag from /home/airflow/.local/lib/python3.11/site-packages/airflow/example_dags/example_latest_only.py
[2024-07-13T00:40:30.905+0000] {processor.py:840} INFO - DAG(s) 'latest_only' retrieved from /home/airflow/.local/lib/python3.11/site-packages/airflow/example_dags/example_latest_only.py
[2024-07-13T00:40:30.957+0000] {logging_mixin.py:188} INFO - [2024-07-13T00:40:30.956+0000] {dag.py:3096} INFO - Sync 1 DAGs
[2024-07-13T00:40:31.019+0000] {logging_mixin.py:188} INFO - [2024-07-13T00:40:31.018+0000] {dag.py:3954} INFO - Setting next_dagrun for latest_only to 2024-07-12 20:00:00+00:00, run_after=2024-07-13 00:00:00+00:00
[2024-07-13T00:40:31.050+0000] {processor.py:183} INFO - Processing /home/airflow/.local/lib/python3.11/site-packages/airflow/example_dags/example_latest_only.py took 0.199 seconds
[2024-07-13T00:41:12.023+0000] {processor.py:161} INFO - Started process (PID=378) to work on /home/airflow/.local/lib/python3.11/site-packages/airflow/example_dags/example_latest_only.py
[2024-07-13T00:41:12.027+0000] {processor.py:830} INFO - Processing file /home/airflow/.local/lib/python3.11/site-packages/airflow/example_dags/example_latest_only.py for tasks to queue
[2024-07-13T00:41:12.034+0000] {logging_mixin.py:188} INFO - [2024-07-13T00:41:12.033+0000] {dagbag.py:545} INFO - Filling up the DagBag from /home/airflow/.local/lib/python3.11/site-packages/airflow/example_dags/example_latest_only.py
[2024-07-13T00:41:12.058+0000] {processor.py:840} INFO - DAG(s) 'latest_only' retrieved from /home/airflow/.local/lib/python3.11/site-packages/airflow/example_dags/example_latest_only.py
[2024-07-13T00:41:12.156+0000] {logging_mixin.py:188} INFO - [2024-07-13T00:41:12.154+0000] {dag.py:3096} INFO - Sync 1 DAGs
[2024-07-13T00:41:12.264+0000] {logging_mixin.py:188} INFO - [2024-07-13T00:41:12.263+0000] {dag.py:3954} INFO - Setting next_dagrun for latest_only to 2024-07-12 20:00:00+00:00, run_after=2024-07-13 00:00:00+00:00
[2024-07-13T00:41:12.340+0000] {processor.py:183} INFO - Processing /home/airflow/.local/lib/python3.11/site-packages/airflow/example_dags/example_latest_only.py took 0.346 seconds
[2024-07-13T00:41:42.828+0000] {processor.py:161} INFO - Started process (PID=439) to work on /home/airflow/.local/lib/python3.11/site-packages/airflow/example_dags/example_latest_only.py
[2024-07-13T00:41:42.829+0000] {processor.py:830} INFO - Processing file /home/airflow/.local/lib/python3.11/site-packages/airflow/example_dags/example_latest_only.py for tasks to queue
[2024-07-13T00:41:42.834+0000] {logging_mixin.py:188} INFO - [2024-07-13T00:41:42.833+0000] {dagbag.py:545} INFO - Filling up the DagBag from /home/airflow/.local/lib/python3.11/site-packages/airflow/example_dags/example_latest_only.py
[2024-07-13T00:41:42.846+0000] {processor.py:840} INFO - DAG(s) 'latest_only' retrieved from /home/airflow/.local/lib/python3.11/site-packages/airflow/example_dags/example_latest_only.py
[2024-07-13T00:41:42.891+0000] {logging_mixin.py:188} INFO - [2024-07-13T00:41:42.890+0000] {dag.py:3096} INFO - Sync 1 DAGs
[2024-07-13T00:41:42.937+0000] {logging_mixin.py:188} INFO - [2024-07-13T00:41:42.937+0000] {dag.py:3954} INFO - Setting next_dagrun for latest_only to 2024-07-12 20:00:00+00:00, run_after=2024-07-13 00:00:00+00:00
[2024-07-13T00:41:42.966+0000] {processor.py:183} INFO - Processing /home/airflow/.local/lib/python3.11/site-packages/airflow/example_dags/example_latest_only.py took 0.149 seconds
[2024-07-13T00:42:16.925+0000] {processor.py:161} INFO - Started process (PID=501) to work on /home/airflow/.local/lib/python3.11/site-packages/airflow/example_dags/example_latest_only.py
[2024-07-13T00:42:16.929+0000] {processor.py:830} INFO - Processing file /home/airflow/.local/lib/python3.11/site-packages/airflow/example_dags/example_latest_only.py for tasks to queue
[2024-07-13T00:42:16.932+0000] {logging_mixin.py:188} INFO - [2024-07-13T00:42:16.931+0000] {dagbag.py:545} INFO - Filling up the DagBag from /home/airflow/.local/lib/python3.11/site-packages/airflow/example_dags/example_latest_only.py
[2024-07-13T00:42:16.941+0000] {processor.py:840} INFO - DAG(s) 'latest_only' retrieved from /home/airflow/.local/lib/python3.11/site-packages/airflow/example_dags/example_latest_only.py
[2024-07-13T00:42:16.979+0000] {logging_mixin.py:188} INFO - [2024-07-13T00:42:16.978+0000] {dag.py:3096} INFO - Sync 1 DAGs
[2024-07-13T00:42:17.013+0000] {logging_mixin.py:188} INFO - [2024-07-13T00:42:17.013+0000] {dag.py:3954} INFO - Setting next_dagrun for latest_only to 2024-07-12 20:00:00+00:00, run_after=2024-07-13 00:00:00+00:00
[2024-07-13T00:42:17.044+0000] {processor.py:183} INFO - Processing /home/airflow/.local/lib/python3.11/site-packages/airflow/example_dags/example_latest_only.py took 0.134 seconds
[2024-07-13T00:44:05.336+0000] {processor.py:161} INFO - Started process (PID=65) to work on /home/airflow/.local/lib/python3.11/site-packages/airflow/example_dags/example_latest_only.py
[2024-07-13T00:44:05.338+0000] {processor.py:830} INFO - Processing file /home/airflow/.local/lib/python3.11/site-packages/airflow/example_dags/example_latest_only.py for tasks to queue
[2024-07-13T00:44:05.343+0000] {logging_mixin.py:188} INFO - [2024-07-13T00:44:05.342+0000] {dagbag.py:545} INFO - Filling up the DagBag from /home/airflow/.local/lib/python3.11/site-packages/airflow/example_dags/example_latest_only.py
[2024-07-13T00:44:05.356+0000] {processor.py:840} INFO - DAG(s) 'latest_only' retrieved from /home/airflow/.local/lib/python3.11/site-packages/airflow/example_dags/example_latest_only.py
[2024-07-13T00:44:05.557+0000] {logging_mixin.py:188} INFO - [2024-07-13T00:44:05.556+0000] {dag.py:3096} INFO - Sync 1 DAGs
[2024-07-13T00:44:05.602+0000] {logging_mixin.py:188} INFO - [2024-07-13T00:44:05.602+0000] {dag.py:3954} INFO - Setting next_dagrun for latest_only to 2024-07-12 20:00:00+00:00, run_after=2024-07-13 00:00:00+00:00
[2024-07-13T00:44:05.634+0000] {processor.py:183} INFO - Processing /home/airflow/.local/lib/python3.11/site-packages/airflow/example_dags/example_latest_only.py took 0.313 seconds
[2024-07-13T00:44:36.057+0000] {processor.py:161} INFO - Started process (PID=127) to work on /home/airflow/.local/lib/python3.11/site-packages/airflow/example_dags/example_latest_only.py
[2024-07-13T00:44:36.058+0000] {processor.py:830} INFO - Processing file /home/airflow/.local/lib/python3.11/site-packages/airflow/example_dags/example_latest_only.py for tasks to queue
[2024-07-13T00:44:36.061+0000] {logging_mixin.py:188} INFO - [2024-07-13T00:44:36.060+0000] {dagbag.py:545} INFO - Filling up the DagBag from /home/airflow/.local/lib/python3.11/site-packages/airflow/example_dags/example_latest_only.py
[2024-07-13T00:44:36.070+0000] {processor.py:840} INFO - DAG(s) 'latest_only' retrieved from /home/airflow/.local/lib/python3.11/site-packages/airflow/example_dags/example_latest_only.py
[2024-07-13T00:44:36.106+0000] {logging_mixin.py:188} INFO - [2024-07-13T00:44:36.105+0000] {dag.py:3096} INFO - Sync 1 DAGs
[2024-07-13T00:44:36.144+0000] {logging_mixin.py:188} INFO - [2024-07-13T00:44:36.143+0000] {dag.py:3954} INFO - Setting next_dagrun for latest_only to 2024-07-12 20:00:00+00:00, run_after=2024-07-13 00:00:00+00:00
[2024-07-13T00:44:36.175+0000] {processor.py:183} INFO - Processing /home/airflow/.local/lib/python3.11/site-packages/airflow/example_dags/example_latest_only.py took 0.129 seconds
[2024-07-13T00:45:07.545+0000] {processor.py:161} INFO - Started process (PID=188) to work on /home/airflow/.local/lib/python3.11/site-packages/airflow/example_dags/example_latest_only.py
[2024-07-13T00:45:07.548+0000] {processor.py:830} INFO - Processing file /home/airflow/.local/lib/python3.11/site-packages/airflow/example_dags/example_latest_only.py for tasks to queue
[2024-07-13T00:45:07.551+0000] {logging_mixin.py:188} INFO - [2024-07-13T00:45:07.550+0000] {dagbag.py:545} INFO - Filling up the DagBag from /home/airflow/.local/lib/python3.11/site-packages/airflow/example_dags/example_latest_only.py
[2024-07-13T00:45:07.560+0000] {processor.py:840} INFO - DAG(s) 'latest_only' retrieved from /home/airflow/.local/lib/python3.11/site-packages/airflow/example_dags/example_latest_only.py
[2024-07-13T00:45:07.599+0000] {logging_mixin.py:188} INFO - [2024-07-13T00:45:07.598+0000] {dag.py:3096} INFO - Sync 1 DAGs
[2024-07-13T00:45:07.640+0000] {logging_mixin.py:188} INFO - [2024-07-13T00:45:07.640+0000] {dag.py:3954} INFO - Setting next_dagrun for latest_only to 2024-07-12 20:00:00+00:00, run_after=2024-07-13 00:00:00+00:00
[2024-07-13T00:45:07.666+0000] {processor.py:183} INFO - Processing /home/airflow/.local/lib/python3.11/site-packages/airflow/example_dags/example_latest_only.py took 0.132 seconds
[2024-07-13T00:45:40.506+0000] {processor.py:161} INFO - Started process (PID=250) to work on /home/airflow/.local/lib/python3.11/site-packages/airflow/example_dags/example_latest_only.py
[2024-07-13T00:45:40.508+0000] {processor.py:830} INFO - Processing file /home/airflow/.local/lib/python3.11/site-packages/airflow/example_dags/example_latest_only.py for tasks to queue
[2024-07-13T00:45:40.512+0000] {logging_mixin.py:188} INFO - [2024-07-13T00:45:40.511+0000] {dagbag.py:545} INFO - Filling up the DagBag from /home/airflow/.local/lib/python3.11/site-packages/airflow/example_dags/example_latest_only.py
[2024-07-13T00:45:40.522+0000] {processor.py:840} INFO - DAG(s) 'latest_only' retrieved from /home/airflow/.local/lib/python3.11/site-packages/airflow/example_dags/example_latest_only.py
[2024-07-13T00:45:40.558+0000] {logging_mixin.py:188} INFO - [2024-07-13T00:45:40.557+0000] {dag.py:3096} INFO - Sync 1 DAGs
[2024-07-13T00:45:40.592+0000] {logging_mixin.py:188} INFO - [2024-07-13T00:45:40.591+0000] {dag.py:3954} INFO - Setting next_dagrun for latest_only to 2024-07-12 20:00:00+00:00, run_after=2024-07-13 00:00:00+00:00
[2024-07-13T00:45:40.620+0000] {processor.py:183} INFO - Processing /home/airflow/.local/lib/python3.11/site-packages/airflow/example_dags/example_latest_only.py took 0.128 seconds
[2024-07-13T00:46:13.222+0000] {processor.py:161} INFO - Started process (PID=311) to work on /home/airflow/.local/lib/python3.11/site-packages/airflow/example_dags/example_latest_only.py
[2024-07-13T00:46:13.225+0000] {processor.py:830} INFO - Processing file /home/airflow/.local/lib/python3.11/site-packages/airflow/example_dags/example_latest_only.py for tasks to queue
[2024-07-13T00:46:13.229+0000] {logging_mixin.py:188} INFO - [2024-07-13T00:46:13.228+0000] {dagbag.py:545} INFO - Filling up the DagBag from /home/airflow/.local/lib/python3.11/site-packages/airflow/example_dags/example_latest_only.py
[2024-07-13T00:46:13.240+0000] {processor.py:840} INFO - DAG(s) 'latest_only' retrieved from /home/airflow/.local/lib/python3.11/site-packages/airflow/example_dags/example_latest_only.py
[2024-07-13T00:46:13.283+0000] {logging_mixin.py:188} INFO - [2024-07-13T00:46:13.282+0000] {dag.py:3096} INFO - Sync 1 DAGs
[2024-07-13T00:46:13.324+0000] {logging_mixin.py:188} INFO - [2024-07-13T00:46:13.324+0000] {dag.py:3954} INFO - Setting next_dagrun for latest_only to 2024-07-12 20:00:00+00:00, run_after=2024-07-13 00:00:00+00:00
[2024-07-13T00:46:13.367+0000] {processor.py:183} INFO - Processing /home/airflow/.local/lib/python3.11/site-packages/airflow/example_dags/example_latest_only.py took 0.160 seconds
[2024-07-13T00:46:46.672+0000] {processor.py:161} INFO - Started process (PID=379) to work on /home/airflow/.local/lib/python3.11/site-packages/airflow/example_dags/example_latest_only.py
[2024-07-13T00:46:46.674+0000] {processor.py:830} INFO - Processing file /home/airflow/.local/lib/python3.11/site-packages/airflow/example_dags/example_latest_only.py for tasks to queue
[2024-07-13T00:46:46.678+0000] {logging_mixin.py:188} INFO - [2024-07-13T00:46:46.677+0000] {dagbag.py:545} INFO - Filling up the DagBag from /home/airflow/.local/lib/python3.11/site-packages/airflow/example_dags/example_latest_only.py
[2024-07-13T00:46:46.688+0000] {processor.py:840} INFO - DAG(s) 'latest_only' retrieved from /home/airflow/.local/lib/python3.11/site-packages/airflow/example_dags/example_latest_only.py
[2024-07-13T00:46:46.731+0000] {logging_mixin.py:188} INFO - [2024-07-13T00:46:46.730+0000] {dag.py:3096} INFO - Sync 1 DAGs
[2024-07-13T00:46:46.766+0000] {logging_mixin.py:188} INFO - [2024-07-13T00:46:46.766+0000] {dag.py:3954} INFO - Setting next_dagrun for latest_only to 2024-07-12 20:00:00+00:00, run_after=2024-07-13 00:00:00+00:00
[2024-07-13T00:46:46.795+0000] {processor.py:183} INFO - Processing /home/airflow/.local/lib/python3.11/site-packages/airflow/example_dags/example_latest_only.py took 0.135 seconds
[2024-07-13T00:47:20.230+0000] {processor.py:161} INFO - Started process (PID=440) to work on /home/airflow/.local/lib/python3.11/site-packages/airflow/example_dags/example_latest_only.py
[2024-07-13T00:47:20.233+0000] {processor.py:830} INFO - Processing file /home/airflow/.local/lib/python3.11/site-packages/airflow/example_dags/example_latest_only.py for tasks to queue
[2024-07-13T00:47:20.236+0000] {logging_mixin.py:188} INFO - [2024-07-13T00:47:20.236+0000] {dagbag.py:545} INFO - Filling up the DagBag from /home/airflow/.local/lib/python3.11/site-packages/airflow/example_dags/example_latest_only.py
[2024-07-13T00:47:20.246+0000] {processor.py:840} INFO - DAG(s) 'latest_only' retrieved from /home/airflow/.local/lib/python3.11/site-packages/airflow/example_dags/example_latest_only.py
[2024-07-13T00:47:20.289+0000] {logging_mixin.py:188} INFO - [2024-07-13T00:47:20.288+0000] {dag.py:3096} INFO - Sync 1 DAGs
[2024-07-13T00:47:20.326+0000] {logging_mixin.py:188} INFO - [2024-07-13T00:47:20.326+0000] {dag.py:3954} INFO - Setting next_dagrun for latest_only to 2024-07-12 20:00:00+00:00, run_after=2024-07-13 00:00:00+00:00
[2024-07-13T00:47:20.354+0000] {processor.py:183} INFO - Processing /home/airflow/.local/lib/python3.11/site-packages/airflow/example_dags/example_latest_only.py took 0.136 seconds
[2024-07-13T00:47:57.481+0000] {processor.py:161} INFO - Started process (PID=501) to work on /home/airflow/.local/lib/python3.11/site-packages/airflow/example_dags/example_latest_only.py
[2024-07-13T00:47:57.484+0000] {processor.py:830} INFO - Processing file /home/airflow/.local/lib/python3.11/site-packages/airflow/example_dags/example_latest_only.py for tasks to queue
[2024-07-13T00:47:57.488+0000] {logging_mixin.py:188} INFO - [2024-07-13T00:47:57.487+0000] {dagbag.py:545} INFO - Filling up the DagBag from /home/airflow/.local/lib/python3.11/site-packages/airflow/example_dags/example_latest_only.py
[2024-07-13T00:47:57.500+0000] {processor.py:840} INFO - DAG(s) 'latest_only' retrieved from /home/airflow/.local/lib/python3.11/site-packages/airflow/example_dags/example_latest_only.py
[2024-07-13T00:47:57.544+0000] {logging_mixin.py:188} INFO - [2024-07-13T00:47:57.543+0000] {dag.py:3096} INFO - Sync 1 DAGs
[2024-07-13T00:47:57.588+0000] {logging_mixin.py:188} INFO - [2024-07-13T00:47:57.587+0000] {dag.py:3954} INFO - Setting next_dagrun for latest_only to 2024-07-12 20:00:00+00:00, run_after=2024-07-13 00:00:00+00:00
[2024-07-13T00:47:57.618+0000] {processor.py:183} INFO - Processing /home/airflow/.local/lib/python3.11/site-packages/airflow/example_dags/example_latest_only.py took 0.152 seconds
[2024-07-13T00:48:31.838+0000] {processor.py:161} INFO - Started process (PID=563) to work on /home/airflow/.local/lib/python3.11/site-packages/airflow/example_dags/example_latest_only.py
[2024-07-13T00:48:31.841+0000] {processor.py:830} INFO - Processing file /home/airflow/.local/lib/python3.11/site-packages/airflow/example_dags/example_latest_only.py for tasks to queue
[2024-07-13T00:48:31.845+0000] {logging_mixin.py:188} INFO - [2024-07-13T00:48:31.844+0000] {dagbag.py:545} INFO - Filling up the DagBag from /home/airflow/.local/lib/python3.11/site-packages/airflow/example_dags/example_latest_only.py
[2024-07-13T00:48:31.857+0000] {processor.py:840} INFO - DAG(s) 'latest_only' retrieved from /home/airflow/.local/lib/python3.11/site-packages/airflow/example_dags/example_latest_only.py
[2024-07-13T00:48:31.899+0000] {logging_mixin.py:188} INFO - [2024-07-13T00:48:31.898+0000] {dag.py:3096} INFO - Sync 1 DAGs
[2024-07-13T00:48:31.948+0000] {logging_mixin.py:188} INFO - [2024-07-13T00:48:31.947+0000] {dag.py:3954} INFO - Setting next_dagrun for latest_only to 2024-07-12 20:00:00+00:00, run_after=2024-07-13 00:00:00+00:00
[2024-07-13T00:48:31.981+0000] {processor.py:183} INFO - Processing /home/airflow/.local/lib/python3.11/site-packages/airflow/example_dags/example_latest_only.py took 0.158 seconds
[2024-07-13T00:49:06.611+0000] {processor.py:161} INFO - Started process (PID=627) to work on /home/airflow/.local/lib/python3.11/site-packages/airflow/example_dags/example_latest_only.py
[2024-07-13T00:49:06.613+0000] {processor.py:830} INFO - Processing file /home/airflow/.local/lib/python3.11/site-packages/airflow/example_dags/example_latest_only.py for tasks to queue
[2024-07-13T00:49:06.617+0000] {logging_mixin.py:188} INFO - [2024-07-13T00:49:06.616+0000] {dagbag.py:545} INFO - Filling up the DagBag from /home/airflow/.local/lib/python3.11/site-packages/airflow/example_dags/example_latest_only.py
[2024-07-13T00:49:06.626+0000] {processor.py:840} INFO - DAG(s) 'latest_only' retrieved from /home/airflow/.local/lib/python3.11/site-packages/airflow/example_dags/example_latest_only.py
[2024-07-13T00:49:06.661+0000] {logging_mixin.py:188} INFO - [2024-07-13T00:49:06.660+0000] {dag.py:3096} INFO - Sync 1 DAGs
[2024-07-13T00:49:06.697+0000] {logging_mixin.py:188} INFO - [2024-07-13T00:49:06.697+0000] {dag.py:3954} INFO - Setting next_dagrun for latest_only to 2024-07-12 20:00:00+00:00, run_after=2024-07-13 00:00:00+00:00
[2024-07-13T00:49:06.725+0000] {processor.py:183} INFO - Processing /home/airflow/.local/lib/python3.11/site-packages/airflow/example_dags/example_latest_only.py took 0.126 seconds
[2024-07-13T00:49:40.470+0000] {processor.py:161} INFO - Started process (PID=689) to work on /home/airflow/.local/lib/python3.11/site-packages/airflow/example_dags/example_latest_only.py
[2024-07-13T00:49:40.472+0000] {processor.py:830} INFO - Processing file /home/airflow/.local/lib/python3.11/site-packages/airflow/example_dags/example_latest_only.py for tasks to queue
[2024-07-13T00:49:40.476+0000] {logging_mixin.py:188} INFO - [2024-07-13T00:49:40.475+0000] {dagbag.py:545} INFO - Filling up the DagBag from /home/airflow/.local/lib/python3.11/site-packages/airflow/example_dags/example_latest_only.py
[2024-07-13T00:49:40.488+0000] {processor.py:840} INFO - DAG(s) 'latest_only' retrieved from /home/airflow/.local/lib/python3.11/site-packages/airflow/example_dags/example_latest_only.py
[2024-07-13T00:49:40.530+0000] {logging_mixin.py:188} INFO - [2024-07-13T00:49:40.529+0000] {dag.py:3096} INFO - Sync 1 DAGs
[2024-07-13T00:49:40.569+0000] {logging_mixin.py:188} INFO - [2024-07-13T00:49:40.569+0000] {dag.py:3954} INFO - Setting next_dagrun for latest_only to 2024-07-12 20:00:00+00:00, run_after=2024-07-13 00:00:00+00:00
[2024-07-13T00:49:40.597+0000] {processor.py:183} INFO - Processing /home/airflow/.local/lib/python3.11/site-packages/airflow/example_dags/example_latest_only.py took 0.139 seconds
[2024-07-13T00:50:14.777+0000] {processor.py:161} INFO - Started process (PID=761) to work on /home/airflow/.local/lib/python3.11/site-packages/airflow/example_dags/example_latest_only.py
[2024-07-13T00:50:14.781+0000] {processor.py:830} INFO - Processing file /home/airflow/.local/lib/python3.11/site-packages/airflow/example_dags/example_latest_only.py for tasks to queue
[2024-07-13T00:50:14.786+0000] {logging_mixin.py:188} INFO - [2024-07-13T00:50:14.786+0000] {dagbag.py:545} INFO - Filling up the DagBag from /home/airflow/.local/lib/python3.11/site-packages/airflow/example_dags/example_latest_only.py
[2024-07-13T00:50:14.799+0000] {processor.py:840} INFO - DAG(s) 'latest_only' retrieved from /home/airflow/.local/lib/python3.11/site-packages/airflow/example_dags/example_latest_only.py
[2024-07-13T00:50:14.866+0000] {logging_mixin.py:188} INFO - [2024-07-13T00:50:14.865+0000] {dag.py:3096} INFO - Sync 1 DAGs
[2024-07-13T00:50:14.919+0000] {logging_mixin.py:188} INFO - [2024-07-13T00:50:14.918+0000] {dag.py:3954} INFO - Setting next_dagrun for latest_only to 2024-07-12 20:00:00+00:00, run_after=2024-07-13 00:00:00+00:00
[2024-07-13T00:50:14.948+0000] {processor.py:183} INFO - Processing /home/airflow/.local/lib/python3.11/site-packages/airflow/example_dags/example_latest_only.py took 0.186 seconds
[2024-07-13T00:50:48.722+0000] {processor.py:161} INFO - Started process (PID=823) to work on /home/airflow/.local/lib/python3.11/site-packages/airflow/example_dags/example_latest_only.py
[2024-07-13T00:50:48.724+0000] {processor.py:830} INFO - Processing file /home/airflow/.local/lib/python3.11/site-packages/airflow/example_dags/example_latest_only.py for tasks to queue
[2024-07-13T00:50:48.728+0000] {logging_mixin.py:188} INFO - [2024-07-13T00:50:48.727+0000] {dagbag.py:545} INFO - Filling up the DagBag from /home/airflow/.local/lib/python3.11/site-packages/airflow/example_dags/example_latest_only.py
[2024-07-13T00:50:48.740+0000] {processor.py:840} INFO - DAG(s) 'latest_only' retrieved from /home/airflow/.local/lib/python3.11/site-packages/airflow/example_dags/example_latest_only.py
[2024-07-13T00:50:48.786+0000] {logging_mixin.py:188} INFO - [2024-07-13T00:50:48.785+0000] {dag.py:3096} INFO - Sync 1 DAGs
[2024-07-13T00:50:48.830+0000] {logging_mixin.py:188} INFO - [2024-07-13T00:50:48.830+0000] {dag.py:3954} INFO - Setting next_dagrun for latest_only to 2024-07-12 20:00:00+00:00, run_after=2024-07-13 00:00:00+00:00
[2024-07-13T00:50:49.186+0000] {processor.py:183} INFO - Processing /home/airflow/.local/lib/python3.11/site-packages/airflow/example_dags/example_latest_only.py took 0.479 seconds
[2024-07-13T00:51:21.430+0000] {processor.py:161} INFO - Started process (PID=885) to work on /home/airflow/.local/lib/python3.11/site-packages/airflow/example_dags/example_latest_only.py
[2024-07-13T00:51:21.432+0000] {processor.py:830} INFO - Processing file /home/airflow/.local/lib/python3.11/site-packages/airflow/example_dags/example_latest_only.py for tasks to queue
[2024-07-13T00:51:21.435+0000] {logging_mixin.py:188} INFO - [2024-07-13T00:51:21.435+0000] {dagbag.py:545} INFO - Filling up the DagBag from /home/airflow/.local/lib/python3.11/site-packages/airflow/example_dags/example_latest_only.py
[2024-07-13T00:51:21.444+0000] {processor.py:840} INFO - DAG(s) 'latest_only' retrieved from /home/airflow/.local/lib/python3.11/site-packages/airflow/example_dags/example_latest_only.py
[2024-07-13T00:51:21.481+0000] {logging_mixin.py:188} INFO - [2024-07-13T00:51:21.480+0000] {dag.py:3096} INFO - Sync 1 DAGs
[2024-07-13T00:51:21.519+0000] {logging_mixin.py:188} INFO - [2024-07-13T00:51:21.518+0000] {dag.py:3954} INFO - Setting next_dagrun for latest_only to 2024-07-12 20:00:00+00:00, run_after=2024-07-13 00:00:00+00:00
[2024-07-13T00:51:21.549+0000] {processor.py:183} INFO - Processing /home/airflow/.local/lib/python3.11/site-packages/airflow/example_dags/example_latest_only.py took 0.130 seconds
[2024-07-13T00:51:54.662+0000] {processor.py:161} INFO - Started process (PID=947) to work on /home/airflow/.local/lib/python3.11/site-packages/airflow/example_dags/example_latest_only.py
[2024-07-13T00:51:54.665+0000] {processor.py:830} INFO - Processing file /home/airflow/.local/lib/python3.11/site-packages/airflow/example_dags/example_latest_only.py for tasks to queue
[2024-07-13T00:51:54.669+0000] {logging_mixin.py:188} INFO - [2024-07-13T00:51:54.668+0000] {dagbag.py:545} INFO - Filling up the DagBag from /home/airflow/.local/lib/python3.11/site-packages/airflow/example_dags/example_latest_only.py
[2024-07-13T00:51:54.681+0000] {processor.py:840} INFO - DAG(s) 'latest_only' retrieved from /home/airflow/.local/lib/python3.11/site-packages/airflow/example_dags/example_latest_only.py
[2024-07-13T00:51:54.717+0000] {logging_mixin.py:188} INFO - [2024-07-13T00:51:54.717+0000] {dag.py:3096} INFO - Sync 1 DAGs
[2024-07-13T00:51:54.750+0000] {logging_mixin.py:188} INFO - [2024-07-13T00:51:54.749+0000] {dag.py:3954} INFO - Setting next_dagrun for latest_only to 2024-07-12 20:00:00+00:00, run_after=2024-07-13 00:00:00+00:00
[2024-07-13T00:51:54.780+0000] {processor.py:183} INFO - Processing /home/airflow/.local/lib/python3.11/site-packages/airflow/example_dags/example_latest_only.py took 0.134 seconds
[2024-07-13T00:52:27.766+0000] {processor.py:161} INFO - Started process (PID=1010) to work on /home/airflow/.local/lib/python3.11/site-packages/airflow/example_dags/example_latest_only.py
[2024-07-13T00:52:27.768+0000] {processor.py:830} INFO - Processing file /home/airflow/.local/lib/python3.11/site-packages/airflow/example_dags/example_latest_only.py for tasks to queue
[2024-07-13T00:52:27.772+0000] {logging_mixin.py:188} INFO - [2024-07-13T00:52:27.771+0000] {dagbag.py:545} INFO - Filling up the DagBag from /home/airflow/.local/lib/python3.11/site-packages/airflow/example_dags/example_latest_only.py
[2024-07-13T00:52:27.783+0000] {processor.py:840} INFO - DAG(s) 'latest_only' retrieved from /home/airflow/.local/lib/python3.11/site-packages/airflow/example_dags/example_latest_only.py
[2024-07-13T00:52:27.828+0000] {logging_mixin.py:188} INFO - [2024-07-13T00:52:27.827+0000] {dag.py:3096} INFO - Sync 1 DAGs
[2024-07-13T00:52:27.878+0000] {logging_mixin.py:188} INFO - [2024-07-13T00:52:27.878+0000] {dag.py:3954} INFO - Setting next_dagrun for latest_only to 2024-07-12 20:00:00+00:00, run_after=2024-07-13 00:00:00+00:00
[2024-07-13T00:52:27.911+0000] {processor.py:183} INFO - Processing /home/airflow/.local/lib/python3.11/site-packages/airflow/example_dags/example_latest_only.py took 0.161 seconds
[2024-07-13T00:53:00.283+0000] {processor.py:161} INFO - Started process (PID=1073) to work on /home/airflow/.local/lib/python3.11/site-packages/airflow/example_dags/example_latest_only.py
[2024-07-13T00:53:00.287+0000] {processor.py:830} INFO - Processing file /home/airflow/.local/lib/python3.11/site-packages/airflow/example_dags/example_latest_only.py for tasks to queue
[2024-07-13T00:53:00.291+0000] {logging_mixin.py:188} INFO - [2024-07-13T00:53:00.290+0000] {dagbag.py:545} INFO - Filling up the DagBag from /home/airflow/.local/lib/python3.11/site-packages/airflow/example_dags/example_latest_only.py
[2024-07-13T00:53:00.303+0000] {processor.py:840} INFO - DAG(s) 'latest_only' retrieved from /home/airflow/.local/lib/python3.11/site-packages/airflow/example_dags/example_latest_only.py
[2024-07-13T00:53:00.347+0000] {logging_mixin.py:188} INFO - [2024-07-13T00:53:00.346+0000] {dag.py:3096} INFO - Sync 1 DAGs
[2024-07-13T00:53:00.391+0000] {logging_mixin.py:188} INFO - [2024-07-13T00:53:00.391+0000] {dag.py:3954} INFO - Setting next_dagrun for latest_only to 2024-07-12 20:00:00+00:00, run_after=2024-07-13 00:00:00+00:00
[2024-07-13T00:53:00.424+0000] {processor.py:183} INFO - Processing /home/airflow/.local/lib/python3.11/site-packages/airflow/example_dags/example_latest_only.py took 0.156 seconds
[2024-07-13T00:53:33.223+0000] {processor.py:161} INFO - Started process (PID=1135) to work on /home/airflow/.local/lib/python3.11/site-packages/airflow/example_dags/example_latest_only.py
[2024-07-13T00:53:33.225+0000] {processor.py:830} INFO - Processing file /home/airflow/.local/lib/python3.11/site-packages/airflow/example_dags/example_latest_only.py for tasks to queue
[2024-07-13T00:53:33.228+0000] {logging_mixin.py:188} INFO - [2024-07-13T00:53:33.228+0000] {dagbag.py:545} INFO - Filling up the DagBag from /home/airflow/.local/lib/python3.11/site-packages/airflow/example_dags/example_latest_only.py
[2024-07-13T00:53:33.238+0000] {processor.py:840} INFO - DAG(s) 'latest_only' retrieved from /home/airflow/.local/lib/python3.11/site-packages/airflow/example_dags/example_latest_only.py
[2024-07-13T00:53:33.278+0000] {logging_mixin.py:188} INFO - [2024-07-13T00:53:33.277+0000] {dag.py:3096} INFO - Sync 1 DAGs
[2024-07-13T00:53:33.316+0000] {logging_mixin.py:188} INFO - [2024-07-13T00:53:33.315+0000] {dag.py:3954} INFO - Setting next_dagrun for latest_only to 2024-07-12 20:00:00+00:00, run_after=2024-07-13 00:00:00+00:00
[2024-07-13T00:53:33.344+0000] {processor.py:183} INFO - Processing /home/airflow/.local/lib/python3.11/site-packages/airflow/example_dags/example_latest_only.py took 0.132 seconds
[2024-07-13T00:54:05.806+0000] {processor.py:161} INFO - Started process (PID=1197) to work on /home/airflow/.local/lib/python3.11/site-packages/airflow/example_dags/example_latest_only.py
[2024-07-13T00:54:05.808+0000] {processor.py:830} INFO - Processing file /home/airflow/.local/lib/python3.11/site-packages/airflow/example_dags/example_latest_only.py for tasks to queue
[2024-07-13T00:54:05.812+0000] {logging_mixin.py:188} INFO - [2024-07-13T00:54:05.812+0000] {dagbag.py:545} INFO - Filling up the DagBag from /home/airflow/.local/lib/python3.11/site-packages/airflow/example_dags/example_latest_only.py
[2024-07-13T00:54:05.824+0000] {processor.py:840} INFO - DAG(s) 'latest_only' retrieved from /home/airflow/.local/lib/python3.11/site-packages/airflow/example_dags/example_latest_only.py
[2024-07-13T00:54:05.866+0000] {logging_mixin.py:188} INFO - [2024-07-13T00:54:05.865+0000] {dag.py:3096} INFO - Sync 1 DAGs
[2024-07-13T00:54:05.910+0000] {logging_mixin.py:188} INFO - [2024-07-13T00:54:05.909+0000] {dag.py:3954} INFO - Setting next_dagrun for latest_only to 2024-07-12 20:00:00+00:00, run_after=2024-07-13 00:00:00+00:00
[2024-07-13T00:54:05.945+0000] {processor.py:183} INFO - Processing /home/airflow/.local/lib/python3.11/site-packages/airflow/example_dags/example_latest_only.py took 0.153 seconds
[2024-07-13T00:54:39.234+0000] {processor.py:161} INFO - Started process (PID=1259) to work on /home/airflow/.local/lib/python3.11/site-packages/airflow/example_dags/example_latest_only.py
[2024-07-13T00:54:39.236+0000] {processor.py:830} INFO - Processing file /home/airflow/.local/lib/python3.11/site-packages/airflow/example_dags/example_latest_only.py for tasks to queue
[2024-07-13T00:54:39.240+0000] {logging_mixin.py:188} INFO - [2024-07-13T00:54:39.239+0000] {dagbag.py:545} INFO - Filling up the DagBag from /home/airflow/.local/lib/python3.11/site-packages/airflow/example_dags/example_latest_only.py
[2024-07-13T00:54:39.252+0000] {processor.py:840} INFO - DAG(s) 'latest_only' retrieved from /home/airflow/.local/lib/python3.11/site-packages/airflow/example_dags/example_latest_only.py
[2024-07-13T00:54:39.296+0000] {logging_mixin.py:188} INFO - [2024-07-13T00:54:39.295+0000] {dag.py:3096} INFO - Sync 1 DAGs
[2024-07-13T00:54:39.338+0000] {logging_mixin.py:188} INFO - [2024-07-13T00:54:39.338+0000] {dag.py:3954} INFO - Setting next_dagrun for latest_only to 2024-07-12 20:00:00+00:00, run_after=2024-07-13 00:00:00+00:00
[2024-07-13T00:54:39.369+0000] {processor.py:183} INFO - Processing /home/airflow/.local/lib/python3.11/site-packages/airflow/example_dags/example_latest_only.py took 0.149 seconds
[2024-07-13T00:55:11.707+0000] {processor.py:161} INFO - Started process (PID=1321) to work on /home/airflow/.local/lib/python3.11/site-packages/airflow/example_dags/example_latest_only.py
[2024-07-13T00:55:11.709+0000] {processor.py:830} INFO - Processing file /home/airflow/.local/lib/python3.11/site-packages/airflow/example_dags/example_latest_only.py for tasks to queue
[2024-07-13T00:55:11.713+0000] {logging_mixin.py:188} INFO - [2024-07-13T00:55:11.713+0000] {dagbag.py:545} INFO - Filling up the DagBag from /home/airflow/.local/lib/python3.11/site-packages/airflow/example_dags/example_latest_only.py
[2024-07-13T00:55:11.728+0000] {processor.py:840} INFO - DAG(s) 'latest_only' retrieved from /home/airflow/.local/lib/python3.11/site-packages/airflow/example_dags/example_latest_only.py
[2024-07-13T00:55:11.775+0000] {logging_mixin.py:188} INFO - [2024-07-13T00:55:11.774+0000] {dag.py:3096} INFO - Sync 1 DAGs
[2024-07-13T00:55:11.831+0000] {logging_mixin.py:188} INFO - [2024-07-13T00:55:11.830+0000] {dag.py:3954} INFO - Setting next_dagrun for latest_only to 2024-07-12 20:00:00+00:00, run_after=2024-07-13 00:00:00+00:00
[2024-07-13T00:55:11.881+0000] {processor.py:183} INFO - Processing /home/airflow/.local/lib/python3.11/site-packages/airflow/example_dags/example_latest_only.py took 0.191 seconds
[2024-07-13T00:59:01.742+0000] {processor.py:161} INFO - Started process (PID=66) to work on /home/airflow/.local/lib/python3.11/site-packages/airflow/example_dags/example_latest_only.py
[2024-07-13T00:59:01.744+0000] {processor.py:830} INFO - Processing file /home/airflow/.local/lib/python3.11/site-packages/airflow/example_dags/example_latest_only.py for tasks to queue
[2024-07-13T00:59:01.748+0000] {logging_mixin.py:188} INFO - [2024-07-13T00:59:01.747+0000] {dagbag.py:545} INFO - Filling up the DagBag from /home/airflow/.local/lib/python3.11/site-packages/airflow/example_dags/example_latest_only.py
[2024-07-13T00:59:01.759+0000] {processor.py:840} INFO - DAG(s) 'latest_only' retrieved from /home/airflow/.local/lib/python3.11/site-packages/airflow/example_dags/example_latest_only.py
[2024-07-13T00:59:01.948+0000] {logging_mixin.py:188} INFO - [2024-07-13T00:59:01.947+0000] {dag.py:3096} INFO - Sync 1 DAGs
[2024-07-13T00:59:01.991+0000] {logging_mixin.py:188} INFO - [2024-07-13T00:59:01.990+0000] {dag.py:3954} INFO - Setting next_dagrun for latest_only to 2024-07-12 20:00:00+00:00, run_after=2024-07-13 00:00:00+00:00
[2024-07-13T00:59:02.032+0000] {processor.py:183} INFO - Processing /home/airflow/.local/lib/python3.11/site-packages/airflow/example_dags/example_latest_only.py took 0.302 seconds
[2024-07-13T00:59:32.120+0000] {processor.py:161} INFO - Started process (PID=128) to work on /home/airflow/.local/lib/python3.11/site-packages/airflow/example_dags/example_latest_only.py
[2024-07-13T00:59:32.122+0000] {processor.py:830} INFO - Processing file /home/airflow/.local/lib/python3.11/site-packages/airflow/example_dags/example_latest_only.py for tasks to queue
[2024-07-13T00:59:32.125+0000] {logging_mixin.py:188} INFO - [2024-07-13T00:59:32.125+0000] {dagbag.py:545} INFO - Filling up the DagBag from /home/airflow/.local/lib/python3.11/site-packages/airflow/example_dags/example_latest_only.py
[2024-07-13T00:59:32.139+0000] {processor.py:840} INFO - DAG(s) 'latest_only' retrieved from /home/airflow/.local/lib/python3.11/site-packages/airflow/example_dags/example_latest_only.py
[2024-07-13T00:59:32.194+0000] {logging_mixin.py:188} INFO - [2024-07-13T00:59:32.192+0000] {dag.py:3096} INFO - Sync 1 DAGs
[2024-07-13T00:59:32.243+0000] {logging_mixin.py:188} INFO - [2024-07-13T00:59:32.243+0000] {dag.py:3954} INFO - Setting next_dagrun for latest_only to 2024-07-12 20:00:00+00:00, run_after=2024-07-13 00:00:00+00:00
[2024-07-13T00:59:32.281+0000] {processor.py:183} INFO - Processing /home/airflow/.local/lib/python3.11/site-packages/airflow/example_dags/example_latest_only.py took 0.175 seconds
[2024-07-13T01:00:04.792+0000] {processor.py:161} INFO - Started process (PID=189) to work on /home/airflow/.local/lib/python3.11/site-packages/airflow/example_dags/example_latest_only.py
[2024-07-13T01:00:04.794+0000] {processor.py:830} INFO - Processing file /home/airflow/.local/lib/python3.11/site-packages/airflow/example_dags/example_latest_only.py for tasks to queue
[2024-07-13T01:00:04.798+0000] {logging_mixin.py:188} INFO - [2024-07-13T01:00:04.797+0000] {dagbag.py:545} INFO - Filling up the DagBag from /home/airflow/.local/lib/python3.11/site-packages/airflow/example_dags/example_latest_only.py
[2024-07-13T01:00:04.807+0000] {processor.py:840} INFO - DAG(s) 'latest_only' retrieved from /home/airflow/.local/lib/python3.11/site-packages/airflow/example_dags/example_latest_only.py
[2024-07-13T01:00:04.848+0000] {logging_mixin.py:188} INFO - [2024-07-13T01:00:04.847+0000] {dag.py:3096} INFO - Sync 1 DAGs
[2024-07-13T01:00:04.882+0000] {logging_mixin.py:188} INFO - [2024-07-13T01:00:04.881+0000] {dag.py:3954} INFO - Setting next_dagrun for latest_only to 2024-07-12 20:00:00+00:00, run_after=2024-07-13 00:00:00+00:00
[2024-07-13T01:00:04.912+0000] {processor.py:183} INFO - Processing /home/airflow/.local/lib/python3.11/site-packages/airflow/example_dags/example_latest_only.py took 0.133 seconds
[2024-07-13T01:00:37.529+0000] {processor.py:161} INFO - Started process (PID=257) to work on /home/airflow/.local/lib/python3.11/site-packages/airflow/example_dags/example_latest_only.py
[2024-07-13T01:00:37.532+0000] {processor.py:830} INFO - Processing file /home/airflow/.local/lib/python3.11/site-packages/airflow/example_dags/example_latest_only.py for tasks to queue
[2024-07-13T01:00:37.537+0000] {logging_mixin.py:188} INFO - [2024-07-13T01:00:37.536+0000] {dagbag.py:545} INFO - Filling up the DagBag from /home/airflow/.local/lib/python3.11/site-packages/airflow/example_dags/example_latest_only.py
[2024-07-13T01:00:37.551+0000] {processor.py:840} INFO - DAG(s) 'latest_only' retrieved from /home/airflow/.local/lib/python3.11/site-packages/airflow/example_dags/example_latest_only.py
[2024-07-13T01:00:37.599+0000] {logging_mixin.py:188} INFO - [2024-07-13T01:00:37.598+0000] {dag.py:3096} INFO - Sync 1 DAGs
[2024-07-13T01:00:37.644+0000] {logging_mixin.py:188} INFO - [2024-07-13T01:00:37.643+0000] {dag.py:3954} INFO - Setting next_dagrun for latest_only to 2024-07-12 20:00:00+00:00, run_after=2024-07-13 00:00:00+00:00
[2024-07-13T01:00:37.675+0000] {processor.py:183} INFO - Processing /home/airflow/.local/lib/python3.11/site-packages/airflow/example_dags/example_latest_only.py took 0.181 seconds
[2024-07-13T01:01:10.730+0000] {processor.py:161} INFO - Started process (PID=319) to work on /home/airflow/.local/lib/python3.11/site-packages/airflow/example_dags/example_latest_only.py
[2024-07-13T01:01:10.732+0000] {processor.py:830} INFO - Processing file /home/airflow/.local/lib/python3.11/site-packages/airflow/example_dags/example_latest_only.py for tasks to queue
[2024-07-13T01:01:10.736+0000] {logging_mixin.py:188} INFO - [2024-07-13T01:01:10.735+0000] {dagbag.py:545} INFO - Filling up the DagBag from /home/airflow/.local/lib/python3.11/site-packages/airflow/example_dags/example_latest_only.py
[2024-07-13T01:01:10.746+0000] {processor.py:840} INFO - DAG(s) 'latest_only' retrieved from /home/airflow/.local/lib/python3.11/site-packages/airflow/example_dags/example_latest_only.py
[2024-07-13T01:01:10.790+0000] {logging_mixin.py:188} INFO - [2024-07-13T01:01:10.789+0000] {dag.py:3096} INFO - Sync 1 DAGs
[2024-07-13T01:01:10.833+0000] {logging_mixin.py:188} INFO - [2024-07-13T01:01:10.833+0000] {dag.py:3954} INFO - Setting next_dagrun for latest_only to 2024-07-12 20:00:00+00:00, run_after=2024-07-13 00:00:00+00:00
[2024-07-13T01:01:10.869+0000] {processor.py:183} INFO - Processing /home/airflow/.local/lib/python3.11/site-packages/airflow/example_dags/example_latest_only.py took 0.152 seconds
[2024-07-13T01:01:44.256+0000] {processor.py:161} INFO - Started process (PID=381) to work on /home/airflow/.local/lib/python3.11/site-packages/airflow/example_dags/example_latest_only.py
[2024-07-13T01:01:44.259+0000] {processor.py:830} INFO - Processing file /home/airflow/.local/lib/python3.11/site-packages/airflow/example_dags/example_latest_only.py for tasks to queue
[2024-07-13T01:01:44.264+0000] {logging_mixin.py:188} INFO - [2024-07-13T01:01:44.263+0000] {dagbag.py:545} INFO - Filling up the DagBag from /home/airflow/.local/lib/python3.11/site-packages/airflow/example_dags/example_latest_only.py
[2024-07-13T01:01:44.277+0000] {processor.py:840} INFO - DAG(s) 'latest_only' retrieved from /home/airflow/.local/lib/python3.11/site-packages/airflow/example_dags/example_latest_only.py
[2024-07-13T01:01:44.318+0000] {logging_mixin.py:188} INFO - [2024-07-13T01:01:44.317+0000] {dag.py:3096} INFO - Sync 1 DAGs
[2024-07-13T01:01:44.353+0000] {logging_mixin.py:188} INFO - [2024-07-13T01:01:44.353+0000] {dag.py:3954} INFO - Setting next_dagrun for latest_only to 2024-07-12 20:00:00+00:00, run_after=2024-07-13 00:00:00+00:00
[2024-07-13T01:01:44.388+0000] {processor.py:183} INFO - Processing /home/airflow/.local/lib/python3.11/site-packages/airflow/example_dags/example_latest_only.py took 0.148 seconds
[2024-07-13T01:02:18.586+0000] {processor.py:161} INFO - Started process (PID=442) to work on /home/airflow/.local/lib/python3.11/site-packages/airflow/example_dags/example_latest_only.py
[2024-07-13T01:02:18.589+0000] {processor.py:830} INFO - Processing file /home/airflow/.local/lib/python3.11/site-packages/airflow/example_dags/example_latest_only.py for tasks to queue
[2024-07-13T01:02:18.592+0000] {logging_mixin.py:188} INFO - [2024-07-13T01:02:18.591+0000] {dagbag.py:545} INFO - Filling up the DagBag from /home/airflow/.local/lib/python3.11/site-packages/airflow/example_dags/example_latest_only.py
[2024-07-13T01:02:18.601+0000] {processor.py:840} INFO - DAG(s) 'latest_only' retrieved from /home/airflow/.local/lib/python3.11/site-packages/airflow/example_dags/example_latest_only.py
[2024-07-13T01:02:18.643+0000] {logging_mixin.py:188} INFO - [2024-07-13T01:02:18.643+0000] {dag.py:3096} INFO - Sync 1 DAGs
[2024-07-13T01:02:18.680+0000] {logging_mixin.py:188} INFO - [2024-07-13T01:02:18.680+0000] {dag.py:3954} INFO - Setting next_dagrun for latest_only to 2024-07-12 20:00:00+00:00, run_after=2024-07-13 00:00:00+00:00
[2024-07-13T01:02:18.714+0000] {processor.py:183} INFO - Processing /home/airflow/.local/lib/python3.11/site-packages/airflow/example_dags/example_latest_only.py took 0.140 seconds
[2024-07-13T01:02:52.081+0000] {processor.py:161} INFO - Started process (PID=504) to work on /home/airflow/.local/lib/python3.11/site-packages/airflow/example_dags/example_latest_only.py
[2024-07-13T01:02:52.083+0000] {processor.py:830} INFO - Processing file /home/airflow/.local/lib/python3.11/site-packages/airflow/example_dags/example_latest_only.py for tasks to queue
[2024-07-13T01:02:52.086+0000] {logging_mixin.py:188} INFO - [2024-07-13T01:02:52.086+0000] {dagbag.py:545} INFO - Filling up the DagBag from /home/airflow/.local/lib/python3.11/site-packages/airflow/example_dags/example_latest_only.py
[2024-07-13T01:02:52.097+0000] {processor.py:840} INFO - DAG(s) 'latest_only' retrieved from /home/airflow/.local/lib/python3.11/site-packages/airflow/example_dags/example_latest_only.py
[2024-07-13T01:02:52.142+0000] {logging_mixin.py:188} INFO - [2024-07-13T01:02:52.141+0000] {dag.py:3096} INFO - Sync 1 DAGs
[2024-07-13T01:02:52.190+0000] {logging_mixin.py:188} INFO - [2024-07-13T01:02:52.189+0000] {dag.py:3954} INFO - Setting next_dagrun for latest_only to 2024-07-12 20:00:00+00:00, run_after=2024-07-13 00:00:00+00:00
[2024-07-13T01:02:52.224+0000] {processor.py:183} INFO - Processing /home/airflow/.local/lib/python3.11/site-packages/airflow/example_dags/example_latest_only.py took 0.156 seconds
[2024-07-13T01:03:27.286+0000] {processor.py:161} INFO - Started process (PID=566) to work on /home/airflow/.local/lib/python3.11/site-packages/airflow/example_dags/example_latest_only.py
[2024-07-13T01:03:27.290+0000] {processor.py:830} INFO - Processing file /home/airflow/.local/lib/python3.11/site-packages/airflow/example_dags/example_latest_only.py for tasks to queue
[2024-07-13T01:03:27.294+0000] {logging_mixin.py:188} INFO - [2024-07-13T01:03:27.293+0000] {dagbag.py:545} INFO - Filling up the DagBag from /home/airflow/.local/lib/python3.11/site-packages/airflow/example_dags/example_latest_only.py
[2024-07-13T01:03:27.307+0000] {processor.py:840} INFO - DAG(s) 'latest_only' retrieved from /home/airflow/.local/lib/python3.11/site-packages/airflow/example_dags/example_latest_only.py
[2024-07-13T01:03:27.348+0000] {logging_mixin.py:188} INFO - [2024-07-13T01:03:27.347+0000] {dag.py:3096} INFO - Sync 1 DAGs
[2024-07-13T01:03:27.382+0000] {logging_mixin.py:188} INFO - [2024-07-13T01:03:27.381+0000] {dag.py:3954} INFO - Setting next_dagrun for latest_only to 2024-07-12 20:00:00+00:00, run_after=2024-07-13 00:00:00+00:00
[2024-07-13T01:03:27.410+0000] {processor.py:183} INFO - Processing /home/airflow/.local/lib/python3.11/site-packages/airflow/example_dags/example_latest_only.py took 0.139 seconds
[2024-07-13T01:04:01.301+0000] {processor.py:161} INFO - Started process (PID=629) to work on /home/airflow/.local/lib/python3.11/site-packages/airflow/example_dags/example_latest_only.py
[2024-07-13T01:04:01.304+0000] {processor.py:830} INFO - Processing file /home/airflow/.local/lib/python3.11/site-packages/airflow/example_dags/example_latest_only.py for tasks to queue
[2024-07-13T01:04:01.308+0000] {logging_mixin.py:188} INFO - [2024-07-13T01:04:01.307+0000] {dagbag.py:545} INFO - Filling up the DagBag from /home/airflow/.local/lib/python3.11/site-packages/airflow/example_dags/example_latest_only.py
[2024-07-13T01:04:01.320+0000] {processor.py:840} INFO - DAG(s) 'latest_only' retrieved from /home/airflow/.local/lib/python3.11/site-packages/airflow/example_dags/example_latest_only.py
[2024-07-13T01:04:01.368+0000] {logging_mixin.py:188} INFO - [2024-07-13T01:04:01.367+0000] {dag.py:3096} INFO - Sync 1 DAGs
[2024-07-13T01:04:01.420+0000] {logging_mixin.py:188} INFO - [2024-07-13T01:04:01.419+0000] {dag.py:3954} INFO - Setting next_dagrun for latest_only to 2024-07-12 20:00:00+00:00, run_after=2024-07-13 00:00:00+00:00
[2024-07-13T01:04:01.458+0000] {processor.py:183} INFO - Processing /home/airflow/.local/lib/python3.11/site-packages/airflow/example_dags/example_latest_only.py took 0.172 seconds
[2024-07-13T01:04:34.600+0000] {processor.py:161} INFO - Started process (PID=691) to work on /home/airflow/.local/lib/python3.11/site-packages/airflow/example_dags/example_latest_only.py
[2024-07-13T01:04:34.603+0000] {processor.py:830} INFO - Processing file /home/airflow/.local/lib/python3.11/site-packages/airflow/example_dags/example_latest_only.py for tasks to queue
[2024-07-13T01:04:34.607+0000] {logging_mixin.py:188} INFO - [2024-07-13T01:04:34.606+0000] {dagbag.py:545} INFO - Filling up the DagBag from /home/airflow/.local/lib/python3.11/site-packages/airflow/example_dags/example_latest_only.py
[2024-07-13T01:04:34.621+0000] {processor.py:840} INFO - DAG(s) 'latest_only' retrieved from /home/airflow/.local/lib/python3.11/site-packages/airflow/example_dags/example_latest_only.py
[2024-07-13T01:04:34.672+0000] {logging_mixin.py:188} INFO - [2024-07-13T01:04:34.671+0000] {dag.py:3096} INFO - Sync 1 DAGs
[2024-07-13T01:04:34.720+0000] {logging_mixin.py:188} INFO - [2024-07-13T01:04:34.719+0000] {dag.py:3954} INFO - Setting next_dagrun for latest_only to 2024-07-12 20:00:00+00:00, run_after=2024-07-13 00:00:00+00:00
[2024-07-13T01:04:34.755+0000] {processor.py:183} INFO - Processing /home/airflow/.local/lib/python3.11/site-packages/airflow/example_dags/example_latest_only.py took 0.173 seconds
[2024-07-13T01:05:07.668+0000] {processor.py:161} INFO - Started process (PID=753) to work on /home/airflow/.local/lib/python3.11/site-packages/airflow/example_dags/example_latest_only.py
[2024-07-13T01:05:07.671+0000] {processor.py:830} INFO - Processing file /home/airflow/.local/lib/python3.11/site-packages/airflow/example_dags/example_latest_only.py for tasks to queue
[2024-07-13T01:05:07.676+0000] {logging_mixin.py:188} INFO - [2024-07-13T01:05:07.675+0000] {dagbag.py:545} INFO - Filling up the DagBag from /home/airflow/.local/lib/python3.11/site-packages/airflow/example_dags/example_latest_only.py
[2024-07-13T01:05:07.689+0000] {processor.py:840} INFO - DAG(s) 'latest_only' retrieved from /home/airflow/.local/lib/python3.11/site-packages/airflow/example_dags/example_latest_only.py
[2024-07-13T01:05:07.738+0000] {logging_mixin.py:188} INFO - [2024-07-13T01:05:07.737+0000] {dag.py:3096} INFO - Sync 1 DAGs
[2024-07-13T01:05:07.781+0000] {logging_mixin.py:188} INFO - [2024-07-13T01:05:07.780+0000] {dag.py:3954} INFO - Setting next_dagrun for latest_only to 2024-07-12 20:00:00+00:00, run_after=2024-07-13 00:00:00+00:00
[2024-07-13T01:05:07.822+0000] {processor.py:183} INFO - Processing /home/airflow/.local/lib/python3.11/site-packages/airflow/example_dags/example_latest_only.py took 0.171 seconds
[2024-07-13T01:05:45.910+0000] {processor.py:161} INFO - Started process (PID=822) to work on /home/airflow/.local/lib/python3.11/site-packages/airflow/example_dags/example_latest_only.py
[2024-07-13T01:05:45.913+0000] {processor.py:830} INFO - Processing file /home/airflow/.local/lib/python3.11/site-packages/airflow/example_dags/example_latest_only.py for tasks to queue
[2024-07-13T01:05:45.919+0000] {logging_mixin.py:188} INFO - [2024-07-13T01:05:45.918+0000] {dagbag.py:545} INFO - Filling up the DagBag from /home/airflow/.local/lib/python3.11/site-packages/airflow/example_dags/example_latest_only.py
[2024-07-13T01:05:45.933+0000] {processor.py:840} INFO - DAG(s) 'latest_only' retrieved from /home/airflow/.local/lib/python3.11/site-packages/airflow/example_dags/example_latest_only.py
[2024-07-13T01:05:45.981+0000] {logging_mixin.py:188} INFO - [2024-07-13T01:05:45.980+0000] {dag.py:3096} INFO - Sync 1 DAGs
[2024-07-13T01:05:46.499+0000] {logging_mixin.py:188} INFO - [2024-07-13T01:05:46.499+0000] {dag.py:3954} INFO - Setting next_dagrun for latest_only to 2024-07-12 20:00:00+00:00, run_after=2024-07-13 00:00:00+00:00
[2024-07-13T01:05:46.530+0000] {processor.py:183} INFO - Processing /home/airflow/.local/lib/python3.11/site-packages/airflow/example_dags/example_latest_only.py took 0.639 seconds
[2024-07-13T01:06:17.178+0000] {processor.py:161} INFO - Started process (PID=884) to work on /home/airflow/.local/lib/python3.11/site-packages/airflow/example_dags/example_latest_only.py
[2024-07-13T01:06:17.181+0000] {processor.py:830} INFO - Processing file /home/airflow/.local/lib/python3.11/site-packages/airflow/example_dags/example_latest_only.py for tasks to queue
[2024-07-13T01:06:17.188+0000] {logging_mixin.py:188} INFO - [2024-07-13T01:06:17.187+0000] {dagbag.py:545} INFO - Filling up the DagBag from /home/airflow/.local/lib/python3.11/site-packages/airflow/example_dags/example_latest_only.py
[2024-07-13T01:06:17.202+0000] {processor.py:840} INFO - DAG(s) 'latest_only' retrieved from /home/airflow/.local/lib/python3.11/site-packages/airflow/example_dags/example_latest_only.py
[2024-07-13T01:06:17.273+0000] {logging_mixin.py:188} INFO - [2024-07-13T01:06:17.272+0000] {dag.py:3096} INFO - Sync 1 DAGs
[2024-07-13T01:06:17.318+0000] {logging_mixin.py:188} INFO - [2024-07-13T01:06:17.317+0000] {dag.py:3954} INFO - Setting next_dagrun for latest_only to 2024-07-12 20:00:00+00:00, run_after=2024-07-13 00:00:00+00:00
[2024-07-13T01:06:17.355+0000] {processor.py:183} INFO - Processing /home/airflow/.local/lib/python3.11/site-packages/airflow/example_dags/example_latest_only.py took 0.195 seconds
[2024-07-13T01:06:47.444+0000] {processor.py:161} INFO - Started process (PID=945) to work on /home/airflow/.local/lib/python3.11/site-packages/airflow/example_dags/example_latest_only.py
[2024-07-13T01:06:47.445+0000] {processor.py:830} INFO - Processing file /home/airflow/.local/lib/python3.11/site-packages/airflow/example_dags/example_latest_only.py for tasks to queue
[2024-07-13T01:06:47.449+0000] {logging_mixin.py:188} INFO - [2024-07-13T01:06:47.448+0000] {dagbag.py:545} INFO - Filling up the DagBag from /home/airflow/.local/lib/python3.11/site-packages/airflow/example_dags/example_latest_only.py
[2024-07-13T01:06:47.459+0000] {processor.py:840} INFO - DAG(s) 'latest_only' retrieved from /home/airflow/.local/lib/python3.11/site-packages/airflow/example_dags/example_latest_only.py
[2024-07-13T01:06:47.505+0000] {logging_mixin.py:188} INFO - [2024-07-13T01:06:47.504+0000] {dag.py:3096} INFO - Sync 1 DAGs
[2024-07-13T01:06:47.552+0000] {logging_mixin.py:188} INFO - [2024-07-13T01:06:47.551+0000] {dag.py:3954} INFO - Setting next_dagrun for latest_only to 2024-07-12 20:00:00+00:00, run_after=2024-07-13 00:00:00+00:00
[2024-07-13T01:06:47.597+0000] {processor.py:183} INFO - Processing /home/airflow/.local/lib/python3.11/site-packages/airflow/example_dags/example_latest_only.py took 0.166 seconds
[2024-07-13T01:07:20.531+0000] {processor.py:161} INFO - Started process (PID=1008) to work on /home/airflow/.local/lib/python3.11/site-packages/airflow/example_dags/example_latest_only.py
[2024-07-13T01:07:20.533+0000] {processor.py:830} INFO - Processing file /home/airflow/.local/lib/python3.11/site-packages/airflow/example_dags/example_latest_only.py for tasks to queue
[2024-07-13T01:07:20.536+0000] {logging_mixin.py:188} INFO - [2024-07-13T01:07:20.536+0000] {dagbag.py:545} INFO - Filling up the DagBag from /home/airflow/.local/lib/python3.11/site-packages/airflow/example_dags/example_latest_only.py
[2024-07-13T01:07:20.546+0000] {processor.py:840} INFO - DAG(s) 'latest_only' retrieved from /home/airflow/.local/lib/python3.11/site-packages/airflow/example_dags/example_latest_only.py
[2024-07-13T01:07:20.589+0000] {logging_mixin.py:188} INFO - [2024-07-13T01:07:20.588+0000] {dag.py:3096} INFO - Sync 1 DAGs
[2024-07-13T01:07:20.626+0000] {logging_mixin.py:188} INFO - [2024-07-13T01:07:20.626+0000] {dag.py:3954} INFO - Setting next_dagrun for latest_only to 2024-07-12 20:00:00+00:00, run_after=2024-07-13 00:00:00+00:00
[2024-07-13T01:07:20.662+0000] {processor.py:183} INFO - Processing /home/airflow/.local/lib/python3.11/site-packages/airflow/example_dags/example_latest_only.py took 0.143 seconds
[2024-07-13T01:07:54.778+0000] {processor.py:161} INFO - Started process (PID=1074) to work on /home/airflow/.local/lib/python3.11/site-packages/airflow/example_dags/example_latest_only.py
[2024-07-13T01:07:54.780+0000] {processor.py:830} INFO - Processing file /home/airflow/.local/lib/python3.11/site-packages/airflow/example_dags/example_latest_only.py for tasks to queue
[2024-07-13T01:07:54.783+0000] {logging_mixin.py:188} INFO - [2024-07-13T01:07:54.783+0000] {dagbag.py:545} INFO - Filling up the DagBag from /home/airflow/.local/lib/python3.11/site-packages/airflow/example_dags/example_latest_only.py
[2024-07-13T01:07:54.793+0000] {processor.py:840} INFO - DAG(s) 'latest_only' retrieved from /home/airflow/.local/lib/python3.11/site-packages/airflow/example_dags/example_latest_only.py
[2024-07-13T01:07:54.838+0000] {logging_mixin.py:188} INFO - [2024-07-13T01:07:54.837+0000] {dag.py:3096} INFO - Sync 1 DAGs
[2024-07-13T01:07:54.879+0000] {logging_mixin.py:188} INFO - [2024-07-13T01:07:54.879+0000] {dag.py:3954} INFO - Setting next_dagrun for latest_only to 2024-07-12 20:00:00+00:00, run_after=2024-07-13 00:00:00+00:00
[2024-07-13T01:07:54.916+0000] {processor.py:183} INFO - Processing /home/airflow/.local/lib/python3.11/site-packages/airflow/example_dags/example_latest_only.py took 0.151 seconds
[2024-07-13T01:08:27.862+0000] {processor.py:161} INFO - Started process (PID=1136) to work on /home/airflow/.local/lib/python3.11/site-packages/airflow/example_dags/example_latest_only.py
[2024-07-13T01:08:27.866+0000] {processor.py:830} INFO - Processing file /home/airflow/.local/lib/python3.11/site-packages/airflow/example_dags/example_latest_only.py for tasks to queue
[2024-07-13T01:08:27.871+0000] {logging_mixin.py:188} INFO - [2024-07-13T01:08:27.870+0000] {dagbag.py:545} INFO - Filling up the DagBag from /home/airflow/.local/lib/python3.11/site-packages/airflow/example_dags/example_latest_only.py
[2024-07-13T01:08:27.885+0000] {processor.py:840} INFO - DAG(s) 'latest_only' retrieved from /home/airflow/.local/lib/python3.11/site-packages/airflow/example_dags/example_latest_only.py
[2024-07-13T01:08:27.935+0000] {logging_mixin.py:188} INFO - [2024-07-13T01:08:27.934+0000] {dag.py:3096} INFO - Sync 1 DAGs
[2024-07-13T01:08:27.979+0000] {logging_mixin.py:188} INFO - [2024-07-13T01:08:27.978+0000] {dag.py:3954} INFO - Setting next_dagrun for latest_only to 2024-07-12 20:00:00+00:00, run_after=2024-07-13 00:00:00+00:00
[2024-07-13T01:08:28.012+0000] {processor.py:183} INFO - Processing /home/airflow/.local/lib/python3.11/site-packages/airflow/example_dags/example_latest_only.py took 0.169 seconds
[2024-07-13T01:09:00.728+0000] {processor.py:161} INFO - Started process (PID=1198) to work on /home/airflow/.local/lib/python3.11/site-packages/airflow/example_dags/example_latest_only.py
[2024-07-13T01:09:00.730+0000] {processor.py:830} INFO - Processing file /home/airflow/.local/lib/python3.11/site-packages/airflow/example_dags/example_latest_only.py for tasks to queue
[2024-07-13T01:09:00.734+0000] {logging_mixin.py:188} INFO - [2024-07-13T01:09:00.733+0000] {dagbag.py:545} INFO - Filling up the DagBag from /home/airflow/.local/lib/python3.11/site-packages/airflow/example_dags/example_latest_only.py
[2024-07-13T01:09:00.744+0000] {processor.py:840} INFO - DAG(s) 'latest_only' retrieved from /home/airflow/.local/lib/python3.11/site-packages/airflow/example_dags/example_latest_only.py
[2024-07-13T01:09:00.791+0000] {logging_mixin.py:188} INFO - [2024-07-13T01:09:00.789+0000] {dag.py:3096} INFO - Sync 1 DAGs
[2024-07-13T01:09:00.836+0000] {logging_mixin.py:188} INFO - [2024-07-13T01:09:00.836+0000] {dag.py:3954} INFO - Setting next_dagrun for latest_only to 2024-07-12 20:00:00+00:00, run_after=2024-07-13 00:00:00+00:00
[2024-07-13T01:09:00.867+0000] {processor.py:183} INFO - Processing /home/airflow/.local/lib/python3.11/site-packages/airflow/example_dags/example_latest_only.py took 0.155 seconds
[2024-07-13T01:11:20.549+0000] {processor.py:161} INFO - Started process (PID=64) to work on /home/airflow/.local/lib/python3.11/site-packages/airflow/example_dags/example_latest_only.py
[2024-07-13T01:11:20.551+0000] {processor.py:830} INFO - Processing file /home/airflow/.local/lib/python3.11/site-packages/airflow/example_dags/example_latest_only.py for tasks to queue
[2024-07-13T01:11:20.556+0000] {logging_mixin.py:188} INFO - [2024-07-13T01:11:20.555+0000] {dagbag.py:545} INFO - Filling up the DagBag from /home/airflow/.local/lib/python3.11/site-packages/airflow/example_dags/example_latest_only.py
[2024-07-13T01:11:20.570+0000] {processor.py:840} INFO - DAG(s) 'latest_only' retrieved from /home/airflow/.local/lib/python3.11/site-packages/airflow/example_dags/example_latest_only.py
[2024-07-13T01:11:20.816+0000] {logging_mixin.py:188} INFO - [2024-07-13T01:11:20.815+0000] {dag.py:3096} INFO - Sync 1 DAGs
[2024-07-13T01:11:20.868+0000] {logging_mixin.py:188} INFO - [2024-07-13T01:11:20.867+0000] {dag.py:3954} INFO - Setting next_dagrun for latest_only to 2024-07-12 20:00:00+00:00, run_after=2024-07-13 00:00:00+00:00
[2024-07-13T01:11:20.907+0000] {processor.py:183} INFO - Processing /home/airflow/.local/lib/python3.11/site-packages/airflow/example_dags/example_latest_only.py took 0.372 seconds
[2024-07-13T01:11:51.070+0000] {processor.py:161} INFO - Started process (PID=125) to work on /home/airflow/.local/lib/python3.11/site-packages/airflow/example_dags/example_latest_only.py
[2024-07-13T01:11:51.071+0000] {processor.py:830} INFO - Processing file /home/airflow/.local/lib/python3.11/site-packages/airflow/example_dags/example_latest_only.py for tasks to queue
[2024-07-13T01:11:51.075+0000] {logging_mixin.py:188} INFO - [2024-07-13T01:11:51.075+0000] {dagbag.py:545} INFO - Filling up the DagBag from /home/airflow/.local/lib/python3.11/site-packages/airflow/example_dags/example_latest_only.py
[2024-07-13T01:11:51.086+0000] {processor.py:840} INFO - DAG(s) 'latest_only' retrieved from /home/airflow/.local/lib/python3.11/site-packages/airflow/example_dags/example_latest_only.py
[2024-07-13T01:11:51.126+0000] {logging_mixin.py:188} INFO - [2024-07-13T01:11:51.125+0000] {dag.py:3096} INFO - Sync 1 DAGs
[2024-07-13T01:11:51.166+0000] {logging_mixin.py:188} INFO - [2024-07-13T01:11:51.166+0000] {dag.py:3954} INFO - Setting next_dagrun for latest_only to 2024-07-12 20:00:00+00:00, run_after=2024-07-13 00:00:00+00:00
[2024-07-13T01:11:51.196+0000] {processor.py:183} INFO - Processing /home/airflow/.local/lib/python3.11/site-packages/airflow/example_dags/example_latest_only.py took 0.139 seconds
[2024-07-13T01:12:25.057+0000] {processor.py:161} INFO - Started process (PID=187) to work on /home/airflow/.local/lib/python3.11/site-packages/airflow/example_dags/example_latest_only.py
[2024-07-13T01:12:25.060+0000] {processor.py:830} INFO - Processing file /home/airflow/.local/lib/python3.11/site-packages/airflow/example_dags/example_latest_only.py for tasks to queue
[2024-07-13T01:12:25.063+0000] {logging_mixin.py:188} INFO - [2024-07-13T01:12:25.063+0000] {dagbag.py:545} INFO - Filling up the DagBag from /home/airflow/.local/lib/python3.11/site-packages/airflow/example_dags/example_latest_only.py
[2024-07-13T01:12:25.074+0000] {processor.py:840} INFO - DAG(s) 'latest_only' retrieved from /home/airflow/.local/lib/python3.11/site-packages/airflow/example_dags/example_latest_only.py
[2024-07-13T01:12:25.126+0000] {logging_mixin.py:188} INFO - [2024-07-13T01:12:25.125+0000] {dag.py:3096} INFO - Sync 1 DAGs
[2024-07-13T01:12:25.166+0000] {logging_mixin.py:188} INFO - [2024-07-13T01:12:25.166+0000] {dag.py:3954} INFO - Setting next_dagrun for latest_only to 2024-07-12 20:00:00+00:00, run_after=2024-07-13 00:00:00+00:00
[2024-07-13T01:12:25.200+0000] {processor.py:183} INFO - Processing /home/airflow/.local/lib/python3.11/site-packages/airflow/example_dags/example_latest_only.py took 0.156 seconds
[2024-07-13T01:12:57.725+0000] {processor.py:161} INFO - Started process (PID=255) to work on /home/airflow/.local/lib/python3.11/site-packages/airflow/example_dags/example_latest_only.py
[2024-07-13T01:12:57.727+0000] {processor.py:830} INFO - Processing file /home/airflow/.local/lib/python3.11/site-packages/airflow/example_dags/example_latest_only.py for tasks to queue
[2024-07-13T01:12:57.732+0000] {logging_mixin.py:188} INFO - [2024-07-13T01:12:57.731+0000] {dagbag.py:545} INFO - Filling up the DagBag from /home/airflow/.local/lib/python3.11/site-packages/airflow/example_dags/example_latest_only.py
[2024-07-13T01:12:57.746+0000] {processor.py:840} INFO - DAG(s) 'latest_only' retrieved from /home/airflow/.local/lib/python3.11/site-packages/airflow/example_dags/example_latest_only.py
[2024-07-13T01:12:57.790+0000] {logging_mixin.py:188} INFO - [2024-07-13T01:12:57.789+0000] {dag.py:3096} INFO - Sync 1 DAGs
[2024-07-13T01:12:57.831+0000] {logging_mixin.py:188} INFO - [2024-07-13T01:12:57.830+0000] {dag.py:3954} INFO - Setting next_dagrun for latest_only to 2024-07-12 20:00:00+00:00, run_after=2024-07-13 00:00:00+00:00
[2024-07-13T01:12:57.866+0000] {processor.py:183} INFO - Processing /home/airflow/.local/lib/python3.11/site-packages/airflow/example_dags/example_latest_only.py took 0.157 seconds
[2024-07-13T01:13:32.829+0000] {processor.py:161} INFO - Started process (PID=318) to work on /home/airflow/.local/lib/python3.11/site-packages/airflow/example_dags/example_latest_only.py
[2024-07-13T01:13:32.833+0000] {processor.py:830} INFO - Processing file /home/airflow/.local/lib/python3.11/site-packages/airflow/example_dags/example_latest_only.py for tasks to queue
[2024-07-13T01:13:32.838+0000] {logging_mixin.py:188} INFO - [2024-07-13T01:13:32.837+0000] {dagbag.py:545} INFO - Filling up the DagBag from /home/airflow/.local/lib/python3.11/site-packages/airflow/example_dags/example_latest_only.py
[2024-07-13T01:13:32.852+0000] {processor.py:840} INFO - DAG(s) 'latest_only' retrieved from /home/airflow/.local/lib/python3.11/site-packages/airflow/example_dags/example_latest_only.py
[2024-07-13T01:13:32.899+0000] {logging_mixin.py:188} INFO - [2024-07-13T01:13:32.898+0000] {dag.py:3096} INFO - Sync 1 DAGs
[2024-07-13T01:13:32.995+0000] {logging_mixin.py:188} INFO - [2024-07-13T01:13:32.995+0000] {dag.py:3954} INFO - Setting next_dagrun for latest_only to 2024-07-12 20:00:00+00:00, run_after=2024-07-13 00:00:00+00:00
[2024-07-13T01:13:33.100+0000] {processor.py:183} INFO - Processing /home/airflow/.local/lib/python3.11/site-packages/airflow/example_dags/example_latest_only.py took 0.288 seconds
[2024-07-13T01:14:04.851+0000] {processor.py:161} INFO - Started process (PID=380) to work on /home/airflow/.local/lib/python3.11/site-packages/airflow/example_dags/example_latest_only.py
[2024-07-13T01:14:04.853+0000] {processor.py:830} INFO - Processing file /home/airflow/.local/lib/python3.11/site-packages/airflow/example_dags/example_latest_only.py for tasks to queue
[2024-07-13T01:14:04.857+0000] {logging_mixin.py:188} INFO - [2024-07-13T01:14:04.857+0000] {dagbag.py:545} INFO - Filling up the DagBag from /home/airflow/.local/lib/python3.11/site-packages/airflow/example_dags/example_latest_only.py
[2024-07-13T01:14:04.868+0000] {processor.py:840} INFO - DAG(s) 'latest_only' retrieved from /home/airflow/.local/lib/python3.11/site-packages/airflow/example_dags/example_latest_only.py
[2024-07-13T01:14:04.912+0000] {logging_mixin.py:188} INFO - [2024-07-13T01:14:04.911+0000] {dag.py:3096} INFO - Sync 1 DAGs
[2024-07-13T01:14:04.956+0000] {logging_mixin.py:188} INFO - [2024-07-13T01:14:04.955+0000] {dag.py:3954} INFO - Setting next_dagrun for latest_only to 2024-07-12 20:00:00+00:00, run_after=2024-07-13 00:00:00+00:00
[2024-07-13T01:14:04.990+0000] {processor.py:183} INFO - Processing /home/airflow/.local/lib/python3.11/site-packages/airflow/example_dags/example_latest_only.py took 0.154 seconds
[2024-07-13T01:14:39.002+0000] {processor.py:161} INFO - Started process (PID=442) to work on /home/airflow/.local/lib/python3.11/site-packages/airflow/example_dags/example_latest_only.py
[2024-07-13T01:14:39.004+0000] {processor.py:830} INFO - Processing file /home/airflow/.local/lib/python3.11/site-packages/airflow/example_dags/example_latest_only.py for tasks to queue
[2024-07-13T01:14:39.008+0000] {logging_mixin.py:188} INFO - [2024-07-13T01:14:39.007+0000] {dagbag.py:545} INFO - Filling up the DagBag from /home/airflow/.local/lib/python3.11/site-packages/airflow/example_dags/example_latest_only.py
[2024-07-13T01:14:39.018+0000] {processor.py:840} INFO - DAG(s) 'latest_only' retrieved from /home/airflow/.local/lib/python3.11/site-packages/airflow/example_dags/example_latest_only.py
[2024-07-13T01:14:39.061+0000] {logging_mixin.py:188} INFO - [2024-07-13T01:14:39.060+0000] {dag.py:3096} INFO - Sync 1 DAGs
[2024-07-13T01:14:39.099+0000] {logging_mixin.py:188} INFO - [2024-07-13T01:14:39.098+0000] {dag.py:3954} INFO - Setting next_dagrun for latest_only to 2024-07-12 20:00:00+00:00, run_after=2024-07-13 00:00:00+00:00
[2024-07-13T01:14:39.130+0000] {processor.py:183} INFO - Processing /home/airflow/.local/lib/python3.11/site-packages/airflow/example_dags/example_latest_only.py took 0.141 seconds
[2024-07-13T01:15:13.005+0000] {processor.py:161} INFO - Started process (PID=504) to work on /home/airflow/.local/lib/python3.11/site-packages/airflow/example_dags/example_latest_only.py
[2024-07-13T01:15:13.008+0000] {processor.py:830} INFO - Processing file /home/airflow/.local/lib/python3.11/site-packages/airflow/example_dags/example_latest_only.py for tasks to queue
[2024-07-13T01:15:13.013+0000] {logging_mixin.py:188} INFO - [2024-07-13T01:15:13.012+0000] {dagbag.py:545} INFO - Filling up the DagBag from /home/airflow/.local/lib/python3.11/site-packages/airflow/example_dags/example_latest_only.py
[2024-07-13T01:15:13.025+0000] {processor.py:840} INFO - DAG(s) 'latest_only' retrieved from /home/airflow/.local/lib/python3.11/site-packages/airflow/example_dags/example_latest_only.py
[2024-07-13T01:15:13.064+0000] {logging_mixin.py:188} INFO - [2024-07-13T01:15:13.063+0000] {dag.py:3096} INFO - Sync 1 DAGs
[2024-07-13T01:15:13.099+0000] {logging_mixin.py:188} INFO - [2024-07-13T01:15:13.099+0000] {dag.py:3954} INFO - Setting next_dagrun for latest_only to 2024-07-12 20:00:00+00:00, run_after=2024-07-13 00:00:00+00:00
[2024-07-13T01:15:13.126+0000] {processor.py:183} INFO - Processing /home/airflow/.local/lib/python3.11/site-packages/airflow/example_dags/example_latest_only.py took 0.137 seconds
[2024-07-13T01:15:47.598+0000] {processor.py:161} INFO - Started process (PID=565) to work on /home/airflow/.local/lib/python3.11/site-packages/airflow/example_dags/example_latest_only.py
[2024-07-13T01:15:47.601+0000] {processor.py:830} INFO - Processing file /home/airflow/.local/lib/python3.11/site-packages/airflow/example_dags/example_latest_only.py for tasks to queue
[2024-07-13T01:15:47.605+0000] {logging_mixin.py:188} INFO - [2024-07-13T01:15:47.604+0000] {dagbag.py:545} INFO - Filling up the DagBag from /home/airflow/.local/lib/python3.11/site-packages/airflow/example_dags/example_latest_only.py
[2024-07-13T01:15:47.617+0000] {processor.py:840} INFO - DAG(s) 'latest_only' retrieved from /home/airflow/.local/lib/python3.11/site-packages/airflow/example_dags/example_latest_only.py
[2024-07-13T01:15:47.651+0000] {logging_mixin.py:188} INFO - [2024-07-13T01:15:47.650+0000] {dag.py:3096} INFO - Sync 1 DAGs
[2024-07-13T01:15:47.686+0000] {logging_mixin.py:188} INFO - [2024-07-13T01:15:47.685+0000] {dag.py:3954} INFO - Setting next_dagrun for latest_only to 2024-07-12 20:00:00+00:00, run_after=2024-07-13 00:00:00+00:00
[2024-07-13T01:15:47.717+0000] {processor.py:183} INFO - Processing /home/airflow/.local/lib/python3.11/site-packages/airflow/example_dags/example_latest_only.py took 0.135 seconds
[2024-07-13T01:16:21.457+0000] {processor.py:161} INFO - Started process (PID=630) to work on /home/airflow/.local/lib/python3.11/site-packages/airflow/example_dags/example_latest_only.py
[2024-07-13T01:16:21.460+0000] {processor.py:830} INFO - Processing file /home/airflow/.local/lib/python3.11/site-packages/airflow/example_dags/example_latest_only.py for tasks to queue
[2024-07-13T01:16:21.465+0000] {logging_mixin.py:188} INFO - [2024-07-13T01:16:21.464+0000] {dagbag.py:545} INFO - Filling up the DagBag from /home/airflow/.local/lib/python3.11/site-packages/airflow/example_dags/example_latest_only.py
[2024-07-13T01:16:21.480+0000] {processor.py:840} INFO - DAG(s) 'latest_only' retrieved from /home/airflow/.local/lib/python3.11/site-packages/airflow/example_dags/example_latest_only.py
[2024-07-13T01:16:21.528+0000] {logging_mixin.py:188} INFO - [2024-07-13T01:16:21.527+0000] {dag.py:3096} INFO - Sync 1 DAGs
[2024-07-13T01:16:21.576+0000] {logging_mixin.py:188} INFO - [2024-07-13T01:16:21.575+0000] {dag.py:3954} INFO - Setting next_dagrun for latest_only to 2024-07-12 20:00:00+00:00, run_after=2024-07-13 00:00:00+00:00
[2024-07-13T01:16:21.612+0000] {processor.py:183} INFO - Processing /home/airflow/.local/lib/python3.11/site-packages/airflow/example_dags/example_latest_only.py took 0.172 seconds
