[2024-07-13T00:28:00.808+0000] {processor.py:161} INFO - Started process (PID=54) to work on /home/airflow/.local/lib/python3.11/site-packages/airflow/example_dags/tutorial_dag.py
[2024-07-13T00:28:00.809+0000] {processor.py:830} INFO - Processing file /home/airflow/.local/lib/python3.11/site-packages/airflow/example_dags/tutorial_dag.py for tasks to queue
[2024-07-13T00:28:00.811+0000] {logging_mixin.py:188} INFO - [2024-07-13T00:28:00.810+0000] {dagbag.py:545} INFO - Filling up the DagBag from /home/airflow/.local/lib/python3.11/site-packages/airflow/example_dags/tutorial_dag.py
[2024-07-13T00:28:00.825+0000] {processor.py:840} INFO - DAG(s) 'tutorial_dag' retrieved from /home/airflow/.local/lib/python3.11/site-packages/airflow/example_dags/tutorial_dag.py
[2024-07-13T00:28:00.998+0000] {logging_mixin.py:188} INFO - [2024-07-13T00:28:00.997+0000] {dag.py:3096} INFO - Sync 1 DAGs
[2024-07-13T00:28:01.022+0000] {logging_mixin.py:188} INFO - [2024-07-13T00:28:01.022+0000] {dag.py:3954} INFO - Setting next_dagrun for tutorial_dag to None, run_after=None
[2024-07-13T00:28:01.059+0000] {processor.py:183} INFO - Processing /home/airflow/.local/lib/python3.11/site-packages/airflow/example_dags/tutorial_dag.py took 0.262 seconds
[2024-07-13T00:28:32.937+0000] {processor.py:161} INFO - Started process (PID=116) to work on /home/airflow/.local/lib/python3.11/site-packages/airflow/example_dags/tutorial_dag.py
[2024-07-13T00:28:32.939+0000] {processor.py:830} INFO - Processing file /home/airflow/.local/lib/python3.11/site-packages/airflow/example_dags/tutorial_dag.py for tasks to queue
[2024-07-13T00:28:32.940+0000] {logging_mixin.py:188} INFO - [2024-07-13T00:28:32.940+0000] {dagbag.py:545} INFO - Filling up the DagBag from /home/airflow/.local/lib/python3.11/site-packages/airflow/example_dags/tutorial_dag.py
[2024-07-13T00:28:32.953+0000] {processor.py:840} INFO - DAG(s) 'tutorial_dag' retrieved from /home/airflow/.local/lib/python3.11/site-packages/airflow/example_dags/tutorial_dag.py
[2024-07-13T00:28:32.992+0000] {logging_mixin.py:188} INFO - [2024-07-13T00:28:32.991+0000] {dag.py:3096} INFO - Sync 1 DAGs
[2024-07-13T00:28:33.013+0000] {logging_mixin.py:188} INFO - [2024-07-13T00:28:33.013+0000] {dag.py:3954} INFO - Setting next_dagrun for tutorial_dag to None, run_after=None
[2024-07-13T00:28:33.042+0000] {processor.py:183} INFO - Processing /home/airflow/.local/lib/python3.11/site-packages/airflow/example_dags/tutorial_dag.py took 0.117 seconds
[2024-07-13T00:29:05.914+0000] {processor.py:161} INFO - Started process (PID=178) to work on /home/airflow/.local/lib/python3.11/site-packages/airflow/example_dags/tutorial_dag.py
[2024-07-13T00:29:05.915+0000] {processor.py:830} INFO - Processing file /home/airflow/.local/lib/python3.11/site-packages/airflow/example_dags/tutorial_dag.py for tasks to queue
[2024-07-13T00:29:05.916+0000] {logging_mixin.py:188} INFO - [2024-07-13T00:29:05.916+0000] {dagbag.py:545} INFO - Filling up the DagBag from /home/airflow/.local/lib/python3.11/site-packages/airflow/example_dags/tutorial_dag.py
[2024-07-13T00:29:05.927+0000] {processor.py:840} INFO - DAG(s) 'tutorial_dag' retrieved from /home/airflow/.local/lib/python3.11/site-packages/airflow/example_dags/tutorial_dag.py
[2024-07-13T00:29:05.961+0000] {logging_mixin.py:188} INFO - [2024-07-13T00:29:05.961+0000] {dag.py:3096} INFO - Sync 1 DAGs
[2024-07-13T00:29:05.981+0000] {logging_mixin.py:188} INFO - [2024-07-13T00:29:05.980+0000] {dag.py:3954} INFO - Setting next_dagrun for tutorial_dag to None, run_after=None
[2024-07-13T00:29:06.006+0000] {processor.py:183} INFO - Processing /home/airflow/.local/lib/python3.11/site-packages/airflow/example_dags/tutorial_dag.py took 0.104 seconds
[2024-07-13T00:29:39.068+0000] {processor.py:161} INFO - Started process (PID=240) to work on /home/airflow/.local/lib/python3.11/site-packages/airflow/example_dags/tutorial_dag.py
[2024-07-13T00:29:39.070+0000] {processor.py:830} INFO - Processing file /home/airflow/.local/lib/python3.11/site-packages/airflow/example_dags/tutorial_dag.py for tasks to queue
[2024-07-13T00:29:39.072+0000] {logging_mixin.py:188} INFO - [2024-07-13T00:29:39.071+0000] {dagbag.py:545} INFO - Filling up the DagBag from /home/airflow/.local/lib/python3.11/site-packages/airflow/example_dags/tutorial_dag.py
[2024-07-13T00:29:39.088+0000] {processor.py:840} INFO - DAG(s) 'tutorial_dag' retrieved from /home/airflow/.local/lib/python3.11/site-packages/airflow/example_dags/tutorial_dag.py
[2024-07-13T00:29:39.133+0000] {logging_mixin.py:188} INFO - [2024-07-13T00:29:39.132+0000] {dag.py:3096} INFO - Sync 1 DAGs
[2024-07-13T00:29:39.158+0000] {logging_mixin.py:188} INFO - [2024-07-13T00:29:39.158+0000] {dag.py:3954} INFO - Setting next_dagrun for tutorial_dag to None, run_after=None
[2024-07-13T00:29:39.190+0000] {processor.py:183} INFO - Processing /home/airflow/.local/lib/python3.11/site-packages/airflow/example_dags/tutorial_dag.py took 0.139 seconds
[2024-07-13T00:30:11.910+0000] {processor.py:161} INFO - Started process (PID=308) to work on /home/airflow/.local/lib/python3.11/site-packages/airflow/example_dags/tutorial_dag.py
[2024-07-13T00:30:11.912+0000] {processor.py:830} INFO - Processing file /home/airflow/.local/lib/python3.11/site-packages/airflow/example_dags/tutorial_dag.py for tasks to queue
[2024-07-13T00:30:11.913+0000] {logging_mixin.py:188} INFO - [2024-07-13T00:30:11.913+0000] {dagbag.py:545} INFO - Filling up the DagBag from /home/airflow/.local/lib/python3.11/site-packages/airflow/example_dags/tutorial_dag.py
[2024-07-13T00:30:11.925+0000] {processor.py:840} INFO - DAG(s) 'tutorial_dag' retrieved from /home/airflow/.local/lib/python3.11/site-packages/airflow/example_dags/tutorial_dag.py
[2024-07-13T00:30:11.975+0000] {logging_mixin.py:188} INFO - [2024-07-13T00:30:11.974+0000] {dag.py:3096} INFO - Sync 1 DAGs
[2024-07-13T00:30:12.003+0000] {logging_mixin.py:188} INFO - [2024-07-13T00:30:12.003+0000] {dag.py:3954} INFO - Setting next_dagrun for tutorial_dag to None, run_after=None
[2024-07-13T00:30:12.037+0000] {processor.py:183} INFO - Processing /home/airflow/.local/lib/python3.11/site-packages/airflow/example_dags/tutorial_dag.py took 0.140 seconds
[2024-07-13T00:30:44.933+0000] {processor.py:161} INFO - Started process (PID=371) to work on /home/airflow/.local/lib/python3.11/site-packages/airflow/example_dags/tutorial_dag.py
[2024-07-13T00:30:44.935+0000] {processor.py:830} INFO - Processing file /home/airflow/.local/lib/python3.11/site-packages/airflow/example_dags/tutorial_dag.py for tasks to queue
[2024-07-13T00:30:44.937+0000] {logging_mixin.py:188} INFO - [2024-07-13T00:30:44.936+0000] {dagbag.py:545} INFO - Filling up the DagBag from /home/airflow/.local/lib/python3.11/site-packages/airflow/example_dags/tutorial_dag.py
[2024-07-13T00:30:44.949+0000] {processor.py:840} INFO - DAG(s) 'tutorial_dag' retrieved from /home/airflow/.local/lib/python3.11/site-packages/airflow/example_dags/tutorial_dag.py
[2024-07-13T00:30:44.987+0000] {logging_mixin.py:188} INFO - [2024-07-13T00:30:44.986+0000] {dag.py:3096} INFO - Sync 1 DAGs
[2024-07-13T00:30:45.006+0000] {logging_mixin.py:188} INFO - [2024-07-13T00:30:45.006+0000] {dag.py:3954} INFO - Setting next_dagrun for tutorial_dag to None, run_after=None
[2024-07-13T00:30:45.033+0000] {processor.py:183} INFO - Processing /home/airflow/.local/lib/python3.11/site-packages/airflow/example_dags/tutorial_dag.py took 0.112 seconds
[2024-07-13T00:31:18.211+0000] {processor.py:161} INFO - Started process (PID=433) to work on /home/airflow/.local/lib/python3.11/site-packages/airflow/example_dags/tutorial_dag.py
[2024-07-13T00:31:18.213+0000] {processor.py:830} INFO - Processing file /home/airflow/.local/lib/python3.11/site-packages/airflow/example_dags/tutorial_dag.py for tasks to queue
[2024-07-13T00:31:18.214+0000] {logging_mixin.py:188} INFO - [2024-07-13T00:31:18.214+0000] {dagbag.py:545} INFO - Filling up the DagBag from /home/airflow/.local/lib/python3.11/site-packages/airflow/example_dags/tutorial_dag.py
[2024-07-13T00:31:18.226+0000] {processor.py:840} INFO - DAG(s) 'tutorial_dag' retrieved from /home/airflow/.local/lib/python3.11/site-packages/airflow/example_dags/tutorial_dag.py
[2024-07-13T00:31:18.270+0000] {logging_mixin.py:188} INFO - [2024-07-13T00:31:18.269+0000] {dag.py:3096} INFO - Sync 1 DAGs
[2024-07-13T00:31:18.293+0000] {logging_mixin.py:188} INFO - [2024-07-13T00:31:18.293+0000] {dag.py:3954} INFO - Setting next_dagrun for tutorial_dag to None, run_after=None
[2024-07-13T00:31:18.326+0000] {processor.py:183} INFO - Processing /home/airflow/.local/lib/python3.11/site-packages/airflow/example_dags/tutorial_dag.py took 0.127 seconds
[2024-07-13T00:31:52.454+0000] {processor.py:161} INFO - Started process (PID=495) to work on /home/airflow/.local/lib/python3.11/site-packages/airflow/example_dags/tutorial_dag.py
[2024-07-13T00:31:52.458+0000] {processor.py:830} INFO - Processing file /home/airflow/.local/lib/python3.11/site-packages/airflow/example_dags/tutorial_dag.py for tasks to queue
[2024-07-13T00:31:52.460+0000] {logging_mixin.py:188} INFO - [2024-07-13T00:31:52.459+0000] {dagbag.py:545} INFO - Filling up the DagBag from /home/airflow/.local/lib/python3.11/site-packages/airflow/example_dags/tutorial_dag.py
[2024-07-13T00:31:52.479+0000] {processor.py:840} INFO - DAG(s) 'tutorial_dag' retrieved from /home/airflow/.local/lib/python3.11/site-packages/airflow/example_dags/tutorial_dag.py
[2024-07-13T00:31:52.529+0000] {logging_mixin.py:188} INFO - [2024-07-13T00:31:52.528+0000] {dag.py:3096} INFO - Sync 1 DAGs
[2024-07-13T00:31:52.557+0000] {logging_mixin.py:188} INFO - [2024-07-13T00:31:52.556+0000] {dag.py:3954} INFO - Setting next_dagrun for tutorial_dag to None, run_after=None
[2024-07-13T00:31:52.594+0000] {processor.py:183} INFO - Processing /home/airflow/.local/lib/python3.11/site-packages/airflow/example_dags/tutorial_dag.py took 0.158 seconds
[2024-07-13T00:32:26.812+0000] {processor.py:161} INFO - Started process (PID=557) to work on /home/airflow/.local/lib/python3.11/site-packages/airflow/example_dags/tutorial_dag.py
[2024-07-13T00:32:26.817+0000] {processor.py:830} INFO - Processing file /home/airflow/.local/lib/python3.11/site-packages/airflow/example_dags/tutorial_dag.py for tasks to queue
[2024-07-13T00:32:26.819+0000] {logging_mixin.py:188} INFO - [2024-07-13T00:32:26.818+0000] {dagbag.py:545} INFO - Filling up the DagBag from /home/airflow/.local/lib/python3.11/site-packages/airflow/example_dags/tutorial_dag.py
[2024-07-13T00:32:26.835+0000] {processor.py:840} INFO - DAG(s) 'tutorial_dag' retrieved from /home/airflow/.local/lib/python3.11/site-packages/airflow/example_dags/tutorial_dag.py
[2024-07-13T00:32:26.880+0000] {logging_mixin.py:188} INFO - [2024-07-13T00:32:26.879+0000] {dag.py:3096} INFO - Sync 1 DAGs
[2024-07-13T00:32:26.906+0000] {logging_mixin.py:188} INFO - [2024-07-13T00:32:26.906+0000] {dag.py:3954} INFO - Setting next_dagrun for tutorial_dag to None, run_after=None
[2024-07-13T00:32:26.943+0000] {processor.py:183} INFO - Processing /home/airflow/.local/lib/python3.11/site-packages/airflow/example_dags/tutorial_dag.py took 0.143 seconds
[2024-07-13T00:33:00.798+0000] {processor.py:161} INFO - Started process (PID=619) to work on /home/airflow/.local/lib/python3.11/site-packages/airflow/example_dags/tutorial_dag.py
[2024-07-13T00:33:00.807+0000] {processor.py:830} INFO - Processing file /home/airflow/.local/lib/python3.11/site-packages/airflow/example_dags/tutorial_dag.py for tasks to queue
[2024-07-13T00:33:00.809+0000] {logging_mixin.py:188} INFO - [2024-07-13T00:33:00.808+0000] {dagbag.py:545} INFO - Filling up the DagBag from /home/airflow/.local/lib/python3.11/site-packages/airflow/example_dags/tutorial_dag.py
[2024-07-13T00:33:00.834+0000] {processor.py:840} INFO - DAG(s) 'tutorial_dag' retrieved from /home/airflow/.local/lib/python3.11/site-packages/airflow/example_dags/tutorial_dag.py
[2024-07-13T00:33:00.922+0000] {logging_mixin.py:188} INFO - [2024-07-13T00:33:00.921+0000] {dag.py:3096} INFO - Sync 1 DAGs
[2024-07-13T00:33:00.948+0000] {logging_mixin.py:188} INFO - [2024-07-13T00:33:00.947+0000] {dag.py:3954} INFO - Setting next_dagrun for tutorial_dag to None, run_after=None
[2024-07-13T00:33:01.005+0000] {processor.py:183} INFO - Processing /home/airflow/.local/lib/python3.11/site-packages/airflow/example_dags/tutorial_dag.py took 0.221 seconds
[2024-07-13T00:33:33.590+0000] {processor.py:161} INFO - Started process (PID=681) to work on /home/airflow/.local/lib/python3.11/site-packages/airflow/example_dags/tutorial_dag.py
[2024-07-13T00:33:33.592+0000] {processor.py:830} INFO - Processing file /home/airflow/.local/lib/python3.11/site-packages/airflow/example_dags/tutorial_dag.py for tasks to queue
[2024-07-13T00:33:33.593+0000] {logging_mixin.py:188} INFO - [2024-07-13T00:33:33.593+0000] {dagbag.py:545} INFO - Filling up the DagBag from /home/airflow/.local/lib/python3.11/site-packages/airflow/example_dags/tutorial_dag.py
[2024-07-13T00:33:33.608+0000] {processor.py:840} INFO - DAG(s) 'tutorial_dag' retrieved from /home/airflow/.local/lib/python3.11/site-packages/airflow/example_dags/tutorial_dag.py
[2024-07-13T00:33:33.653+0000] {logging_mixin.py:188} INFO - [2024-07-13T00:33:33.652+0000] {dag.py:3096} INFO - Sync 1 DAGs
[2024-07-13T00:33:33.677+0000] {logging_mixin.py:188} INFO - [2024-07-13T00:33:33.677+0000] {dag.py:3954} INFO - Setting next_dagrun for tutorial_dag to None, run_after=None
[2024-07-13T00:33:33.704+0000] {processor.py:183} INFO - Processing /home/airflow/.local/lib/python3.11/site-packages/airflow/example_dags/tutorial_dag.py took 0.130 seconds
[2024-07-13T00:35:48.635+0000] {processor.py:161} INFO - Started process (PID=55) to work on /home/airflow/.local/lib/python3.11/site-packages/airflow/example_dags/tutorial_dag.py
[2024-07-13T00:35:48.637+0000] {processor.py:830} INFO - Processing file /home/airflow/.local/lib/python3.11/site-packages/airflow/example_dags/tutorial_dag.py for tasks to queue
[2024-07-13T00:35:48.641+0000] {logging_mixin.py:188} INFO - [2024-07-13T00:35:48.641+0000] {dagbag.py:545} INFO - Filling up the DagBag from /home/airflow/.local/lib/python3.11/site-packages/airflow/example_dags/tutorial_dag.py
[2024-07-13T00:35:48.654+0000] {processor.py:840} INFO - DAG(s) 'tutorial_dag' retrieved from /home/airflow/.local/lib/python3.11/site-packages/airflow/example_dags/tutorial_dag.py
[2024-07-13T00:35:48.840+0000] {logging_mixin.py:188} INFO - [2024-07-13T00:35:48.839+0000] {dag.py:3096} INFO - Sync 1 DAGs
[2024-07-13T00:35:48.861+0000] {logging_mixin.py:188} INFO - [2024-07-13T00:35:48.861+0000] {dag.py:3954} INFO - Setting next_dagrun for tutorial_dag to None, run_after=None
[2024-07-13T00:35:48.895+0000] {processor.py:183} INFO - Processing /home/airflow/.local/lib/python3.11/site-packages/airflow/example_dags/tutorial_dag.py took 0.272 seconds
[2024-07-13T00:36:20.706+0000] {processor.py:161} INFO - Started process (PID=117) to work on /home/airflow/.local/lib/python3.11/site-packages/airflow/example_dags/tutorial_dag.py
[2024-07-13T00:36:20.708+0000] {processor.py:830} INFO - Processing file /home/airflow/.local/lib/python3.11/site-packages/airflow/example_dags/tutorial_dag.py for tasks to queue
[2024-07-13T00:36:20.712+0000] {logging_mixin.py:188} INFO - [2024-07-13T00:36:20.711+0000] {dagbag.py:545} INFO - Filling up the DagBag from /home/airflow/.local/lib/python3.11/site-packages/airflow/example_dags/tutorial_dag.py
[2024-07-13T00:36:20.723+0000] {processor.py:840} INFO - DAG(s) 'tutorial_dag' retrieved from /home/airflow/.local/lib/python3.11/site-packages/airflow/example_dags/tutorial_dag.py
[2024-07-13T00:36:20.759+0000] {logging_mixin.py:188} INFO - [2024-07-13T00:36:20.758+0000] {dag.py:3096} INFO - Sync 1 DAGs
[2024-07-13T00:36:20.782+0000] {logging_mixin.py:188} INFO - [2024-07-13T00:36:20.782+0000] {dag.py:3954} INFO - Setting next_dagrun for tutorial_dag to None, run_after=None
[2024-07-13T00:36:20.825+0000] {processor.py:183} INFO - Processing /home/airflow/.local/lib/python3.11/site-packages/airflow/example_dags/tutorial_dag.py took 0.134 seconds
[2024-07-13T00:38:19.808+0000] {processor.py:161} INFO - Started process (PID=53) to work on /home/airflow/.local/lib/python3.11/site-packages/airflow/example_dags/tutorial_dag.py
[2024-07-13T00:38:19.811+0000] {processor.py:830} INFO - Processing file /home/airflow/.local/lib/python3.11/site-packages/airflow/example_dags/tutorial_dag.py for tasks to queue
[2024-07-13T00:38:19.815+0000] {logging_mixin.py:188} INFO - [2024-07-13T00:38:19.814+0000] {dagbag.py:545} INFO - Filling up the DagBag from /home/airflow/.local/lib/python3.11/site-packages/airflow/example_dags/tutorial_dag.py
[2024-07-13T00:38:19.830+0000] {processor.py:840} INFO - DAG(s) 'tutorial_dag' retrieved from /home/airflow/.local/lib/python3.11/site-packages/airflow/example_dags/tutorial_dag.py
[2024-07-13T00:38:20.086+0000] {logging_mixin.py:188} INFO - [2024-07-13T00:38:20.085+0000] {dag.py:3096} INFO - Sync 1 DAGs
[2024-07-13T00:38:20.108+0000] {logging_mixin.py:188} INFO - [2024-07-13T00:38:20.108+0000] {dag.py:3954} INFO - Setting next_dagrun for tutorial_dag to None, run_after=None
[2024-07-13T00:38:20.145+0000] {processor.py:183} INFO - Processing /home/airflow/.local/lib/python3.11/site-packages/airflow/example_dags/tutorial_dag.py took 0.352 seconds
[2024-07-13T00:38:50.902+0000] {processor.py:161} INFO - Started process (PID=115) to work on /home/airflow/.local/lib/python3.11/site-packages/airflow/example_dags/tutorial_dag.py
[2024-07-13T00:38:50.903+0000] {processor.py:830} INFO - Processing file /home/airflow/.local/lib/python3.11/site-packages/airflow/example_dags/tutorial_dag.py for tasks to queue
[2024-07-13T00:38:50.906+0000] {logging_mixin.py:188} INFO - [2024-07-13T00:38:50.906+0000] {dagbag.py:545} INFO - Filling up the DagBag from /home/airflow/.local/lib/python3.11/site-packages/airflow/example_dags/tutorial_dag.py
[2024-07-13T00:38:50.917+0000] {processor.py:840} INFO - DAG(s) 'tutorial_dag' retrieved from /home/airflow/.local/lib/python3.11/site-packages/airflow/example_dags/tutorial_dag.py
[2024-07-13T00:38:50.951+0000] {logging_mixin.py:188} INFO - [2024-07-13T00:38:50.950+0000] {dag.py:3096} INFO - Sync 1 DAGs
[2024-07-13T00:38:50.973+0000] {logging_mixin.py:188} INFO - [2024-07-13T00:38:50.973+0000] {dag.py:3954} INFO - Setting next_dagrun for tutorial_dag to None, run_after=None
[2024-07-13T00:38:51.006+0000] {processor.py:183} INFO - Processing /home/airflow/.local/lib/python3.11/site-packages/airflow/example_dags/tutorial_dag.py took 0.115 seconds
[2024-07-13T00:39:24.105+0000] {processor.py:161} INFO - Started process (PID=177) to work on /home/airflow/.local/lib/python3.11/site-packages/airflow/example_dags/tutorial_dag.py
[2024-07-13T00:39:24.107+0000] {processor.py:830} INFO - Processing file /home/airflow/.local/lib/python3.11/site-packages/airflow/example_dags/tutorial_dag.py for tasks to queue
[2024-07-13T00:39:24.110+0000] {logging_mixin.py:188} INFO - [2024-07-13T00:39:24.110+0000] {dagbag.py:545} INFO - Filling up the DagBag from /home/airflow/.local/lib/python3.11/site-packages/airflow/example_dags/tutorial_dag.py
[2024-07-13T00:39:24.120+0000] {processor.py:840} INFO - DAG(s) 'tutorial_dag' retrieved from /home/airflow/.local/lib/python3.11/site-packages/airflow/example_dags/tutorial_dag.py
[2024-07-13T00:39:24.160+0000] {logging_mixin.py:188} INFO - [2024-07-13T00:39:24.158+0000] {dag.py:3096} INFO - Sync 1 DAGs
[2024-07-13T00:39:24.178+0000] {logging_mixin.py:188} INFO - [2024-07-13T00:39:24.178+0000] {dag.py:3954} INFO - Setting next_dagrun for tutorial_dag to None, run_after=None
[2024-07-13T00:39:24.207+0000] {processor.py:183} INFO - Processing /home/airflow/.local/lib/python3.11/site-packages/airflow/example_dags/tutorial_dag.py took 0.113 seconds
[2024-07-13T00:39:56.981+0000] {processor.py:161} INFO - Started process (PID=239) to work on /home/airflow/.local/lib/python3.11/site-packages/airflow/example_dags/tutorial_dag.py
[2024-07-13T00:39:56.983+0000] {processor.py:830} INFO - Processing file /home/airflow/.local/lib/python3.11/site-packages/airflow/example_dags/tutorial_dag.py for tasks to queue
[2024-07-13T00:39:56.986+0000] {logging_mixin.py:188} INFO - [2024-07-13T00:39:56.986+0000] {dagbag.py:545} INFO - Filling up the DagBag from /home/airflow/.local/lib/python3.11/site-packages/airflow/example_dags/tutorial_dag.py
[2024-07-13T00:39:56.996+0000] {processor.py:840} INFO - DAG(s) 'tutorial_dag' retrieved from /home/airflow/.local/lib/python3.11/site-packages/airflow/example_dags/tutorial_dag.py
[2024-07-13T00:39:57.033+0000] {logging_mixin.py:188} INFO - [2024-07-13T00:39:57.032+0000] {dag.py:3096} INFO - Sync 1 DAGs
[2024-07-13T00:39:57.052+0000] {logging_mixin.py:188} INFO - [2024-07-13T00:39:57.052+0000] {dag.py:3954} INFO - Setting next_dagrun for tutorial_dag to None, run_after=None
[2024-07-13T00:39:57.080+0000] {processor.py:183} INFO - Processing /home/airflow/.local/lib/python3.11/site-packages/airflow/example_dags/tutorial_dag.py took 0.110 seconds
[2024-07-13T00:40:29.845+0000] {processor.py:161} INFO - Started process (PID=301) to work on /home/airflow/.local/lib/python3.11/site-packages/airflow/example_dags/tutorial_dag.py
[2024-07-13T00:40:29.847+0000] {processor.py:830} INFO - Processing file /home/airflow/.local/lib/python3.11/site-packages/airflow/example_dags/tutorial_dag.py for tasks to queue
[2024-07-13T00:40:29.850+0000] {logging_mixin.py:188} INFO - [2024-07-13T00:40:29.850+0000] {dagbag.py:545} INFO - Filling up the DagBag from /home/airflow/.local/lib/python3.11/site-packages/airflow/example_dags/tutorial_dag.py
[2024-07-13T00:40:29.861+0000] {processor.py:840} INFO - DAG(s) 'tutorial_dag' retrieved from /home/airflow/.local/lib/python3.11/site-packages/airflow/example_dags/tutorial_dag.py
[2024-07-13T00:40:29.896+0000] {logging_mixin.py:188} INFO - [2024-07-13T00:40:29.895+0000] {dag.py:3096} INFO - Sync 1 DAGs
[2024-07-13T00:40:29.915+0000] {logging_mixin.py:188} INFO - [2024-07-13T00:40:29.914+0000] {dag.py:3954} INFO - Setting next_dagrun for tutorial_dag to None, run_after=None
[2024-07-13T00:40:29.951+0000] {processor.py:183} INFO - Processing /home/airflow/.local/lib/python3.11/site-packages/airflow/example_dags/tutorial_dag.py took 0.117 seconds
[2024-07-13T00:41:09.536+0000] {processor.py:161} INFO - Started process (PID=367) to work on /home/airflow/.local/lib/python3.11/site-packages/airflow/example_dags/tutorial_dag.py
[2024-07-13T00:41:09.541+0000] {processor.py:830} INFO - Processing file /home/airflow/.local/lib/python3.11/site-packages/airflow/example_dags/tutorial_dag.py for tasks to queue
[2024-07-13T00:41:09.549+0000] {logging_mixin.py:188} INFO - [2024-07-13T00:41:09.548+0000] {dagbag.py:545} INFO - Filling up the DagBag from /home/airflow/.local/lib/python3.11/site-packages/airflow/example_dags/tutorial_dag.py
[2024-07-13T00:41:09.583+0000] {processor.py:840} INFO - DAG(s) 'tutorial_dag' retrieved from /home/airflow/.local/lib/python3.11/site-packages/airflow/example_dags/tutorial_dag.py
[2024-07-13T00:41:09.686+0000] {logging_mixin.py:188} INFO - [2024-07-13T00:41:09.684+0000] {dag.py:3096} INFO - Sync 1 DAGs
[2024-07-13T00:41:09.739+0000] {logging_mixin.py:188} INFO - [2024-07-13T00:41:09.738+0000] {dag.py:3954} INFO - Setting next_dagrun for tutorial_dag to None, run_after=None
[2024-07-13T00:41:09.813+0000] {processor.py:183} INFO - Processing /home/airflow/.local/lib/python3.11/site-packages/airflow/example_dags/tutorial_dag.py took 0.318 seconds
[2024-07-13T00:41:41.737+0000] {processor.py:161} INFO - Started process (PID=428) to work on /home/airflow/.local/lib/python3.11/site-packages/airflow/example_dags/tutorial_dag.py
[2024-07-13T00:41:41.740+0000] {processor.py:830} INFO - Processing file /home/airflow/.local/lib/python3.11/site-packages/airflow/example_dags/tutorial_dag.py for tasks to queue
[2024-07-13T00:41:41.744+0000] {logging_mixin.py:188} INFO - [2024-07-13T00:41:41.743+0000] {dagbag.py:545} INFO - Filling up the DagBag from /home/airflow/.local/lib/python3.11/site-packages/airflow/example_dags/tutorial_dag.py
[2024-07-13T00:41:41.759+0000] {processor.py:840} INFO - DAG(s) 'tutorial_dag' retrieved from /home/airflow/.local/lib/python3.11/site-packages/airflow/example_dags/tutorial_dag.py
[2024-07-13T00:41:41.796+0000] {logging_mixin.py:188} INFO - [2024-07-13T00:41:41.795+0000] {dag.py:3096} INFO - Sync 1 DAGs
[2024-07-13T00:41:41.816+0000] {logging_mixin.py:188} INFO - [2024-07-13T00:41:41.816+0000] {dag.py:3954} INFO - Setting next_dagrun for tutorial_dag to None, run_after=None
[2024-07-13T00:41:41.843+0000] {processor.py:183} INFO - Processing /home/airflow/.local/lib/python3.11/site-packages/airflow/example_dags/tutorial_dag.py took 0.118 seconds
[2024-07-13T00:42:15.760+0000] {processor.py:161} INFO - Started process (PID=490) to work on /home/airflow/.local/lib/python3.11/site-packages/airflow/example_dags/tutorial_dag.py
[2024-07-13T00:42:15.762+0000] {processor.py:830} INFO - Processing file /home/airflow/.local/lib/python3.11/site-packages/airflow/example_dags/tutorial_dag.py for tasks to queue
[2024-07-13T00:42:15.765+0000] {logging_mixin.py:188} INFO - [2024-07-13T00:42:15.764+0000] {dagbag.py:545} INFO - Filling up the DagBag from /home/airflow/.local/lib/python3.11/site-packages/airflow/example_dags/tutorial_dag.py
[2024-07-13T00:42:15.776+0000] {processor.py:840} INFO - DAG(s) 'tutorial_dag' retrieved from /home/airflow/.local/lib/python3.11/site-packages/airflow/example_dags/tutorial_dag.py
[2024-07-13T00:42:15.821+0000] {logging_mixin.py:188} INFO - [2024-07-13T00:42:15.819+0000] {dag.py:3096} INFO - Sync 1 DAGs
[2024-07-13T00:42:15.848+0000] {logging_mixin.py:188} INFO - [2024-07-13T00:42:15.848+0000] {dag.py:3954} INFO - Setting next_dagrun for tutorial_dag to None, run_after=None
[2024-07-13T00:42:15.885+0000] {processor.py:183} INFO - Processing /home/airflow/.local/lib/python3.11/site-packages/airflow/example_dags/tutorial_dag.py took 0.137 seconds
[2024-07-13T00:44:02.965+0000] {processor.py:161} INFO - Started process (PID=54) to work on /home/airflow/.local/lib/python3.11/site-packages/airflow/example_dags/tutorial_dag.py
[2024-07-13T00:44:02.967+0000] {processor.py:830} INFO - Processing file /home/airflow/.local/lib/python3.11/site-packages/airflow/example_dags/tutorial_dag.py for tasks to queue
[2024-07-13T00:44:02.970+0000] {logging_mixin.py:188} INFO - [2024-07-13T00:44:02.970+0000] {dagbag.py:545} INFO - Filling up the DagBag from /home/airflow/.local/lib/python3.11/site-packages/airflow/example_dags/tutorial_dag.py
[2024-07-13T00:44:02.981+0000] {processor.py:840} INFO - DAG(s) 'tutorial_dag' retrieved from /home/airflow/.local/lib/python3.11/site-packages/airflow/example_dags/tutorial_dag.py
[2024-07-13T00:44:03.149+0000] {logging_mixin.py:188} INFO - [2024-07-13T00:44:03.148+0000] {dag.py:3096} INFO - Sync 1 DAGs
[2024-07-13T00:44:03.166+0000] {logging_mixin.py:188} INFO - [2024-07-13T00:44:03.165+0000] {dag.py:3954} INFO - Setting next_dagrun for tutorial_dag to None, run_after=None
[2024-07-13T00:44:03.199+0000] {processor.py:183} INFO - Processing /home/airflow/.local/lib/python3.11/site-packages/airflow/example_dags/tutorial_dag.py took 0.246 seconds
[2024-07-13T00:44:33.944+0000] {processor.py:161} INFO - Started process (PID=116) to work on /home/airflow/.local/lib/python3.11/site-packages/airflow/example_dags/tutorial_dag.py
[2024-07-13T00:44:33.945+0000] {processor.py:830} INFO - Processing file /home/airflow/.local/lib/python3.11/site-packages/airflow/example_dags/tutorial_dag.py for tasks to queue
[2024-07-13T00:44:33.948+0000] {logging_mixin.py:188} INFO - [2024-07-13T00:44:33.948+0000] {dagbag.py:545} INFO - Filling up the DagBag from /home/airflow/.local/lib/python3.11/site-packages/airflow/example_dags/tutorial_dag.py
[2024-07-13T00:44:33.961+0000] {processor.py:840} INFO - DAG(s) 'tutorial_dag' retrieved from /home/airflow/.local/lib/python3.11/site-packages/airflow/example_dags/tutorial_dag.py
[2024-07-13T00:44:33.999+0000] {logging_mixin.py:188} INFO - [2024-07-13T00:44:33.998+0000] {dag.py:3096} INFO - Sync 1 DAGs
[2024-07-13T00:44:34.022+0000] {logging_mixin.py:188} INFO - [2024-07-13T00:44:34.021+0000] {dag.py:3954} INFO - Setting next_dagrun for tutorial_dag to None, run_after=None
[2024-07-13T00:44:34.054+0000] {processor.py:183} INFO - Processing /home/airflow/.local/lib/python3.11/site-packages/airflow/example_dags/tutorial_dag.py took 0.122 seconds
[2024-07-13T00:45:06.554+0000] {processor.py:161} INFO - Started process (PID=177) to work on /home/airflow/.local/lib/python3.11/site-packages/airflow/example_dags/tutorial_dag.py
[2024-07-13T00:45:06.556+0000] {processor.py:830} INFO - Processing file /home/airflow/.local/lib/python3.11/site-packages/airflow/example_dags/tutorial_dag.py for tasks to queue
[2024-07-13T00:45:06.560+0000] {logging_mixin.py:188} INFO - [2024-07-13T00:45:06.559+0000] {dagbag.py:545} INFO - Filling up the DagBag from /home/airflow/.local/lib/python3.11/site-packages/airflow/example_dags/tutorial_dag.py
[2024-07-13T00:45:06.571+0000] {processor.py:840} INFO - DAG(s) 'tutorial_dag' retrieved from /home/airflow/.local/lib/python3.11/site-packages/airflow/example_dags/tutorial_dag.py
[2024-07-13T00:45:06.606+0000] {logging_mixin.py:188} INFO - [2024-07-13T00:45:06.605+0000] {dag.py:3096} INFO - Sync 1 DAGs
[2024-07-13T00:45:06.634+0000] {logging_mixin.py:188} INFO - [2024-07-13T00:45:06.634+0000] {dag.py:3954} INFO - Setting next_dagrun for tutorial_dag to None, run_after=None
[2024-07-13T00:45:06.669+0000] {processor.py:183} INFO - Processing /home/airflow/.local/lib/python3.11/site-packages/airflow/example_dags/tutorial_dag.py took 0.127 seconds
[2024-07-13T00:45:39.508+0000] {processor.py:161} INFO - Started process (PID=239) to work on /home/airflow/.local/lib/python3.11/site-packages/airflow/example_dags/tutorial_dag.py
[2024-07-13T00:45:39.511+0000] {processor.py:830} INFO - Processing file /home/airflow/.local/lib/python3.11/site-packages/airflow/example_dags/tutorial_dag.py for tasks to queue
[2024-07-13T00:45:39.514+0000] {logging_mixin.py:188} INFO - [2024-07-13T00:45:39.513+0000] {dagbag.py:545} INFO - Filling up the DagBag from /home/airflow/.local/lib/python3.11/site-packages/airflow/example_dags/tutorial_dag.py
[2024-07-13T00:45:39.525+0000] {processor.py:840} INFO - DAG(s) 'tutorial_dag' retrieved from /home/airflow/.local/lib/python3.11/site-packages/airflow/example_dags/tutorial_dag.py
[2024-07-13T00:45:39.567+0000] {logging_mixin.py:188} INFO - [2024-07-13T00:45:39.566+0000] {dag.py:3096} INFO - Sync 1 DAGs
[2024-07-13T00:45:39.594+0000] {logging_mixin.py:188} INFO - [2024-07-13T00:45:39.594+0000] {dag.py:3954} INFO - Setting next_dagrun for tutorial_dag to None, run_after=None
[2024-07-13T00:45:39.623+0000] {processor.py:183} INFO - Processing /home/airflow/.local/lib/python3.11/site-packages/airflow/example_dags/tutorial_dag.py took 0.127 seconds
[2024-07-13T00:46:12.224+0000] {processor.py:161} INFO - Started process (PID=300) to work on /home/airflow/.local/lib/python3.11/site-packages/airflow/example_dags/tutorial_dag.py
[2024-07-13T00:46:12.226+0000] {processor.py:830} INFO - Processing file /home/airflow/.local/lib/python3.11/site-packages/airflow/example_dags/tutorial_dag.py for tasks to queue
[2024-07-13T00:46:12.229+0000] {logging_mixin.py:188} INFO - [2024-07-13T00:46:12.229+0000] {dagbag.py:545} INFO - Filling up the DagBag from /home/airflow/.local/lib/python3.11/site-packages/airflow/example_dags/tutorial_dag.py
[2024-07-13T00:46:12.240+0000] {processor.py:840} INFO - DAG(s) 'tutorial_dag' retrieved from /home/airflow/.local/lib/python3.11/site-packages/airflow/example_dags/tutorial_dag.py
[2024-07-13T00:46:12.280+0000] {logging_mixin.py:188} INFO - [2024-07-13T00:46:12.279+0000] {dag.py:3096} INFO - Sync 1 DAGs
[2024-07-13T00:46:12.301+0000] {logging_mixin.py:188} INFO - [2024-07-13T00:46:12.301+0000] {dag.py:3954} INFO - Setting next_dagrun for tutorial_dag to None, run_after=None
[2024-07-13T00:46:12.332+0000] {processor.py:183} INFO - Processing /home/airflow/.local/lib/python3.11/site-packages/airflow/example_dags/tutorial_dag.py took 0.119 seconds
[2024-07-13T00:46:45.673+0000] {processor.py:161} INFO - Started process (PID=368) to work on /home/airflow/.local/lib/python3.11/site-packages/airflow/example_dags/tutorial_dag.py
[2024-07-13T00:46:45.675+0000] {processor.py:830} INFO - Processing file /home/airflow/.local/lib/python3.11/site-packages/airflow/example_dags/tutorial_dag.py for tasks to queue
[2024-07-13T00:46:45.678+0000] {logging_mixin.py:188} INFO - [2024-07-13T00:46:45.678+0000] {dagbag.py:545} INFO - Filling up the DagBag from /home/airflow/.local/lib/python3.11/site-packages/airflow/example_dags/tutorial_dag.py
[2024-07-13T00:46:45.690+0000] {processor.py:840} INFO - DAG(s) 'tutorial_dag' retrieved from /home/airflow/.local/lib/python3.11/site-packages/airflow/example_dags/tutorial_dag.py
[2024-07-13T00:46:45.730+0000] {logging_mixin.py:188} INFO - [2024-07-13T00:46:45.729+0000] {dag.py:3096} INFO - Sync 1 DAGs
[2024-07-13T00:46:45.755+0000] {logging_mixin.py:188} INFO - [2024-07-13T00:46:45.755+0000] {dag.py:3954} INFO - Setting next_dagrun for tutorial_dag to None, run_after=None
[2024-07-13T00:46:45.791+0000] {processor.py:183} INFO - Processing /home/airflow/.local/lib/python3.11/site-packages/airflow/example_dags/tutorial_dag.py took 0.129 seconds
[2024-07-13T00:47:19.222+0000] {processor.py:161} INFO - Started process (PID=429) to work on /home/airflow/.local/lib/python3.11/site-packages/airflow/example_dags/tutorial_dag.py
[2024-07-13T00:47:19.225+0000] {processor.py:830} INFO - Processing file /home/airflow/.local/lib/python3.11/site-packages/airflow/example_dags/tutorial_dag.py for tasks to queue
[2024-07-13T00:47:19.229+0000] {logging_mixin.py:188} INFO - [2024-07-13T00:47:19.228+0000] {dagbag.py:545} INFO - Filling up the DagBag from /home/airflow/.local/lib/python3.11/site-packages/airflow/example_dags/tutorial_dag.py
[2024-07-13T00:47:19.242+0000] {processor.py:840} INFO - DAG(s) 'tutorial_dag' retrieved from /home/airflow/.local/lib/python3.11/site-packages/airflow/example_dags/tutorial_dag.py
[2024-07-13T00:47:19.290+0000] {logging_mixin.py:188} INFO - [2024-07-13T00:47:19.289+0000] {dag.py:3096} INFO - Sync 1 DAGs
[2024-07-13T00:47:19.314+0000] {logging_mixin.py:188} INFO - [2024-07-13T00:47:19.313+0000] {dag.py:3954} INFO - Setting next_dagrun for tutorial_dag to None, run_after=None
[2024-07-13T00:47:19.343+0000] {processor.py:183} INFO - Processing /home/airflow/.local/lib/python3.11/site-packages/airflow/example_dags/tutorial_dag.py took 0.134 seconds
[2024-07-13T00:47:56.069+0000] {processor.py:161} INFO - Started process (PID=490) to work on /home/airflow/.local/lib/python3.11/site-packages/airflow/example_dags/tutorial_dag.py
[2024-07-13T00:47:56.072+0000] {processor.py:830} INFO - Processing file /home/airflow/.local/lib/python3.11/site-packages/airflow/example_dags/tutorial_dag.py for tasks to queue
[2024-07-13T00:47:56.076+0000] {logging_mixin.py:188} INFO - [2024-07-13T00:47:56.075+0000] {dagbag.py:545} INFO - Filling up the DagBag from /home/airflow/.local/lib/python3.11/site-packages/airflow/example_dags/tutorial_dag.py
[2024-07-13T00:47:56.088+0000] {processor.py:840} INFO - DAG(s) 'tutorial_dag' retrieved from /home/airflow/.local/lib/python3.11/site-packages/airflow/example_dags/tutorial_dag.py
[2024-07-13T00:47:56.133+0000] {logging_mixin.py:188} INFO - [2024-07-13T00:47:56.132+0000] {dag.py:3096} INFO - Sync 1 DAGs
[2024-07-13T00:47:56.159+0000] {logging_mixin.py:188} INFO - [2024-07-13T00:47:56.158+0000] {dag.py:3954} INFO - Setting next_dagrun for tutorial_dag to None, run_after=None
[2024-07-13T00:47:56.190+0000] {processor.py:183} INFO - Processing /home/airflow/.local/lib/python3.11/site-packages/airflow/example_dags/tutorial_dag.py took 0.135 seconds
[2024-07-13T00:48:30.741+0000] {processor.py:161} INFO - Started process (PID=552) to work on /home/airflow/.local/lib/python3.11/site-packages/airflow/example_dags/tutorial_dag.py
[2024-07-13T00:48:30.744+0000] {processor.py:830} INFO - Processing file /home/airflow/.local/lib/python3.11/site-packages/airflow/example_dags/tutorial_dag.py for tasks to queue
[2024-07-13T00:48:30.746+0000] {logging_mixin.py:188} INFO - [2024-07-13T00:48:30.746+0000] {dagbag.py:545} INFO - Filling up the DagBag from /home/airflow/.local/lib/python3.11/site-packages/airflow/example_dags/tutorial_dag.py
[2024-07-13T00:48:30.757+0000] {processor.py:840} INFO - DAG(s) 'tutorial_dag' retrieved from /home/airflow/.local/lib/python3.11/site-packages/airflow/example_dags/tutorial_dag.py
[2024-07-13T00:48:30.796+0000] {logging_mixin.py:188} INFO - [2024-07-13T00:48:30.795+0000] {dag.py:3096} INFO - Sync 1 DAGs
[2024-07-13T00:48:30.822+0000] {logging_mixin.py:188} INFO - [2024-07-13T00:48:30.821+0000] {dag.py:3954} INFO - Setting next_dagrun for tutorial_dag to None, run_after=None
[2024-07-13T00:48:30.849+0000] {processor.py:183} INFO - Processing /home/airflow/.local/lib/python3.11/site-packages/airflow/example_dags/tutorial_dag.py took 0.119 seconds
[2024-07-13T00:49:05.553+0000] {processor.py:161} INFO - Started process (PID=616) to work on /home/airflow/.local/lib/python3.11/site-packages/airflow/example_dags/tutorial_dag.py
[2024-07-13T00:49:05.555+0000] {processor.py:830} INFO - Processing file /home/airflow/.local/lib/python3.11/site-packages/airflow/example_dags/tutorial_dag.py for tasks to queue
[2024-07-13T00:49:05.558+0000] {logging_mixin.py:188} INFO - [2024-07-13T00:49:05.558+0000] {dagbag.py:545} INFO - Filling up the DagBag from /home/airflow/.local/lib/python3.11/site-packages/airflow/example_dags/tutorial_dag.py
[2024-07-13T00:49:05.570+0000] {processor.py:840} INFO - DAG(s) 'tutorial_dag' retrieved from /home/airflow/.local/lib/python3.11/site-packages/airflow/example_dags/tutorial_dag.py
[2024-07-13T00:49:05.608+0000] {logging_mixin.py:188} INFO - [2024-07-13T00:49:05.607+0000] {dag.py:3096} INFO - Sync 1 DAGs
[2024-07-13T00:49:05.632+0000] {logging_mixin.py:188} INFO - [2024-07-13T00:49:05.632+0000] {dag.py:3954} INFO - Setting next_dagrun for tutorial_dag to None, run_after=None
[2024-07-13T00:49:05.665+0000] {processor.py:183} INFO - Processing /home/airflow/.local/lib/python3.11/site-packages/airflow/example_dags/tutorial_dag.py took 0.124 seconds
[2024-07-13T00:49:39.337+0000] {processor.py:161} INFO - Started process (PID=678) to work on /home/airflow/.local/lib/python3.11/site-packages/airflow/example_dags/tutorial_dag.py
[2024-07-13T00:49:39.340+0000] {processor.py:830} INFO - Processing file /home/airflow/.local/lib/python3.11/site-packages/airflow/example_dags/tutorial_dag.py for tasks to queue
[2024-07-13T00:49:39.344+0000] {logging_mixin.py:188} INFO - [2024-07-13T00:49:39.343+0000] {dagbag.py:545} INFO - Filling up the DagBag from /home/airflow/.local/lib/python3.11/site-packages/airflow/example_dags/tutorial_dag.py
[2024-07-13T00:49:39.356+0000] {processor.py:840} INFO - DAG(s) 'tutorial_dag' retrieved from /home/airflow/.local/lib/python3.11/site-packages/airflow/example_dags/tutorial_dag.py
[2024-07-13T00:49:39.394+0000] {logging_mixin.py:188} INFO - [2024-07-13T00:49:39.394+0000] {dag.py:3096} INFO - Sync 1 DAGs
[2024-07-13T00:49:39.421+0000] {logging_mixin.py:188} INFO - [2024-07-13T00:49:39.421+0000] {dag.py:3954} INFO - Setting next_dagrun for tutorial_dag to None, run_after=None
[2024-07-13T00:49:39.447+0000] {processor.py:183} INFO - Processing /home/airflow/.local/lib/python3.11/site-packages/airflow/example_dags/tutorial_dag.py took 0.124 seconds
[2024-07-13T00:50:13.680+0000] {processor.py:161} INFO - Started process (PID=744) to work on /home/airflow/.local/lib/python3.11/site-packages/airflow/example_dags/tutorial_dag.py
[2024-07-13T00:50:13.682+0000] {processor.py:830} INFO - Processing file /home/airflow/.local/lib/python3.11/site-packages/airflow/example_dags/tutorial_dag.py for tasks to queue
[2024-07-13T00:50:13.686+0000] {logging_mixin.py:188} INFO - [2024-07-13T00:50:13.685+0000] {dagbag.py:545} INFO - Filling up the DagBag from /home/airflow/.local/lib/python3.11/site-packages/airflow/example_dags/tutorial_dag.py
[2024-07-13T00:50:13.700+0000] {processor.py:840} INFO - DAG(s) 'tutorial_dag' retrieved from /home/airflow/.local/lib/python3.11/site-packages/airflow/example_dags/tutorial_dag.py
[2024-07-13T00:50:13.739+0000] {logging_mixin.py:188} INFO - [2024-07-13T00:50:13.738+0000] {dag.py:3096} INFO - Sync 1 DAGs
[2024-07-13T00:50:13.758+0000] {logging_mixin.py:188} INFO - [2024-07-13T00:50:13.758+0000] {dag.py:3954} INFO - Setting next_dagrun for tutorial_dag to None, run_after=None
[2024-07-13T00:50:13.788+0000] {processor.py:183} INFO - Processing /home/airflow/.local/lib/python3.11/site-packages/airflow/example_dags/tutorial_dag.py took 0.122 seconds
[2024-07-13T00:50:46.506+0000] {processor.py:161} INFO - Started process (PID=812) to work on /home/airflow/.local/lib/python3.11/site-packages/airflow/example_dags/tutorial_dag.py
[2024-07-13T00:50:46.509+0000] {processor.py:830} INFO - Processing file /home/airflow/.local/lib/python3.11/site-packages/airflow/example_dags/tutorial_dag.py for tasks to queue
[2024-07-13T00:50:46.513+0000] {logging_mixin.py:188} INFO - [2024-07-13T00:50:46.512+0000] {dagbag.py:545} INFO - Filling up the DagBag from /home/airflow/.local/lib/python3.11/site-packages/airflow/example_dags/tutorial_dag.py
[2024-07-13T00:50:46.527+0000] {processor.py:840} INFO - DAG(s) 'tutorial_dag' retrieved from /home/airflow/.local/lib/python3.11/site-packages/airflow/example_dags/tutorial_dag.py
[2024-07-13T00:50:46.574+0000] {logging_mixin.py:188} INFO - [2024-07-13T00:50:46.573+0000] {dag.py:3096} INFO - Sync 1 DAGs
[2024-07-13T00:50:46.602+0000] {logging_mixin.py:188} INFO - [2024-07-13T00:50:46.601+0000] {dag.py:3954} INFO - Setting next_dagrun for tutorial_dag to None, run_after=None
[2024-07-13T00:50:46.631+0000] {processor.py:183} INFO - Processing /home/airflow/.local/lib/python3.11/site-packages/airflow/example_dags/tutorial_dag.py took 0.141 seconds
[2024-07-13T00:51:20.240+0000] {processor.py:161} INFO - Started process (PID=874) to work on /home/airflow/.local/lib/python3.11/site-packages/airflow/example_dags/tutorial_dag.py
[2024-07-13T00:51:20.242+0000] {processor.py:830} INFO - Processing file /home/airflow/.local/lib/python3.11/site-packages/airflow/example_dags/tutorial_dag.py for tasks to queue
[2024-07-13T00:51:20.245+0000] {logging_mixin.py:188} INFO - [2024-07-13T00:51:20.245+0000] {dagbag.py:545} INFO - Filling up the DagBag from /home/airflow/.local/lib/python3.11/site-packages/airflow/example_dags/tutorial_dag.py
[2024-07-13T00:51:20.256+0000] {processor.py:840} INFO - DAG(s) 'tutorial_dag' retrieved from /home/airflow/.local/lib/python3.11/site-packages/airflow/example_dags/tutorial_dag.py
[2024-07-13T00:51:20.296+0000] {logging_mixin.py:188} INFO - [2024-07-13T00:51:20.296+0000] {dag.py:3096} INFO - Sync 1 DAGs
[2024-07-13T00:51:20.315+0000] {logging_mixin.py:188} INFO - [2024-07-13T00:51:20.315+0000] {dag.py:3954} INFO - Setting next_dagrun for tutorial_dag to None, run_after=None
[2024-07-13T00:51:20.341+0000] {processor.py:183} INFO - Processing /home/airflow/.local/lib/python3.11/site-packages/airflow/example_dags/tutorial_dag.py took 0.115 seconds
[2024-07-13T00:51:53.469+0000] {processor.py:161} INFO - Started process (PID=936) to work on /home/airflow/.local/lib/python3.11/site-packages/airflow/example_dags/tutorial_dag.py
[2024-07-13T00:51:53.472+0000] {processor.py:830} INFO - Processing file /home/airflow/.local/lib/python3.11/site-packages/airflow/example_dags/tutorial_dag.py for tasks to queue
[2024-07-13T00:51:53.476+0000] {logging_mixin.py:188} INFO - [2024-07-13T00:51:53.475+0000] {dagbag.py:545} INFO - Filling up the DagBag from /home/airflow/.local/lib/python3.11/site-packages/airflow/example_dags/tutorial_dag.py
[2024-07-13T00:51:53.489+0000] {processor.py:840} INFO - DAG(s) 'tutorial_dag' retrieved from /home/airflow/.local/lib/python3.11/site-packages/airflow/example_dags/tutorial_dag.py
[2024-07-13T00:51:53.531+0000] {logging_mixin.py:188} INFO - [2024-07-13T00:51:53.530+0000] {dag.py:3096} INFO - Sync 1 DAGs
[2024-07-13T00:51:53.556+0000] {logging_mixin.py:188} INFO - [2024-07-13T00:51:53.556+0000] {dag.py:3954} INFO - Setting next_dagrun for tutorial_dag to None, run_after=None
[2024-07-13T00:51:53.592+0000] {processor.py:183} INFO - Processing /home/airflow/.local/lib/python3.11/site-packages/airflow/example_dags/tutorial_dag.py took 0.137 seconds
[2024-07-13T00:52:26.365+0000] {processor.py:161} INFO - Started process (PID=999) to work on /home/airflow/.local/lib/python3.11/site-packages/airflow/example_dags/tutorial_dag.py
[2024-07-13T00:52:26.367+0000] {processor.py:830} INFO - Processing file /home/airflow/.local/lib/python3.11/site-packages/airflow/example_dags/tutorial_dag.py for tasks to queue
[2024-07-13T00:52:26.372+0000] {logging_mixin.py:188} INFO - [2024-07-13T00:52:26.371+0000] {dagbag.py:545} INFO - Filling up the DagBag from /home/airflow/.local/lib/python3.11/site-packages/airflow/example_dags/tutorial_dag.py
[2024-07-13T00:52:26.387+0000] {processor.py:840} INFO - DAG(s) 'tutorial_dag' retrieved from /home/airflow/.local/lib/python3.11/site-packages/airflow/example_dags/tutorial_dag.py
[2024-07-13T00:52:26.430+0000] {logging_mixin.py:188} INFO - [2024-07-13T00:52:26.430+0000] {dag.py:3096} INFO - Sync 1 DAGs
[2024-07-13T00:52:26.458+0000] {logging_mixin.py:188} INFO - [2024-07-13T00:52:26.457+0000] {dag.py:3954} INFO - Setting next_dagrun for tutorial_dag to None, run_after=None
[2024-07-13T00:52:26.490+0000] {processor.py:183} INFO - Processing /home/airflow/.local/lib/python3.11/site-packages/airflow/example_dags/tutorial_dag.py took 0.143 seconds
[2024-07-13T00:52:59.046+0000] {processor.py:161} INFO - Started process (PID=1062) to work on /home/airflow/.local/lib/python3.11/site-packages/airflow/example_dags/tutorial_dag.py
[2024-07-13T00:52:59.049+0000] {processor.py:830} INFO - Processing file /home/airflow/.local/lib/python3.11/site-packages/airflow/example_dags/tutorial_dag.py for tasks to queue
[2024-07-13T00:52:59.053+0000] {logging_mixin.py:188} INFO - [2024-07-13T00:52:59.052+0000] {dagbag.py:545} INFO - Filling up the DagBag from /home/airflow/.local/lib/python3.11/site-packages/airflow/example_dags/tutorial_dag.py
[2024-07-13T00:52:59.066+0000] {processor.py:840} INFO - DAG(s) 'tutorial_dag' retrieved from /home/airflow/.local/lib/python3.11/site-packages/airflow/example_dags/tutorial_dag.py
[2024-07-13T00:52:59.108+0000] {logging_mixin.py:188} INFO - [2024-07-13T00:52:59.107+0000] {dag.py:3096} INFO - Sync 1 DAGs
[2024-07-13T00:52:59.134+0000] {logging_mixin.py:188} INFO - [2024-07-13T00:52:59.134+0000] {dag.py:3954} INFO - Setting next_dagrun for tutorial_dag to None, run_after=None
[2024-07-13T00:52:59.165+0000] {processor.py:183} INFO - Processing /home/airflow/.local/lib/python3.11/site-packages/airflow/example_dags/tutorial_dag.py took 0.133 seconds
[2024-07-13T00:53:32.013+0000] {processor.py:161} INFO - Started process (PID=1124) to work on /home/airflow/.local/lib/python3.11/site-packages/airflow/example_dags/tutorial_dag.py
[2024-07-13T00:53:32.016+0000] {processor.py:830} INFO - Processing file /home/airflow/.local/lib/python3.11/site-packages/airflow/example_dags/tutorial_dag.py for tasks to queue
[2024-07-13T00:53:32.020+0000] {logging_mixin.py:188} INFO - [2024-07-13T00:53:32.019+0000] {dagbag.py:545} INFO - Filling up the DagBag from /home/airflow/.local/lib/python3.11/site-packages/airflow/example_dags/tutorial_dag.py
[2024-07-13T00:53:32.034+0000] {processor.py:840} INFO - DAG(s) 'tutorial_dag' retrieved from /home/airflow/.local/lib/python3.11/site-packages/airflow/example_dags/tutorial_dag.py
[2024-07-13T00:53:32.077+0000] {logging_mixin.py:188} INFO - [2024-07-13T00:53:32.076+0000] {dag.py:3096} INFO - Sync 1 DAGs
[2024-07-13T00:53:32.108+0000] {logging_mixin.py:188} INFO - [2024-07-13T00:53:32.107+0000] {dag.py:3954} INFO - Setting next_dagrun for tutorial_dag to None, run_after=None
[2024-07-13T00:53:32.164+0000] {processor.py:183} INFO - Processing /home/airflow/.local/lib/python3.11/site-packages/airflow/example_dags/tutorial_dag.py took 0.166 seconds
[2024-07-13T00:54:04.742+0000] {processor.py:161} INFO - Started process (PID=1186) to work on /home/airflow/.local/lib/python3.11/site-packages/airflow/example_dags/tutorial_dag.py
[2024-07-13T00:54:04.745+0000] {processor.py:830} INFO - Processing file /home/airflow/.local/lib/python3.11/site-packages/airflow/example_dags/tutorial_dag.py for tasks to queue
[2024-07-13T00:54:04.749+0000] {logging_mixin.py:188} INFO - [2024-07-13T00:54:04.748+0000] {dagbag.py:545} INFO - Filling up the DagBag from /home/airflow/.local/lib/python3.11/site-packages/airflow/example_dags/tutorial_dag.py
[2024-07-13T00:54:04.762+0000] {processor.py:840} INFO - DAG(s) 'tutorial_dag' retrieved from /home/airflow/.local/lib/python3.11/site-packages/airflow/example_dags/tutorial_dag.py
[2024-07-13T00:54:04.804+0000] {logging_mixin.py:188} INFO - [2024-07-13T00:54:04.803+0000] {dag.py:3096} INFO - Sync 1 DAGs
[2024-07-13T00:54:04.835+0000] {logging_mixin.py:188} INFO - [2024-07-13T00:54:04.834+0000] {dag.py:3954} INFO - Setting next_dagrun for tutorial_dag to None, run_after=None
[2024-07-13T00:54:04.869+0000] {processor.py:183} INFO - Processing /home/airflow/.local/lib/python3.11/site-packages/airflow/example_dags/tutorial_dag.py took 0.140 seconds
[2024-07-13T00:54:37.803+0000] {processor.py:161} INFO - Started process (PID=1248) to work on /home/airflow/.local/lib/python3.11/site-packages/airflow/example_dags/tutorial_dag.py
[2024-07-13T00:54:37.805+0000] {processor.py:830} INFO - Processing file /home/airflow/.local/lib/python3.11/site-packages/airflow/example_dags/tutorial_dag.py for tasks to queue
[2024-07-13T00:54:37.808+0000] {logging_mixin.py:188} INFO - [2024-07-13T00:54:37.808+0000] {dagbag.py:545} INFO - Filling up the DagBag from /home/airflow/.local/lib/python3.11/site-packages/airflow/example_dags/tutorial_dag.py
[2024-07-13T00:54:37.820+0000] {processor.py:840} INFO - DAG(s) 'tutorial_dag' retrieved from /home/airflow/.local/lib/python3.11/site-packages/airflow/example_dags/tutorial_dag.py
[2024-07-13T00:54:37.864+0000] {logging_mixin.py:188} INFO - [2024-07-13T00:54:37.863+0000] {dag.py:3096} INFO - Sync 1 DAGs
[2024-07-13T00:54:37.888+0000] {logging_mixin.py:188} INFO - [2024-07-13T00:54:37.888+0000] {dag.py:3954} INFO - Setting next_dagrun for tutorial_dag to None, run_after=None
[2024-07-13T00:54:37.927+0000] {processor.py:183} INFO - Processing /home/airflow/.local/lib/python3.11/site-packages/airflow/example_dags/tutorial_dag.py took 0.137 seconds
[2024-07-13T00:55:10.664+0000] {processor.py:161} INFO - Started process (PID=1310) to work on /home/airflow/.local/lib/python3.11/site-packages/airflow/example_dags/tutorial_dag.py
[2024-07-13T00:55:10.665+0000] {processor.py:830} INFO - Processing file /home/airflow/.local/lib/python3.11/site-packages/airflow/example_dags/tutorial_dag.py for tasks to queue
[2024-07-13T00:55:10.669+0000] {logging_mixin.py:188} INFO - [2024-07-13T00:55:10.668+0000] {dagbag.py:545} INFO - Filling up the DagBag from /home/airflow/.local/lib/python3.11/site-packages/airflow/example_dags/tutorial_dag.py
[2024-07-13T00:55:10.681+0000] {processor.py:840} INFO - DAG(s) 'tutorial_dag' retrieved from /home/airflow/.local/lib/python3.11/site-packages/airflow/example_dags/tutorial_dag.py
[2024-07-13T00:55:10.724+0000] {logging_mixin.py:188} INFO - [2024-07-13T00:55:10.723+0000] {dag.py:3096} INFO - Sync 1 DAGs
[2024-07-13T00:55:10.750+0000] {logging_mixin.py:188} INFO - [2024-07-13T00:55:10.750+0000] {dag.py:3954} INFO - Setting next_dagrun for tutorial_dag to None, run_after=None
[2024-07-13T00:55:10.788+0000] {processor.py:183} INFO - Processing /home/airflow/.local/lib/python3.11/site-packages/airflow/example_dags/tutorial_dag.py took 0.138 seconds
[2024-07-13T00:58:59.497+0000] {processor.py:161} INFO - Started process (PID=55) to work on /home/airflow/.local/lib/python3.11/site-packages/airflow/example_dags/tutorial_dag.py
[2024-07-13T00:58:59.500+0000] {processor.py:830} INFO - Processing file /home/airflow/.local/lib/python3.11/site-packages/airflow/example_dags/tutorial_dag.py for tasks to queue
[2024-07-13T00:58:59.504+0000] {logging_mixin.py:188} INFO - [2024-07-13T00:58:59.503+0000] {dagbag.py:545} INFO - Filling up the DagBag from /home/airflow/.local/lib/python3.11/site-packages/airflow/example_dags/tutorial_dag.py
[2024-07-13T00:58:59.522+0000] {processor.py:840} INFO - DAG(s) 'tutorial_dag' retrieved from /home/airflow/.local/lib/python3.11/site-packages/airflow/example_dags/tutorial_dag.py
[2024-07-13T00:58:59.770+0000] {logging_mixin.py:188} INFO - [2024-07-13T00:58:59.769+0000] {dag.py:3096} INFO - Sync 1 DAGs
[2024-07-13T00:58:59.795+0000] {logging_mixin.py:188} INFO - [2024-07-13T00:58:59.794+0000] {dag.py:3954} INFO - Setting next_dagrun for tutorial_dag to None, run_after=None
[2024-07-13T00:58:59.837+0000] {processor.py:183} INFO - Processing /home/airflow/.local/lib/python3.11/site-packages/airflow/example_dags/tutorial_dag.py took 0.357 seconds
[2024-07-13T00:59:30.581+0000] {processor.py:161} INFO - Started process (PID=117) to work on /home/airflow/.local/lib/python3.11/site-packages/airflow/example_dags/tutorial_dag.py
[2024-07-13T00:59:30.583+0000] {processor.py:830} INFO - Processing file /home/airflow/.local/lib/python3.11/site-packages/airflow/example_dags/tutorial_dag.py for tasks to queue
[2024-07-13T00:59:30.587+0000] {logging_mixin.py:188} INFO - [2024-07-13T00:59:30.586+0000] {dagbag.py:545} INFO - Filling up the DagBag from /home/airflow/.local/lib/python3.11/site-packages/airflow/example_dags/tutorial_dag.py
[2024-07-13T00:59:30.601+0000] {processor.py:840} INFO - DAG(s) 'tutorial_dag' retrieved from /home/airflow/.local/lib/python3.11/site-packages/airflow/example_dags/tutorial_dag.py
[2024-07-13T00:59:30.649+0000] {logging_mixin.py:188} INFO - [2024-07-13T00:59:30.648+0000] {dag.py:3096} INFO - Sync 1 DAGs
[2024-07-13T00:59:30.677+0000] {logging_mixin.py:188} INFO - [2024-07-13T00:59:30.676+0000] {dag.py:3954} INFO - Setting next_dagrun for tutorial_dag to None, run_after=None
[2024-07-13T00:59:30.713+0000] {processor.py:183} INFO - Processing /home/airflow/.local/lib/python3.11/site-packages/airflow/example_dags/tutorial_dag.py took 0.146 seconds
[2024-07-13T01:00:03.457+0000] {processor.py:161} INFO - Started process (PID=178) to work on /home/airflow/.local/lib/python3.11/site-packages/airflow/example_dags/tutorial_dag.py
[2024-07-13T01:00:03.459+0000] {processor.py:830} INFO - Processing file /home/airflow/.local/lib/python3.11/site-packages/airflow/example_dags/tutorial_dag.py for tasks to queue
[2024-07-13T01:00:03.463+0000] {logging_mixin.py:188} INFO - [2024-07-13T01:00:03.462+0000] {dagbag.py:545} INFO - Filling up the DagBag from /home/airflow/.local/lib/python3.11/site-packages/airflow/example_dags/tutorial_dag.py
[2024-07-13T01:00:03.474+0000] {processor.py:840} INFO - DAG(s) 'tutorial_dag' retrieved from /home/airflow/.local/lib/python3.11/site-packages/airflow/example_dags/tutorial_dag.py
[2024-07-13T01:00:03.513+0000] {logging_mixin.py:188} INFO - [2024-07-13T01:00:03.512+0000] {dag.py:3096} INFO - Sync 1 DAGs
[2024-07-13T01:00:03.534+0000] {logging_mixin.py:188} INFO - [2024-07-13T01:00:03.534+0000] {dag.py:3954} INFO - Setting next_dagrun for tutorial_dag to None, run_after=None
[2024-07-13T01:00:03.563+0000] {processor.py:183} INFO - Processing /home/airflow/.local/lib/python3.11/site-packages/airflow/example_dags/tutorial_dag.py took 0.119 seconds
[2024-07-13T01:00:36.277+0000] {processor.py:161} INFO - Started process (PID=240) to work on /home/airflow/.local/lib/python3.11/site-packages/airflow/example_dags/tutorial_dag.py
[2024-07-13T01:00:36.279+0000] {processor.py:830} INFO - Processing file /home/airflow/.local/lib/python3.11/site-packages/airflow/example_dags/tutorial_dag.py for tasks to queue
[2024-07-13T01:00:36.283+0000] {logging_mixin.py:188} INFO - [2024-07-13T01:00:36.282+0000] {dagbag.py:545} INFO - Filling up the DagBag from /home/airflow/.local/lib/python3.11/site-packages/airflow/example_dags/tutorial_dag.py
[2024-07-13T01:00:36.296+0000] {processor.py:840} INFO - DAG(s) 'tutorial_dag' retrieved from /home/airflow/.local/lib/python3.11/site-packages/airflow/example_dags/tutorial_dag.py
[2024-07-13T01:00:36.340+0000] {logging_mixin.py:188} INFO - [2024-07-13T01:00:36.339+0000] {dag.py:3096} INFO - Sync 1 DAGs
[2024-07-13T01:00:36.365+0000] {logging_mixin.py:188} INFO - [2024-07-13T01:00:36.365+0000] {dag.py:3954} INFO - Setting next_dagrun for tutorial_dag to None, run_after=None
[2024-07-13T01:00:36.394+0000] {processor.py:183} INFO - Processing /home/airflow/.local/lib/python3.11/site-packages/airflow/example_dags/tutorial_dag.py took 0.129 seconds
[2024-07-13T01:01:09.581+0000] {processor.py:161} INFO - Started process (PID=308) to work on /home/airflow/.local/lib/python3.11/site-packages/airflow/example_dags/tutorial_dag.py
[2024-07-13T01:01:09.583+0000] {processor.py:830} INFO - Processing file /home/airflow/.local/lib/python3.11/site-packages/airflow/example_dags/tutorial_dag.py for tasks to queue
[2024-07-13T01:01:09.587+0000] {logging_mixin.py:188} INFO - [2024-07-13T01:01:09.586+0000] {dagbag.py:545} INFO - Filling up the DagBag from /home/airflow/.local/lib/python3.11/site-packages/airflow/example_dags/tutorial_dag.py
[2024-07-13T01:01:09.600+0000] {processor.py:840} INFO - DAG(s) 'tutorial_dag' retrieved from /home/airflow/.local/lib/python3.11/site-packages/airflow/example_dags/tutorial_dag.py
[2024-07-13T01:01:09.647+0000] {logging_mixin.py:188} INFO - [2024-07-13T01:01:09.646+0000] {dag.py:3096} INFO - Sync 1 DAGs
[2024-07-13T01:01:09.671+0000] {logging_mixin.py:188} INFO - [2024-07-13T01:01:09.670+0000] {dag.py:3954} INFO - Setting next_dagrun for tutorial_dag to None, run_after=None
[2024-07-13T01:01:09.713+0000] {processor.py:183} INFO - Processing /home/airflow/.local/lib/python3.11/site-packages/airflow/example_dags/tutorial_dag.py took 0.146 seconds
[2024-07-13T01:01:43.057+0000] {processor.py:161} INFO - Started process (PID=370) to work on /home/airflow/.local/lib/python3.11/site-packages/airflow/example_dags/tutorial_dag.py
[2024-07-13T01:01:43.060+0000] {processor.py:830} INFO - Processing file /home/airflow/.local/lib/python3.11/site-packages/airflow/example_dags/tutorial_dag.py for tasks to queue
[2024-07-13T01:01:43.064+0000] {logging_mixin.py:188} INFO - [2024-07-13T01:01:43.063+0000] {dagbag.py:545} INFO - Filling up the DagBag from /home/airflow/.local/lib/python3.11/site-packages/airflow/example_dags/tutorial_dag.py
[2024-07-13T01:01:43.076+0000] {processor.py:840} INFO - DAG(s) 'tutorial_dag' retrieved from /home/airflow/.local/lib/python3.11/site-packages/airflow/example_dags/tutorial_dag.py
[2024-07-13T01:01:43.127+0000] {logging_mixin.py:188} INFO - [2024-07-13T01:01:43.126+0000] {dag.py:3096} INFO - Sync 1 DAGs
[2024-07-13T01:01:43.152+0000] {logging_mixin.py:188} INFO - [2024-07-13T01:01:43.152+0000] {dag.py:3954} INFO - Setting next_dagrun for tutorial_dag to None, run_after=None
[2024-07-13T01:01:43.187+0000] {processor.py:183} INFO - Processing /home/airflow/.local/lib/python3.11/site-packages/airflow/example_dags/tutorial_dag.py took 0.145 seconds
[2024-07-13T01:02:17.144+0000] {processor.py:161} INFO - Started process (PID=431) to work on /home/airflow/.local/lib/python3.11/site-packages/airflow/example_dags/tutorial_dag.py
[2024-07-13T01:02:17.146+0000] {processor.py:830} INFO - Processing file /home/airflow/.local/lib/python3.11/site-packages/airflow/example_dags/tutorial_dag.py for tasks to queue
[2024-07-13T01:02:17.150+0000] {logging_mixin.py:188} INFO - [2024-07-13T01:02:17.149+0000] {dagbag.py:545} INFO - Filling up the DagBag from /home/airflow/.local/lib/python3.11/site-packages/airflow/example_dags/tutorial_dag.py
[2024-07-13T01:02:17.164+0000] {processor.py:840} INFO - DAG(s) 'tutorial_dag' retrieved from /home/airflow/.local/lib/python3.11/site-packages/airflow/example_dags/tutorial_dag.py
[2024-07-13T01:02:17.214+0000] {logging_mixin.py:188} INFO - [2024-07-13T01:02:17.213+0000] {dag.py:3096} INFO - Sync 1 DAGs
[2024-07-13T01:02:17.241+0000] {logging_mixin.py:188} INFO - [2024-07-13T01:02:17.241+0000] {dag.py:3954} INFO - Setting next_dagrun for tutorial_dag to None, run_after=None
[2024-07-13T01:02:17.291+0000] {processor.py:183} INFO - Processing /home/airflow/.local/lib/python3.11/site-packages/airflow/example_dags/tutorial_dag.py took 0.163 seconds
[2024-07-13T01:02:50.912+0000] {processor.py:161} INFO - Started process (PID=493) to work on /home/airflow/.local/lib/python3.11/site-packages/airflow/example_dags/tutorial_dag.py
[2024-07-13T01:02:50.915+0000] {processor.py:830} INFO - Processing file /home/airflow/.local/lib/python3.11/site-packages/airflow/example_dags/tutorial_dag.py for tasks to queue
[2024-07-13T01:02:50.918+0000] {logging_mixin.py:188} INFO - [2024-07-13T01:02:50.917+0000] {dagbag.py:545} INFO - Filling up the DagBag from /home/airflow/.local/lib/python3.11/site-packages/airflow/example_dags/tutorial_dag.py
[2024-07-13T01:02:50.929+0000] {processor.py:840} INFO - DAG(s) 'tutorial_dag' retrieved from /home/airflow/.local/lib/python3.11/site-packages/airflow/example_dags/tutorial_dag.py
[2024-07-13T01:02:50.969+0000] {logging_mixin.py:188} INFO - [2024-07-13T01:02:50.968+0000] {dag.py:3096} INFO - Sync 1 DAGs
[2024-07-13T01:02:50.994+0000] {logging_mixin.py:188} INFO - [2024-07-13T01:02:50.993+0000] {dag.py:3954} INFO - Setting next_dagrun for tutorial_dag to None, run_after=None
[2024-07-13T01:02:51.035+0000] {processor.py:183} INFO - Processing /home/airflow/.local/lib/python3.11/site-packages/airflow/example_dags/tutorial_dag.py took 0.136 seconds
[2024-07-13T01:03:25.936+0000] {processor.py:161} INFO - Started process (PID=555) to work on /home/airflow/.local/lib/python3.11/site-packages/airflow/example_dags/tutorial_dag.py
[2024-07-13T01:03:25.938+0000] {processor.py:830} INFO - Processing file /home/airflow/.local/lib/python3.11/site-packages/airflow/example_dags/tutorial_dag.py for tasks to queue
[2024-07-13T01:03:25.942+0000] {logging_mixin.py:188} INFO - [2024-07-13T01:03:25.942+0000] {dagbag.py:545} INFO - Filling up the DagBag from /home/airflow/.local/lib/python3.11/site-packages/airflow/example_dags/tutorial_dag.py
[2024-07-13T01:03:25.956+0000] {processor.py:840} INFO - DAG(s) 'tutorial_dag' retrieved from /home/airflow/.local/lib/python3.11/site-packages/airflow/example_dags/tutorial_dag.py
[2024-07-13T01:03:26.007+0000] {logging_mixin.py:188} INFO - [2024-07-13T01:03:26.005+0000] {dag.py:3096} INFO - Sync 1 DAGs
[2024-07-13T01:03:26.040+0000] {logging_mixin.py:188} INFO - [2024-07-13T01:03:26.040+0000] {dag.py:3954} INFO - Setting next_dagrun for tutorial_dag to None, run_after=None
[2024-07-13T01:03:26.092+0000] {processor.py:183} INFO - Processing /home/airflow/.local/lib/python3.11/site-packages/airflow/example_dags/tutorial_dag.py took 0.170 seconds
[2024-07-13T01:03:59.965+0000] {processor.py:161} INFO - Started process (PID=618) to work on /home/airflow/.local/lib/python3.11/site-packages/airflow/example_dags/tutorial_dag.py
[2024-07-13T01:03:59.968+0000] {processor.py:830} INFO - Processing file /home/airflow/.local/lib/python3.11/site-packages/airflow/example_dags/tutorial_dag.py for tasks to queue
[2024-07-13T01:03:59.973+0000] {logging_mixin.py:188} INFO - [2024-07-13T01:03:59.972+0000] {dagbag.py:545} INFO - Filling up the DagBag from /home/airflow/.local/lib/python3.11/site-packages/airflow/example_dags/tutorial_dag.py
[2024-07-13T01:03:59.989+0000] {processor.py:840} INFO - DAG(s) 'tutorial_dag' retrieved from /home/airflow/.local/lib/python3.11/site-packages/airflow/example_dags/tutorial_dag.py
[2024-07-13T01:04:00.040+0000] {logging_mixin.py:188} INFO - [2024-07-13T01:04:00.038+0000] {dag.py:3096} INFO - Sync 1 DAGs
[2024-07-13T01:04:00.069+0000] {logging_mixin.py:188} INFO - [2024-07-13T01:04:00.068+0000] {dag.py:3954} INFO - Setting next_dagrun for tutorial_dag to None, run_after=None
[2024-07-13T01:04:00.103+0000] {processor.py:183} INFO - Processing /home/airflow/.local/lib/python3.11/site-packages/airflow/example_dags/tutorial_dag.py took 0.154 seconds
[2024-07-13T01:04:33.354+0000] {processor.py:161} INFO - Started process (PID=680) to work on /home/airflow/.local/lib/python3.11/site-packages/airflow/example_dags/tutorial_dag.py
[2024-07-13T01:04:33.356+0000] {processor.py:830} INFO - Processing file /home/airflow/.local/lib/python3.11/site-packages/airflow/example_dags/tutorial_dag.py for tasks to queue
[2024-07-13T01:04:33.361+0000] {logging_mixin.py:188} INFO - [2024-07-13T01:04:33.360+0000] {dagbag.py:545} INFO - Filling up the DagBag from /home/airflow/.local/lib/python3.11/site-packages/airflow/example_dags/tutorial_dag.py
[2024-07-13T01:04:33.375+0000] {processor.py:840} INFO - DAG(s) 'tutorial_dag' retrieved from /home/airflow/.local/lib/python3.11/site-packages/airflow/example_dags/tutorial_dag.py
[2024-07-13T01:04:33.411+0000] {logging_mixin.py:188} INFO - [2024-07-13T01:04:33.410+0000] {dag.py:3096} INFO - Sync 1 DAGs
[2024-07-13T01:04:33.431+0000] {logging_mixin.py:188} INFO - [2024-07-13T01:04:33.430+0000] {dag.py:3954} INFO - Setting next_dagrun for tutorial_dag to None, run_after=None
[2024-07-13T01:04:33.464+0000] {processor.py:183} INFO - Processing /home/airflow/.local/lib/python3.11/site-packages/airflow/example_dags/tutorial_dag.py took 0.124 seconds
[2024-07-13T01:05:06.508+0000] {processor.py:161} INFO - Started process (PID=742) to work on /home/airflow/.local/lib/python3.11/site-packages/airflow/example_dags/tutorial_dag.py
[2024-07-13T01:05:06.510+0000] {processor.py:830} INFO - Processing file /home/airflow/.local/lib/python3.11/site-packages/airflow/example_dags/tutorial_dag.py for tasks to queue
[2024-07-13T01:05:06.514+0000] {logging_mixin.py:188} INFO - [2024-07-13T01:05:06.513+0000] {dagbag.py:545} INFO - Filling up the DagBag from /home/airflow/.local/lib/python3.11/site-packages/airflow/example_dags/tutorial_dag.py
[2024-07-13T01:05:06.525+0000] {processor.py:840} INFO - DAG(s) 'tutorial_dag' retrieved from /home/airflow/.local/lib/python3.11/site-packages/airflow/example_dags/tutorial_dag.py
[2024-07-13T01:05:06.564+0000] {logging_mixin.py:188} INFO - [2024-07-13T01:05:06.563+0000] {dag.py:3096} INFO - Sync 1 DAGs
[2024-07-13T01:05:06.587+0000] {logging_mixin.py:188} INFO - [2024-07-13T01:05:06.586+0000] {dag.py:3954} INFO - Setting next_dagrun for tutorial_dag to None, run_after=None
[2024-07-13T01:05:06.622+0000] {processor.py:183} INFO - Processing /home/airflow/.local/lib/python3.11/site-packages/airflow/example_dags/tutorial_dag.py took 0.129 seconds
[2024-07-13T01:05:42.543+0000] {processor.py:161} INFO - Started process (PID=811) to work on /home/airflow/.local/lib/python3.11/site-packages/airflow/example_dags/tutorial_dag.py
[2024-07-13T01:05:42.546+0000] {processor.py:830} INFO - Processing file /home/airflow/.local/lib/python3.11/site-packages/airflow/example_dags/tutorial_dag.py for tasks to queue
[2024-07-13T01:05:42.549+0000] {logging_mixin.py:188} INFO - [2024-07-13T01:05:42.549+0000] {dagbag.py:545} INFO - Filling up the DagBag from /home/airflow/.local/lib/python3.11/site-packages/airflow/example_dags/tutorial_dag.py
[2024-07-13T01:05:42.562+0000] {processor.py:840} INFO - DAG(s) 'tutorial_dag' retrieved from /home/airflow/.local/lib/python3.11/site-packages/airflow/example_dags/tutorial_dag.py
[2024-07-13T01:05:42.602+0000] {logging_mixin.py:188} INFO - [2024-07-13T01:05:42.601+0000] {dag.py:3096} INFO - Sync 1 DAGs
[2024-07-13T01:05:42.625+0000] {logging_mixin.py:188} INFO - [2024-07-13T01:05:42.625+0000] {dag.py:3954} INFO - Setting next_dagrun for tutorial_dag to None, run_after=None
[2024-07-13T01:05:43.151+0000] {processor.py:183} INFO - Processing /home/airflow/.local/lib/python3.11/site-packages/airflow/example_dags/tutorial_dag.py took 0.621 seconds
[2024-07-13T01:06:13.679+0000] {processor.py:161} INFO - Started process (PID=873) to work on /home/airflow/.local/lib/python3.11/site-packages/airflow/example_dags/tutorial_dag.py
[2024-07-13T01:06:13.682+0000] {processor.py:830} INFO - Processing file /home/airflow/.local/lib/python3.11/site-packages/airflow/example_dags/tutorial_dag.py for tasks to queue
[2024-07-13T01:06:13.686+0000] {logging_mixin.py:188} INFO - [2024-07-13T01:06:13.686+0000] {dagbag.py:545} INFO - Filling up the DagBag from /home/airflow/.local/lib/python3.11/site-packages/airflow/example_dags/tutorial_dag.py
[2024-07-13T01:06:13.703+0000] {processor.py:840} INFO - DAG(s) 'tutorial_dag' retrieved from /home/airflow/.local/lib/python3.11/site-packages/airflow/example_dags/tutorial_dag.py
[2024-07-13T01:06:13.755+0000] {logging_mixin.py:188} INFO - [2024-07-13T01:06:13.754+0000] {dag.py:3096} INFO - Sync 1 DAGs
[2024-07-13T01:06:13.787+0000] {logging_mixin.py:188} INFO - [2024-07-13T01:06:13.786+0000] {dag.py:3954} INFO - Setting next_dagrun for tutorial_dag to None, run_after=None
[2024-07-13T01:06:13.828+0000] {processor.py:183} INFO - Processing /home/airflow/.local/lib/python3.11/site-packages/airflow/example_dags/tutorial_dag.py took 0.167 seconds
[2024-07-13T01:06:46.183+0000] {processor.py:161} INFO - Started process (PID=935) to work on /home/airflow/.local/lib/python3.11/site-packages/airflow/example_dags/tutorial_dag.py
[2024-07-13T01:06:46.185+0000] {processor.py:830} INFO - Processing file /home/airflow/.local/lib/python3.11/site-packages/airflow/example_dags/tutorial_dag.py for tasks to queue
[2024-07-13T01:06:46.189+0000] {logging_mixin.py:188} INFO - [2024-07-13T01:06:46.188+0000] {dagbag.py:545} INFO - Filling up the DagBag from /home/airflow/.local/lib/python3.11/site-packages/airflow/example_dags/tutorial_dag.py
[2024-07-13T01:06:46.201+0000] {processor.py:840} INFO - DAG(s) 'tutorial_dag' retrieved from /home/airflow/.local/lib/python3.11/site-packages/airflow/example_dags/tutorial_dag.py
[2024-07-13T01:06:46.250+0000] {logging_mixin.py:188} INFO - [2024-07-13T01:06:46.249+0000] {dag.py:3096} INFO - Sync 1 DAGs
[2024-07-13T01:06:46.279+0000] {logging_mixin.py:188} INFO - [2024-07-13T01:06:46.278+0000] {dag.py:3954} INFO - Setting next_dagrun for tutorial_dag to None, run_after=None
[2024-07-13T01:06:46.316+0000] {processor.py:183} INFO - Processing /home/airflow/.local/lib/python3.11/site-packages/airflow/example_dags/tutorial_dag.py took 0.147 seconds
[2024-07-13T01:07:19.403+0000] {processor.py:161} INFO - Started process (PID=997) to work on /home/airflow/.local/lib/python3.11/site-packages/airflow/example_dags/tutorial_dag.py
[2024-07-13T01:07:19.404+0000] {processor.py:830} INFO - Processing file /home/airflow/.local/lib/python3.11/site-packages/airflow/example_dags/tutorial_dag.py for tasks to queue
[2024-07-13T01:07:19.407+0000] {logging_mixin.py:188} INFO - [2024-07-13T01:07:19.407+0000] {dagbag.py:545} INFO - Filling up the DagBag from /home/airflow/.local/lib/python3.11/site-packages/airflow/example_dags/tutorial_dag.py
[2024-07-13T01:07:19.418+0000] {processor.py:840} INFO - DAG(s) 'tutorial_dag' retrieved from /home/airflow/.local/lib/python3.11/site-packages/airflow/example_dags/tutorial_dag.py
[2024-07-13T01:07:19.457+0000] {logging_mixin.py:188} INFO - [2024-07-13T01:07:19.457+0000] {dag.py:3096} INFO - Sync 1 DAGs
[2024-07-13T01:07:19.480+0000] {logging_mixin.py:188} INFO - [2024-07-13T01:07:19.480+0000] {dag.py:3954} INFO - Setting next_dagrun for tutorial_dag to None, run_after=None
[2024-07-13T01:07:19.516+0000] {processor.py:183} INFO - Processing /home/airflow/.local/lib/python3.11/site-packages/airflow/example_dags/tutorial_dag.py took 0.125 seconds
[2024-07-13T01:07:53.081+0000] {processor.py:161} INFO - Started process (PID=1063) to work on /home/airflow/.local/lib/python3.11/site-packages/airflow/example_dags/tutorial_dag.py
[2024-07-13T01:07:53.083+0000] {processor.py:830} INFO - Processing file /home/airflow/.local/lib/python3.11/site-packages/airflow/example_dags/tutorial_dag.py for tasks to queue
[2024-07-13T01:07:53.086+0000] {logging_mixin.py:188} INFO - [2024-07-13T01:07:53.085+0000] {dagbag.py:545} INFO - Filling up the DagBag from /home/airflow/.local/lib/python3.11/site-packages/airflow/example_dags/tutorial_dag.py
[2024-07-13T01:07:53.096+0000] {processor.py:840} INFO - DAG(s) 'tutorial_dag' retrieved from /home/airflow/.local/lib/python3.11/site-packages/airflow/example_dags/tutorial_dag.py
[2024-07-13T01:07:53.133+0000] {logging_mixin.py:188} INFO - [2024-07-13T01:07:53.132+0000] {dag.py:3096} INFO - Sync 1 DAGs
[2024-07-13T01:07:53.155+0000] {logging_mixin.py:188} INFO - [2024-07-13T01:07:53.154+0000] {dag.py:3954} INFO - Setting next_dagrun for tutorial_dag to None, run_after=None
[2024-07-13T01:07:53.187+0000] {processor.py:183} INFO - Processing /home/airflow/.local/lib/python3.11/site-packages/airflow/example_dags/tutorial_dag.py took 0.118 seconds
[2024-07-13T01:08:26.665+0000] {processor.py:161} INFO - Started process (PID=1125) to work on /home/airflow/.local/lib/python3.11/site-packages/airflow/example_dags/tutorial_dag.py
[2024-07-13T01:08:26.667+0000] {processor.py:830} INFO - Processing file /home/airflow/.local/lib/python3.11/site-packages/airflow/example_dags/tutorial_dag.py for tasks to queue
[2024-07-13T01:08:26.670+0000] {logging_mixin.py:188} INFO - [2024-07-13T01:08:26.670+0000] {dagbag.py:545} INFO - Filling up the DagBag from /home/airflow/.local/lib/python3.11/site-packages/airflow/example_dags/tutorial_dag.py
[2024-07-13T01:08:26.681+0000] {processor.py:840} INFO - DAG(s) 'tutorial_dag' retrieved from /home/airflow/.local/lib/python3.11/site-packages/airflow/example_dags/tutorial_dag.py
[2024-07-13T01:08:26.719+0000] {logging_mixin.py:188} INFO - [2024-07-13T01:08:26.718+0000] {dag.py:3096} INFO - Sync 1 DAGs
[2024-07-13T01:08:26.743+0000] {logging_mixin.py:188} INFO - [2024-07-13T01:08:26.743+0000] {dag.py:3954} INFO - Setting next_dagrun for tutorial_dag to None, run_after=None
[2024-07-13T01:08:26.772+0000] {processor.py:183} INFO - Processing /home/airflow/.local/lib/python3.11/site-packages/airflow/example_dags/tutorial_dag.py took 0.118 seconds
[2024-07-13T01:08:59.487+0000] {processor.py:161} INFO - Started process (PID=1187) to work on /home/airflow/.local/lib/python3.11/site-packages/airflow/example_dags/tutorial_dag.py
[2024-07-13T01:08:59.489+0000] {processor.py:830} INFO - Processing file /home/airflow/.local/lib/python3.11/site-packages/airflow/example_dags/tutorial_dag.py for tasks to queue
[2024-07-13T01:08:59.493+0000] {logging_mixin.py:188} INFO - [2024-07-13T01:08:59.493+0000] {dagbag.py:545} INFO - Filling up the DagBag from /home/airflow/.local/lib/python3.11/site-packages/airflow/example_dags/tutorial_dag.py
[2024-07-13T01:08:59.509+0000] {processor.py:840} INFO - DAG(s) 'tutorial_dag' retrieved from /home/airflow/.local/lib/python3.11/site-packages/airflow/example_dags/tutorial_dag.py
[2024-07-13T01:08:59.555+0000] {logging_mixin.py:188} INFO - [2024-07-13T01:08:59.554+0000] {dag.py:3096} INFO - Sync 1 DAGs
[2024-07-13T01:08:59.577+0000] {logging_mixin.py:188} INFO - [2024-07-13T01:08:59.576+0000] {dag.py:3954} INFO - Setting next_dagrun for tutorial_dag to None, run_after=None
[2024-07-13T01:08:59.609+0000] {processor.py:183} INFO - Processing /home/airflow/.local/lib/python3.11/site-packages/airflow/example_dags/tutorial_dag.py took 0.137 seconds
[2024-07-13T01:11:18.168+0000] {processor.py:161} INFO - Started process (PID=53) to work on /home/airflow/.local/lib/python3.11/site-packages/airflow/example_dags/tutorial_dag.py
[2024-07-13T01:11:18.170+0000] {processor.py:830} INFO - Processing file /home/airflow/.local/lib/python3.11/site-packages/airflow/example_dags/tutorial_dag.py for tasks to queue
[2024-07-13T01:11:18.174+0000] {logging_mixin.py:188} INFO - [2024-07-13T01:11:18.174+0000] {dagbag.py:545} INFO - Filling up the DagBag from /home/airflow/.local/lib/python3.11/site-packages/airflow/example_dags/tutorial_dag.py
[2024-07-13T01:11:18.189+0000] {processor.py:840} INFO - DAG(s) 'tutorial_dag' retrieved from /home/airflow/.local/lib/python3.11/site-packages/airflow/example_dags/tutorial_dag.py
[2024-07-13T01:11:18.418+0000] {logging_mixin.py:188} INFO - [2024-07-13T01:11:18.417+0000] {dag.py:3096} INFO - Sync 1 DAGs
[2024-07-13T01:11:18.436+0000] {logging_mixin.py:188} INFO - [2024-07-13T01:11:18.436+0000] {dag.py:3954} INFO - Setting next_dagrun for tutorial_dag to None, run_after=None
[2024-07-13T01:11:18.473+0000] {processor.py:183} INFO - Processing /home/airflow/.local/lib/python3.11/site-packages/airflow/example_dags/tutorial_dag.py took 0.320 seconds
[2024-07-13T01:11:49.884+0000] {processor.py:161} INFO - Started process (PID=114) to work on /home/airflow/.local/lib/python3.11/site-packages/airflow/example_dags/tutorial_dag.py
[2024-07-13T01:11:49.885+0000] {processor.py:830} INFO - Processing file /home/airflow/.local/lib/python3.11/site-packages/airflow/example_dags/tutorial_dag.py for tasks to queue
[2024-07-13T01:11:49.889+0000] {logging_mixin.py:188} INFO - [2024-07-13T01:11:49.888+0000] {dagbag.py:545} INFO - Filling up the DagBag from /home/airflow/.local/lib/python3.11/site-packages/airflow/example_dags/tutorial_dag.py
[2024-07-13T01:11:49.902+0000] {processor.py:840} INFO - DAG(s) 'tutorial_dag' retrieved from /home/airflow/.local/lib/python3.11/site-packages/airflow/example_dags/tutorial_dag.py
[2024-07-13T01:11:49.946+0000] {logging_mixin.py:188} INFO - [2024-07-13T01:11:49.945+0000] {dag.py:3096} INFO - Sync 1 DAGs
[2024-07-13T01:11:49.969+0000] {logging_mixin.py:188} INFO - [2024-07-13T01:11:49.968+0000] {dag.py:3954} INFO - Setting next_dagrun for tutorial_dag to None, run_after=None
[2024-07-13T01:11:50.003+0000] {processor.py:183} INFO - Processing /home/airflow/.local/lib/python3.11/site-packages/airflow/example_dags/tutorial_dag.py took 0.133 seconds
[2024-07-13T01:12:23.797+0000] {processor.py:161} INFO - Started process (PID=176) to work on /home/airflow/.local/lib/python3.11/site-packages/airflow/example_dags/tutorial_dag.py
[2024-07-13T01:12:23.802+0000] {processor.py:830} INFO - Processing file /home/airflow/.local/lib/python3.11/site-packages/airflow/example_dags/tutorial_dag.py for tasks to queue
[2024-07-13T01:12:23.807+0000] {logging_mixin.py:188} INFO - [2024-07-13T01:12:23.806+0000] {dagbag.py:545} INFO - Filling up the DagBag from /home/airflow/.local/lib/python3.11/site-packages/airflow/example_dags/tutorial_dag.py
[2024-07-13T01:12:23.822+0000] {processor.py:840} INFO - DAG(s) 'tutorial_dag' retrieved from /home/airflow/.local/lib/python3.11/site-packages/airflow/example_dags/tutorial_dag.py
[2024-07-13T01:12:23.868+0000] {logging_mixin.py:188} INFO - [2024-07-13T01:12:23.867+0000] {dag.py:3096} INFO - Sync 1 DAGs
[2024-07-13T01:12:23.900+0000] {logging_mixin.py:188} INFO - [2024-07-13T01:12:23.900+0000] {dag.py:3954} INFO - Setting next_dagrun for tutorial_dag to None, run_after=None
[2024-07-13T01:12:23.944+0000] {processor.py:183} INFO - Processing /home/airflow/.local/lib/python3.11/site-packages/airflow/example_dags/tutorial_dag.py took 0.161 seconds
[2024-07-13T01:12:56.417+0000] {processor.py:161} INFO - Started process (PID=244) to work on /home/airflow/.local/lib/python3.11/site-packages/airflow/example_dags/tutorial_dag.py
[2024-07-13T01:12:56.419+0000] {processor.py:830} INFO - Processing file /home/airflow/.local/lib/python3.11/site-packages/airflow/example_dags/tutorial_dag.py for tasks to queue
[2024-07-13T01:12:56.423+0000] {logging_mixin.py:188} INFO - [2024-07-13T01:12:56.422+0000] {dagbag.py:545} INFO - Filling up the DagBag from /home/airflow/.local/lib/python3.11/site-packages/airflow/example_dags/tutorial_dag.py
[2024-07-13T01:12:56.442+0000] {processor.py:840} INFO - DAG(s) 'tutorial_dag' retrieved from /home/airflow/.local/lib/python3.11/site-packages/airflow/example_dags/tutorial_dag.py
[2024-07-13T01:12:56.489+0000] {logging_mixin.py:188} INFO - [2024-07-13T01:12:56.488+0000] {dag.py:3096} INFO - Sync 1 DAGs
[2024-07-13T01:12:56.515+0000] {logging_mixin.py:188} INFO - [2024-07-13T01:12:56.514+0000] {dag.py:3954} INFO - Setting next_dagrun for tutorial_dag to None, run_after=None
[2024-07-13T01:12:56.550+0000] {processor.py:183} INFO - Processing /home/airflow/.local/lib/python3.11/site-packages/airflow/example_dags/tutorial_dag.py took 0.147 seconds
[2024-07-13T01:13:31.026+0000] {processor.py:161} INFO - Started process (PID=307) to work on /home/airflow/.local/lib/python3.11/site-packages/airflow/example_dags/tutorial_dag.py
[2024-07-13T01:13:31.029+0000] {processor.py:830} INFO - Processing file /home/airflow/.local/lib/python3.11/site-packages/airflow/example_dags/tutorial_dag.py for tasks to queue
[2024-07-13T01:13:31.033+0000] {logging_mixin.py:188} INFO - [2024-07-13T01:13:31.033+0000] {dagbag.py:545} INFO - Filling up the DagBag from /home/airflow/.local/lib/python3.11/site-packages/airflow/example_dags/tutorial_dag.py
[2024-07-13T01:13:31.051+0000] {processor.py:840} INFO - DAG(s) 'tutorial_dag' retrieved from /home/airflow/.local/lib/python3.11/site-packages/airflow/example_dags/tutorial_dag.py
[2024-07-13T01:13:31.103+0000] {logging_mixin.py:188} INFO - [2024-07-13T01:13:31.102+0000] {dag.py:3096} INFO - Sync 1 DAGs
[2024-07-13T01:13:31.133+0000] {logging_mixin.py:188} INFO - [2024-07-13T01:13:31.133+0000] {dag.py:3954} INFO - Setting next_dagrun for tutorial_dag to None, run_after=None
[2024-07-13T01:13:31.172+0000] {processor.py:183} INFO - Processing /home/airflow/.local/lib/python3.11/site-packages/airflow/example_dags/tutorial_dag.py took 0.164 seconds
[2024-07-13T01:14:03.648+0000] {processor.py:161} INFO - Started process (PID=369) to work on /home/airflow/.local/lib/python3.11/site-packages/airflow/example_dags/tutorial_dag.py
[2024-07-13T01:14:03.650+0000] {processor.py:830} INFO - Processing file /home/airflow/.local/lib/python3.11/site-packages/airflow/example_dags/tutorial_dag.py for tasks to queue
[2024-07-13T01:14:03.655+0000] {logging_mixin.py:188} INFO - [2024-07-13T01:14:03.654+0000] {dagbag.py:545} INFO - Filling up the DagBag from /home/airflow/.local/lib/python3.11/site-packages/airflow/example_dags/tutorial_dag.py
[2024-07-13T01:14:03.670+0000] {processor.py:840} INFO - DAG(s) 'tutorial_dag' retrieved from /home/airflow/.local/lib/python3.11/site-packages/airflow/example_dags/tutorial_dag.py
[2024-07-13T01:14:03.713+0000] {logging_mixin.py:188} INFO - [2024-07-13T01:14:03.711+0000] {dag.py:3096} INFO - Sync 1 DAGs
[2024-07-13T01:14:03.739+0000] {logging_mixin.py:188} INFO - [2024-07-13T01:14:03.738+0000] {dag.py:3954} INFO - Setting next_dagrun for tutorial_dag to None, run_after=None
[2024-07-13T01:14:03.771+0000] {processor.py:183} INFO - Processing /home/airflow/.local/lib/python3.11/site-packages/airflow/example_dags/tutorial_dag.py took 0.139 seconds
[2024-07-13T01:14:37.784+0000] {processor.py:161} INFO - Started process (PID=431) to work on /home/airflow/.local/lib/python3.11/site-packages/airflow/example_dags/tutorial_dag.py
[2024-07-13T01:14:37.787+0000] {processor.py:830} INFO - Processing file /home/airflow/.local/lib/python3.11/site-packages/airflow/example_dags/tutorial_dag.py for tasks to queue
[2024-07-13T01:14:37.791+0000] {logging_mixin.py:188} INFO - [2024-07-13T01:14:37.790+0000] {dagbag.py:545} INFO - Filling up the DagBag from /home/airflow/.local/lib/python3.11/site-packages/airflow/example_dags/tutorial_dag.py
[2024-07-13T01:14:37.803+0000] {processor.py:840} INFO - DAG(s) 'tutorial_dag' retrieved from /home/airflow/.local/lib/python3.11/site-packages/airflow/example_dags/tutorial_dag.py
[2024-07-13T01:14:37.848+0000] {logging_mixin.py:188} INFO - [2024-07-13T01:14:37.847+0000] {dag.py:3096} INFO - Sync 1 DAGs
[2024-07-13T01:14:37.875+0000] {logging_mixin.py:188} INFO - [2024-07-13T01:14:37.874+0000] {dag.py:3954} INFO - Setting next_dagrun for tutorial_dag to None, run_after=None
[2024-07-13T01:14:37.910+0000] {processor.py:183} INFO - Processing /home/airflow/.local/lib/python3.11/site-packages/airflow/example_dags/tutorial_dag.py took 0.142 seconds
[2024-07-13T01:15:11.854+0000] {processor.py:161} INFO - Started process (PID=493) to work on /home/airflow/.local/lib/python3.11/site-packages/airflow/example_dags/tutorial_dag.py
[2024-07-13T01:15:11.856+0000] {processor.py:830} INFO - Processing file /home/airflow/.local/lib/python3.11/site-packages/airflow/example_dags/tutorial_dag.py for tasks to queue
[2024-07-13T01:15:11.860+0000] {logging_mixin.py:188} INFO - [2024-07-13T01:15:11.860+0000] {dagbag.py:545} INFO - Filling up the DagBag from /home/airflow/.local/lib/python3.11/site-packages/airflow/example_dags/tutorial_dag.py
[2024-07-13T01:15:11.873+0000] {processor.py:840} INFO - DAG(s) 'tutorial_dag' retrieved from /home/airflow/.local/lib/python3.11/site-packages/airflow/example_dags/tutorial_dag.py
[2024-07-13T01:15:11.915+0000] {logging_mixin.py:188} INFO - [2024-07-13T01:15:11.914+0000] {dag.py:3096} INFO - Sync 1 DAGs
[2024-07-13T01:15:11.936+0000] {logging_mixin.py:188} INFO - [2024-07-13T01:15:11.936+0000] {dag.py:3954} INFO - Setting next_dagrun for tutorial_dag to None, run_after=None
[2024-07-13T01:15:11.972+0000] {processor.py:183} INFO - Processing /home/airflow/.local/lib/python3.11/site-packages/airflow/example_dags/tutorial_dag.py took 0.133 seconds
[2024-07-13T01:15:46.225+0000] {processor.py:161} INFO - Started process (PID=554) to work on /home/airflow/.local/lib/python3.11/site-packages/airflow/example_dags/tutorial_dag.py
[2024-07-13T01:15:46.227+0000] {processor.py:830} INFO - Processing file /home/airflow/.local/lib/python3.11/site-packages/airflow/example_dags/tutorial_dag.py for tasks to queue
[2024-07-13T01:15:46.232+0000] {logging_mixin.py:188} INFO - [2024-07-13T01:15:46.231+0000] {dagbag.py:545} INFO - Filling up the DagBag from /home/airflow/.local/lib/python3.11/site-packages/airflow/example_dags/tutorial_dag.py
[2024-07-13T01:15:46.249+0000] {processor.py:840} INFO - DAG(s) 'tutorial_dag' retrieved from /home/airflow/.local/lib/python3.11/site-packages/airflow/example_dags/tutorial_dag.py
[2024-07-13T01:15:46.300+0000] {logging_mixin.py:188} INFO - [2024-07-13T01:15:46.299+0000] {dag.py:3096} INFO - Sync 1 DAGs
[2024-07-13T01:15:46.333+0000] {logging_mixin.py:188} INFO - [2024-07-13T01:15:46.333+0000] {dag.py:3954} INFO - Setting next_dagrun for tutorial_dag to None, run_after=None
[2024-07-13T01:15:46.373+0000] {processor.py:183} INFO - Processing /home/airflow/.local/lib/python3.11/site-packages/airflow/example_dags/tutorial_dag.py took 0.167 seconds
[2024-07-13T01:16:19.355+0000] {processor.py:161} INFO - Started process (PID=617) to work on /home/airflow/.local/lib/python3.11/site-packages/airflow/example_dags/tutorial_dag.py
[2024-07-13T01:16:19.361+0000] {processor.py:830} INFO - Processing file /home/airflow/.local/lib/python3.11/site-packages/airflow/example_dags/tutorial_dag.py for tasks to queue
[2024-07-13T01:16:19.365+0000] {logging_mixin.py:188} INFO - [2024-07-13T01:16:19.364+0000] {dagbag.py:545} INFO - Filling up the DagBag from /home/airflow/.local/lib/python3.11/site-packages/airflow/example_dags/tutorial_dag.py
[2024-07-13T01:16:19.391+0000] {processor.py:840} INFO - DAG(s) 'tutorial_dag' retrieved from /home/airflow/.local/lib/python3.11/site-packages/airflow/example_dags/tutorial_dag.py
[2024-07-13T01:16:19.462+0000] {logging_mixin.py:188} INFO - [2024-07-13T01:16:19.460+0000] {dag.py:3096} INFO - Sync 1 DAGs
[2024-07-13T01:16:19.503+0000] {logging_mixin.py:188} INFO - [2024-07-13T01:16:19.502+0000] {dag.py:3954} INFO - Setting next_dagrun for tutorial_dag to None, run_after=None
[2024-07-13T01:16:19.567+0000] {processor.py:183} INFO - Processing /home/airflow/.local/lib/python3.11/site-packages/airflow/example_dags/tutorial_dag.py took 0.240 seconds
