[2024-07-13T00:28:01.735+0000] {processor.py:161} INFO - Started process (PID=59) to work on /home/airflow/.local/lib/python3.11/site-packages/airflow/example_dags/tutorial.py
[2024-07-13T00:28:01.736+0000] {processor.py:830} INFO - Processing file /home/airflow/.local/lib/python3.11/site-packages/airflow/example_dags/tutorial.py for tasks to queue
[2024-07-13T00:28:01.738+0000] {logging_mixin.py:188} INFO - [2024-07-13T00:28:01.737+0000] {dagbag.py:545} INFO - Filling up the DagBag from /home/airflow/.local/lib/python3.11/site-packages/airflow/example_dags/tutorial.py
[2024-07-13T00:28:01.752+0000] {processor.py:840} INFO - DAG(s) 'tutorial' retrieved from /home/airflow/.local/lib/python3.11/site-packages/airflow/example_dags/tutorial.py
[2024-07-13T00:28:01.930+0000] {logging_mixin.py:188} INFO - [2024-07-13T00:28:01.930+0000] {dag.py:3096} INFO - Sync 1 DAGs
[2024-07-13T00:28:01.957+0000] {logging_mixin.py:188} INFO - [2024-07-13T00:28:01.957+0000] {dag.py:3954} INFO - Setting next_dagrun for tutorial to 2024-07-12 00:00:00+00:00, run_after=2024-07-13 00:00:00+00:00
[2024-07-13T00:28:01.991+0000] {processor.py:183} INFO - Processing /home/airflow/.local/lib/python3.11/site-packages/airflow/example_dags/tutorial.py took 0.267 seconds
[2024-07-13T00:28:33.451+0000] {processor.py:161} INFO - Started process (PID=121) to work on /home/airflow/.local/lib/python3.11/site-packages/airflow/example_dags/tutorial.py
[2024-07-13T00:28:33.453+0000] {processor.py:830} INFO - Processing file /home/airflow/.local/lib/python3.11/site-packages/airflow/example_dags/tutorial.py for tasks to queue
[2024-07-13T00:28:33.455+0000] {logging_mixin.py:188} INFO - [2024-07-13T00:28:33.454+0000] {dagbag.py:545} INFO - Filling up the DagBag from /home/airflow/.local/lib/python3.11/site-packages/airflow/example_dags/tutorial.py
[2024-07-13T00:28:33.467+0000] {processor.py:840} INFO - DAG(s) 'tutorial' retrieved from /home/airflow/.local/lib/python3.11/site-packages/airflow/example_dags/tutorial.py
[2024-07-13T00:28:33.501+0000] {logging_mixin.py:188} INFO - [2024-07-13T00:28:33.501+0000] {dag.py:3096} INFO - Sync 1 DAGs
[2024-07-13T00:28:33.537+0000] {logging_mixin.py:188} INFO - [2024-07-13T00:28:33.536+0000] {dag.py:3954} INFO - Setting next_dagrun for tutorial to 2024-07-12 00:00:00+00:00, run_after=2024-07-13 00:00:00+00:00
[2024-07-13T00:28:33.564+0000] {processor.py:183} INFO - Processing /home/airflow/.local/lib/python3.11/site-packages/airflow/example_dags/tutorial.py took 0.126 seconds
[2024-07-13T00:29:06.291+0000] {processor.py:161} INFO - Started process (PID=183) to work on /home/airflow/.local/lib/python3.11/site-packages/airflow/example_dags/tutorial.py
[2024-07-13T00:29:06.293+0000] {processor.py:830} INFO - Processing file /home/airflow/.local/lib/python3.11/site-packages/airflow/example_dags/tutorial.py for tasks to queue
[2024-07-13T00:29:06.294+0000] {logging_mixin.py:188} INFO - [2024-07-13T00:29:06.293+0000] {dagbag.py:545} INFO - Filling up the DagBag from /home/airflow/.local/lib/python3.11/site-packages/airflow/example_dags/tutorial.py
[2024-07-13T00:29:06.307+0000] {processor.py:840} INFO - DAG(s) 'tutorial' retrieved from /home/airflow/.local/lib/python3.11/site-packages/airflow/example_dags/tutorial.py
[2024-07-13T00:29:06.342+0000] {logging_mixin.py:188} INFO - [2024-07-13T00:29:06.341+0000] {dag.py:3096} INFO - Sync 1 DAGs
[2024-07-13T00:29:06.380+0000] {logging_mixin.py:188} INFO - [2024-07-13T00:29:06.380+0000] {dag.py:3954} INFO - Setting next_dagrun for tutorial to 2024-07-12 00:00:00+00:00, run_after=2024-07-13 00:00:00+00:00
[2024-07-13T00:29:06.407+0000] {processor.py:183} INFO - Processing /home/airflow/.local/lib/python3.11/site-packages/airflow/example_dags/tutorial.py took 0.127 seconds
[2024-07-13T00:29:39.503+0000] {processor.py:161} INFO - Started process (PID=245) to work on /home/airflow/.local/lib/python3.11/site-packages/airflow/example_dags/tutorial.py
[2024-07-13T00:29:39.506+0000] {processor.py:830} INFO - Processing file /home/airflow/.local/lib/python3.11/site-packages/airflow/example_dags/tutorial.py for tasks to queue
[2024-07-13T00:29:39.507+0000] {logging_mixin.py:188} INFO - [2024-07-13T00:29:39.507+0000] {dagbag.py:545} INFO - Filling up the DagBag from /home/airflow/.local/lib/python3.11/site-packages/airflow/example_dags/tutorial.py
[2024-07-13T00:29:39.522+0000] {processor.py:840} INFO - DAG(s) 'tutorial' retrieved from /home/airflow/.local/lib/python3.11/site-packages/airflow/example_dags/tutorial.py
[2024-07-13T00:29:39.556+0000] {logging_mixin.py:188} INFO - [2024-07-13T00:29:39.555+0000] {dag.py:3096} INFO - Sync 1 DAGs
[2024-07-13T00:29:39.590+0000] {logging_mixin.py:188} INFO - [2024-07-13T00:29:39.590+0000] {dag.py:3954} INFO - Setting next_dagrun for tutorial to 2024-07-12 00:00:00+00:00, run_after=2024-07-13 00:00:00+00:00
[2024-07-13T00:29:39.617+0000] {processor.py:183} INFO - Processing /home/airflow/.local/lib/python3.11/site-packages/airflow/example_dags/tutorial.py took 0.130 seconds
[2024-07-13T00:30:12.441+0000] {processor.py:161} INFO - Started process (PID=313) to work on /home/airflow/.local/lib/python3.11/site-packages/airflow/example_dags/tutorial.py
[2024-07-13T00:30:12.443+0000] {processor.py:830} INFO - Processing file /home/airflow/.local/lib/python3.11/site-packages/airflow/example_dags/tutorial.py for tasks to queue
[2024-07-13T00:30:12.445+0000] {logging_mixin.py:188} INFO - [2024-07-13T00:30:12.444+0000] {dagbag.py:545} INFO - Filling up the DagBag from /home/airflow/.local/lib/python3.11/site-packages/airflow/example_dags/tutorial.py
[2024-07-13T00:30:12.464+0000] {processor.py:840} INFO - DAG(s) 'tutorial' retrieved from /home/airflow/.local/lib/python3.11/site-packages/airflow/example_dags/tutorial.py
[2024-07-13T00:30:12.509+0000] {logging_mixin.py:188} INFO - [2024-07-13T00:30:12.509+0000] {dag.py:3096} INFO - Sync 1 DAGs
[2024-07-13T00:30:12.561+0000] {logging_mixin.py:188} INFO - [2024-07-13T00:30:12.560+0000] {dag.py:3954} INFO - Setting next_dagrun for tutorial to 2024-07-12 00:00:00+00:00, run_after=2024-07-13 00:00:00+00:00
[2024-07-13T00:30:12.600+0000] {processor.py:183} INFO - Processing /home/airflow/.local/lib/python3.11/site-packages/airflow/example_dags/tutorial.py took 0.176 seconds
[2024-07-13T00:30:45.353+0000] {processor.py:161} INFO - Started process (PID=376) to work on /home/airflow/.local/lib/python3.11/site-packages/airflow/example_dags/tutorial.py
[2024-07-13T00:30:45.356+0000] {processor.py:830} INFO - Processing file /home/airflow/.local/lib/python3.11/site-packages/airflow/example_dags/tutorial.py for tasks to queue
[2024-07-13T00:30:45.357+0000] {logging_mixin.py:188} INFO - [2024-07-13T00:30:45.357+0000] {dagbag.py:545} INFO - Filling up the DagBag from /home/airflow/.local/lib/python3.11/site-packages/airflow/example_dags/tutorial.py
[2024-07-13T00:30:45.372+0000] {processor.py:840} INFO - DAG(s) 'tutorial' retrieved from /home/airflow/.local/lib/python3.11/site-packages/airflow/example_dags/tutorial.py
[2024-07-13T00:30:45.409+0000] {logging_mixin.py:188} INFO - [2024-07-13T00:30:45.409+0000] {dag.py:3096} INFO - Sync 1 DAGs
[2024-07-13T00:30:45.447+0000] {logging_mixin.py:188} INFO - [2024-07-13T00:30:45.447+0000] {dag.py:3954} INFO - Setting next_dagrun for tutorial to 2024-07-12 00:00:00+00:00, run_after=2024-07-13 00:00:00+00:00
[2024-07-13T00:30:45.475+0000] {processor.py:183} INFO - Processing /home/airflow/.local/lib/python3.11/site-packages/airflow/example_dags/tutorial.py took 0.134 seconds
[2024-07-13T00:31:18.691+0000] {processor.py:161} INFO - Started process (PID=438) to work on /home/airflow/.local/lib/python3.11/site-packages/airflow/example_dags/tutorial.py
[2024-07-13T00:31:18.694+0000] {processor.py:830} INFO - Processing file /home/airflow/.local/lib/python3.11/site-packages/airflow/example_dags/tutorial.py for tasks to queue
[2024-07-13T00:31:18.695+0000] {logging_mixin.py:188} INFO - [2024-07-13T00:31:18.694+0000] {dagbag.py:545} INFO - Filling up the DagBag from /home/airflow/.local/lib/python3.11/site-packages/airflow/example_dags/tutorial.py
[2024-07-13T00:31:18.711+0000] {processor.py:840} INFO - DAG(s) 'tutorial' retrieved from /home/airflow/.local/lib/python3.11/site-packages/airflow/example_dags/tutorial.py
[2024-07-13T00:31:18.758+0000] {logging_mixin.py:188} INFO - [2024-07-13T00:31:18.758+0000] {dag.py:3096} INFO - Sync 1 DAGs
[2024-07-13T00:31:18.801+0000] {logging_mixin.py:188} INFO - [2024-07-13T00:31:18.800+0000] {dag.py:3954} INFO - Setting next_dagrun for tutorial to 2024-07-12 00:00:00+00:00, run_after=2024-07-13 00:00:00+00:00
[2024-07-13T00:31:18.828+0000] {processor.py:183} INFO - Processing /home/airflow/.local/lib/python3.11/site-packages/airflow/example_dags/tutorial.py took 0.151 seconds
[2024-07-13T00:31:52.938+0000] {processor.py:161} INFO - Started process (PID=500) to work on /home/airflow/.local/lib/python3.11/site-packages/airflow/example_dags/tutorial.py
[2024-07-13T00:31:52.941+0000] {processor.py:830} INFO - Processing file /home/airflow/.local/lib/python3.11/site-packages/airflow/example_dags/tutorial.py for tasks to queue
[2024-07-13T00:31:52.942+0000] {logging_mixin.py:188} INFO - [2024-07-13T00:31:52.941+0000] {dagbag.py:545} INFO - Filling up the DagBag from /home/airflow/.local/lib/python3.11/site-packages/airflow/example_dags/tutorial.py
[2024-07-13T00:31:52.955+0000] {processor.py:840} INFO - DAG(s) 'tutorial' retrieved from /home/airflow/.local/lib/python3.11/site-packages/airflow/example_dags/tutorial.py
[2024-07-13T00:31:52.996+0000] {logging_mixin.py:188} INFO - [2024-07-13T00:31:52.995+0000] {dag.py:3096} INFO - Sync 1 DAGs
[2024-07-13T00:31:53.033+0000] {logging_mixin.py:188} INFO - [2024-07-13T00:31:53.032+0000] {dag.py:3954} INFO - Setting next_dagrun for tutorial to 2024-07-12 00:00:00+00:00, run_after=2024-07-13 00:00:00+00:00
[2024-07-13T00:31:53.063+0000] {processor.py:183} INFO - Processing /home/airflow/.local/lib/python3.11/site-packages/airflow/example_dags/tutorial.py took 0.137 seconds
[2024-07-13T00:32:27.343+0000] {processor.py:161} INFO - Started process (PID=562) to work on /home/airflow/.local/lib/python3.11/site-packages/airflow/example_dags/tutorial.py
[2024-07-13T00:32:27.346+0000] {processor.py:830} INFO - Processing file /home/airflow/.local/lib/python3.11/site-packages/airflow/example_dags/tutorial.py for tasks to queue
[2024-07-13T00:32:27.348+0000] {logging_mixin.py:188} INFO - [2024-07-13T00:32:27.347+0000] {dagbag.py:545} INFO - Filling up the DagBag from /home/airflow/.local/lib/python3.11/site-packages/airflow/example_dags/tutorial.py
[2024-07-13T00:32:27.366+0000] {processor.py:840} INFO - DAG(s) 'tutorial' retrieved from /home/airflow/.local/lib/python3.11/site-packages/airflow/example_dags/tutorial.py
[2024-07-13T00:32:27.414+0000] {logging_mixin.py:188} INFO - [2024-07-13T00:32:27.413+0000] {dag.py:3096} INFO - Sync 1 DAGs
[2024-07-13T00:32:27.466+0000] {logging_mixin.py:188} INFO - [2024-07-13T00:32:27.466+0000] {dag.py:3954} INFO - Setting next_dagrun for tutorial to 2024-07-12 00:00:00+00:00, run_after=2024-07-13 00:00:00+00:00
[2024-07-13T00:32:27.501+0000] {processor.py:183} INFO - Processing /home/airflow/.local/lib/python3.11/site-packages/airflow/example_dags/tutorial.py took 0.174 seconds
[2024-07-13T00:33:01.753+0000] {processor.py:161} INFO - Started process (PID=624) to work on /home/airflow/.local/lib/python3.11/site-packages/airflow/example_dags/tutorial.py
[2024-07-13T00:33:01.759+0000] {processor.py:830} INFO - Processing file /home/airflow/.local/lib/python3.11/site-packages/airflow/example_dags/tutorial.py for tasks to queue
[2024-07-13T00:33:01.761+0000] {logging_mixin.py:188} INFO - [2024-07-13T00:33:01.761+0000] {dagbag.py:545} INFO - Filling up the DagBag from /home/airflow/.local/lib/python3.11/site-packages/airflow/example_dags/tutorial.py
[2024-07-13T00:33:01.793+0000] {processor.py:840} INFO - DAG(s) 'tutorial' retrieved from /home/airflow/.local/lib/python3.11/site-packages/airflow/example_dags/tutorial.py
[2024-07-13T00:33:01.848+0000] {logging_mixin.py:188} INFO - [2024-07-13T00:33:01.847+0000] {dag.py:3096} INFO - Sync 1 DAGs
[2024-07-13T00:33:01.897+0000] {logging_mixin.py:188} INFO - [2024-07-13T00:33:01.897+0000] {dag.py:3954} INFO - Setting next_dagrun for tutorial to 2024-07-12 00:00:00+00:00, run_after=2024-07-13 00:00:00+00:00
[2024-07-13T00:33:01.946+0000] {processor.py:183} INFO - Processing /home/airflow/.local/lib/python3.11/site-packages/airflow/example_dags/tutorial.py took 0.235 seconds
[2024-07-13T00:33:34.046+0000] {processor.py:161} INFO - Started process (PID=686) to work on /home/airflow/.local/lib/python3.11/site-packages/airflow/example_dags/tutorial.py
[2024-07-13T00:33:34.048+0000] {processor.py:830} INFO - Processing file /home/airflow/.local/lib/python3.11/site-packages/airflow/example_dags/tutorial.py for tasks to queue
[2024-07-13T00:33:34.049+0000] {logging_mixin.py:188} INFO - [2024-07-13T00:33:34.048+0000] {dagbag.py:545} INFO - Filling up the DagBag from /home/airflow/.local/lib/python3.11/site-packages/airflow/example_dags/tutorial.py
[2024-07-13T00:33:34.063+0000] {processor.py:840} INFO - DAG(s) 'tutorial' retrieved from /home/airflow/.local/lib/python3.11/site-packages/airflow/example_dags/tutorial.py
[2024-07-13T00:33:34.098+0000] {logging_mixin.py:188} INFO - [2024-07-13T00:33:34.097+0000] {dag.py:3096} INFO - Sync 1 DAGs
[2024-07-13T00:33:34.147+0000] {logging_mixin.py:188} INFO - [2024-07-13T00:33:34.147+0000] {dag.py:3954} INFO - Setting next_dagrun for tutorial to 2024-07-12 00:00:00+00:00, run_after=2024-07-13 00:00:00+00:00
[2024-07-13T00:33:34.184+0000] {processor.py:183} INFO - Processing /home/airflow/.local/lib/python3.11/site-packages/airflow/example_dags/tutorial.py took 0.149 seconds
[2024-07-13T00:35:49.576+0000] {processor.py:161} INFO - Started process (PID=60) to work on /home/airflow/.local/lib/python3.11/site-packages/airflow/example_dags/tutorial.py
[2024-07-13T00:35:49.578+0000] {processor.py:830} INFO - Processing file /home/airflow/.local/lib/python3.11/site-packages/airflow/example_dags/tutorial.py for tasks to queue
[2024-07-13T00:35:49.582+0000] {logging_mixin.py:188} INFO - [2024-07-13T00:35:49.582+0000] {dagbag.py:545} INFO - Filling up the DagBag from /home/airflow/.local/lib/python3.11/site-packages/airflow/example_dags/tutorial.py
[2024-07-13T00:35:49.599+0000] {processor.py:840} INFO - DAG(s) 'tutorial' retrieved from /home/airflow/.local/lib/python3.11/site-packages/airflow/example_dags/tutorial.py
[2024-07-13T00:35:49.796+0000] {logging_mixin.py:188} INFO - [2024-07-13T00:35:49.796+0000] {dag.py:3096} INFO - Sync 1 DAGs
[2024-07-13T00:35:49.830+0000] {logging_mixin.py:188} INFO - [2024-07-13T00:35:49.829+0000] {dag.py:3954} INFO - Setting next_dagrun for tutorial to 2024-07-12 00:00:00+00:00, run_after=2024-07-13 00:00:00+00:00
[2024-07-13T00:35:49.856+0000] {processor.py:183} INFO - Processing /home/airflow/.local/lib/python3.11/site-packages/airflow/example_dags/tutorial.py took 0.295 seconds
[2024-07-13T00:36:21.240+0000] {processor.py:161} INFO - Started process (PID=122) to work on /home/airflow/.local/lib/python3.11/site-packages/airflow/example_dags/tutorial.py
[2024-07-13T00:36:21.242+0000] {processor.py:830} INFO - Processing file /home/airflow/.local/lib/python3.11/site-packages/airflow/example_dags/tutorial.py for tasks to queue
[2024-07-13T00:36:21.245+0000] {logging_mixin.py:188} INFO - [2024-07-13T00:36:21.245+0000] {dagbag.py:545} INFO - Filling up the DagBag from /home/airflow/.local/lib/python3.11/site-packages/airflow/example_dags/tutorial.py
[2024-07-13T00:36:21.257+0000] {processor.py:840} INFO - DAG(s) 'tutorial' retrieved from /home/airflow/.local/lib/python3.11/site-packages/airflow/example_dags/tutorial.py
[2024-07-13T00:36:21.294+0000] {logging_mixin.py:188} INFO - [2024-07-13T00:36:21.294+0000] {dag.py:3096} INFO - Sync 1 DAGs
[2024-07-13T00:36:21.329+0000] {logging_mixin.py:188} INFO - [2024-07-13T00:36:21.328+0000] {dag.py:3954} INFO - Setting next_dagrun for tutorial to 2024-07-12 00:00:00+00:00, run_after=2024-07-13 00:00:00+00:00
[2024-07-13T00:36:21.357+0000] {processor.py:183} INFO - Processing /home/airflow/.local/lib/python3.11/site-packages/airflow/example_dags/tutorial.py took 0.128 seconds
[2024-07-13T00:38:20.695+0000] {processor.py:161} INFO - Started process (PID=58) to work on /home/airflow/.local/lib/python3.11/site-packages/airflow/example_dags/tutorial.py
[2024-07-13T00:38:20.698+0000] {processor.py:830} INFO - Processing file /home/airflow/.local/lib/python3.11/site-packages/airflow/example_dags/tutorial.py for tasks to queue
[2024-07-13T00:38:20.704+0000] {logging_mixin.py:188} INFO - [2024-07-13T00:38:20.703+0000] {dagbag.py:545} INFO - Filling up the DagBag from /home/airflow/.local/lib/python3.11/site-packages/airflow/example_dags/tutorial.py
[2024-07-13T00:38:20.719+0000] {processor.py:840} INFO - DAG(s) 'tutorial' retrieved from /home/airflow/.local/lib/python3.11/site-packages/airflow/example_dags/tutorial.py
[2024-07-13T00:38:20.964+0000] {logging_mixin.py:188} INFO - [2024-07-13T00:38:20.964+0000] {dag.py:3096} INFO - Sync 1 DAGs
[2024-07-13T00:38:21.005+0000] {logging_mixin.py:188} INFO - [2024-07-13T00:38:21.005+0000] {dag.py:3954} INFO - Setting next_dagrun for tutorial to 2024-07-12 00:00:00+00:00, run_after=2024-07-13 00:00:00+00:00
[2024-07-13T00:38:21.039+0000] {processor.py:183} INFO - Processing /home/airflow/.local/lib/python3.11/site-packages/airflow/example_dags/tutorial.py took 0.358 seconds
[2024-07-13T00:38:51.331+0000] {processor.py:161} INFO - Started process (PID=120) to work on /home/airflow/.local/lib/python3.11/site-packages/airflow/example_dags/tutorial.py
[2024-07-13T00:38:51.333+0000] {processor.py:830} INFO - Processing file /home/airflow/.local/lib/python3.11/site-packages/airflow/example_dags/tutorial.py for tasks to queue
[2024-07-13T00:38:51.337+0000] {logging_mixin.py:188} INFO - [2024-07-13T00:38:51.336+0000] {dagbag.py:545} INFO - Filling up the DagBag from /home/airflow/.local/lib/python3.11/site-packages/airflow/example_dags/tutorial.py
[2024-07-13T00:38:51.349+0000] {processor.py:840} INFO - DAG(s) 'tutorial' retrieved from /home/airflow/.local/lib/python3.11/site-packages/airflow/example_dags/tutorial.py
[2024-07-13T00:38:51.386+0000] {logging_mixin.py:188} INFO - [2024-07-13T00:38:51.386+0000] {dag.py:3096} INFO - Sync 1 DAGs
[2024-07-13T00:38:51.425+0000] {logging_mixin.py:188} INFO - [2024-07-13T00:38:51.424+0000] {dag.py:3954} INFO - Setting next_dagrun for tutorial to 2024-07-12 00:00:00+00:00, run_after=2024-07-13 00:00:00+00:00
[2024-07-13T00:38:51.451+0000] {processor.py:183} INFO - Processing /home/airflow/.local/lib/python3.11/site-packages/airflow/example_dags/tutorial.py took 0.131 seconds
[2024-07-13T00:39:24.491+0000] {processor.py:161} INFO - Started process (PID=182) to work on /home/airflow/.local/lib/python3.11/site-packages/airflow/example_dags/tutorial.py
[2024-07-13T00:39:24.493+0000] {processor.py:830} INFO - Processing file /home/airflow/.local/lib/python3.11/site-packages/airflow/example_dags/tutorial.py for tasks to queue
[2024-07-13T00:39:24.497+0000] {logging_mixin.py:188} INFO - [2024-07-13T00:39:24.497+0000] {dagbag.py:545} INFO - Filling up the DagBag from /home/airflow/.local/lib/python3.11/site-packages/airflow/example_dags/tutorial.py
[2024-07-13T00:39:24.508+0000] {processor.py:840} INFO - DAG(s) 'tutorial' retrieved from /home/airflow/.local/lib/python3.11/site-packages/airflow/example_dags/tutorial.py
[2024-07-13T00:39:24.545+0000] {logging_mixin.py:188} INFO - [2024-07-13T00:39:24.545+0000] {dag.py:3096} INFO - Sync 1 DAGs
[2024-07-13T00:39:24.578+0000] {logging_mixin.py:188} INFO - [2024-07-13T00:39:24.578+0000] {dag.py:3954} INFO - Setting next_dagrun for tutorial to 2024-07-12 00:00:00+00:00, run_after=2024-07-13 00:00:00+00:00
[2024-07-13T00:39:24.609+0000] {processor.py:183} INFO - Processing /home/airflow/.local/lib/python3.11/site-packages/airflow/example_dags/tutorial.py took 0.133 seconds
[2024-07-13T00:39:57.453+0000] {processor.py:161} INFO - Started process (PID=244) to work on /home/airflow/.local/lib/python3.11/site-packages/airflow/example_dags/tutorial.py
[2024-07-13T00:39:57.455+0000] {processor.py:830} INFO - Processing file /home/airflow/.local/lib/python3.11/site-packages/airflow/example_dags/tutorial.py for tasks to queue
[2024-07-13T00:39:57.459+0000] {logging_mixin.py:188} INFO - [2024-07-13T00:39:57.458+0000] {dagbag.py:545} INFO - Filling up the DagBag from /home/airflow/.local/lib/python3.11/site-packages/airflow/example_dags/tutorial.py
[2024-07-13T00:39:57.476+0000] {processor.py:840} INFO - DAG(s) 'tutorial' retrieved from /home/airflow/.local/lib/python3.11/site-packages/airflow/example_dags/tutorial.py
[2024-07-13T00:39:57.534+0000] {logging_mixin.py:188} INFO - [2024-07-13T00:39:57.533+0000] {dag.py:3096} INFO - Sync 1 DAGs
[2024-07-13T00:39:57.585+0000] {logging_mixin.py:188} INFO - [2024-07-13T00:39:57.585+0000] {dag.py:3954} INFO - Setting next_dagrun for tutorial to 2024-07-12 00:00:00+00:00, run_after=2024-07-13 00:00:00+00:00
[2024-07-13T00:39:57.619+0000] {processor.py:183} INFO - Processing /home/airflow/.local/lib/python3.11/site-packages/airflow/example_dags/tutorial.py took 0.181 seconds
[2024-07-13T00:40:30.284+0000] {processor.py:161} INFO - Started process (PID=306) to work on /home/airflow/.local/lib/python3.11/site-packages/airflow/example_dags/tutorial.py
[2024-07-13T00:40:30.286+0000] {processor.py:830} INFO - Processing file /home/airflow/.local/lib/python3.11/site-packages/airflow/example_dags/tutorial.py for tasks to queue
[2024-07-13T00:40:30.289+0000] {logging_mixin.py:188} INFO - [2024-07-13T00:40:30.289+0000] {dagbag.py:545} INFO - Filling up the DagBag from /home/airflow/.local/lib/python3.11/site-packages/airflow/example_dags/tutorial.py
[2024-07-13T00:40:30.302+0000] {processor.py:840} INFO - DAG(s) 'tutorial' retrieved from /home/airflow/.local/lib/python3.11/site-packages/airflow/example_dags/tutorial.py
[2024-07-13T00:40:30.339+0000] {logging_mixin.py:188} INFO - [2024-07-13T00:40:30.338+0000] {dag.py:3096} INFO - Sync 1 DAGs
[2024-07-13T00:40:30.374+0000] {logging_mixin.py:188} INFO - [2024-07-13T00:40:30.373+0000] {dag.py:3954} INFO - Setting next_dagrun for tutorial to 2024-07-12 00:00:00+00:00, run_after=2024-07-13 00:00:00+00:00
[2024-07-13T00:40:30.405+0000] {processor.py:183} INFO - Processing /home/airflow/.local/lib/python3.11/site-packages/airflow/example_dags/tutorial.py took 0.133 seconds
[2024-07-13T00:41:10.550+0000] {processor.py:161} INFO - Started process (PID=372) to work on /home/airflow/.local/lib/python3.11/site-packages/airflow/example_dags/tutorial.py
[2024-07-13T00:41:10.555+0000] {processor.py:830} INFO - Processing file /home/airflow/.local/lib/python3.11/site-packages/airflow/example_dags/tutorial.py for tasks to queue
[2024-07-13T00:41:10.564+0000] {logging_mixin.py:188} INFO - [2024-07-13T00:41:10.562+0000] {dagbag.py:545} INFO - Filling up the DagBag from /home/airflow/.local/lib/python3.11/site-packages/airflow/example_dags/tutorial.py
[2024-07-13T00:41:10.597+0000] {processor.py:840} INFO - DAG(s) 'tutorial' retrieved from /home/airflow/.local/lib/python3.11/site-packages/airflow/example_dags/tutorial.py
[2024-07-13T00:41:10.688+0000] {logging_mixin.py:188} INFO - [2024-07-13T00:41:10.686+0000] {dag.py:3096} INFO - Sync 1 DAGs
[2024-07-13T00:41:10.785+0000] {logging_mixin.py:188} INFO - [2024-07-13T00:41:10.784+0000] {dag.py:3954} INFO - Setting next_dagrun for tutorial to 2024-07-12 00:00:00+00:00, run_after=2024-07-13 00:00:00+00:00
[2024-07-13T00:41:10.852+0000] {processor.py:183} INFO - Processing /home/airflow/.local/lib/python3.11/site-packages/airflow/example_dags/tutorial.py took 0.334 seconds
[2024-07-13T00:41:42.212+0000] {processor.py:161} INFO - Started process (PID=433) to work on /home/airflow/.local/lib/python3.11/site-packages/airflow/example_dags/tutorial.py
[2024-07-13T00:41:42.215+0000] {processor.py:830} INFO - Processing file /home/airflow/.local/lib/python3.11/site-packages/airflow/example_dags/tutorial.py for tasks to queue
[2024-07-13T00:41:42.219+0000] {logging_mixin.py:188} INFO - [2024-07-13T00:41:42.218+0000] {dagbag.py:545} INFO - Filling up the DagBag from /home/airflow/.local/lib/python3.11/site-packages/airflow/example_dags/tutorial.py
[2024-07-13T00:41:42.232+0000] {processor.py:840} INFO - DAG(s) 'tutorial' retrieved from /home/airflow/.local/lib/python3.11/site-packages/airflow/example_dags/tutorial.py
[2024-07-13T00:41:42.279+0000] {logging_mixin.py:188} INFO - [2024-07-13T00:41:42.278+0000] {dag.py:3096} INFO - Sync 1 DAGs
[2024-07-13T00:41:42.318+0000] {logging_mixin.py:188} INFO - [2024-07-13T00:41:42.318+0000] {dag.py:3954} INFO - Setting next_dagrun for tutorial to 2024-07-12 00:00:00+00:00, run_after=2024-07-13 00:00:00+00:00
[2024-07-13T00:41:42.348+0000] {processor.py:183} INFO - Processing /home/airflow/.local/lib/python3.11/site-packages/airflow/example_dags/tutorial.py took 0.148 seconds
[2024-07-13T00:42:16.244+0000] {processor.py:161} INFO - Started process (PID=495) to work on /home/airflow/.local/lib/python3.11/site-packages/airflow/example_dags/tutorial.py
[2024-07-13T00:42:16.245+0000] {processor.py:830} INFO - Processing file /home/airflow/.local/lib/python3.11/site-packages/airflow/example_dags/tutorial.py for tasks to queue
[2024-07-13T00:42:16.250+0000] {logging_mixin.py:188} INFO - [2024-07-13T00:42:16.249+0000] {dagbag.py:545} INFO - Filling up the DagBag from /home/airflow/.local/lib/python3.11/site-packages/airflow/example_dags/tutorial.py
[2024-07-13T00:42:16.265+0000] {processor.py:840} INFO - DAG(s) 'tutorial' retrieved from /home/airflow/.local/lib/python3.11/site-packages/airflow/example_dags/tutorial.py
[2024-07-13T00:42:16.312+0000] {logging_mixin.py:188} INFO - [2024-07-13T00:42:16.311+0000] {dag.py:3096} INFO - Sync 1 DAGs
[2024-07-13T00:42:16.355+0000] {logging_mixin.py:188} INFO - [2024-07-13T00:42:16.354+0000] {dag.py:3954} INFO - Setting next_dagrun for tutorial to 2024-07-12 00:00:00+00:00, run_after=2024-07-13 00:00:00+00:00
[2024-07-13T00:42:16.396+0000] {processor.py:183} INFO - Processing /home/airflow/.local/lib/python3.11/site-packages/airflow/example_dags/tutorial.py took 0.170 seconds
[2024-07-13T00:44:04.047+0000] {processor.py:161} INFO - Started process (PID=59) to work on /home/airflow/.local/lib/python3.11/site-packages/airflow/example_dags/tutorial.py
[2024-07-13T00:44:04.050+0000] {processor.py:830} INFO - Processing file /home/airflow/.local/lib/python3.11/site-packages/airflow/example_dags/tutorial.py for tasks to queue
[2024-07-13T00:44:04.055+0000] {logging_mixin.py:188} INFO - [2024-07-13T00:44:04.054+0000] {dagbag.py:545} INFO - Filling up the DagBag from /home/airflow/.local/lib/python3.11/site-packages/airflow/example_dags/tutorial.py
[2024-07-13T00:44:04.073+0000] {processor.py:840} INFO - DAG(s) 'tutorial' retrieved from /home/airflow/.local/lib/python3.11/site-packages/airflow/example_dags/tutorial.py
[2024-07-13T00:44:04.317+0000] {logging_mixin.py:188} INFO - [2024-07-13T00:44:04.317+0000] {dag.py:3096} INFO - Sync 1 DAGs
[2024-07-13T00:44:04.361+0000] {logging_mixin.py:188} INFO - [2024-07-13T00:44:04.360+0000] {dag.py:3954} INFO - Setting next_dagrun for tutorial to 2024-07-12 00:00:00+00:00, run_after=2024-07-13 00:00:00+00:00
[2024-07-13T00:44:04.393+0000] {processor.py:183} INFO - Processing /home/airflow/.local/lib/python3.11/site-packages/airflow/example_dags/tutorial.py took 0.363 seconds
[2024-07-13T00:44:34.472+0000] {processor.py:161} INFO - Started process (PID=121) to work on /home/airflow/.local/lib/python3.11/site-packages/airflow/example_dags/tutorial.py
[2024-07-13T00:44:34.474+0000] {processor.py:830} INFO - Processing file /home/airflow/.local/lib/python3.11/site-packages/airflow/example_dags/tutorial.py for tasks to queue
[2024-07-13T00:44:34.477+0000] {logging_mixin.py:188} INFO - [2024-07-13T00:44:34.476+0000] {dagbag.py:545} INFO - Filling up the DagBag from /home/airflow/.local/lib/python3.11/site-packages/airflow/example_dags/tutorial.py
[2024-07-13T00:44:34.488+0000] {processor.py:840} INFO - DAG(s) 'tutorial' retrieved from /home/airflow/.local/lib/python3.11/site-packages/airflow/example_dags/tutorial.py
[2024-07-13T00:44:34.525+0000] {logging_mixin.py:188} INFO - [2024-07-13T00:44:34.524+0000] {dag.py:3096} INFO - Sync 1 DAGs
[2024-07-13T00:44:34.563+0000] {logging_mixin.py:188} INFO - [2024-07-13T00:44:34.563+0000] {dag.py:3954} INFO - Setting next_dagrun for tutorial to 2024-07-12 00:00:00+00:00, run_after=2024-07-13 00:00:00+00:00
[2024-07-13T00:44:34.594+0000] {processor.py:183} INFO - Processing /home/airflow/.local/lib/python3.11/site-packages/airflow/example_dags/tutorial.py took 0.133 seconds
[2024-07-13T00:45:06.974+0000] {processor.py:161} INFO - Started process (PID=182) to work on /home/airflow/.local/lib/python3.11/site-packages/airflow/example_dags/tutorial.py
[2024-07-13T00:45:06.976+0000] {processor.py:830} INFO - Processing file /home/airflow/.local/lib/python3.11/site-packages/airflow/example_dags/tutorial.py for tasks to queue
[2024-07-13T00:45:06.980+0000] {logging_mixin.py:188} INFO - [2024-07-13T00:45:06.979+0000] {dagbag.py:545} INFO - Filling up the DagBag from /home/airflow/.local/lib/python3.11/site-packages/airflow/example_dags/tutorial.py
[2024-07-13T00:45:06.990+0000] {processor.py:840} INFO - DAG(s) 'tutorial' retrieved from /home/airflow/.local/lib/python3.11/site-packages/airflow/example_dags/tutorial.py
[2024-07-13T00:45:07.023+0000] {logging_mixin.py:188} INFO - [2024-07-13T00:45:07.022+0000] {dag.py:3096} INFO - Sync 1 DAGs
[2024-07-13T00:45:07.060+0000] {logging_mixin.py:188} INFO - [2024-07-13T00:45:07.060+0000] {dag.py:3954} INFO - Setting next_dagrun for tutorial to 2024-07-12 00:00:00+00:00, run_after=2024-07-13 00:00:00+00:00
[2024-07-13T00:45:07.086+0000] {processor.py:183} INFO - Processing /home/airflow/.local/lib/python3.11/site-packages/airflow/example_dags/tutorial.py took 0.124 seconds
[2024-07-13T00:45:39.920+0000] {processor.py:161} INFO - Started process (PID=244) to work on /home/airflow/.local/lib/python3.11/site-packages/airflow/example_dags/tutorial.py
[2024-07-13T00:45:39.923+0000] {processor.py:830} INFO - Processing file /home/airflow/.local/lib/python3.11/site-packages/airflow/example_dags/tutorial.py for tasks to queue
[2024-07-13T00:45:39.926+0000] {logging_mixin.py:188} INFO - [2024-07-13T00:45:39.925+0000] {dagbag.py:545} INFO - Filling up the DagBag from /home/airflow/.local/lib/python3.11/site-packages/airflow/example_dags/tutorial.py
[2024-07-13T00:45:39.938+0000] {processor.py:840} INFO - DAG(s) 'tutorial' retrieved from /home/airflow/.local/lib/python3.11/site-packages/airflow/example_dags/tutorial.py
[2024-07-13T00:45:39.974+0000] {logging_mixin.py:188} INFO - [2024-07-13T00:45:39.973+0000] {dag.py:3096} INFO - Sync 1 DAGs
[2024-07-13T00:45:40.008+0000] {logging_mixin.py:188} INFO - [2024-07-13T00:45:40.007+0000] {dag.py:3954} INFO - Setting next_dagrun for tutorial to 2024-07-12 00:00:00+00:00, run_after=2024-07-13 00:00:00+00:00
[2024-07-13T00:45:40.033+0000] {processor.py:183} INFO - Processing /home/airflow/.local/lib/python3.11/site-packages/airflow/example_dags/tutorial.py took 0.125 seconds
[2024-07-13T00:46:12.620+0000] {processor.py:161} INFO - Started process (PID=305) to work on /home/airflow/.local/lib/python3.11/site-packages/airflow/example_dags/tutorial.py
[2024-07-13T00:46:12.623+0000] {processor.py:830} INFO - Processing file /home/airflow/.local/lib/python3.11/site-packages/airflow/example_dags/tutorial.py for tasks to queue
[2024-07-13T00:46:12.626+0000] {logging_mixin.py:188} INFO - [2024-07-13T00:46:12.626+0000] {dagbag.py:545} INFO - Filling up the DagBag from /home/airflow/.local/lib/python3.11/site-packages/airflow/example_dags/tutorial.py
[2024-07-13T00:46:12.638+0000] {processor.py:840} INFO - DAG(s) 'tutorial' retrieved from /home/airflow/.local/lib/python3.11/site-packages/airflow/example_dags/tutorial.py
[2024-07-13T00:46:12.675+0000] {logging_mixin.py:188} INFO - [2024-07-13T00:46:12.674+0000] {dag.py:3096} INFO - Sync 1 DAGs
[2024-07-13T00:46:12.714+0000] {logging_mixin.py:188} INFO - [2024-07-13T00:46:12.713+0000] {dag.py:3954} INFO - Setting next_dagrun for tutorial to 2024-07-12 00:00:00+00:00, run_after=2024-07-13 00:00:00+00:00
[2024-07-13T00:46:12.745+0000] {processor.py:183} INFO - Processing /home/airflow/.local/lib/python3.11/site-packages/airflow/example_dags/tutorial.py took 0.136 seconds
[2024-07-13T00:46:46.095+0000] {processor.py:161} INFO - Started process (PID=373) to work on /home/airflow/.local/lib/python3.11/site-packages/airflow/example_dags/tutorial.py
[2024-07-13T00:46:46.097+0000] {processor.py:830} INFO - Processing file /home/airflow/.local/lib/python3.11/site-packages/airflow/example_dags/tutorial.py for tasks to queue
[2024-07-13T00:46:46.100+0000] {logging_mixin.py:188} INFO - [2024-07-13T00:46:46.099+0000] {dagbag.py:545} INFO - Filling up the DagBag from /home/airflow/.local/lib/python3.11/site-packages/airflow/example_dags/tutorial.py
[2024-07-13T00:46:46.112+0000] {processor.py:840} INFO - DAG(s) 'tutorial' retrieved from /home/airflow/.local/lib/python3.11/site-packages/airflow/example_dags/tutorial.py
[2024-07-13T00:46:46.146+0000] {logging_mixin.py:188} INFO - [2024-07-13T00:46:46.145+0000] {dag.py:3096} INFO - Sync 1 DAGs
[2024-07-13T00:46:46.181+0000] {logging_mixin.py:188} INFO - [2024-07-13T00:46:46.181+0000] {dag.py:3954} INFO - Setting next_dagrun for tutorial to 2024-07-12 00:00:00+00:00, run_after=2024-07-13 00:00:00+00:00
[2024-07-13T00:46:46.209+0000] {processor.py:183} INFO - Processing /home/airflow/.local/lib/python3.11/site-packages/airflow/example_dags/tutorial.py took 0.126 seconds
[2024-07-13T00:47:19.642+0000] {processor.py:161} INFO - Started process (PID=434) to work on /home/airflow/.local/lib/python3.11/site-packages/airflow/example_dags/tutorial.py
[2024-07-13T00:47:19.644+0000] {processor.py:830} INFO - Processing file /home/airflow/.local/lib/python3.11/site-packages/airflow/example_dags/tutorial.py for tasks to queue
[2024-07-13T00:47:19.647+0000] {logging_mixin.py:188} INFO - [2024-07-13T00:47:19.647+0000] {dagbag.py:545} INFO - Filling up the DagBag from /home/airflow/.local/lib/python3.11/site-packages/airflow/example_dags/tutorial.py
[2024-07-13T00:47:19.664+0000] {processor.py:840} INFO - DAG(s) 'tutorial' retrieved from /home/airflow/.local/lib/python3.11/site-packages/airflow/example_dags/tutorial.py
[2024-07-13T00:47:19.706+0000] {logging_mixin.py:188} INFO - [2024-07-13T00:47:19.705+0000] {dag.py:3096} INFO - Sync 1 DAGs
[2024-07-13T00:47:19.743+0000] {logging_mixin.py:188} INFO - [2024-07-13T00:47:19.743+0000] {dag.py:3954} INFO - Setting next_dagrun for tutorial to 2024-07-12 00:00:00+00:00, run_after=2024-07-13 00:00:00+00:00
[2024-07-13T00:47:19.774+0000] {processor.py:183} INFO - Processing /home/airflow/.local/lib/python3.11/site-packages/airflow/example_dags/tutorial.py took 0.144 seconds
[2024-07-13T00:47:56.791+0000] {processor.py:161} INFO - Started process (PID=495) to work on /home/airflow/.local/lib/python3.11/site-packages/airflow/example_dags/tutorial.py
[2024-07-13T00:47:56.793+0000] {processor.py:830} INFO - Processing file /home/airflow/.local/lib/python3.11/site-packages/airflow/example_dags/tutorial.py for tasks to queue
[2024-07-13T00:47:56.797+0000] {logging_mixin.py:188} INFO - [2024-07-13T00:47:56.796+0000] {dagbag.py:545} INFO - Filling up the DagBag from /home/airflow/.local/lib/python3.11/site-packages/airflow/example_dags/tutorial.py
[2024-07-13T00:47:56.811+0000] {processor.py:840} INFO - DAG(s) 'tutorial' retrieved from /home/airflow/.local/lib/python3.11/site-packages/airflow/example_dags/tutorial.py
[2024-07-13T00:47:56.861+0000] {logging_mixin.py:188} INFO - [2024-07-13T00:47:56.860+0000] {dag.py:3096} INFO - Sync 1 DAGs
[2024-07-13T00:47:56.909+0000] {logging_mixin.py:188} INFO - [2024-07-13T00:47:56.908+0000] {dag.py:3954} INFO - Setting next_dagrun for tutorial to 2024-07-12 00:00:00+00:00, run_after=2024-07-13 00:00:00+00:00
[2024-07-13T00:47:56.949+0000] {processor.py:183} INFO - Processing /home/airflow/.local/lib/python3.11/site-packages/airflow/example_dags/tutorial.py took 0.172 seconds
[2024-07-13T00:48:31.162+0000] {processor.py:161} INFO - Started process (PID=557) to work on /home/airflow/.local/lib/python3.11/site-packages/airflow/example_dags/tutorial.py
[2024-07-13T00:48:31.164+0000] {processor.py:830} INFO - Processing file /home/airflow/.local/lib/python3.11/site-packages/airflow/example_dags/tutorial.py for tasks to queue
[2024-07-13T00:48:31.169+0000] {logging_mixin.py:188} INFO - [2024-07-13T00:48:31.168+0000] {dagbag.py:545} INFO - Filling up the DagBag from /home/airflow/.local/lib/python3.11/site-packages/airflow/example_dags/tutorial.py
[2024-07-13T00:48:31.183+0000] {processor.py:840} INFO - DAG(s) 'tutorial' retrieved from /home/airflow/.local/lib/python3.11/site-packages/airflow/example_dags/tutorial.py
[2024-07-13T00:48:31.227+0000] {logging_mixin.py:188} INFO - [2024-07-13T00:48:31.227+0000] {dag.py:3096} INFO - Sync 1 DAGs
[2024-07-13T00:48:31.273+0000] {logging_mixin.py:188} INFO - [2024-07-13T00:48:31.272+0000] {dag.py:3954} INFO - Setting next_dagrun for tutorial to 2024-07-12 00:00:00+00:00, run_after=2024-07-13 00:00:00+00:00
[2024-07-13T00:48:31.302+0000] {processor.py:183} INFO - Processing /home/airflow/.local/lib/python3.11/site-packages/airflow/example_dags/tutorial.py took 0.156 seconds
[2024-07-13T00:49:06.012+0000] {processor.py:161} INFO - Started process (PID=621) to work on /home/airflow/.local/lib/python3.11/site-packages/airflow/example_dags/tutorial.py
[2024-07-13T00:49:06.015+0000] {processor.py:830} INFO - Processing file /home/airflow/.local/lib/python3.11/site-packages/airflow/example_dags/tutorial.py for tasks to queue
[2024-07-13T00:49:06.018+0000] {logging_mixin.py:188} INFO - [2024-07-13T00:49:06.017+0000] {dagbag.py:545} INFO - Filling up the DagBag from /home/airflow/.local/lib/python3.11/site-packages/airflow/example_dags/tutorial.py
[2024-07-13T00:49:06.031+0000] {processor.py:840} INFO - DAG(s) 'tutorial' retrieved from /home/airflow/.local/lib/python3.11/site-packages/airflow/example_dags/tutorial.py
[2024-07-13T00:49:06.074+0000] {logging_mixin.py:188} INFO - [2024-07-13T00:49:06.073+0000] {dag.py:3096} INFO - Sync 1 DAGs
[2024-07-13T00:49:06.117+0000] {logging_mixin.py:188} INFO - [2024-07-13T00:49:06.117+0000] {dag.py:3954} INFO - Setting next_dagrun for tutorial to 2024-07-12 00:00:00+00:00, run_after=2024-07-13 00:00:00+00:00
[2024-07-13T00:49:06.153+0000] {processor.py:183} INFO - Processing /home/airflow/.local/lib/python3.11/site-packages/airflow/example_dags/tutorial.py took 0.154 seconds
[2024-07-13T00:49:39.808+0000] {processor.py:161} INFO - Started process (PID=683) to work on /home/airflow/.local/lib/python3.11/site-packages/airflow/example_dags/tutorial.py
[2024-07-13T00:49:39.810+0000] {processor.py:830} INFO - Processing file /home/airflow/.local/lib/python3.11/site-packages/airflow/example_dags/tutorial.py for tasks to queue
[2024-07-13T00:49:39.814+0000] {logging_mixin.py:188} INFO - [2024-07-13T00:49:39.813+0000] {dagbag.py:545} INFO - Filling up the DagBag from /home/airflow/.local/lib/python3.11/site-packages/airflow/example_dags/tutorial.py
[2024-07-13T00:49:39.830+0000] {processor.py:840} INFO - DAG(s) 'tutorial' retrieved from /home/airflow/.local/lib/python3.11/site-packages/airflow/example_dags/tutorial.py
[2024-07-13T00:49:39.873+0000] {logging_mixin.py:188} INFO - [2024-07-13T00:49:39.873+0000] {dag.py:3096} INFO - Sync 1 DAGs
[2024-07-13T00:49:39.917+0000] {logging_mixin.py:188} INFO - [2024-07-13T00:49:39.916+0000] {dag.py:3954} INFO - Setting next_dagrun for tutorial to 2024-07-12 00:00:00+00:00, run_after=2024-07-13 00:00:00+00:00
[2024-07-13T00:49:39.955+0000] {processor.py:183} INFO - Processing /home/airflow/.local/lib/python3.11/site-packages/airflow/example_dags/tutorial.py took 0.161 seconds
[2024-07-13T00:50:14.106+0000] {processor.py:161} INFO - Started process (PID=749) to work on /home/airflow/.local/lib/python3.11/site-packages/airflow/example_dags/tutorial.py
[2024-07-13T00:50:14.107+0000] {processor.py:830} INFO - Processing file /home/airflow/.local/lib/python3.11/site-packages/airflow/example_dags/tutorial.py for tasks to queue
[2024-07-13T00:50:14.110+0000] {logging_mixin.py:188} INFO - [2024-07-13T00:50:14.109+0000] {dagbag.py:545} INFO - Filling up the DagBag from /home/airflow/.local/lib/python3.11/site-packages/airflow/example_dags/tutorial.py
[2024-07-13T00:50:14.122+0000] {processor.py:840} INFO - DAG(s) 'tutorial' retrieved from /home/airflow/.local/lib/python3.11/site-packages/airflow/example_dags/tutorial.py
[2024-07-13T00:50:14.168+0000] {logging_mixin.py:188} INFO - [2024-07-13T00:50:14.167+0000] {dag.py:3096} INFO - Sync 1 DAGs
[2024-07-13T00:50:14.210+0000] {logging_mixin.py:188} INFO - [2024-07-13T00:50:14.210+0000] {dag.py:3954} INFO - Setting next_dagrun for tutorial to 2024-07-12 00:00:00+00:00, run_after=2024-07-13 00:00:00+00:00
[2024-07-13T00:50:14.254+0000] {processor.py:183} INFO - Processing /home/airflow/.local/lib/python3.11/site-packages/airflow/example_dags/tutorial.py took 0.161 seconds
[2024-07-13T00:50:47.329+0000] {processor.py:161} INFO - Started process (PID=817) to work on /home/airflow/.local/lib/python3.11/site-packages/airflow/example_dags/tutorial.py
[2024-07-13T00:50:47.331+0000] {processor.py:830} INFO - Processing file /home/airflow/.local/lib/python3.11/site-packages/airflow/example_dags/tutorial.py for tasks to queue
[2024-07-13T00:50:47.334+0000] {logging_mixin.py:188} INFO - [2024-07-13T00:50:47.334+0000] {dagbag.py:545} INFO - Filling up the DagBag from /home/airflow/.local/lib/python3.11/site-packages/airflow/example_dags/tutorial.py
[2024-07-13T00:50:47.346+0000] {processor.py:840} INFO - DAG(s) 'tutorial' retrieved from /home/airflow/.local/lib/python3.11/site-packages/airflow/example_dags/tutorial.py
[2024-07-13T00:50:47.382+0000] {logging_mixin.py:188} INFO - [2024-07-13T00:50:47.381+0000] {dag.py:3096} INFO - Sync 1 DAGs
[2024-07-13T00:50:47.415+0000] {logging_mixin.py:188} INFO - [2024-07-13T00:50:47.415+0000] {dag.py:3954} INFO - Setting next_dagrun for tutorial to 2024-07-12 00:00:00+00:00, run_after=2024-07-13 00:00:00+00:00
[2024-07-13T00:50:47.737+0000] {processor.py:183} INFO - Processing /home/airflow/.local/lib/python3.11/site-packages/airflow/example_dags/tutorial.py took 0.420 seconds
[2024-07-13T00:51:20.734+0000] {processor.py:161} INFO - Started process (PID=879) to work on /home/airflow/.local/lib/python3.11/site-packages/airflow/example_dags/tutorial.py
[2024-07-13T00:51:20.736+0000] {processor.py:830} INFO - Processing file /home/airflow/.local/lib/python3.11/site-packages/airflow/example_dags/tutorial.py for tasks to queue
[2024-07-13T00:51:20.739+0000] {logging_mixin.py:188} INFO - [2024-07-13T00:51:20.739+0000] {dagbag.py:545} INFO - Filling up the DagBag from /home/airflow/.local/lib/python3.11/site-packages/airflow/example_dags/tutorial.py
[2024-07-13T00:51:20.754+0000] {processor.py:840} INFO - DAG(s) 'tutorial' retrieved from /home/airflow/.local/lib/python3.11/site-packages/airflow/example_dags/tutorial.py
[2024-07-13T00:51:20.796+0000] {logging_mixin.py:188} INFO - [2024-07-13T00:51:20.796+0000] {dag.py:3096} INFO - Sync 1 DAGs
[2024-07-13T00:51:20.831+0000] {logging_mixin.py:188} INFO - [2024-07-13T00:51:20.831+0000] {dag.py:3954} INFO - Setting next_dagrun for tutorial to 2024-07-12 00:00:00+00:00, run_after=2024-07-13 00:00:00+00:00
[2024-07-13T00:51:20.856+0000] {processor.py:183} INFO - Processing /home/airflow/.local/lib/python3.11/site-packages/airflow/example_dags/tutorial.py took 0.137 seconds
[2024-07-13T00:51:53.866+0000] {processor.py:161} INFO - Started process (PID=941) to work on /home/airflow/.local/lib/python3.11/site-packages/airflow/example_dags/tutorial.py
[2024-07-13T00:51:53.868+0000] {processor.py:830} INFO - Processing file /home/airflow/.local/lib/python3.11/site-packages/airflow/example_dags/tutorial.py for tasks to queue
[2024-07-13T00:51:53.871+0000] {logging_mixin.py:188} INFO - [2024-07-13T00:51:53.871+0000] {dagbag.py:545} INFO - Filling up the DagBag from /home/airflow/.local/lib/python3.11/site-packages/airflow/example_dags/tutorial.py
[2024-07-13T00:51:53.885+0000] {processor.py:840} INFO - DAG(s) 'tutorial' retrieved from /home/airflow/.local/lib/python3.11/site-packages/airflow/example_dags/tutorial.py
[2024-07-13T00:51:53.930+0000] {logging_mixin.py:188} INFO - [2024-07-13T00:51:53.929+0000] {dag.py:3096} INFO - Sync 1 DAGs
[2024-07-13T00:51:53.971+0000] {logging_mixin.py:188} INFO - [2024-07-13T00:51:53.971+0000] {dag.py:3954} INFO - Setting next_dagrun for tutorial to 2024-07-12 00:00:00+00:00, run_after=2024-07-13 00:00:00+00:00
[2024-07-13T00:51:54.005+0000] {processor.py:183} INFO - Processing /home/airflow/.local/lib/python3.11/site-packages/airflow/example_dags/tutorial.py took 0.151 seconds
[2024-07-13T00:52:26.946+0000] {processor.py:161} INFO - Started process (PID=1004) to work on /home/airflow/.local/lib/python3.11/site-packages/airflow/example_dags/tutorial.py
[2024-07-13T00:52:26.948+0000] {processor.py:830} INFO - Processing file /home/airflow/.local/lib/python3.11/site-packages/airflow/example_dags/tutorial.py for tasks to queue
[2024-07-13T00:52:26.951+0000] {logging_mixin.py:188} INFO - [2024-07-13T00:52:26.950+0000] {dagbag.py:545} INFO - Filling up the DagBag from /home/airflow/.local/lib/python3.11/site-packages/airflow/example_dags/tutorial.py
[2024-07-13T00:52:26.965+0000] {processor.py:840} INFO - DAG(s) 'tutorial' retrieved from /home/airflow/.local/lib/python3.11/site-packages/airflow/example_dags/tutorial.py
[2024-07-13T00:52:27.011+0000] {logging_mixin.py:188} INFO - [2024-07-13T00:52:27.010+0000] {dag.py:3096} INFO - Sync 1 DAGs
[2024-07-13T00:52:27.054+0000] {logging_mixin.py:188} INFO - [2024-07-13T00:52:27.053+0000] {dag.py:3954} INFO - Setting next_dagrun for tutorial to 2024-07-12 00:00:00+00:00, run_after=2024-07-13 00:00:00+00:00
[2024-07-13T00:52:27.088+0000] {processor.py:183} INFO - Processing /home/airflow/.local/lib/python3.11/site-packages/airflow/example_dags/tutorial.py took 0.155 seconds
[2024-07-13T00:52:59.536+0000] {processor.py:161} INFO - Started process (PID=1067) to work on /home/airflow/.local/lib/python3.11/site-packages/airflow/example_dags/tutorial.py
[2024-07-13T00:52:59.538+0000] {processor.py:830} INFO - Processing file /home/airflow/.local/lib/python3.11/site-packages/airflow/example_dags/tutorial.py for tasks to queue
[2024-07-13T00:52:59.542+0000] {logging_mixin.py:188} INFO - [2024-07-13T00:52:59.541+0000] {dagbag.py:545} INFO - Filling up the DagBag from /home/airflow/.local/lib/python3.11/site-packages/airflow/example_dags/tutorial.py
[2024-07-13T00:52:59.556+0000] {processor.py:840} INFO - DAG(s) 'tutorial' retrieved from /home/airflow/.local/lib/python3.11/site-packages/airflow/example_dags/tutorial.py
[2024-07-13T00:52:59.606+0000] {logging_mixin.py:188} INFO - [2024-07-13T00:52:59.606+0000] {dag.py:3096} INFO - Sync 1 DAGs
[2024-07-13T00:52:59.639+0000] {logging_mixin.py:188} INFO - [2024-07-13T00:52:59.639+0000] {dag.py:3954} INFO - Setting next_dagrun for tutorial to 2024-07-12 00:00:00+00:00, run_after=2024-07-13 00:00:00+00:00
[2024-07-13T00:52:59.667+0000] {processor.py:183} INFO - Processing /home/airflow/.local/lib/python3.11/site-packages/airflow/example_dags/tutorial.py took 0.145 seconds
[2024-07-13T00:53:32.564+0000] {processor.py:161} INFO - Started process (PID=1129) to work on /home/airflow/.local/lib/python3.11/site-packages/airflow/example_dags/tutorial.py
[2024-07-13T00:53:32.567+0000] {processor.py:830} INFO - Processing file /home/airflow/.local/lib/python3.11/site-packages/airflow/example_dags/tutorial.py for tasks to queue
[2024-07-13T00:53:32.570+0000] {logging_mixin.py:188} INFO - [2024-07-13T00:53:32.570+0000] {dagbag.py:545} INFO - Filling up the DagBag from /home/airflow/.local/lib/python3.11/site-packages/airflow/example_dags/tutorial.py
[2024-07-13T00:53:32.586+0000] {processor.py:840} INFO - DAG(s) 'tutorial' retrieved from /home/airflow/.local/lib/python3.11/site-packages/airflow/example_dags/tutorial.py
[2024-07-13T00:53:32.629+0000] {logging_mixin.py:188} INFO - [2024-07-13T00:53:32.629+0000] {dag.py:3096} INFO - Sync 1 DAGs
[2024-07-13T00:53:32.666+0000] {logging_mixin.py:188} INFO - [2024-07-13T00:53:32.665+0000] {dag.py:3954} INFO - Setting next_dagrun for tutorial to 2024-07-12 00:00:00+00:00, run_after=2024-07-13 00:00:00+00:00
[2024-07-13T00:53:32.699+0000] {processor.py:183} INFO - Processing /home/airflow/.local/lib/python3.11/site-packages/airflow/example_dags/tutorial.py took 0.148 seconds
[2024-07-13T00:54:05.196+0000] {processor.py:161} INFO - Started process (PID=1191) to work on /home/airflow/.local/lib/python3.11/site-packages/airflow/example_dags/tutorial.py
[2024-07-13T00:54:05.198+0000] {processor.py:830} INFO - Processing file /home/airflow/.local/lib/python3.11/site-packages/airflow/example_dags/tutorial.py for tasks to queue
[2024-07-13T00:54:05.201+0000] {logging_mixin.py:188} INFO - [2024-07-13T00:54:05.200+0000] {dagbag.py:545} INFO - Filling up the DagBag from /home/airflow/.local/lib/python3.11/site-packages/airflow/example_dags/tutorial.py
[2024-07-13T00:54:05.213+0000] {processor.py:840} INFO - DAG(s) 'tutorial' retrieved from /home/airflow/.local/lib/python3.11/site-packages/airflow/example_dags/tutorial.py
[2024-07-13T00:54:05.248+0000] {logging_mixin.py:188} INFO - [2024-07-13T00:54:05.247+0000] {dag.py:3096} INFO - Sync 1 DAGs
[2024-07-13T00:54:05.284+0000] {logging_mixin.py:188} INFO - [2024-07-13T00:54:05.283+0000] {dag.py:3954} INFO - Setting next_dagrun for tutorial to 2024-07-12 00:00:00+00:00, run_after=2024-07-13 00:00:00+00:00
[2024-07-13T00:54:05.317+0000] {processor.py:183} INFO - Processing /home/airflow/.local/lib/python3.11/site-packages/airflow/example_dags/tutorial.py took 0.133 seconds
[2024-07-13T00:54:38.393+0000] {processor.py:161} INFO - Started process (PID=1253) to work on /home/airflow/.local/lib/python3.11/site-packages/airflow/example_dags/tutorial.py
[2024-07-13T00:54:38.396+0000] {processor.py:830} INFO - Processing file /home/airflow/.local/lib/python3.11/site-packages/airflow/example_dags/tutorial.py for tasks to queue
[2024-07-13T00:54:38.401+0000] {logging_mixin.py:188} INFO - [2024-07-13T00:54:38.400+0000] {dagbag.py:545} INFO - Filling up the DagBag from /home/airflow/.local/lib/python3.11/site-packages/airflow/example_dags/tutorial.py
[2024-07-13T00:54:38.421+0000] {processor.py:840} INFO - DAG(s) 'tutorial' retrieved from /home/airflow/.local/lib/python3.11/site-packages/airflow/example_dags/tutorial.py
[2024-07-13T00:54:38.475+0000] {logging_mixin.py:188} INFO - [2024-07-13T00:54:38.474+0000] {dag.py:3096} INFO - Sync 1 DAGs
[2024-07-13T00:54:38.521+0000] {logging_mixin.py:188} INFO - [2024-07-13T00:54:38.520+0000] {dag.py:3954} INFO - Setting next_dagrun for tutorial to 2024-07-12 00:00:00+00:00, run_after=2024-07-13 00:00:00+00:00
[2024-07-13T00:54:38.559+0000] {processor.py:183} INFO - Processing /home/airflow/.local/lib/python3.11/site-packages/airflow/example_dags/tutorial.py took 0.180 seconds
[2024-07-13T00:55:11.071+0000] {processor.py:161} INFO - Started process (PID=1315) to work on /home/airflow/.local/lib/python3.11/site-packages/airflow/example_dags/tutorial.py
[2024-07-13T00:55:11.073+0000] {processor.py:830} INFO - Processing file /home/airflow/.local/lib/python3.11/site-packages/airflow/example_dags/tutorial.py for tasks to queue
[2024-07-13T00:55:11.076+0000] {logging_mixin.py:188} INFO - [2024-07-13T00:55:11.076+0000] {dagbag.py:545} INFO - Filling up the DagBag from /home/airflow/.local/lib/python3.11/site-packages/airflow/example_dags/tutorial.py
[2024-07-13T00:55:11.091+0000] {processor.py:840} INFO - DAG(s) 'tutorial' retrieved from /home/airflow/.local/lib/python3.11/site-packages/airflow/example_dags/tutorial.py
[2024-07-13T00:55:11.134+0000] {logging_mixin.py:188} INFO - [2024-07-13T00:55:11.133+0000] {dag.py:3096} INFO - Sync 1 DAGs
[2024-07-13T00:55:11.174+0000] {logging_mixin.py:188} INFO - [2024-07-13T00:55:11.174+0000] {dag.py:3954} INFO - Setting next_dagrun for tutorial to 2024-07-12 00:00:00+00:00, run_after=2024-07-13 00:00:00+00:00
[2024-07-13T00:55:11.217+0000] {processor.py:183} INFO - Processing /home/airflow/.local/lib/python3.11/site-packages/airflow/example_dags/tutorial.py took 0.160 seconds
[2024-07-13T00:59:00.421+0000] {processor.py:161} INFO - Started process (PID=60) to work on /home/airflow/.local/lib/python3.11/site-packages/airflow/example_dags/tutorial.py
[2024-07-13T00:59:00.424+0000] {processor.py:830} INFO - Processing file /home/airflow/.local/lib/python3.11/site-packages/airflow/example_dags/tutorial.py for tasks to queue
[2024-07-13T00:59:00.429+0000] {logging_mixin.py:188} INFO - [2024-07-13T00:59:00.428+0000] {dagbag.py:545} INFO - Filling up the DagBag from /home/airflow/.local/lib/python3.11/site-packages/airflow/example_dags/tutorial.py
[2024-07-13T00:59:00.446+0000] {processor.py:840} INFO - DAG(s) 'tutorial' retrieved from /home/airflow/.local/lib/python3.11/site-packages/airflow/example_dags/tutorial.py
[2024-07-13T00:59:00.682+0000] {logging_mixin.py:188} INFO - [2024-07-13T00:59:00.682+0000] {dag.py:3096} INFO - Sync 1 DAGs
[2024-07-13T00:59:00.727+0000] {logging_mixin.py:188} INFO - [2024-07-13T00:59:00.727+0000] {dag.py:3954} INFO - Setting next_dagrun for tutorial to 2024-07-12 00:00:00+00:00, run_after=2024-07-13 00:00:00+00:00
[2024-07-13T00:59:00.766+0000] {processor.py:183} INFO - Processing /home/airflow/.local/lib/python3.11/site-packages/airflow/example_dags/tutorial.py took 0.360 seconds
[2024-07-13T00:59:31.036+0000] {processor.py:161} INFO - Started process (PID=122) to work on /home/airflow/.local/lib/python3.11/site-packages/airflow/example_dags/tutorial.py
[2024-07-13T00:59:31.038+0000] {processor.py:830} INFO - Processing file /home/airflow/.local/lib/python3.11/site-packages/airflow/example_dags/tutorial.py for tasks to queue
[2024-07-13T00:59:31.041+0000] {logging_mixin.py:188} INFO - [2024-07-13T00:59:31.041+0000] {dagbag.py:545} INFO - Filling up the DagBag from /home/airflow/.local/lib/python3.11/site-packages/airflow/example_dags/tutorial.py
[2024-07-13T00:59:31.057+0000] {processor.py:840} INFO - DAG(s) 'tutorial' retrieved from /home/airflow/.local/lib/python3.11/site-packages/airflow/example_dags/tutorial.py
[2024-07-13T00:59:31.105+0000] {logging_mixin.py:188} INFO - [2024-07-13T00:59:31.104+0000] {dag.py:3096} INFO - Sync 1 DAGs
[2024-07-13T00:59:31.146+0000] {logging_mixin.py:188} INFO - [2024-07-13T00:59:31.146+0000] {dag.py:3954} INFO - Setting next_dagrun for tutorial to 2024-07-12 00:00:00+00:00, run_after=2024-07-13 00:00:00+00:00
[2024-07-13T00:59:31.183+0000] {processor.py:183} INFO - Processing /home/airflow/.local/lib/python3.11/site-packages/airflow/example_dags/tutorial.py took 0.159 seconds
[2024-07-13T01:00:04.026+0000] {processor.py:161} INFO - Started process (PID=183) to work on /home/airflow/.local/lib/python3.11/site-packages/airflow/example_dags/tutorial.py
[2024-07-13T01:00:04.028+0000] {processor.py:830} INFO - Processing file /home/airflow/.local/lib/python3.11/site-packages/airflow/example_dags/tutorial.py for tasks to queue
[2024-07-13T01:00:04.031+0000] {logging_mixin.py:188} INFO - [2024-07-13T01:00:04.031+0000] {dagbag.py:545} INFO - Filling up the DagBag from /home/airflow/.local/lib/python3.11/site-packages/airflow/example_dags/tutorial.py
[2024-07-13T01:00:04.044+0000] {processor.py:840} INFO - DAG(s) 'tutorial' retrieved from /home/airflow/.local/lib/python3.11/site-packages/airflow/example_dags/tutorial.py
[2024-07-13T01:00:04.087+0000] {logging_mixin.py:188} INFO - [2024-07-13T01:00:04.086+0000] {dag.py:3096} INFO - Sync 1 DAGs
[2024-07-13T01:00:04.139+0000] {logging_mixin.py:188} INFO - [2024-07-13T01:00:04.138+0000] {dag.py:3954} INFO - Setting next_dagrun for tutorial to 2024-07-12 00:00:00+00:00, run_after=2024-07-13 00:00:00+00:00
[2024-07-13T01:00:04.181+0000] {processor.py:183} INFO - Processing /home/airflow/.local/lib/python3.11/site-packages/airflow/example_dags/tutorial.py took 0.168 seconds
[2024-07-13T01:00:36.764+0000] {processor.py:161} INFO - Started process (PID=245) to work on /home/airflow/.local/lib/python3.11/site-packages/airflow/example_dags/tutorial.py
[2024-07-13T01:00:36.767+0000] {processor.py:830} INFO - Processing file /home/airflow/.local/lib/python3.11/site-packages/airflow/example_dags/tutorial.py for tasks to queue
[2024-07-13T01:00:36.771+0000] {logging_mixin.py:188} INFO - [2024-07-13T01:00:36.770+0000] {dagbag.py:545} INFO - Filling up the DagBag from /home/airflow/.local/lib/python3.11/site-packages/airflow/example_dags/tutorial.py
[2024-07-13T01:00:36.788+0000] {processor.py:840} INFO - DAG(s) 'tutorial' retrieved from /home/airflow/.local/lib/python3.11/site-packages/airflow/example_dags/tutorial.py
[2024-07-13T01:00:36.826+0000] {logging_mixin.py:188} INFO - [2024-07-13T01:00:36.825+0000] {dag.py:3096} INFO - Sync 1 DAGs
[2024-07-13T01:00:36.860+0000] {logging_mixin.py:188} INFO - [2024-07-13T01:00:36.860+0000] {dag.py:3954} INFO - Setting next_dagrun for tutorial to 2024-07-12 00:00:00+00:00, run_after=2024-07-13 00:00:00+00:00
[2024-07-13T01:00:36.894+0000] {processor.py:183} INFO - Processing /home/airflow/.local/lib/python3.11/site-packages/airflow/example_dags/tutorial.py took 0.144 seconds
[2024-07-13T01:01:10.067+0000] {processor.py:161} INFO - Started process (PID=313) to work on /home/airflow/.local/lib/python3.11/site-packages/airflow/example_dags/tutorial.py
[2024-07-13T01:01:10.068+0000] {processor.py:830} INFO - Processing file /home/airflow/.local/lib/python3.11/site-packages/airflow/example_dags/tutorial.py for tasks to queue
[2024-07-13T01:01:10.072+0000] {logging_mixin.py:188} INFO - [2024-07-13T01:01:10.071+0000] {dagbag.py:545} INFO - Filling up the DagBag from /home/airflow/.local/lib/python3.11/site-packages/airflow/example_dags/tutorial.py
[2024-07-13T01:01:10.087+0000] {processor.py:840} INFO - DAG(s) 'tutorial' retrieved from /home/airflow/.local/lib/python3.11/site-packages/airflow/example_dags/tutorial.py
[2024-07-13T01:01:10.133+0000] {logging_mixin.py:188} INFO - [2024-07-13T01:01:10.132+0000] {dag.py:3096} INFO - Sync 1 DAGs
[2024-07-13T01:01:10.183+0000] {logging_mixin.py:188} INFO - [2024-07-13T01:01:10.183+0000] {dag.py:3954} INFO - Setting next_dagrun for tutorial to 2024-07-12 00:00:00+00:00, run_after=2024-07-13 00:00:00+00:00
[2024-07-13T01:01:10.222+0000] {processor.py:183} INFO - Processing /home/airflow/.local/lib/python3.11/site-packages/airflow/example_dags/tutorial.py took 0.169 seconds
[2024-07-13T01:01:43.552+0000] {processor.py:161} INFO - Started process (PID=375) to work on /home/airflow/.local/lib/python3.11/site-packages/airflow/example_dags/tutorial.py
[2024-07-13T01:01:43.555+0000] {processor.py:830} INFO - Processing file /home/airflow/.local/lib/python3.11/site-packages/airflow/example_dags/tutorial.py for tasks to queue
[2024-07-13T01:01:43.560+0000] {logging_mixin.py:188} INFO - [2024-07-13T01:01:43.559+0000] {dagbag.py:545} INFO - Filling up the DagBag from /home/airflow/.local/lib/python3.11/site-packages/airflow/example_dags/tutorial.py
[2024-07-13T01:01:43.580+0000] {processor.py:840} INFO - DAG(s) 'tutorial' retrieved from /home/airflow/.local/lib/python3.11/site-packages/airflow/example_dags/tutorial.py
[2024-07-13T01:01:43.626+0000] {logging_mixin.py:188} INFO - [2024-07-13T01:01:43.625+0000] {dag.py:3096} INFO - Sync 1 DAGs
[2024-07-13T01:01:43.668+0000] {logging_mixin.py:188} INFO - [2024-07-13T01:01:43.668+0000] {dag.py:3954} INFO - Setting next_dagrun for tutorial to 2024-07-12 00:00:00+00:00, run_after=2024-07-13 00:00:00+00:00
[2024-07-13T01:01:43.704+0000] {processor.py:183} INFO - Processing /home/airflow/.local/lib/python3.11/site-packages/airflow/example_dags/tutorial.py took 0.170 seconds
[2024-07-13T01:02:17.782+0000] {processor.py:161} INFO - Started process (PID=436) to work on /home/airflow/.local/lib/python3.11/site-packages/airflow/example_dags/tutorial.py
[2024-07-13T01:02:17.785+0000] {processor.py:830} INFO - Processing file /home/airflow/.local/lib/python3.11/site-packages/airflow/example_dags/tutorial.py for tasks to queue
[2024-07-13T01:02:17.790+0000] {logging_mixin.py:188} INFO - [2024-07-13T01:02:17.789+0000] {dagbag.py:545} INFO - Filling up the DagBag from /home/airflow/.local/lib/python3.11/site-packages/airflow/example_dags/tutorial.py
[2024-07-13T01:02:17.806+0000] {processor.py:840} INFO - DAG(s) 'tutorial' retrieved from /home/airflow/.local/lib/python3.11/site-packages/airflow/example_dags/tutorial.py
[2024-07-13T01:02:17.859+0000] {logging_mixin.py:188} INFO - [2024-07-13T01:02:17.859+0000] {dag.py:3096} INFO - Sync 1 DAGs
[2024-07-13T01:02:17.917+0000] {logging_mixin.py:188} INFO - [2024-07-13T01:02:17.917+0000] {dag.py:3954} INFO - Setting next_dagrun for tutorial to 2024-07-12 00:00:00+00:00, run_after=2024-07-13 00:00:00+00:00
[2024-07-13T01:02:17.961+0000] {processor.py:183} INFO - Processing /home/airflow/.local/lib/python3.11/site-packages/airflow/example_dags/tutorial.py took 0.195 seconds
[2024-07-13T01:02:51.428+0000] {processor.py:161} INFO - Started process (PID=498) to work on /home/airflow/.local/lib/python3.11/site-packages/airflow/example_dags/tutorial.py
[2024-07-13T01:02:51.430+0000] {processor.py:830} INFO - Processing file /home/airflow/.local/lib/python3.11/site-packages/airflow/example_dags/tutorial.py for tasks to queue
[2024-07-13T01:02:51.434+0000] {logging_mixin.py:188} INFO - [2024-07-13T01:02:51.434+0000] {dagbag.py:545} INFO - Filling up the DagBag from /home/airflow/.local/lib/python3.11/site-packages/airflow/example_dags/tutorial.py
[2024-07-13T01:02:51.451+0000] {processor.py:840} INFO - DAG(s) 'tutorial' retrieved from /home/airflow/.local/lib/python3.11/site-packages/airflow/example_dags/tutorial.py
[2024-07-13T01:02:51.491+0000] {logging_mixin.py:188} INFO - [2024-07-13T01:02:51.490+0000] {dag.py:3096} INFO - Sync 1 DAGs
[2024-07-13T01:02:51.526+0000] {logging_mixin.py:188} INFO - [2024-07-13T01:02:51.526+0000] {dag.py:3954} INFO - Setting next_dagrun for tutorial to 2024-07-12 00:00:00+00:00, run_after=2024-07-13 00:00:00+00:00
[2024-07-13T01:02:51.560+0000] {processor.py:183} INFO - Processing /home/airflow/.local/lib/python3.11/site-packages/airflow/example_dags/tutorial.py took 0.146 seconds
[2024-07-13T01:03:26.546+0000] {processor.py:161} INFO - Started process (PID=560) to work on /home/airflow/.local/lib/python3.11/site-packages/airflow/example_dags/tutorial.py
[2024-07-13T01:03:26.548+0000] {processor.py:830} INFO - Processing file /home/airflow/.local/lib/python3.11/site-packages/airflow/example_dags/tutorial.py for tasks to queue
[2024-07-13T01:03:26.553+0000] {logging_mixin.py:188} INFO - [2024-07-13T01:03:26.553+0000] {dagbag.py:545} INFO - Filling up the DagBag from /home/airflow/.local/lib/python3.11/site-packages/airflow/example_dags/tutorial.py
[2024-07-13T01:03:26.568+0000] {processor.py:840} INFO - DAG(s) 'tutorial' retrieved from /home/airflow/.local/lib/python3.11/site-packages/airflow/example_dags/tutorial.py
[2024-07-13T01:03:26.615+0000] {logging_mixin.py:188} INFO - [2024-07-13T01:03:26.614+0000] {dag.py:3096} INFO - Sync 1 DAGs
[2024-07-13T01:03:26.665+0000] {logging_mixin.py:188} INFO - [2024-07-13T01:03:26.664+0000] {dag.py:3954} INFO - Setting next_dagrun for tutorial to 2024-07-12 00:00:00+00:00, run_after=2024-07-13 00:00:00+00:00
[2024-07-13T01:03:26.711+0000] {processor.py:183} INFO - Processing /home/airflow/.local/lib/python3.11/site-packages/airflow/example_dags/tutorial.py took 0.183 seconds
[2024-07-13T01:04:00.598+0000] {processor.py:161} INFO - Started process (PID=623) to work on /home/airflow/.local/lib/python3.11/site-packages/airflow/example_dags/tutorial.py
[2024-07-13T01:04:00.601+0000] {processor.py:830} INFO - Processing file /home/airflow/.local/lib/python3.11/site-packages/airflow/example_dags/tutorial.py for tasks to queue
[2024-07-13T01:04:00.605+0000] {logging_mixin.py:188} INFO - [2024-07-13T01:04:00.604+0000] {dagbag.py:545} INFO - Filling up the DagBag from /home/airflow/.local/lib/python3.11/site-packages/airflow/example_dags/tutorial.py
[2024-07-13T01:04:00.619+0000] {processor.py:840} INFO - DAG(s) 'tutorial' retrieved from /home/airflow/.local/lib/python3.11/site-packages/airflow/example_dags/tutorial.py
[2024-07-13T01:04:00.661+0000] {logging_mixin.py:188} INFO - [2024-07-13T01:04:00.661+0000] {dag.py:3096} INFO - Sync 1 DAGs
[2024-07-13T01:04:00.699+0000] {logging_mixin.py:188} INFO - [2024-07-13T01:04:00.699+0000] {dag.py:3954} INFO - Setting next_dagrun for tutorial to 2024-07-12 00:00:00+00:00, run_after=2024-07-13 00:00:00+00:00
[2024-07-13T01:04:00.729+0000] {processor.py:183} INFO - Processing /home/airflow/.local/lib/python3.11/site-packages/airflow/example_dags/tutorial.py took 0.148 seconds
[2024-07-13T01:04:33.856+0000] {processor.py:161} INFO - Started process (PID=685) to work on /home/airflow/.local/lib/python3.11/site-packages/airflow/example_dags/tutorial.py
[2024-07-13T01:04:33.858+0000] {processor.py:830} INFO - Processing file /home/airflow/.local/lib/python3.11/site-packages/airflow/example_dags/tutorial.py for tasks to queue
[2024-07-13T01:04:33.861+0000] {logging_mixin.py:188} INFO - [2024-07-13T01:04:33.861+0000] {dagbag.py:545} INFO - Filling up the DagBag from /home/airflow/.local/lib/python3.11/site-packages/airflow/example_dags/tutorial.py
[2024-07-13T01:04:33.875+0000] {processor.py:840} INFO - DAG(s) 'tutorial' retrieved from /home/airflow/.local/lib/python3.11/site-packages/airflow/example_dags/tutorial.py
[2024-07-13T01:04:33.911+0000] {logging_mixin.py:188} INFO - [2024-07-13T01:04:33.910+0000] {dag.py:3096} INFO - Sync 1 DAGs
[2024-07-13T01:04:33.943+0000] {logging_mixin.py:188} INFO - [2024-07-13T01:04:33.943+0000] {dag.py:3954} INFO - Setting next_dagrun for tutorial to 2024-07-12 00:00:00+00:00, run_after=2024-07-13 00:00:00+00:00
[2024-07-13T01:04:33.970+0000] {processor.py:183} INFO - Processing /home/airflow/.local/lib/python3.11/site-packages/airflow/example_dags/tutorial.py took 0.126 seconds
[2024-07-13T01:05:07.005+0000] {processor.py:161} INFO - Started process (PID=747) to work on /home/airflow/.local/lib/python3.11/site-packages/airflow/example_dags/tutorial.py
[2024-07-13T01:05:07.006+0000] {processor.py:830} INFO - Processing file /home/airflow/.local/lib/python3.11/site-packages/airflow/example_dags/tutorial.py for tasks to queue
[2024-07-13T01:05:07.010+0000] {logging_mixin.py:188} INFO - [2024-07-13T01:05:07.009+0000] {dagbag.py:545} INFO - Filling up the DagBag from /home/airflow/.local/lib/python3.11/site-packages/airflow/example_dags/tutorial.py
[2024-07-13T01:05:07.023+0000] {processor.py:840} INFO - DAG(s) 'tutorial' retrieved from /home/airflow/.local/lib/python3.11/site-packages/airflow/example_dags/tutorial.py
[2024-07-13T01:05:07.058+0000] {logging_mixin.py:188} INFO - [2024-07-13T01:05:07.058+0000] {dag.py:3096} INFO - Sync 1 DAGs
[2024-07-13T01:05:07.097+0000] {logging_mixin.py:188} INFO - [2024-07-13T01:05:07.096+0000] {dag.py:3954} INFO - Setting next_dagrun for tutorial to 2024-07-12 00:00:00+00:00, run_after=2024-07-13 00:00:00+00:00
[2024-07-13T01:05:07.129+0000] {processor.py:183} INFO - Processing /home/airflow/.local/lib/python3.11/site-packages/airflow/example_dags/tutorial.py took 0.136 seconds
[2024-07-13T01:05:43.847+0000] {processor.py:161} INFO - Started process (PID=816) to work on /home/airflow/.local/lib/python3.11/site-packages/airflow/example_dags/tutorial.py
[2024-07-13T01:05:43.850+0000] {processor.py:830} INFO - Processing file /home/airflow/.local/lib/python3.11/site-packages/airflow/example_dags/tutorial.py for tasks to queue
[2024-07-13T01:05:43.854+0000] {logging_mixin.py:188} INFO - [2024-07-13T01:05:43.853+0000] {dagbag.py:545} INFO - Filling up the DagBag from /home/airflow/.local/lib/python3.11/site-packages/airflow/example_dags/tutorial.py
[2024-07-13T01:05:43.868+0000] {processor.py:840} INFO - DAG(s) 'tutorial' retrieved from /home/airflow/.local/lib/python3.11/site-packages/airflow/example_dags/tutorial.py
[2024-07-13T01:05:43.909+0000] {logging_mixin.py:188} INFO - [2024-07-13T01:05:43.908+0000] {dag.py:3096} INFO - Sync 1 DAGs
[2024-07-13T01:05:44.405+0000] {logging_mixin.py:188} INFO - [2024-07-13T01:05:44.404+0000] {dag.py:3954} INFO - Setting next_dagrun for tutorial to 2024-07-12 00:00:00+00:00, run_after=2024-07-13 00:00:00+00:00
[2024-07-13T01:05:44.445+0000] {processor.py:183} INFO - Processing /home/airflow/.local/lib/python3.11/site-packages/airflow/example_dags/tutorial.py took 0.612 seconds
[2024-07-13T01:06:15.180+0000] {processor.py:161} INFO - Started process (PID=878) to work on /home/airflow/.local/lib/python3.11/site-packages/airflow/example_dags/tutorial.py
[2024-07-13T01:06:15.183+0000] {processor.py:830} INFO - Processing file /home/airflow/.local/lib/python3.11/site-packages/airflow/example_dags/tutorial.py for tasks to queue
[2024-07-13T01:06:15.188+0000] {logging_mixin.py:188} INFO - [2024-07-13T01:06:15.187+0000] {dagbag.py:545} INFO - Filling up the DagBag from /home/airflow/.local/lib/python3.11/site-packages/airflow/example_dags/tutorial.py
[2024-07-13T01:06:15.203+0000] {processor.py:840} INFO - DAG(s) 'tutorial' retrieved from /home/airflow/.local/lib/python3.11/site-packages/airflow/example_dags/tutorial.py
[2024-07-13T01:06:15.252+0000] {logging_mixin.py:188} INFO - [2024-07-13T01:06:15.252+0000] {dag.py:3096} INFO - Sync 1 DAGs
[2024-07-13T01:06:15.301+0000] {logging_mixin.py:188} INFO - [2024-07-13T01:06:15.301+0000] {dag.py:3954} INFO - Setting next_dagrun for tutorial to 2024-07-12 00:00:00+00:00, run_after=2024-07-13 00:00:00+00:00
[2024-07-13T01:06:15.336+0000] {processor.py:183} INFO - Processing /home/airflow/.local/lib/python3.11/site-packages/airflow/example_dags/tutorial.py took 0.172 seconds
[2024-07-13T01:06:46.647+0000] {processor.py:161} INFO - Started process (PID=940) to work on /home/airflow/.local/lib/python3.11/site-packages/airflow/example_dags/tutorial.py
[2024-07-13T01:06:46.648+0000] {processor.py:830} INFO - Processing file /home/airflow/.local/lib/python3.11/site-packages/airflow/example_dags/tutorial.py for tasks to queue
[2024-07-13T01:06:46.652+0000] {logging_mixin.py:188} INFO - [2024-07-13T01:06:46.651+0000] {dagbag.py:545} INFO - Filling up the DagBag from /home/airflow/.local/lib/python3.11/site-packages/airflow/example_dags/tutorial.py
[2024-07-13T01:06:46.664+0000] {processor.py:840} INFO - DAG(s) 'tutorial' retrieved from /home/airflow/.local/lib/python3.11/site-packages/airflow/example_dags/tutorial.py
[2024-07-13T01:06:46.715+0000] {logging_mixin.py:188} INFO - [2024-07-13T01:06:46.714+0000] {dag.py:3096} INFO - Sync 1 DAGs
[2024-07-13T01:06:46.763+0000] {logging_mixin.py:188} INFO - [2024-07-13T01:06:46.762+0000] {dag.py:3954} INFO - Setting next_dagrun for tutorial to 2024-07-12 00:00:00+00:00, run_after=2024-07-13 00:00:00+00:00
[2024-07-13T01:06:46.797+0000] {processor.py:183} INFO - Processing /home/airflow/.local/lib/python3.11/site-packages/airflow/example_dags/tutorial.py took 0.162 seconds
[2024-07-13T01:07:19.901+0000] {processor.py:161} INFO - Started process (PID=1002) to work on /home/airflow/.local/lib/python3.11/site-packages/airflow/example_dags/tutorial.py
[2024-07-13T01:07:19.903+0000] {processor.py:830} INFO - Processing file /home/airflow/.local/lib/python3.11/site-packages/airflow/example_dags/tutorial.py for tasks to queue
[2024-07-13T01:07:19.907+0000] {logging_mixin.py:188} INFO - [2024-07-13T01:07:19.906+0000] {dagbag.py:545} INFO - Filling up the DagBag from /home/airflow/.local/lib/python3.11/site-packages/airflow/example_dags/tutorial.py
[2024-07-13T01:07:19.921+0000] {processor.py:840} INFO - DAG(s) 'tutorial' retrieved from /home/airflow/.local/lib/python3.11/site-packages/airflow/example_dags/tutorial.py
[2024-07-13T01:07:19.961+0000] {logging_mixin.py:188} INFO - [2024-07-13T01:07:19.961+0000] {dag.py:3096} INFO - Sync 1 DAGs
[2024-07-13T01:07:20.000+0000] {logging_mixin.py:188} INFO - [2024-07-13T01:07:19.999+0000] {dag.py:3954} INFO - Setting next_dagrun for tutorial to 2024-07-12 00:00:00+00:00, run_after=2024-07-13 00:00:00+00:00
[2024-07-13T01:07:20.033+0000] {processor.py:183} INFO - Processing /home/airflow/.local/lib/python3.11/site-packages/airflow/example_dags/tutorial.py took 0.146 seconds
[2024-07-13T01:07:53.768+0000] {processor.py:161} INFO - Started process (PID=1068) to work on /home/airflow/.local/lib/python3.11/site-packages/airflow/example_dags/tutorial.py
[2024-07-13T01:07:53.771+0000] {processor.py:830} INFO - Processing file /home/airflow/.local/lib/python3.11/site-packages/airflow/example_dags/tutorial.py for tasks to queue
[2024-07-13T01:07:53.776+0000] {logging_mixin.py:188} INFO - [2024-07-13T01:07:53.775+0000] {dagbag.py:545} INFO - Filling up the DagBag from /home/airflow/.local/lib/python3.11/site-packages/airflow/example_dags/tutorial.py
[2024-07-13T01:07:53.798+0000] {processor.py:840} INFO - DAG(s) 'tutorial' retrieved from /home/airflow/.local/lib/python3.11/site-packages/airflow/example_dags/tutorial.py
[2024-07-13T01:07:53.869+0000] {logging_mixin.py:188} INFO - [2024-07-13T01:07:53.868+0000] {dag.py:3096} INFO - Sync 1 DAGs
[2024-07-13T01:07:53.928+0000] {logging_mixin.py:188} INFO - [2024-07-13T01:07:53.928+0000] {dag.py:3954} INFO - Setting next_dagrun for tutorial to 2024-07-12 00:00:00+00:00, run_after=2024-07-13 00:00:00+00:00
[2024-07-13T01:07:53.971+0000] {processor.py:183} INFO - Processing /home/airflow/.local/lib/python3.11/site-packages/airflow/example_dags/tutorial.py took 0.223 seconds
[2024-07-13T01:08:27.171+0000] {processor.py:161} INFO - Started process (PID=1130) to work on /home/airflow/.local/lib/python3.11/site-packages/airflow/example_dags/tutorial.py
[2024-07-13T01:08:27.173+0000] {processor.py:830} INFO - Processing file /home/airflow/.local/lib/python3.11/site-packages/airflow/example_dags/tutorial.py for tasks to queue
[2024-07-13T01:08:27.177+0000] {logging_mixin.py:188} INFO - [2024-07-13T01:08:27.176+0000] {dagbag.py:545} INFO - Filling up the DagBag from /home/airflow/.local/lib/python3.11/site-packages/airflow/example_dags/tutorial.py
[2024-07-13T01:08:27.192+0000] {processor.py:840} INFO - DAG(s) 'tutorial' retrieved from /home/airflow/.local/lib/python3.11/site-packages/airflow/example_dags/tutorial.py
[2024-07-13T01:08:27.240+0000] {logging_mixin.py:188} INFO - [2024-07-13T01:08:27.239+0000] {dag.py:3096} INFO - Sync 1 DAGs
[2024-07-13T01:08:27.288+0000] {logging_mixin.py:188} INFO - [2024-07-13T01:08:27.288+0000] {dag.py:3954} INFO - Setting next_dagrun for tutorial to 2024-07-12 00:00:00+00:00, run_after=2024-07-13 00:00:00+00:00
[2024-07-13T01:08:27.324+0000] {processor.py:183} INFO - Processing /home/airflow/.local/lib/python3.11/site-packages/airflow/example_dags/tutorial.py took 0.167 seconds
[2024-07-13T01:08:59.972+0000] {processor.py:161} INFO - Started process (PID=1192) to work on /home/airflow/.local/lib/python3.11/site-packages/airflow/example_dags/tutorial.py
[2024-07-13T01:08:59.975+0000] {processor.py:830} INFO - Processing file /home/airflow/.local/lib/python3.11/site-packages/airflow/example_dags/tutorial.py for tasks to queue
[2024-07-13T01:08:59.980+0000] {logging_mixin.py:188} INFO - [2024-07-13T01:08:59.979+0000] {dagbag.py:545} INFO - Filling up the DagBag from /home/airflow/.local/lib/python3.11/site-packages/airflow/example_dags/tutorial.py
[2024-07-13T01:08:59.997+0000] {processor.py:840} INFO - DAG(s) 'tutorial' retrieved from /home/airflow/.local/lib/python3.11/site-packages/airflow/example_dags/tutorial.py
[2024-07-13T01:09:00.046+0000] {logging_mixin.py:188} INFO - [2024-07-13T01:09:00.045+0000] {dag.py:3096} INFO - Sync 1 DAGs
[2024-07-13T01:09:00.100+0000] {logging_mixin.py:188} INFO - [2024-07-13T01:09:00.100+0000] {dag.py:3954} INFO - Setting next_dagrun for tutorial to 2024-07-12 00:00:00+00:00, run_after=2024-07-13 00:00:00+00:00
[2024-07-13T01:09:00.142+0000] {processor.py:183} INFO - Processing /home/airflow/.local/lib/python3.11/site-packages/airflow/example_dags/tutorial.py took 0.187 seconds
[2024-07-13T01:11:19.265+0000] {processor.py:161} INFO - Started process (PID=58) to work on /home/airflow/.local/lib/python3.11/site-packages/airflow/example_dags/tutorial.py
[2024-07-13T01:11:19.268+0000] {processor.py:830} INFO - Processing file /home/airflow/.local/lib/python3.11/site-packages/airflow/example_dags/tutorial.py for tasks to queue
[2024-07-13T01:11:19.272+0000] {logging_mixin.py:188} INFO - [2024-07-13T01:11:19.271+0000] {dagbag.py:545} INFO - Filling up the DagBag from /home/airflow/.local/lib/python3.11/site-packages/airflow/example_dags/tutorial.py
[2024-07-13T01:11:19.290+0000] {processor.py:840} INFO - DAG(s) 'tutorial' retrieved from /home/airflow/.local/lib/python3.11/site-packages/airflow/example_dags/tutorial.py
[2024-07-13T01:11:19.533+0000] {logging_mixin.py:188} INFO - [2024-07-13T01:11:19.532+0000] {dag.py:3096} INFO - Sync 1 DAGs
[2024-07-13T01:11:19.583+0000] {logging_mixin.py:188} INFO - [2024-07-13T01:11:19.582+0000] {dag.py:3954} INFO - Setting next_dagrun for tutorial to 2024-07-12 00:00:00+00:00, run_after=2024-07-13 00:00:00+00:00
[2024-07-13T01:11:19.619+0000] {processor.py:183} INFO - Processing /home/airflow/.local/lib/python3.11/site-packages/airflow/example_dags/tutorial.py took 0.372 seconds
[2024-07-13T01:11:50.314+0000] {processor.py:161} INFO - Started process (PID=119) to work on /home/airflow/.local/lib/python3.11/site-packages/airflow/example_dags/tutorial.py
[2024-07-13T01:11:50.316+0000] {processor.py:830} INFO - Processing file /home/airflow/.local/lib/python3.11/site-packages/airflow/example_dags/tutorial.py for tasks to queue
[2024-07-13T01:11:50.319+0000] {logging_mixin.py:188} INFO - [2024-07-13T01:11:50.319+0000] {dagbag.py:545} INFO - Filling up the DagBag from /home/airflow/.local/lib/python3.11/site-packages/airflow/example_dags/tutorial.py
[2024-07-13T01:11:50.335+0000] {processor.py:840} INFO - DAG(s) 'tutorial' retrieved from /home/airflow/.local/lib/python3.11/site-packages/airflow/example_dags/tutorial.py
[2024-07-13T01:11:50.377+0000] {logging_mixin.py:188} INFO - [2024-07-13T01:11:50.376+0000] {dag.py:3096} INFO - Sync 1 DAGs
[2024-07-13T01:11:50.416+0000] {logging_mixin.py:188} INFO - [2024-07-13T01:11:50.416+0000] {dag.py:3954} INFO - Setting next_dagrun for tutorial to 2024-07-12 00:00:00+00:00, run_after=2024-07-13 00:00:00+00:00
[2024-07-13T01:11:50.449+0000] {processor.py:183} INFO - Processing /home/airflow/.local/lib/python3.11/site-packages/airflow/example_dags/tutorial.py took 0.147 seconds
[2024-07-13T01:12:24.334+0000] {processor.py:161} INFO - Started process (PID=181) to work on /home/airflow/.local/lib/python3.11/site-packages/airflow/example_dags/tutorial.py
[2024-07-13T01:12:24.338+0000] {processor.py:830} INFO - Processing file /home/airflow/.local/lib/python3.11/site-packages/airflow/example_dags/tutorial.py for tasks to queue
[2024-07-13T01:12:24.344+0000] {logging_mixin.py:188} INFO - [2024-07-13T01:12:24.343+0000] {dagbag.py:545} INFO - Filling up the DagBag from /home/airflow/.local/lib/python3.11/site-packages/airflow/example_dags/tutorial.py
[2024-07-13T01:12:24.357+0000] {processor.py:840} INFO - DAG(s) 'tutorial' retrieved from /home/airflow/.local/lib/python3.11/site-packages/airflow/example_dags/tutorial.py
[2024-07-13T01:12:24.405+0000] {logging_mixin.py:188} INFO - [2024-07-13T01:12:24.404+0000] {dag.py:3096} INFO - Sync 1 DAGs
[2024-07-13T01:12:24.446+0000] {logging_mixin.py:188} INFO - [2024-07-13T01:12:24.446+0000] {dag.py:3954} INFO - Setting next_dagrun for tutorial to 2024-07-12 00:00:00+00:00, run_after=2024-07-13 00:00:00+00:00
[2024-07-13T01:12:24.481+0000] {processor.py:183} INFO - Processing /home/airflow/.local/lib/python3.11/site-packages/airflow/example_dags/tutorial.py took 0.164 seconds
[2024-07-13T01:12:56.985+0000] {processor.py:161} INFO - Started process (PID=249) to work on /home/airflow/.local/lib/python3.11/site-packages/airflow/example_dags/tutorial.py
[2024-07-13T01:12:56.987+0000] {processor.py:830} INFO - Processing file /home/airflow/.local/lib/python3.11/site-packages/airflow/example_dags/tutorial.py for tasks to queue
[2024-07-13T01:12:56.991+0000] {logging_mixin.py:188} INFO - [2024-07-13T01:12:56.990+0000] {dagbag.py:545} INFO - Filling up the DagBag from /home/airflow/.local/lib/python3.11/site-packages/airflow/example_dags/tutorial.py
[2024-07-13T01:12:57.006+0000] {processor.py:840} INFO - DAG(s) 'tutorial' retrieved from /home/airflow/.local/lib/python3.11/site-packages/airflow/example_dags/tutorial.py
[2024-07-13T01:12:57.050+0000] {logging_mixin.py:188} INFO - [2024-07-13T01:12:57.049+0000] {dag.py:3096} INFO - Sync 1 DAGs
[2024-07-13T01:12:57.104+0000] {logging_mixin.py:188} INFO - [2024-07-13T01:12:57.103+0000] {dag.py:3954} INFO - Setting next_dagrun for tutorial to 2024-07-12 00:00:00+00:00, run_after=2024-07-13 00:00:00+00:00
[2024-07-13T01:12:57.146+0000] {processor.py:183} INFO - Processing /home/airflow/.local/lib/python3.11/site-packages/airflow/example_dags/tutorial.py took 0.176 seconds
[2024-07-13T01:13:31.858+0000] {processor.py:161} INFO - Started process (PID=312) to work on /home/airflow/.local/lib/python3.11/site-packages/airflow/example_dags/tutorial.py
[2024-07-13T01:13:31.861+0000] {processor.py:830} INFO - Processing file /home/airflow/.local/lib/python3.11/site-packages/airflow/example_dags/tutorial.py for tasks to queue
[2024-07-13T01:13:31.867+0000] {logging_mixin.py:188} INFO - [2024-07-13T01:13:31.866+0000] {dagbag.py:545} INFO - Filling up the DagBag from /home/airflow/.local/lib/python3.11/site-packages/airflow/example_dags/tutorial.py
[2024-07-13T01:13:31.886+0000] {processor.py:840} INFO - DAG(s) 'tutorial' retrieved from /home/airflow/.local/lib/python3.11/site-packages/airflow/example_dags/tutorial.py
[2024-07-13T01:13:31.937+0000] {logging_mixin.py:188} INFO - [2024-07-13T01:13:31.937+0000] {dag.py:3096} INFO - Sync 1 DAGs
[2024-07-13T01:13:32.021+0000] {logging_mixin.py:188} INFO - [2024-07-13T01:13:32.021+0000] {dag.py:3954} INFO - Setting next_dagrun for tutorial to 2024-07-12 00:00:00+00:00, run_after=2024-07-13 00:00:00+00:00
[2024-07-13T01:13:32.066+0000] {processor.py:183} INFO - Processing /home/airflow/.local/lib/python3.11/site-packages/airflow/example_dags/tutorial.py took 0.225 seconds
[2024-07-13T01:14:04.210+0000] {processor.py:161} INFO - Started process (PID=374) to work on /home/airflow/.local/lib/python3.11/site-packages/airflow/example_dags/tutorial.py
[2024-07-13T01:14:04.212+0000] {processor.py:830} INFO - Processing file /home/airflow/.local/lib/python3.11/site-packages/airflow/example_dags/tutorial.py for tasks to queue
[2024-07-13T01:14:04.216+0000] {logging_mixin.py:188} INFO - [2024-07-13T01:14:04.215+0000] {dagbag.py:545} INFO - Filling up the DagBag from /home/airflow/.local/lib/python3.11/site-packages/airflow/example_dags/tutorial.py
[2024-07-13T01:14:04.230+0000] {processor.py:840} INFO - DAG(s) 'tutorial' retrieved from /home/airflow/.local/lib/python3.11/site-packages/airflow/example_dags/tutorial.py
[2024-07-13T01:14:04.274+0000] {logging_mixin.py:188} INFO - [2024-07-13T01:14:04.274+0000] {dag.py:3096} INFO - Sync 1 DAGs
[2024-07-13T01:14:04.316+0000] {logging_mixin.py:188} INFO - [2024-07-13T01:14:04.316+0000] {dag.py:3954} INFO - Setting next_dagrun for tutorial to 2024-07-12 00:00:00+00:00, run_after=2024-07-13 00:00:00+00:00
[2024-07-13T01:14:04.353+0000] {processor.py:183} INFO - Processing /home/airflow/.local/lib/python3.11/site-packages/airflow/example_dags/tutorial.py took 0.155 seconds
[2024-07-13T01:14:38.330+0000] {processor.py:161} INFO - Started process (PID=436) to work on /home/airflow/.local/lib/python3.11/site-packages/airflow/example_dags/tutorial.py
[2024-07-13T01:14:38.333+0000] {processor.py:830} INFO - Processing file /home/airflow/.local/lib/python3.11/site-packages/airflow/example_dags/tutorial.py for tasks to queue
[2024-07-13T01:14:38.337+0000] {logging_mixin.py:188} INFO - [2024-07-13T01:14:38.336+0000] {dagbag.py:545} INFO - Filling up the DagBag from /home/airflow/.local/lib/python3.11/site-packages/airflow/example_dags/tutorial.py
[2024-07-13T01:14:38.355+0000] {processor.py:840} INFO - DAG(s) 'tutorial' retrieved from /home/airflow/.local/lib/python3.11/site-packages/airflow/example_dags/tutorial.py
[2024-07-13T01:14:38.402+0000] {logging_mixin.py:188} INFO - [2024-07-13T01:14:38.401+0000] {dag.py:3096} INFO - Sync 1 DAGs
[2024-07-13T01:14:38.448+0000] {logging_mixin.py:188} INFO - [2024-07-13T01:14:38.448+0000] {dag.py:3954} INFO - Setting next_dagrun for tutorial to 2024-07-12 00:00:00+00:00, run_after=2024-07-13 00:00:00+00:00
[2024-07-13T01:14:38.483+0000] {processor.py:183} INFO - Processing /home/airflow/.local/lib/python3.11/site-packages/airflow/example_dags/tutorial.py took 0.168 seconds
[2024-07-13T01:15:12.331+0000] {processor.py:161} INFO - Started process (PID=498) to work on /home/airflow/.local/lib/python3.11/site-packages/airflow/example_dags/tutorial.py
[2024-07-13T01:15:12.333+0000] {processor.py:830} INFO - Processing file /home/airflow/.local/lib/python3.11/site-packages/airflow/example_dags/tutorial.py for tasks to queue
[2024-07-13T01:15:12.337+0000] {logging_mixin.py:188} INFO - [2024-07-13T01:15:12.336+0000] {dagbag.py:545} INFO - Filling up the DagBag from /home/airflow/.local/lib/python3.11/site-packages/airflow/example_dags/tutorial.py
[2024-07-13T01:15:12.351+0000] {processor.py:840} INFO - DAG(s) 'tutorial' retrieved from /home/airflow/.local/lib/python3.11/site-packages/airflow/example_dags/tutorial.py
[2024-07-13T01:15:12.392+0000] {logging_mixin.py:188} INFO - [2024-07-13T01:15:12.392+0000] {dag.py:3096} INFO - Sync 1 DAGs
[2024-07-13T01:15:12.429+0000] {logging_mixin.py:188} INFO - [2024-07-13T01:15:12.429+0000] {dag.py:3954} INFO - Setting next_dagrun for tutorial to 2024-07-12 00:00:00+00:00, run_after=2024-07-13 00:00:00+00:00
[2024-07-13T01:15:12.460+0000] {processor.py:183} INFO - Processing /home/airflow/.local/lib/python3.11/site-packages/airflow/example_dags/tutorial.py took 0.142 seconds
[2024-07-13T01:15:46.912+0000] {processor.py:161} INFO - Started process (PID=559) to work on /home/airflow/.local/lib/python3.11/site-packages/airflow/example_dags/tutorial.py
[2024-07-13T01:15:46.914+0000] {processor.py:830} INFO - Processing file /home/airflow/.local/lib/python3.11/site-packages/airflow/example_dags/tutorial.py for tasks to queue
[2024-07-13T01:15:46.918+0000] {logging_mixin.py:188} INFO - [2024-07-13T01:15:46.917+0000] {dagbag.py:545} INFO - Filling up the DagBag from /home/airflow/.local/lib/python3.11/site-packages/airflow/example_dags/tutorial.py
[2024-07-13T01:15:46.930+0000] {processor.py:840} INFO - DAG(s) 'tutorial' retrieved from /home/airflow/.local/lib/python3.11/site-packages/airflow/example_dags/tutorial.py
[2024-07-13T01:15:46.967+0000] {logging_mixin.py:188} INFO - [2024-07-13T01:15:46.966+0000] {dag.py:3096} INFO - Sync 1 DAGs
[2024-07-13T01:15:47.013+0000] {logging_mixin.py:188} INFO - [2024-07-13T01:15:47.013+0000] {dag.py:3954} INFO - Setting next_dagrun for tutorial to 2024-07-12 00:00:00+00:00, run_after=2024-07-13 00:00:00+00:00
[2024-07-13T01:15:47.042+0000] {processor.py:183} INFO - Processing /home/airflow/.local/lib/python3.11/site-packages/airflow/example_dags/tutorial.py took 0.144 seconds
[2024-07-13T01:16:20.661+0000] {processor.py:161} INFO - Started process (PID=624) to work on /home/airflow/.local/lib/python3.11/site-packages/airflow/example_dags/tutorial.py
[2024-07-13T01:16:20.663+0000] {processor.py:830} INFO - Processing file /home/airflow/.local/lib/python3.11/site-packages/airflow/example_dags/tutorial.py for tasks to queue
[2024-07-13T01:16:20.668+0000] {logging_mixin.py:188} INFO - [2024-07-13T01:16:20.667+0000] {dagbag.py:545} INFO - Filling up the DagBag from /home/airflow/.local/lib/python3.11/site-packages/airflow/example_dags/tutorial.py
[2024-07-13T01:16:20.684+0000] {processor.py:840} INFO - DAG(s) 'tutorial' retrieved from /home/airflow/.local/lib/python3.11/site-packages/airflow/example_dags/tutorial.py
[2024-07-13T01:16:20.728+0000] {logging_mixin.py:188} INFO - [2024-07-13T01:16:20.727+0000] {dag.py:3096} INFO - Sync 1 DAGs
[2024-07-13T01:16:20.775+0000] {logging_mixin.py:188} INFO - [2024-07-13T01:16:20.774+0000] {dag.py:3954} INFO - Setting next_dagrun for tutorial to 2024-07-12 00:00:00+00:00, run_after=2024-07-13 00:00:00+00:00
[2024-07-13T01:16:20.807+0000] {processor.py:183} INFO - Processing /home/airflow/.local/lib/python3.11/site-packages/airflow/example_dags/tutorial.py took 0.163 seconds
