[2024-07-13T00:28:05.331+0000] {processor.py:161} INFO - Started process (PID=78) to work on /home/airflow/.local/lib/python3.11/site-packages/airflow/example_dags/tutorial_taskflow_api.py
[2024-07-13T00:28:05.333+0000] {processor.py:830} INFO - Processing file /home/airflow/.local/lib/python3.11/site-packages/airflow/example_dags/tutorial_taskflow_api.py for tasks to queue
[2024-07-13T00:28:05.335+0000] {logging_mixin.py:188} INFO - [2024-07-13T00:28:05.334+0000] {dagbag.py:545} INFO - Filling up the DagBag from /home/airflow/.local/lib/python3.11/site-packages/airflow/example_dags/tutorial_taskflow_api.py
[2024-07-13T00:28:05.351+0000] {processor.py:840} INFO - DAG(s) 'tutorial_taskflow_api' retrieved from /home/airflow/.local/lib/python3.11/site-packages/airflow/example_dags/tutorial_taskflow_api.py
[2024-07-13T00:28:05.568+0000] {logging_mixin.py:188} INFO - [2024-07-13T00:28:05.568+0000] {dag.py:3096} INFO - Sync 1 DAGs
[2024-07-13T00:28:05.595+0000] {logging_mixin.py:188} INFO - [2024-07-13T00:28:05.595+0000] {dag.py:3954} INFO - Setting next_dagrun for tutorial_taskflow_api to None, run_after=None
[2024-07-13T00:28:05.634+0000] {processor.py:183} INFO - Processing /home/airflow/.local/lib/python3.11/site-packages/airflow/example_dags/tutorial_taskflow_api.py took 0.317 seconds
[2024-07-13T00:28:35.688+0000] {processor.py:161} INFO - Started process (PID=140) to work on /home/airflow/.local/lib/python3.11/site-packages/airflow/example_dags/tutorial_taskflow_api.py
[2024-07-13T00:28:35.689+0000] {processor.py:830} INFO - Processing file /home/airflow/.local/lib/python3.11/site-packages/airflow/example_dags/tutorial_taskflow_api.py for tasks to queue
[2024-07-13T00:28:35.690+0000] {logging_mixin.py:188} INFO - [2024-07-13T00:28:35.690+0000] {dagbag.py:545} INFO - Filling up the DagBag from /home/airflow/.local/lib/python3.11/site-packages/airflow/example_dags/tutorial_taskflow_api.py
[2024-07-13T00:28:35.702+0000] {processor.py:840} INFO - DAG(s) 'tutorial_taskflow_api' retrieved from /home/airflow/.local/lib/python3.11/site-packages/airflow/example_dags/tutorial_taskflow_api.py
[2024-07-13T00:28:35.739+0000] {logging_mixin.py:188} INFO - [2024-07-13T00:28:35.739+0000] {dag.py:3096} INFO - Sync 1 DAGs
[2024-07-13T00:28:35.759+0000] {logging_mixin.py:188} INFO - [2024-07-13T00:28:35.759+0000] {dag.py:3954} INFO - Setting next_dagrun for tutorial_taskflow_api to None, run_after=None
[2024-07-13T00:28:35.786+0000] {processor.py:183} INFO - Processing /home/airflow/.local/lib/python3.11/site-packages/airflow/example_dags/tutorial_taskflow_api.py took 0.110 seconds
[2024-07-13T00:29:08.229+0000] {processor.py:161} INFO - Started process (PID=202) to work on /home/airflow/.local/lib/python3.11/site-packages/airflow/example_dags/tutorial_taskflow_api.py
[2024-07-13T00:29:08.234+0000] {processor.py:830} INFO - Processing file /home/airflow/.local/lib/python3.11/site-packages/airflow/example_dags/tutorial_taskflow_api.py for tasks to queue
[2024-07-13T00:29:08.235+0000] {logging_mixin.py:188} INFO - [2024-07-13T00:29:08.234+0000] {dagbag.py:545} INFO - Filling up the DagBag from /home/airflow/.local/lib/python3.11/site-packages/airflow/example_dags/tutorial_taskflow_api.py
[2024-07-13T00:29:08.250+0000] {processor.py:840} INFO - DAG(s) 'tutorial_taskflow_api' retrieved from /home/airflow/.local/lib/python3.11/site-packages/airflow/example_dags/tutorial_taskflow_api.py
[2024-07-13T00:29:08.294+0000] {logging_mixin.py:188} INFO - [2024-07-13T00:29:08.293+0000] {dag.py:3096} INFO - Sync 1 DAGs
[2024-07-13T00:29:08.318+0000] {logging_mixin.py:188} INFO - [2024-07-13T00:29:08.317+0000] {dag.py:3954} INFO - Setting next_dagrun for tutorial_taskflow_api to None, run_after=None
[2024-07-13T00:29:08.346+0000] {processor.py:183} INFO - Processing /home/airflow/.local/lib/python3.11/site-packages/airflow/example_dags/tutorial_taskflow_api.py took 0.128 seconds
[2024-07-13T00:29:41.984+0000] {processor.py:161} INFO - Started process (PID=270) to work on /home/airflow/.local/lib/python3.11/site-packages/airflow/example_dags/tutorial_taskflow_api.py
[2024-07-13T00:29:41.986+0000] {processor.py:830} INFO - Processing file /home/airflow/.local/lib/python3.11/site-packages/airflow/example_dags/tutorial_taskflow_api.py for tasks to queue
[2024-07-13T00:29:41.988+0000] {logging_mixin.py:188} INFO - [2024-07-13T00:29:41.987+0000] {dagbag.py:545} INFO - Filling up the DagBag from /home/airflow/.local/lib/python3.11/site-packages/airflow/example_dags/tutorial_taskflow_api.py
[2024-07-13T00:29:42.000+0000] {processor.py:840} INFO - DAG(s) 'tutorial_taskflow_api' retrieved from /home/airflow/.local/lib/python3.11/site-packages/airflow/example_dags/tutorial_taskflow_api.py
[2024-07-13T00:29:42.039+0000] {logging_mixin.py:188} INFO - [2024-07-13T00:29:42.039+0000] {dag.py:3096} INFO - Sync 1 DAGs
[2024-07-13T00:29:42.059+0000] {logging_mixin.py:188} INFO - [2024-07-13T00:29:42.059+0000] {dag.py:3954} INFO - Setting next_dagrun for tutorial_taskflow_api to None, run_after=None
[2024-07-13T00:29:42.089+0000] {processor.py:183} INFO - Processing /home/airflow/.local/lib/python3.11/site-packages/airflow/example_dags/tutorial_taskflow_api.py took 0.118 seconds
[2024-07-13T00:30:14.526+0000] {processor.py:161} INFO - Started process (PID=333) to work on /home/airflow/.local/lib/python3.11/site-packages/airflow/example_dags/tutorial_taskflow_api.py
[2024-07-13T00:30:14.528+0000] {processor.py:830} INFO - Processing file /home/airflow/.local/lib/python3.11/site-packages/airflow/example_dags/tutorial_taskflow_api.py for tasks to queue
[2024-07-13T00:30:14.530+0000] {logging_mixin.py:188} INFO - [2024-07-13T00:30:14.529+0000] {dagbag.py:545} INFO - Filling up the DagBag from /home/airflow/.local/lib/python3.11/site-packages/airflow/example_dags/tutorial_taskflow_api.py
[2024-07-13T00:30:14.546+0000] {processor.py:840} INFO - DAG(s) 'tutorial_taskflow_api' retrieved from /home/airflow/.local/lib/python3.11/site-packages/airflow/example_dags/tutorial_taskflow_api.py
[2024-07-13T00:30:14.584+0000] {logging_mixin.py:188} INFO - [2024-07-13T00:30:14.583+0000] {dag.py:3096} INFO - Sync 1 DAGs
[2024-07-13T00:30:14.604+0000] {logging_mixin.py:188} INFO - [2024-07-13T00:30:14.604+0000] {dag.py:3954} INFO - Setting next_dagrun for tutorial_taskflow_api to None, run_after=None
[2024-07-13T00:30:14.631+0000] {processor.py:183} INFO - Processing /home/airflow/.local/lib/python3.11/site-packages/airflow/example_dags/tutorial_taskflow_api.py took 0.117 seconds
[2024-07-13T00:30:47.157+0000] {processor.py:161} INFO - Started process (PID=395) to work on /home/airflow/.local/lib/python3.11/site-packages/airflow/example_dags/tutorial_taskflow_api.py
[2024-07-13T00:30:47.161+0000] {processor.py:830} INFO - Processing file /home/airflow/.local/lib/python3.11/site-packages/airflow/example_dags/tutorial_taskflow_api.py for tasks to queue
[2024-07-13T00:30:47.163+0000] {logging_mixin.py:188} INFO - [2024-07-13T00:30:47.162+0000] {dagbag.py:545} INFO - Filling up the DagBag from /home/airflow/.local/lib/python3.11/site-packages/airflow/example_dags/tutorial_taskflow_api.py
[2024-07-13T00:30:47.177+0000] {processor.py:840} INFO - DAG(s) 'tutorial_taskflow_api' retrieved from /home/airflow/.local/lib/python3.11/site-packages/airflow/example_dags/tutorial_taskflow_api.py
[2024-07-13T00:30:47.212+0000] {logging_mixin.py:188} INFO - [2024-07-13T00:30:47.212+0000] {dag.py:3096} INFO - Sync 1 DAGs
[2024-07-13T00:30:47.234+0000] {logging_mixin.py:188} INFO - [2024-07-13T00:30:47.233+0000] {dag.py:3954} INFO - Setting next_dagrun for tutorial_taskflow_api to None, run_after=None
[2024-07-13T00:30:47.268+0000] {processor.py:183} INFO - Processing /home/airflow/.local/lib/python3.11/site-packages/airflow/example_dags/tutorial_taskflow_api.py took 0.125 seconds
[2024-07-13T00:31:20.696+0000] {processor.py:161} INFO - Started process (PID=457) to work on /home/airflow/.local/lib/python3.11/site-packages/airflow/example_dags/tutorial_taskflow_api.py
[2024-07-13T00:31:20.698+0000] {processor.py:830} INFO - Processing file /home/airflow/.local/lib/python3.11/site-packages/airflow/example_dags/tutorial_taskflow_api.py for tasks to queue
[2024-07-13T00:31:20.699+0000] {logging_mixin.py:188} INFO - [2024-07-13T00:31:20.699+0000] {dagbag.py:545} INFO - Filling up the DagBag from /home/airflow/.local/lib/python3.11/site-packages/airflow/example_dags/tutorial_taskflow_api.py
[2024-07-13T00:31:20.716+0000] {processor.py:840} INFO - DAG(s) 'tutorial_taskflow_api' retrieved from /home/airflow/.local/lib/python3.11/site-packages/airflow/example_dags/tutorial_taskflow_api.py
[2024-07-13T00:31:20.761+0000] {logging_mixin.py:188} INFO - [2024-07-13T00:31:20.760+0000] {dag.py:3096} INFO - Sync 1 DAGs
[2024-07-13T00:31:20.780+0000] {logging_mixin.py:188} INFO - [2024-07-13T00:31:20.780+0000] {dag.py:3954} INFO - Setting next_dagrun for tutorial_taskflow_api to None, run_after=None
[2024-07-13T00:31:20.806+0000] {processor.py:183} INFO - Processing /home/airflow/.local/lib/python3.11/site-packages/airflow/example_dags/tutorial_taskflow_api.py took 0.127 seconds
[2024-07-13T00:31:54.936+0000] {processor.py:161} INFO - Started process (PID=519) to work on /home/airflow/.local/lib/python3.11/site-packages/airflow/example_dags/tutorial_taskflow_api.py
[2024-07-13T00:31:54.938+0000] {processor.py:830} INFO - Processing file /home/airflow/.local/lib/python3.11/site-packages/airflow/example_dags/tutorial_taskflow_api.py for tasks to queue
[2024-07-13T00:31:54.940+0000] {logging_mixin.py:188} INFO - [2024-07-13T00:31:54.939+0000] {dagbag.py:545} INFO - Filling up the DagBag from /home/airflow/.local/lib/python3.11/site-packages/airflow/example_dags/tutorial_taskflow_api.py
[2024-07-13T00:31:54.953+0000] {processor.py:840} INFO - DAG(s) 'tutorial_taskflow_api' retrieved from /home/airflow/.local/lib/python3.11/site-packages/airflow/example_dags/tutorial_taskflow_api.py
[2024-07-13T00:31:54.989+0000] {logging_mixin.py:188} INFO - [2024-07-13T00:31:54.989+0000] {dag.py:3096} INFO - Sync 1 DAGs
[2024-07-13T00:31:55.009+0000] {logging_mixin.py:188} INFO - [2024-07-13T00:31:55.009+0000] {dag.py:3954} INFO - Setting next_dagrun for tutorial_taskflow_api to None, run_after=None
[2024-07-13T00:31:55.039+0000] {processor.py:183} INFO - Processing /home/airflow/.local/lib/python3.11/site-packages/airflow/example_dags/tutorial_taskflow_api.py took 0.114 seconds
[2024-07-13T00:32:29.417+0000] {processor.py:161} INFO - Started process (PID=581) to work on /home/airflow/.local/lib/python3.11/site-packages/airflow/example_dags/tutorial_taskflow_api.py
[2024-07-13T00:32:29.419+0000] {processor.py:830} INFO - Processing file /home/airflow/.local/lib/python3.11/site-packages/airflow/example_dags/tutorial_taskflow_api.py for tasks to queue
[2024-07-13T00:32:29.421+0000] {logging_mixin.py:188} INFO - [2024-07-13T00:32:29.420+0000] {dagbag.py:545} INFO - Filling up the DagBag from /home/airflow/.local/lib/python3.11/site-packages/airflow/example_dags/tutorial_taskflow_api.py
[2024-07-13T00:32:29.434+0000] {processor.py:840} INFO - DAG(s) 'tutorial_taskflow_api' retrieved from /home/airflow/.local/lib/python3.11/site-packages/airflow/example_dags/tutorial_taskflow_api.py
[2024-07-13T00:32:29.484+0000] {logging_mixin.py:188} INFO - [2024-07-13T00:32:29.484+0000] {dag.py:3096} INFO - Sync 1 DAGs
[2024-07-13T00:32:29.509+0000] {logging_mixin.py:188} INFO - [2024-07-13T00:32:29.508+0000] {dag.py:3954} INFO - Setting next_dagrun for tutorial_taskflow_api to None, run_after=None
[2024-07-13T00:32:29.541+0000] {processor.py:183} INFO - Processing /home/airflow/.local/lib/python3.11/site-packages/airflow/example_dags/tutorial_taskflow_api.py took 0.136 seconds
[2024-07-13T00:33:03.855+0000] {processor.py:161} INFO - Started process (PID=643) to work on /home/airflow/.local/lib/python3.11/site-packages/airflow/example_dags/tutorial_taskflow_api.py
[2024-07-13T00:33:03.857+0000] {processor.py:830} INFO - Processing file /home/airflow/.local/lib/python3.11/site-packages/airflow/example_dags/tutorial_taskflow_api.py for tasks to queue
[2024-07-13T00:33:03.859+0000] {logging_mixin.py:188} INFO - [2024-07-13T00:33:03.858+0000] {dagbag.py:545} INFO - Filling up the DagBag from /home/airflow/.local/lib/python3.11/site-packages/airflow/example_dags/tutorial_taskflow_api.py
[2024-07-13T00:33:03.875+0000] {processor.py:840} INFO - DAG(s) 'tutorial_taskflow_api' retrieved from /home/airflow/.local/lib/python3.11/site-packages/airflow/example_dags/tutorial_taskflow_api.py
[2024-07-13T00:33:03.919+0000] {logging_mixin.py:188} INFO - [2024-07-13T00:33:03.919+0000] {dag.py:3096} INFO - Sync 1 DAGs
[2024-07-13T00:33:03.945+0000] {logging_mixin.py:188} INFO - [2024-07-13T00:33:03.944+0000] {dag.py:3954} INFO - Setting next_dagrun for tutorial_taskflow_api to None, run_after=None
[2024-07-13T00:33:03.981+0000] {processor.py:183} INFO - Processing /home/airflow/.local/lib/python3.11/site-packages/airflow/example_dags/tutorial_taskflow_api.py took 0.140 seconds
[2024-07-13T00:33:36.443+0000] {processor.py:161} INFO - Started process (PID=705) to work on /home/airflow/.local/lib/python3.11/site-packages/airflow/example_dags/tutorial_taskflow_api.py
[2024-07-13T00:33:36.445+0000] {processor.py:830} INFO - Processing file /home/airflow/.local/lib/python3.11/site-packages/airflow/example_dags/tutorial_taskflow_api.py for tasks to queue
[2024-07-13T00:33:36.447+0000] {logging_mixin.py:188} INFO - [2024-07-13T00:33:36.447+0000] {dagbag.py:545} INFO - Filling up the DagBag from /home/airflow/.local/lib/python3.11/site-packages/airflow/example_dags/tutorial_taskflow_api.py
[2024-07-13T00:33:36.463+0000] {processor.py:840} INFO - DAG(s) 'tutorial_taskflow_api' retrieved from /home/airflow/.local/lib/python3.11/site-packages/airflow/example_dags/tutorial_taskflow_api.py
[2024-07-13T00:33:36.516+0000] {logging_mixin.py:188} INFO - [2024-07-13T00:33:36.516+0000] {dag.py:3096} INFO - Sync 1 DAGs
[2024-07-13T00:33:36.544+0000] {logging_mixin.py:188} INFO - [2024-07-13T00:33:36.544+0000] {dag.py:3954} INFO - Setting next_dagrun for tutorial_taskflow_api to None, run_after=None
[2024-07-13T00:33:36.579+0000] {processor.py:183} INFO - Processing /home/airflow/.local/lib/python3.11/site-packages/airflow/example_dags/tutorial_taskflow_api.py took 0.151 seconds
[2024-07-13T00:35:53.206+0000] {processor.py:161} INFO - Started process (PID=79) to work on /home/airflow/.local/lib/python3.11/site-packages/airflow/example_dags/tutorial_taskflow_api.py
[2024-07-13T00:35:53.208+0000] {processor.py:830} INFO - Processing file /home/airflow/.local/lib/python3.11/site-packages/airflow/example_dags/tutorial_taskflow_api.py for tasks to queue
[2024-07-13T00:35:53.211+0000] {logging_mixin.py:188} INFO - [2024-07-13T00:35:53.211+0000] {dagbag.py:545} INFO - Filling up the DagBag from /home/airflow/.local/lib/python3.11/site-packages/airflow/example_dags/tutorial_taskflow_api.py
[2024-07-13T00:35:53.225+0000] {processor.py:840} INFO - DAG(s) 'tutorial_taskflow_api' retrieved from /home/airflow/.local/lib/python3.11/site-packages/airflow/example_dags/tutorial_taskflow_api.py
[2024-07-13T00:35:53.396+0000] {logging_mixin.py:188} INFO - [2024-07-13T00:35:53.395+0000] {dag.py:3096} INFO - Sync 1 DAGs
[2024-07-13T00:35:53.420+0000] {logging_mixin.py:188} INFO - [2024-07-13T00:35:53.420+0000] {dag.py:3954} INFO - Setting next_dagrun for tutorial_taskflow_api to None, run_after=None
[2024-07-13T00:35:53.456+0000] {processor.py:183} INFO - Processing /home/airflow/.local/lib/python3.11/site-packages/airflow/example_dags/tutorial_taskflow_api.py took 0.261 seconds
[2024-07-13T00:36:24.251+0000] {processor.py:161} INFO - Started process (PID=141) to work on /home/airflow/.local/lib/python3.11/site-packages/airflow/example_dags/tutorial_taskflow_api.py
[2024-07-13T00:36:24.253+0000] {processor.py:830} INFO - Processing file /home/airflow/.local/lib/python3.11/site-packages/airflow/example_dags/tutorial_taskflow_api.py for tasks to queue
[2024-07-13T00:36:24.256+0000] {logging_mixin.py:188} INFO - [2024-07-13T00:36:24.255+0000] {dagbag.py:545} INFO - Filling up the DagBag from /home/airflow/.local/lib/python3.11/site-packages/airflow/example_dags/tutorial_taskflow_api.py
[2024-07-13T00:36:24.269+0000] {processor.py:840} INFO - DAG(s) 'tutorial_taskflow_api' retrieved from /home/airflow/.local/lib/python3.11/site-packages/airflow/example_dags/tutorial_taskflow_api.py
[2024-07-13T00:36:24.306+0000] {logging_mixin.py:188} INFO - [2024-07-13T00:36:24.305+0000] {dag.py:3096} INFO - Sync 1 DAGs
[2024-07-13T00:36:24.325+0000] {logging_mixin.py:188} INFO - [2024-07-13T00:36:24.325+0000] {dag.py:3954} INFO - Setting next_dagrun for tutorial_taskflow_api to None, run_after=None
[2024-07-13T00:36:24.351+0000] {processor.py:183} INFO - Processing /home/airflow/.local/lib/python3.11/site-packages/airflow/example_dags/tutorial_taskflow_api.py took 0.113 seconds
[2024-07-13T00:38:24.592+0000] {processor.py:161} INFO - Started process (PID=77) to work on /home/airflow/.local/lib/python3.11/site-packages/airflow/example_dags/tutorial_taskflow_api.py
[2024-07-13T00:38:24.594+0000] {processor.py:830} INFO - Processing file /home/airflow/.local/lib/python3.11/site-packages/airflow/example_dags/tutorial_taskflow_api.py for tasks to queue
[2024-07-13T00:38:24.598+0000] {logging_mixin.py:188} INFO - [2024-07-13T00:38:24.597+0000] {dagbag.py:545} INFO - Filling up the DagBag from /home/airflow/.local/lib/python3.11/site-packages/airflow/example_dags/tutorial_taskflow_api.py
[2024-07-13T00:38:24.614+0000] {processor.py:840} INFO - DAG(s) 'tutorial_taskflow_api' retrieved from /home/airflow/.local/lib/python3.11/site-packages/airflow/example_dags/tutorial_taskflow_api.py
[2024-07-13T00:38:24.845+0000] {logging_mixin.py:188} INFO - [2024-07-13T00:38:24.844+0000] {dag.py:3096} INFO - Sync 1 DAGs
[2024-07-13T00:38:24.869+0000] {logging_mixin.py:188} INFO - [2024-07-13T00:38:24.869+0000] {dag.py:3954} INFO - Setting next_dagrun for tutorial_taskflow_api to None, run_after=None
[2024-07-13T00:38:24.898+0000] {processor.py:183} INFO - Processing /home/airflow/.local/lib/python3.11/site-packages/airflow/example_dags/tutorial_taskflow_api.py took 0.321 seconds
[2024-07-13T00:38:55.431+0000] {processor.py:161} INFO - Started process (PID=139) to work on /home/airflow/.local/lib/python3.11/site-packages/airflow/example_dags/tutorial_taskflow_api.py
[2024-07-13T00:38:55.432+0000] {processor.py:830} INFO - Processing file /home/airflow/.local/lib/python3.11/site-packages/airflow/example_dags/tutorial_taskflow_api.py for tasks to queue
[2024-07-13T00:38:55.436+0000] {logging_mixin.py:188} INFO - [2024-07-13T00:38:55.435+0000] {dagbag.py:545} INFO - Filling up the DagBag from /home/airflow/.local/lib/python3.11/site-packages/airflow/example_dags/tutorial_taskflow_api.py
[2024-07-13T00:38:55.452+0000] {processor.py:840} INFO - DAG(s) 'tutorial_taskflow_api' retrieved from /home/airflow/.local/lib/python3.11/site-packages/airflow/example_dags/tutorial_taskflow_api.py
[2024-07-13T00:38:55.500+0000] {logging_mixin.py:188} INFO - [2024-07-13T00:38:55.499+0000] {dag.py:3096} INFO - Sync 1 DAGs
[2024-07-13T00:38:55.525+0000] {logging_mixin.py:188} INFO - [2024-07-13T00:38:55.524+0000] {dag.py:3954} INFO - Setting next_dagrun for tutorial_taskflow_api to None, run_after=None
[2024-07-13T00:38:55.560+0000] {processor.py:183} INFO - Processing /home/airflow/.local/lib/python3.11/site-packages/airflow/example_dags/tutorial_taskflow_api.py took 0.143 seconds
[2024-07-13T00:39:26.311+0000] {processor.py:161} INFO - Started process (PID=201) to work on /home/airflow/.local/lib/python3.11/site-packages/airflow/example_dags/tutorial_taskflow_api.py
[2024-07-13T00:39:26.314+0000] {processor.py:830} INFO - Processing file /home/airflow/.local/lib/python3.11/site-packages/airflow/example_dags/tutorial_taskflow_api.py for tasks to queue
[2024-07-13T00:39:26.318+0000] {logging_mixin.py:188} INFO - [2024-07-13T00:39:26.318+0000] {dagbag.py:545} INFO - Filling up the DagBag from /home/airflow/.local/lib/python3.11/site-packages/airflow/example_dags/tutorial_taskflow_api.py
[2024-07-13T00:39:26.334+0000] {processor.py:840} INFO - DAG(s) 'tutorial_taskflow_api' retrieved from /home/airflow/.local/lib/python3.11/site-packages/airflow/example_dags/tutorial_taskflow_api.py
[2024-07-13T00:39:26.371+0000] {logging_mixin.py:188} INFO - [2024-07-13T00:39:26.370+0000] {dag.py:3096} INFO - Sync 1 DAGs
[2024-07-13T00:39:26.391+0000] {logging_mixin.py:188} INFO - [2024-07-13T00:39:26.391+0000] {dag.py:3954} INFO - Setting next_dagrun for tutorial_taskflow_api to None, run_after=None
[2024-07-13T00:39:26.420+0000] {processor.py:183} INFO - Processing /home/airflow/.local/lib/python3.11/site-packages/airflow/example_dags/tutorial_taskflow_api.py took 0.121 seconds
[2024-07-13T00:39:59.636+0000] {processor.py:161} INFO - Started process (PID=263) to work on /home/airflow/.local/lib/python3.11/site-packages/airflow/example_dags/tutorial_taskflow_api.py
[2024-07-13T00:39:59.639+0000] {processor.py:830} INFO - Processing file /home/airflow/.local/lib/python3.11/site-packages/airflow/example_dags/tutorial_taskflow_api.py for tasks to queue
[2024-07-13T00:39:59.643+0000] {logging_mixin.py:188} INFO - [2024-07-13T00:39:59.642+0000] {dagbag.py:545} INFO - Filling up the DagBag from /home/airflow/.local/lib/python3.11/site-packages/airflow/example_dags/tutorial_taskflow_api.py
[2024-07-13T00:39:59.659+0000] {processor.py:840} INFO - DAG(s) 'tutorial_taskflow_api' retrieved from /home/airflow/.local/lib/python3.11/site-packages/airflow/example_dags/tutorial_taskflow_api.py
[2024-07-13T00:39:59.705+0000] {logging_mixin.py:188} INFO - [2024-07-13T00:39:59.704+0000] {dag.py:3096} INFO - Sync 1 DAGs
[2024-07-13T00:39:59.728+0000] {logging_mixin.py:188} INFO - [2024-07-13T00:39:59.727+0000] {dag.py:3954} INFO - Setting next_dagrun for tutorial_taskflow_api to None, run_after=None
[2024-07-13T00:39:59.763+0000] {processor.py:183} INFO - Processing /home/airflow/.local/lib/python3.11/site-packages/airflow/example_dags/tutorial_taskflow_api.py took 0.140 seconds
[2024-07-13T00:40:32.153+0000] {processor.py:161} INFO - Started process (PID=330) to work on /home/airflow/.local/lib/python3.11/site-packages/airflow/example_dags/tutorial_taskflow_api.py
[2024-07-13T00:40:32.155+0000] {processor.py:830} INFO - Processing file /home/airflow/.local/lib/python3.11/site-packages/airflow/example_dags/tutorial_taskflow_api.py for tasks to queue
[2024-07-13T00:40:32.158+0000] {logging_mixin.py:188} INFO - [2024-07-13T00:40:32.157+0000] {dagbag.py:545} INFO - Filling up the DagBag from /home/airflow/.local/lib/python3.11/site-packages/airflow/example_dags/tutorial_taskflow_api.py
[2024-07-13T00:40:32.170+0000] {processor.py:840} INFO - DAG(s) 'tutorial_taskflow_api' retrieved from /home/airflow/.local/lib/python3.11/site-packages/airflow/example_dags/tutorial_taskflow_api.py
[2024-07-13T00:40:32.203+0000] {logging_mixin.py:188} INFO - [2024-07-13T00:40:32.202+0000] {dag.py:3096} INFO - Sync 1 DAGs
[2024-07-13T00:40:32.222+0000] {logging_mixin.py:188} INFO - [2024-07-13T00:40:32.222+0000] {dag.py:3954} INFO - Setting next_dagrun for tutorial_taskflow_api to None, run_after=None
[2024-07-13T00:40:32.252+0000] {processor.py:183} INFO - Processing /home/airflow/.local/lib/python3.11/site-packages/airflow/example_dags/tutorial_taskflow_api.py took 0.112 seconds
[2024-07-13T00:41:15.262+0000] {processor.py:161} INFO - Started process (PID=391) to work on /home/airflow/.local/lib/python3.11/site-packages/airflow/example_dags/tutorial_taskflow_api.py
[2024-07-13T00:41:15.268+0000] {processor.py:830} INFO - Processing file /home/airflow/.local/lib/python3.11/site-packages/airflow/example_dags/tutorial_taskflow_api.py for tasks to queue
[2024-07-13T00:41:15.277+0000] {logging_mixin.py:188} INFO - [2024-07-13T00:41:15.275+0000] {dagbag.py:545} INFO - Filling up the DagBag from /home/airflow/.local/lib/python3.11/site-packages/airflow/example_dags/tutorial_taskflow_api.py
[2024-07-13T00:41:15.312+0000] {processor.py:840} INFO - DAG(s) 'tutorial_taskflow_api' retrieved from /home/airflow/.local/lib/python3.11/site-packages/airflow/example_dags/tutorial_taskflow_api.py
[2024-07-13T00:41:15.395+0000] {logging_mixin.py:188} INFO - [2024-07-13T00:41:15.393+0000] {dag.py:3096} INFO - Sync 1 DAGs
[2024-07-13T00:41:15.451+0000] {logging_mixin.py:188} INFO - [2024-07-13T00:41:15.450+0000] {dag.py:3954} INFO - Setting next_dagrun for tutorial_taskflow_api to None, run_after=None
[2024-07-13T00:41:15.523+0000] {processor.py:183} INFO - Processing /home/airflow/.local/lib/python3.11/site-packages/airflow/example_dags/tutorial_taskflow_api.py took 0.298 seconds
[2024-07-13T00:41:46.316+0000] {processor.py:161} INFO - Started process (PID=452) to work on /home/airflow/.local/lib/python3.11/site-packages/airflow/example_dags/tutorial_taskflow_api.py
[2024-07-13T00:41:46.318+0000] {processor.py:830} INFO - Processing file /home/airflow/.local/lib/python3.11/site-packages/airflow/example_dags/tutorial_taskflow_api.py for tasks to queue
[2024-07-13T00:41:46.321+0000] {logging_mixin.py:188} INFO - [2024-07-13T00:41:46.321+0000] {dagbag.py:545} INFO - Filling up the DagBag from /home/airflow/.local/lib/python3.11/site-packages/airflow/example_dags/tutorial_taskflow_api.py
[2024-07-13T00:41:46.334+0000] {processor.py:840} INFO - DAG(s) 'tutorial_taskflow_api' retrieved from /home/airflow/.local/lib/python3.11/site-packages/airflow/example_dags/tutorial_taskflow_api.py
[2024-07-13T00:41:46.371+0000] {logging_mixin.py:188} INFO - [2024-07-13T00:41:46.370+0000] {dag.py:3096} INFO - Sync 1 DAGs
[2024-07-13T00:41:46.392+0000] {logging_mixin.py:188} INFO - [2024-07-13T00:41:46.391+0000] {dag.py:3954} INFO - Setting next_dagrun for tutorial_taskflow_api to None, run_after=None
[2024-07-13T00:41:46.426+0000] {processor.py:183} INFO - Processing /home/airflow/.local/lib/python3.11/site-packages/airflow/example_dags/tutorial_taskflow_api.py took 0.122 seconds
[2024-07-13T00:44:07.774+0000] {processor.py:161} INFO - Started process (PID=78) to work on /home/airflow/.local/lib/python3.11/site-packages/airflow/example_dags/tutorial_taskflow_api.py
[2024-07-13T00:44:07.776+0000] {processor.py:830} INFO - Processing file /home/airflow/.local/lib/python3.11/site-packages/airflow/example_dags/tutorial_taskflow_api.py for tasks to queue
[2024-07-13T00:44:07.780+0000] {logging_mixin.py:188} INFO - [2024-07-13T00:44:07.779+0000] {dagbag.py:545} INFO - Filling up the DagBag from /home/airflow/.local/lib/python3.11/site-packages/airflow/example_dags/tutorial_taskflow_api.py
[2024-07-13T00:44:07.793+0000] {processor.py:840} INFO - DAG(s) 'tutorial_taskflow_api' retrieved from /home/airflow/.local/lib/python3.11/site-packages/airflow/example_dags/tutorial_taskflow_api.py
[2024-07-13T00:44:07.973+0000] {logging_mixin.py:188} INFO - [2024-07-13T00:44:07.972+0000] {dag.py:3096} INFO - Sync 1 DAGs
[2024-07-13T00:44:07.991+0000] {logging_mixin.py:188} INFO - [2024-07-13T00:44:07.990+0000] {dag.py:3954} INFO - Setting next_dagrun for tutorial_taskflow_api to None, run_after=None
[2024-07-13T00:44:08.016+0000] {processor.py:183} INFO - Processing /home/airflow/.local/lib/python3.11/site-packages/airflow/example_dags/tutorial_taskflow_api.py took 0.259 seconds
[2024-07-13T00:44:38.799+0000] {processor.py:161} INFO - Started process (PID=140) to work on /home/airflow/.local/lib/python3.11/site-packages/airflow/example_dags/tutorial_taskflow_api.py
[2024-07-13T00:44:38.801+0000] {processor.py:830} INFO - Processing file /home/airflow/.local/lib/python3.11/site-packages/airflow/example_dags/tutorial_taskflow_api.py for tasks to queue
[2024-07-13T00:44:38.804+0000] {logging_mixin.py:188} INFO - [2024-07-13T00:44:38.804+0000] {dagbag.py:545} INFO - Filling up the DagBag from /home/airflow/.local/lib/python3.11/site-packages/airflow/example_dags/tutorial_taskflow_api.py
[2024-07-13T00:44:38.819+0000] {processor.py:840} INFO - DAG(s) 'tutorial_taskflow_api' retrieved from /home/airflow/.local/lib/python3.11/site-packages/airflow/example_dags/tutorial_taskflow_api.py
[2024-07-13T00:44:38.871+0000] {logging_mixin.py:188} INFO - [2024-07-13T00:44:38.870+0000] {dag.py:3096} INFO - Sync 1 DAGs
[2024-07-13T00:44:38.897+0000] {logging_mixin.py:188} INFO - [2024-07-13T00:44:38.897+0000] {dag.py:3954} INFO - Setting next_dagrun for tutorial_taskflow_api to None, run_after=None
[2024-07-13T00:44:38.934+0000] {processor.py:183} INFO - Processing /home/airflow/.local/lib/python3.11/site-packages/airflow/example_dags/tutorial_taskflow_api.py took 0.147 seconds
[2024-07-13T00:45:09.796+0000] {processor.py:161} INFO - Started process (PID=201) to work on /home/airflow/.local/lib/python3.11/site-packages/airflow/example_dags/tutorial_taskflow_api.py
[2024-07-13T00:45:09.801+0000] {processor.py:830} INFO - Processing file /home/airflow/.local/lib/python3.11/site-packages/airflow/example_dags/tutorial_taskflow_api.py for tasks to queue
[2024-07-13T00:45:09.804+0000] {logging_mixin.py:188} INFO - [2024-07-13T00:45:09.803+0000] {dagbag.py:545} INFO - Filling up the DagBag from /home/airflow/.local/lib/python3.11/site-packages/airflow/example_dags/tutorial_taskflow_api.py
[2024-07-13T00:45:09.817+0000] {processor.py:840} INFO - DAG(s) 'tutorial_taskflow_api' retrieved from /home/airflow/.local/lib/python3.11/site-packages/airflow/example_dags/tutorial_taskflow_api.py
[2024-07-13T00:45:09.850+0000] {logging_mixin.py:188} INFO - [2024-07-13T00:45:09.850+0000] {dag.py:3096} INFO - Sync 1 DAGs
[2024-07-13T00:45:09.871+0000] {logging_mixin.py:188} INFO - [2024-07-13T00:45:09.870+0000] {dag.py:3954} INFO - Setting next_dagrun for tutorial_taskflow_api to None, run_after=None
[2024-07-13T00:45:09.901+0000] {processor.py:183} INFO - Processing /home/airflow/.local/lib/python3.11/site-packages/airflow/example_dags/tutorial_taskflow_api.py took 0.117 seconds
[2024-07-13T00:45:41.738+0000] {processor.py:161} INFO - Started process (PID=263) to work on /home/airflow/.local/lib/python3.11/site-packages/airflow/example_dags/tutorial_taskflow_api.py
[2024-07-13T00:45:41.740+0000] {processor.py:830} INFO - Processing file /home/airflow/.local/lib/python3.11/site-packages/airflow/example_dags/tutorial_taskflow_api.py for tasks to queue
[2024-07-13T00:45:41.743+0000] {logging_mixin.py:188} INFO - [2024-07-13T00:45:41.742+0000] {dagbag.py:545} INFO - Filling up the DagBag from /home/airflow/.local/lib/python3.11/site-packages/airflow/example_dags/tutorial_taskflow_api.py
[2024-07-13T00:45:41.755+0000] {processor.py:840} INFO - DAG(s) 'tutorial_taskflow_api' retrieved from /home/airflow/.local/lib/python3.11/site-packages/airflow/example_dags/tutorial_taskflow_api.py
[2024-07-13T00:45:41.790+0000] {logging_mixin.py:188} INFO - [2024-07-13T00:45:41.789+0000] {dag.py:3096} INFO - Sync 1 DAGs
[2024-07-13T00:45:41.810+0000] {logging_mixin.py:188} INFO - [2024-07-13T00:45:41.809+0000] {dag.py:3954} INFO - Setting next_dagrun for tutorial_taskflow_api to None, run_after=None
[2024-07-13T00:45:41.837+0000] {processor.py:183} INFO - Processing /home/airflow/.local/lib/python3.11/site-packages/airflow/example_dags/tutorial_taskflow_api.py took 0.111 seconds
[2024-07-13T00:46:14.605+0000] {processor.py:161} INFO - Started process (PID=330) to work on /home/airflow/.local/lib/python3.11/site-packages/airflow/example_dags/tutorial_taskflow_api.py
[2024-07-13T00:46:14.607+0000] {processor.py:830} INFO - Processing file /home/airflow/.local/lib/python3.11/site-packages/airflow/example_dags/tutorial_taskflow_api.py for tasks to queue
[2024-07-13T00:46:14.610+0000] {logging_mixin.py:188} INFO - [2024-07-13T00:46:14.610+0000] {dagbag.py:545} INFO - Filling up the DagBag from /home/airflow/.local/lib/python3.11/site-packages/airflow/example_dags/tutorial_taskflow_api.py
[2024-07-13T00:46:14.622+0000] {processor.py:840} INFO - DAG(s) 'tutorial_taskflow_api' retrieved from /home/airflow/.local/lib/python3.11/site-packages/airflow/example_dags/tutorial_taskflow_api.py
[2024-07-13T00:46:14.658+0000] {logging_mixin.py:188} INFO - [2024-07-13T00:46:14.657+0000] {dag.py:3096} INFO - Sync 1 DAGs
[2024-07-13T00:46:14.677+0000] {logging_mixin.py:188} INFO - [2024-07-13T00:46:14.677+0000] {dag.py:3954} INFO - Setting next_dagrun for tutorial_taskflow_api to None, run_after=None
[2024-07-13T00:46:14.706+0000] {processor.py:183} INFO - Processing /home/airflow/.local/lib/python3.11/site-packages/airflow/example_dags/tutorial_taskflow_api.py took 0.113 seconds
[2024-07-13T00:46:47.920+0000] {processor.py:161} INFO - Started process (PID=392) to work on /home/airflow/.local/lib/python3.11/site-packages/airflow/example_dags/tutorial_taskflow_api.py
[2024-07-13T00:46:47.922+0000] {processor.py:830} INFO - Processing file /home/airflow/.local/lib/python3.11/site-packages/airflow/example_dags/tutorial_taskflow_api.py for tasks to queue
[2024-07-13T00:46:47.925+0000] {logging_mixin.py:188} INFO - [2024-07-13T00:46:47.924+0000] {dagbag.py:545} INFO - Filling up the DagBag from /home/airflow/.local/lib/python3.11/site-packages/airflow/example_dags/tutorial_taskflow_api.py
[2024-07-13T00:46:47.937+0000] {processor.py:840} INFO - DAG(s) 'tutorial_taskflow_api' retrieved from /home/airflow/.local/lib/python3.11/site-packages/airflow/example_dags/tutorial_taskflow_api.py
[2024-07-13T00:46:47.976+0000] {logging_mixin.py:188} INFO - [2024-07-13T00:46:47.976+0000] {dag.py:3096} INFO - Sync 1 DAGs
[2024-07-13T00:46:47.995+0000] {logging_mixin.py:188} INFO - [2024-07-13T00:46:47.995+0000] {dag.py:3954} INFO - Setting next_dagrun for tutorial_taskflow_api to None, run_after=None
[2024-07-13T00:46:48.021+0000] {processor.py:183} INFO - Processing /home/airflow/.local/lib/python3.11/site-packages/airflow/example_dags/tutorial_taskflow_api.py took 0.113 seconds
[2024-07-13T00:47:21.487+0000] {processor.py:161} INFO - Started process (PID=453) to work on /home/airflow/.local/lib/python3.11/site-packages/airflow/example_dags/tutorial_taskflow_api.py
[2024-07-13T00:47:21.489+0000] {processor.py:830} INFO - Processing file /home/airflow/.local/lib/python3.11/site-packages/airflow/example_dags/tutorial_taskflow_api.py for tasks to queue
[2024-07-13T00:47:21.492+0000] {logging_mixin.py:188} INFO - [2024-07-13T00:47:21.492+0000] {dagbag.py:545} INFO - Filling up the DagBag from /home/airflow/.local/lib/python3.11/site-packages/airflow/example_dags/tutorial_taskflow_api.py
[2024-07-13T00:47:21.506+0000] {processor.py:840} INFO - DAG(s) 'tutorial_taskflow_api' retrieved from /home/airflow/.local/lib/python3.11/site-packages/airflow/example_dags/tutorial_taskflow_api.py
[2024-07-13T00:47:21.543+0000] {logging_mixin.py:188} INFO - [2024-07-13T00:47:21.542+0000] {dag.py:3096} INFO - Sync 1 DAGs
[2024-07-13T00:47:21.562+0000] {logging_mixin.py:188} INFO - [2024-07-13T00:47:21.562+0000] {dag.py:3954} INFO - Setting next_dagrun for tutorial_taskflow_api to None, run_after=None
[2024-07-13T00:47:21.593+0000] {processor.py:183} INFO - Processing /home/airflow/.local/lib/python3.11/site-packages/airflow/example_dags/tutorial_taskflow_api.py took 0.118 seconds
[2024-07-13T00:47:59.064+0000] {processor.py:161} INFO - Started process (PID=514) to work on /home/airflow/.local/lib/python3.11/site-packages/airflow/example_dags/tutorial_taskflow_api.py
[2024-07-13T00:47:59.066+0000] {processor.py:830} INFO - Processing file /home/airflow/.local/lib/python3.11/site-packages/airflow/example_dags/tutorial_taskflow_api.py for tasks to queue
[2024-07-13T00:47:59.070+0000] {logging_mixin.py:188} INFO - [2024-07-13T00:47:59.069+0000] {dagbag.py:545} INFO - Filling up the DagBag from /home/airflow/.local/lib/python3.11/site-packages/airflow/example_dags/tutorial_taskflow_api.py
[2024-07-13T00:47:59.082+0000] {processor.py:840} INFO - DAG(s) 'tutorial_taskflow_api' retrieved from /home/airflow/.local/lib/python3.11/site-packages/airflow/example_dags/tutorial_taskflow_api.py
[2024-07-13T00:47:59.117+0000] {logging_mixin.py:188} INFO - [2024-07-13T00:47:59.116+0000] {dag.py:3096} INFO - Sync 1 DAGs
[2024-07-13T00:47:59.137+0000] {logging_mixin.py:188} INFO - [2024-07-13T00:47:59.137+0000] {dag.py:3954} INFO - Setting next_dagrun for tutorial_taskflow_api to None, run_after=None
[2024-07-13T00:47:59.167+0000] {processor.py:183} INFO - Processing /home/airflow/.local/lib/python3.11/site-packages/airflow/example_dags/tutorial_taskflow_api.py took 0.115 seconds
[2024-07-13T00:48:33.182+0000] {processor.py:161} INFO - Started process (PID=576) to work on /home/airflow/.local/lib/python3.11/site-packages/airflow/example_dags/tutorial_taskflow_api.py
[2024-07-13T00:48:33.184+0000] {processor.py:830} INFO - Processing file /home/airflow/.local/lib/python3.11/site-packages/airflow/example_dags/tutorial_taskflow_api.py for tasks to queue
[2024-07-13T00:48:33.187+0000] {logging_mixin.py:188} INFO - [2024-07-13T00:48:33.186+0000] {dagbag.py:545} INFO - Filling up the DagBag from /home/airflow/.local/lib/python3.11/site-packages/airflow/example_dags/tutorial_taskflow_api.py
[2024-07-13T00:48:33.200+0000] {processor.py:840} INFO - DAG(s) 'tutorial_taskflow_api' retrieved from /home/airflow/.local/lib/python3.11/site-packages/airflow/example_dags/tutorial_taskflow_api.py
[2024-07-13T00:48:33.241+0000] {logging_mixin.py:188} INFO - [2024-07-13T00:48:33.239+0000] {dag.py:3096} INFO - Sync 1 DAGs
[2024-07-13T00:48:33.263+0000] {logging_mixin.py:188} INFO - [2024-07-13T00:48:33.263+0000] {dag.py:3954} INFO - Setting next_dagrun for tutorial_taskflow_api to None, run_after=None
[2024-07-13T00:48:33.289+0000] {processor.py:183} INFO - Processing /home/airflow/.local/lib/python3.11/site-packages/airflow/example_dags/tutorial_taskflow_api.py took 0.120 seconds
[2024-07-13T00:49:07.969+0000] {processor.py:161} INFO - Started process (PID=640) to work on /home/airflow/.local/lib/python3.11/site-packages/airflow/example_dags/tutorial_taskflow_api.py
[2024-07-13T00:49:07.971+0000] {processor.py:830} INFO - Processing file /home/airflow/.local/lib/python3.11/site-packages/airflow/example_dags/tutorial_taskflow_api.py for tasks to queue
[2024-07-13T00:49:07.974+0000] {logging_mixin.py:188} INFO - [2024-07-13T00:49:07.973+0000] {dagbag.py:545} INFO - Filling up the DagBag from /home/airflow/.local/lib/python3.11/site-packages/airflow/example_dags/tutorial_taskflow_api.py
[2024-07-13T00:49:07.987+0000] {processor.py:840} INFO - DAG(s) 'tutorial_taskflow_api' retrieved from /home/airflow/.local/lib/python3.11/site-packages/airflow/example_dags/tutorial_taskflow_api.py
[2024-07-13T00:49:08.028+0000] {logging_mixin.py:188} INFO - [2024-07-13T00:49:08.027+0000] {dag.py:3096} INFO - Sync 1 DAGs
[2024-07-13T00:49:08.055+0000] {logging_mixin.py:188} INFO - [2024-07-13T00:49:08.054+0000] {dag.py:3954} INFO - Setting next_dagrun for tutorial_taskflow_api to None, run_after=None
[2024-07-13T00:49:08.086+0000] {processor.py:183} INFO - Processing /home/airflow/.local/lib/python3.11/site-packages/airflow/example_dags/tutorial_taskflow_api.py took 0.128 seconds
[2024-07-13T00:49:42.088+0000] {processor.py:161} INFO - Started process (PID=706) to work on /home/airflow/.local/lib/python3.11/site-packages/airflow/example_dags/tutorial_taskflow_api.py
[2024-07-13T00:49:42.090+0000] {processor.py:830} INFO - Processing file /home/airflow/.local/lib/python3.11/site-packages/airflow/example_dags/tutorial_taskflow_api.py for tasks to queue
[2024-07-13T00:49:42.093+0000] {logging_mixin.py:188} INFO - [2024-07-13T00:49:42.093+0000] {dagbag.py:545} INFO - Filling up the DagBag from /home/airflow/.local/lib/python3.11/site-packages/airflow/example_dags/tutorial_taskflow_api.py
[2024-07-13T00:49:42.105+0000] {processor.py:840} INFO - DAG(s) 'tutorial_taskflow_api' retrieved from /home/airflow/.local/lib/python3.11/site-packages/airflow/example_dags/tutorial_taskflow_api.py
[2024-07-13T00:49:42.141+0000] {logging_mixin.py:188} INFO - [2024-07-13T00:49:42.141+0000] {dag.py:3096} INFO - Sync 1 DAGs
[2024-07-13T00:49:42.162+0000] {logging_mixin.py:188} INFO - [2024-07-13T00:49:42.161+0000] {dag.py:3954} INFO - Setting next_dagrun for tutorial_taskflow_api to None, run_after=None
[2024-07-13T00:49:42.190+0000] {processor.py:183} INFO - Processing /home/airflow/.local/lib/python3.11/site-packages/airflow/example_dags/tutorial_taskflow_api.py took 0.114 seconds
[2024-07-13T00:50:16.292+0000] {processor.py:161} INFO - Started process (PID=774) to work on /home/airflow/.local/lib/python3.11/site-packages/airflow/example_dags/tutorial_taskflow_api.py
[2024-07-13T00:50:16.294+0000] {processor.py:830} INFO - Processing file /home/airflow/.local/lib/python3.11/site-packages/airflow/example_dags/tutorial_taskflow_api.py for tasks to queue
[2024-07-13T00:50:16.297+0000] {logging_mixin.py:188} INFO - [2024-07-13T00:50:16.296+0000] {dagbag.py:545} INFO - Filling up the DagBag from /home/airflow/.local/lib/python3.11/site-packages/airflow/example_dags/tutorial_taskflow_api.py
[2024-07-13T00:50:16.312+0000] {processor.py:840} INFO - DAG(s) 'tutorial_taskflow_api' retrieved from /home/airflow/.local/lib/python3.11/site-packages/airflow/example_dags/tutorial_taskflow_api.py
[2024-07-13T00:50:16.347+0000] {logging_mixin.py:188} INFO - [2024-07-13T00:50:16.346+0000] {dag.py:3096} INFO - Sync 1 DAGs
[2024-07-13T00:50:16.366+0000] {logging_mixin.py:188} INFO - [2024-07-13T00:50:16.365+0000] {dag.py:3954} INFO - Setting next_dagrun for tutorial_taskflow_api to None, run_after=None
[2024-07-13T00:50:16.397+0000] {processor.py:183} INFO - Processing /home/airflow/.local/lib/python3.11/site-packages/airflow/example_dags/tutorial_taskflow_api.py took 0.119 seconds
[2024-07-13T00:50:52.669+0000] {processor.py:161} INFO - Started process (PID=836) to work on /home/airflow/.local/lib/python3.11/site-packages/airflow/example_dags/tutorial_taskflow_api.py
[2024-07-13T00:50:52.671+0000] {processor.py:830} INFO - Processing file /home/airflow/.local/lib/python3.11/site-packages/airflow/example_dags/tutorial_taskflow_api.py for tasks to queue
[2024-07-13T00:50:52.674+0000] {logging_mixin.py:188} INFO - [2024-07-13T00:50:52.674+0000] {dagbag.py:545} INFO - Filling up the DagBag from /home/airflow/.local/lib/python3.11/site-packages/airflow/example_dags/tutorial_taskflow_api.py
[2024-07-13T00:50:52.687+0000] {processor.py:840} INFO - DAG(s) 'tutorial_taskflow_api' retrieved from /home/airflow/.local/lib/python3.11/site-packages/airflow/example_dags/tutorial_taskflow_api.py
[2024-07-13T00:50:52.721+0000] {logging_mixin.py:188} INFO - [2024-07-13T00:50:52.721+0000] {dag.py:3096} INFO - Sync 1 DAGs
[2024-07-13T00:50:53.042+0000] {logging_mixin.py:188} INFO - [2024-07-13T00:50:53.042+0000] {dag.py:3954} INFO - Setting next_dagrun for tutorial_taskflow_api to None, run_after=None
[2024-07-13T00:50:53.067+0000] {processor.py:183} INFO - Processing /home/airflow/.local/lib/python3.11/site-packages/airflow/example_dags/tutorial_taskflow_api.py took 0.411 seconds
[2024-07-13T00:51:23.321+0000] {processor.py:161} INFO - Started process (PID=898) to work on /home/airflow/.local/lib/python3.11/site-packages/airflow/example_dags/tutorial_taskflow_api.py
[2024-07-13T00:51:23.323+0000] {processor.py:830} INFO - Processing file /home/airflow/.local/lib/python3.11/site-packages/airflow/example_dags/tutorial_taskflow_api.py for tasks to queue
[2024-07-13T00:51:23.327+0000] {logging_mixin.py:188} INFO - [2024-07-13T00:51:23.326+0000] {dagbag.py:545} INFO - Filling up the DagBag from /home/airflow/.local/lib/python3.11/site-packages/airflow/example_dags/tutorial_taskflow_api.py
[2024-07-13T00:51:23.345+0000] {processor.py:840} INFO - DAG(s) 'tutorial_taskflow_api' retrieved from /home/airflow/.local/lib/python3.11/site-packages/airflow/example_dags/tutorial_taskflow_api.py
[2024-07-13T00:51:23.388+0000] {logging_mixin.py:188} INFO - [2024-07-13T00:51:23.387+0000] {dag.py:3096} INFO - Sync 1 DAGs
[2024-07-13T00:51:23.415+0000] {logging_mixin.py:188} INFO - [2024-07-13T00:51:23.415+0000] {dag.py:3954} INFO - Setting next_dagrun for tutorial_taskflow_api to None, run_after=None
[2024-07-13T00:51:23.453+0000] {processor.py:183} INFO - Processing /home/airflow/.local/lib/python3.11/site-packages/airflow/example_dags/tutorial_taskflow_api.py took 0.147 seconds
[2024-07-13T00:51:55.949+0000] {processor.py:161} INFO - Started process (PID=960) to work on /home/airflow/.local/lib/python3.11/site-packages/airflow/example_dags/tutorial_taskflow_api.py
[2024-07-13T00:51:55.951+0000] {processor.py:830} INFO - Processing file /home/airflow/.local/lib/python3.11/site-packages/airflow/example_dags/tutorial_taskflow_api.py for tasks to queue
[2024-07-13T00:51:55.955+0000] {logging_mixin.py:188} INFO - [2024-07-13T00:51:55.954+0000] {dagbag.py:545} INFO - Filling up the DagBag from /home/airflow/.local/lib/python3.11/site-packages/airflow/example_dags/tutorial_taskflow_api.py
[2024-07-13T00:51:55.969+0000] {processor.py:840} INFO - DAG(s) 'tutorial_taskflow_api' retrieved from /home/airflow/.local/lib/python3.11/site-packages/airflow/example_dags/tutorial_taskflow_api.py
[2024-07-13T00:51:56.001+0000] {logging_mixin.py:188} INFO - [2024-07-13T00:51:56.000+0000] {dag.py:3096} INFO - Sync 1 DAGs
[2024-07-13T00:51:56.021+0000] {logging_mixin.py:188} INFO - [2024-07-13T00:51:56.020+0000] {dag.py:3954} INFO - Setting next_dagrun for tutorial_taskflow_api to None, run_after=None
[2024-07-13T00:51:56.051+0000] {processor.py:183} INFO - Processing /home/airflow/.local/lib/python3.11/site-packages/airflow/example_dags/tutorial_taskflow_api.py took 0.117 seconds
[2024-07-13T00:52:29.152+0000] {processor.py:161} INFO - Started process (PID=1023) to work on /home/airflow/.local/lib/python3.11/site-packages/airflow/example_dags/tutorial_taskflow_api.py
[2024-07-13T00:52:29.154+0000] {processor.py:830} INFO - Processing file /home/airflow/.local/lib/python3.11/site-packages/airflow/example_dags/tutorial_taskflow_api.py for tasks to queue
[2024-07-13T00:52:29.158+0000] {logging_mixin.py:188} INFO - [2024-07-13T00:52:29.157+0000] {dagbag.py:545} INFO - Filling up the DagBag from /home/airflow/.local/lib/python3.11/site-packages/airflow/example_dags/tutorial_taskflow_api.py
[2024-07-13T00:52:29.170+0000] {processor.py:840} INFO - DAG(s) 'tutorial_taskflow_api' retrieved from /home/airflow/.local/lib/python3.11/site-packages/airflow/example_dags/tutorial_taskflow_api.py
[2024-07-13T00:52:29.204+0000] {logging_mixin.py:188} INFO - [2024-07-13T00:52:29.203+0000] {dag.py:3096} INFO - Sync 1 DAGs
[2024-07-13T00:52:29.224+0000] {logging_mixin.py:188} INFO - [2024-07-13T00:52:29.224+0000] {dag.py:3954} INFO - Setting next_dagrun for tutorial_taskflow_api to None, run_after=None
[2024-07-13T00:52:29.251+0000] {processor.py:183} INFO - Processing /home/airflow/.local/lib/python3.11/site-packages/airflow/example_dags/tutorial_taskflow_api.py took 0.110 seconds
[2024-07-13T00:53:01.845+0000] {processor.py:161} INFO - Started process (PID=1086) to work on /home/airflow/.local/lib/python3.11/site-packages/airflow/example_dags/tutorial_taskflow_api.py
[2024-07-13T00:53:01.847+0000] {processor.py:830} INFO - Processing file /home/airflow/.local/lib/python3.11/site-packages/airflow/example_dags/tutorial_taskflow_api.py for tasks to queue
[2024-07-13T00:53:01.851+0000] {logging_mixin.py:188} INFO - [2024-07-13T00:53:01.851+0000] {dagbag.py:545} INFO - Filling up the DagBag from /home/airflow/.local/lib/python3.11/site-packages/airflow/example_dags/tutorial_taskflow_api.py
[2024-07-13T00:53:01.868+0000] {processor.py:840} INFO - DAG(s) 'tutorial_taskflow_api' retrieved from /home/airflow/.local/lib/python3.11/site-packages/airflow/example_dags/tutorial_taskflow_api.py
[2024-07-13T00:53:01.917+0000] {logging_mixin.py:188} INFO - [2024-07-13T00:53:01.916+0000] {dag.py:3096} INFO - Sync 1 DAGs
[2024-07-13T00:53:01.943+0000] {logging_mixin.py:188} INFO - [2024-07-13T00:53:01.943+0000] {dag.py:3954} INFO - Setting next_dagrun for tutorial_taskflow_api to None, run_after=None
[2024-07-13T00:53:01.977+0000] {processor.py:183} INFO - Processing /home/airflow/.local/lib/python3.11/site-packages/airflow/example_dags/tutorial_taskflow_api.py took 0.146 seconds
[2024-07-13T00:53:34.783+0000] {processor.py:161} INFO - Started process (PID=1148) to work on /home/airflow/.local/lib/python3.11/site-packages/airflow/example_dags/tutorial_taskflow_api.py
[2024-07-13T00:53:34.786+0000] {processor.py:830} INFO - Processing file /home/airflow/.local/lib/python3.11/site-packages/airflow/example_dags/tutorial_taskflow_api.py for tasks to queue
[2024-07-13T00:53:34.790+0000] {logging_mixin.py:188} INFO - [2024-07-13T00:53:34.789+0000] {dagbag.py:545} INFO - Filling up the DagBag from /home/airflow/.local/lib/python3.11/site-packages/airflow/example_dags/tutorial_taskflow_api.py
[2024-07-13T00:53:34.809+0000] {processor.py:840} INFO - DAG(s) 'tutorial_taskflow_api' retrieved from /home/airflow/.local/lib/python3.11/site-packages/airflow/example_dags/tutorial_taskflow_api.py
[2024-07-13T00:53:34.849+0000] {logging_mixin.py:188} INFO - [2024-07-13T00:53:34.848+0000] {dag.py:3096} INFO - Sync 1 DAGs
[2024-07-13T00:53:34.871+0000] {logging_mixin.py:188} INFO - [2024-07-13T00:53:34.871+0000] {dag.py:3954} INFO - Setting next_dagrun for tutorial_taskflow_api to None, run_after=None
[2024-07-13T00:53:34.904+0000] {processor.py:183} INFO - Processing /home/airflow/.local/lib/python3.11/site-packages/airflow/example_dags/tutorial_taskflow_api.py took 0.137 seconds
[2024-07-13T00:54:07.177+0000] {processor.py:161} INFO - Started process (PID=1210) to work on /home/airflow/.local/lib/python3.11/site-packages/airflow/example_dags/tutorial_taskflow_api.py
[2024-07-13T00:54:07.180+0000] {processor.py:830} INFO - Processing file /home/airflow/.local/lib/python3.11/site-packages/airflow/example_dags/tutorial_taskflow_api.py for tasks to queue
[2024-07-13T00:54:07.183+0000] {logging_mixin.py:188} INFO - [2024-07-13T00:54:07.183+0000] {dagbag.py:545} INFO - Filling up the DagBag from /home/airflow/.local/lib/python3.11/site-packages/airflow/example_dags/tutorial_taskflow_api.py
[2024-07-13T00:54:07.198+0000] {processor.py:840} INFO - DAG(s) 'tutorial_taskflow_api' retrieved from /home/airflow/.local/lib/python3.11/site-packages/airflow/example_dags/tutorial_taskflow_api.py
[2024-07-13T00:54:07.246+0000] {logging_mixin.py:188} INFO - [2024-07-13T00:54:07.244+0000] {dag.py:3096} INFO - Sync 1 DAGs
[2024-07-13T00:54:07.272+0000] {logging_mixin.py:188} INFO - [2024-07-13T00:54:07.271+0000] {dag.py:3954} INFO - Setting next_dagrun for tutorial_taskflow_api to None, run_after=None
[2024-07-13T00:54:07.303+0000] {processor.py:183} INFO - Processing /home/airflow/.local/lib/python3.11/site-packages/airflow/example_dags/tutorial_taskflow_api.py took 0.139 seconds
[2024-07-13T00:54:40.753+0000] {processor.py:161} INFO - Started process (PID=1272) to work on /home/airflow/.local/lib/python3.11/site-packages/airflow/example_dags/tutorial_taskflow_api.py
[2024-07-13T00:54:40.754+0000] {processor.py:830} INFO - Processing file /home/airflow/.local/lib/python3.11/site-packages/airflow/example_dags/tutorial_taskflow_api.py for tasks to queue
[2024-07-13T00:54:40.758+0000] {logging_mixin.py:188} INFO - [2024-07-13T00:54:40.757+0000] {dagbag.py:545} INFO - Filling up the DagBag from /home/airflow/.local/lib/python3.11/site-packages/airflow/example_dags/tutorial_taskflow_api.py
[2024-07-13T00:54:40.772+0000] {processor.py:840} INFO - DAG(s) 'tutorial_taskflow_api' retrieved from /home/airflow/.local/lib/python3.11/site-packages/airflow/example_dags/tutorial_taskflow_api.py
[2024-07-13T00:54:40.812+0000] {logging_mixin.py:188} INFO - [2024-07-13T00:54:40.811+0000] {dag.py:3096} INFO - Sync 1 DAGs
[2024-07-13T00:54:40.837+0000] {logging_mixin.py:188} INFO - [2024-07-13T00:54:40.836+0000] {dag.py:3954} INFO - Setting next_dagrun for tutorial_taskflow_api to None, run_after=None
[2024-07-13T00:54:40.868+0000] {processor.py:183} INFO - Processing /home/airflow/.local/lib/python3.11/site-packages/airflow/example_dags/tutorial_taskflow_api.py took 0.130 seconds
[2024-07-13T00:55:13.760+0000] {processor.py:161} INFO - Started process (PID=1334) to work on /home/airflow/.local/lib/python3.11/site-packages/airflow/example_dags/tutorial_taskflow_api.py
[2024-07-13T00:55:13.764+0000] {processor.py:830} INFO - Processing file /home/airflow/.local/lib/python3.11/site-packages/airflow/example_dags/tutorial_taskflow_api.py for tasks to queue
[2024-07-13T00:55:13.768+0000] {logging_mixin.py:188} INFO - [2024-07-13T00:55:13.767+0000] {dagbag.py:545} INFO - Filling up the DagBag from /home/airflow/.local/lib/python3.11/site-packages/airflow/example_dags/tutorial_taskflow_api.py
[2024-07-13T00:55:13.781+0000] {processor.py:840} INFO - DAG(s) 'tutorial_taskflow_api' retrieved from /home/airflow/.local/lib/python3.11/site-packages/airflow/example_dags/tutorial_taskflow_api.py
[2024-07-13T00:55:13.828+0000] {logging_mixin.py:188} INFO - [2024-07-13T00:55:13.826+0000] {dag.py:3096} INFO - Sync 1 DAGs
[2024-07-13T00:55:13.856+0000] {logging_mixin.py:188} INFO - [2024-07-13T00:55:13.855+0000] {dag.py:3954} INFO - Setting next_dagrun for tutorial_taskflow_api to None, run_after=None
[2024-07-13T00:55:13.891+0000] {processor.py:183} INFO - Processing /home/airflow/.local/lib/python3.11/site-packages/airflow/example_dags/tutorial_taskflow_api.py took 0.143 seconds
[2024-07-13T00:59:04.376+0000] {processor.py:161} INFO - Started process (PID=79) to work on /home/airflow/.local/lib/python3.11/site-packages/airflow/example_dags/tutorial_taskflow_api.py
[2024-07-13T00:59:04.379+0000] {processor.py:830} INFO - Processing file /home/airflow/.local/lib/python3.11/site-packages/airflow/example_dags/tutorial_taskflow_api.py for tasks to queue
[2024-07-13T00:59:04.382+0000] {logging_mixin.py:188} INFO - [2024-07-13T00:59:04.382+0000] {dagbag.py:545} INFO - Filling up the DagBag from /home/airflow/.local/lib/python3.11/site-packages/airflow/example_dags/tutorial_taskflow_api.py
[2024-07-13T00:59:04.398+0000] {processor.py:840} INFO - DAG(s) 'tutorial_taskflow_api' retrieved from /home/airflow/.local/lib/python3.11/site-packages/airflow/example_dags/tutorial_taskflow_api.py
[2024-07-13T00:59:04.607+0000] {logging_mixin.py:188} INFO - [2024-07-13T00:59:04.606+0000] {dag.py:3096} INFO - Sync 1 DAGs
[2024-07-13T00:59:04.636+0000] {logging_mixin.py:188} INFO - [2024-07-13T00:59:04.635+0000] {dag.py:3954} INFO - Setting next_dagrun for tutorial_taskflow_api to None, run_after=None
[2024-07-13T00:59:04.678+0000] {processor.py:183} INFO - Processing /home/airflow/.local/lib/python3.11/site-packages/airflow/example_dags/tutorial_taskflow_api.py took 0.320 seconds
[2024-07-13T00:59:35.365+0000] {processor.py:161} INFO - Started process (PID=141) to work on /home/airflow/.local/lib/python3.11/site-packages/airflow/example_dags/tutorial_taskflow_api.py
[2024-07-13T00:59:35.367+0000] {processor.py:830} INFO - Processing file /home/airflow/.local/lib/python3.11/site-packages/airflow/example_dags/tutorial_taskflow_api.py for tasks to queue
[2024-07-13T00:59:35.371+0000] {logging_mixin.py:188} INFO - [2024-07-13T00:59:35.371+0000] {dagbag.py:545} INFO - Filling up the DagBag from /home/airflow/.local/lib/python3.11/site-packages/airflow/example_dags/tutorial_taskflow_api.py
[2024-07-13T00:59:35.385+0000] {processor.py:840} INFO - DAG(s) 'tutorial_taskflow_api' retrieved from /home/airflow/.local/lib/python3.11/site-packages/airflow/example_dags/tutorial_taskflow_api.py
[2024-07-13T00:59:35.425+0000] {logging_mixin.py:188} INFO - [2024-07-13T00:59:35.424+0000] {dag.py:3096} INFO - Sync 1 DAGs
[2024-07-13T00:59:35.448+0000] {logging_mixin.py:188} INFO - [2024-07-13T00:59:35.447+0000] {dag.py:3954} INFO - Setting next_dagrun for tutorial_taskflow_api to None, run_after=None
[2024-07-13T00:59:35.482+0000] {processor.py:183} INFO - Processing /home/airflow/.local/lib/python3.11/site-packages/airflow/example_dags/tutorial_taskflow_api.py took 0.131 seconds
[2024-07-13T01:00:06.249+0000] {processor.py:161} INFO - Started process (PID=202) to work on /home/airflow/.local/lib/python3.11/site-packages/airflow/example_dags/tutorial_taskflow_api.py
[2024-07-13T01:00:06.252+0000] {processor.py:830} INFO - Processing file /home/airflow/.local/lib/python3.11/site-packages/airflow/example_dags/tutorial_taskflow_api.py for tasks to queue
[2024-07-13T01:00:06.256+0000] {logging_mixin.py:188} INFO - [2024-07-13T01:00:06.256+0000] {dagbag.py:545} INFO - Filling up the DagBag from /home/airflow/.local/lib/python3.11/site-packages/airflow/example_dags/tutorial_taskflow_api.py
[2024-07-13T01:00:06.271+0000] {processor.py:840} INFO - DAG(s) 'tutorial_taskflow_api' retrieved from /home/airflow/.local/lib/python3.11/site-packages/airflow/example_dags/tutorial_taskflow_api.py
[2024-07-13T01:00:06.314+0000] {logging_mixin.py:188} INFO - [2024-07-13T01:00:06.312+0000] {dag.py:3096} INFO - Sync 1 DAGs
[2024-07-13T01:00:06.342+0000] {logging_mixin.py:188} INFO - [2024-07-13T01:00:06.341+0000] {dag.py:3954} INFO - Setting next_dagrun for tutorial_taskflow_api to None, run_after=None
[2024-07-13T01:00:06.376+0000] {processor.py:183} INFO - Processing /home/airflow/.local/lib/python3.11/site-packages/airflow/example_dags/tutorial_taskflow_api.py took 0.140 seconds
[2024-07-13T01:00:39.198+0000] {processor.py:161} INFO - Started process (PID=270) to work on /home/airflow/.local/lib/python3.11/site-packages/airflow/example_dags/tutorial_taskflow_api.py
[2024-07-13T01:00:39.200+0000] {processor.py:830} INFO - Processing file /home/airflow/.local/lib/python3.11/site-packages/airflow/example_dags/tutorial_taskflow_api.py for tasks to queue
[2024-07-13T01:00:39.204+0000] {logging_mixin.py:188} INFO - [2024-07-13T01:00:39.204+0000] {dagbag.py:545} INFO - Filling up the DagBag from /home/airflow/.local/lib/python3.11/site-packages/airflow/example_dags/tutorial_taskflow_api.py
[2024-07-13T01:00:39.219+0000] {processor.py:840} INFO - DAG(s) 'tutorial_taskflow_api' retrieved from /home/airflow/.local/lib/python3.11/site-packages/airflow/example_dags/tutorial_taskflow_api.py
[2024-07-13T01:00:39.262+0000] {logging_mixin.py:188} INFO - [2024-07-13T01:00:39.261+0000] {dag.py:3096} INFO - Sync 1 DAGs
[2024-07-13T01:00:39.286+0000] {logging_mixin.py:188} INFO - [2024-07-13T01:00:39.285+0000] {dag.py:3954} INFO - Setting next_dagrun for tutorial_taskflow_api to None, run_after=None
[2024-07-13T01:00:39.322+0000] {processor.py:183} INFO - Processing /home/airflow/.local/lib/python3.11/site-packages/airflow/example_dags/tutorial_taskflow_api.py took 0.138 seconds
[2024-07-13T01:01:12.355+0000] {processor.py:161} INFO - Started process (PID=332) to work on /home/airflow/.local/lib/python3.11/site-packages/airflow/example_dags/tutorial_taskflow_api.py
[2024-07-13T01:01:12.357+0000] {processor.py:830} INFO - Processing file /home/airflow/.local/lib/python3.11/site-packages/airflow/example_dags/tutorial_taskflow_api.py for tasks to queue
[2024-07-13T01:01:12.361+0000] {logging_mixin.py:188} INFO - [2024-07-13T01:01:12.360+0000] {dagbag.py:545} INFO - Filling up the DagBag from /home/airflow/.local/lib/python3.11/site-packages/airflow/example_dags/tutorial_taskflow_api.py
[2024-07-13T01:01:12.375+0000] {processor.py:840} INFO - DAG(s) 'tutorial_taskflow_api' retrieved from /home/airflow/.local/lib/python3.11/site-packages/airflow/example_dags/tutorial_taskflow_api.py
[2024-07-13T01:01:12.416+0000] {logging_mixin.py:188} INFO - [2024-07-13T01:01:12.415+0000] {dag.py:3096} INFO - Sync 1 DAGs
[2024-07-13T01:01:12.441+0000] {logging_mixin.py:188} INFO - [2024-07-13T01:01:12.441+0000] {dag.py:3954} INFO - Setting next_dagrun for tutorial_taskflow_api to None, run_after=None
[2024-07-13T01:01:12.479+0000] {processor.py:183} INFO - Processing /home/airflow/.local/lib/python3.11/site-packages/airflow/example_dags/tutorial_taskflow_api.py took 0.138 seconds
[2024-07-13T01:01:45.656+0000] {processor.py:161} INFO - Started process (PID=394) to work on /home/airflow/.local/lib/python3.11/site-packages/airflow/example_dags/tutorial_taskflow_api.py
[2024-07-13T01:01:45.658+0000] {processor.py:830} INFO - Processing file /home/airflow/.local/lib/python3.11/site-packages/airflow/example_dags/tutorial_taskflow_api.py for tasks to queue
[2024-07-13T01:01:45.662+0000] {logging_mixin.py:188} INFO - [2024-07-13T01:01:45.661+0000] {dagbag.py:545} INFO - Filling up the DagBag from /home/airflow/.local/lib/python3.11/site-packages/airflow/example_dags/tutorial_taskflow_api.py
[2024-07-13T01:01:45.680+0000] {processor.py:840} INFO - DAG(s) 'tutorial_taskflow_api' retrieved from /home/airflow/.local/lib/python3.11/site-packages/airflow/example_dags/tutorial_taskflow_api.py
[2024-07-13T01:01:45.723+0000] {logging_mixin.py:188} INFO - [2024-07-13T01:01:45.722+0000] {dag.py:3096} INFO - Sync 1 DAGs
[2024-07-13T01:01:45.747+0000] {logging_mixin.py:188} INFO - [2024-07-13T01:01:45.746+0000] {dag.py:3954} INFO - Setting next_dagrun for tutorial_taskflow_api to None, run_after=None
[2024-07-13T01:01:45.781+0000] {processor.py:183} INFO - Processing /home/airflow/.local/lib/python3.11/site-packages/airflow/example_dags/tutorial_taskflow_api.py took 0.139 seconds
[2024-07-13T01:02:20.228+0000] {processor.py:161} INFO - Started process (PID=455) to work on /home/airflow/.local/lib/python3.11/site-packages/airflow/example_dags/tutorial_taskflow_api.py
[2024-07-13T01:02:20.231+0000] {processor.py:830} INFO - Processing file /home/airflow/.local/lib/python3.11/site-packages/airflow/example_dags/tutorial_taskflow_api.py for tasks to queue
[2024-07-13T01:02:20.235+0000] {logging_mixin.py:188} INFO - [2024-07-13T01:02:20.234+0000] {dagbag.py:545} INFO - Filling up the DagBag from /home/airflow/.local/lib/python3.11/site-packages/airflow/example_dags/tutorial_taskflow_api.py
[2024-07-13T01:02:20.252+0000] {processor.py:840} INFO - DAG(s) 'tutorial_taskflow_api' retrieved from /home/airflow/.local/lib/python3.11/site-packages/airflow/example_dags/tutorial_taskflow_api.py
[2024-07-13T01:02:20.302+0000] {logging_mixin.py:188} INFO - [2024-07-13T01:02:20.301+0000] {dag.py:3096} INFO - Sync 1 DAGs
[2024-07-13T01:02:20.337+0000] {logging_mixin.py:188} INFO - [2024-07-13T01:02:20.336+0000] {dag.py:3954} INFO - Setting next_dagrun for tutorial_taskflow_api to None, run_after=None
[2024-07-13T01:02:20.382+0000] {processor.py:183} INFO - Processing /home/airflow/.local/lib/python3.11/site-packages/airflow/example_dags/tutorial_taskflow_api.py took 0.169 seconds
[2024-07-13T01:02:53.536+0000] {processor.py:161} INFO - Started process (PID=517) to work on /home/airflow/.local/lib/python3.11/site-packages/airflow/example_dags/tutorial_taskflow_api.py
[2024-07-13T01:02:53.538+0000] {processor.py:830} INFO - Processing file /home/airflow/.local/lib/python3.11/site-packages/airflow/example_dags/tutorial_taskflow_api.py for tasks to queue
[2024-07-13T01:02:53.542+0000] {logging_mixin.py:188} INFO - [2024-07-13T01:02:53.541+0000] {dagbag.py:545} INFO - Filling up the DagBag from /home/airflow/.local/lib/python3.11/site-packages/airflow/example_dags/tutorial_taskflow_api.py
[2024-07-13T01:02:53.557+0000] {processor.py:840} INFO - DAG(s) 'tutorial_taskflow_api' retrieved from /home/airflow/.local/lib/python3.11/site-packages/airflow/example_dags/tutorial_taskflow_api.py
[2024-07-13T01:02:53.600+0000] {logging_mixin.py:188} INFO - [2024-07-13T01:02:53.599+0000] {dag.py:3096} INFO - Sync 1 DAGs
[2024-07-13T01:02:53.628+0000] {logging_mixin.py:188} INFO - [2024-07-13T01:02:53.627+0000] {dag.py:3954} INFO - Setting next_dagrun for tutorial_taskflow_api to None, run_after=None
[2024-07-13T01:02:53.666+0000] {processor.py:183} INFO - Processing /home/airflow/.local/lib/python3.11/site-packages/airflow/example_dags/tutorial_taskflow_api.py took 0.144 seconds
[2024-07-13T01:03:28.705+0000] {processor.py:161} INFO - Started process (PID=579) to work on /home/airflow/.local/lib/python3.11/site-packages/airflow/example_dags/tutorial_taskflow_api.py
[2024-07-13T01:03:28.708+0000] {processor.py:830} INFO - Processing file /home/airflow/.local/lib/python3.11/site-packages/airflow/example_dags/tutorial_taskflow_api.py for tasks to queue
[2024-07-13T01:03:28.712+0000] {logging_mixin.py:188} INFO - [2024-07-13T01:03:28.712+0000] {dagbag.py:545} INFO - Filling up the DagBag from /home/airflow/.local/lib/python3.11/site-packages/airflow/example_dags/tutorial_taskflow_api.py
[2024-07-13T01:03:28.726+0000] {processor.py:840} INFO - DAG(s) 'tutorial_taskflow_api' retrieved from /home/airflow/.local/lib/python3.11/site-packages/airflow/example_dags/tutorial_taskflow_api.py
[2024-07-13T01:03:28.770+0000] {logging_mixin.py:188} INFO - [2024-07-13T01:03:28.769+0000] {dag.py:3096} INFO - Sync 1 DAGs
[2024-07-13T01:03:28.802+0000] {logging_mixin.py:188} INFO - [2024-07-13T01:03:28.801+0000] {dag.py:3954} INFO - Setting next_dagrun for tutorial_taskflow_api to None, run_after=None
[2024-07-13T01:03:28.835+0000] {processor.py:183} INFO - Processing /home/airflow/.local/lib/python3.11/site-packages/airflow/example_dags/tutorial_taskflow_api.py took 0.144 seconds
[2024-07-13T01:04:03.470+0000] {processor.py:161} INFO - Started process (PID=648) to work on /home/airflow/.local/lib/python3.11/site-packages/airflow/example_dags/tutorial_taskflow_api.py
[2024-07-13T01:04:03.472+0000] {processor.py:830} INFO - Processing file /home/airflow/.local/lib/python3.11/site-packages/airflow/example_dags/tutorial_taskflow_api.py for tasks to queue
[2024-07-13T01:04:03.476+0000] {logging_mixin.py:188} INFO - [2024-07-13T01:04:03.476+0000] {dagbag.py:545} INFO - Filling up the DagBag from /home/airflow/.local/lib/python3.11/site-packages/airflow/example_dags/tutorial_taskflow_api.py
[2024-07-13T01:04:03.490+0000] {processor.py:840} INFO - DAG(s) 'tutorial_taskflow_api' retrieved from /home/airflow/.local/lib/python3.11/site-packages/airflow/example_dags/tutorial_taskflow_api.py
[2024-07-13T01:04:03.535+0000] {logging_mixin.py:188} INFO - [2024-07-13T01:04:03.534+0000] {dag.py:3096} INFO - Sync 1 DAGs
[2024-07-13T01:04:03.559+0000] {logging_mixin.py:188} INFO - [2024-07-13T01:04:03.559+0000] {dag.py:3954} INFO - Setting next_dagrun for tutorial_taskflow_api to None, run_after=None
[2024-07-13T01:04:03.593+0000] {processor.py:183} INFO - Processing /home/airflow/.local/lib/python3.11/site-packages/airflow/example_dags/tutorial_taskflow_api.py took 0.137 seconds
[2024-07-13T01:04:36.903+0000] {processor.py:161} INFO - Started process (PID=710) to work on /home/airflow/.local/lib/python3.11/site-packages/airflow/example_dags/tutorial_taskflow_api.py
[2024-07-13T01:04:36.905+0000] {processor.py:830} INFO - Processing file /home/airflow/.local/lib/python3.11/site-packages/airflow/example_dags/tutorial_taskflow_api.py for tasks to queue
[2024-07-13T01:04:36.909+0000] {logging_mixin.py:188} INFO - [2024-07-13T01:04:36.908+0000] {dagbag.py:545} INFO - Filling up the DagBag from /home/airflow/.local/lib/python3.11/site-packages/airflow/example_dags/tutorial_taskflow_api.py
[2024-07-13T01:04:36.924+0000] {processor.py:840} INFO - DAG(s) 'tutorial_taskflow_api' retrieved from /home/airflow/.local/lib/python3.11/site-packages/airflow/example_dags/tutorial_taskflow_api.py
[2024-07-13T01:04:36.970+0000] {logging_mixin.py:188} INFO - [2024-07-13T01:04:36.969+0000] {dag.py:3096} INFO - Sync 1 DAGs
[2024-07-13T01:04:36.996+0000] {logging_mixin.py:188} INFO - [2024-07-13T01:04:36.996+0000] {dag.py:3954} INFO - Setting next_dagrun for tutorial_taskflow_api to None, run_after=None
[2024-07-13T01:04:37.037+0000] {processor.py:183} INFO - Processing /home/airflow/.local/lib/python3.11/site-packages/airflow/example_dags/tutorial_taskflow_api.py took 0.146 seconds
[2024-07-13T01:05:10.356+0000] {processor.py:161} INFO - Started process (PID=777) to work on /home/airflow/.local/lib/python3.11/site-packages/airflow/example_dags/tutorial_taskflow_api.py
[2024-07-13T01:05:10.359+0000] {processor.py:830} INFO - Processing file /home/airflow/.local/lib/python3.11/site-packages/airflow/example_dags/tutorial_taskflow_api.py for tasks to queue
[2024-07-13T01:05:10.363+0000] {logging_mixin.py:188} INFO - [2024-07-13T01:05:10.363+0000] {dagbag.py:545} INFO - Filling up the DagBag from /home/airflow/.local/lib/python3.11/site-packages/airflow/example_dags/tutorial_taskflow_api.py
[2024-07-13T01:05:10.381+0000] {processor.py:840} INFO - DAG(s) 'tutorial_taskflow_api' retrieved from /home/airflow/.local/lib/python3.11/site-packages/airflow/example_dags/tutorial_taskflow_api.py
[2024-07-13T01:05:10.426+0000] {logging_mixin.py:188} INFO - [2024-07-13T01:05:10.425+0000] {dag.py:3096} INFO - Sync 1 DAGs
[2024-07-13T01:05:10.447+0000] {logging_mixin.py:188} INFO - [2024-07-13T01:05:10.446+0000] {dag.py:3954} INFO - Setting next_dagrun for tutorial_taskflow_api to None, run_after=None
[2024-07-13T01:05:10.474+0000] {processor.py:183} INFO - Processing /home/airflow/.local/lib/python3.11/site-packages/airflow/example_dags/tutorial_taskflow_api.py took 0.130 seconds
[2024-07-13T01:05:48.287+0000] {processor.py:161} INFO - Started process (PID=839) to work on /home/airflow/.local/lib/python3.11/site-packages/airflow/example_dags/tutorial_taskflow_api.py
[2024-07-13T01:05:48.289+0000] {processor.py:830} INFO - Processing file /home/airflow/.local/lib/python3.11/site-packages/airflow/example_dags/tutorial_taskflow_api.py for tasks to queue
[2024-07-13T01:05:48.293+0000] {logging_mixin.py:188} INFO - [2024-07-13T01:05:48.292+0000] {dagbag.py:545} INFO - Filling up the DagBag from /home/airflow/.local/lib/python3.11/site-packages/airflow/example_dags/tutorial_taskflow_api.py
[2024-07-13T01:05:48.310+0000] {processor.py:840} INFO - DAG(s) 'tutorial_taskflow_api' retrieved from /home/airflow/.local/lib/python3.11/site-packages/airflow/example_dags/tutorial_taskflow_api.py
[2024-07-13T01:05:48.359+0000] {logging_mixin.py:188} INFO - [2024-07-13T01:05:48.358+0000] {dag.py:3096} INFO - Sync 1 DAGs
[2024-07-13T01:05:48.390+0000] {logging_mixin.py:188} INFO - [2024-07-13T01:05:48.389+0000] {dag.py:3954} INFO - Setting next_dagrun for tutorial_taskflow_api to None, run_after=None
[2024-07-13T01:05:48.423+0000] {processor.py:183} INFO - Processing /home/airflow/.local/lib/python3.11/site-packages/airflow/example_dags/tutorial_taskflow_api.py took 0.151 seconds
[2024-07-13T01:06:19.653+0000] {processor.py:161} INFO - Started process (PID=901) to work on /home/airflow/.local/lib/python3.11/site-packages/airflow/example_dags/tutorial_taskflow_api.py
[2024-07-13T01:06:19.667+0000] {processor.py:830} INFO - Processing file /home/airflow/.local/lib/python3.11/site-packages/airflow/example_dags/tutorial_taskflow_api.py for tasks to queue
[2024-07-13T01:06:19.684+0000] {logging_mixin.py:188} INFO - [2024-07-13T01:06:19.683+0000] {dagbag.py:545} INFO - Filling up the DagBag from /home/airflow/.local/lib/python3.11/site-packages/airflow/example_dags/tutorial_taskflow_api.py
[2024-07-13T01:06:19.715+0000] {processor.py:840} INFO - DAG(s) 'tutorial_taskflow_api' retrieved from /home/airflow/.local/lib/python3.11/site-packages/airflow/example_dags/tutorial_taskflow_api.py
[2024-07-13T01:06:19.775+0000] {logging_mixin.py:188} INFO - [2024-07-13T01:06:19.774+0000] {dag.py:3096} INFO - Sync 1 DAGs
[2024-07-13T01:06:19.848+0000] {logging_mixin.py:188} INFO - [2024-07-13T01:06:19.847+0000] {dag.py:3954} INFO - Setting next_dagrun for tutorial_taskflow_api to None, run_after=None
[2024-07-13T01:06:19.897+0000] {processor.py:183} INFO - Processing /home/airflow/.local/lib/python3.11/site-packages/airflow/example_dags/tutorial_taskflow_api.py took 0.274 seconds
[2024-07-13T01:06:50.189+0000] {processor.py:161} INFO - Started process (PID=963) to work on /home/airflow/.local/lib/python3.11/site-packages/airflow/example_dags/tutorial_taskflow_api.py
[2024-07-13T01:06:50.192+0000] {processor.py:830} INFO - Processing file /home/airflow/.local/lib/python3.11/site-packages/airflow/example_dags/tutorial_taskflow_api.py for tasks to queue
[2024-07-13T01:06:50.195+0000] {logging_mixin.py:188} INFO - [2024-07-13T01:06:50.195+0000] {dagbag.py:545} INFO - Filling up the DagBag from /home/airflow/.local/lib/python3.11/site-packages/airflow/example_dags/tutorial_taskflow_api.py
[2024-07-13T01:06:50.210+0000] {processor.py:840} INFO - DAG(s) 'tutorial_taskflow_api' retrieved from /home/airflow/.local/lib/python3.11/site-packages/airflow/example_dags/tutorial_taskflow_api.py
[2024-07-13T01:06:50.253+0000] {logging_mixin.py:188} INFO - [2024-07-13T01:06:50.252+0000] {dag.py:3096} INFO - Sync 1 DAGs
[2024-07-13T01:06:50.280+0000] {logging_mixin.py:188} INFO - [2024-07-13T01:06:50.279+0000] {dag.py:3954} INFO - Setting next_dagrun for tutorial_taskflow_api to None, run_after=None
[2024-07-13T01:06:50.315+0000] {processor.py:183} INFO - Processing /home/airflow/.local/lib/python3.11/site-packages/airflow/example_dags/tutorial_taskflow_api.py took 0.139 seconds
[2024-07-13T01:07:22.521+0000] {processor.py:161} INFO - Started process (PID=1025) to work on /home/airflow/.local/lib/python3.11/site-packages/airflow/example_dags/tutorial_taskflow_api.py
[2024-07-13T01:07:22.524+0000] {processor.py:830} INFO - Processing file /home/airflow/.local/lib/python3.11/site-packages/airflow/example_dags/tutorial_taskflow_api.py for tasks to queue
[2024-07-13T01:07:22.528+0000] {logging_mixin.py:188} INFO - [2024-07-13T01:07:22.527+0000] {dagbag.py:545} INFO - Filling up the DagBag from /home/airflow/.local/lib/python3.11/site-packages/airflow/example_dags/tutorial_taskflow_api.py
[2024-07-13T01:07:22.546+0000] {processor.py:840} INFO - DAG(s) 'tutorial_taskflow_api' retrieved from /home/airflow/.local/lib/python3.11/site-packages/airflow/example_dags/tutorial_taskflow_api.py
[2024-07-13T01:07:22.583+0000] {logging_mixin.py:188} INFO - [2024-07-13T01:07:22.582+0000] {dag.py:3096} INFO - Sync 1 DAGs
[2024-07-13T01:07:22.602+0000] {logging_mixin.py:188} INFO - [2024-07-13T01:07:22.602+0000] {dag.py:3954} INFO - Setting next_dagrun for tutorial_taskflow_api to None, run_after=None
[2024-07-13T01:07:22.627+0000] {processor.py:183} INFO - Processing /home/airflow/.local/lib/python3.11/site-packages/airflow/example_dags/tutorial_taskflow_api.py took 0.123 seconds
[2024-07-13T01:07:56.584+0000] {processor.py:161} INFO - Started process (PID=1087) to work on /home/airflow/.local/lib/python3.11/site-packages/airflow/example_dags/tutorial_taskflow_api.py
[2024-07-13T01:07:56.587+0000] {processor.py:830} INFO - Processing file /home/airflow/.local/lib/python3.11/site-packages/airflow/example_dags/tutorial_taskflow_api.py for tasks to queue
[2024-07-13T01:07:56.591+0000] {logging_mixin.py:188} INFO - [2024-07-13T01:07:56.591+0000] {dagbag.py:545} INFO - Filling up the DagBag from /home/airflow/.local/lib/python3.11/site-packages/airflow/example_dags/tutorial_taskflow_api.py
[2024-07-13T01:07:56.609+0000] {processor.py:840} INFO - DAG(s) 'tutorial_taskflow_api' retrieved from /home/airflow/.local/lib/python3.11/site-packages/airflow/example_dags/tutorial_taskflow_api.py
[2024-07-13T01:07:56.660+0000] {logging_mixin.py:188} INFO - [2024-07-13T01:07:56.659+0000] {dag.py:3096} INFO - Sync 1 DAGs
[2024-07-13T01:07:56.690+0000] {logging_mixin.py:188} INFO - [2024-07-13T01:07:56.689+0000] {dag.py:3954} INFO - Setting next_dagrun for tutorial_taskflow_api to None, run_after=None
[2024-07-13T01:07:56.725+0000] {processor.py:183} INFO - Processing /home/airflow/.local/lib/python3.11/site-packages/airflow/example_dags/tutorial_taskflow_api.py took 0.158 seconds
[2024-07-13T01:08:29.617+0000] {processor.py:161} INFO - Started process (PID=1149) to work on /home/airflow/.local/lib/python3.11/site-packages/airflow/example_dags/tutorial_taskflow_api.py
[2024-07-13T01:08:29.620+0000] {processor.py:830} INFO - Processing file /home/airflow/.local/lib/python3.11/site-packages/airflow/example_dags/tutorial_taskflow_api.py for tasks to queue
[2024-07-13T01:08:29.623+0000] {logging_mixin.py:188} INFO - [2024-07-13T01:08:29.622+0000] {dagbag.py:545} INFO - Filling up the DagBag from /home/airflow/.local/lib/python3.11/site-packages/airflow/example_dags/tutorial_taskflow_api.py
[2024-07-13T01:08:29.636+0000] {processor.py:840} INFO - DAG(s) 'tutorial_taskflow_api' retrieved from /home/airflow/.local/lib/python3.11/site-packages/airflow/example_dags/tutorial_taskflow_api.py
[2024-07-13T01:08:29.679+0000] {logging_mixin.py:188} INFO - [2024-07-13T01:08:29.678+0000] {dag.py:3096} INFO - Sync 1 DAGs
[2024-07-13T01:08:29.703+0000] {logging_mixin.py:188} INFO - [2024-07-13T01:08:29.702+0000] {dag.py:3954} INFO - Setting next_dagrun for tutorial_taskflow_api to None, run_after=None
[2024-07-13T01:08:29.737+0000] {processor.py:183} INFO - Processing /home/airflow/.local/lib/python3.11/site-packages/airflow/example_dags/tutorial_taskflow_api.py took 0.132 seconds
[2024-07-13T01:09:02.245+0000] {processor.py:161} INFO - Started process (PID=1211) to work on /home/airflow/.local/lib/python3.11/site-packages/airflow/example_dags/tutorial_taskflow_api.py
[2024-07-13T01:09:02.247+0000] {processor.py:830} INFO - Processing file /home/airflow/.local/lib/python3.11/site-packages/airflow/example_dags/tutorial_taskflow_api.py for tasks to queue
[2024-07-13T01:09:02.251+0000] {logging_mixin.py:188} INFO - [2024-07-13T01:09:02.250+0000] {dagbag.py:545} INFO - Filling up the DagBag from /home/airflow/.local/lib/python3.11/site-packages/airflow/example_dags/tutorial_taskflow_api.py
[2024-07-13T01:09:02.267+0000] {processor.py:840} INFO - DAG(s) 'tutorial_taskflow_api' retrieved from /home/airflow/.local/lib/python3.11/site-packages/airflow/example_dags/tutorial_taskflow_api.py
[2024-07-13T01:09:02.309+0000] {logging_mixin.py:188} INFO - [2024-07-13T01:09:02.308+0000] {dag.py:3096} INFO - Sync 1 DAGs
[2024-07-13T01:09:02.332+0000] {logging_mixin.py:188} INFO - [2024-07-13T01:09:02.332+0000] {dag.py:3954} INFO - Setting next_dagrun for tutorial_taskflow_api to None, run_after=None
[2024-07-13T01:09:02.366+0000] {processor.py:183} INFO - Processing /home/airflow/.local/lib/python3.11/site-packages/airflow/example_dags/tutorial_taskflow_api.py took 0.134 seconds
[2024-07-13T01:11:23.206+0000] {processor.py:161} INFO - Started process (PID=77) to work on /home/airflow/.local/lib/python3.11/site-packages/airflow/example_dags/tutorial_taskflow_api.py
[2024-07-13T01:11:23.209+0000] {processor.py:830} INFO - Processing file /home/airflow/.local/lib/python3.11/site-packages/airflow/example_dags/tutorial_taskflow_api.py for tasks to queue
[2024-07-13T01:11:23.213+0000] {logging_mixin.py:188} INFO - [2024-07-13T01:11:23.212+0000] {dagbag.py:545} INFO - Filling up the DagBag from /home/airflow/.local/lib/python3.11/site-packages/airflow/example_dags/tutorial_taskflow_api.py
[2024-07-13T01:11:23.229+0000] {processor.py:840} INFO - DAG(s) 'tutorial_taskflow_api' retrieved from /home/airflow/.local/lib/python3.11/site-packages/airflow/example_dags/tutorial_taskflow_api.py
[2024-07-13T01:11:23.460+0000] {logging_mixin.py:188} INFO - [2024-07-13T01:11:23.459+0000] {dag.py:3096} INFO - Sync 1 DAGs
[2024-07-13T01:11:23.488+0000] {logging_mixin.py:188} INFO - [2024-07-13T01:11:23.487+0000] {dag.py:3954} INFO - Setting next_dagrun for tutorial_taskflow_api to None, run_after=None
[2024-07-13T01:11:23.527+0000] {processor.py:183} INFO - Processing /home/airflow/.local/lib/python3.11/site-packages/airflow/example_dags/tutorial_taskflow_api.py took 0.335 seconds
[2024-07-13T01:11:54.245+0000] {processor.py:161} INFO - Started process (PID=138) to work on /home/airflow/.local/lib/python3.11/site-packages/airflow/example_dags/tutorial_taskflow_api.py
[2024-07-13T01:11:54.247+0000] {processor.py:830} INFO - Processing file /home/airflow/.local/lib/python3.11/site-packages/airflow/example_dags/tutorial_taskflow_api.py for tasks to queue
[2024-07-13T01:11:54.250+0000] {logging_mixin.py:188} INFO - [2024-07-13T01:11:54.250+0000] {dagbag.py:545} INFO - Filling up the DagBag from /home/airflow/.local/lib/python3.11/site-packages/airflow/example_dags/tutorial_taskflow_api.py
[2024-07-13T01:11:54.265+0000] {processor.py:840} INFO - DAG(s) 'tutorial_taskflow_api' retrieved from /home/airflow/.local/lib/python3.11/site-packages/airflow/example_dags/tutorial_taskflow_api.py
[2024-07-13T01:11:54.305+0000] {logging_mixin.py:188} INFO - [2024-07-13T01:11:54.304+0000] {dag.py:3096} INFO - Sync 1 DAGs
[2024-07-13T01:11:54.325+0000] {logging_mixin.py:188} INFO - [2024-07-13T01:11:54.324+0000] {dag.py:3954} INFO - Setting next_dagrun for tutorial_taskflow_api to None, run_after=None
[2024-07-13T01:11:54.354+0000] {processor.py:183} INFO - Processing /home/airflow/.local/lib/python3.11/site-packages/airflow/example_dags/tutorial_taskflow_api.py took 0.120 seconds
[2024-07-13T01:12:26.874+0000] {processor.py:161} INFO - Started process (PID=206) to work on /home/airflow/.local/lib/python3.11/site-packages/airflow/example_dags/tutorial_taskflow_api.py
[2024-07-13T01:12:26.877+0000] {processor.py:830} INFO - Processing file /home/airflow/.local/lib/python3.11/site-packages/airflow/example_dags/tutorial_taskflow_api.py for tasks to queue
[2024-07-13T01:12:26.882+0000] {logging_mixin.py:188} INFO - [2024-07-13T01:12:26.881+0000] {dagbag.py:545} INFO - Filling up the DagBag from /home/airflow/.local/lib/python3.11/site-packages/airflow/example_dags/tutorial_taskflow_api.py
[2024-07-13T01:12:26.911+0000] {processor.py:840} INFO - DAG(s) 'tutorial_taskflow_api' retrieved from /home/airflow/.local/lib/python3.11/site-packages/airflow/example_dags/tutorial_taskflow_api.py
[2024-07-13T01:12:26.963+0000] {logging_mixin.py:188} INFO - [2024-07-13T01:12:26.962+0000] {dag.py:3096} INFO - Sync 1 DAGs
[2024-07-13T01:12:26.992+0000] {logging_mixin.py:188} INFO - [2024-07-13T01:12:26.992+0000] {dag.py:3954} INFO - Setting next_dagrun for tutorial_taskflow_api to None, run_after=None
[2024-07-13T01:12:27.041+0000] {processor.py:183} INFO - Processing /home/airflow/.local/lib/python3.11/site-packages/airflow/example_dags/tutorial_taskflow_api.py took 0.184 seconds
[2024-07-13T01:12:58.945+0000] {processor.py:161} INFO - Started process (PID=267) to work on /home/airflow/.local/lib/python3.11/site-packages/airflow/example_dags/tutorial_taskflow_api.py
[2024-07-13T01:12:58.946+0000] {processor.py:830} INFO - Processing file /home/airflow/.local/lib/python3.11/site-packages/airflow/example_dags/tutorial_taskflow_api.py for tasks to queue
[2024-07-13T01:12:58.950+0000] {logging_mixin.py:188} INFO - [2024-07-13T01:12:58.949+0000] {dagbag.py:545} INFO - Filling up the DagBag from /home/airflow/.local/lib/python3.11/site-packages/airflow/example_dags/tutorial_taskflow_api.py
[2024-07-13T01:12:58.964+0000] {processor.py:840} INFO - DAG(s) 'tutorial_taskflow_api' retrieved from /home/airflow/.local/lib/python3.11/site-packages/airflow/example_dags/tutorial_taskflow_api.py
[2024-07-13T01:12:59.007+0000] {logging_mixin.py:188} INFO - [2024-07-13T01:12:59.006+0000] {dag.py:3096} INFO - Sync 1 DAGs
[2024-07-13T01:12:59.029+0000] {logging_mixin.py:188} INFO - [2024-07-13T01:12:59.028+0000] {dag.py:3954} INFO - Setting next_dagrun for tutorial_taskflow_api to None, run_after=None
[2024-07-13T01:12:59.067+0000] {processor.py:183} INFO - Processing /home/airflow/.local/lib/python3.11/site-packages/airflow/example_dags/tutorial_taskflow_api.py took 0.135 seconds
[2024-07-13T01:13:34.432+0000] {processor.py:161} INFO - Started process (PID=331) to work on /home/airflow/.local/lib/python3.11/site-packages/airflow/example_dags/tutorial_taskflow_api.py
[2024-07-13T01:13:34.435+0000] {processor.py:830} INFO - Processing file /home/airflow/.local/lib/python3.11/site-packages/airflow/example_dags/tutorial_taskflow_api.py for tasks to queue
[2024-07-13T01:13:34.439+0000] {logging_mixin.py:188} INFO - [2024-07-13T01:13:34.439+0000] {dagbag.py:545} INFO - Filling up the DagBag from /home/airflow/.local/lib/python3.11/site-packages/airflow/example_dags/tutorial_taskflow_api.py
[2024-07-13T01:13:34.456+0000] {processor.py:840} INFO - DAG(s) 'tutorial_taskflow_api' retrieved from /home/airflow/.local/lib/python3.11/site-packages/airflow/example_dags/tutorial_taskflow_api.py
[2024-07-13T01:13:34.504+0000] {logging_mixin.py:188} INFO - [2024-07-13T01:13:34.503+0000] {dag.py:3096} INFO - Sync 1 DAGs
[2024-07-13T01:13:34.535+0000] {logging_mixin.py:188} INFO - [2024-07-13T01:13:34.534+0000] {dag.py:3954} INFO - Setting next_dagrun for tutorial_taskflow_api to None, run_after=None
[2024-07-13T01:13:34.572+0000] {processor.py:183} INFO - Processing /home/airflow/.local/lib/python3.11/site-packages/airflow/example_dags/tutorial_taskflow_api.py took 0.156 seconds
[2024-07-13T01:14:06.256+0000] {processor.py:161} INFO - Started process (PID=393) to work on /home/airflow/.local/lib/python3.11/site-packages/airflow/example_dags/tutorial_taskflow_api.py
[2024-07-13T01:14:06.260+0000] {processor.py:830} INFO - Processing file /home/airflow/.local/lib/python3.11/site-packages/airflow/example_dags/tutorial_taskflow_api.py for tasks to queue
[2024-07-13T01:14:06.263+0000] {logging_mixin.py:188} INFO - [2024-07-13T01:14:06.263+0000] {dagbag.py:545} INFO - Filling up the DagBag from /home/airflow/.local/lib/python3.11/site-packages/airflow/example_dags/tutorial_taskflow_api.py
[2024-07-13T01:14:06.277+0000] {processor.py:840} INFO - DAG(s) 'tutorial_taskflow_api' retrieved from /home/airflow/.local/lib/python3.11/site-packages/airflow/example_dags/tutorial_taskflow_api.py
[2024-07-13T01:14:06.312+0000] {logging_mixin.py:188} INFO - [2024-07-13T01:14:06.311+0000] {dag.py:3096} INFO - Sync 1 DAGs
[2024-07-13T01:14:06.332+0000] {logging_mixin.py:188} INFO - [2024-07-13T01:14:06.332+0000] {dag.py:3954} INFO - Setting next_dagrun for tutorial_taskflow_api to None, run_after=None
[2024-07-13T01:14:06.359+0000] {processor.py:183} INFO - Processing /home/airflow/.local/lib/python3.11/site-packages/airflow/example_dags/tutorial_taskflow_api.py took 0.116 seconds
[2024-07-13T01:14:40.520+0000] {processor.py:161} INFO - Started process (PID=455) to work on /home/airflow/.local/lib/python3.11/site-packages/airflow/example_dags/tutorial_taskflow_api.py
[2024-07-13T01:14:40.523+0000] {processor.py:830} INFO - Processing file /home/airflow/.local/lib/python3.11/site-packages/airflow/example_dags/tutorial_taskflow_api.py for tasks to queue
[2024-07-13T01:14:40.527+0000] {logging_mixin.py:188} INFO - [2024-07-13T01:14:40.526+0000] {dagbag.py:545} INFO - Filling up the DagBag from /home/airflow/.local/lib/python3.11/site-packages/airflow/example_dags/tutorial_taskflow_api.py
[2024-07-13T01:14:40.544+0000] {processor.py:840} INFO - DAG(s) 'tutorial_taskflow_api' retrieved from /home/airflow/.local/lib/python3.11/site-packages/airflow/example_dags/tutorial_taskflow_api.py
[2024-07-13T01:14:40.598+0000] {logging_mixin.py:188} INFO - [2024-07-13T01:14:40.597+0000] {dag.py:3096} INFO - Sync 1 DAGs
[2024-07-13T01:14:40.625+0000] {logging_mixin.py:188} INFO - [2024-07-13T01:14:40.624+0000] {dag.py:3954} INFO - Setting next_dagrun for tutorial_taskflow_api to None, run_after=None
[2024-07-13T01:14:40.661+0000] {processor.py:183} INFO - Processing /home/airflow/.local/lib/python3.11/site-packages/airflow/example_dags/tutorial_taskflow_api.py took 0.154 seconds
[2024-07-13T01:15:14.386+0000] {processor.py:161} INFO - Started process (PID=517) to work on /home/airflow/.local/lib/python3.11/site-packages/airflow/example_dags/tutorial_taskflow_api.py
[2024-07-13T01:15:14.388+0000] {processor.py:830} INFO - Processing file /home/airflow/.local/lib/python3.11/site-packages/airflow/example_dags/tutorial_taskflow_api.py for tasks to queue
[2024-07-13T01:15:14.393+0000] {logging_mixin.py:188} INFO - [2024-07-13T01:15:14.392+0000] {dagbag.py:545} INFO - Filling up the DagBag from /home/airflow/.local/lib/python3.11/site-packages/airflow/example_dags/tutorial_taskflow_api.py
[2024-07-13T01:15:14.411+0000] {processor.py:840} INFO - DAG(s) 'tutorial_taskflow_api' retrieved from /home/airflow/.local/lib/python3.11/site-packages/airflow/example_dags/tutorial_taskflow_api.py
[2024-07-13T01:15:14.459+0000] {logging_mixin.py:188} INFO - [2024-07-13T01:15:14.458+0000] {dag.py:3096} INFO - Sync 1 DAGs
[2024-07-13T01:15:14.489+0000] {logging_mixin.py:188} INFO - [2024-07-13T01:15:14.489+0000] {dag.py:3954} INFO - Setting next_dagrun for tutorial_taskflow_api to None, run_after=None
[2024-07-13T01:15:14.523+0000] {processor.py:183} INFO - Processing /home/airflow/.local/lib/python3.11/site-packages/airflow/example_dags/tutorial_taskflow_api.py took 0.154 seconds
[2024-07-13T01:15:49.190+0000] {processor.py:161} INFO - Started process (PID=580) to work on /home/airflow/.local/lib/python3.11/site-packages/airflow/example_dags/tutorial_taskflow_api.py
[2024-07-13T01:15:49.192+0000] {processor.py:830} INFO - Processing file /home/airflow/.local/lib/python3.11/site-packages/airflow/example_dags/tutorial_taskflow_api.py for tasks to queue
[2024-07-13T01:15:49.196+0000] {logging_mixin.py:188} INFO - [2024-07-13T01:15:49.195+0000] {dagbag.py:545} INFO - Filling up the DagBag from /home/airflow/.local/lib/python3.11/site-packages/airflow/example_dags/tutorial_taskflow_api.py
[2024-07-13T01:15:49.209+0000] {processor.py:840} INFO - DAG(s) 'tutorial_taskflow_api' retrieved from /home/airflow/.local/lib/python3.11/site-packages/airflow/example_dags/tutorial_taskflow_api.py
[2024-07-13T01:15:49.253+0000] {logging_mixin.py:188} INFO - [2024-07-13T01:15:49.252+0000] {dag.py:3096} INFO - Sync 1 DAGs
[2024-07-13T01:15:49.278+0000] {logging_mixin.py:188} INFO - [2024-07-13T01:15:49.277+0000] {dag.py:3954} INFO - Setting next_dagrun for tutorial_taskflow_api to None, run_after=None
[2024-07-13T01:15:49.313+0000] {processor.py:183} INFO - Processing /home/airflow/.local/lib/python3.11/site-packages/airflow/example_dags/tutorial_taskflow_api.py took 0.135 seconds
[2024-07-13T01:16:23.036+0000] {processor.py:161} INFO - Started process (PID=643) to work on /home/airflow/.local/lib/python3.11/site-packages/airflow/example_dags/tutorial_taskflow_api.py
[2024-07-13T01:16:23.038+0000] {processor.py:830} INFO - Processing file /home/airflow/.local/lib/python3.11/site-packages/airflow/example_dags/tutorial_taskflow_api.py for tasks to queue
[2024-07-13T01:16:23.043+0000] {logging_mixin.py:188} INFO - [2024-07-13T01:16:23.042+0000] {dagbag.py:545} INFO - Filling up the DagBag from /home/airflow/.local/lib/python3.11/site-packages/airflow/example_dags/tutorial_taskflow_api.py
[2024-07-13T01:16:23.061+0000] {processor.py:840} INFO - DAG(s) 'tutorial_taskflow_api' retrieved from /home/airflow/.local/lib/python3.11/site-packages/airflow/example_dags/tutorial_taskflow_api.py
[2024-07-13T01:16:23.113+0000] {logging_mixin.py:188} INFO - [2024-07-13T01:16:23.112+0000] {dag.py:3096} INFO - Sync 1 DAGs
[2024-07-13T01:16:23.144+0000] {logging_mixin.py:188} INFO - [2024-07-13T01:16:23.143+0000] {dag.py:3954} INFO - Setting next_dagrun for tutorial_taskflow_api to None, run_after=None
[2024-07-13T01:16:23.180+0000] {processor.py:183} INFO - Processing /home/airflow/.local/lib/python3.11/site-packages/airflow/example_dags/tutorial_taskflow_api.py took 0.163 seconds
