[2024-07-13T00:28:06.211+0000] {processor.py:161} INFO - Started process (PID=82) to work on /home/airflow/.local/lib/python3.11/site-packages/airflow/example_dags/tutorial_objectstorage.py
[2024-07-13T00:28:06.212+0000] {processor.py:830} INFO - Processing file /home/airflow/.local/lib/python3.11/site-packages/airflow/example_dags/tutorial_objectstorage.py for tasks to queue
[2024-07-13T00:28:06.214+0000] {logging_mixin.py:188} INFO - [2024-07-13T00:28:06.213+0000] {dagbag.py:545} INFO - Filling up the DagBag from /home/airflow/.local/lib/python3.11/site-packages/airflow/example_dags/tutorial_objectstorage.py
[2024-07-13T00:28:06.234+0000] {processor.py:840} INFO - DAG(s) 'tutorial_objectstorage' retrieved from /home/airflow/.local/lib/python3.11/site-packages/airflow/example_dags/tutorial_objectstorage.py
[2024-07-13T00:28:06.391+0000] {logging_mixin.py:188} INFO - [2024-07-13T00:28:06.391+0000] {dag.py:3096} INFO - Sync 1 DAGs
[2024-07-13T00:28:06.406+0000] {logging_mixin.py:188} INFO - [2024-07-13T00:28:06.406+0000] {dag.py:3954} INFO - Setting next_dagrun for tutorial_objectstorage to None, run_after=None
[2024-07-13T00:28:06.431+0000] {processor.py:183} INFO - Processing /home/airflow/.local/lib/python3.11/site-packages/airflow/example_dags/tutorial_objectstorage.py took 0.235 seconds
[2024-07-13T00:28:37.014+0000] {processor.py:161} INFO - Started process (PID=144) to work on /home/airflow/.local/lib/python3.11/site-packages/airflow/example_dags/tutorial_objectstorage.py
[2024-07-13T00:28:37.016+0000] {processor.py:830} INFO - Processing file /home/airflow/.local/lib/python3.11/site-packages/airflow/example_dags/tutorial_objectstorage.py for tasks to queue
[2024-07-13T00:28:37.017+0000] {logging_mixin.py:188} INFO - [2024-07-13T00:28:37.017+0000] {dagbag.py:545} INFO - Filling up the DagBag from /home/airflow/.local/lib/python3.11/site-packages/airflow/example_dags/tutorial_objectstorage.py
[2024-07-13T00:28:37.032+0000] {processor.py:840} INFO - DAG(s) 'tutorial_objectstorage' retrieved from /home/airflow/.local/lib/python3.11/site-packages/airflow/example_dags/tutorial_objectstorage.py
[2024-07-13T00:28:37.066+0000] {logging_mixin.py:188} INFO - [2024-07-13T00:28:37.065+0000] {dag.py:3096} INFO - Sync 1 DAGs
[2024-07-13T00:28:37.086+0000] {logging_mixin.py:188} INFO - [2024-07-13T00:28:37.085+0000] {dag.py:3954} INFO - Setting next_dagrun for tutorial_objectstorage to None, run_after=None
[2024-07-13T00:28:37.114+0000] {processor.py:183} INFO - Processing /home/airflow/.local/lib/python3.11/site-packages/airflow/example_dags/tutorial_objectstorage.py took 0.111 seconds
[2024-07-13T00:29:08.736+0000] {processor.py:161} INFO - Started process (PID=206) to work on /home/airflow/.local/lib/python3.11/site-packages/airflow/example_dags/tutorial_objectstorage.py
[2024-07-13T00:29:08.738+0000] {processor.py:830} INFO - Processing file /home/airflow/.local/lib/python3.11/site-packages/airflow/example_dags/tutorial_objectstorage.py for tasks to queue
[2024-07-13T00:29:08.740+0000] {logging_mixin.py:188} INFO - [2024-07-13T00:29:08.739+0000] {dagbag.py:545} INFO - Filling up the DagBag from /home/airflow/.local/lib/python3.11/site-packages/airflow/example_dags/tutorial_objectstorage.py
[2024-07-13T00:29:08.755+0000] {processor.py:840} INFO - DAG(s) 'tutorial_objectstorage' retrieved from /home/airflow/.local/lib/python3.11/site-packages/airflow/example_dags/tutorial_objectstorage.py
[2024-07-13T00:29:08.793+0000] {logging_mixin.py:188} INFO - [2024-07-13T00:29:08.793+0000] {dag.py:3096} INFO - Sync 1 DAGs
[2024-07-13T00:29:08.818+0000] {logging_mixin.py:188} INFO - [2024-07-13T00:29:08.818+0000] {dag.py:3954} INFO - Setting next_dagrun for tutorial_objectstorage to None, run_after=None
[2024-07-13T00:29:08.848+0000] {processor.py:183} INFO - Processing /home/airflow/.local/lib/python3.11/site-packages/airflow/example_dags/tutorial_objectstorage.py took 0.122 seconds
[2024-07-13T00:29:42.324+0000] {processor.py:161} INFO - Started process (PID=274) to work on /home/airflow/.local/lib/python3.11/site-packages/airflow/example_dags/tutorial_objectstorage.py
[2024-07-13T00:29:42.327+0000] {processor.py:830} INFO - Processing file /home/airflow/.local/lib/python3.11/site-packages/airflow/example_dags/tutorial_objectstorage.py for tasks to queue
[2024-07-13T00:29:42.329+0000] {logging_mixin.py:188} INFO - [2024-07-13T00:29:42.328+0000] {dagbag.py:545} INFO - Filling up the DagBag from /home/airflow/.local/lib/python3.11/site-packages/airflow/example_dags/tutorial_objectstorage.py
[2024-07-13T00:29:42.349+0000] {processor.py:840} INFO - DAG(s) 'tutorial_objectstorage' retrieved from /home/airflow/.local/lib/python3.11/site-packages/airflow/example_dags/tutorial_objectstorage.py
[2024-07-13T00:29:42.384+0000] {logging_mixin.py:188} INFO - [2024-07-13T00:29:42.384+0000] {dag.py:3096} INFO - Sync 1 DAGs
[2024-07-13T00:29:42.408+0000] {logging_mixin.py:188} INFO - [2024-07-13T00:29:42.407+0000] {dag.py:3954} INFO - Setting next_dagrun for tutorial_objectstorage to None, run_after=None
[2024-07-13T00:29:42.442+0000] {processor.py:183} INFO - Processing /home/airflow/.local/lib/python3.11/site-packages/airflow/example_dags/tutorial_objectstorage.py took 0.130 seconds
[2024-07-13T00:30:14.920+0000] {processor.py:161} INFO - Started process (PID=337) to work on /home/airflow/.local/lib/python3.11/site-packages/airflow/example_dags/tutorial_objectstorage.py
[2024-07-13T00:30:14.922+0000] {processor.py:830} INFO - Processing file /home/airflow/.local/lib/python3.11/site-packages/airflow/example_dags/tutorial_objectstorage.py for tasks to queue
[2024-07-13T00:30:14.924+0000] {logging_mixin.py:188} INFO - [2024-07-13T00:30:14.923+0000] {dagbag.py:545} INFO - Filling up the DagBag from /home/airflow/.local/lib/python3.11/site-packages/airflow/example_dags/tutorial_objectstorage.py
[2024-07-13T00:30:14.942+0000] {processor.py:840} INFO - DAG(s) 'tutorial_objectstorage' retrieved from /home/airflow/.local/lib/python3.11/site-packages/airflow/example_dags/tutorial_objectstorage.py
[2024-07-13T00:30:14.990+0000] {logging_mixin.py:188} INFO - [2024-07-13T00:30:14.990+0000] {dag.py:3096} INFO - Sync 1 DAGs
[2024-07-13T00:30:15.019+0000] {logging_mixin.py:188} INFO - [2024-07-13T00:30:15.019+0000] {dag.py:3954} INFO - Setting next_dagrun for tutorial_objectstorage to None, run_after=None
[2024-07-13T00:30:15.058+0000] {processor.py:183} INFO - Processing /home/airflow/.local/lib/python3.11/site-packages/airflow/example_dags/tutorial_objectstorage.py took 0.157 seconds
[2024-07-13T00:30:47.486+0000] {processor.py:161} INFO - Started process (PID=399) to work on /home/airflow/.local/lib/python3.11/site-packages/airflow/example_dags/tutorial_objectstorage.py
[2024-07-13T00:30:47.487+0000] {processor.py:830} INFO - Processing file /home/airflow/.local/lib/python3.11/site-packages/airflow/example_dags/tutorial_objectstorage.py for tasks to queue
[2024-07-13T00:30:47.488+0000] {logging_mixin.py:188} INFO - [2024-07-13T00:30:47.488+0000] {dagbag.py:545} INFO - Filling up the DagBag from /home/airflow/.local/lib/python3.11/site-packages/airflow/example_dags/tutorial_objectstorage.py
[2024-07-13T00:30:47.503+0000] {processor.py:840} INFO - DAG(s) 'tutorial_objectstorage' retrieved from /home/airflow/.local/lib/python3.11/site-packages/airflow/example_dags/tutorial_objectstorage.py
[2024-07-13T00:30:47.545+0000] {logging_mixin.py:188} INFO - [2024-07-13T00:30:47.545+0000] {dag.py:3096} INFO - Sync 1 DAGs
[2024-07-13T00:30:47.566+0000] {logging_mixin.py:188} INFO - [2024-07-13T00:30:47.565+0000] {dag.py:3954} INFO - Setting next_dagrun for tutorial_objectstorage to None, run_after=None
[2024-07-13T00:30:47.603+0000] {processor.py:183} INFO - Processing /home/airflow/.local/lib/python3.11/site-packages/airflow/example_dags/tutorial_objectstorage.py took 0.129 seconds
[2024-07-13T00:31:21.037+0000] {processor.py:161} INFO - Started process (PID=461) to work on /home/airflow/.local/lib/python3.11/site-packages/airflow/example_dags/tutorial_objectstorage.py
[2024-07-13T00:31:21.040+0000] {processor.py:830} INFO - Processing file /home/airflow/.local/lib/python3.11/site-packages/airflow/example_dags/tutorial_objectstorage.py for tasks to queue
[2024-07-13T00:31:21.042+0000] {logging_mixin.py:188} INFO - [2024-07-13T00:31:21.041+0000] {dagbag.py:545} INFO - Filling up the DagBag from /home/airflow/.local/lib/python3.11/site-packages/airflow/example_dags/tutorial_objectstorage.py
[2024-07-13T00:31:21.057+0000] {processor.py:840} INFO - DAG(s) 'tutorial_objectstorage' retrieved from /home/airflow/.local/lib/python3.11/site-packages/airflow/example_dags/tutorial_objectstorage.py
[2024-07-13T00:31:21.095+0000] {logging_mixin.py:188} INFO - [2024-07-13T00:31:21.095+0000] {dag.py:3096} INFO - Sync 1 DAGs
[2024-07-13T00:31:21.117+0000] {logging_mixin.py:188} INFO - [2024-07-13T00:31:21.116+0000] {dag.py:3954} INFO - Setting next_dagrun for tutorial_objectstorage to None, run_after=None
[2024-07-13T00:31:21.142+0000] {processor.py:183} INFO - Processing /home/airflow/.local/lib/python3.11/site-packages/airflow/example_dags/tutorial_objectstorage.py took 0.118 seconds
[2024-07-13T00:31:55.283+0000] {processor.py:161} INFO - Started process (PID=523) to work on /home/airflow/.local/lib/python3.11/site-packages/airflow/example_dags/tutorial_objectstorage.py
[2024-07-13T00:31:55.285+0000] {processor.py:830} INFO - Processing file /home/airflow/.local/lib/python3.11/site-packages/airflow/example_dags/tutorial_objectstorage.py for tasks to queue
[2024-07-13T00:31:55.287+0000] {logging_mixin.py:188} INFO - [2024-07-13T00:31:55.286+0000] {dagbag.py:545} INFO - Filling up the DagBag from /home/airflow/.local/lib/python3.11/site-packages/airflow/example_dags/tutorial_objectstorage.py
[2024-07-13T00:31:55.302+0000] {processor.py:840} INFO - DAG(s) 'tutorial_objectstorage' retrieved from /home/airflow/.local/lib/python3.11/site-packages/airflow/example_dags/tutorial_objectstorage.py
[2024-07-13T00:31:55.336+0000] {logging_mixin.py:188} INFO - [2024-07-13T00:31:55.335+0000] {dag.py:3096} INFO - Sync 1 DAGs
[2024-07-13T00:31:55.360+0000] {logging_mixin.py:188} INFO - [2024-07-13T00:31:55.359+0000] {dag.py:3954} INFO - Setting next_dagrun for tutorial_objectstorage to None, run_after=None
[2024-07-13T00:31:55.393+0000] {processor.py:183} INFO - Processing /home/airflow/.local/lib/python3.11/site-packages/airflow/example_dags/tutorial_objectstorage.py took 0.124 seconds
[2024-07-13T00:32:29.771+0000] {processor.py:161} INFO - Started process (PID=585) to work on /home/airflow/.local/lib/python3.11/site-packages/airflow/example_dags/tutorial_objectstorage.py
[2024-07-13T00:32:29.774+0000] {processor.py:830} INFO - Processing file /home/airflow/.local/lib/python3.11/site-packages/airflow/example_dags/tutorial_objectstorage.py for tasks to queue
[2024-07-13T00:32:29.775+0000] {logging_mixin.py:188} INFO - [2024-07-13T00:32:29.775+0000] {dagbag.py:545} INFO - Filling up the DagBag from /home/airflow/.local/lib/python3.11/site-packages/airflow/example_dags/tutorial_objectstorage.py
[2024-07-13T00:32:29.792+0000] {processor.py:840} INFO - DAG(s) 'tutorial_objectstorage' retrieved from /home/airflow/.local/lib/python3.11/site-packages/airflow/example_dags/tutorial_objectstorage.py
[2024-07-13T00:32:29.830+0000] {logging_mixin.py:188} INFO - [2024-07-13T00:32:29.829+0000] {dag.py:3096} INFO - Sync 1 DAGs
[2024-07-13T00:32:29.853+0000] {logging_mixin.py:188} INFO - [2024-07-13T00:32:29.852+0000] {dag.py:3954} INFO - Setting next_dagrun for tutorial_objectstorage to None, run_after=None
[2024-07-13T00:32:29.883+0000] {processor.py:183} INFO - Processing /home/airflow/.local/lib/python3.11/site-packages/airflow/example_dags/tutorial_objectstorage.py took 0.123 seconds
[2024-07-13T00:33:04.230+0000] {processor.py:161} INFO - Started process (PID=647) to work on /home/airflow/.local/lib/python3.11/site-packages/airflow/example_dags/tutorial_objectstorage.py
[2024-07-13T00:33:04.232+0000] {processor.py:830} INFO - Processing file /home/airflow/.local/lib/python3.11/site-packages/airflow/example_dags/tutorial_objectstorage.py for tasks to queue
[2024-07-13T00:33:04.234+0000] {logging_mixin.py:188} INFO - [2024-07-13T00:33:04.233+0000] {dagbag.py:545} INFO - Filling up the DagBag from /home/airflow/.local/lib/python3.11/site-packages/airflow/example_dags/tutorial_objectstorage.py
[2024-07-13T00:33:04.253+0000] {processor.py:840} INFO - DAG(s) 'tutorial_objectstorage' retrieved from /home/airflow/.local/lib/python3.11/site-packages/airflow/example_dags/tutorial_objectstorage.py
[2024-07-13T00:33:04.296+0000] {logging_mixin.py:188} INFO - [2024-07-13T00:33:04.295+0000] {dag.py:3096} INFO - Sync 1 DAGs
[2024-07-13T00:33:04.321+0000] {logging_mixin.py:188} INFO - [2024-07-13T00:33:04.321+0000] {dag.py:3954} INFO - Setting next_dagrun for tutorial_objectstorage to None, run_after=None
[2024-07-13T00:33:04.353+0000] {processor.py:183} INFO - Processing /home/airflow/.local/lib/python3.11/site-packages/airflow/example_dags/tutorial_objectstorage.py took 0.135 seconds
[2024-07-13T00:33:37.055+0000] {processor.py:161} INFO - Started process (PID=709) to work on /home/airflow/.local/lib/python3.11/site-packages/airflow/example_dags/tutorial_objectstorage.py
[2024-07-13T00:33:37.057+0000] {processor.py:830} INFO - Processing file /home/airflow/.local/lib/python3.11/site-packages/airflow/example_dags/tutorial_objectstorage.py for tasks to queue
[2024-07-13T00:33:37.058+0000] {logging_mixin.py:188} INFO - [2024-07-13T00:33:37.058+0000] {dagbag.py:545} INFO - Filling up the DagBag from /home/airflow/.local/lib/python3.11/site-packages/airflow/example_dags/tutorial_objectstorage.py
[2024-07-13T00:33:37.077+0000] {processor.py:840} INFO - DAG(s) 'tutorial_objectstorage' retrieved from /home/airflow/.local/lib/python3.11/site-packages/airflow/example_dags/tutorial_objectstorage.py
[2024-07-13T00:33:37.117+0000] {logging_mixin.py:188} INFO - [2024-07-13T00:33:37.116+0000] {dag.py:3096} INFO - Sync 1 DAGs
[2024-07-13T00:33:37.142+0000] {logging_mixin.py:188} INFO - [2024-07-13T00:33:37.142+0000] {dag.py:3954} INFO - Setting next_dagrun for tutorial_objectstorage to None, run_after=None
[2024-07-13T00:33:37.176+0000] {processor.py:183} INFO - Processing /home/airflow/.local/lib/python3.11/site-packages/airflow/example_dags/tutorial_objectstorage.py took 0.135 seconds
[2024-07-13T00:35:54.048+0000] {processor.py:161} INFO - Started process (PID=83) to work on /home/airflow/.local/lib/python3.11/site-packages/airflow/example_dags/tutorial_objectstorage.py
[2024-07-13T00:35:54.050+0000] {processor.py:830} INFO - Processing file /home/airflow/.local/lib/python3.11/site-packages/airflow/example_dags/tutorial_objectstorage.py for tasks to queue
[2024-07-13T00:35:54.054+0000] {logging_mixin.py:188} INFO - [2024-07-13T00:35:54.053+0000] {dagbag.py:545} INFO - Filling up the DagBag from /home/airflow/.local/lib/python3.11/site-packages/airflow/example_dags/tutorial_objectstorage.py
[2024-07-13T00:35:54.069+0000] {processor.py:840} INFO - DAG(s) 'tutorial_objectstorage' retrieved from /home/airflow/.local/lib/python3.11/site-packages/airflow/example_dags/tutorial_objectstorage.py
[2024-07-13T00:35:54.263+0000] {logging_mixin.py:188} INFO - [2024-07-13T00:35:54.262+0000] {dag.py:3096} INFO - Sync 1 DAGs
[2024-07-13T00:35:54.281+0000] {logging_mixin.py:188} INFO - [2024-07-13T00:35:54.280+0000] {dag.py:3954} INFO - Setting next_dagrun for tutorial_objectstorage to None, run_after=None
[2024-07-13T00:35:54.311+0000] {processor.py:183} INFO - Processing /home/airflow/.local/lib/python3.11/site-packages/airflow/example_dags/tutorial_objectstorage.py took 0.275 seconds
[2024-07-13T00:36:24.588+0000] {processor.py:161} INFO - Started process (PID=145) to work on /home/airflow/.local/lib/python3.11/site-packages/airflow/example_dags/tutorial_objectstorage.py
[2024-07-13T00:36:24.589+0000] {processor.py:830} INFO - Processing file /home/airflow/.local/lib/python3.11/site-packages/airflow/example_dags/tutorial_objectstorage.py for tasks to queue
[2024-07-13T00:36:24.592+0000] {logging_mixin.py:188} INFO - [2024-07-13T00:36:24.592+0000] {dagbag.py:545} INFO - Filling up the DagBag from /home/airflow/.local/lib/python3.11/site-packages/airflow/example_dags/tutorial_objectstorage.py
[2024-07-13T00:36:24.609+0000] {processor.py:840} INFO - DAG(s) 'tutorial_objectstorage' retrieved from /home/airflow/.local/lib/python3.11/site-packages/airflow/example_dags/tutorial_objectstorage.py
[2024-07-13T00:36:24.643+0000] {logging_mixin.py:188} INFO - [2024-07-13T00:36:24.642+0000] {dag.py:3096} INFO - Sync 1 DAGs
[2024-07-13T00:36:24.662+0000] {logging_mixin.py:188} INFO - [2024-07-13T00:36:24.662+0000] {dag.py:3954} INFO - Setting next_dagrun for tutorial_objectstorage to None, run_after=None
[2024-07-13T00:36:24.691+0000] {processor.py:183} INFO - Processing /home/airflow/.local/lib/python3.11/site-packages/airflow/example_dags/tutorial_objectstorage.py took 0.115 seconds
[2024-07-13T00:38:25.534+0000] {processor.py:161} INFO - Started process (PID=81) to work on /home/airflow/.local/lib/python3.11/site-packages/airflow/example_dags/tutorial_objectstorage.py
[2024-07-13T00:38:25.537+0000] {processor.py:830} INFO - Processing file /home/airflow/.local/lib/python3.11/site-packages/airflow/example_dags/tutorial_objectstorage.py for tasks to queue
[2024-07-13T00:38:25.541+0000] {logging_mixin.py:188} INFO - [2024-07-13T00:38:25.540+0000] {dagbag.py:545} INFO - Filling up the DagBag from /home/airflow/.local/lib/python3.11/site-packages/airflow/example_dags/tutorial_objectstorage.py
[2024-07-13T00:38:25.558+0000] {processor.py:840} INFO - DAG(s) 'tutorial_objectstorage' retrieved from /home/airflow/.local/lib/python3.11/site-packages/airflow/example_dags/tutorial_objectstorage.py
[2024-07-13T00:38:25.716+0000] {logging_mixin.py:188} INFO - [2024-07-13T00:38:25.715+0000] {dag.py:3096} INFO - Sync 1 DAGs
[2024-07-13T00:38:25.731+0000] {logging_mixin.py:188} INFO - [2024-07-13T00:38:25.731+0000] {dag.py:3954} INFO - Setting next_dagrun for tutorial_objectstorage to None, run_after=None
[2024-07-13T00:38:25.758+0000] {processor.py:183} INFO - Processing /home/airflow/.local/lib/python3.11/site-packages/airflow/example_dags/tutorial_objectstorage.py took 0.237 seconds
[2024-07-13T00:38:55.980+0000] {processor.py:161} INFO - Started process (PID=143) to work on /home/airflow/.local/lib/python3.11/site-packages/airflow/example_dags/tutorial_objectstorage.py
[2024-07-13T00:38:55.981+0000] {processor.py:830} INFO - Processing file /home/airflow/.local/lib/python3.11/site-packages/airflow/example_dags/tutorial_objectstorage.py for tasks to queue
[2024-07-13T00:38:55.984+0000] {logging_mixin.py:188} INFO - [2024-07-13T00:38:55.983+0000] {dagbag.py:545} INFO - Filling up the DagBag from /home/airflow/.local/lib/python3.11/site-packages/airflow/example_dags/tutorial_objectstorage.py
[2024-07-13T00:38:55.997+0000] {processor.py:840} INFO - DAG(s) 'tutorial_objectstorage' retrieved from /home/airflow/.local/lib/python3.11/site-packages/airflow/example_dags/tutorial_objectstorage.py
[2024-07-13T00:38:56.031+0000] {logging_mixin.py:188} INFO - [2024-07-13T00:38:56.031+0000] {dag.py:3096} INFO - Sync 1 DAGs
[2024-07-13T00:38:56.052+0000] {logging_mixin.py:188} INFO - [2024-07-13T00:38:56.052+0000] {dag.py:3954} INFO - Setting next_dagrun for tutorial_objectstorage to None, run_after=None
[2024-07-13T00:38:56.080+0000] {processor.py:183} INFO - Processing /home/airflow/.local/lib/python3.11/site-packages/airflow/example_dags/tutorial_objectstorage.py took 0.111 seconds
[2024-07-13T00:39:26.640+0000] {processor.py:161} INFO - Started process (PID=205) to work on /home/airflow/.local/lib/python3.11/site-packages/airflow/example_dags/tutorial_objectstorage.py
[2024-07-13T00:39:26.642+0000] {processor.py:830} INFO - Processing file /home/airflow/.local/lib/python3.11/site-packages/airflow/example_dags/tutorial_objectstorage.py for tasks to queue
[2024-07-13T00:39:26.645+0000] {logging_mixin.py:188} INFO - [2024-07-13T00:39:26.644+0000] {dagbag.py:545} INFO - Filling up the DagBag from /home/airflow/.local/lib/python3.11/site-packages/airflow/example_dags/tutorial_objectstorage.py
[2024-07-13T00:39:26.658+0000] {processor.py:840} INFO - DAG(s) 'tutorial_objectstorage' retrieved from /home/airflow/.local/lib/python3.11/site-packages/airflow/example_dags/tutorial_objectstorage.py
[2024-07-13T00:39:26.692+0000] {logging_mixin.py:188} INFO - [2024-07-13T00:39:26.691+0000] {dag.py:3096} INFO - Sync 1 DAGs
[2024-07-13T00:39:26.710+0000] {logging_mixin.py:188} INFO - [2024-07-13T00:39:26.710+0000] {dag.py:3954} INFO - Setting next_dagrun for tutorial_objectstorage to None, run_after=None
[2024-07-13T00:39:26.736+0000] {processor.py:183} INFO - Processing /home/airflow/.local/lib/python3.11/site-packages/airflow/example_dags/tutorial_objectstorage.py took 0.108 seconds
[2024-07-13T00:40:00.178+0000] {processor.py:161} INFO - Started process (PID=267) to work on /home/airflow/.local/lib/python3.11/site-packages/airflow/example_dags/tutorial_objectstorage.py
[2024-07-13T00:40:00.181+0000] {processor.py:830} INFO - Processing file /home/airflow/.local/lib/python3.11/site-packages/airflow/example_dags/tutorial_objectstorage.py for tasks to queue
[2024-07-13T00:40:00.186+0000] {logging_mixin.py:188} INFO - [2024-07-13T00:40:00.185+0000] {dagbag.py:545} INFO - Filling up the DagBag from /home/airflow/.local/lib/python3.11/site-packages/airflow/example_dags/tutorial_objectstorage.py
[2024-07-13T00:40:00.205+0000] {processor.py:840} INFO - DAG(s) 'tutorial_objectstorage' retrieved from /home/airflow/.local/lib/python3.11/site-packages/airflow/example_dags/tutorial_objectstorage.py
[2024-07-13T00:40:00.247+0000] {logging_mixin.py:188} INFO - [2024-07-13T00:40:00.245+0000] {dag.py:3096} INFO - Sync 1 DAGs
[2024-07-13T00:40:00.271+0000] {logging_mixin.py:188} INFO - [2024-07-13T00:40:00.271+0000] {dag.py:3954} INFO - Setting next_dagrun for tutorial_objectstorage to None, run_after=None
[2024-07-13T00:40:00.308+0000] {processor.py:183} INFO - Processing /home/airflow/.local/lib/python3.11/site-packages/airflow/example_dags/tutorial_objectstorage.py took 0.144 seconds
[2024-07-13T00:40:32.483+0000] {processor.py:161} INFO - Started process (PID=334) to work on /home/airflow/.local/lib/python3.11/site-packages/airflow/example_dags/tutorial_objectstorage.py
[2024-07-13T00:40:32.485+0000] {processor.py:830} INFO - Processing file /home/airflow/.local/lib/python3.11/site-packages/airflow/example_dags/tutorial_objectstorage.py for tasks to queue
[2024-07-13T00:40:32.488+0000] {logging_mixin.py:188} INFO - [2024-07-13T00:40:32.487+0000] {dagbag.py:545} INFO - Filling up the DagBag from /home/airflow/.local/lib/python3.11/site-packages/airflow/example_dags/tutorial_objectstorage.py
[2024-07-13T00:40:32.505+0000] {processor.py:840} INFO - DAG(s) 'tutorial_objectstorage' retrieved from /home/airflow/.local/lib/python3.11/site-packages/airflow/example_dags/tutorial_objectstorage.py
[2024-07-13T00:40:32.555+0000] {logging_mixin.py:188} INFO - [2024-07-13T00:40:32.554+0000] {dag.py:3096} INFO - Sync 1 DAGs
[2024-07-13T00:40:32.580+0000] {logging_mixin.py:188} INFO - [2024-07-13T00:40:32.579+0000] {dag.py:3954} INFO - Setting next_dagrun for tutorial_objectstorage to None, run_after=None
[2024-07-13T00:40:32.610+0000] {processor.py:183} INFO - Processing /home/airflow/.local/lib/python3.11/site-packages/airflow/example_dags/tutorial_objectstorage.py took 0.140 seconds
[2024-07-13T00:41:16.403+0000] {processor.py:161} INFO - Started process (PID=395) to work on /home/airflow/.local/lib/python3.11/site-packages/airflow/example_dags/tutorial_objectstorage.py
[2024-07-13T00:41:16.407+0000] {processor.py:830} INFO - Processing file /home/airflow/.local/lib/python3.11/site-packages/airflow/example_dags/tutorial_objectstorage.py for tasks to queue
[2024-07-13T00:41:16.418+0000] {logging_mixin.py:188} INFO - [2024-07-13T00:41:16.417+0000] {dagbag.py:545} INFO - Filling up the DagBag from /home/airflow/.local/lib/python3.11/site-packages/airflow/example_dags/tutorial_objectstorage.py
[2024-07-13T00:41:16.454+0000] {processor.py:840} INFO - DAG(s) 'tutorial_objectstorage' retrieved from /home/airflow/.local/lib/python3.11/site-packages/airflow/example_dags/tutorial_objectstorage.py
[2024-07-13T00:41:16.565+0000] {logging_mixin.py:188} INFO - [2024-07-13T00:41:16.561+0000] {dag.py:3096} INFO - Sync 1 DAGs
[2024-07-13T00:41:16.622+0000] {logging_mixin.py:188} INFO - [2024-07-13T00:41:16.621+0000] {dag.py:3954} INFO - Setting next_dagrun for tutorial_objectstorage to None, run_after=None
[2024-07-13T00:41:16.695+0000] {processor.py:183} INFO - Processing /home/airflow/.local/lib/python3.11/site-packages/airflow/example_dags/tutorial_objectstorage.py took 0.334 seconds
[2024-07-13T00:41:46.818+0000] {processor.py:161} INFO - Started process (PID=457) to work on /home/airflow/.local/lib/python3.11/site-packages/airflow/example_dags/tutorial_objectstorage.py
[2024-07-13T00:41:46.820+0000] {processor.py:830} INFO - Processing file /home/airflow/.local/lib/python3.11/site-packages/airflow/example_dags/tutorial_objectstorage.py for tasks to queue
[2024-07-13T00:41:46.824+0000] {logging_mixin.py:188} INFO - [2024-07-13T00:41:46.824+0000] {dagbag.py:545} INFO - Filling up the DagBag from /home/airflow/.local/lib/python3.11/site-packages/airflow/example_dags/tutorial_objectstorage.py
[2024-07-13T00:41:46.841+0000] {processor.py:840} INFO - DAG(s) 'tutorial_objectstorage' retrieved from /home/airflow/.local/lib/python3.11/site-packages/airflow/example_dags/tutorial_objectstorage.py
[2024-07-13T00:41:46.879+0000] {logging_mixin.py:188} INFO - [2024-07-13T00:41:46.878+0000] {dag.py:3096} INFO - Sync 1 DAGs
[2024-07-13T00:41:46.900+0000] {logging_mixin.py:188} INFO - [2024-07-13T00:41:46.900+0000] {dag.py:3954} INFO - Setting next_dagrun for tutorial_objectstorage to None, run_after=None
[2024-07-13T00:41:46.930+0000] {processor.py:183} INFO - Processing /home/airflow/.local/lib/python3.11/site-packages/airflow/example_dags/tutorial_objectstorage.py took 0.124 seconds
[2024-07-13T00:44:08.650+0000] {processor.py:161} INFO - Started process (PID=82) to work on /home/airflow/.local/lib/python3.11/site-packages/airflow/example_dags/tutorial_objectstorage.py
[2024-07-13T00:44:08.652+0000] {processor.py:830} INFO - Processing file /home/airflow/.local/lib/python3.11/site-packages/airflow/example_dags/tutorial_objectstorage.py for tasks to queue
[2024-07-13T00:44:08.656+0000] {logging_mixin.py:188} INFO - [2024-07-13T00:44:08.656+0000] {dagbag.py:545} INFO - Filling up the DagBag from /home/airflow/.local/lib/python3.11/site-packages/airflow/example_dags/tutorial_objectstorage.py
[2024-07-13T00:44:08.675+0000] {processor.py:840} INFO - DAG(s) 'tutorial_objectstorage' retrieved from /home/airflow/.local/lib/python3.11/site-packages/airflow/example_dags/tutorial_objectstorage.py
[2024-07-13T00:44:08.837+0000] {logging_mixin.py:188} INFO - [2024-07-13T00:44:08.836+0000] {dag.py:3096} INFO - Sync 1 DAGs
[2024-07-13T00:44:08.854+0000] {logging_mixin.py:188} INFO - [2024-07-13T00:44:08.853+0000] {dag.py:3954} INFO - Setting next_dagrun for tutorial_objectstorage to None, run_after=None
[2024-07-13T00:44:08.882+0000] {processor.py:183} INFO - Processing /home/airflow/.local/lib/python3.11/site-packages/airflow/example_dags/tutorial_objectstorage.py took 0.246 seconds
[2024-07-13T00:44:39.159+0000] {processor.py:161} INFO - Started process (PID=144) to work on /home/airflow/.local/lib/python3.11/site-packages/airflow/example_dags/tutorial_objectstorage.py
[2024-07-13T00:44:39.160+0000] {processor.py:830} INFO - Processing file /home/airflow/.local/lib/python3.11/site-packages/airflow/example_dags/tutorial_objectstorage.py for tasks to queue
[2024-07-13T00:44:39.164+0000] {logging_mixin.py:188} INFO - [2024-07-13T00:44:39.164+0000] {dagbag.py:545} INFO - Filling up the DagBag from /home/airflow/.local/lib/python3.11/site-packages/airflow/example_dags/tutorial_objectstorage.py
[2024-07-13T00:44:39.180+0000] {processor.py:840} INFO - DAG(s) 'tutorial_objectstorage' retrieved from /home/airflow/.local/lib/python3.11/site-packages/airflow/example_dags/tutorial_objectstorage.py
[2024-07-13T00:44:39.216+0000] {logging_mixin.py:188} INFO - [2024-07-13T00:44:39.215+0000] {dag.py:3096} INFO - Sync 1 DAGs
[2024-07-13T00:44:39.238+0000] {logging_mixin.py:188} INFO - [2024-07-13T00:44:39.237+0000] {dag.py:3954} INFO - Setting next_dagrun for tutorial_objectstorage to None, run_after=None
[2024-07-13T00:44:39.266+0000] {processor.py:183} INFO - Processing /home/airflow/.local/lib/python3.11/site-packages/airflow/example_dags/tutorial_objectstorage.py took 0.120 seconds
[2024-07-13T00:45:10.111+0000] {processor.py:161} INFO - Started process (PID=205) to work on /home/airflow/.local/lib/python3.11/site-packages/airflow/example_dags/tutorial_objectstorage.py
[2024-07-13T00:45:10.113+0000] {processor.py:830} INFO - Processing file /home/airflow/.local/lib/python3.11/site-packages/airflow/example_dags/tutorial_objectstorage.py for tasks to queue
[2024-07-13T00:45:10.116+0000] {logging_mixin.py:188} INFO - [2024-07-13T00:45:10.115+0000] {dagbag.py:545} INFO - Filling up the DagBag from /home/airflow/.local/lib/python3.11/site-packages/airflow/example_dags/tutorial_objectstorage.py
[2024-07-13T00:45:10.131+0000] {processor.py:840} INFO - DAG(s) 'tutorial_objectstorage' retrieved from /home/airflow/.local/lib/python3.11/site-packages/airflow/example_dags/tutorial_objectstorage.py
[2024-07-13T00:45:10.170+0000] {logging_mixin.py:188} INFO - [2024-07-13T00:45:10.169+0000] {dag.py:3096} INFO - Sync 1 DAGs
[2024-07-13T00:45:10.191+0000] {logging_mixin.py:188} INFO - [2024-07-13T00:45:10.190+0000] {dag.py:3954} INFO - Setting next_dagrun for tutorial_objectstorage to None, run_after=None
[2024-07-13T00:45:10.218+0000] {processor.py:183} INFO - Processing /home/airflow/.local/lib/python3.11/site-packages/airflow/example_dags/tutorial_objectstorage.py took 0.119 seconds
[2024-07-13T00:45:42.072+0000] {processor.py:161} INFO - Started process (PID=267) to work on /home/airflow/.local/lib/python3.11/site-packages/airflow/example_dags/tutorial_objectstorage.py
[2024-07-13T00:45:42.073+0000] {processor.py:830} INFO - Processing file /home/airflow/.local/lib/python3.11/site-packages/airflow/example_dags/tutorial_objectstorage.py for tasks to queue
[2024-07-13T00:45:42.076+0000] {logging_mixin.py:188} INFO - [2024-07-13T00:45:42.076+0000] {dagbag.py:545} INFO - Filling up the DagBag from /home/airflow/.local/lib/python3.11/site-packages/airflow/example_dags/tutorial_objectstorage.py
[2024-07-13T00:45:42.089+0000] {processor.py:840} INFO - DAG(s) 'tutorial_objectstorage' retrieved from /home/airflow/.local/lib/python3.11/site-packages/airflow/example_dags/tutorial_objectstorage.py
[2024-07-13T00:45:42.123+0000] {logging_mixin.py:188} INFO - [2024-07-13T00:45:42.121+0000] {dag.py:3096} INFO - Sync 1 DAGs
[2024-07-13T00:45:42.142+0000] {logging_mixin.py:188} INFO - [2024-07-13T00:45:42.142+0000] {dag.py:3954} INFO - Setting next_dagrun for tutorial_objectstorage to None, run_after=None
[2024-07-13T00:45:42.168+0000] {processor.py:183} INFO - Processing /home/airflow/.local/lib/python3.11/site-packages/airflow/example_dags/tutorial_objectstorage.py took 0.108 seconds
[2024-07-13T00:46:15.097+0000] {processor.py:161} INFO - Started process (PID=334) to work on /home/airflow/.local/lib/python3.11/site-packages/airflow/example_dags/tutorial_objectstorage.py
[2024-07-13T00:46:15.101+0000] {processor.py:830} INFO - Processing file /home/airflow/.local/lib/python3.11/site-packages/airflow/example_dags/tutorial_objectstorage.py for tasks to queue
[2024-07-13T00:46:15.106+0000] {logging_mixin.py:188} INFO - [2024-07-13T00:46:15.105+0000] {dagbag.py:545} INFO - Filling up the DagBag from /home/airflow/.local/lib/python3.11/site-packages/airflow/example_dags/tutorial_objectstorage.py
[2024-07-13T00:46:15.119+0000] {processor.py:840} INFO - DAG(s) 'tutorial_objectstorage' retrieved from /home/airflow/.local/lib/python3.11/site-packages/airflow/example_dags/tutorial_objectstorage.py
[2024-07-13T00:46:15.154+0000] {logging_mixin.py:188} INFO - [2024-07-13T00:46:15.154+0000] {dag.py:3096} INFO - Sync 1 DAGs
[2024-07-13T00:46:15.177+0000] {logging_mixin.py:188} INFO - [2024-07-13T00:46:15.177+0000] {dag.py:3954} INFO - Setting next_dagrun for tutorial_objectstorage to None, run_after=None
[2024-07-13T00:46:15.207+0000] {processor.py:183} INFO - Processing /home/airflow/.local/lib/python3.11/site-packages/airflow/example_dags/tutorial_objectstorage.py took 0.122 seconds
[2024-07-13T00:46:48.276+0000] {processor.py:161} INFO - Started process (PID=396) to work on /home/airflow/.local/lib/python3.11/site-packages/airflow/example_dags/tutorial_objectstorage.py
[2024-07-13T00:46:48.278+0000] {processor.py:830} INFO - Processing file /home/airflow/.local/lib/python3.11/site-packages/airflow/example_dags/tutorial_objectstorage.py for tasks to queue
[2024-07-13T00:46:48.282+0000] {logging_mixin.py:188} INFO - [2024-07-13T00:46:48.281+0000] {dagbag.py:545} INFO - Filling up the DagBag from /home/airflow/.local/lib/python3.11/site-packages/airflow/example_dags/tutorial_objectstorage.py
[2024-07-13T00:46:48.296+0000] {processor.py:840} INFO - DAG(s) 'tutorial_objectstorage' retrieved from /home/airflow/.local/lib/python3.11/site-packages/airflow/example_dags/tutorial_objectstorage.py
[2024-07-13T00:46:48.341+0000] {logging_mixin.py:188} INFO - [2024-07-13T00:46:48.340+0000] {dag.py:3096} INFO - Sync 1 DAGs
[2024-07-13T00:46:48.370+0000] {logging_mixin.py:188} INFO - [2024-07-13T00:46:48.369+0000] {dag.py:3954} INFO - Setting next_dagrun for tutorial_objectstorage to None, run_after=None
[2024-07-13T00:46:48.407+0000] {processor.py:183} INFO - Processing /home/airflow/.local/lib/python3.11/site-packages/airflow/example_dags/tutorial_objectstorage.py took 0.143 seconds
[2024-07-13T00:47:21.822+0000] {processor.py:161} INFO - Started process (PID=457) to work on /home/airflow/.local/lib/python3.11/site-packages/airflow/example_dags/tutorial_objectstorage.py
[2024-07-13T00:47:21.824+0000] {processor.py:830} INFO - Processing file /home/airflow/.local/lib/python3.11/site-packages/airflow/example_dags/tutorial_objectstorage.py for tasks to queue
[2024-07-13T00:47:21.828+0000] {logging_mixin.py:188} INFO - [2024-07-13T00:47:21.827+0000] {dagbag.py:545} INFO - Filling up the DagBag from /home/airflow/.local/lib/python3.11/site-packages/airflow/example_dags/tutorial_objectstorage.py
[2024-07-13T00:47:21.845+0000] {processor.py:840} INFO - DAG(s) 'tutorial_objectstorage' retrieved from /home/airflow/.local/lib/python3.11/site-packages/airflow/example_dags/tutorial_objectstorage.py
[2024-07-13T00:47:21.885+0000] {logging_mixin.py:188} INFO - [2024-07-13T00:47:21.884+0000] {dag.py:3096} INFO - Sync 1 DAGs
[2024-07-13T00:47:21.906+0000] {logging_mixin.py:188} INFO - [2024-07-13T00:47:21.906+0000] {dag.py:3954} INFO - Setting next_dagrun for tutorial_objectstorage to None, run_after=None
[2024-07-13T00:47:21.936+0000] {processor.py:183} INFO - Processing /home/airflow/.local/lib/python3.11/site-packages/airflow/example_dags/tutorial_objectstorage.py took 0.127 seconds
[2024-07-13T00:47:59.571+0000] {processor.py:161} INFO - Started process (PID=518) to work on /home/airflow/.local/lib/python3.11/site-packages/airflow/example_dags/tutorial_objectstorage.py
[2024-07-13T00:47:59.573+0000] {processor.py:830} INFO - Processing file /home/airflow/.local/lib/python3.11/site-packages/airflow/example_dags/tutorial_objectstorage.py for tasks to queue
[2024-07-13T00:47:59.576+0000] {logging_mixin.py:188} INFO - [2024-07-13T00:47:59.576+0000] {dagbag.py:545} INFO - Filling up the DagBag from /home/airflow/.local/lib/python3.11/site-packages/airflow/example_dags/tutorial_objectstorage.py
[2024-07-13T00:47:59.590+0000] {processor.py:840} INFO - DAG(s) 'tutorial_objectstorage' retrieved from /home/airflow/.local/lib/python3.11/site-packages/airflow/example_dags/tutorial_objectstorage.py
[2024-07-13T00:47:59.629+0000] {logging_mixin.py:188} INFO - [2024-07-13T00:47:59.628+0000] {dag.py:3096} INFO - Sync 1 DAGs
[2024-07-13T00:47:59.653+0000] {logging_mixin.py:188} INFO - [2024-07-13T00:47:59.653+0000] {dag.py:3954} INFO - Setting next_dagrun for tutorial_objectstorage to None, run_after=None
[2024-07-13T00:47:59.685+0000] {processor.py:183} INFO - Processing /home/airflow/.local/lib/python3.11/site-packages/airflow/example_dags/tutorial_objectstorage.py took 0.125 seconds
[2024-07-13T00:48:33.526+0000] {processor.py:161} INFO - Started process (PID=580) to work on /home/airflow/.local/lib/python3.11/site-packages/airflow/example_dags/tutorial_objectstorage.py
[2024-07-13T00:48:33.528+0000] {processor.py:830} INFO - Processing file /home/airflow/.local/lib/python3.11/site-packages/airflow/example_dags/tutorial_objectstorage.py for tasks to queue
[2024-07-13T00:48:33.532+0000] {logging_mixin.py:188} INFO - [2024-07-13T00:48:33.531+0000] {dagbag.py:545} INFO - Filling up the DagBag from /home/airflow/.local/lib/python3.11/site-packages/airflow/example_dags/tutorial_objectstorage.py
[2024-07-13T00:48:33.546+0000] {processor.py:840} INFO - DAG(s) 'tutorial_objectstorage' retrieved from /home/airflow/.local/lib/python3.11/site-packages/airflow/example_dags/tutorial_objectstorage.py
[2024-07-13T00:48:33.579+0000] {logging_mixin.py:188} INFO - [2024-07-13T00:48:33.578+0000] {dag.py:3096} INFO - Sync 1 DAGs
[2024-07-13T00:48:33.601+0000] {logging_mixin.py:188} INFO - [2024-07-13T00:48:33.601+0000] {dag.py:3954} INFO - Setting next_dagrun for tutorial_objectstorage to None, run_after=None
[2024-07-13T00:48:33.628+0000] {processor.py:183} INFO - Processing /home/airflow/.local/lib/python3.11/site-packages/airflow/example_dags/tutorial_objectstorage.py took 0.115 seconds
[2024-07-13T00:49:08.336+0000] {processor.py:161} INFO - Started process (PID=644) to work on /home/airflow/.local/lib/python3.11/site-packages/airflow/example_dags/tutorial_objectstorage.py
[2024-07-13T00:49:08.338+0000] {processor.py:830} INFO - Processing file /home/airflow/.local/lib/python3.11/site-packages/airflow/example_dags/tutorial_objectstorage.py for tasks to queue
[2024-07-13T00:49:08.341+0000] {logging_mixin.py:188} INFO - [2024-07-13T00:49:08.340+0000] {dagbag.py:545} INFO - Filling up the DagBag from /home/airflow/.local/lib/python3.11/site-packages/airflow/example_dags/tutorial_objectstorage.py
[2024-07-13T00:49:08.357+0000] {processor.py:840} INFO - DAG(s) 'tutorial_objectstorage' retrieved from /home/airflow/.local/lib/python3.11/site-packages/airflow/example_dags/tutorial_objectstorage.py
[2024-07-13T00:49:08.391+0000] {logging_mixin.py:188} INFO - [2024-07-13T00:49:08.390+0000] {dag.py:3096} INFO - Sync 1 DAGs
[2024-07-13T00:49:08.411+0000] {logging_mixin.py:188} INFO - [2024-07-13T00:49:08.411+0000] {dag.py:3954} INFO - Setting next_dagrun for tutorial_objectstorage to None, run_after=None
[2024-07-13T00:49:08.438+0000] {processor.py:183} INFO - Processing /home/airflow/.local/lib/python3.11/site-packages/airflow/example_dags/tutorial_objectstorage.py took 0.114 seconds
[2024-07-13T00:49:42.422+0000] {processor.py:161} INFO - Started process (PID=710) to work on /home/airflow/.local/lib/python3.11/site-packages/airflow/example_dags/tutorial_objectstorage.py
[2024-07-13T00:49:42.424+0000] {processor.py:830} INFO - Processing file /home/airflow/.local/lib/python3.11/site-packages/airflow/example_dags/tutorial_objectstorage.py for tasks to queue
[2024-07-13T00:49:42.428+0000] {logging_mixin.py:188} INFO - [2024-07-13T00:49:42.427+0000] {dagbag.py:545} INFO - Filling up the DagBag from /home/airflow/.local/lib/python3.11/site-packages/airflow/example_dags/tutorial_objectstorage.py
[2024-07-13T00:49:42.442+0000] {processor.py:840} INFO - DAG(s) 'tutorial_objectstorage' retrieved from /home/airflow/.local/lib/python3.11/site-packages/airflow/example_dags/tutorial_objectstorage.py
[2024-07-13T00:49:42.479+0000] {logging_mixin.py:188} INFO - [2024-07-13T00:49:42.478+0000] {dag.py:3096} INFO - Sync 1 DAGs
[2024-07-13T00:49:42.498+0000] {logging_mixin.py:188} INFO - [2024-07-13T00:49:42.498+0000] {dag.py:3954} INFO - Setting next_dagrun for tutorial_objectstorage to None, run_after=None
[2024-07-13T00:49:42.529+0000] {processor.py:183} INFO - Processing /home/airflow/.local/lib/python3.11/site-packages/airflow/example_dags/tutorial_objectstorage.py took 0.119 seconds
[2024-07-13T00:50:16.664+0000] {processor.py:161} INFO - Started process (PID=778) to work on /home/airflow/.local/lib/python3.11/site-packages/airflow/example_dags/tutorial_objectstorage.py
[2024-07-13T00:50:16.667+0000] {processor.py:830} INFO - Processing file /home/airflow/.local/lib/python3.11/site-packages/airflow/example_dags/tutorial_objectstorage.py for tasks to queue
[2024-07-13T00:50:16.670+0000] {logging_mixin.py:188} INFO - [2024-07-13T00:50:16.669+0000] {dagbag.py:545} INFO - Filling up the DagBag from /home/airflow/.local/lib/python3.11/site-packages/airflow/example_dags/tutorial_objectstorage.py
[2024-07-13T00:50:16.684+0000] {processor.py:840} INFO - DAG(s) 'tutorial_objectstorage' retrieved from /home/airflow/.local/lib/python3.11/site-packages/airflow/example_dags/tutorial_objectstorage.py
[2024-07-13T00:50:16.720+0000] {logging_mixin.py:188} INFO - [2024-07-13T00:50:16.719+0000] {dag.py:3096} INFO - Sync 1 DAGs
[2024-07-13T00:50:16.742+0000] {logging_mixin.py:188} INFO - [2024-07-13T00:50:16.742+0000] {dag.py:3954} INFO - Setting next_dagrun for tutorial_objectstorage to None, run_after=None
[2024-07-13T00:50:16.770+0000] {processor.py:183} INFO - Processing /home/airflow/.local/lib/python3.11/site-packages/airflow/example_dags/tutorial_objectstorage.py took 0.118 seconds
[2024-07-13T00:50:53.595+0000] {processor.py:161} INFO - Started process (PID=840) to work on /home/airflow/.local/lib/python3.11/site-packages/airflow/example_dags/tutorial_objectstorage.py
[2024-07-13T00:50:53.597+0000] {processor.py:830} INFO - Processing file /home/airflow/.local/lib/python3.11/site-packages/airflow/example_dags/tutorial_objectstorage.py for tasks to queue
[2024-07-13T00:50:53.600+0000] {logging_mixin.py:188} INFO - [2024-07-13T00:50:53.600+0000] {dagbag.py:545} INFO - Filling up the DagBag from /home/airflow/.local/lib/python3.11/site-packages/airflow/example_dags/tutorial_objectstorage.py
[2024-07-13T00:50:53.617+0000] {processor.py:840} INFO - DAG(s) 'tutorial_objectstorage' retrieved from /home/airflow/.local/lib/python3.11/site-packages/airflow/example_dags/tutorial_objectstorage.py
[2024-07-13T00:50:53.665+0000] {logging_mixin.py:188} INFO - [2024-07-13T00:50:53.664+0000] {dag.py:3096} INFO - Sync 1 DAGs
[2024-07-13T00:50:53.987+0000] {logging_mixin.py:188} INFO - [2024-07-13T00:50:53.987+0000] {dag.py:3954} INFO - Setting next_dagrun for tutorial_objectstorage to None, run_after=None
[2024-07-13T00:50:54.011+0000] {processor.py:183} INFO - Processing /home/airflow/.local/lib/python3.11/site-packages/airflow/example_dags/tutorial_objectstorage.py took 0.430 seconds
[2024-07-13T00:51:24.928+0000] {processor.py:161} INFO - Started process (PID=903) to work on /home/airflow/.local/lib/python3.11/site-packages/airflow/example_dags/tutorial_objectstorage.py
[2024-07-13T00:51:24.929+0000] {processor.py:830} INFO - Processing file /home/airflow/.local/lib/python3.11/site-packages/airflow/example_dags/tutorial_objectstorage.py for tasks to queue
[2024-07-13T00:51:24.933+0000] {logging_mixin.py:188} INFO - [2024-07-13T00:51:24.933+0000] {dagbag.py:545} INFO - Filling up the DagBag from /home/airflow/.local/lib/python3.11/site-packages/airflow/example_dags/tutorial_objectstorage.py
[2024-07-13T00:51:24.951+0000] {processor.py:840} INFO - DAG(s) 'tutorial_objectstorage' retrieved from /home/airflow/.local/lib/python3.11/site-packages/airflow/example_dags/tutorial_objectstorage.py
[2024-07-13T00:51:24.999+0000] {logging_mixin.py:188} INFO - [2024-07-13T00:51:24.998+0000] {dag.py:3096} INFO - Sync 1 DAGs
[2024-07-13T00:51:25.028+0000] {logging_mixin.py:188} INFO - [2024-07-13T00:51:25.028+0000] {dag.py:3954} INFO - Setting next_dagrun for tutorial_objectstorage to None, run_after=None
[2024-07-13T00:51:25.084+0000] {processor.py:183} INFO - Processing /home/airflow/.local/lib/python3.11/site-packages/airflow/example_dags/tutorial_objectstorage.py took 0.170 seconds
[2024-07-13T00:51:56.346+0000] {processor.py:161} INFO - Started process (PID=965) to work on /home/airflow/.local/lib/python3.11/site-packages/airflow/example_dags/tutorial_objectstorage.py
[2024-07-13T00:51:56.348+0000] {processor.py:830} INFO - Processing file /home/airflow/.local/lib/python3.11/site-packages/airflow/example_dags/tutorial_objectstorage.py for tasks to queue
[2024-07-13T00:51:56.351+0000] {logging_mixin.py:188} INFO - [2024-07-13T00:51:56.351+0000] {dagbag.py:545} INFO - Filling up the DagBag from /home/airflow/.local/lib/python3.11/site-packages/airflow/example_dags/tutorial_objectstorage.py
[2024-07-13T00:51:56.365+0000] {processor.py:840} INFO - DAG(s) 'tutorial_objectstorage' retrieved from /home/airflow/.local/lib/python3.11/site-packages/airflow/example_dags/tutorial_objectstorage.py
[2024-07-13T00:51:56.398+0000] {logging_mixin.py:188} INFO - [2024-07-13T00:51:56.397+0000] {dag.py:3096} INFO - Sync 1 DAGs
[2024-07-13T00:51:56.417+0000] {logging_mixin.py:188} INFO - [2024-07-13T00:51:56.417+0000] {dag.py:3954} INFO - Setting next_dagrun for tutorial_objectstorage to None, run_after=None
[2024-07-13T00:51:56.445+0000] {processor.py:183} INFO - Processing /home/airflow/.local/lib/python3.11/site-packages/airflow/example_dags/tutorial_objectstorage.py took 0.110 seconds
[2024-07-13T00:52:29.638+0000] {processor.py:161} INFO - Started process (PID=1027) to work on /home/airflow/.local/lib/python3.11/site-packages/airflow/example_dags/tutorial_objectstorage.py
[2024-07-13T00:52:29.642+0000] {processor.py:830} INFO - Processing file /home/airflow/.local/lib/python3.11/site-packages/airflow/example_dags/tutorial_objectstorage.py for tasks to queue
[2024-07-13T00:52:29.647+0000] {logging_mixin.py:188} INFO - [2024-07-13T00:52:29.646+0000] {dagbag.py:545} INFO - Filling up the DagBag from /home/airflow/.local/lib/python3.11/site-packages/airflow/example_dags/tutorial_objectstorage.py
[2024-07-13T00:52:29.680+0000] {processor.py:840} INFO - DAG(s) 'tutorial_objectstorage' retrieved from /home/airflow/.local/lib/python3.11/site-packages/airflow/example_dags/tutorial_objectstorage.py
[2024-07-13T00:52:29.731+0000] {logging_mixin.py:188} INFO - [2024-07-13T00:52:29.730+0000] {dag.py:3096} INFO - Sync 1 DAGs
[2024-07-13T00:52:29.760+0000] {logging_mixin.py:188} INFO - [2024-07-13T00:52:29.759+0000] {dag.py:3954} INFO - Setting next_dagrun for tutorial_objectstorage to None, run_after=None
[2024-07-13T00:52:29.795+0000] {processor.py:183} INFO - Processing /home/airflow/.local/lib/python3.11/site-packages/airflow/example_dags/tutorial_objectstorage.py took 0.172 seconds
[2024-07-13T00:53:02.454+0000] {processor.py:161} INFO - Started process (PID=1090) to work on /home/airflow/.local/lib/python3.11/site-packages/airflow/example_dags/tutorial_objectstorage.py
[2024-07-13T00:53:02.456+0000] {processor.py:830} INFO - Processing file /home/airflow/.local/lib/python3.11/site-packages/airflow/example_dags/tutorial_objectstorage.py for tasks to queue
[2024-07-13T00:53:02.459+0000] {logging_mixin.py:188} INFO - [2024-07-13T00:53:02.459+0000] {dagbag.py:545} INFO - Filling up the DagBag from /home/airflow/.local/lib/python3.11/site-packages/airflow/example_dags/tutorial_objectstorage.py
[2024-07-13T00:53:02.475+0000] {processor.py:840} INFO - DAG(s) 'tutorial_objectstorage' retrieved from /home/airflow/.local/lib/python3.11/site-packages/airflow/example_dags/tutorial_objectstorage.py
[2024-07-13T00:53:02.518+0000] {logging_mixin.py:188} INFO - [2024-07-13T00:53:02.517+0000] {dag.py:3096} INFO - Sync 1 DAGs
[2024-07-13T00:53:02.540+0000] {logging_mixin.py:188} INFO - [2024-07-13T00:53:02.540+0000] {dag.py:3954} INFO - Setting next_dagrun for tutorial_objectstorage to None, run_after=None
[2024-07-13T00:53:02.572+0000] {processor.py:183} INFO - Processing /home/airflow/.local/lib/python3.11/site-packages/airflow/example_dags/tutorial_objectstorage.py took 0.130 seconds
[2024-07-13T00:53:35.161+0000] {processor.py:161} INFO - Started process (PID=1152) to work on /home/airflow/.local/lib/python3.11/site-packages/airflow/example_dags/tutorial_objectstorage.py
[2024-07-13T00:53:35.163+0000] {processor.py:830} INFO - Processing file /home/airflow/.local/lib/python3.11/site-packages/airflow/example_dags/tutorial_objectstorage.py for tasks to queue
[2024-07-13T00:53:35.167+0000] {logging_mixin.py:188} INFO - [2024-07-13T00:53:35.166+0000] {dagbag.py:545} INFO - Filling up the DagBag from /home/airflow/.local/lib/python3.11/site-packages/airflow/example_dags/tutorial_objectstorage.py
[2024-07-13T00:53:35.183+0000] {processor.py:840} INFO - DAG(s) 'tutorial_objectstorage' retrieved from /home/airflow/.local/lib/python3.11/site-packages/airflow/example_dags/tutorial_objectstorage.py
[2024-07-13T00:53:35.223+0000] {logging_mixin.py:188} INFO - [2024-07-13T00:53:35.222+0000] {dag.py:3096} INFO - Sync 1 DAGs
[2024-07-13T00:53:35.246+0000] {logging_mixin.py:188} INFO - [2024-07-13T00:53:35.246+0000] {dag.py:3954} INFO - Setting next_dagrun for tutorial_objectstorage to None, run_after=None
[2024-07-13T00:53:35.284+0000] {processor.py:183} INFO - Processing /home/airflow/.local/lib/python3.11/site-packages/airflow/example_dags/tutorial_objectstorage.py took 0.136 seconds
[2024-07-13T00:54:07.561+0000] {processor.py:161} INFO - Started process (PID=1214) to work on /home/airflow/.local/lib/python3.11/site-packages/airflow/example_dags/tutorial_objectstorage.py
[2024-07-13T00:54:07.563+0000] {processor.py:830} INFO - Processing file /home/airflow/.local/lib/python3.11/site-packages/airflow/example_dags/tutorial_objectstorage.py for tasks to queue
[2024-07-13T00:54:07.567+0000] {logging_mixin.py:188} INFO - [2024-07-13T00:54:07.566+0000] {dagbag.py:545} INFO - Filling up the DagBag from /home/airflow/.local/lib/python3.11/site-packages/airflow/example_dags/tutorial_objectstorage.py
[2024-07-13T00:54:07.582+0000] {processor.py:840} INFO - DAG(s) 'tutorial_objectstorage' retrieved from /home/airflow/.local/lib/python3.11/site-packages/airflow/example_dags/tutorial_objectstorage.py
[2024-07-13T00:54:07.619+0000] {logging_mixin.py:188} INFO - [2024-07-13T00:54:07.618+0000] {dag.py:3096} INFO - Sync 1 DAGs
[2024-07-13T00:54:07.639+0000] {logging_mixin.py:188} INFO - [2024-07-13T00:54:07.639+0000] {dag.py:3954} INFO - Setting next_dagrun for tutorial_objectstorage to None, run_after=None
[2024-07-13T00:54:07.671+0000] {processor.py:183} INFO - Processing /home/airflow/.local/lib/python3.11/site-packages/airflow/example_dags/tutorial_objectstorage.py took 0.122 seconds
[2024-07-13T00:54:41.094+0000] {processor.py:161} INFO - Started process (PID=1276) to work on /home/airflow/.local/lib/python3.11/site-packages/airflow/example_dags/tutorial_objectstorage.py
[2024-07-13T00:54:41.096+0000] {processor.py:830} INFO - Processing file /home/airflow/.local/lib/python3.11/site-packages/airflow/example_dags/tutorial_objectstorage.py for tasks to queue
[2024-07-13T00:54:41.099+0000] {logging_mixin.py:188} INFO - [2024-07-13T00:54:41.099+0000] {dagbag.py:545} INFO - Filling up the DagBag from /home/airflow/.local/lib/python3.11/site-packages/airflow/example_dags/tutorial_objectstorage.py
[2024-07-13T00:54:41.116+0000] {processor.py:840} INFO - DAG(s) 'tutorial_objectstorage' retrieved from /home/airflow/.local/lib/python3.11/site-packages/airflow/example_dags/tutorial_objectstorage.py
[2024-07-13T00:54:41.161+0000] {logging_mixin.py:188} INFO - [2024-07-13T00:54:41.160+0000] {dag.py:3096} INFO - Sync 1 DAGs
[2024-07-13T00:54:41.184+0000] {logging_mixin.py:188} INFO - [2024-07-13T00:54:41.184+0000] {dag.py:3954} INFO - Setting next_dagrun for tutorial_objectstorage to None, run_after=None
[2024-07-13T00:54:41.218+0000] {processor.py:183} INFO - Processing /home/airflow/.local/lib/python3.11/site-packages/airflow/example_dags/tutorial_objectstorage.py took 0.137 seconds
[2024-07-13T00:55:14.160+0000] {processor.py:161} INFO - Started process (PID=1338) to work on /home/airflow/.local/lib/python3.11/site-packages/airflow/example_dags/tutorial_objectstorage.py
[2024-07-13T00:55:14.163+0000] {processor.py:830} INFO - Processing file /home/airflow/.local/lib/python3.11/site-packages/airflow/example_dags/tutorial_objectstorage.py for tasks to queue
[2024-07-13T00:55:14.168+0000] {logging_mixin.py:188} INFO - [2024-07-13T00:55:14.167+0000] {dagbag.py:545} INFO - Filling up the DagBag from /home/airflow/.local/lib/python3.11/site-packages/airflow/example_dags/tutorial_objectstorage.py
[2024-07-13T00:55:14.186+0000] {processor.py:840} INFO - DAG(s) 'tutorial_objectstorage' retrieved from /home/airflow/.local/lib/python3.11/site-packages/airflow/example_dags/tutorial_objectstorage.py
[2024-07-13T00:55:14.232+0000] {logging_mixin.py:188} INFO - [2024-07-13T00:55:14.230+0000] {dag.py:3096} INFO - Sync 1 DAGs
[2024-07-13T00:55:14.267+0000] {logging_mixin.py:188} INFO - [2024-07-13T00:55:14.266+0000] {dag.py:3954} INFO - Setting next_dagrun for tutorial_objectstorage to None, run_after=None
[2024-07-13T00:55:14.308+0000] {processor.py:183} INFO - Processing /home/airflow/.local/lib/python3.11/site-packages/airflow/example_dags/tutorial_objectstorage.py took 0.165 seconds
[2024-07-13T00:59:05.706+0000] {processor.py:161} INFO - Started process (PID=83) to work on /home/airflow/.local/lib/python3.11/site-packages/airflow/example_dags/tutorial_objectstorage.py
[2024-07-13T00:59:05.709+0000] {processor.py:830} INFO - Processing file /home/airflow/.local/lib/python3.11/site-packages/airflow/example_dags/tutorial_objectstorage.py for tasks to queue
[2024-07-13T00:59:05.713+0000] {logging_mixin.py:188} INFO - [2024-07-13T00:59:05.712+0000] {dagbag.py:545} INFO - Filling up the DagBag from /home/airflow/.local/lib/python3.11/site-packages/airflow/example_dags/tutorial_objectstorage.py
[2024-07-13T00:59:05.731+0000] {processor.py:840} INFO - DAG(s) 'tutorial_objectstorage' retrieved from /home/airflow/.local/lib/python3.11/site-packages/airflow/example_dags/tutorial_objectstorage.py
[2024-07-13T00:59:05.971+0000] {logging_mixin.py:188} INFO - [2024-07-13T00:59:05.970+0000] {dag.py:3096} INFO - Sync 1 DAGs
[2024-07-13T00:59:05.996+0000] {logging_mixin.py:188} INFO - [2024-07-13T00:59:05.995+0000] {dag.py:3954} INFO - Setting next_dagrun for tutorial_objectstorage to None, run_after=None
[2024-07-13T00:59:06.036+0000] {processor.py:183} INFO - Processing /home/airflow/.local/lib/python3.11/site-packages/airflow/example_dags/tutorial_objectstorage.py took 0.346 seconds
[2024-07-13T00:59:36.933+0000] {processor.py:161} INFO - Started process (PID=146) to work on /home/airflow/.local/lib/python3.11/site-packages/airflow/example_dags/tutorial_objectstorage.py
[2024-07-13T00:59:36.935+0000] {processor.py:830} INFO - Processing file /home/airflow/.local/lib/python3.11/site-packages/airflow/example_dags/tutorial_objectstorage.py for tasks to queue
[2024-07-13T00:59:36.939+0000] {logging_mixin.py:188} INFO - [2024-07-13T00:59:36.938+0000] {dagbag.py:545} INFO - Filling up the DagBag from /home/airflow/.local/lib/python3.11/site-packages/airflow/example_dags/tutorial_objectstorage.py
[2024-07-13T00:59:36.961+0000] {processor.py:840} INFO - DAG(s) 'tutorial_objectstorage' retrieved from /home/airflow/.local/lib/python3.11/site-packages/airflow/example_dags/tutorial_objectstorage.py
[2024-07-13T00:59:37.002+0000] {logging_mixin.py:188} INFO - [2024-07-13T00:59:37.001+0000] {dag.py:3096} INFO - Sync 1 DAGs
[2024-07-13T00:59:37.027+0000] {logging_mixin.py:188} INFO - [2024-07-13T00:59:37.026+0000] {dag.py:3954} INFO - Setting next_dagrun for tutorial_objectstorage to None, run_after=None
[2024-07-13T00:59:37.062+0000] {processor.py:183} INFO - Processing /home/airflow/.local/lib/python3.11/site-packages/airflow/example_dags/tutorial_objectstorage.py took 0.143 seconds
[2024-07-13T01:00:07.681+0000] {processor.py:161} INFO - Started process (PID=213) to work on /home/airflow/.local/lib/python3.11/site-packages/airflow/example_dags/tutorial_objectstorage.py
[2024-07-13T01:00:07.683+0000] {processor.py:830} INFO - Processing file /home/airflow/.local/lib/python3.11/site-packages/airflow/example_dags/tutorial_objectstorage.py for tasks to queue
[2024-07-13T01:00:07.687+0000] {logging_mixin.py:188} INFO - [2024-07-13T01:00:07.686+0000] {dagbag.py:545} INFO - Filling up the DagBag from /home/airflow/.local/lib/python3.11/site-packages/airflow/example_dags/tutorial_objectstorage.py
[2024-07-13T01:00:07.701+0000] {processor.py:840} INFO - DAG(s) 'tutorial_objectstorage' retrieved from /home/airflow/.local/lib/python3.11/site-packages/airflow/example_dags/tutorial_objectstorage.py
[2024-07-13T01:00:07.742+0000] {logging_mixin.py:188} INFO - [2024-07-13T01:00:07.741+0000] {dag.py:3096} INFO - Sync 1 DAGs
[2024-07-13T01:00:07.763+0000] {logging_mixin.py:188} INFO - [2024-07-13T01:00:07.762+0000] {dag.py:3954} INFO - Setting next_dagrun for tutorial_objectstorage to None, run_after=None
[2024-07-13T01:00:07.791+0000] {processor.py:183} INFO - Processing /home/airflow/.local/lib/python3.11/site-packages/airflow/example_dags/tutorial_objectstorage.py took 0.123 seconds
[2024-07-13T01:00:39.849+0000] {processor.py:161} INFO - Started process (PID=275) to work on /home/airflow/.local/lib/python3.11/site-packages/airflow/example_dags/tutorial_objectstorage.py
[2024-07-13T01:00:39.852+0000] {processor.py:830} INFO - Processing file /home/airflow/.local/lib/python3.11/site-packages/airflow/example_dags/tutorial_objectstorage.py for tasks to queue
[2024-07-13T01:00:39.855+0000] {logging_mixin.py:188} INFO - [2024-07-13T01:00:39.855+0000] {dagbag.py:545} INFO - Filling up the DagBag from /home/airflow/.local/lib/python3.11/site-packages/airflow/example_dags/tutorial_objectstorage.py
[2024-07-13T01:00:39.869+0000] {processor.py:840} INFO - DAG(s) 'tutorial_objectstorage' retrieved from /home/airflow/.local/lib/python3.11/site-packages/airflow/example_dags/tutorial_objectstorage.py
[2024-07-13T01:00:39.912+0000] {logging_mixin.py:188} INFO - [2024-07-13T01:00:39.911+0000] {dag.py:3096} INFO - Sync 1 DAGs
[2024-07-13T01:00:39.940+0000] {logging_mixin.py:188} INFO - [2024-07-13T01:00:39.940+0000] {dag.py:3954} INFO - Setting next_dagrun for tutorial_objectstorage to None, run_after=None
[2024-07-13T01:00:39.973+0000] {processor.py:183} INFO - Processing /home/airflow/.local/lib/python3.11/site-packages/airflow/example_dags/tutorial_objectstorage.py took 0.135 seconds
[2024-07-13T01:01:12.894+0000] {processor.py:161} INFO - Started process (PID=336) to work on /home/airflow/.local/lib/python3.11/site-packages/airflow/example_dags/tutorial_objectstorage.py
[2024-07-13T01:01:12.897+0000] {processor.py:830} INFO - Processing file /home/airflow/.local/lib/python3.11/site-packages/airflow/example_dags/tutorial_objectstorage.py for tasks to queue
[2024-07-13T01:01:12.902+0000] {logging_mixin.py:188} INFO - [2024-07-13T01:01:12.901+0000] {dagbag.py:545} INFO - Filling up the DagBag from /home/airflow/.local/lib/python3.11/site-packages/airflow/example_dags/tutorial_objectstorage.py
[2024-07-13T01:01:12.920+0000] {processor.py:840} INFO - DAG(s) 'tutorial_objectstorage' retrieved from /home/airflow/.local/lib/python3.11/site-packages/airflow/example_dags/tutorial_objectstorage.py
[2024-07-13T01:01:12.970+0000] {logging_mixin.py:188} INFO - [2024-07-13T01:01:12.969+0000] {dag.py:3096} INFO - Sync 1 DAGs
[2024-07-13T01:01:12.999+0000] {logging_mixin.py:188} INFO - [2024-07-13T01:01:12.998+0000] {dag.py:3954} INFO - Setting next_dagrun for tutorial_objectstorage to None, run_after=None
[2024-07-13T01:01:13.041+0000] {processor.py:183} INFO - Processing /home/airflow/.local/lib/python3.11/site-packages/airflow/example_dags/tutorial_objectstorage.py took 0.164 seconds
[2024-07-13T01:01:46.189+0000] {processor.py:161} INFO - Started process (PID=398) to work on /home/airflow/.local/lib/python3.11/site-packages/airflow/example_dags/tutorial_objectstorage.py
[2024-07-13T01:01:46.191+0000] {processor.py:830} INFO - Processing file /home/airflow/.local/lib/python3.11/site-packages/airflow/example_dags/tutorial_objectstorage.py for tasks to queue
[2024-07-13T01:01:46.194+0000] {logging_mixin.py:188} INFO - [2024-07-13T01:01:46.194+0000] {dagbag.py:545} INFO - Filling up the DagBag from /home/airflow/.local/lib/python3.11/site-packages/airflow/example_dags/tutorial_objectstorage.py
[2024-07-13T01:01:46.210+0000] {processor.py:840} INFO - DAG(s) 'tutorial_objectstorage' retrieved from /home/airflow/.local/lib/python3.11/site-packages/airflow/example_dags/tutorial_objectstorage.py
[2024-07-13T01:01:46.249+0000] {logging_mixin.py:188} INFO - [2024-07-13T01:01:46.248+0000] {dag.py:3096} INFO - Sync 1 DAGs
[2024-07-13T01:01:46.274+0000] {logging_mixin.py:188} INFO - [2024-07-13T01:01:46.274+0000] {dag.py:3954} INFO - Setting next_dagrun for tutorial_objectstorage to None, run_after=None
[2024-07-13T01:01:46.307+0000] {processor.py:183} INFO - Processing /home/airflow/.local/lib/python3.11/site-packages/airflow/example_dags/tutorial_objectstorage.py took 0.133 seconds
[2024-07-13T01:02:20.693+0000] {processor.py:161} INFO - Started process (PID=459) to work on /home/airflow/.local/lib/python3.11/site-packages/airflow/example_dags/tutorial_objectstorage.py
[2024-07-13T01:02:20.697+0000] {processor.py:830} INFO - Processing file /home/airflow/.local/lib/python3.11/site-packages/airflow/example_dags/tutorial_objectstorage.py for tasks to queue
[2024-07-13T01:02:20.701+0000] {logging_mixin.py:188} INFO - [2024-07-13T01:02:20.701+0000] {dagbag.py:545} INFO - Filling up the DagBag from /home/airflow/.local/lib/python3.11/site-packages/airflow/example_dags/tutorial_objectstorage.py
[2024-07-13T01:02:20.722+0000] {processor.py:840} INFO - DAG(s) 'tutorial_objectstorage' retrieved from /home/airflow/.local/lib/python3.11/site-packages/airflow/example_dags/tutorial_objectstorage.py
[2024-07-13T01:02:20.776+0000] {logging_mixin.py:188} INFO - [2024-07-13T01:02:20.774+0000] {dag.py:3096} INFO - Sync 1 DAGs
[2024-07-13T01:02:20.806+0000] {logging_mixin.py:188} INFO - [2024-07-13T01:02:20.805+0000] {dag.py:3954} INFO - Setting next_dagrun for tutorial_objectstorage to None, run_after=None
[2024-07-13T01:02:20.844+0000] {processor.py:183} INFO - Processing /home/airflow/.local/lib/python3.11/site-packages/airflow/example_dags/tutorial_objectstorage.py took 0.169 seconds
[2024-07-13T01:02:53.931+0000] {processor.py:161} INFO - Started process (PID=521) to work on /home/airflow/.local/lib/python3.11/site-packages/airflow/example_dags/tutorial_objectstorage.py
[2024-07-13T01:02:53.933+0000] {processor.py:830} INFO - Processing file /home/airflow/.local/lib/python3.11/site-packages/airflow/example_dags/tutorial_objectstorage.py for tasks to queue
[2024-07-13T01:02:53.937+0000] {logging_mixin.py:188} INFO - [2024-07-13T01:02:53.937+0000] {dagbag.py:545} INFO - Filling up the DagBag from /home/airflow/.local/lib/python3.11/site-packages/airflow/example_dags/tutorial_objectstorage.py
[2024-07-13T01:02:53.954+0000] {processor.py:840} INFO - DAG(s) 'tutorial_objectstorage' retrieved from /home/airflow/.local/lib/python3.11/site-packages/airflow/example_dags/tutorial_objectstorage.py
[2024-07-13T01:02:53.995+0000] {logging_mixin.py:188} INFO - [2024-07-13T01:02:53.994+0000] {dag.py:3096} INFO - Sync 1 DAGs
[2024-07-13T01:02:54.023+0000] {logging_mixin.py:188} INFO - [2024-07-13T01:02:54.022+0000] {dag.py:3954} INFO - Setting next_dagrun for tutorial_objectstorage to None, run_after=None
[2024-07-13T01:02:54.059+0000] {processor.py:183} INFO - Processing /home/airflow/.local/lib/python3.11/site-packages/airflow/example_dags/tutorial_objectstorage.py took 0.142 seconds
[2024-07-13T01:03:29.100+0000] {processor.py:161} INFO - Started process (PID=583) to work on /home/airflow/.local/lib/python3.11/site-packages/airflow/example_dags/tutorial_objectstorage.py
[2024-07-13T01:03:29.103+0000] {processor.py:830} INFO - Processing file /home/airflow/.local/lib/python3.11/site-packages/airflow/example_dags/tutorial_objectstorage.py for tasks to queue
[2024-07-13T01:03:29.108+0000] {logging_mixin.py:188} INFO - [2024-07-13T01:03:29.107+0000] {dagbag.py:545} INFO - Filling up the DagBag from /home/airflow/.local/lib/python3.11/site-packages/airflow/example_dags/tutorial_objectstorage.py
[2024-07-13T01:03:29.128+0000] {processor.py:840} INFO - DAG(s) 'tutorial_objectstorage' retrieved from /home/airflow/.local/lib/python3.11/site-packages/airflow/example_dags/tutorial_objectstorage.py
[2024-07-13T01:03:29.167+0000] {logging_mixin.py:188} INFO - [2024-07-13T01:03:29.166+0000] {dag.py:3096} INFO - Sync 1 DAGs
[2024-07-13T01:03:29.187+0000] {logging_mixin.py:188} INFO - [2024-07-13T01:03:29.186+0000] {dag.py:3954} INFO - Setting next_dagrun for tutorial_objectstorage to None, run_after=None
[2024-07-13T01:03:29.216+0000] {processor.py:183} INFO - Processing /home/airflow/.local/lib/python3.11/site-packages/airflow/example_dags/tutorial_objectstorage.py took 0.133 seconds
[2024-07-13T01:04:03.863+0000] {processor.py:161} INFO - Started process (PID=652) to work on /home/airflow/.local/lib/python3.11/site-packages/airflow/example_dags/tutorial_objectstorage.py
[2024-07-13T01:04:03.866+0000] {processor.py:830} INFO - Processing file /home/airflow/.local/lib/python3.11/site-packages/airflow/example_dags/tutorial_objectstorage.py for tasks to queue
[2024-07-13T01:04:03.870+0000] {logging_mixin.py:188} INFO - [2024-07-13T01:04:03.869+0000] {dagbag.py:545} INFO - Filling up the DagBag from /home/airflow/.local/lib/python3.11/site-packages/airflow/example_dags/tutorial_objectstorage.py
[2024-07-13T01:04:03.885+0000] {processor.py:840} INFO - DAG(s) 'tutorial_objectstorage' retrieved from /home/airflow/.local/lib/python3.11/site-packages/airflow/example_dags/tutorial_objectstorage.py
[2024-07-13T01:04:03.926+0000] {logging_mixin.py:188} INFO - [2024-07-13T01:04:03.925+0000] {dag.py:3096} INFO - Sync 1 DAGs
[2024-07-13T01:04:03.945+0000] {logging_mixin.py:188} INFO - [2024-07-13T01:04:03.945+0000] {dag.py:3954} INFO - Setting next_dagrun for tutorial_objectstorage to None, run_after=None
[2024-07-13T01:04:03.975+0000] {processor.py:183} INFO - Processing /home/airflow/.local/lib/python3.11/site-packages/airflow/example_dags/tutorial_objectstorage.py took 0.125 seconds
[2024-07-13T01:04:37.303+0000] {processor.py:161} INFO - Started process (PID=714) to work on /home/airflow/.local/lib/python3.11/site-packages/airflow/example_dags/tutorial_objectstorage.py
[2024-07-13T01:04:37.306+0000] {processor.py:830} INFO - Processing file /home/airflow/.local/lib/python3.11/site-packages/airflow/example_dags/tutorial_objectstorage.py for tasks to queue
[2024-07-13T01:04:37.310+0000] {logging_mixin.py:188} INFO - [2024-07-13T01:04:37.309+0000] {dagbag.py:545} INFO - Filling up the DagBag from /home/airflow/.local/lib/python3.11/site-packages/airflow/example_dags/tutorial_objectstorage.py
[2024-07-13T01:04:37.328+0000] {processor.py:840} INFO - DAG(s) 'tutorial_objectstorage' retrieved from /home/airflow/.local/lib/python3.11/site-packages/airflow/example_dags/tutorial_objectstorage.py
[2024-07-13T01:04:37.380+0000] {logging_mixin.py:188} INFO - [2024-07-13T01:04:37.375+0000] {dag.py:3096} INFO - Sync 1 DAGs
[2024-07-13T01:04:37.408+0000] {logging_mixin.py:188} INFO - [2024-07-13T01:04:37.407+0000] {dag.py:3954} INFO - Setting next_dagrun for tutorial_objectstorage to None, run_after=None
[2024-07-13T01:04:37.448+0000] {processor.py:183} INFO - Processing /home/airflow/.local/lib/python3.11/site-packages/airflow/example_dags/tutorial_objectstorage.py took 0.161 seconds
[2024-07-13T01:05:10.724+0000] {processor.py:161} INFO - Started process (PID=781) to work on /home/airflow/.local/lib/python3.11/site-packages/airflow/example_dags/tutorial_objectstorage.py
[2024-07-13T01:05:10.727+0000] {processor.py:830} INFO - Processing file /home/airflow/.local/lib/python3.11/site-packages/airflow/example_dags/tutorial_objectstorage.py for tasks to queue
[2024-07-13T01:05:10.730+0000] {logging_mixin.py:188} INFO - [2024-07-13T01:05:10.729+0000] {dagbag.py:545} INFO - Filling up the DagBag from /home/airflow/.local/lib/python3.11/site-packages/airflow/example_dags/tutorial_objectstorage.py
[2024-07-13T01:05:10.745+0000] {processor.py:840} INFO - DAG(s) 'tutorial_objectstorage' retrieved from /home/airflow/.local/lib/python3.11/site-packages/airflow/example_dags/tutorial_objectstorage.py
[2024-07-13T01:05:10.786+0000] {logging_mixin.py:188} INFO - [2024-07-13T01:05:10.785+0000] {dag.py:3096} INFO - Sync 1 DAGs
[2024-07-13T01:05:10.815+0000] {logging_mixin.py:188} INFO - [2024-07-13T01:05:10.815+0000] {dag.py:3954} INFO - Setting next_dagrun for tutorial_objectstorage to None, run_after=None
[2024-07-13T01:05:10.851+0000] {processor.py:183} INFO - Processing /home/airflow/.local/lib/python3.11/site-packages/airflow/example_dags/tutorial_objectstorage.py took 0.137 seconds
[2024-07-13T01:05:48.691+0000] {processor.py:161} INFO - Started process (PID=843) to work on /home/airflow/.local/lib/python3.11/site-packages/airflow/example_dags/tutorial_objectstorage.py
[2024-07-13T01:05:48.694+0000] {processor.py:830} INFO - Processing file /home/airflow/.local/lib/python3.11/site-packages/airflow/example_dags/tutorial_objectstorage.py for tasks to queue
[2024-07-13T01:05:48.697+0000] {logging_mixin.py:188} INFO - [2024-07-13T01:05:48.696+0000] {dagbag.py:545} INFO - Filling up the DagBag from /home/airflow/.local/lib/python3.11/site-packages/airflow/example_dags/tutorial_objectstorage.py
[2024-07-13T01:05:48.711+0000] {processor.py:840} INFO - DAG(s) 'tutorial_objectstorage' retrieved from /home/airflow/.local/lib/python3.11/site-packages/airflow/example_dags/tutorial_objectstorage.py
[2024-07-13T01:05:48.749+0000] {logging_mixin.py:188} INFO - [2024-07-13T01:05:48.748+0000] {dag.py:3096} INFO - Sync 1 DAGs
[2024-07-13T01:05:48.772+0000] {logging_mixin.py:188} INFO - [2024-07-13T01:05:48.772+0000] {dag.py:3954} INFO - Setting next_dagrun for tutorial_objectstorage to None, run_after=None
[2024-07-13T01:05:48.806+0000] {processor.py:183} INFO - Processing /home/airflow/.local/lib/python3.11/site-packages/airflow/example_dags/tutorial_objectstorage.py took 0.126 seconds
[2024-07-13T01:06:20.198+0000] {processor.py:161} INFO - Started process (PID=905) to work on /home/airflow/.local/lib/python3.11/site-packages/airflow/example_dags/tutorial_objectstorage.py
[2024-07-13T01:06:20.200+0000] {processor.py:830} INFO - Processing file /home/airflow/.local/lib/python3.11/site-packages/airflow/example_dags/tutorial_objectstorage.py for tasks to queue
[2024-07-13T01:06:20.205+0000] {logging_mixin.py:188} INFO - [2024-07-13T01:06:20.204+0000] {dagbag.py:545} INFO - Filling up the DagBag from /home/airflow/.local/lib/python3.11/site-packages/airflow/example_dags/tutorial_objectstorage.py
[2024-07-13T01:06:20.223+0000] {processor.py:840} INFO - DAG(s) 'tutorial_objectstorage' retrieved from /home/airflow/.local/lib/python3.11/site-packages/airflow/example_dags/tutorial_objectstorage.py
[2024-07-13T01:06:20.271+0000] {logging_mixin.py:188} INFO - [2024-07-13T01:06:20.270+0000] {dag.py:3096} INFO - Sync 1 DAGs
[2024-07-13T01:06:20.301+0000] {logging_mixin.py:188} INFO - [2024-07-13T01:06:20.300+0000] {dag.py:3954} INFO - Setting next_dagrun for tutorial_objectstorage to None, run_after=None
[2024-07-13T01:06:20.336+0000] {processor.py:183} INFO - Processing /home/airflow/.local/lib/python3.11/site-packages/airflow/example_dags/tutorial_objectstorage.py took 0.154 seconds
[2024-07-13T01:06:50.777+0000] {processor.py:161} INFO - Started process (PID=967) to work on /home/airflow/.local/lib/python3.11/site-packages/airflow/example_dags/tutorial_objectstorage.py
[2024-07-13T01:06:50.779+0000] {processor.py:830} INFO - Processing file /home/airflow/.local/lib/python3.11/site-packages/airflow/example_dags/tutorial_objectstorage.py for tasks to queue
[2024-07-13T01:06:50.785+0000] {logging_mixin.py:188} INFO - [2024-07-13T01:06:50.784+0000] {dagbag.py:545} INFO - Filling up the DagBag from /home/airflow/.local/lib/python3.11/site-packages/airflow/example_dags/tutorial_objectstorage.py
[2024-07-13T01:06:50.805+0000] {processor.py:840} INFO - DAG(s) 'tutorial_objectstorage' retrieved from /home/airflow/.local/lib/python3.11/site-packages/airflow/example_dags/tutorial_objectstorage.py
[2024-07-13T01:06:50.856+0000] {logging_mixin.py:188} INFO - [2024-07-13T01:06:50.855+0000] {dag.py:3096} INFO - Sync 1 DAGs
[2024-07-13T01:06:50.882+0000] {logging_mixin.py:188} INFO - [2024-07-13T01:06:50.882+0000] {dag.py:3954} INFO - Setting next_dagrun for tutorial_objectstorage to None, run_after=None
[2024-07-13T01:06:50.921+0000] {processor.py:183} INFO - Processing /home/airflow/.local/lib/python3.11/site-packages/airflow/example_dags/tutorial_objectstorage.py took 0.160 seconds
[2024-07-13T01:07:22.897+0000] {processor.py:161} INFO - Started process (PID=1029) to work on /home/airflow/.local/lib/python3.11/site-packages/airflow/example_dags/tutorial_objectstorage.py
[2024-07-13T01:07:22.900+0000] {processor.py:830} INFO - Processing file /home/airflow/.local/lib/python3.11/site-packages/airflow/example_dags/tutorial_objectstorage.py for tasks to queue
[2024-07-13T01:07:22.904+0000] {logging_mixin.py:188} INFO - [2024-07-13T01:07:22.903+0000] {dagbag.py:545} INFO - Filling up the DagBag from /home/airflow/.local/lib/python3.11/site-packages/airflow/example_dags/tutorial_objectstorage.py
[2024-07-13T01:07:22.924+0000] {processor.py:840} INFO - DAG(s) 'tutorial_objectstorage' retrieved from /home/airflow/.local/lib/python3.11/site-packages/airflow/example_dags/tutorial_objectstorage.py
[2024-07-13T01:07:22.973+0000] {logging_mixin.py:188} INFO - [2024-07-13T01:07:22.972+0000] {dag.py:3096} INFO - Sync 1 DAGs
[2024-07-13T01:07:23.004+0000] {logging_mixin.py:188} INFO - [2024-07-13T01:07:23.003+0000] {dag.py:3954} INFO - Setting next_dagrun for tutorial_objectstorage to None, run_after=None
[2024-07-13T01:07:23.045+0000] {processor.py:183} INFO - Processing /home/airflow/.local/lib/python3.11/site-packages/airflow/example_dags/tutorial_objectstorage.py took 0.165 seconds
[2024-07-13T01:07:57.148+0000] {processor.py:161} INFO - Started process (PID=1091) to work on /home/airflow/.local/lib/python3.11/site-packages/airflow/example_dags/tutorial_objectstorage.py
[2024-07-13T01:07:57.151+0000] {processor.py:830} INFO - Processing file /home/airflow/.local/lib/python3.11/site-packages/airflow/example_dags/tutorial_objectstorage.py for tasks to queue
[2024-07-13T01:07:57.156+0000] {logging_mixin.py:188} INFO - [2024-07-13T01:07:57.155+0000] {dagbag.py:545} INFO - Filling up the DagBag from /home/airflow/.local/lib/python3.11/site-packages/airflow/example_dags/tutorial_objectstorage.py
[2024-07-13T01:07:57.176+0000] {processor.py:840} INFO - DAG(s) 'tutorial_objectstorage' retrieved from /home/airflow/.local/lib/python3.11/site-packages/airflow/example_dags/tutorial_objectstorage.py
[2024-07-13T01:07:57.222+0000] {logging_mixin.py:188} INFO - [2024-07-13T01:07:57.221+0000] {dag.py:3096} INFO - Sync 1 DAGs
[2024-07-13T01:07:57.251+0000] {logging_mixin.py:188} INFO - [2024-07-13T01:07:57.250+0000] {dag.py:3954} INFO - Setting next_dagrun for tutorial_objectstorage to None, run_after=None
[2024-07-13T01:07:57.290+0000] {processor.py:183} INFO - Processing /home/airflow/.local/lib/python3.11/site-packages/airflow/example_dags/tutorial_objectstorage.py took 0.159 seconds
[2024-07-13T01:08:30.169+0000] {processor.py:161} INFO - Started process (PID=1153) to work on /home/airflow/.local/lib/python3.11/site-packages/airflow/example_dags/tutorial_objectstorage.py
[2024-07-13T01:08:30.171+0000] {processor.py:830} INFO - Processing file /home/airflow/.local/lib/python3.11/site-packages/airflow/example_dags/tutorial_objectstorage.py for tasks to queue
[2024-07-13T01:08:30.175+0000] {logging_mixin.py:188} INFO - [2024-07-13T01:08:30.174+0000] {dagbag.py:545} INFO - Filling up the DagBag from /home/airflow/.local/lib/python3.11/site-packages/airflow/example_dags/tutorial_objectstorage.py
[2024-07-13T01:08:30.189+0000] {processor.py:840} INFO - DAG(s) 'tutorial_objectstorage' retrieved from /home/airflow/.local/lib/python3.11/site-packages/airflow/example_dags/tutorial_objectstorage.py
[2024-07-13T01:08:30.226+0000] {logging_mixin.py:188} INFO - [2024-07-13T01:08:30.225+0000] {dag.py:3096} INFO - Sync 1 DAGs
[2024-07-13T01:08:30.246+0000] {logging_mixin.py:188} INFO - [2024-07-13T01:08:30.246+0000] {dag.py:3954} INFO - Setting next_dagrun for tutorial_objectstorage to None, run_after=None
[2024-07-13T01:08:30.280+0000] {processor.py:183} INFO - Processing /home/airflow/.local/lib/python3.11/site-packages/airflow/example_dags/tutorial_objectstorage.py took 0.126 seconds
[2024-07-13T01:09:02.647+0000] {processor.py:161} INFO - Started process (PID=1215) to work on /home/airflow/.local/lib/python3.11/site-packages/airflow/example_dags/tutorial_objectstorage.py
[2024-07-13T01:09:02.649+0000] {processor.py:830} INFO - Processing file /home/airflow/.local/lib/python3.11/site-packages/airflow/example_dags/tutorial_objectstorage.py for tasks to queue
[2024-07-13T01:09:02.653+0000] {logging_mixin.py:188} INFO - [2024-07-13T01:09:02.652+0000] {dagbag.py:545} INFO - Filling up the DagBag from /home/airflow/.local/lib/python3.11/site-packages/airflow/example_dags/tutorial_objectstorage.py
[2024-07-13T01:09:02.672+0000] {processor.py:840} INFO - DAG(s) 'tutorial_objectstorage' retrieved from /home/airflow/.local/lib/python3.11/site-packages/airflow/example_dags/tutorial_objectstorage.py
[2024-07-13T01:09:02.720+0000] {logging_mixin.py:188} INFO - [2024-07-13T01:09:02.718+0000] {dag.py:3096} INFO - Sync 1 DAGs
[2024-07-13T01:09:02.753+0000] {logging_mixin.py:188} INFO - [2024-07-13T01:09:02.753+0000] {dag.py:3954} INFO - Setting next_dagrun for tutorial_objectstorage to None, run_after=None
[2024-07-13T01:09:02.789+0000] {processor.py:183} INFO - Processing /home/airflow/.local/lib/python3.11/site-packages/airflow/example_dags/tutorial_objectstorage.py took 0.157 seconds
[2024-07-13T01:11:24.128+0000] {processor.py:161} INFO - Started process (PID=81) to work on /home/airflow/.local/lib/python3.11/site-packages/airflow/example_dags/tutorial_objectstorage.py
[2024-07-13T01:11:24.131+0000] {processor.py:830} INFO - Processing file /home/airflow/.local/lib/python3.11/site-packages/airflow/example_dags/tutorial_objectstorage.py for tasks to queue
[2024-07-13T01:11:24.135+0000] {logging_mixin.py:188} INFO - [2024-07-13T01:11:24.134+0000] {dagbag.py:545} INFO - Filling up the DagBag from /home/airflow/.local/lib/python3.11/site-packages/airflow/example_dags/tutorial_objectstorage.py
[2024-07-13T01:11:24.152+0000] {processor.py:840} INFO - DAG(s) 'tutorial_objectstorage' retrieved from /home/airflow/.local/lib/python3.11/site-packages/airflow/example_dags/tutorial_objectstorage.py
[2024-07-13T01:11:24.318+0000] {logging_mixin.py:188} INFO - [2024-07-13T01:11:24.317+0000] {dag.py:3096} INFO - Sync 1 DAGs
[2024-07-13T01:11:24.334+0000] {logging_mixin.py:188} INFO - [2024-07-13T01:11:24.334+0000] {dag.py:3954} INFO - Setting next_dagrun for tutorial_objectstorage to None, run_after=None
[2024-07-13T01:11:24.363+0000] {processor.py:183} INFO - Processing /home/airflow/.local/lib/python3.11/site-packages/airflow/example_dags/tutorial_objectstorage.py took 0.248 seconds
[2024-07-13T01:11:54.591+0000] {processor.py:161} INFO - Started process (PID=142) to work on /home/airflow/.local/lib/python3.11/site-packages/airflow/example_dags/tutorial_objectstorage.py
[2024-07-13T01:11:54.593+0000] {processor.py:830} INFO - Processing file /home/airflow/.local/lib/python3.11/site-packages/airflow/example_dags/tutorial_objectstorage.py for tasks to queue
[2024-07-13T01:11:54.598+0000] {logging_mixin.py:188} INFO - [2024-07-13T01:11:54.598+0000] {dagbag.py:545} INFO - Filling up the DagBag from /home/airflow/.local/lib/python3.11/site-packages/airflow/example_dags/tutorial_objectstorage.py
[2024-07-13T01:11:54.619+0000] {processor.py:840} INFO - DAG(s) 'tutorial_objectstorage' retrieved from /home/airflow/.local/lib/python3.11/site-packages/airflow/example_dags/tutorial_objectstorage.py
[2024-07-13T01:11:54.665+0000] {logging_mixin.py:188} INFO - [2024-07-13T01:11:54.664+0000] {dag.py:3096} INFO - Sync 1 DAGs
[2024-07-13T01:11:54.692+0000] {logging_mixin.py:188} INFO - [2024-07-13T01:11:54.692+0000] {dag.py:3954} INFO - Setting next_dagrun for tutorial_objectstorage to None, run_after=None
[2024-07-13T01:11:54.728+0000] {processor.py:183} INFO - Processing /home/airflow/.local/lib/python3.11/site-packages/airflow/example_dags/tutorial_objectstorage.py took 0.154 seconds
[2024-07-13T01:12:27.525+0000] {processor.py:161} INFO - Started process (PID=210) to work on /home/airflow/.local/lib/python3.11/site-packages/airflow/example_dags/tutorial_objectstorage.py
[2024-07-13T01:12:27.527+0000] {processor.py:830} INFO - Processing file /home/airflow/.local/lib/python3.11/site-packages/airflow/example_dags/tutorial_objectstorage.py for tasks to queue
[2024-07-13T01:12:27.532+0000] {logging_mixin.py:188} INFO - [2024-07-13T01:12:27.531+0000] {dagbag.py:545} INFO - Filling up the DagBag from /home/airflow/.local/lib/python3.11/site-packages/airflow/example_dags/tutorial_objectstorage.py
[2024-07-13T01:12:27.550+0000] {processor.py:840} INFO - DAG(s) 'tutorial_objectstorage' retrieved from /home/airflow/.local/lib/python3.11/site-packages/airflow/example_dags/tutorial_objectstorage.py
[2024-07-13T01:12:27.595+0000] {logging_mixin.py:188} INFO - [2024-07-13T01:12:27.594+0000] {dag.py:3096} INFO - Sync 1 DAGs
[2024-07-13T01:12:27.621+0000] {logging_mixin.py:188} INFO - [2024-07-13T01:12:27.620+0000] {dag.py:3954} INFO - Setting next_dagrun for tutorial_objectstorage to None, run_after=None
[2024-07-13T01:12:27.658+0000] {processor.py:183} INFO - Processing /home/airflow/.local/lib/python3.11/site-packages/airflow/example_dags/tutorial_objectstorage.py took 0.147 seconds
[2024-07-13T01:12:59.425+0000] {processor.py:161} INFO - Started process (PID=272) to work on /home/airflow/.local/lib/python3.11/site-packages/airflow/example_dags/tutorial_objectstorage.py
[2024-07-13T01:12:59.427+0000] {processor.py:830} INFO - Processing file /home/airflow/.local/lib/python3.11/site-packages/airflow/example_dags/tutorial_objectstorage.py for tasks to queue
[2024-07-13T01:12:59.431+0000] {logging_mixin.py:188} INFO - [2024-07-13T01:12:59.430+0000] {dagbag.py:545} INFO - Filling up the DagBag from /home/airflow/.local/lib/python3.11/site-packages/airflow/example_dags/tutorial_objectstorage.py
[2024-07-13T01:12:59.444+0000] {processor.py:840} INFO - DAG(s) 'tutorial_objectstorage' retrieved from /home/airflow/.local/lib/python3.11/site-packages/airflow/example_dags/tutorial_objectstorage.py
[2024-07-13T01:12:59.480+0000] {logging_mixin.py:188} INFO - [2024-07-13T01:12:59.479+0000] {dag.py:3096} INFO - Sync 1 DAGs
[2024-07-13T01:12:59.503+0000] {logging_mixin.py:188} INFO - [2024-07-13T01:12:59.502+0000] {dag.py:3954} INFO - Setting next_dagrun for tutorial_objectstorage to None, run_after=None
[2024-07-13T01:12:59.536+0000] {processor.py:183} INFO - Processing /home/airflow/.local/lib/python3.11/site-packages/airflow/example_dags/tutorial_objectstorage.py took 0.123 seconds
[2024-07-13T01:13:34.871+0000] {processor.py:161} INFO - Started process (PID=335) to work on /home/airflow/.local/lib/python3.11/site-packages/airflow/example_dags/tutorial_objectstorage.py
[2024-07-13T01:13:34.874+0000] {processor.py:830} INFO - Processing file /home/airflow/.local/lib/python3.11/site-packages/airflow/example_dags/tutorial_objectstorage.py for tasks to queue
[2024-07-13T01:13:34.878+0000] {logging_mixin.py:188} INFO - [2024-07-13T01:13:34.877+0000] {dagbag.py:545} INFO - Filling up the DagBag from /home/airflow/.local/lib/python3.11/site-packages/airflow/example_dags/tutorial_objectstorage.py
[2024-07-13T01:13:34.898+0000] {processor.py:840} INFO - DAG(s) 'tutorial_objectstorage' retrieved from /home/airflow/.local/lib/python3.11/site-packages/airflow/example_dags/tutorial_objectstorage.py
[2024-07-13T01:13:34.945+0000] {logging_mixin.py:188} INFO - [2024-07-13T01:13:34.944+0000] {dag.py:3096} INFO - Sync 1 DAGs
[2024-07-13T01:13:34.973+0000] {logging_mixin.py:188} INFO - [2024-07-13T01:13:34.973+0000] {dag.py:3954} INFO - Setting next_dagrun for tutorial_objectstorage to None, run_after=None
[2024-07-13T01:13:35.011+0000] {processor.py:183} INFO - Processing /home/airflow/.local/lib/python3.11/site-packages/airflow/example_dags/tutorial_objectstorage.py took 0.154 seconds
[2024-07-13T01:14:06.783+0000] {processor.py:161} INFO - Started process (PID=397) to work on /home/airflow/.local/lib/python3.11/site-packages/airflow/example_dags/tutorial_objectstorage.py
[2024-07-13T01:14:06.785+0000] {processor.py:830} INFO - Processing file /home/airflow/.local/lib/python3.11/site-packages/airflow/example_dags/tutorial_objectstorage.py for tasks to queue
[2024-07-13T01:14:06.789+0000] {logging_mixin.py:188} INFO - [2024-07-13T01:14:06.789+0000] {dagbag.py:545} INFO - Filling up the DagBag from /home/airflow/.local/lib/python3.11/site-packages/airflow/example_dags/tutorial_objectstorage.py
[2024-07-13T01:14:06.807+0000] {processor.py:840} INFO - DAG(s) 'tutorial_objectstorage' retrieved from /home/airflow/.local/lib/python3.11/site-packages/airflow/example_dags/tutorial_objectstorage.py
[2024-07-13T01:14:06.851+0000] {logging_mixin.py:188} INFO - [2024-07-13T01:14:06.850+0000] {dag.py:3096} INFO - Sync 1 DAGs
[2024-07-13T01:14:06.882+0000] {logging_mixin.py:188} INFO - [2024-07-13T01:14:06.881+0000] {dag.py:3954} INFO - Setting next_dagrun for tutorial_objectstorage to None, run_after=None
[2024-07-13T01:14:06.913+0000] {processor.py:183} INFO - Processing /home/airflow/.local/lib/python3.11/site-packages/airflow/example_dags/tutorial_objectstorage.py took 0.144 seconds
[2024-07-13T01:14:41.085+0000] {processor.py:161} INFO - Started process (PID=459) to work on /home/airflow/.local/lib/python3.11/site-packages/airflow/example_dags/tutorial_objectstorage.py
[2024-07-13T01:14:41.087+0000] {processor.py:830} INFO - Processing file /home/airflow/.local/lib/python3.11/site-packages/airflow/example_dags/tutorial_objectstorage.py for tasks to queue
[2024-07-13T01:14:41.091+0000] {logging_mixin.py:188} INFO - [2024-07-13T01:14:41.090+0000] {dagbag.py:545} INFO - Filling up the DagBag from /home/airflow/.local/lib/python3.11/site-packages/airflow/example_dags/tutorial_objectstorage.py
[2024-07-13T01:14:41.108+0000] {processor.py:840} INFO - DAG(s) 'tutorial_objectstorage' retrieved from /home/airflow/.local/lib/python3.11/site-packages/airflow/example_dags/tutorial_objectstorage.py
[2024-07-13T01:14:41.147+0000] {logging_mixin.py:188} INFO - [2024-07-13T01:14:41.146+0000] {dag.py:3096} INFO - Sync 1 DAGs
[2024-07-13T01:14:41.174+0000] {logging_mixin.py:188} INFO - [2024-07-13T01:14:41.173+0000] {dag.py:3954} INFO - Setting next_dagrun for tutorial_objectstorage to None, run_after=None
[2024-07-13T01:14:41.207+0000] {processor.py:183} INFO - Processing /home/airflow/.local/lib/python3.11/site-packages/airflow/example_dags/tutorial_objectstorage.py took 0.137 seconds
[2024-07-13T01:15:14.817+0000] {processor.py:161} INFO - Started process (PID=521) to work on /home/airflow/.local/lib/python3.11/site-packages/airflow/example_dags/tutorial_objectstorage.py
[2024-07-13T01:15:14.820+0000] {processor.py:830} INFO - Processing file /home/airflow/.local/lib/python3.11/site-packages/airflow/example_dags/tutorial_objectstorage.py for tasks to queue
[2024-07-13T01:15:14.824+0000] {logging_mixin.py:188} INFO - [2024-07-13T01:15:14.823+0000] {dagbag.py:545} INFO - Filling up the DagBag from /home/airflow/.local/lib/python3.11/site-packages/airflow/example_dags/tutorial_objectstorage.py
[2024-07-13T01:15:14.842+0000] {processor.py:840} INFO - DAG(s) 'tutorial_objectstorage' retrieved from /home/airflow/.local/lib/python3.11/site-packages/airflow/example_dags/tutorial_objectstorage.py
[2024-07-13T01:15:14.887+0000] {logging_mixin.py:188} INFO - [2024-07-13T01:15:14.886+0000] {dag.py:3096} INFO - Sync 1 DAGs
[2024-07-13T01:15:14.916+0000] {logging_mixin.py:188} INFO - [2024-07-13T01:15:14.916+0000] {dag.py:3954} INFO - Setting next_dagrun for tutorial_objectstorage to None, run_after=None
[2024-07-13T01:15:14.953+0000] {processor.py:183} INFO - Processing /home/airflow/.local/lib/python3.11/site-packages/airflow/example_dags/tutorial_objectstorage.py took 0.151 seconds
[2024-07-13T01:15:49.598+0000] {processor.py:161} INFO - Started process (PID=584) to work on /home/airflow/.local/lib/python3.11/site-packages/airflow/example_dags/tutorial_objectstorage.py
[2024-07-13T01:15:49.601+0000] {processor.py:830} INFO - Processing file /home/airflow/.local/lib/python3.11/site-packages/airflow/example_dags/tutorial_objectstorage.py for tasks to queue
[2024-07-13T01:15:49.606+0000] {logging_mixin.py:188} INFO - [2024-07-13T01:15:49.605+0000] {dagbag.py:545} INFO - Filling up the DagBag from /home/airflow/.local/lib/python3.11/site-packages/airflow/example_dags/tutorial_objectstorage.py
[2024-07-13T01:15:49.625+0000] {processor.py:840} INFO - DAG(s) 'tutorial_objectstorage' retrieved from /home/airflow/.local/lib/python3.11/site-packages/airflow/example_dags/tutorial_objectstorage.py
[2024-07-13T01:15:49.675+0000] {logging_mixin.py:188} INFO - [2024-07-13T01:15:49.673+0000] {dag.py:3096} INFO - Sync 1 DAGs
[2024-07-13T01:15:49.703+0000] {logging_mixin.py:188} INFO - [2024-07-13T01:15:49.703+0000] {dag.py:3954} INFO - Setting next_dagrun for tutorial_objectstorage to None, run_after=None
[2024-07-13T01:15:49.744+0000] {processor.py:183} INFO - Processing /home/airflow/.local/lib/python3.11/site-packages/airflow/example_dags/tutorial_objectstorage.py took 0.164 seconds
[2024-07-13T01:16:23.436+0000] {processor.py:161} INFO - Started process (PID=647) to work on /home/airflow/.local/lib/python3.11/site-packages/airflow/example_dags/tutorial_objectstorage.py
[2024-07-13T01:16:23.437+0000] {processor.py:830} INFO - Processing file /home/airflow/.local/lib/python3.11/site-packages/airflow/example_dags/tutorial_objectstorage.py for tasks to queue
[2024-07-13T01:16:23.442+0000] {logging_mixin.py:188} INFO - [2024-07-13T01:16:23.441+0000] {dagbag.py:545} INFO - Filling up the DagBag from /home/airflow/.local/lib/python3.11/site-packages/airflow/example_dags/tutorial_objectstorage.py
[2024-07-13T01:16:23.462+0000] {processor.py:840} INFO - DAG(s) 'tutorial_objectstorage' retrieved from /home/airflow/.local/lib/python3.11/site-packages/airflow/example_dags/tutorial_objectstorage.py
[2024-07-13T01:16:23.505+0000] {logging_mixin.py:188} INFO - [2024-07-13T01:16:23.505+0000] {dag.py:3096} INFO - Sync 1 DAGs
[2024-07-13T01:16:23.526+0000] {logging_mixin.py:188} INFO - [2024-07-13T01:16:23.525+0000] {dag.py:3954} INFO - Setting next_dagrun for tutorial_objectstorage to None, run_after=None
[2024-07-13T01:16:23.557+0000] {processor.py:183} INFO - Processing /home/airflow/.local/lib/python3.11/site-packages/airflow/example_dags/tutorial_objectstorage.py took 0.138 seconds
